INFO:root:Using: cpu
INFO:root:Using seed 1234.
INFO:root:LPModel(
  (encoder): HypGCN(
    (layers): Sequential(
      (0): HyperbolicGraphConvolution(
        (linear): HypLinear(in_features=12, out_features=16, c=tensor([1.]))
        (agg): HypAgg(c=tensor([1.]), use_att=0)
        (hyp_act): HypAct(c_in=tensor([1.]), c_out=tensor([1.]))
      )
      (1): HyperbolicGraphConvolution(
        (linear): HypLinear(in_features=16, out_features=16, c=tensor([1.]))
        (agg): HypAgg(c=tensor([1.]), use_att=0)
        (hyp_act): HypAct(c_in=tensor([1.]), c_out=tensor([1.]))
      )
    )
  )
  (dc): FermiDiracDecoder()
)
INFO:root:Total number of parameters: 480
INFO:root:Epoch: 0005 lr: 0.01 train_loss: 1.8179 train_roc: 0.9194 train_ap: 0.9078 time: 0.3513s
INFO:root:Epoch: 0005 val_loss: 2.1646 val_roc: 0.8913 val_ap: 0.9039
INFO:root:Epoch: 0010 lr: 0.01 train_loss: 1.9437 train_roc: 0.9394 train_ap: 0.9340 time: 0.3389s
INFO:root:Epoch: 0010 val_loss: 2.1259 val_roc: 0.8895 val_ap: 0.9013
INFO:root:Epoch: 0015 lr: 0.01 train_loss: 1.7670 train_roc: 0.9300 train_ap: 0.9183 time: 0.3433s
INFO:root:Epoch: 0015 val_loss: 2.0851 val_roc: 0.8867 val_ap: 0.8975
INFO:root:Epoch: 0020 lr: 0.01 train_loss: 1.6203 train_roc: 0.9324 train_ap: 0.9286 time: 0.3431s
INFO:root:Epoch: 0020 val_loss: 2.0319 val_roc: 0.8832 val_ap: 0.8904
INFO:root:Epoch: 0025 lr: 0.01 train_loss: 1.7241 train_roc: 0.9226 train_ap: 0.9233 time: 0.3453s
INFO:root:Epoch: 0025 val_loss: 1.9811 val_roc: 0.8822 val_ap: 0.8887
INFO:root:Epoch: 0030 lr: 0.01 train_loss: 1.4992 train_roc: 0.9356 train_ap: 0.9364 time: 0.3407s
INFO:root:Epoch: 0030 val_loss: 1.9279 val_roc: 0.8805 val_ap: 0.8874
INFO:root:Epoch: 0035 lr: 0.01 train_loss: 1.6447 train_roc: 0.9384 train_ap: 0.9274 time: 0.3458s
INFO:root:Epoch: 0035 val_loss: 1.8850 val_roc: 0.8817 val_ap: 0.8895
INFO:root:Epoch: 0040 lr: 0.01 train_loss: 1.6973 train_roc: 0.9514 train_ap: 0.9446 time: 0.3442s
INFO:root:Epoch: 0040 val_loss: 1.8406 val_roc: 0.8811 val_ap: 0.8887
INFO:root:Epoch: 0045 lr: 0.01 train_loss: 1.7334 train_roc: 0.9173 train_ap: 0.9078 time: 0.3449s
INFO:root:Epoch: 0045 val_loss: 1.7776 val_roc: 0.8802 val_ap: 0.8880
INFO:root:Epoch: 0050 lr: 0.01 train_loss: 1.8182 train_roc: 0.9049 train_ap: 0.8873 time: 0.3451s
INFO:root:Epoch: 0050 val_loss: 1.7132 val_roc: 0.8820 val_ap: 0.8903
INFO:root:Epoch: 0055 lr: 0.01 train_loss: 1.1846 train_roc: 0.9494 train_ap: 0.9401 time: 0.3455s
INFO:root:Epoch: 0055 val_loss: 1.6590 val_roc: 0.8843 val_ap: 0.8916
INFO:root:Epoch: 0060 lr: 0.01 train_loss: 1.1975 train_roc: 0.9472 train_ap: 0.9369 time: 0.3546s
INFO:root:Epoch: 0060 val_loss: 1.6101 val_roc: 0.8878 val_ap: 0.8950
INFO:root:Epoch: 0065 lr: 0.01 train_loss: 1.2317 train_roc: 0.9251 train_ap: 0.9164 time: 0.3448s
INFO:root:Epoch: 0065 val_loss: 1.5628 val_roc: 0.8897 val_ap: 0.8966
INFO:root:Epoch: 0070 lr: 0.01 train_loss: 1.6512 train_roc: 0.9280 train_ap: 0.9185 time: 0.3820s
INFO:root:Epoch: 0070 val_loss: 1.5192 val_roc: 0.8896 val_ap: 0.8964
INFO:root:Epoch: 0075 lr: 0.01 train_loss: 0.9099 train_roc: 0.9595 train_ap: 0.9477 time: 0.3480s
INFO:root:Epoch: 0075 val_loss: 1.4931 val_roc: 0.8898 val_ap: 0.8966
INFO:root:Epoch: 0080 lr: 0.01 train_loss: 1.1132 train_roc: 0.9460 train_ap: 0.9357 time: 0.3453s
INFO:root:Epoch: 0080 val_loss: 1.4749 val_roc: 0.8895 val_ap: 0.8963
INFO:root:Epoch: 0085 lr: 0.01 train_loss: 1.2567 train_roc: 0.8929 train_ap: 0.8905 time: 0.3462s
INFO:root:Epoch: 0085 val_loss: 1.4609 val_roc: 0.8888 val_ap: 0.8954
INFO:root:Epoch: 0090 lr: 0.01 train_loss: 1.1608 train_roc: 0.9388 train_ap: 0.9286 time: 0.3459s
INFO:root:Epoch: 0090 val_loss: 1.4548 val_roc: 0.8881 val_ap: 0.8943
INFO:root:Epoch: 0095 lr: 0.01 train_loss: 0.8305 train_roc: 0.9421 train_ap: 0.9375 time: 0.3460s
INFO:root:Epoch: 0095 val_loss: 1.4446 val_roc: 0.8880 val_ap: 0.8939
INFO:root:Epoch: 0100 lr: 0.01 train_loss: 1.4052 train_roc: 0.9370 train_ap: 0.9313 time: 0.3470s
INFO:root:Epoch: 0100 val_loss: 1.4304 val_roc: 0.8885 val_ap: 0.8942
INFO:root:Epoch: 0105 lr: 0.01 train_loss: 0.9705 train_roc: 0.9436 train_ap: 0.9312 time: 0.3408s
INFO:root:Epoch: 0105 val_loss: 1.4182 val_roc: 0.8905 val_ap: 0.8960
INFO:root:Early stopping
INFO:root:Optimization Finished!
INFO:root:Total time elapsed: 54.7026s
INFO:root:Val set results: val_loss: 2.1492 val_roc: 0.8916 val_ap: 0.9043
INFO:root:Test set results: test_loss: 2.1486 test_roc: 0.8777 test_ap: 0.8962
