INFO:root:Using: cpu
INFO:root:Using seed 1234.
INFO:root:LPModel(
  (encoder): HypGCN(
    (layers): Sequential(
      (0): HyperbolicGraphConvolution(
        (linear): HypLinear(in_features=12, out_features=16, c=tensor([1.]))
        (agg): HypAgg(c=tensor([1.]), use_att=0)
        (hyp_act): HypAct(c_in=tensor([1.]), c_out=tensor([1.]))
      )
      (1): HyperbolicGraphConvolution(
        (linear): HypLinear(in_features=16, out_features=16, c=tensor([1.]))
        (agg): HypAgg(c=tensor([1.]), use_att=0)
        (hyp_act): HypAct(c_in=tensor([1.]), c_out=tensor([1.]))
      )
    )
  )
  (dc): FermiDiracDecoder()
)
INFO:root:Total number of parameters: 480
INFO:root:Epoch: 0005 lr: 0.01 train_loss: 2.1151 train_roc: 0.9598 train_ap: 0.9491 time: 0.1629s
INFO:root:Epoch: 0005 val_loss: 1.9326 val_roc: 0.8953 val_ap: 0.8919
INFO:root:Epoch: 0010 lr: 0.01 train_loss: 2.0220 train_roc: 0.9530 train_ap: 0.9424 time: 0.1744s
INFO:root:Epoch: 0010 val_loss: 1.8659 val_roc: 0.8949 val_ap: 0.8914
INFO:root:Epoch: 0015 lr: 0.01 train_loss: 1.5576 train_roc: 0.9206 train_ap: 0.9107 time: 0.1645s
INFO:root:Epoch: 0015 val_loss: 1.7487 val_roc: 0.8947 val_ap: 0.8908
INFO:root:Epoch: 0020 lr: 0.01 train_loss: 1.9311 train_roc: 0.9540 train_ap: 0.9460 time: 0.1747s
INFO:root:Epoch: 0020 val_loss: 1.6319 val_roc: 0.8957 val_ap: 0.8935
INFO:root:Epoch: 0025 lr: 0.01 train_loss: 1.5723 train_roc: 0.9513 train_ap: 0.9454 time: 0.1667s
INFO:root:Epoch: 0025 val_loss: 1.6169 val_roc: 0.8969 val_ap: 0.8964
INFO:root:Epoch: 0030 lr: 0.01 train_loss: 1.8861 train_roc: 0.9276 train_ap: 0.9253 time: 0.1640s
INFO:root:Epoch: 0030 val_loss: 1.6490 val_roc: 0.8985 val_ap: 0.9002
INFO:root:Epoch: 0035 lr: 0.01 train_loss: 1.5878 train_roc: 0.9495 train_ap: 0.9418 time: 0.1724s
INFO:root:Epoch: 0035 val_loss: 1.6835 val_roc: 0.8997 val_ap: 0.9028
INFO:root:Epoch: 0040 lr: 0.01 train_loss: 1.5958 train_roc: 0.9354 train_ap: 0.9342 time: 0.1642s
INFO:root:Epoch: 0040 val_loss: 1.6937 val_roc: 0.8996 val_ap: 0.9005
INFO:root:Epoch: 0045 lr: 0.01 train_loss: 1.9105 train_roc: 0.9507 train_ap: 0.9406 time: 0.1645s
INFO:root:Epoch: 0045 val_loss: 1.6926 val_roc: 0.8980 val_ap: 0.9001
INFO:root:Epoch: 0050 lr: 0.01 train_loss: 1.3304 train_roc: 0.9248 train_ap: 0.9157 time: 0.1831s
INFO:root:Epoch: 0050 val_loss: 1.6749 val_roc: 0.8969 val_ap: 0.8992
INFO:root:Epoch: 0055 lr: 0.01 train_loss: 1.4156 train_roc: 0.9503 train_ap: 0.9406 time: 0.1643s
INFO:root:Epoch: 0055 val_loss: 1.6245 val_roc: 0.8956 val_ap: 0.8963
INFO:root:Epoch: 0060 lr: 0.01 train_loss: 1.4522 train_roc: 0.9350 train_ap: 0.9294 time: 0.1654s
INFO:root:Epoch: 0060 val_loss: 1.5435 val_roc: 0.8964 val_ap: 0.8970
INFO:root:Epoch: 0065 lr: 0.01 train_loss: 1.2168 train_roc: 0.9098 train_ap: 0.8940 time: 0.1648s
INFO:root:Epoch: 0065 val_loss: 1.4990 val_roc: 0.8964 val_ap: 0.8948
INFO:root:Epoch: 0070 lr: 0.01 train_loss: 1.2179 train_roc: 0.9465 train_ap: 0.9422 time: 0.1665s
INFO:root:Epoch: 0070 val_loss: 1.4751 val_roc: 0.8983 val_ap: 0.8944
INFO:root:Epoch: 0075 lr: 0.01 train_loss: 1.6008 train_roc: 0.9507 train_ap: 0.9405 time: 0.1649s
INFO:root:Epoch: 0075 val_loss: 1.4486 val_roc: 0.9029 val_ap: 0.8988
INFO:root:Epoch: 0080 lr: 0.01 train_loss: 1.1123 train_roc: 0.9391 train_ap: 0.9278 time: 0.1771s
INFO:root:Epoch: 0080 val_loss: 1.4318 val_roc: 0.9049 val_ap: 0.8992
INFO:root:Epoch: 0085 lr: 0.01 train_loss: 1.3223 train_roc: 0.9295 train_ap: 0.9210 time: 0.1741s
INFO:root:Epoch: 0085 val_loss: 1.4123 val_roc: 0.9052 val_ap: 0.8998
INFO:root:Epoch: 0090 lr: 0.01 train_loss: 1.1747 train_roc: 0.9338 train_ap: 0.9323 time: 0.1649s
INFO:root:Epoch: 0090 val_loss: 1.3942 val_roc: 0.9048 val_ap: 0.9010
INFO:root:Epoch: 0095 lr: 0.01 train_loss: 1.1911 train_roc: 0.9350 train_ap: 0.9292 time: 0.1643s
INFO:root:Epoch: 0095 val_loss: 1.3844 val_roc: 0.9043 val_ap: 0.8996
INFO:root:Epoch: 0100 lr: 0.01 train_loss: 1.0159 train_roc: 0.9495 train_ap: 0.9431 time: 0.1641s
INFO:root:Epoch: 0100 val_loss: 1.3923 val_roc: 0.9004 val_ap: 0.8957
INFO:root:Epoch: 0105 lr: 0.01 train_loss: 0.9953 train_roc: 0.9319 train_ap: 0.9194 time: 0.1658s
INFO:root:Epoch: 0105 val_loss: 1.3714 val_roc: 0.9006 val_ap: 0.8943
INFO:root:Epoch: 0110 lr: 0.01 train_loss: 1.0299 train_roc: 0.9434 train_ap: 0.9326 time: 0.1624s
INFO:root:Epoch: 0110 val_loss: 1.3332 val_roc: 0.9019 val_ap: 0.8942
INFO:root:Epoch: 0115 lr: 0.01 train_loss: 1.1485 train_roc: 0.9145 train_ap: 0.9082 time: 0.1640s
INFO:root:Epoch: 0115 val_loss: 1.3108 val_roc: 0.9012 val_ap: 0.8927
INFO:root:Epoch: 0120 lr: 0.01 train_loss: 1.2308 train_roc: 0.9337 train_ap: 0.9227 time: 0.1649s
INFO:root:Epoch: 0120 val_loss: 1.2721 val_roc: 0.9006 val_ap: 0.8900
INFO:root:Epoch: 0125 lr: 0.01 train_loss: 1.3003 train_roc: 0.9371 train_ap: 0.9306 time: 0.1738s
INFO:root:Epoch: 0125 val_loss: 1.2554 val_roc: 0.9021 val_ap: 0.8918
INFO:root:Epoch: 0130 lr: 0.01 train_loss: 0.9988 train_roc: 0.9182 train_ap: 0.9084 time: 0.1648s
INFO:root:Epoch: 0130 val_loss: 1.2630 val_roc: 0.9035 val_ap: 0.8932
INFO:root:Epoch: 0135 lr: 0.01 train_loss: 1.1180 train_roc: 0.9479 train_ap: 0.9366 time: 0.1648s
INFO:root:Epoch: 0135 val_loss: 1.2515 val_roc: 0.9064 val_ap: 0.8945
INFO:root:Epoch: 0140 lr: 0.01 train_loss: 1.0667 train_roc: 0.9430 train_ap: 0.9377 time: 0.1694s
INFO:root:Epoch: 0140 val_loss: 1.2316 val_roc: 0.9109 val_ap: 0.8978
INFO:root:Epoch: 0145 lr: 0.01 train_loss: 1.0924 train_roc: 0.9347 train_ap: 0.9227 time: 0.1636s
INFO:root:Epoch: 0145 val_loss: 1.2131 val_roc: 0.9127 val_ap: 0.8994
INFO:root:Epoch: 0150 lr: 0.01 train_loss: 1.0917 train_roc: 0.9160 train_ap: 0.9060 time: 0.1641s
INFO:root:Epoch: 0150 val_loss: 1.2011 val_roc: 0.9130 val_ap: 0.8980
INFO:root:Epoch: 0155 lr: 0.01 train_loss: 1.2279 train_roc: 0.9003 train_ap: 0.8795 time: 0.1652s
INFO:root:Epoch: 0155 val_loss: 1.1877 val_roc: 0.9128 val_ap: 0.8981
INFO:root:Epoch: 0160 lr: 0.01 train_loss: 1.1264 train_roc: 0.9347 train_ap: 0.9295 time: 0.1633s
INFO:root:Epoch: 0160 val_loss: 1.1747 val_roc: 0.9097 val_ap: 0.8950
INFO:root:Epoch: 0165 lr: 0.01 train_loss: 1.0751 train_roc: 0.9347 train_ap: 0.9262 time: 0.1640s
INFO:root:Epoch: 0165 val_loss: 1.1803 val_roc: 0.9049 val_ap: 0.8907
INFO:root:Epoch: 0170 lr: 0.01 train_loss: 1.1083 train_roc: 0.9342 train_ap: 0.9211 time: 0.1659s
INFO:root:Epoch: 0170 val_loss: 1.1854 val_roc: 0.9015 val_ap: 0.8881
INFO:root:Epoch: 0175 lr: 0.01 train_loss: 1.0399 train_roc: 0.9285 train_ap: 0.9192 time: 0.1658s
INFO:root:Epoch: 0175 val_loss: 1.1875 val_roc: 0.9010 val_ap: 0.8881
INFO:root:Epoch: 0180 lr: 0.01 train_loss: 1.1080 train_roc: 0.9276 train_ap: 0.9201 time: 0.1646s
INFO:root:Epoch: 0180 val_loss: 1.2058 val_roc: 0.8993 val_ap: 0.8872
INFO:root:Epoch: 0185 lr: 0.01 train_loss: 0.9980 train_roc: 0.9441 train_ap: 0.9315 time: 0.1763s
INFO:root:Epoch: 0185 val_loss: 1.2097 val_roc: 0.8995 val_ap: 0.8885
INFO:root:Epoch: 0190 lr: 0.01 train_loss: 1.1794 train_roc: 0.9238 train_ap: 0.9101 time: 0.1716s
INFO:root:Epoch: 0190 val_loss: 1.1980 val_roc: 0.9010 val_ap: 0.8896
INFO:root:Epoch: 0195 lr: 0.01 train_loss: 1.1715 train_roc: 0.9425 train_ap: 0.9369 time: 0.1674s
INFO:root:Epoch: 0195 val_loss: 1.2014 val_roc: 0.9007 val_ap: 0.8889
INFO:root:Epoch: 0200 lr: 0.01 train_loss: 1.0414 train_roc: 0.9256 train_ap: 0.9136 time: 0.1650s
INFO:root:Epoch: 0200 val_loss: 1.2012 val_roc: 0.9026 val_ap: 0.8911
INFO:root:Epoch: 0205 lr: 0.01 train_loss: 1.3677 train_roc: 0.9341 train_ap: 0.9266 time: 0.1653s
INFO:root:Epoch: 0205 val_loss: 1.2061 val_roc: 0.9044 val_ap: 0.8933
INFO:root:Epoch: 0210 lr: 0.01 train_loss: 1.0255 train_roc: 0.9424 train_ap: 0.9359 time: 0.1642s
INFO:root:Epoch: 0210 val_loss: 1.2062 val_roc: 0.9067 val_ap: 0.8962
INFO:root:Epoch: 0215 lr: 0.01 train_loss: 0.9846 train_roc: 0.9484 train_ap: 0.9410 time: 0.1640s
INFO:root:Epoch: 0215 val_loss: 1.1972 val_roc: 0.9083 val_ap: 0.8978
INFO:root:Epoch: 0220 lr: 0.01 train_loss: 1.0774 train_roc: 0.9417 train_ap: 0.9335 time: 0.1751s
INFO:root:Epoch: 0220 val_loss: 1.1787 val_roc: 0.9083 val_ap: 0.8965
INFO:root:Epoch: 0225 lr: 0.01 train_loss: 1.2232 train_roc: 0.9455 train_ap: 0.9374 time: 0.1768s
INFO:root:Epoch: 0225 val_loss: 1.1596 val_roc: 0.9069 val_ap: 0.8933
INFO:root:Epoch: 0230 lr: 0.01 train_loss: 1.0666 train_roc: 0.9344 train_ap: 0.9276 time: 0.1633s
INFO:root:Epoch: 0230 val_loss: 1.1592 val_roc: 0.9074 val_ap: 0.8936
INFO:root:Epoch: 0235 lr: 0.01 train_loss: 1.0101 train_roc: 0.9355 train_ap: 0.9249 time: 0.1672s
INFO:root:Epoch: 0235 val_loss: 1.1564 val_roc: 0.9090 val_ap: 0.8953
INFO:root:Epoch: 0240 lr: 0.01 train_loss: 1.1204 train_roc: 0.9297 train_ap: 0.9231 time: 0.1636s
INFO:root:Epoch: 0240 val_loss: 1.1460 val_roc: 0.9104 val_ap: 0.8960
INFO:root:Epoch: 0245 lr: 0.01 train_loss: 0.9292 train_roc: 0.9292 train_ap: 0.9175 time: 0.1660s
INFO:root:Epoch: 0245 val_loss: 1.1460 val_roc: 0.9116 val_ap: 0.8967
INFO:root:Early stopping
INFO:root:Optimization Finished!
INFO:root:Total time elapsed: 53.5629s
INFO:root:Val set results: val_loss: 1.2131 val_roc: 0.9127 val_ap: 0.8994
INFO:root:Test set results: test_loss: 1.2062 test_roc: 0.9049 test_ap: 0.8962
