INFO:root:Using: cpu
INFO:root:Using seed 1234.
INFO:root:LPModel(
  (encoder): HypGCN(
    (layers): Sequential(
      (0): HyperbolicGraphConvolution(
        (linear): HypLinear(in_features=12, out_features=16, c=tensor([1.]))
        (agg): HypAgg(c=tensor([1.]), use_att=0)
        (hyp_act): HypAct(c_in=tensor([1.]), c_out=tensor([1.]))
      )
      (1): HyperbolicGraphConvolution(
        (linear): HypLinear(in_features=16, out_features=16, c=tensor([1.]))
        (agg): HypAgg(c=tensor([1.]), use_att=0)
        (hyp_act): HypAct(c_in=tensor([1.]), c_out=tensor([1.]))
      )
    )
  )
  (dc): FermiDiracDecoder()
)
INFO:root:Total number of parameters: 480
INFO:root:Epoch: 0005 lr: 0.01 train_loss: 2.0242 train_roc: 0.9448 train_ap: 0.9352 time: 0.3314s
INFO:root:Epoch: 0005 val_loss: 2.1548 val_roc: 0.8559 val_ap: 0.8578
INFO:root:Epoch: 0010 lr: 0.01 train_loss: 1.7018 train_roc: 0.9122 train_ap: 0.9012 time: 0.3333s
INFO:root:Epoch: 0010 val_loss: 2.1241 val_roc: 0.8623 val_ap: 0.8630
INFO:root:Epoch: 0015 lr: 0.01 train_loss: 1.6916 train_roc: 0.9071 train_ap: 0.8949 time: 0.3347s
INFO:root:Epoch: 0015 val_loss: 2.0883 val_roc: 0.8677 val_ap: 0.8694
INFO:root:Epoch: 0020 lr: 0.01 train_loss: 1.9300 train_roc: 0.9144 train_ap: 0.9090 time: 0.3297s
INFO:root:Epoch: 0020 val_loss: 2.0469 val_roc: 0.8730 val_ap: 0.8760
INFO:root:Epoch: 0025 lr: 0.01 train_loss: 1.6478 train_roc: 0.9212 train_ap: 0.9177 time: 0.3381s
INFO:root:Epoch: 0025 val_loss: 2.0066 val_roc: 0.8783 val_ap: 0.8818
INFO:root:Epoch: 0030 lr: 0.01 train_loss: 1.7119 train_roc: 0.9284 train_ap: 0.9223 time: 0.3336s
INFO:root:Epoch: 0030 val_loss: 1.9633 val_roc: 0.8817 val_ap: 0.8852
INFO:root:Epoch: 0035 lr: 0.01 train_loss: 2.0596 train_roc: 0.9534 train_ap: 0.9399 time: 0.3326s
INFO:root:Epoch: 0035 val_loss: 1.9219 val_roc: 0.8856 val_ap: 0.8887
INFO:root:Epoch: 0040 lr: 0.01 train_loss: 1.5235 train_roc: 0.9338 train_ap: 0.9260 time: 0.3303s
INFO:root:Epoch: 0040 val_loss: 1.8762 val_roc: 0.8894 val_ap: 0.8921
INFO:root:Epoch: 0045 lr: 0.01 train_loss: 1.6543 train_roc: 0.9345 train_ap: 0.9247 time: 0.3364s
INFO:root:Epoch: 0045 val_loss: 1.8307 val_roc: 0.8923 val_ap: 0.8945
INFO:root:Epoch: 0050 lr: 0.01 train_loss: 1.5675 train_roc: 0.9382 train_ap: 0.9241 time: 0.3296s
INFO:root:Epoch: 0050 val_loss: 1.7882 val_roc: 0.8939 val_ap: 0.8956
INFO:root:Epoch: 0055 lr: 0.01 train_loss: 1.3829 train_roc: 0.9374 train_ap: 0.9262 time: 0.3321s
INFO:root:Epoch: 0055 val_loss: 1.7433 val_roc: 0.8957 val_ap: 0.8965
INFO:root:Epoch: 0060 lr: 0.01 train_loss: 1.3396 train_roc: 0.9378 train_ap: 0.9276 time: 0.3346s
INFO:root:Epoch: 0060 val_loss: 1.7004 val_roc: 0.8970 val_ap: 0.8970
INFO:root:Epoch: 0065 lr: 0.01 train_loss: 1.2972 train_roc: 0.9039 train_ap: 0.8911 time: 0.3386s
INFO:root:Epoch: 0065 val_loss: 1.6555 val_roc: 0.8992 val_ap: 0.8979
INFO:root:Epoch: 0070 lr: 0.01 train_loss: 1.4869 train_roc: 0.9385 train_ap: 0.9284 time: 0.3357s
INFO:root:Epoch: 0070 val_loss: 1.6117 val_roc: 0.9013 val_ap: 0.8991
INFO:root:Epoch: 0075 lr: 0.01 train_loss: 1.2729 train_roc: 0.9209 train_ap: 0.9098 time: 0.3327s
INFO:root:Epoch: 0075 val_loss: 1.5662 val_roc: 0.9041 val_ap: 0.9014
INFO:root:Epoch: 0080 lr: 0.01 train_loss: 1.0898 train_roc: 0.9452 train_ap: 0.9318 time: 0.3331s
INFO:root:Epoch: 0080 val_loss: 1.5292 val_roc: 0.9049 val_ap: 0.9010
INFO:root:Epoch: 0085 lr: 0.01 train_loss: 1.9221 train_roc: 0.9206 train_ap: 0.8990 time: 0.3334s
INFO:root:Epoch: 0085 val_loss: 1.4961 val_roc: 0.9041 val_ap: 0.8996
INFO:root:Epoch: 0090 lr: 0.01 train_loss: 1.0912 train_roc: 0.9469 train_ap: 0.9348 time: 0.3317s
INFO:root:Epoch: 0090 val_loss: 1.4662 val_roc: 0.9037 val_ap: 0.8991
INFO:root:Epoch: 0095 lr: 0.01 train_loss: 1.1773 train_roc: 0.9340 train_ap: 0.9226 time: 0.3338s
INFO:root:Epoch: 0095 val_loss: 1.4450 val_roc: 0.9033 val_ap: 0.8998
INFO:root:Epoch: 0100 lr: 0.01 train_loss: 1.2902 train_roc: 0.9302 train_ap: 0.9258 time: 0.3326s
INFO:root:Epoch: 0100 val_loss: 1.4278 val_roc: 0.9034 val_ap: 0.9008
INFO:root:Epoch: 0105 lr: 0.01 train_loss: 1.8766 train_roc: 0.9107 train_ap: 0.8930 time: 0.3356s
INFO:root:Epoch: 0105 val_loss: 1.4101 val_roc: 0.9031 val_ap: 0.9014
INFO:root:Epoch: 0110 lr: 0.01 train_loss: 0.9784 train_roc: 0.9523 train_ap: 0.9412 time: 0.3297s
INFO:root:Epoch: 0110 val_loss: 1.3811 val_roc: 0.9026 val_ap: 0.9013
INFO:root:Epoch: 0115 lr: 0.01 train_loss: 1.4313 train_roc: 0.9175 train_ap: 0.9081 time: 0.3368s
INFO:root:Epoch: 0115 val_loss: 1.3529 val_roc: 0.9025 val_ap: 0.9009
INFO:root:Epoch: 0120 lr: 0.01 train_loss: 1.4086 train_roc: 0.9339 train_ap: 0.9225 time: 0.3368s
INFO:root:Epoch: 0120 val_loss: 1.3300 val_roc: 0.9025 val_ap: 0.9012
INFO:root:Epoch: 0125 lr: 0.01 train_loss: 1.1574 train_roc: 0.9345 train_ap: 0.9237 time: 0.3445s
INFO:root:Epoch: 0125 val_loss: 1.3150 val_roc: 0.9025 val_ap: 0.9014
INFO:root:Epoch: 0130 lr: 0.01 train_loss: 1.1631 train_roc: 0.9481 train_ap: 0.9356 time: 0.3345s
INFO:root:Epoch: 0130 val_loss: 1.3064 val_roc: 0.9022 val_ap: 0.9010
INFO:root:Epoch: 0135 lr: 0.01 train_loss: 0.9424 train_roc: 0.9481 train_ap: 0.9318 time: 0.3406s
INFO:root:Epoch: 0135 val_loss: 1.2958 val_roc: 0.9020 val_ap: 0.9007
INFO:root:Epoch: 0140 lr: 0.01 train_loss: 1.3244 train_roc: 0.9035 train_ap: 0.8759 time: 0.3319s
INFO:root:Epoch: 0140 val_loss: 1.2821 val_roc: 0.9019 val_ap: 0.9017
INFO:root:Epoch: 0145 lr: 0.01 train_loss: 1.1723 train_roc: 0.9222 train_ap: 0.9070 time: 0.3348s
INFO:root:Epoch: 0145 val_loss: 1.2739 val_roc: 0.9022 val_ap: 0.9030
INFO:root:Epoch: 0150 lr: 0.01 train_loss: 1.3727 train_roc: 0.9065 train_ap: 0.8952 time: 0.3351s
INFO:root:Epoch: 0150 val_loss: 1.2666 val_roc: 0.9022 val_ap: 0.9034
INFO:root:Epoch: 0155 lr: 0.01 train_loss: 1.2801 train_roc: 0.9171 train_ap: 0.9013 time: 0.3309s
INFO:root:Epoch: 0155 val_loss: 1.2646 val_roc: 0.9018 val_ap: 0.9026
INFO:root:Epoch: 0160 lr: 0.01 train_loss: 1.3898 train_roc: 0.9264 train_ap: 0.9067 time: 0.3320s
INFO:root:Epoch: 0160 val_loss: 1.2630 val_roc: 0.9013 val_ap: 0.9009
INFO:root:Epoch: 0165 lr: 0.01 train_loss: 0.8602 train_roc: 0.9458 train_ap: 0.9276 time: 0.3381s
INFO:root:Epoch: 0165 val_loss: 1.2547 val_roc: 0.9017 val_ap: 0.9011
INFO:root:Epoch: 0170 lr: 0.01 train_loss: 1.3767 train_roc: 0.9228 train_ap: 0.8996 time: 0.3353s
INFO:root:Epoch: 0170 val_loss: 1.2399 val_roc: 0.9023 val_ap: 0.9019
INFO:root:Epoch: 0175 lr: 0.01 train_loss: 0.8073 train_roc: 0.9328 train_ap: 0.9193 time: 0.3448s
INFO:root:Epoch: 0175 val_loss: 1.2288 val_roc: 0.9031 val_ap: 0.9027
INFO:root:Early stopping
INFO:root:Optimization Finished!
INFO:root:Total time elapsed: 90.7876s
INFO:root:Val set results: val_loss: 1.5522 val_roc: 0.9048 val_ap: 0.9019
INFO:root:Test set results: test_loss: 1.5604 test_roc: 0.9003 test_ap: 0.9008
