INFO:root:Using: cpu
INFO:root:Using seed 1234.
INFO:root:LPModel(
  (encoder): HypGCN(
    (layers): Sequential(
      (0): HyperbolicGraphConvolution(
        (linear): HypLinear(in_features=12, out_features=64, c=tensor([1.]))
        (agg): HypAgg(c=tensor([1.]), use_att=0)
        (hyp_act): HypAct(c_in=tensor([1.]), c_out=tensor([1.]))
      )
      (1): HyperbolicGraphConvolution(
        (linear): HypLinear(in_features=64, out_features=64, c=tensor([1.]))
        (agg): HypAgg(c=tensor([1.]), use_att=0)
        (hyp_act): HypAct(c_in=tensor([1.]), c_out=tensor([1.]))
      )
    )
  )
  (dc): FermiDiracDecoder()
)
INFO:root:Total number of parameters: 4992
INFO:root:Epoch: 0005 lr: 0.01 train_loss: 0.7512 train_roc: 0.9600 train_ap: 0.9489 time: 0.4690s
INFO:root:Epoch: 0005 val_loss: 1.6985 val_roc: 0.9048 val_ap: 0.9132
INFO:root:Epoch: 0010 lr: 0.01 train_loss: 0.6335 train_roc: 0.9605 train_ap: 0.9503 time: 0.4800s
INFO:root:Epoch: 0010 val_loss: 1.5126 val_roc: 0.9090 val_ap: 0.9162
INFO:root:Epoch: 0015 lr: 0.01 train_loss: 0.5967 train_roc: 0.9670 train_ap: 0.9549 time: 0.4731s
INFO:root:Epoch: 0015 val_loss: 1.4624 val_roc: 0.9120 val_ap: 0.9179
INFO:root:Epoch: 0020 lr: 0.01 train_loss: 0.5636 train_roc: 0.9634 train_ap: 0.9567 time: 0.4557s
INFO:root:Epoch: 0020 val_loss: 1.4431 val_roc: 0.9134 val_ap: 0.9187
INFO:root:Epoch: 0025 lr: 0.01 train_loss: 0.7607 train_roc: 0.9625 train_ap: 0.9539 time: 0.4582s
INFO:root:Epoch: 0025 val_loss: 1.5515 val_roc: 0.9147 val_ap: 0.9194
INFO:root:Epoch: 0030 lr: 0.01 train_loss: 0.5938 train_roc: 0.9665 train_ap: 0.9599 time: 0.4623s
INFO:root:Epoch: 0030 val_loss: 1.6604 val_roc: 0.9154 val_ap: 0.9198
INFO:root:Epoch: 0035 lr: 0.01 train_loss: 0.6586 train_roc: 0.9682 train_ap: 0.9590 time: 0.4610s
INFO:root:Epoch: 0035 val_loss: 1.7207 val_roc: 0.9158 val_ap: 0.9204
INFO:root:Epoch: 0040 lr: 0.01 train_loss: 0.5573 train_roc: 0.9601 train_ap: 0.9526 time: 0.4577s
INFO:root:Epoch: 0040 val_loss: 1.6398 val_roc: 0.9158 val_ap: 0.9202
INFO:root:Epoch: 0045 lr: 0.01 train_loss: 0.5055 train_roc: 0.9672 train_ap: 0.9582 time: 0.4555s
INFO:root:Epoch: 0045 val_loss: 1.5049 val_roc: 0.9170 val_ap: 0.9204
INFO:root:Epoch: 0050 lr: 0.01 train_loss: 0.8162 train_roc: 0.9620 train_ap: 0.9522 time: 0.4556s
INFO:root:Epoch: 0050 val_loss: 1.3138 val_roc: 0.9187 val_ap: 0.9214
INFO:root:Epoch: 0055 lr: 0.01 train_loss: 0.5107 train_roc: 0.9668 train_ap: 0.9579 time: 0.4651s
INFO:root:Epoch: 0055 val_loss: 1.3921 val_roc: 0.9186 val_ap: 0.9213
INFO:root:Epoch: 0060 lr: 0.01 train_loss: 0.7322 train_roc: 0.9592 train_ap: 0.9498 time: 0.4600s
INFO:root:Epoch: 0060 val_loss: 1.4231 val_roc: 0.9205 val_ap: 0.9228
INFO:root:Epoch: 0065 lr: 0.01 train_loss: 0.5156 train_roc: 0.9673 train_ap: 0.9579 time: 0.4650s
INFO:root:Epoch: 0065 val_loss: 1.4292 val_roc: 0.9221 val_ap: 0.9240
INFO:root:Epoch: 0070 lr: 0.01 train_loss: 0.5831 train_roc: 0.9583 train_ap: 0.9508 time: 0.4556s
INFO:root:Epoch: 0070 val_loss: 1.4079 val_roc: 0.9229 val_ap: 0.9246
INFO:root:Epoch: 0075 lr: 0.01 train_loss: 0.6762 train_roc: 0.9620 train_ap: 0.9521 time: 0.4547s
INFO:root:Epoch: 0075 val_loss: 1.3542 val_roc: 0.9228 val_ap: 0.9244
INFO:root:Epoch: 0080 lr: 0.01 train_loss: 0.4993 train_roc: 0.9684 train_ap: 0.9550 time: 0.4549s
INFO:root:Epoch: 0080 val_loss: 1.3710 val_roc: 0.9222 val_ap: 0.9242
INFO:root:Epoch: 0085 lr: 0.01 train_loss: 0.4836 train_roc: 0.9703 train_ap: 0.9600 time: 0.4568s
INFO:root:Epoch: 0085 val_loss: 1.3983 val_roc: 0.9224 val_ap: 0.9242
INFO:root:Epoch: 0090 lr: 0.01 train_loss: 0.5138 train_roc: 0.9754 train_ap: 0.9666 time: 0.4629s
INFO:root:Epoch: 0090 val_loss: 1.3826 val_roc: 0.9237 val_ap: 0.9247
INFO:root:Epoch: 0095 lr: 0.01 train_loss: 0.7006 train_roc: 0.9665 train_ap: 0.9579 time: 0.4604s
INFO:root:Epoch: 0095 val_loss: 1.2804 val_roc: 0.9240 val_ap: 0.9246
INFO:root:Epoch: 0100 lr: 0.01 train_loss: 0.5747 train_roc: 0.9717 train_ap: 0.9660 time: 0.4571s
INFO:root:Epoch: 0100 val_loss: 1.3450 val_roc: 0.9239 val_ap: 0.9248
INFO:root:Epoch: 0105 lr: 0.01 train_loss: 0.5152 train_roc: 0.9672 train_ap: 0.9563 time: 0.4747s
INFO:root:Epoch: 0105 val_loss: 1.3119 val_roc: 0.9244 val_ap: 0.9247
INFO:root:Epoch: 0110 lr: 0.01 train_loss: 0.5320 train_roc: 0.9648 train_ap: 0.9559 time: 0.4590s
INFO:root:Epoch: 0110 val_loss: 1.2307 val_roc: 0.9250 val_ap: 0.9246
INFO:root:Epoch: 0115 lr: 0.01 train_loss: 0.5377 train_roc: 0.9698 train_ap: 0.9610 time: 0.4727s
INFO:root:Epoch: 0115 val_loss: 1.3666 val_roc: 0.9251 val_ap: 0.9254
INFO:root:Epoch: 0120 lr: 0.01 train_loss: 0.5904 train_roc: 0.9684 train_ap: 0.9585 time: 0.4551s
INFO:root:Epoch: 0120 val_loss: 1.4214 val_roc: 0.9253 val_ap: 0.9255
INFO:root:Epoch: 0125 lr: 0.01 train_loss: 0.4970 train_roc: 0.9687 train_ap: 0.9577 time: 0.4540s
INFO:root:Epoch: 0125 val_loss: 1.3619 val_roc: 0.9252 val_ap: 0.9254
INFO:root:Epoch: 0130 lr: 0.01 train_loss: 0.5018 train_roc: 0.9713 train_ap: 0.9610 time: 0.4596s
INFO:root:Epoch: 0130 val_loss: 1.3313 val_roc: 0.9253 val_ap: 0.9258
INFO:root:Epoch: 0135 lr: 0.01 train_loss: 0.4782 train_roc: 0.9722 train_ap: 0.9632 time: 0.4610s
INFO:root:Epoch: 0135 val_loss: 1.2808 val_roc: 0.9248 val_ap: 0.9259
INFO:root:Epoch: 0140 lr: 0.01 train_loss: 0.5530 train_roc: 0.9735 train_ap: 0.9661 time: 0.4555s
INFO:root:Epoch: 0140 val_loss: 1.2768 val_roc: 0.9247 val_ap: 0.9260
INFO:root:Epoch: 0145 lr: 0.01 train_loss: 1.0757 train_roc: 0.9593 train_ap: 0.9488 time: 0.4646s
INFO:root:Epoch: 0145 val_loss: 1.3442 val_roc: 0.9248 val_ap: 0.9263
INFO:root:Epoch: 0150 lr: 0.01 train_loss: 0.4754 train_roc: 0.9722 train_ap: 0.9643 time: 0.4557s
INFO:root:Epoch: 0150 val_loss: 1.4319 val_roc: 0.9244 val_ap: 0.9258
INFO:root:Epoch: 0155 lr: 0.01 train_loss: 0.5232 train_roc: 0.9676 train_ap: 0.9580 time: 0.4715s
INFO:root:Epoch: 0155 val_loss: 1.3895 val_roc: 0.9244 val_ap: 0.9258
INFO:root:Epoch: 0160 lr: 0.01 train_loss: 0.5860 train_roc: 0.9688 train_ap: 0.9592 time: 0.4569s
INFO:root:Epoch: 0160 val_loss: 1.2320 val_roc: 0.9251 val_ap: 0.9257
INFO:root:Epoch: 0165 lr: 0.01 train_loss: 0.5564 train_roc: 0.9671 train_ap: 0.9566 time: 0.4585s
INFO:root:Epoch: 0165 val_loss: 1.1436 val_roc: 0.9256 val_ap: 0.9259
INFO:root:Epoch: 0170 lr: 0.01 train_loss: 0.5111 train_roc: 0.9669 train_ap: 0.9568 time: 0.4543s
INFO:root:Epoch: 0170 val_loss: 1.1965 val_roc: 0.9258 val_ap: 0.9263
INFO:root:Epoch: 0175 lr: 0.01 train_loss: 0.5424 train_roc: 0.9698 train_ap: 0.9616 time: 0.4547s
INFO:root:Epoch: 0175 val_loss: 1.3328 val_roc: 0.9252 val_ap: 0.9265
INFO:root:Epoch: 0180 lr: 0.01 train_loss: 0.4909 train_roc: 0.9699 train_ap: 0.9593 time: 0.4547s
INFO:root:Epoch: 0180 val_loss: 1.3446 val_roc: 0.9246 val_ap: 0.9261
INFO:root:Epoch: 0185 lr: 0.01 train_loss: 0.5005 train_roc: 0.9707 train_ap: 0.9582 time: 0.4585s
INFO:root:Epoch: 0185 val_loss: 1.2844 val_roc: 0.9247 val_ap: 0.9259
INFO:root:Epoch: 0190 lr: 0.01 train_loss: 0.4980 train_roc: 0.9731 train_ap: 0.9632 time: 0.4717s
INFO:root:Epoch: 0190 val_loss: 1.2467 val_roc: 0.9249 val_ap: 0.9257
INFO:root:Epoch: 0195 lr: 0.01 train_loss: 0.4735 train_roc: 0.9721 train_ap: 0.9633 time: 0.4605s
INFO:root:Epoch: 0195 val_loss: 1.2517 val_roc: 0.9246 val_ap: 0.9256
INFO:root:Epoch: 0200 lr: 0.01 train_loss: 0.5221 train_roc: 0.9674 train_ap: 0.9570 time: 0.4593s
INFO:root:Epoch: 0200 val_loss: 1.2658 val_roc: 0.9245 val_ap: 0.9257
INFO:root:Epoch: 0205 lr: 0.01 train_loss: 0.5263 train_roc: 0.9711 train_ap: 0.9622 time: 0.4629s
INFO:root:Epoch: 0205 val_loss: 1.3014 val_roc: 0.9243 val_ap: 0.9258
INFO:root:Epoch: 0210 lr: 0.01 train_loss: 0.4753 train_roc: 0.9714 train_ap: 0.9628 time: 0.4609s
INFO:root:Epoch: 0210 val_loss: 1.2820 val_roc: 0.9245 val_ap: 0.9260
INFO:root:Epoch: 0215 lr: 0.01 train_loss: 0.5268 train_roc: 0.9673 train_ap: 0.9610 time: 0.4564s
INFO:root:Epoch: 0215 val_loss: 1.2823 val_roc: 0.9249 val_ap: 0.9263
INFO:root:Epoch: 0220 lr: 0.01 train_loss: 0.4692 train_roc: 0.9745 train_ap: 0.9648 time: 0.4560s
INFO:root:Epoch: 0220 val_loss: 1.2922 val_roc: 0.9253 val_ap: 0.9266
INFO:root:Epoch: 0225 lr: 0.01 train_loss: 0.4964 train_roc: 0.9751 train_ap: 0.9673 time: 0.4524s
INFO:root:Epoch: 0225 val_loss: 1.3361 val_roc: 0.9254 val_ap: 0.9268
INFO:root:Epoch: 0230 lr: 0.01 train_loss: 0.6932 train_roc: 0.9654 train_ap: 0.9556 time: 0.4676s
INFO:root:Epoch: 0230 val_loss: 1.3096 val_roc: 0.9260 val_ap: 0.9274
INFO:root:Epoch: 0235 lr: 0.01 train_loss: 0.5020 train_roc: 0.9692 train_ap: 0.9587 time: 0.4542s
INFO:root:Epoch: 0235 val_loss: 1.4150 val_roc: 0.9258 val_ap: 0.9277
INFO:root:Epoch: 0240 lr: 0.01 train_loss: 0.5882 train_roc: 0.9717 train_ap: 0.9625 time: 0.4558s
INFO:root:Epoch: 0240 val_loss: 1.3653 val_roc: 0.9259 val_ap: 0.9278
INFO:root:Epoch: 0245 lr: 0.01 train_loss: 0.5644 train_roc: 0.9609 train_ap: 0.9515 time: 0.4580s
INFO:root:Epoch: 0245 val_loss: 1.2621 val_roc: 0.9257 val_ap: 0.9275
INFO:root:Epoch: 0250 lr: 0.01 train_loss: 0.4866 train_roc: 0.9705 train_ap: 0.9604 time: 0.4563s
INFO:root:Epoch: 0250 val_loss: 1.2879 val_roc: 0.9263 val_ap: 0.9280
INFO:root:Epoch: 0255 lr: 0.01 train_loss: 0.4729 train_roc: 0.9719 train_ap: 0.9584 time: 0.4536s
INFO:root:Epoch: 0255 val_loss: 1.3143 val_roc: 0.9262 val_ap: 0.9280
INFO:root:Epoch: 0260 lr: 0.01 train_loss: 0.4965 train_roc: 0.9709 train_ap: 0.9628 time: 0.4578s
INFO:root:Epoch: 0260 val_loss: 1.3799 val_roc: 0.9264 val_ap: 0.9284
INFO:root:Epoch: 0265 lr: 0.01 train_loss: 0.4665 train_roc: 0.9723 train_ap: 0.9613 time: 0.4563s
INFO:root:Epoch: 0265 val_loss: 1.3442 val_roc: 0.9264 val_ap: 0.9283
INFO:root:Epoch: 0270 lr: 0.01 train_loss: 0.4846 train_roc: 0.9718 train_ap: 0.9639 time: 0.4523s
INFO:root:Epoch: 0270 val_loss: 1.2794 val_roc: 0.9264 val_ap: 0.9284
INFO:root:Epoch: 0275 lr: 0.01 train_loss: 0.4525 train_roc: 0.9742 train_ap: 0.9621 time: 0.4514s
INFO:root:Epoch: 0275 val_loss: 1.3403 val_roc: 0.9256 val_ap: 0.9275
INFO:root:Epoch: 0280 lr: 0.01 train_loss: 0.5707 train_roc: 0.9666 train_ap: 0.9588 time: 0.4636s
INFO:root:Epoch: 0280 val_loss: 1.4112 val_roc: 0.9251 val_ap: 0.9270
INFO:root:Epoch: 0285 lr: 0.01 train_loss: 0.5963 train_roc: 0.9684 train_ap: 0.9571 time: 0.4523s
INFO:root:Epoch: 0285 val_loss: 1.4404 val_roc: 0.9252 val_ap: 0.9272
INFO:root:Epoch: 0290 lr: 0.01 train_loss: 0.5674 train_roc: 0.9658 train_ap: 0.9580 time: 0.4545s
INFO:root:Epoch: 0290 val_loss: 1.3637 val_roc: 0.9250 val_ap: 0.9270
INFO:root:Epoch: 0295 lr: 0.01 train_loss: 0.4908 train_roc: 0.9717 train_ap: 0.9606 time: 0.4569s
INFO:root:Epoch: 0295 val_loss: 1.3492 val_roc: 0.9257 val_ap: 0.9276
INFO:root:Epoch: 0300 lr: 0.01 train_loss: 0.5404 train_roc: 0.9710 train_ap: 0.9602 time: 0.4538s
INFO:root:Epoch: 0300 val_loss: 1.4356 val_roc: 0.9268 val_ap: 0.9285
INFO:root:Epoch: 0305 lr: 0.01 train_loss: 0.4910 train_roc: 0.9698 train_ap: 0.9598 time: 0.4560s
INFO:root:Epoch: 0305 val_loss: 1.3527 val_roc: 0.9273 val_ap: 0.9285
INFO:root:Epoch: 0310 lr: 0.01 train_loss: 0.7498 train_roc: 0.9667 train_ap: 0.9549 time: 0.4603s
INFO:root:Epoch: 0310 val_loss: 1.2064 val_roc: 0.9275 val_ap: 0.9278
INFO:root:Epoch: 0315 lr: 0.01 train_loss: 0.5207 train_roc: 0.9680 train_ap: 0.9576 time: 0.4545s
INFO:root:Epoch: 0315 val_loss: 1.2563 val_roc: 0.9280 val_ap: 0.9279
INFO:root:Epoch: 0320 lr: 0.01 train_loss: 0.4961 train_roc: 0.9695 train_ap: 0.9595 time: 0.4554s
INFO:root:Epoch: 0320 val_loss: 1.2339 val_roc: 0.9290 val_ap: 0.9283
INFO:root:Epoch: 0325 lr: 0.01 train_loss: 0.5031 train_roc: 0.9698 train_ap: 0.9606 time: 0.4556s
INFO:root:Epoch: 0325 val_loss: 1.3337 val_roc: 0.9294 val_ap: 0.9293
INFO:root:Epoch: 0330 lr: 0.01 train_loss: 0.5018 train_roc: 0.9697 train_ap: 0.9603 time: 0.4539s
INFO:root:Epoch: 0330 val_loss: 1.3936 val_roc: 0.9289 val_ap: 0.9295
INFO:root:Epoch: 0335 lr: 0.01 train_loss: 0.4844 train_roc: 0.9741 train_ap: 0.9611 time: 0.4860s
INFO:root:Epoch: 0335 val_loss: 1.3411 val_roc: 0.9289 val_ap: 0.9298
INFO:root:Epoch: 0340 lr: 0.01 train_loss: 0.4843 train_roc: 0.9696 train_ap: 0.9571 time: 0.4571s
INFO:root:Epoch: 0340 val_loss: 1.2834 val_roc: 0.9294 val_ap: 0.9301
INFO:root:Epoch: 0345 lr: 0.01 train_loss: 0.5708 train_roc: 0.9733 train_ap: 0.9648 time: 0.4575s
INFO:root:Epoch: 0345 val_loss: 1.2642 val_roc: 0.9305 val_ap: 0.9308
INFO:root:Epoch: 0350 lr: 0.01 train_loss: 0.5578 train_roc: 0.9689 train_ap: 0.9595 time: 0.4601s
INFO:root:Epoch: 0350 val_loss: 1.2511 val_roc: 0.9304 val_ap: 0.9309
INFO:root:Epoch: 0355 lr: 0.01 train_loss: 0.5065 train_roc: 0.9714 train_ap: 0.9612 time: 0.4532s
INFO:root:Epoch: 0355 val_loss: 1.3227 val_roc: 0.9305 val_ap: 0.9311
INFO:root:Epoch: 0360 lr: 0.01 train_loss: 0.5708 train_roc: 0.9724 train_ap: 0.9623 time: 0.4544s
INFO:root:Epoch: 0360 val_loss: 1.3575 val_roc: 0.9306 val_ap: 0.9312
INFO:root:Epoch: 0365 lr: 0.01 train_loss: 0.5001 train_roc: 0.9704 train_ap: 0.9618 time: 0.4510s
INFO:root:Epoch: 0365 val_loss: 1.3299 val_roc: 0.9304 val_ap: 0.9312
INFO:root:Epoch: 0370 lr: 0.01 train_loss: 0.4585 train_roc: 0.9756 train_ap: 0.9683 time: 0.4543s
INFO:root:Epoch: 0370 val_loss: 1.2918 val_roc: 0.9304 val_ap: 0.9312
INFO:root:Epoch: 0375 lr: 0.01 train_loss: 0.4861 train_roc: 0.9710 train_ap: 0.9603 time: 0.4533s
INFO:root:Epoch: 0375 val_loss: 1.2802 val_roc: 0.9305 val_ap: 0.9313
INFO:root:Epoch: 0380 lr: 0.01 train_loss: 0.5166 train_roc: 0.9670 train_ap: 0.9581 time: 0.4573s
INFO:root:Epoch: 0380 val_loss: 1.2636 val_roc: 0.9301 val_ap: 0.9310
INFO:root:Epoch: 0385 lr: 0.01 train_loss: 0.4633 train_roc: 0.9727 train_ap: 0.9611 time: 0.4560s
INFO:root:Epoch: 0385 val_loss: 1.4519 val_roc: 0.9282 val_ap: 0.9300
INFO:root:Epoch: 0390 lr: 0.01 train_loss: 0.7129 train_roc: 0.9715 train_ap: 0.9601 time: 0.4561s
INFO:root:Epoch: 0390 val_loss: 1.5769 val_roc: 0.9267 val_ap: 0.9296
INFO:root:Epoch: 0395 lr: 0.01 train_loss: 0.9367 train_roc: 0.9646 train_ap: 0.9589 time: 0.4608s
INFO:root:Epoch: 0395 val_loss: 1.5239 val_roc: 0.9267 val_ap: 0.9299
INFO:root:Epoch: 0400 lr: 0.01 train_loss: 0.5256 train_roc: 0.9664 train_ap: 0.9596 time: 0.4505s
INFO:root:Epoch: 0400 val_loss: 1.3810 val_roc: 0.9276 val_ap: 0.9302
INFO:root:Epoch: 0405 lr: 0.01 train_loss: 0.6003 train_roc: 0.9709 train_ap: 0.9599 time: 0.4512s
INFO:root:Epoch: 0405 val_loss: 1.3939 val_roc: 0.9273 val_ap: 0.9301
INFO:root:Epoch: 0410 lr: 0.01 train_loss: 0.6005 train_roc: 0.9712 train_ap: 0.9634 time: 0.4686s
INFO:root:Epoch: 0410 val_loss: 1.3810 val_roc: 0.9268 val_ap: 0.9298
INFO:root:Epoch: 0415 lr: 0.01 train_loss: 0.5467 train_roc: 0.9713 train_ap: 0.9605 time: 0.4676s
INFO:root:Epoch: 0415 val_loss: 1.3022 val_roc: 0.9266 val_ap: 0.9295
INFO:root:Epoch: 0420 lr: 0.01 train_loss: 0.4598 train_roc: 0.9733 train_ap: 0.9628 time: 0.4736s
INFO:root:Epoch: 0420 val_loss: 1.3286 val_roc: 0.9262 val_ap: 0.9292
INFO:root:Epoch: 0425 lr: 0.01 train_loss: 0.4834 train_roc: 0.9716 train_ap: 0.9638 time: 0.4539s
INFO:root:Epoch: 0425 val_loss: 1.3636 val_roc: 0.9258 val_ap: 0.9292
INFO:root:Epoch: 0430 lr: 0.01 train_loss: 0.4935 train_roc: 0.9716 train_ap: 0.9625 time: 0.4505s
INFO:root:Epoch: 0430 val_loss: 1.3596 val_roc: 0.9255 val_ap: 0.9291
INFO:root:Epoch: 0435 lr: 0.01 train_loss: 0.5622 train_roc: 0.9701 train_ap: 0.9616 time: 0.4542s
INFO:root:Epoch: 0435 val_loss: 1.3801 val_roc: 0.9253 val_ap: 0.9291
INFO:root:Epoch: 0440 lr: 0.01 train_loss: 0.5337 train_roc: 0.9727 train_ap: 0.9630 time: 0.4525s
INFO:root:Epoch: 0440 val_loss: 1.3472 val_roc: 0.9255 val_ap: 0.9294
INFO:root:Epoch: 0445 lr: 0.01 train_loss: 0.5170 train_roc: 0.9697 train_ap: 0.9598 time: 0.4534s
INFO:root:Epoch: 0445 val_loss: 1.4283 val_roc: 0.9257 val_ap: 0.9297
INFO:root:Epoch: 0450 lr: 0.01 train_loss: 0.8190 train_roc: 0.9747 train_ap: 0.9651 time: 0.4548s
INFO:root:Epoch: 0450 val_loss: 1.5560 val_roc: 0.9247 val_ap: 0.9291
INFO:root:Epoch: 0455 lr: 0.01 train_loss: 0.5402 train_roc: 0.9701 train_ap: 0.9601 time: 0.4538s
INFO:root:Epoch: 0455 val_loss: 1.4875 val_roc: 0.9245 val_ap: 0.9284
INFO:root:Epoch: 0460 lr: 0.01 train_loss: 0.7288 train_roc: 0.9656 train_ap: 0.9543 time: 0.4808s
INFO:root:Epoch: 0460 val_loss: 1.4238 val_roc: 0.9240 val_ap: 0.9276
INFO:root:Epoch: 0465 lr: 0.01 train_loss: 0.4819 train_roc: 0.9725 train_ap: 0.9619 time: 0.4622s
INFO:root:Epoch: 0465 val_loss: 1.3786 val_roc: 0.9237 val_ap: 0.9273
INFO:root:Epoch: 0470 lr: 0.01 train_loss: 0.4997 train_roc: 0.9735 train_ap: 0.9653 time: 0.4787s
INFO:root:Epoch: 0470 val_loss: 1.4001 val_roc: 0.9255 val_ap: 0.9284
INFO:root:Early stopping
INFO:root:Optimization Finished!
INFO:root:Total time elapsed: 281.0577s
INFO:root:Val set results: val_loss: 1.2782 val_roc: 0.9306 val_ap: 0.9314
INFO:root:Test set results: test_loss: 1.2908 test_roc: 0.9209 test_ap: 0.9241
