INFO:root:Using: cpu
INFO:root:Using seed 1234.
INFO:root:LPModel(
  (encoder): HypGCN(
    (layers): Sequential(
      (0): HyperbolicGraphConvolution(
        (linear): HypLinear(in_features=12, out_features=16, c=tensor([1.]))
        (agg): HypAgg(c=tensor([1.]), use_att=0)
        (hyp_act): HypAct(c_in=tensor([1.]), c_out=tensor([1.]))
      )
      (1): HyperbolicGraphConvolution(
        (linear): HypLinear(in_features=16, out_features=16, c=tensor([1.]))
        (agg): HypAgg(c=tensor([1.]), use_att=0)
        (hyp_act): HypAct(c_in=tensor([1.]), c_out=tensor([1.]))
      )
    )
  )
  (dc): FermiDiracDecoder()
)
INFO:root:Total number of parameters: 480
INFO:root:Epoch: 0005 lr: 0.01 train_loss: 1.9800 train_roc: 0.9255 train_ap: 0.9123 time: 0.5071s
INFO:root:Epoch: 0005 val_loss: 2.1163 val_roc: 0.8868 val_ap: 0.8893
INFO:root:Epoch: 0010 lr: 0.01 train_loss: 1.3931 train_roc: 0.9238 train_ap: 0.9140 time: 0.4980s
INFO:root:Epoch: 0010 val_loss: 2.0763 val_roc: 0.8878 val_ap: 0.8892
INFO:root:Epoch: 0015 lr: 0.01 train_loss: 1.4800 train_roc: 0.9247 train_ap: 0.9121 time: 0.5048s
INFO:root:Epoch: 0015 val_loss: 2.0309 val_roc: 0.8873 val_ap: 0.8888
INFO:root:Epoch: 0020 lr: 0.01 train_loss: 1.8036 train_roc: 0.9213 train_ap: 0.9124 time: 0.4997s
INFO:root:Epoch: 0020 val_loss: 1.9763 val_roc: 0.8885 val_ap: 0.8899
INFO:root:Epoch: 0025 lr: 0.01 train_loss: 1.5271 train_roc: 0.9037 train_ap: 0.9060 time: 0.4979s
INFO:root:Epoch: 0025 val_loss: 1.9218 val_roc: 0.8899 val_ap: 0.8912
INFO:root:Epoch: 0030 lr: 0.01 train_loss: 1.5624 train_roc: 0.9385 train_ap: 0.9368 time: 0.4960s
INFO:root:Epoch: 0030 val_loss: 1.8601 val_roc: 0.8915 val_ap: 0.8920
INFO:root:Epoch: 0035 lr: 0.01 train_loss: 2.0910 train_roc: 0.9310 train_ap: 0.9154 time: 0.5006s
INFO:root:Epoch: 0035 val_loss: 1.7988 val_roc: 0.8930 val_ap: 0.8927
INFO:root:Epoch: 0040 lr: 0.01 train_loss: 1.4828 train_roc: 0.9039 train_ap: 0.9019 time: 0.4985s
INFO:root:Epoch: 0040 val_loss: 1.7414 val_roc: 0.8937 val_ap: 0.8934
INFO:root:Epoch: 0045 lr: 0.01 train_loss: 1.4725 train_roc: 0.9191 train_ap: 0.9075 time: 0.4973s
INFO:root:Epoch: 0045 val_loss: 1.6830 val_roc: 0.8939 val_ap: 0.8936
INFO:root:Epoch: 0050 lr: 0.01 train_loss: 1.7725 train_roc: 0.8944 train_ap: 0.8833 time: 0.5029s
INFO:root:Epoch: 0050 val_loss: 1.6223 val_roc: 0.8935 val_ap: 0.8932
INFO:root:Epoch: 0055 lr: 0.01 train_loss: 1.2272 train_roc: 0.9432 train_ap: 0.9362 time: 0.5010s
INFO:root:Epoch: 0055 val_loss: 1.5605 val_roc: 0.8926 val_ap: 0.8923
INFO:root:Epoch: 0060 lr: 0.01 train_loss: 0.9830 train_roc: 0.9212 train_ap: 0.9145 time: 0.5073s
INFO:root:Epoch: 0060 val_loss: 1.5061 val_roc: 0.8921 val_ap: 0.8917
INFO:root:Epoch: 0065 lr: 0.01 train_loss: 1.0115 train_roc: 0.9089 train_ap: 0.9001 time: 0.5144s
INFO:root:Epoch: 0065 val_loss: 1.4732 val_roc: 0.8917 val_ap: 0.8912
INFO:root:Epoch: 0070 lr: 0.01 train_loss: 1.4253 train_roc: 0.9035 train_ap: 0.8812 time: 0.4996s
INFO:root:Epoch: 0070 val_loss: 1.4456 val_roc: 0.8915 val_ap: 0.8912
INFO:root:Epoch: 0075 lr: 0.01 train_loss: 0.9804 train_roc: 0.9173 train_ap: 0.9115 time: 0.5032s
INFO:root:Epoch: 0075 val_loss: 1.4190 val_roc: 0.8911 val_ap: 0.8912
INFO:root:Epoch: 0080 lr: 0.01 train_loss: 0.8269 train_roc: 0.9404 train_ap: 0.9299 time: 0.4970s
INFO:root:Epoch: 0080 val_loss: 1.3984 val_roc: 0.8911 val_ap: 0.8916
INFO:root:Epoch: 0085 lr: 0.01 train_loss: 1.4371 train_roc: 0.9413 train_ap: 0.9248 time: 0.5027s
INFO:root:Epoch: 0085 val_loss: 1.3773 val_roc: 0.8907 val_ap: 0.8920
INFO:root:Epoch: 0090 lr: 0.01 train_loss: 0.8671 train_roc: 0.9357 train_ap: 0.9293 time: 0.4987s
INFO:root:Epoch: 0090 val_loss: 1.3607 val_roc: 0.8901 val_ap: 0.8926
INFO:root:Epoch: 0095 lr: 0.01 train_loss: 1.0950 train_roc: 0.9117 train_ap: 0.9028 time: 0.5030s
INFO:root:Epoch: 0095 val_loss: 1.3496 val_roc: 0.8900 val_ap: 0.8932
INFO:root:Epoch: 0100 lr: 0.01 train_loss: 1.1841 train_roc: 0.8858 train_ap: 0.8782 time: 0.4974s
INFO:root:Epoch: 0100 val_loss: 1.3406 val_roc: 0.8902 val_ap: 0.8943
INFO:root:Epoch: 0105 lr: 0.01 train_loss: 1.9030 train_roc: 0.8738 train_ap: 0.8455 time: 0.5072s
INFO:root:Epoch: 0105 val_loss: 1.3314 val_roc: 0.8900 val_ap: 0.8949
INFO:root:Epoch: 0110 lr: 0.01 train_loss: 0.8333 train_roc: 0.9354 train_ap: 0.9246 time: 0.5036s
INFO:root:Epoch: 0110 val_loss: 1.3268 val_roc: 0.8894 val_ap: 0.8951
INFO:root:Epoch: 0115 lr: 0.01 train_loss: 0.8658 train_roc: 0.9195 train_ap: 0.9107 time: 0.5072s
INFO:root:Epoch: 0115 val_loss: 1.3323 val_roc: 0.8885 val_ap: 0.8949
INFO:root:Epoch: 0120 lr: 0.01 train_loss: 1.0515 train_roc: 0.9349 train_ap: 0.9249 time: 0.5021s
INFO:root:Epoch: 0120 val_loss: 1.3434 val_roc: 0.8886 val_ap: 0.8947
INFO:root:Epoch: 0125 lr: 0.01 train_loss: 1.0187 train_roc: 0.9111 train_ap: 0.9027 time: 0.5062s
INFO:root:Epoch: 0125 val_loss: 1.3487 val_roc: 0.8905 val_ap: 0.8950
INFO:root:Epoch: 0130 lr: 0.01 train_loss: 0.8638 train_roc: 0.9486 train_ap: 0.9390 time: 0.5018s
INFO:root:Epoch: 0130 val_loss: 1.3484 val_roc: 0.8916 val_ap: 0.8958
INFO:root:Epoch: 0135 lr: 0.01 train_loss: 0.7806 train_roc: 0.9443 train_ap: 0.9311 time: 0.4988s
INFO:root:Epoch: 0135 val_loss: 1.3446 val_roc: 0.8922 val_ap: 0.8961
INFO:root:Epoch: 0140 lr: 0.01 train_loss: 0.8784 train_roc: 0.9297 train_ap: 0.9220 time: 0.5002s
INFO:root:Epoch: 0140 val_loss: 1.3388 val_roc: 0.8920 val_ap: 0.8959
INFO:root:Epoch: 0145 lr: 0.01 train_loss: 0.9109 train_roc: 0.9159 train_ap: 0.9087 time: 0.5027s
INFO:root:Epoch: 0145 val_loss: 1.3343 val_roc: 0.8919 val_ap: 0.8958
INFO:root:Epoch: 0150 lr: 0.01 train_loss: 0.9006 train_roc: 0.9188 train_ap: 0.9111 time: 0.5027s
INFO:root:Epoch: 0150 val_loss: 1.3299 val_roc: 0.8917 val_ap: 0.8957
INFO:root:Epoch: 0155 lr: 0.01 train_loss: 0.9525 train_roc: 0.9089 train_ap: 0.8870 time: 0.5021s
INFO:root:Epoch: 0155 val_loss: 1.3241 val_roc: 0.8917 val_ap: 0.8955
INFO:root:Epoch: 0160 lr: 0.01 train_loss: 1.4994 train_roc: 0.9169 train_ap: 0.9052 time: 0.5022s
INFO:root:Epoch: 0160 val_loss: 1.3197 val_roc: 0.8922 val_ap: 0.8960
INFO:root:Epoch: 0165 lr: 0.01 train_loss: 0.7366 train_roc: 0.9332 train_ap: 0.9165 time: 0.5059s
INFO:root:Epoch: 0165 val_loss: 1.3132 val_roc: 0.8929 val_ap: 0.8967
INFO:root:Epoch: 0170 lr: 0.01 train_loss: 1.3245 train_roc: 0.9262 train_ap: 0.9081 time: 0.5151s
INFO:root:Epoch: 0170 val_loss: 1.3078 val_roc: 0.8929 val_ap: 0.8967
INFO:root:Epoch: 0175 lr: 0.01 train_loss: 0.9561 train_roc: 0.9223 train_ap: 0.9164 time: 0.5030s
INFO:root:Epoch: 0175 val_loss: 1.3050 val_roc: 0.8931 val_ap: 0.8974
INFO:root:Epoch: 0180 lr: 0.01 train_loss: 1.2123 train_roc: 0.9110 train_ap: 0.9096 time: 0.5070s
INFO:root:Epoch: 0180 val_loss: 1.3001 val_roc: 0.8937 val_ap: 0.8986
INFO:root:Epoch: 0185 lr: 0.01 train_loss: 1.0728 train_roc: 0.9253 train_ap: 0.9110 time: 0.5042s
INFO:root:Epoch: 0185 val_loss: 1.2975 val_roc: 0.8943 val_ap: 0.8994
INFO:root:Epoch: 0190 lr: 0.01 train_loss: 0.9427 train_roc: 0.9142 train_ap: 0.9039 time: 0.5082s
INFO:root:Epoch: 0190 val_loss: 1.2943 val_roc: 0.8946 val_ap: 0.8998
INFO:root:Epoch: 0195 lr: 0.01 train_loss: 1.6211 train_roc: 0.9449 train_ap: 0.9414 time: 0.5060s
INFO:root:Epoch: 0195 val_loss: 1.2898 val_roc: 0.8948 val_ap: 0.8997
INFO:root:Epoch: 0200 lr: 0.01 train_loss: 0.8928 train_roc: 0.9266 train_ap: 0.9163 time: 0.5106s
INFO:root:Epoch: 0200 val_loss: 1.2843 val_roc: 0.8952 val_ap: 0.9000
INFO:root:Epoch: 0205 lr: 0.01 train_loss: 0.8642 train_roc: 0.9460 train_ap: 0.9348 time: 0.5064s
INFO:root:Epoch: 0205 val_loss: 1.2791 val_roc: 0.8956 val_ap: 0.9005
INFO:root:Epoch: 0210 lr: 0.01 train_loss: 0.9074 train_roc: 0.9180 train_ap: 0.8856 time: 0.5027s
INFO:root:Epoch: 0210 val_loss: 1.2715 val_roc: 0.8959 val_ap: 0.9008
INFO:root:Epoch: 0215 lr: 0.01 train_loss: 0.8581 train_roc: 0.9250 train_ap: 0.9221 time: 0.5057s
INFO:root:Epoch: 0215 val_loss: 1.2652 val_roc: 0.8956 val_ap: 0.9004
INFO:root:Epoch: 0220 lr: 0.01 train_loss: 0.7190 train_roc: 0.9404 train_ap: 0.9290 time: 0.5212s
INFO:root:Epoch: 0220 val_loss: 1.2581 val_roc: 0.8957 val_ap: 0.9006
INFO:root:Epoch: 0225 lr: 0.01 train_loss: 0.7394 train_roc: 0.9316 train_ap: 0.9129 time: 0.5086s
INFO:root:Epoch: 0225 val_loss: 1.2525 val_roc: 0.8958 val_ap: 0.9003
INFO:root:Epoch: 0230 lr: 0.01 train_loss: 1.0471 train_roc: 0.9045 train_ap: 0.8920 time: 0.5058s
INFO:root:Epoch: 0230 val_loss: 1.2476 val_roc: 0.8956 val_ap: 0.9000
INFO:root:Epoch: 0235 lr: 0.01 train_loss: 1.1819 train_roc: 0.9189 train_ap: 0.9069 time: 0.5006s
INFO:root:Epoch: 0235 val_loss: 1.2436 val_roc: 0.8957 val_ap: 0.9001
INFO:root:Epoch: 0240 lr: 0.01 train_loss: 1.0461 train_roc: 0.9126 train_ap: 0.9064 time: 0.5189s
INFO:root:Epoch: 0240 val_loss: 1.2405 val_roc: 0.8959 val_ap: 0.9003
INFO:root:Epoch: 0245 lr: 0.01 train_loss: 0.7981 train_roc: 0.9408 train_ap: 0.9251 time: 0.5235s
INFO:root:Epoch: 0245 val_loss: 1.2395 val_roc: 0.8960 val_ap: 0.9002
INFO:root:Epoch: 0250 lr: 0.01 train_loss: 0.8029 train_roc: 0.9358 train_ap: 0.9271 time: 0.5055s
INFO:root:Epoch: 0250 val_loss: 1.2408 val_roc: 0.8961 val_ap: 0.8997
INFO:root:Epoch: 0255 lr: 0.01 train_loss: 0.8692 train_roc: 0.9344 train_ap: 0.9216 time: 0.4991s
INFO:root:Epoch: 0255 val_loss: 1.2390 val_roc: 0.8963 val_ap: 0.8999
INFO:root:Epoch: 0260 lr: 0.01 train_loss: 0.7673 train_roc: 0.9481 train_ap: 0.9357 time: 0.4970s
INFO:root:Epoch: 0260 val_loss: 1.2332 val_roc: 0.8964 val_ap: 0.8999
INFO:root:Epoch: 0265 lr: 0.01 train_loss: 0.9201 train_roc: 0.9270 train_ap: 0.9157 time: 0.5029s
INFO:root:Epoch: 0265 val_loss: 1.2303 val_roc: 0.8967 val_ap: 0.8998
INFO:root:Epoch: 0270 lr: 0.01 train_loss: 1.1292 train_roc: 0.9468 train_ap: 0.9363 time: 0.5044s
INFO:root:Epoch: 0270 val_loss: 1.2284 val_roc: 0.8974 val_ap: 0.9004
INFO:root:Epoch: 0275 lr: 0.01 train_loss: 1.0135 train_roc: 0.8982 train_ap: 0.8709 time: 0.5034s
INFO:root:Epoch: 0275 val_loss: 1.2293 val_roc: 0.8978 val_ap: 0.9009
INFO:root:Epoch: 0280 lr: 0.01 train_loss: 0.9367 train_roc: 0.9250 train_ap: 0.9108 time: 0.5033s
INFO:root:Epoch: 0280 val_loss: 1.2329 val_roc: 0.8978 val_ap: 0.9011
INFO:root:Epoch: 0285 lr: 0.01 train_loss: 1.0297 train_roc: 0.9281 train_ap: 0.9157 time: 0.5401s
INFO:root:Epoch: 0285 val_loss: 1.2310 val_roc: 0.8974 val_ap: 0.9013
INFO:root:Epoch: 0290 lr: 0.01 train_loss: 1.0028 train_roc: 0.9343 train_ap: 0.9278 time: 0.4981s
INFO:root:Epoch: 0290 val_loss: 1.2315 val_roc: 0.8967 val_ap: 0.9009
INFO:root:Epoch: 0295 lr: 0.01 train_loss: 0.9837 train_roc: 0.9231 train_ap: 0.9135 time: 0.5013s
INFO:root:Epoch: 0295 val_loss: 1.2352 val_roc: 0.8959 val_ap: 0.9003
INFO:root:Epoch: 0300 lr: 0.01 train_loss: 0.8978 train_roc: 0.9408 train_ap: 0.9327 time: 0.5054s
INFO:root:Epoch: 0300 val_loss: 1.2356 val_roc: 0.8957 val_ap: 0.8999
INFO:root:Epoch: 0305 lr: 0.01 train_loss: 0.8271 train_roc: 0.9386 train_ap: 0.9267 time: 0.5178s
INFO:root:Epoch: 0305 val_loss: 1.2355 val_roc: 0.8955 val_ap: 0.8996
INFO:root:Epoch: 0310 lr: 0.01 train_loss: 0.7708 train_roc: 0.9334 train_ap: 0.9150 time: 0.5016s
INFO:root:Epoch: 0310 val_loss: 1.2313 val_roc: 0.8958 val_ap: 0.8998
INFO:root:Epoch: 0315 lr: 0.01 train_loss: 0.9480 train_roc: 0.9484 train_ap: 0.9366 time: 0.5036s
INFO:root:Epoch: 0315 val_loss: 1.2274 val_roc: 0.8962 val_ap: 0.9004
INFO:root:Epoch: 0320 lr: 0.01 train_loss: 0.8197 train_roc: 0.9334 train_ap: 0.9172 time: 0.5002s
INFO:root:Epoch: 0320 val_loss: 1.2257 val_roc: 0.8965 val_ap: 0.9009
INFO:root:Epoch: 0325 lr: 0.01 train_loss: 0.9633 train_roc: 0.9331 train_ap: 0.9248 time: 0.5163s
INFO:root:Epoch: 0325 val_loss: 1.2219 val_roc: 0.8971 val_ap: 0.9015
INFO:root:Epoch: 0330 lr: 0.01 train_loss: 0.8498 train_roc: 0.9381 train_ap: 0.9312 time: 0.5061s
INFO:root:Epoch: 0330 val_loss: 1.2136 val_roc: 0.8978 val_ap: 0.9021
INFO:root:Epoch: 0335 lr: 0.01 train_loss: 0.7827 train_roc: 0.9387 train_ap: 0.9297 time: 0.4917s
INFO:root:Epoch: 0335 val_loss: 1.2156 val_roc: 0.8978 val_ap: 0.9024
INFO:root:Epoch: 0340 lr: 0.01 train_loss: 0.8641 train_roc: 0.9152 train_ap: 0.8899 time: 0.4974s
INFO:root:Epoch: 0340 val_loss: 1.2106 val_roc: 0.8984 val_ap: 0.9032
INFO:root:Epoch: 0345 lr: 0.01 train_loss: 0.8882 train_roc: 0.9376 train_ap: 0.9273 time: 0.4977s
INFO:root:Epoch: 0345 val_loss: 1.2079 val_roc: 0.8990 val_ap: 0.9038
INFO:root:Epoch: 0350 lr: 0.01 train_loss: 0.9215 train_roc: 0.9355 train_ap: 0.9239 time: 0.5042s
INFO:root:Epoch: 0350 val_loss: 1.2063 val_roc: 0.8993 val_ap: 0.9038
INFO:root:Epoch: 0355 lr: 0.01 train_loss: 0.7040 train_roc: 0.9453 train_ap: 0.9334 time: 0.5097s
INFO:root:Epoch: 0355 val_loss: 1.1910 val_roc: 0.9003 val_ap: 0.9045
INFO:root:Epoch: 0360 lr: 0.01 train_loss: 0.6703 train_roc: 0.9513 train_ap: 0.9393 time: 0.4967s
INFO:root:Epoch: 0360 val_loss: 1.1762 val_roc: 0.9013 val_ap: 0.9053
INFO:root:Epoch: 0365 lr: 0.01 train_loss: 0.6254 train_roc: 0.9476 train_ap: 0.9339 time: 0.5030s
INFO:root:Epoch: 0365 val_loss: 1.1636 val_roc: 0.9017 val_ap: 0.9060
INFO:root:Epoch: 0370 lr: 0.01 train_loss: 1.5509 train_roc: 0.8752 train_ap: 0.8563 time: 0.5011s
INFO:root:Epoch: 0370 val_loss: 1.1585 val_roc: 0.9022 val_ap: 0.9064
INFO:root:Epoch: 0375 lr: 0.01 train_loss: 0.8341 train_roc: 0.9423 train_ap: 0.9308 time: 0.5917s
INFO:root:Epoch: 0375 val_loss: 1.1548 val_roc: 0.9029 val_ap: 0.9060
INFO:root:Epoch: 0380 lr: 0.01 train_loss: 0.9382 train_roc: 0.9481 train_ap: 0.9386 time: 0.5078s
INFO:root:Epoch: 0380 val_loss: 1.1495 val_roc: 0.9040 val_ap: 0.9062
INFO:root:Epoch: 0385 lr: 0.01 train_loss: 0.8067 train_roc: 0.9495 train_ap: 0.9357 time: 0.5001s
INFO:root:Epoch: 0385 val_loss: 1.1410 val_roc: 0.9046 val_ap: 0.9068
INFO:root:Epoch: 0390 lr: 0.01 train_loss: 1.0944 train_roc: 0.9422 train_ap: 0.9299 time: 0.5174s
INFO:root:Epoch: 0390 val_loss: 1.1255 val_roc: 0.9052 val_ap: 0.9071
INFO:root:Epoch: 0395 lr: 0.01 train_loss: 1.2942 train_roc: 0.9234 train_ap: 0.9171 time: 0.5050s
INFO:root:Epoch: 0395 val_loss: 1.1114 val_roc: 0.9053 val_ap: 0.9069
INFO:root:Epoch: 0400 lr: 0.01 train_loss: 0.8020 train_roc: 0.9482 train_ap: 0.9393 time: 0.5024s
INFO:root:Epoch: 0400 val_loss: 1.1088 val_roc: 0.9047 val_ap: 0.9065
INFO:root:Epoch: 0405 lr: 0.01 train_loss: 0.7871 train_roc: 0.9351 train_ap: 0.9232 time: 0.5054s
INFO:root:Epoch: 0405 val_loss: 1.0991 val_roc: 0.9049 val_ap: 0.9068
INFO:root:Epoch: 0410 lr: 0.01 train_loss: 0.7463 train_roc: 0.9475 train_ap: 0.9400 time: 0.5014s
INFO:root:Epoch: 0410 val_loss: 1.0877 val_roc: 0.9056 val_ap: 0.9074
INFO:root:Epoch: 0415 lr: 0.01 train_loss: 0.8049 train_roc: 0.9309 train_ap: 0.9246 time: 0.4996s
INFO:root:Epoch: 0415 val_loss: 1.0893 val_roc: 0.9058 val_ap: 0.9078
INFO:root:Epoch: 0420 lr: 0.01 train_loss: 0.9059 train_roc: 0.9180 train_ap: 0.9075 time: 0.5019s
INFO:root:Epoch: 0420 val_loss: 1.0829 val_roc: 0.9066 val_ap: 0.9084
INFO:root:Epoch: 0425 lr: 0.01 train_loss: 0.6934 train_roc: 0.9367 train_ap: 0.9198 time: 0.5003s
INFO:root:Epoch: 0425 val_loss: 1.0798 val_roc: 0.9073 val_ap: 0.9085
INFO:root:Epoch: 0430 lr: 0.01 train_loss: 1.0243 train_roc: 0.9404 train_ap: 0.9315 time: 0.5369s
INFO:root:Epoch: 0430 val_loss: 1.0764 val_roc: 0.9080 val_ap: 0.9087
INFO:root:Epoch: 0435 lr: 0.01 train_loss: 1.0033 train_roc: 0.9245 train_ap: 0.9184 time: 0.5312s
INFO:root:Epoch: 0435 val_loss: 1.0733 val_roc: 0.9089 val_ap: 0.9095
INFO:root:Epoch: 0440 lr: 0.01 train_loss: 1.0842 train_roc: 0.9231 train_ap: 0.9178 time: 0.5016s
INFO:root:Epoch: 0440 val_loss: 1.0703 val_roc: 0.9097 val_ap: 0.9101
INFO:root:Epoch: 0445 lr: 0.01 train_loss: 0.9598 train_roc: 0.9414 train_ap: 0.9340 time: 0.4943s
INFO:root:Epoch: 0445 val_loss: 1.0655 val_roc: 0.9098 val_ap: 0.9099
INFO:root:Epoch: 0450 lr: 0.01 train_loss: 0.9457 train_roc: 0.9374 train_ap: 0.9301 time: 0.5123s
INFO:root:Epoch: 0450 val_loss: 1.0614 val_roc: 0.9097 val_ap: 0.9097
INFO:root:Epoch: 0455 lr: 0.01 train_loss: 0.7144 train_roc: 0.9434 train_ap: 0.9328 time: 0.5036s
INFO:root:Epoch: 0455 val_loss: 1.0715 val_roc: 0.9081 val_ap: 0.9090
INFO:root:Epoch: 0460 lr: 0.01 train_loss: 0.6904 train_roc: 0.9356 train_ap: 0.9120 time: 0.5012s
INFO:root:Epoch: 0460 val_loss: 1.0803 val_roc: 0.9070 val_ap: 0.9087
INFO:root:Epoch: 0465 lr: 0.01 train_loss: 1.0132 train_roc: 0.9256 train_ap: 0.9135 time: 0.4990s
INFO:root:Epoch: 0465 val_loss: 1.0888 val_roc: 0.9065 val_ap: 0.9078
INFO:root:Epoch: 0470 lr: 0.01 train_loss: 0.7337 train_roc: 0.9357 train_ap: 0.9233 time: 0.5023s
INFO:root:Epoch: 0470 val_loss: 1.1007 val_roc: 0.9059 val_ap: 0.9073
INFO:root:Epoch: 0475 lr: 0.01 train_loss: 0.8935 train_roc: 0.9459 train_ap: 0.9333 time: 0.5021s
INFO:root:Epoch: 0475 val_loss: 1.1072 val_roc: 0.9053 val_ap: 0.9069
INFO:root:Epoch: 0480 lr: 0.01 train_loss: 0.8952 train_roc: 0.9351 train_ap: 0.9255 time: 0.5024s
INFO:root:Epoch: 0480 val_loss: 1.1193 val_roc: 0.9047 val_ap: 0.9064
INFO:root:Epoch: 0485 lr: 0.01 train_loss: 0.8133 train_roc: 0.9277 train_ap: 0.9159 time: 0.5012s
INFO:root:Epoch: 0485 val_loss: 1.1294 val_roc: 0.9041 val_ap: 0.9061
INFO:root:Epoch: 0490 lr: 0.01 train_loss: 0.7721 train_roc: 0.9335 train_ap: 0.9221 time: 0.5010s
INFO:root:Epoch: 0490 val_loss: 1.1273 val_roc: 0.9043 val_ap: 0.9066
INFO:root:Epoch: 0495 lr: 0.01 train_loss: 0.7491 train_roc: 0.9400 train_ap: 0.9250 time: 0.4992s
INFO:root:Epoch: 0495 val_loss: 1.1220 val_roc: 0.9048 val_ap: 0.9071
INFO:root:Epoch: 0500 lr: 0.01 train_loss: 0.7137 train_roc: 0.9347 train_ap: 0.9164 time: 0.5013s
INFO:root:Epoch: 0500 val_loss: 1.1177 val_roc: 0.9049 val_ap: 0.9072
INFO:root:Epoch: 0505 lr: 0.01 train_loss: 0.9165 train_roc: 0.9496 train_ap: 0.9395 time: 0.5033s
INFO:root:Epoch: 0505 val_loss: 1.1130 val_roc: 0.9049 val_ap: 0.9071
INFO:root:Epoch: 0510 lr: 0.01 train_loss: 0.9067 train_roc: 0.9334 train_ap: 0.9207 time: 0.5033s
INFO:root:Epoch: 0510 val_loss: 1.1086 val_roc: 0.9050 val_ap: 0.9071
INFO:root:Epoch: 0515 lr: 0.01 train_loss: 0.7319 train_roc: 0.9420 train_ap: 0.9283 time: 0.4984s
INFO:root:Epoch: 0515 val_loss: 1.1048 val_roc: 0.9052 val_ap: 0.9073
INFO:root:Epoch: 0520 lr: 0.01 train_loss: 0.7950 train_roc: 0.9479 train_ap: 0.9358 time: 0.4984s
INFO:root:Epoch: 0520 val_loss: 1.1056 val_roc: 0.9049 val_ap: 0.9065
INFO:root:Epoch: 0525 lr: 0.01 train_loss: 1.0326 train_roc: 0.9250 train_ap: 0.9167 time: 0.4983s
INFO:root:Epoch: 0525 val_loss: 1.1114 val_roc: 0.9037 val_ap: 0.9051
INFO:root:Epoch: 0530 lr: 0.01 train_loss: 0.9117 train_roc: 0.9101 train_ap: 0.8889 time: 0.5064s
INFO:root:Epoch: 0530 val_loss: 1.1171 val_roc: 0.9028 val_ap: 0.9042
INFO:root:Epoch: 0535 lr: 0.01 train_loss: 0.9457 train_roc: 0.9303 train_ap: 0.9238 time: 0.5132s
INFO:root:Epoch: 0535 val_loss: 1.1225 val_roc: 0.9022 val_ap: 0.9035
INFO:root:Epoch: 0540 lr: 0.01 train_loss: 0.8911 train_roc: 0.9283 train_ap: 0.9205 time: 0.5010s
INFO:root:Epoch: 0540 val_loss: 1.1222 val_roc: 0.9021 val_ap: 0.9033
INFO:root:Epoch: 0545 lr: 0.01 train_loss: 0.9510 train_roc: 0.9352 train_ap: 0.9275 time: 0.5069s
INFO:root:Epoch: 0545 val_loss: 1.1246 val_roc: 0.9020 val_ap: 0.9031
INFO:root:Early stopping
INFO:root:Optimization Finished!
INFO:root:Total time elapsed: 425.5242s
INFO:root:Val set results: val_loss: 1.0618 val_roc: 0.9099 val_ap: 0.9099
INFO:root:Test set results: test_loss: 1.1067 test_roc: 0.8943 test_ap: 0.8978
