INFO:root:Using: cpu
INFO:root:Using seed 1234.
INFO:root:LPModel(
  (encoder): HypGCN(
    (layers): Sequential(
      (0): HyperbolicGraphConvolution(
        (linear): HypLinear(in_features=12, out_features=16, c=tensor([1.]))
        (agg): HypAgg(c=tensor([1.]), use_att=0)
        (hyp_act): HypAct(c_in=tensor([1.]), c_out=tensor([1.]))
      )
      (1): HyperbolicGraphConvolution(
        (linear): HypLinear(in_features=16, out_features=16, c=tensor([1.]))
        (agg): HypAgg(c=tensor([1.]), use_att=0)
        (hyp_act): HypAct(c_in=tensor([1.]), c_out=tensor([1.]))
      )
    )
  )
  (dc): FermiDiracDecoder()
)
INFO:root:Total number of parameters: 480
INFO:root:Epoch: 0005 lr: 0.01 train_loss: 1.6943 train_roc: 0.9274 train_ap: 0.9214 time: 0.2433s
INFO:root:Epoch: 0005 val_loss: 2.1435 val_roc: 0.8756 val_ap: 0.8888
INFO:root:Epoch: 0010 lr: 0.01 train_loss: 1.1587 train_roc: 0.9154 train_ap: 0.9141 time: 0.2414s
INFO:root:Epoch: 0010 val_loss: 2.0800 val_roc: 0.8755 val_ap: 0.8862
INFO:root:Epoch: 0015 lr: 0.01 train_loss: 1.6114 train_roc: 0.9212 train_ap: 0.9128 time: 0.2455s
INFO:root:Epoch: 0015 val_loss: 2.0078 val_roc: 0.8702 val_ap: 0.8779
INFO:root:Epoch: 0020 lr: 0.01 train_loss: 1.2616 train_roc: 0.8968 train_ap: 0.8942 time: 0.2528s
INFO:root:Epoch: 0020 val_loss: 1.9270 val_roc: 0.8715 val_ap: 0.8797
INFO:root:Epoch: 0025 lr: 0.01 train_loss: 1.4858 train_roc: 0.8993 train_ap: 0.9027 time: 0.2448s
INFO:root:Epoch: 0025 val_loss: 1.8287 val_roc: 0.8713 val_ap: 0.8803
INFO:root:Epoch: 0030 lr: 0.01 train_loss: 1.4875 train_roc: 0.9132 train_ap: 0.9136 time: 0.2419s
INFO:root:Epoch: 0030 val_loss: 1.7679 val_roc: 0.8743 val_ap: 0.8842
INFO:root:Epoch: 0035 lr: 0.01 train_loss: 1.8214 train_roc: 0.9559 train_ap: 0.9457 time: 0.2425s
INFO:root:Epoch: 0035 val_loss: 1.7324 val_roc: 0.8781 val_ap: 0.8884
INFO:root:Epoch: 0040 lr: 0.01 train_loss: 1.0695 train_roc: 0.9073 train_ap: 0.9051 time: 0.2423s
INFO:root:Epoch: 0040 val_loss: 1.6832 val_roc: 0.8800 val_ap: 0.8897
INFO:root:Epoch: 0045 lr: 0.01 train_loss: 1.5498 train_roc: 0.9337 train_ap: 0.9283 time: 0.2528s
INFO:root:Epoch: 0045 val_loss: 1.6707 val_roc: 0.8838 val_ap: 0.8927
INFO:root:Epoch: 0050 lr: 0.01 train_loss: 1.1271 train_roc: 0.9371 train_ap: 0.9301 time: 0.2477s
INFO:root:Epoch: 0050 val_loss: 1.6580 val_roc: 0.8867 val_ap: 0.8946
INFO:root:Epoch: 0055 lr: 0.01 train_loss: 1.4362 train_roc: 0.9360 train_ap: 0.9255 time: 0.2490s
INFO:root:Epoch: 0055 val_loss: 1.6162 val_roc: 0.8863 val_ap: 0.8940
INFO:root:Epoch: 0060 lr: 0.01 train_loss: 1.1515 train_roc: 0.9197 train_ap: 0.9179 time: 0.2436s
INFO:root:Epoch: 0060 val_loss: 1.6039 val_roc: 0.8875 val_ap: 0.8946
INFO:root:Epoch: 0065 lr: 0.01 train_loss: 1.1926 train_roc: 0.9080 train_ap: 0.9076 time: 0.2504s
INFO:root:Epoch: 0065 val_loss: 1.5799 val_roc: 0.8891 val_ap: 0.8953
INFO:root:Epoch: 0070 lr: 0.01 train_loss: 0.9362 train_roc: 0.9290 train_ap: 0.9267 time: 0.2425s
INFO:root:Epoch: 0070 val_loss: 1.5259 val_roc: 0.8890 val_ap: 0.8946
INFO:root:Epoch: 0075 lr: 0.01 train_loss: 1.3595 train_roc: 0.9019 train_ap: 0.8975 time: 0.2462s
INFO:root:Epoch: 0075 val_loss: 1.4604 val_roc: 0.8884 val_ap: 0.8938
INFO:root:Epoch: 0080 lr: 0.01 train_loss: 1.0113 train_roc: 0.9304 train_ap: 0.9195 time: 0.2541s
INFO:root:Epoch: 0080 val_loss: 1.4264 val_roc: 0.8890 val_ap: 0.8938
INFO:root:Epoch: 0085 lr: 0.01 train_loss: 1.2869 train_roc: 0.9281 train_ap: 0.9248 time: 0.2467s
INFO:root:Epoch: 0085 val_loss: 1.4036 val_roc: 0.8900 val_ap: 0.8941
INFO:root:Epoch: 0090 lr: 0.01 train_loss: 1.0865 train_roc: 0.9028 train_ap: 0.9044 time: 0.2449s
INFO:root:Epoch: 0090 val_loss: 1.4270 val_roc: 0.8941 val_ap: 0.8961
INFO:root:Epoch: 0095 lr: 0.01 train_loss: 0.9597 train_roc: 0.9196 train_ap: 0.9203 time: 0.2430s
INFO:root:Epoch: 0095 val_loss: 1.4500 val_roc: 0.8978 val_ap: 0.8980
INFO:root:Epoch: 0100 lr: 0.01 train_loss: 1.3149 train_roc: 0.9373 train_ap: 0.9367 time: 0.2499s
INFO:root:Epoch: 0100 val_loss: 1.4569 val_roc: 0.9006 val_ap: 0.8994
INFO:root:Epoch: 0105 lr: 0.01 train_loss: 1.4307 train_roc: 0.9447 train_ap: 0.9353 time: 0.2441s
INFO:root:Epoch: 0105 val_loss: 1.4440 val_roc: 0.9011 val_ap: 0.8996
INFO:root:Epoch: 0110 lr: 0.01 train_loss: 1.0251 train_roc: 0.9318 train_ap: 0.9293 time: 0.2452s
INFO:root:Epoch: 0110 val_loss: 1.4212 val_roc: 0.9016 val_ap: 0.8978
INFO:root:Epoch: 0115 lr: 0.01 train_loss: 1.6055 train_roc: 0.9309 train_ap: 0.9276 time: 0.2418s
INFO:root:Epoch: 0115 val_loss: 1.3989 val_roc: 0.9026 val_ap: 0.8985
INFO:root:Epoch: 0120 lr: 0.01 train_loss: 0.9796 train_roc: 0.9091 train_ap: 0.9032 time: 0.2436s
INFO:root:Epoch: 0120 val_loss: 1.3725 val_roc: 0.9027 val_ap: 0.8987
INFO:root:Epoch: 0125 lr: 0.01 train_loss: 0.9110 train_roc: 0.9345 train_ap: 0.9280 time: 0.2403s
INFO:root:Epoch: 0125 val_loss: 1.3640 val_roc: 0.9038 val_ap: 0.8992
INFO:root:Epoch: 0130 lr: 0.01 train_loss: 1.1855 train_roc: 0.9434 train_ap: 0.9362 time: 0.2437s
INFO:root:Epoch: 0130 val_loss: 1.3518 val_roc: 0.9039 val_ap: 0.8989
INFO:root:Epoch: 0135 lr: 0.01 train_loss: 0.8351 train_roc: 0.9400 train_ap: 0.9308 time: 0.2425s
INFO:root:Epoch: 0135 val_loss: 1.3209 val_roc: 0.9024 val_ap: 0.8979
INFO:root:Epoch: 0140 lr: 0.01 train_loss: 0.7246 train_roc: 0.9346 train_ap: 0.9277 time: 0.2513s
INFO:root:Epoch: 0140 val_loss: 1.2834 val_roc: 0.9011 val_ap: 0.8969
INFO:root:Epoch: 0145 lr: 0.01 train_loss: 0.8108 train_roc: 0.9361 train_ap: 0.9307 time: 0.2461s
INFO:root:Epoch: 0145 val_loss: 1.2541 val_roc: 0.9003 val_ap: 0.8965
INFO:root:Epoch: 0150 lr: 0.01 train_loss: 1.6159 train_roc: 0.9002 train_ap: 0.8950 time: 0.2418s
INFO:root:Epoch: 0150 val_loss: 1.2799 val_roc: 0.9035 val_ap: 0.8994
INFO:root:Epoch: 0155 lr: 0.01 train_loss: 0.8536 train_roc: 0.9284 train_ap: 0.9208 time: 0.2501s
INFO:root:Epoch: 0155 val_loss: 1.3248 val_roc: 0.9079 val_ap: 0.9029
INFO:root:Epoch: 0160 lr: 0.01 train_loss: 1.1549 train_roc: 0.9362 train_ap: 0.9311 time: 0.2556s
INFO:root:Epoch: 0160 val_loss: 1.3407 val_roc: 0.9100 val_ap: 0.9042
INFO:root:Epoch: 0165 lr: 0.01 train_loss: 0.8392 train_roc: 0.9160 train_ap: 0.9058 time: 0.2530s
INFO:root:Epoch: 0165 val_loss: 1.3317 val_roc: 0.9108 val_ap: 0.9043
INFO:root:Epoch: 0170 lr: 0.01 train_loss: 1.3800 train_roc: 0.9419 train_ap: 0.9293 time: 0.2411s
INFO:root:Epoch: 0170 val_loss: 1.3138 val_roc: 0.9107 val_ap: 0.9042
INFO:root:Epoch: 0175 lr: 0.01 train_loss: 0.9860 train_roc: 0.9140 train_ap: 0.9125 time: 0.2412s
INFO:root:Epoch: 0175 val_loss: 1.2987 val_roc: 0.9110 val_ap: 0.9044
INFO:root:Epoch: 0180 lr: 0.01 train_loss: 0.9202 train_roc: 0.9304 train_ap: 0.9259 time: 0.2424s
INFO:root:Epoch: 0180 val_loss: 1.2791 val_roc: 0.9105 val_ap: 0.9044
INFO:root:Epoch: 0185 lr: 0.01 train_loss: 1.2625 train_roc: 0.8879 train_ap: 0.8742 time: 0.2497s
INFO:root:Epoch: 0185 val_loss: 1.2626 val_roc: 0.9099 val_ap: 0.9042
INFO:root:Epoch: 0190 lr: 0.01 train_loss: 1.4928 train_roc: 0.9349 train_ap: 0.9331 time: 0.2414s
INFO:root:Epoch: 0190 val_loss: 1.2608 val_roc: 0.9104 val_ap: 0.9041
INFO:root:Epoch: 0195 lr: 0.01 train_loss: 0.9941 train_roc: 0.9344 train_ap: 0.9303 time: 0.2416s
INFO:root:Epoch: 0195 val_loss: 1.2402 val_roc: 0.9093 val_ap: 0.9035
INFO:root:Epoch: 0200 lr: 0.01 train_loss: 0.9219 train_roc: 0.9186 train_ap: 0.9149 time: 0.2409s
INFO:root:Epoch: 0200 val_loss: 1.2148 val_roc: 0.9076 val_ap: 0.9027
INFO:root:Epoch: 0205 lr: 0.01 train_loss: 0.8843 train_roc: 0.9155 train_ap: 0.9130 time: 0.2470s
INFO:root:Epoch: 0205 val_loss: 1.1917 val_roc: 0.9059 val_ap: 0.9012
INFO:root:Epoch: 0210 lr: 0.01 train_loss: 0.7675 train_roc: 0.9454 train_ap: 0.9407 time: 0.2415s
INFO:root:Epoch: 0210 val_loss: 1.2091 val_roc: 0.9074 val_ap: 0.9018
INFO:root:Epoch: 0215 lr: 0.01 train_loss: 0.9798 train_roc: 0.9186 train_ap: 0.9179 time: 0.2448s
INFO:root:Epoch: 0215 val_loss: 1.2187 val_roc: 0.9085 val_ap: 0.9027
INFO:root:Epoch: 0220 lr: 0.01 train_loss: 0.9908 train_roc: 0.9261 train_ap: 0.9138 time: 0.2448s
INFO:root:Epoch: 0220 val_loss: 1.2238 val_roc: 0.9088 val_ap: 0.9031
INFO:root:Epoch: 0225 lr: 0.01 train_loss: 1.1247 train_roc: 0.9162 train_ap: 0.9157 time: 0.2448s
INFO:root:Epoch: 0225 val_loss: 1.2182 val_roc: 0.9080 val_ap: 0.9022
INFO:root:Epoch: 0230 lr: 0.01 train_loss: 0.9180 train_roc: 0.9297 train_ap: 0.9217 time: 0.2543s
INFO:root:Epoch: 0230 val_loss: 1.1918 val_roc: 0.9058 val_ap: 0.9012
INFO:root:Epoch: 0235 lr: 0.01 train_loss: 0.8303 train_roc: 0.9256 train_ap: 0.9206 time: 0.2423s
INFO:root:Epoch: 0235 val_loss: 1.1547 val_roc: 0.9034 val_ap: 0.8997
INFO:root:Epoch: 0240 lr: 0.01 train_loss: 1.1421 train_roc: 0.9143 train_ap: 0.9182 time: 0.2490s
INFO:root:Epoch: 0240 val_loss: 1.1415 val_roc: 0.9030 val_ap: 0.8991
INFO:root:Epoch: 0245 lr: 0.01 train_loss: 0.9931 train_roc: 0.9203 train_ap: 0.9139 time: 0.2479s
INFO:root:Epoch: 0245 val_loss: 1.1595 val_roc: 0.9061 val_ap: 0.8996
INFO:root:Epoch: 0250 lr: 0.01 train_loss: 0.7803 train_roc: 0.9461 train_ap: 0.9379 time: 0.2420s
INFO:root:Epoch: 0250 val_loss: 1.1965 val_roc: 0.9099 val_ap: 0.9024
INFO:root:Epoch: 0255 lr: 0.01 train_loss: 0.9381 train_roc: 0.9449 train_ap: 0.9338 time: 0.2428s
INFO:root:Epoch: 0255 val_loss: 1.2087 val_roc: 0.9108 val_ap: 0.9030
INFO:root:Epoch: 0260 lr: 0.01 train_loss: 0.7601 train_roc: 0.9352 train_ap: 0.9318 time: 0.2485s
INFO:root:Epoch: 0260 val_loss: 1.1930 val_roc: 0.9093 val_ap: 0.9027
INFO:root:Epoch: 0265 lr: 0.01 train_loss: 0.8327 train_roc: 0.9275 train_ap: 0.9226 time: 0.2405s
INFO:root:Epoch: 0265 val_loss: 1.1889 val_roc: 0.9094 val_ap: 0.9034
INFO:root:Epoch: 0270 lr: 0.01 train_loss: 1.2411 train_roc: 0.9534 train_ap: 0.9477 time: 0.2500s
INFO:root:Epoch: 0270 val_loss: 1.2064 val_roc: 0.9108 val_ap: 0.9035
INFO:root:Epoch: 0275 lr: 0.01 train_loss: 0.8505 train_roc: 0.9248 train_ap: 0.9155 time: 0.2462s
INFO:root:Epoch: 0275 val_loss: 1.2263 val_roc: 0.9124 val_ap: 0.9041
INFO:root:Epoch: 0280 lr: 0.01 train_loss: 0.8009 train_roc: 0.9197 train_ap: 0.9116 time: 0.2561s
INFO:root:Epoch: 0280 val_loss: 1.2276 val_roc: 0.9128 val_ap: 0.9049
INFO:root:Epoch: 0285 lr: 0.01 train_loss: 0.7225 train_roc: 0.9340 train_ap: 0.9237 time: 0.2468s
INFO:root:Epoch: 0285 val_loss: 1.2186 val_roc: 0.9127 val_ap: 0.9056
INFO:root:Epoch: 0290 lr: 0.01 train_loss: 0.8154 train_roc: 0.9305 train_ap: 0.9160 time: 0.2481s
INFO:root:Epoch: 0290 val_loss: 1.1953 val_roc: 0.9123 val_ap: 0.9054
INFO:root:Epoch: 0295 lr: 0.01 train_loss: 0.7456 train_roc: 0.9348 train_ap: 0.9192 time: 0.2449s
INFO:root:Epoch: 0295 val_loss: 1.2010 val_roc: 0.9128 val_ap: 0.9049
INFO:root:Epoch: 0300 lr: 0.01 train_loss: 0.9135 train_roc: 0.9374 train_ap: 0.9325 time: 0.2435s
INFO:root:Epoch: 0300 val_loss: 1.2176 val_roc: 0.9134 val_ap: 0.9041
INFO:root:Epoch: 0305 lr: 0.01 train_loss: 0.7656 train_roc: 0.9267 train_ap: 0.9130 time: 0.2419s
INFO:root:Epoch: 0305 val_loss: 1.2142 val_roc: 0.9137 val_ap: 0.9037
INFO:root:Epoch: 0310 lr: 0.01 train_loss: 1.3583 train_roc: 0.9294 train_ap: 0.9179 time: 0.2439s
INFO:root:Epoch: 0310 val_loss: 1.2078 val_roc: 0.9143 val_ap: 0.9044
INFO:root:Epoch: 0315 lr: 0.01 train_loss: 0.8569 train_roc: 0.9334 train_ap: 0.9282 time: 0.2433s
INFO:root:Epoch: 0315 val_loss: 1.1899 val_roc: 0.9140 val_ap: 0.9045
INFO:root:Epoch: 0320 lr: 0.01 train_loss: 0.9735 train_roc: 0.9127 train_ap: 0.9077 time: 0.2392s
INFO:root:Epoch: 0320 val_loss: 1.1749 val_roc: 0.9140 val_ap: 0.9047
INFO:root:Epoch: 0325 lr: 0.01 train_loss: 0.8523 train_roc: 0.9340 train_ap: 0.9257 time: 0.2417s
INFO:root:Epoch: 0325 val_loss: 1.1807 val_roc: 0.9157 val_ap: 0.9060
INFO:root:Epoch: 0330 lr: 0.01 train_loss: 1.1040 train_roc: 0.9453 train_ap: 0.9299 time: 0.2468s
INFO:root:Epoch: 0330 val_loss: 1.1865 val_roc: 0.9181 val_ap: 0.9083
INFO:root:Epoch: 0335 lr: 0.01 train_loss: 0.9615 train_roc: 0.9437 train_ap: 0.9366 time: 0.2417s
INFO:root:Epoch: 0335 val_loss: 1.1702 val_roc: 0.9186 val_ap: 0.9085
INFO:root:Epoch: 0340 lr: 0.01 train_loss: 1.0475 train_roc: 0.9071 train_ap: 0.8977 time: 0.2458s
INFO:root:Epoch: 0340 val_loss: 1.2161 val_roc: 0.9207 val_ap: 0.9092
INFO:root:Epoch: 0345 lr: 0.01 train_loss: 0.9425 train_roc: 0.9453 train_ap: 0.9383 time: 0.2458s
INFO:root:Epoch: 0345 val_loss: 1.2517 val_roc: 0.9220 val_ap: 0.9098
INFO:root:Epoch: 0350 lr: 0.01 train_loss: 0.8734 train_roc: 0.9478 train_ap: 0.9367 time: 0.2452s
INFO:root:Epoch: 0350 val_loss: 1.2524 val_roc: 0.9223 val_ap: 0.9113
INFO:root:Epoch: 0355 lr: 0.01 train_loss: 0.9424 train_roc: 0.9467 train_ap: 0.9394 time: 0.2436s
INFO:root:Epoch: 0355 val_loss: 1.2379 val_roc: 0.9220 val_ap: 0.9114
INFO:root:Epoch: 0360 lr: 0.01 train_loss: 0.6920 train_roc: 0.9420 train_ap: 0.9344 time: 0.2459s
INFO:root:Epoch: 0360 val_loss: 1.2088 val_roc: 0.9217 val_ap: 0.9127
INFO:root:Epoch: 0365 lr: 0.01 train_loss: 0.9621 train_roc: 0.9360 train_ap: 0.9243 time: 0.2425s
INFO:root:Epoch: 0365 val_loss: 1.1846 val_roc: 0.9208 val_ap: 0.9125
INFO:root:Epoch: 0370 lr: 0.01 train_loss: 0.8024 train_roc: 0.9172 train_ap: 0.9095 time: 0.2457s
INFO:root:Epoch: 0370 val_loss: 1.1571 val_roc: 0.9197 val_ap: 0.9124
INFO:root:Epoch: 0375 lr: 0.01 train_loss: 0.8446 train_roc: 0.9287 train_ap: 0.9248 time: 0.2453s
INFO:root:Epoch: 0375 val_loss: 1.1472 val_roc: 0.9196 val_ap: 0.9121
INFO:root:Epoch: 0380 lr: 0.01 train_loss: 0.7491 train_roc: 0.9424 train_ap: 0.9357 time: 0.2422s
INFO:root:Epoch: 0380 val_loss: 1.1412 val_roc: 0.9192 val_ap: 0.9111
INFO:root:Epoch: 0385 lr: 0.01 train_loss: 1.0067 train_roc: 0.9424 train_ap: 0.9302 time: 0.2412s
INFO:root:Epoch: 0385 val_loss: 1.1546 val_roc: 0.9197 val_ap: 0.9110
INFO:root:Epoch: 0390 lr: 0.01 train_loss: 1.1464 train_roc: 0.9418 train_ap: 0.9326 time: 0.2433s
INFO:root:Epoch: 0390 val_loss: 1.1759 val_roc: 0.9203 val_ap: 0.9083
INFO:root:Epoch: 0395 lr: 0.01 train_loss: 0.9274 train_roc: 0.9345 train_ap: 0.9276 time: 0.2433s
INFO:root:Epoch: 0395 val_loss: 1.1553 val_roc: 0.9202 val_ap: 0.9074
INFO:root:Epoch: 0400 lr: 0.01 train_loss: 0.8070 train_roc: 0.9260 train_ap: 0.9229 time: 0.2416s
INFO:root:Epoch: 0400 val_loss: 1.1288 val_roc: 0.9197 val_ap: 0.9075
INFO:root:Epoch: 0405 lr: 0.01 train_loss: 0.8123 train_roc: 0.9356 train_ap: 0.9269 time: 0.2439s
INFO:root:Epoch: 0405 val_loss: 1.0941 val_roc: 0.9188 val_ap: 0.9072
INFO:root:Epoch: 0410 lr: 0.01 train_loss: 0.8888 train_roc: 0.9202 train_ap: 0.9172 time: 0.2419s
INFO:root:Epoch: 0410 val_loss: 1.0613 val_roc: 0.9182 val_ap: 0.9069
INFO:root:Epoch: 0415 lr: 0.01 train_loss: 0.7139 train_roc: 0.9340 train_ap: 0.9222 time: 0.2483s
INFO:root:Epoch: 0415 val_loss: 1.0361 val_roc: 0.9177 val_ap: 0.9068
INFO:root:Epoch: 0420 lr: 0.01 train_loss: 0.8921 train_roc: 0.9124 train_ap: 0.9004 time: 0.2539s
INFO:root:Epoch: 0420 val_loss: 1.0439 val_roc: 0.9189 val_ap: 0.9080
INFO:root:Epoch: 0425 lr: 0.01 train_loss: 1.0036 train_roc: 0.9183 train_ap: 0.9135 time: 0.2412s
INFO:root:Epoch: 0425 val_loss: 1.0814 val_roc: 0.9202 val_ap: 0.9101
INFO:root:Epoch: 0430 lr: 0.01 train_loss: 0.7915 train_roc: 0.9380 train_ap: 0.9340 time: 0.2427s
INFO:root:Epoch: 0430 val_loss: 1.1581 val_roc: 0.9197 val_ap: 0.9081
INFO:root:Epoch: 0435 lr: 0.01 train_loss: 0.9636 train_roc: 0.9211 train_ap: 0.9187 time: 0.2500s
INFO:root:Epoch: 0435 val_loss: 1.1937 val_roc: 0.9212 val_ap: 0.9084
INFO:root:Epoch: 0440 lr: 0.01 train_loss: 1.6578 train_roc: 0.9074 train_ap: 0.8952 time: 0.2521s
INFO:root:Epoch: 0440 val_loss: 1.2097 val_roc: 0.9228 val_ap: 0.9089
INFO:root:Epoch: 0445 lr: 0.01 train_loss: 0.8218 train_roc: 0.9355 train_ap: 0.9281 time: 0.2463s
INFO:root:Epoch: 0445 val_loss: 1.2027 val_roc: 0.9236 val_ap: 0.9096
INFO:root:Epoch: 0450 lr: 0.01 train_loss: 1.0632 train_roc: 0.9508 train_ap: 0.9381 time: 0.2420s
INFO:root:Epoch: 0450 val_loss: 1.1806 val_roc: 0.9238 val_ap: 0.9101
INFO:root:Epoch: 0455 lr: 0.01 train_loss: 0.8603 train_roc: 0.9345 train_ap: 0.9297 time: 0.2458s
INFO:root:Epoch: 0455 val_loss: 1.1460 val_roc: 0.9234 val_ap: 0.9092
INFO:root:Epoch: 0460 lr: 0.01 train_loss: 0.9148 train_roc: 0.9198 train_ap: 0.9060 time: 0.2460s
INFO:root:Epoch: 0460 val_loss: 1.1145 val_roc: 0.9226 val_ap: 0.9090
INFO:root:Epoch: 0465 lr: 0.01 train_loss: 0.9048 train_roc: 0.9475 train_ap: 0.9373 time: 0.2448s
INFO:root:Epoch: 0465 val_loss: 1.0735 val_roc: 0.9211 val_ap: 0.9093
INFO:root:Epoch: 0470 lr: 0.01 train_loss: 0.8034 train_roc: 0.9304 train_ap: 0.9201 time: 0.2452s
INFO:root:Epoch: 0470 val_loss: 1.0546 val_roc: 0.9194 val_ap: 0.9087
INFO:root:Epoch: 0475 lr: 0.01 train_loss: 0.9610 train_roc: 0.9461 train_ap: 0.9370 time: 0.2485s
INFO:root:Epoch: 0475 val_loss: 1.0490 val_roc: 0.9183 val_ap: 0.9080
INFO:root:Epoch: 0480 lr: 0.01 train_loss: 0.8791 train_roc: 0.9383 train_ap: 0.9344 time: 0.2412s
INFO:root:Epoch: 0480 val_loss: 1.0416 val_roc: 0.9171 val_ap: 0.9076
INFO:root:Epoch: 0485 lr: 0.01 train_loss: 0.7524 train_roc: 0.9326 train_ap: 0.9257 time: 0.2486s
INFO:root:Epoch: 0485 val_loss: 1.0632 val_roc: 0.9184 val_ap: 0.9071
INFO:root:Epoch: 0490 lr: 0.01 train_loss: 0.8932 train_roc: 0.9486 train_ap: 0.9347 time: 0.2433s
INFO:root:Epoch: 0490 val_loss: 1.0825 val_roc: 0.9199 val_ap: 0.9068
INFO:root:Epoch: 0495 lr: 0.01 train_loss: 0.7681 train_roc: 0.9366 train_ap: 0.9274 time: 0.2446s
INFO:root:Epoch: 0495 val_loss: 1.0748 val_roc: 0.9208 val_ap: 0.9070
INFO:root:Epoch: 0500 lr: 0.01 train_loss: 0.6862 train_roc: 0.9507 train_ap: 0.9409 time: 0.2524s
INFO:root:Epoch: 0500 val_loss: 1.0673 val_roc: 0.9213 val_ap: 0.9080
INFO:root:Epoch: 0505 lr: 0.01 train_loss: 1.0273 train_roc: 0.9416 train_ap: 0.9295 time: 0.2417s
INFO:root:Epoch: 0505 val_loss: 1.0442 val_roc: 0.9211 val_ap: 0.9096
INFO:root:Epoch: 0510 lr: 0.01 train_loss: 1.1586 train_roc: 0.9298 train_ap: 0.9212 time: 0.2443s
INFO:root:Epoch: 0510 val_loss: 1.0329 val_roc: 0.9209 val_ap: 0.9109
INFO:root:Epoch: 0515 lr: 0.01 train_loss: 0.7804 train_roc: 0.9452 train_ap: 0.9346 time: 0.2416s
INFO:root:Epoch: 0515 val_loss: 1.0400 val_roc: 0.9212 val_ap: 0.9112
INFO:root:Epoch: 0520 lr: 0.01 train_loss: 0.8693 train_roc: 0.9414 train_ap: 0.9355 time: 0.2428s
INFO:root:Epoch: 0520 val_loss: 1.0336 val_roc: 0.9209 val_ap: 0.9100
INFO:root:Epoch: 0525 lr: 0.01 train_loss: 0.9810 train_roc: 0.9363 train_ap: 0.9338 time: 0.2473s
INFO:root:Epoch: 0525 val_loss: 1.0031 val_roc: 0.9196 val_ap: 0.9087
INFO:root:Epoch: 0530 lr: 0.01 train_loss: 0.9163 train_roc: 0.9204 train_ap: 0.9130 time: 0.2464s
INFO:root:Epoch: 0530 val_loss: 1.0144 val_roc: 0.9204 val_ap: 0.9091
INFO:root:Epoch: 0535 lr: 0.01 train_loss: 0.6619 train_roc: 0.9416 train_ap: 0.9302 time: 0.2445s
INFO:root:Epoch: 0535 val_loss: 1.0371 val_roc: 0.9214 val_ap: 0.9104
INFO:root:Epoch: 0540 lr: 0.01 train_loss: 0.7856 train_roc: 0.9282 train_ap: 0.9220 time: 0.2396s
INFO:root:Epoch: 0540 val_loss: 1.0607 val_roc: 0.9216 val_ap: 0.9102
INFO:root:Epoch: 0545 lr: 0.01 train_loss: 1.3380 train_roc: 0.9390 train_ap: 0.9292 time: 0.2407s
INFO:root:Epoch: 0545 val_loss: 1.0632 val_roc: 0.9217 val_ap: 0.9099
INFO:root:Early stopping
INFO:root:Optimization Finished!
INFO:root:Total time elapsed: 195.3348s
INFO:root:Val set results: val_loss: 1.1908 val_roc: 0.9240 val_ap: 0.9109
INFO:root:Test set results: test_loss: 1.1895 test_roc: 0.9199 test_ap: 0.9124
