INFO:root:Using: cpu
INFO:root:Using seed 1234.
INFO:root:LPModel(
  (encoder): HypGCN(
    (layers): Sequential(
      (0): HyperbolicGraphConvolution(
        (linear): HypLinear(in_features=12, out_features=16, c=tensor([1.]))
        (agg): HypAgg(c=tensor([1.]), use_att=0)
        (hyp_act): HypAct(c_in=tensor([1.]), c_out=tensor([1.]))
      )
      (1): HyperbolicGraphConvolution(
        (linear): HypLinear(in_features=16, out_features=16, c=tensor([1.]))
        (agg): HypAgg(c=tensor([1.]), use_att=0)
        (hyp_act): HypAct(c_in=tensor([1.]), c_out=tensor([1.]))
      )
    )
  )
  (dc): FermiDiracDecoder()
)
INFO:root:Total number of parameters: 480
INFO:root:Epoch: 0005 lr: 0.01 train_loss: 1.6758 train_roc: 0.9284 train_ap: 0.9220 time: 0.3218s
INFO:root:Epoch: 0005 val_loss: 2.1246 val_roc: 0.8810 val_ap: 0.8941
INFO:root:Epoch: 0010 lr: 0.01 train_loss: 1.1307 train_roc: 0.9232 train_ap: 0.9218 time: 0.3177s
INFO:root:Epoch: 0010 val_loss: 2.0594 val_roc: 0.8815 val_ap: 0.8932
INFO:root:Epoch: 0015 lr: 0.01 train_loss: 1.4329 train_roc: 0.9276 train_ap: 0.9165 time: 0.3171s
INFO:root:Epoch: 0015 val_loss: 1.9825 val_roc: 0.8797 val_ap: 0.8884
INFO:root:Epoch: 0020 lr: 0.01 train_loss: 1.1860 train_roc: 0.9124 train_ap: 0.9102 time: 0.3168s
INFO:root:Epoch: 0020 val_loss: 1.8939 val_roc: 0.8812 val_ap: 0.8892
INFO:root:Epoch: 0025 lr: 0.01 train_loss: 1.3957 train_roc: 0.9091 train_ap: 0.9089 time: 0.3146s
INFO:root:Epoch: 0025 val_loss: 1.7877 val_roc: 0.8818 val_ap: 0.8903
INFO:root:Epoch: 0030 lr: 0.01 train_loss: 1.3425 train_roc: 0.9231 train_ap: 0.9219 time: 0.3195s
INFO:root:Epoch: 0030 val_loss: 1.7185 val_roc: 0.8856 val_ap: 0.8942
INFO:root:Epoch: 0035 lr: 0.01 train_loss: 1.6667 train_roc: 0.9627 train_ap: 0.9504 time: 0.3244s
INFO:root:Epoch: 0035 val_loss: 1.6692 val_roc: 0.8901 val_ap: 0.8983
INFO:root:Epoch: 0040 lr: 0.01 train_loss: 0.9762 train_roc: 0.9204 train_ap: 0.9173 time: 0.3191s
INFO:root:Epoch: 0040 val_loss: 1.6032 val_roc: 0.8921 val_ap: 0.8989
INFO:root:Epoch: 0045 lr: 0.01 train_loss: 1.2983 train_roc: 0.9500 train_ap: 0.9397 time: 0.3162s
INFO:root:Epoch: 0045 val_loss: 1.5683 val_roc: 0.8954 val_ap: 0.9012
INFO:root:Epoch: 0050 lr: 0.01 train_loss: 0.9502 train_roc: 0.9469 train_ap: 0.9373 time: 0.3264s
INFO:root:Epoch: 0050 val_loss: 1.5358 val_roc: 0.8978 val_ap: 0.9024
INFO:root:Epoch: 0055 lr: 0.01 train_loss: 1.1609 train_roc: 0.9408 train_ap: 0.9284 time: 0.3220s
INFO:root:Epoch: 0055 val_loss: 1.4856 val_roc: 0.8979 val_ap: 0.9021
INFO:root:Epoch: 0060 lr: 0.01 train_loss: 0.9579 train_roc: 0.9330 train_ap: 0.9282 time: 0.3190s
INFO:root:Epoch: 0060 val_loss: 1.4641 val_roc: 0.8994 val_ap: 0.9021
INFO:root:Epoch: 0065 lr: 0.01 train_loss: 1.1616 train_roc: 0.9164 train_ap: 0.9151 time: 0.3200s
INFO:root:Epoch: 0065 val_loss: 1.4364 val_roc: 0.9008 val_ap: 0.9022
INFO:root:Epoch: 0070 lr: 0.01 train_loss: 0.8655 train_roc: 0.9405 train_ap: 0.9352 time: 0.3288s
INFO:root:Epoch: 0070 val_loss: 1.3810 val_roc: 0.9011 val_ap: 0.9010
INFO:root:Epoch: 0075 lr: 0.01 train_loss: 1.1492 train_roc: 0.9111 train_ap: 0.9082 time: 0.3196s
INFO:root:Epoch: 0075 val_loss: 1.3169 val_roc: 0.9017 val_ap: 0.9000
INFO:root:Epoch: 0080 lr: 0.01 train_loss: 0.8470 train_roc: 0.9287 train_ap: 0.9141 time: 0.3155s
INFO:root:Epoch: 0080 val_loss: 1.2836 val_roc: 0.9026 val_ap: 0.9001
INFO:root:Epoch: 0085 lr: 0.01 train_loss: 1.0584 train_roc: 0.9377 train_ap: 0.9296 time: 0.3213s
INFO:root:Epoch: 0085 val_loss: 1.2561 val_roc: 0.9035 val_ap: 0.9005
INFO:root:Epoch: 0090 lr: 0.01 train_loss: 0.9569 train_roc: 0.9186 train_ap: 0.9152 time: 0.3139s
INFO:root:Epoch: 0090 val_loss: 1.2482 val_roc: 0.9058 val_ap: 0.9022
INFO:root:Epoch: 0095 lr: 0.01 train_loss: 0.8516 train_roc: 0.9263 train_ap: 0.9221 time: 0.3209s
INFO:root:Epoch: 0095 val_loss: 1.2498 val_roc: 0.9075 val_ap: 0.9025
INFO:root:Epoch: 0100 lr: 0.01 train_loss: 1.0074 train_roc: 0.9459 train_ap: 0.9427 time: 0.3164s
INFO:root:Epoch: 0100 val_loss: 1.2480 val_roc: 0.9088 val_ap: 0.9028
INFO:root:Epoch: 0105 lr: 0.01 train_loss: 1.4082 train_roc: 0.9412 train_ap: 0.9310 time: 0.3177s
INFO:root:Epoch: 0105 val_loss: 1.2387 val_roc: 0.9096 val_ap: 0.9038
INFO:root:Epoch: 0110 lr: 0.01 train_loss: 0.8888 train_roc: 0.9372 train_ap: 0.9327 time: 0.3195s
INFO:root:Epoch: 0110 val_loss: 1.2219 val_roc: 0.9106 val_ap: 0.9050
INFO:root:Epoch: 0115 lr: 0.01 train_loss: 1.3370 train_roc: 0.9397 train_ap: 0.9309 time: 0.3211s
INFO:root:Epoch: 0115 val_loss: 1.1967 val_roc: 0.9118 val_ap: 0.9060
INFO:root:Epoch: 0120 lr: 0.01 train_loss: 0.8859 train_roc: 0.9152 train_ap: 0.9066 time: 0.3192s
INFO:root:Epoch: 0120 val_loss: 1.1752 val_roc: 0.9129 val_ap: 0.9068
INFO:root:Epoch: 0125 lr: 0.01 train_loss: 0.9042 train_roc: 0.9358 train_ap: 0.9270 time: 0.3147s
INFO:root:Epoch: 0125 val_loss: 1.1677 val_roc: 0.9148 val_ap: 0.9078
INFO:root:Epoch: 0130 lr: 0.01 train_loss: 0.9421 train_roc: 0.9484 train_ap: 0.9395 time: 0.3224s
INFO:root:Epoch: 0130 val_loss: 1.1466 val_roc: 0.9159 val_ap: 0.9076
INFO:root:Epoch: 0135 lr: 0.01 train_loss: 0.6999 train_roc: 0.9461 train_ap: 0.9358 time: 0.3136s
INFO:root:Epoch: 0135 val_loss: 1.1143 val_roc: 0.9159 val_ap: 0.9086
INFO:root:Epoch: 0140 lr: 0.01 train_loss: 0.6905 train_roc: 0.9454 train_ap: 0.9376 time: 0.3177s
INFO:root:Epoch: 0140 val_loss: 1.0838 val_roc: 0.9158 val_ap: 0.9091
INFO:root:Epoch: 0145 lr: 0.01 train_loss: 0.7265 train_roc: 0.9534 train_ap: 0.9429 time: 0.3201s
INFO:root:Epoch: 0145 val_loss: 1.0621 val_roc: 0.9158 val_ap: 0.9097
INFO:root:Epoch: 0150 lr: 0.01 train_loss: 1.0553 train_roc: 0.9154 train_ap: 0.9083 time: 0.3185s
INFO:root:Epoch: 0150 val_loss: 1.0597 val_roc: 0.9178 val_ap: 0.9119
INFO:root:Epoch: 0155 lr: 0.01 train_loss: 0.7122 train_roc: 0.9405 train_ap: 0.9280 time: 0.3230s
INFO:root:Epoch: 0155 val_loss: 1.0703 val_roc: 0.9200 val_ap: 0.9139
INFO:root:Epoch: 0160 lr: 0.01 train_loss: 0.9973 train_roc: 0.9404 train_ap: 0.9339 time: 0.3285s
INFO:root:Epoch: 0160 val_loss: 1.0742 val_roc: 0.9211 val_ap: 0.9146
INFO:root:Epoch: 0165 lr: 0.01 train_loss: 0.7641 train_roc: 0.9304 train_ap: 0.9152 time: 0.3190s
INFO:root:Epoch: 0165 val_loss: 1.0639 val_roc: 0.9222 val_ap: 0.9153
INFO:root:Epoch: 0170 lr: 0.01 train_loss: 1.1564 train_roc: 0.9495 train_ap: 0.9342 time: 0.3217s
INFO:root:Epoch: 0170 val_loss: 1.0499 val_roc: 0.9228 val_ap: 0.9155
INFO:root:Epoch: 0175 lr: 0.01 train_loss: 0.8402 train_roc: 0.9327 train_ap: 0.9275 time: 0.3192s
INFO:root:Epoch: 0175 val_loss: 1.0437 val_roc: 0.9233 val_ap: 0.9161
INFO:root:Epoch: 0180 lr: 0.01 train_loss: 0.8405 train_roc: 0.9358 train_ap: 0.9281 time: 0.3211s
INFO:root:Epoch: 0180 val_loss: 1.0287 val_roc: 0.9236 val_ap: 0.9161
INFO:root:Epoch: 0185 lr: 0.01 train_loss: 1.0686 train_roc: 0.8942 train_ap: 0.8774 time: 0.3207s
INFO:root:Epoch: 0185 val_loss: 1.0276 val_roc: 0.9234 val_ap: 0.9163
INFO:root:Epoch: 0190 lr: 0.01 train_loss: 1.2940 train_roc: 0.9411 train_ap: 0.9361 time: 0.3177s
INFO:root:Epoch: 0190 val_loss: 1.0368 val_roc: 0.9234 val_ap: 0.9171
INFO:root:Epoch: 0195 lr: 0.01 train_loss: 0.7832 train_roc: 0.9492 train_ap: 0.9397 time: 0.3239s
INFO:root:Epoch: 0195 val_loss: 1.0305 val_roc: 0.9235 val_ap: 0.9179
INFO:root:Epoch: 0200 lr: 0.01 train_loss: 0.8004 train_roc: 0.9302 train_ap: 0.9226 time: 0.3166s
INFO:root:Epoch: 0200 val_loss: 1.0269 val_roc: 0.9229 val_ap: 0.9182
INFO:root:Epoch: 0205 lr: 0.01 train_loss: 0.7276 train_roc: 0.9306 train_ap: 0.9218 time: 0.3425s
INFO:root:Epoch: 0205 val_loss: 1.0259 val_roc: 0.9222 val_ap: 0.9179
INFO:root:Epoch: 0210 lr: 0.01 train_loss: 0.6365 train_roc: 0.9563 train_ap: 0.9471 time: 0.3219s
INFO:root:Epoch: 0210 val_loss: 1.0445 val_roc: 0.9235 val_ap: 0.9185
INFO:root:Epoch: 0215 lr: 0.01 train_loss: 0.7553 train_roc: 0.9384 train_ap: 0.9335 time: 0.3357s
INFO:root:Epoch: 0215 val_loss: 1.0524 val_roc: 0.9242 val_ap: 0.9191
INFO:root:Epoch: 0220 lr: 0.01 train_loss: 0.9023 train_roc: 0.9309 train_ap: 0.9202 time: 0.3177s
INFO:root:Epoch: 0220 val_loss: 1.0589 val_roc: 0.9247 val_ap: 0.9197
INFO:root:Epoch: 0225 lr: 0.01 train_loss: 1.0674 train_roc: 0.9310 train_ap: 0.9281 time: 0.3212s
INFO:root:Epoch: 0225 val_loss: 1.0566 val_roc: 0.9241 val_ap: 0.9189
INFO:root:Epoch: 0230 lr: 0.01 train_loss: 0.8594 train_roc: 0.9365 train_ap: 0.9253 time: 0.3193s
INFO:root:Epoch: 0230 val_loss: 1.0264 val_roc: 0.9234 val_ap: 0.9175
INFO:root:Epoch: 0235 lr: 0.01 train_loss: 0.6767 train_roc: 0.9437 train_ap: 0.9332 time: 0.3191s
INFO:root:Epoch: 0235 val_loss: 0.9830 val_roc: 0.9225 val_ap: 0.9156
INFO:root:Epoch: 0240 lr: 0.01 train_loss: 0.8311 train_roc: 0.9318 train_ap: 0.9282 time: 0.3173s
INFO:root:Epoch: 0240 val_loss: 0.9439 val_roc: 0.9224 val_ap: 0.9148
INFO:root:Epoch: 0245 lr: 0.01 train_loss: 0.7659 train_roc: 0.9367 train_ap: 0.9273 time: 0.3196s
INFO:root:Epoch: 0245 val_loss: 0.9366 val_roc: 0.9274 val_ap: 0.9199
INFO:root:Epoch: 0250 lr: 0.01 train_loss: 0.6492 train_roc: 0.9521 train_ap: 0.9390 time: 0.3192s
INFO:root:Epoch: 0250 val_loss: 0.9579 val_roc: 0.9307 val_ap: 0.9227
INFO:root:Epoch: 0255 lr: 0.01 train_loss: 1.0616 train_roc: 0.9458 train_ap: 0.9321 time: 0.3219s
INFO:root:Epoch: 0255 val_loss: 0.9557 val_roc: 0.9319 val_ap: 0.9231
INFO:root:Epoch: 0260 lr: 0.01 train_loss: 0.6166 train_roc: 0.9511 train_ap: 0.9404 time: 0.3220s
INFO:root:Epoch: 0260 val_loss: 0.9402 val_roc: 0.9316 val_ap: 0.9230
INFO:root:Epoch: 0265 lr: 0.01 train_loss: 0.6179 train_roc: 0.9483 train_ap: 0.9359 time: 0.3181s
INFO:root:Epoch: 0265 val_loss: 0.9314 val_roc: 0.9313 val_ap: 0.9223
INFO:root:Epoch: 0270 lr: 0.01 train_loss: 0.8832 train_roc: 0.9431 train_ap: 0.9375 time: 0.3328s
INFO:root:Epoch: 0270 val_loss: 0.9285 val_roc: 0.9314 val_ap: 0.9222
INFO:root:Epoch: 0275 lr: 0.01 train_loss: 0.6787 train_roc: 0.9383 train_ap: 0.9223 time: 0.3243s
INFO:root:Epoch: 0275 val_loss: 0.9264 val_roc: 0.9315 val_ap: 0.9222
INFO:root:Epoch: 0280 lr: 0.01 train_loss: 0.6951 train_roc: 0.9350 train_ap: 0.9234 time: 0.3170s
INFO:root:Epoch: 0280 val_loss: 0.9234 val_roc: 0.9314 val_ap: 0.9223
INFO:root:Epoch: 0285 lr: 0.01 train_loss: 0.6658 train_roc: 0.9427 train_ap: 0.9293 time: 0.3193s
INFO:root:Epoch: 0285 val_loss: 0.9221 val_roc: 0.9313 val_ap: 0.9225
INFO:root:Epoch: 0290 lr: 0.01 train_loss: 0.7789 train_roc: 0.9286 train_ap: 0.9150 time: 0.3207s
INFO:root:Epoch: 0290 val_loss: 0.9212 val_roc: 0.9311 val_ap: 0.9226
INFO:root:Epoch: 0295 lr: 0.01 train_loss: 0.6886 train_roc: 0.9507 train_ap: 0.9361 time: 0.3201s
INFO:root:Epoch: 0295 val_loss: 0.9390 val_roc: 0.9315 val_ap: 0.9230
INFO:root:Epoch: 0300 lr: 0.01 train_loss: 0.7303 train_roc: 0.9486 train_ap: 0.9377 time: 0.3177s
INFO:root:Epoch: 0300 val_loss: 0.9514 val_roc: 0.9321 val_ap: 0.9232
INFO:root:Epoch: 0305 lr: 0.01 train_loss: 0.7271 train_roc: 0.9460 train_ap: 0.9318 time: 0.3157s
INFO:root:Epoch: 0305 val_loss: 0.9534 val_roc: 0.9325 val_ap: 0.9235
INFO:root:Epoch: 0310 lr: 0.01 train_loss: 1.0878 train_roc: 0.9312 train_ap: 0.9210 time: 0.3218s
INFO:root:Epoch: 0310 val_loss: 0.9496 val_roc: 0.9327 val_ap: 0.9236
INFO:root:Epoch: 0315 lr: 0.01 train_loss: 0.6626 train_roc: 0.9458 train_ap: 0.9342 time: 0.3184s
INFO:root:Epoch: 0315 val_loss: 0.9456 val_roc: 0.9326 val_ap: 0.9236
INFO:root:Epoch: 0320 lr: 0.01 train_loss: 0.7787 train_roc: 0.9403 train_ap: 0.9303 time: 0.3181s
INFO:root:Epoch: 0320 val_loss: 0.9437 val_roc: 0.9324 val_ap: 0.9237
INFO:root:Epoch: 0325 lr: 0.01 train_loss: 0.9489 train_roc: 0.9391 train_ap: 0.9301 time: 0.3184s
INFO:root:Epoch: 0325 val_loss: 0.9417 val_roc: 0.9329 val_ap: 0.9236
INFO:root:Epoch: 0330 lr: 0.01 train_loss: 0.8889 train_roc: 0.9478 train_ap: 0.9294 time: 0.3150s
INFO:root:Epoch: 0330 val_loss: 0.9435 val_roc: 0.9332 val_ap: 0.9232
INFO:root:Epoch: 0335 lr: 0.01 train_loss: 0.8015 train_roc: 0.9465 train_ap: 0.9373 time: 0.3146s
INFO:root:Epoch: 0335 val_loss: 0.9431 val_roc: 0.9327 val_ap: 0.9220
INFO:root:Epoch: 0340 lr: 0.01 train_loss: 0.7527 train_roc: 0.9315 train_ap: 0.9153 time: 0.3180s
INFO:root:Epoch: 0340 val_loss: 0.9650 val_roc: 0.9330 val_ap: 0.9225
INFO:root:Epoch: 0345 lr: 0.01 train_loss: 0.8221 train_roc: 0.9449 train_ap: 0.9367 time: 0.3205s
INFO:root:Epoch: 0345 val_loss: 0.9798 val_roc: 0.9340 val_ap: 0.9245
INFO:root:Epoch: 0350 lr: 0.01 train_loss: 0.5806 train_roc: 0.9510 train_ap: 0.9363 time: 0.3341s
INFO:root:Epoch: 0350 val_loss: 0.9777 val_roc: 0.9339 val_ap: 0.9246
INFO:root:Epoch: 0355 lr: 0.01 train_loss: 0.7363 train_roc: 0.9501 train_ap: 0.9415 time: 0.3169s
INFO:root:Epoch: 0355 val_loss: 0.9729 val_roc: 0.9333 val_ap: 0.9239
INFO:root:Epoch: 0360 lr: 0.01 train_loss: 0.6212 train_roc: 0.9541 train_ap: 0.9423 time: 0.3194s
INFO:root:Epoch: 0360 val_loss: 0.9695 val_roc: 0.9323 val_ap: 0.9230
INFO:root:Epoch: 0365 lr: 0.01 train_loss: 0.6969 train_roc: 0.9479 train_ap: 0.9347 time: 0.3352s
INFO:root:Epoch: 0365 val_loss: 0.9682 val_roc: 0.9309 val_ap: 0.9222
INFO:root:Epoch: 0370 lr: 0.01 train_loss: 0.7381 train_roc: 0.9365 train_ap: 0.9273 time: 0.3187s
INFO:root:Epoch: 0370 val_loss: 0.9611 val_roc: 0.9292 val_ap: 0.9208
INFO:root:Epoch: 0375 lr: 0.01 train_loss: 0.7650 train_roc: 0.9481 train_ap: 0.9369 time: 0.3221s
INFO:root:Epoch: 0375 val_loss: 0.9644 val_roc: 0.9278 val_ap: 0.9192
INFO:root:Epoch: 0380 lr: 0.01 train_loss: 0.7053 train_roc: 0.9451 train_ap: 0.9354 time: 0.3217s
INFO:root:Epoch: 0380 val_loss: 0.9719 val_roc: 0.9273 val_ap: 0.9183
INFO:root:Epoch: 0385 lr: 0.01 train_loss: 0.7650 train_roc: 0.9464 train_ap: 0.9328 time: 0.3314s
INFO:root:Epoch: 0385 val_loss: 0.9800 val_roc: 0.9274 val_ap: 0.9182
INFO:root:Epoch: 0390 lr: 0.01 train_loss: 0.9372 train_roc: 0.9337 train_ap: 0.9243 time: 0.3199s
INFO:root:Epoch: 0390 val_loss: 0.9878 val_roc: 0.9280 val_ap: 0.9184
INFO:root:Epoch: 0395 lr: 0.01 train_loss: 0.7329 train_roc: 0.9405 train_ap: 0.9337 time: 0.3282s
INFO:root:Epoch: 0395 val_loss: 0.9720 val_roc: 0.9280 val_ap: 0.9178
INFO:root:Epoch: 0400 lr: 0.01 train_loss: 0.7244 train_roc: 0.9386 train_ap: 0.9269 time: 0.3265s
INFO:root:Epoch: 0400 val_loss: 0.9534 val_roc: 0.9275 val_ap: 0.9168
INFO:root:Epoch: 0405 lr: 0.01 train_loss: 0.6567 train_roc: 0.9470 train_ap: 0.9338 time: 0.3252s
INFO:root:Epoch: 0405 val_loss: 0.9419 val_roc: 0.9269 val_ap: 0.9159
INFO:root:Epoch: 0410 lr: 0.01 train_loss: 0.6470 train_roc: 0.9451 train_ap: 0.9342 time: 0.3289s
INFO:root:Epoch: 0410 val_loss: 0.9300 val_roc: 0.9269 val_ap: 0.9158
INFO:root:Epoch: 0415 lr: 0.01 train_loss: 0.6031 train_roc: 0.9487 train_ap: 0.9352 time: 0.3287s
INFO:root:Epoch: 0415 val_loss: 0.9062 val_roc: 0.9275 val_ap: 0.9173
INFO:root:Epoch: 0420 lr: 0.01 train_loss: 0.7819 train_roc: 0.9251 train_ap: 0.9107 time: 0.3228s
INFO:root:Epoch: 0420 val_loss: 0.9052 val_roc: 0.9276 val_ap: 0.9174
INFO:root:Epoch: 0425 lr: 0.01 train_loss: 0.6543 train_roc: 0.9444 train_ap: 0.9347 time: 0.3252s
INFO:root:Epoch: 0425 val_loss: 0.9105 val_roc: 0.9286 val_ap: 0.9185
INFO:root:Epoch: 0430 lr: 0.01 train_loss: 0.5987 train_roc: 0.9574 train_ap: 0.9475 time: 0.3242s
INFO:root:Epoch: 0430 val_loss: 0.9420 val_roc: 0.9297 val_ap: 0.9186
INFO:root:Epoch: 0435 lr: 0.01 train_loss: 0.7488 train_roc: 0.9388 train_ap: 0.9307 time: 0.3234s
INFO:root:Epoch: 0435 val_loss: 0.9674 val_roc: 0.9302 val_ap: 0.9180
INFO:root:Epoch: 0440 lr: 0.01 train_loss: 1.1638 train_roc: 0.9128 train_ap: 0.8984 time: 0.3268s
INFO:root:Epoch: 0440 val_loss: 0.9796 val_roc: 0.9306 val_ap: 0.9187
INFO:root:Epoch: 0445 lr: 0.01 train_loss: 0.7683 train_roc: 0.9423 train_ap: 0.9331 time: 0.3183s
INFO:root:Epoch: 0445 val_loss: 0.9593 val_roc: 0.9319 val_ap: 0.9217
INFO:root:Early stopping
INFO:root:Optimization Finished!
INFO:root:Total time elapsed: 211.8186s
INFO:root:Val set results: val_loss: 0.9811 val_roc: 0.9340 val_ap: 0.9245
INFO:root:Test set results: test_loss: 0.9894 test_roc: 0.9286 test_ap: 0.9202
