INFO:root:Using: cpu
INFO:root:Using seed 1234.
INFO:root:LPModel(
  (encoder): HypGCN(
    (layers): Sequential(
      (0): HyperbolicGraphConvolution(
        (linear): HypLinear(in_features=12, out_features=4, c=tensor([1.]))
        (agg): HypAgg(c=tensor([1.]), use_att=0)
        (hyp_act): HypAct(c_in=tensor([1.]), c_out=tensor([1.]))
      )
      (1): HyperbolicGraphConvolution(
        (linear): HypLinear(in_features=4, out_features=4, c=tensor([1.]))
        (agg): HypAgg(c=tensor([1.]), use_att=0)
        (hyp_act): HypAct(c_in=tensor([1.]), c_out=tensor([1.]))
      )
    )
  )
  (dc): FermiDiracDecoder()
)
INFO:root:Total number of parameters: 72
INFO:root:Epoch: 0005 lr: 0.01 train_loss: 1.9186 train_roc: 0.6620 train_ap: 0.5873 time: 0.1498s
INFO:root:Epoch: 0005 val_loss: 2.0429 val_roc: 0.8442 val_ap: 0.8365
INFO:root:Epoch: 0010 lr: 0.01 train_loss: 1.5249 train_roc: 0.9146 train_ap: 0.8966 time: 0.1506s
INFO:root:Epoch: 0010 val_loss: 2.0524 val_roc: 0.8436 val_ap: 0.8302
INFO:root:Epoch: 0015 lr: 0.01 train_loss: 1.6733 train_roc: 0.8890 train_ap: 0.8584 time: 0.1541s
INFO:root:Epoch: 0015 val_loss: 2.0560 val_roc: 0.8453 val_ap: 0.8188
INFO:root:Epoch: 0020 lr: 0.01 train_loss: 1.3201 train_roc: 0.9042 train_ap: 0.8965 time: 0.1672s
INFO:root:Epoch: 0020 val_loss: 2.0381 val_roc: 0.8543 val_ap: 0.8449
INFO:root:Epoch: 0025 lr: 0.01 train_loss: 1.9858 train_roc: 0.8917 train_ap: 0.8567 time: 0.1553s
INFO:root:Epoch: 0025 val_loss: 2.0015 val_roc: 0.8650 val_ap: 0.8587
INFO:root:Epoch: 0030 lr: 0.01 train_loss: 1.9416 train_roc: 0.8867 train_ap: 0.8554 time: 0.1507s
INFO:root:Epoch: 0030 val_loss: 1.9646 val_roc: 0.8728 val_ap: 0.8668
INFO:root:Epoch: 0035 lr: 0.01 train_loss: 0.9563 train_roc: 0.9169 train_ap: 0.9146 time: 0.1506s
INFO:root:Epoch: 0035 val_loss: 1.9287 val_roc: 0.8781 val_ap: 0.8742
INFO:root:Epoch: 0040 lr: 0.01 train_loss: 1.3319 train_roc: 0.8924 train_ap: 0.8546 time: 0.1569s
INFO:root:Epoch: 0040 val_loss: 1.9372 val_roc: 0.8767 val_ap: 0.8723
INFO:root:Epoch: 0045 lr: 0.01 train_loss: 1.2277 train_roc: 0.9247 train_ap: 0.9155 time: 0.1606s
INFO:root:Epoch: 0045 val_loss: 1.9709 val_roc: 0.8718 val_ap: 0.8672
INFO:root:Epoch: 0050 lr: 0.01 train_loss: 0.8168 train_roc: 0.9250 train_ap: 0.9047 time: 0.1605s
INFO:root:Epoch: 0050 val_loss: 1.9763 val_roc: 0.8694 val_ap: 0.8662
INFO:root:Epoch: 0055 lr: 0.01 train_loss: 1.2942 train_roc: 0.8835 train_ap: 0.8500 time: 0.1578s
INFO:root:Epoch: 0055 val_loss: 1.9584 val_roc: 0.8702 val_ap: 0.8653
INFO:root:Epoch: 0060 lr: 0.01 train_loss: 1.0657 train_roc: 0.9221 train_ap: 0.9143 time: 0.1633s
INFO:root:Epoch: 0060 val_loss: 1.9237 val_roc: 0.8735 val_ap: 0.8692
INFO:root:Epoch: 0065 lr: 0.01 train_loss: 2.0599 train_roc: 0.5745 train_ap: 0.5403 time: 0.1553s
INFO:root:Epoch: 0065 val_loss: 1.8842 val_roc: 0.8762 val_ap: 0.8721
INFO:root:Epoch: 0070 lr: 0.01 train_loss: 1.8900 train_roc: 0.8767 train_ap: 0.8329 time: 0.1510s
INFO:root:Epoch: 0070 val_loss: 1.8502 val_roc: 0.8769 val_ap: 0.8737
INFO:root:Epoch: 0075 lr: 0.01 train_loss: 1.1290 train_roc: 0.8995 train_ap: 0.8462 time: 0.1722s
INFO:root:Epoch: 0075 val_loss: 1.8053 val_roc: 0.8779 val_ap: 0.8749
INFO:root:Epoch: 0080 lr: 0.01 train_loss: 0.8490 train_roc: 0.9333 train_ap: 0.9186 time: 0.1502s
INFO:root:Epoch: 0080 val_loss: 1.7483 val_roc: 0.8790 val_ap: 0.8736
INFO:root:Epoch: 0085 lr: 0.01 train_loss: 1.3213 train_roc: 0.8866 train_ap: 0.8715 time: 0.1524s
INFO:root:Epoch: 0085 val_loss: 1.6892 val_roc: 0.8802 val_ap: 0.8751
INFO:root:Epoch: 0090 lr: 0.01 train_loss: 2.3759 train_roc: 0.8882 train_ap: 0.8748 time: 0.1569s
INFO:root:Epoch: 0090 val_loss: 1.6553 val_roc: 0.8807 val_ap: 0.8751
INFO:root:Epoch: 0095 lr: 0.01 train_loss: 1.0130 train_roc: 0.9014 train_ap: 0.8977 time: 0.1510s
INFO:root:Epoch: 0095 val_loss: 1.6827 val_roc: 0.8792 val_ap: 0.8744
INFO:root:Epoch: 0100 lr: 0.01 train_loss: 1.5116 train_roc: 0.8940 train_ap: 0.8905 time: 0.1487s
INFO:root:Epoch: 0100 val_loss: 1.6890 val_roc: 0.8779 val_ap: 0.8724
INFO:root:Epoch: 0105 lr: 0.01 train_loss: 0.6824 train_roc: 0.9414 train_ap: 0.9294 time: 0.1491s
INFO:root:Epoch: 0105 val_loss: 1.7393 val_roc: 0.8764 val_ap: 0.8736
INFO:root:Epoch: 0110 lr: 0.01 train_loss: 1.8118 train_roc: 0.8573 train_ap: 0.7843 time: 0.1484s
INFO:root:Epoch: 0110 val_loss: 1.7618 val_roc: 0.8750 val_ap: 0.8717
INFO:root:Epoch: 0115 lr: 0.01 train_loss: 1.5955 train_roc: 0.8923 train_ap: 0.8551 time: 0.1480s
INFO:root:Epoch: 0115 val_loss: 1.7460 val_roc: 0.8750 val_ap: 0.8733
INFO:root:Epoch: 0120 lr: 0.01 train_loss: 1.1630 train_roc: 0.9385 train_ap: 0.9282 time: 0.1484s
INFO:root:Epoch: 0120 val_loss: 1.7229 val_roc: 0.8746 val_ap: 0.8731
INFO:root:Epoch: 0125 lr: 0.01 train_loss: 1.5328 train_roc: 0.9069 train_ap: 0.8961 time: 0.1481s
INFO:root:Epoch: 0125 val_loss: 1.7045 val_roc: 0.8721 val_ap: 0.8679
INFO:root:Epoch: 0130 lr: 0.01 train_loss: 0.7923 train_roc: 0.9219 train_ap: 0.9021 time: 0.1477s
INFO:root:Epoch: 0130 val_loss: 1.7261 val_roc: 0.8687 val_ap: 0.8627
INFO:root:Epoch: 0135 lr: 0.01 train_loss: 0.8381 train_roc: 0.9193 train_ap: 0.9050 time: 0.1481s
INFO:root:Epoch: 0135 val_loss: 1.7520 val_roc: 0.8661 val_ap: 0.8577
INFO:root:Epoch: 0140 lr: 0.01 train_loss: 1.0649 train_roc: 0.9376 train_ap: 0.9158 time: 0.1489s
INFO:root:Epoch: 0140 val_loss: 1.7523 val_roc: 0.8651 val_ap: 0.8570
INFO:root:Epoch: 0145 lr: 0.01 train_loss: 1.1929 train_roc: 0.9119 train_ap: 0.9001 time: 0.1484s
INFO:root:Epoch: 0145 val_loss: 1.7448 val_roc: 0.8645 val_ap: 0.8559
INFO:root:Epoch: 0150 lr: 0.01 train_loss: 1.5383 train_roc: 0.8539 train_ap: 0.7408 time: 0.1494s
INFO:root:Epoch: 0150 val_loss: 1.7205 val_roc: 0.8644 val_ap: 0.8546
INFO:root:Epoch: 0155 lr: 0.01 train_loss: 1.4519 train_roc: 0.9190 train_ap: 0.9027 time: 0.1487s
INFO:root:Epoch: 0155 val_loss: 1.7445 val_roc: 0.8609 val_ap: 0.8494
INFO:root:Epoch: 0160 lr: 0.01 train_loss: 1.0489 train_roc: 0.9284 train_ap: 0.9210 time: 0.1493s
INFO:root:Epoch: 0160 val_loss: 1.7486 val_roc: 0.8585 val_ap: 0.8494
INFO:root:Epoch: 0165 lr: 0.01 train_loss: 1.4961 train_roc: 0.8278 train_ap: 0.7196 time: 0.1519s
INFO:root:Epoch: 0165 val_loss: 1.7254 val_roc: 0.8582 val_ap: 0.8482
INFO:root:Epoch: 0170 lr: 0.01 train_loss: 1.5349 train_roc: 0.9272 train_ap: 0.9138 time: 0.1496s
INFO:root:Epoch: 0170 val_loss: 1.6949 val_roc: 0.8588 val_ap: 0.8494
INFO:root:Epoch: 0175 lr: 0.01 train_loss: 1.0041 train_roc: 0.9117 train_ap: 0.8912 time: 0.1564s
INFO:root:Epoch: 0175 val_loss: 1.6576 val_roc: 0.8585 val_ap: 0.8483
INFO:root:Epoch: 0180 lr: 0.01 train_loss: 0.7588 train_roc: 0.9395 train_ap: 0.9274 time: 0.1503s
INFO:root:Epoch: 0180 val_loss: 1.6224 val_roc: 0.8582 val_ap: 0.8479
INFO:root:Epoch: 0185 lr: 0.01 train_loss: 1.0186 train_roc: 0.9104 train_ap: 0.9077 time: 0.1581s
INFO:root:Epoch: 0185 val_loss: 1.5914 val_roc: 0.8579 val_ap: 0.8473
INFO:root:Early stopping
INFO:root:Optimization Finished!
INFO:root:Total time elapsed: 41.2355s
INFO:root:Val set results: val_loss: 1.6525 val_roc: 0.8810 val_ap: 0.8752
INFO:root:Test set results: test_loss: 1.6506 test_roc: 0.8754 test_ap: 0.8720
