INFO:root:Using: cpu
INFO:root:Using seed 1234.
INFO:root:LPModel(
  (encoder): HypGCN(
    (layers): Sequential(
      (0): HyperbolicGraphConvolution(
        (linear): HypLinear(in_features=12, out_features=16, c=tensor([1.]))
        (agg): HypAgg(c=tensor([1.]), use_att=0)
        (hyp_act): HypAct(c_in=tensor([1.]), c_out=tensor([1.]))
      )
      (1): HyperbolicGraphConvolution(
        (linear): HypLinear(in_features=16, out_features=16, c=tensor([1.]))
        (agg): HypAgg(c=tensor([1.]), use_att=0)
        (hyp_act): HypAct(c_in=tensor([1.]), c_out=tensor([1.]))
      )
    )
  )
  (dc): FermiDiracDecoder()
)
INFO:root:Total number of parameters: 480
INFO:root:Epoch: 0005 lr: 0.01 train_loss: 2.0047 train_roc: 0.9429 train_ap: 0.9340 time: 0.3336s
INFO:root:Epoch: 0005 val_loss: 2.1485 val_roc: 0.8563 val_ap: 0.8580
INFO:root:Epoch: 0010 lr: 0.01 train_loss: 1.4723 train_roc: 0.9105 train_ap: 0.9010 time: 0.3343s
INFO:root:Epoch: 0010 val_loss: 2.1137 val_roc: 0.8628 val_ap: 0.8635
INFO:root:Epoch: 0015 lr: 0.01 train_loss: 1.6416 train_roc: 0.9044 train_ap: 0.8938 time: 0.3349s
INFO:root:Epoch: 0015 val_loss: 2.0707 val_roc: 0.8687 val_ap: 0.8707
INFO:root:Epoch: 0020 lr: 0.01 train_loss: 1.9090 train_roc: 0.9115 train_ap: 0.9073 time: 0.3333s
INFO:root:Epoch: 0020 val_loss: 2.0193 val_roc: 0.8744 val_ap: 0.8779
INFO:root:Epoch: 0025 lr: 0.01 train_loss: 1.5174 train_roc: 0.9055 train_ap: 0.9072 time: 0.3325s
INFO:root:Epoch: 0025 val_loss: 1.9679 val_roc: 0.8797 val_ap: 0.8841
INFO:root:Epoch: 0030 lr: 0.01 train_loss: 1.6524 train_roc: 0.9234 train_ap: 0.9200 time: 0.3371s
INFO:root:Epoch: 0030 val_loss: 1.9101 val_roc: 0.8831 val_ap: 0.8874
INFO:root:Epoch: 0035 lr: 0.01 train_loss: 2.0422 train_roc: 0.9594 train_ap: 0.9470 time: 0.3367s
INFO:root:Epoch: 0035 val_loss: 1.8502 val_roc: 0.8863 val_ap: 0.8903
INFO:root:Epoch: 0040 lr: 0.01 train_loss: 1.4326 train_roc: 0.9220 train_ap: 0.9191 time: 0.3331s
INFO:root:Epoch: 0040 val_loss: 1.7867 val_roc: 0.8891 val_ap: 0.8928
INFO:root:Epoch: 0045 lr: 0.01 train_loss: 1.4794 train_roc: 0.9300 train_ap: 0.9242 time: 0.3361s
INFO:root:Epoch: 0045 val_loss: 1.7210 val_roc: 0.8911 val_ap: 0.8945
INFO:root:Epoch: 0050 lr: 0.01 train_loss: 1.5073 train_roc: 0.9384 train_ap: 0.9276 time: 0.3343s
INFO:root:Epoch: 0050 val_loss: 1.6539 val_roc: 0.8921 val_ap: 0.8950
INFO:root:Epoch: 0055 lr: 0.01 train_loss: 1.3115 train_roc: 0.9383 train_ap: 0.9301 time: 0.3336s
INFO:root:Epoch: 0055 val_loss: 1.5835 val_roc: 0.8927 val_ap: 0.8950
INFO:root:Epoch: 0060 lr: 0.01 train_loss: 1.1213 train_roc: 0.9097 train_ap: 0.9091 time: 0.3390s
INFO:root:Epoch: 0060 val_loss: 1.5237 val_roc: 0.8929 val_ap: 0.8947
INFO:root:Epoch: 0065 lr: 0.01 train_loss: 1.1635 train_roc: 0.8984 train_ap: 0.8918 time: 0.3329s
INFO:root:Epoch: 0065 val_loss: 1.4790 val_roc: 0.8935 val_ap: 0.8949
INFO:root:Epoch: 0070 lr: 0.01 train_loss: 1.3782 train_roc: 0.9307 train_ap: 0.9224 time: 0.3309s
INFO:root:Epoch: 0070 val_loss: 1.4397 val_roc: 0.8946 val_ap: 0.8951
INFO:root:Epoch: 0075 lr: 0.01 train_loss: 1.0810 train_roc: 0.9083 train_ap: 0.9048 time: 0.3403s
INFO:root:Epoch: 0075 val_loss: 1.3993 val_roc: 0.8959 val_ap: 0.8955
INFO:root:Epoch: 0080 lr: 0.01 train_loss: 0.9530 train_roc: 0.9302 train_ap: 0.9216 time: 0.3301s
INFO:root:Epoch: 0080 val_loss: 1.3680 val_roc: 0.8964 val_ap: 0.8959
INFO:root:Epoch: 0085 lr: 0.01 train_loss: 1.6533 train_roc: 0.9538 train_ap: 0.9440 time: 0.3352s
INFO:root:Epoch: 0085 val_loss: 1.3414 val_roc: 0.8958 val_ap: 0.8953
INFO:root:Epoch: 0090 lr: 0.01 train_loss: 1.0299 train_roc: 0.9193 train_ap: 0.9182 time: 0.3331s
INFO:root:Epoch: 0090 val_loss: 1.3188 val_roc: 0.8954 val_ap: 0.8951
INFO:root:Epoch: 0095 lr: 0.01 train_loss: 1.1684 train_roc: 0.9182 train_ap: 0.9186 time: 0.3349s
INFO:root:Epoch: 0095 val_loss: 1.3065 val_roc: 0.8950 val_ap: 0.8953
INFO:root:Epoch: 0100 lr: 0.01 train_loss: 1.1209 train_roc: 0.9109 train_ap: 0.9173 time: 0.3303s
INFO:root:Epoch: 0100 val_loss: 1.2942 val_roc: 0.8953 val_ap: 0.8963
INFO:root:Epoch: 0105 lr: 0.01 train_loss: 1.6854 train_roc: 0.9441 train_ap: 0.9315 time: 0.3367s
INFO:root:Epoch: 0105 val_loss: 1.2837 val_roc: 0.8949 val_ap: 0.8969
INFO:root:Epoch: 0110 lr: 0.01 train_loss: 0.9211 train_roc: 0.9331 train_ap: 0.9279 time: 0.3327s
INFO:root:Epoch: 0110 val_loss: 1.2706 val_roc: 0.8944 val_ap: 0.8975
INFO:root:Epoch: 0115 lr: 0.01 train_loss: 0.9257 train_roc: 0.9209 train_ap: 0.9133 time: 0.3322s
INFO:root:Epoch: 0115 val_loss: 1.2605 val_roc: 0.8941 val_ap: 0.8978
INFO:root:Epoch: 0120 lr: 0.01 train_loss: 1.2591 train_roc: 0.9267 train_ap: 0.9223 time: 0.3344s
INFO:root:Epoch: 0120 val_loss: 1.2588 val_roc: 0.8947 val_ap: 0.8975
INFO:root:Epoch: 0125 lr: 0.01 train_loss: 1.0455 train_roc: 0.9217 train_ap: 0.9183 time: 0.3375s
INFO:root:Epoch: 0125 val_loss: 1.2573 val_roc: 0.8966 val_ap: 0.8979
INFO:root:Epoch: 0130 lr: 0.01 train_loss: 1.0936 train_roc: 0.9398 train_ap: 0.9332 time: 0.3277s
INFO:root:Epoch: 0130 val_loss: 1.2556 val_roc: 0.8975 val_ap: 0.8983
INFO:root:Epoch: 0135 lr: 0.01 train_loss: 0.8857 train_roc: 0.9459 train_ap: 0.9343 time: 0.3331s
INFO:root:Epoch: 0135 val_loss: 1.2490 val_roc: 0.8981 val_ap: 0.8988
INFO:root:Epoch: 0140 lr: 0.01 train_loss: 1.0478 train_roc: 0.9276 train_ap: 0.9215 time: 0.3359s
INFO:root:Epoch: 0140 val_loss: 1.2396 val_roc: 0.8984 val_ap: 0.8986
INFO:root:Epoch: 0145 lr: 0.01 train_loss: 0.7781 train_roc: 0.9361 train_ap: 0.9286 time: 0.3314s
INFO:root:Epoch: 0145 val_loss: 1.2307 val_roc: 0.8985 val_ap: 0.8987
INFO:root:Epoch: 0150 lr: 0.01 train_loss: 1.0349 train_roc: 0.9046 train_ap: 0.9015 time: 0.3340s
INFO:root:Epoch: 0150 val_loss: 1.2233 val_roc: 0.8986 val_ap: 0.8988
INFO:root:Epoch: 0155 lr: 0.01 train_loss: 1.0669 train_roc: 0.9075 train_ap: 0.9025 time: 0.3310s
INFO:root:Epoch: 0155 val_loss: 1.2207 val_roc: 0.8986 val_ap: 0.8987
INFO:root:Epoch: 0160 lr: 0.01 train_loss: 1.5008 train_roc: 0.9222 train_ap: 0.9072 time: 0.3344s
INFO:root:Epoch: 0160 val_loss: 1.2164 val_roc: 0.8992 val_ap: 0.8993
INFO:root:Epoch: 0165 lr: 0.01 train_loss: 0.8069 train_roc: 0.9332 train_ap: 0.9231 time: 0.3356s
INFO:root:Epoch: 0165 val_loss: 1.2067 val_roc: 0.9001 val_ap: 0.9002
INFO:root:Epoch: 0170 lr: 0.01 train_loss: 1.4205 train_roc: 0.9367 train_ap: 0.9259 time: 0.3334s
INFO:root:Epoch: 0170 val_loss: 1.1924 val_roc: 0.9008 val_ap: 0.9011
INFO:root:Epoch: 0175 lr: 0.01 train_loss: 1.0095 train_roc: 0.9187 train_ap: 0.9149 time: 0.3489s
INFO:root:Epoch: 0175 val_loss: 1.1824 val_roc: 0.9012 val_ap: 0.9033
INFO:root:Epoch: 0180 lr: 0.01 train_loss: 1.0797 train_roc: 0.9302 train_ap: 0.9290 time: 0.3342s
INFO:root:Epoch: 0180 val_loss: 1.1724 val_roc: 0.9020 val_ap: 0.9042
INFO:root:Epoch: 0185 lr: 0.01 train_loss: 1.2057 train_roc: 0.9020 train_ap: 0.8913 time: 0.3295s
INFO:root:Epoch: 0185 val_loss: 1.1683 val_roc: 0.9026 val_ap: 0.9044
INFO:root:Epoch: 0190 lr: 0.01 train_loss: 0.9701 train_roc: 0.9205 train_ap: 0.9172 time: 0.3346s
INFO:root:Epoch: 0190 val_loss: 1.1672 val_roc: 0.9030 val_ap: 0.9042
INFO:root:Epoch: 0195 lr: 0.01 train_loss: 1.6835 train_roc: 0.9377 train_ap: 0.9274 time: 0.3303s
INFO:root:Epoch: 0195 val_loss: 1.1633 val_roc: 0.9033 val_ap: 0.9041
INFO:root:Epoch: 0200 lr: 0.01 train_loss: 0.9685 train_roc: 0.9340 train_ap: 0.9293 time: 0.3321s
INFO:root:Epoch: 0200 val_loss: 1.1593 val_roc: 0.9039 val_ap: 0.9043
INFO:root:Epoch: 0205 lr: 0.01 train_loss: 1.1210 train_roc: 0.9419 train_ap: 0.9356 time: 0.3674s
INFO:root:Epoch: 0205 val_loss: 1.1529 val_roc: 0.9044 val_ap: 0.9047
INFO:root:Epoch: 0210 lr: 0.01 train_loss: 1.0293 train_roc: 0.9431 train_ap: 0.9394 time: 0.3317s
INFO:root:Epoch: 0210 val_loss: 1.1484 val_roc: 0.9045 val_ap: 0.9046
INFO:root:Epoch: 0215 lr: 0.01 train_loss: 0.8909 train_roc: 0.9249 train_ap: 0.9234 time: 0.3364s
INFO:root:Epoch: 0215 val_loss: 1.1486 val_roc: 0.9043 val_ap: 0.9044
INFO:root:Epoch: 0220 lr: 0.01 train_loss: 0.8267 train_roc: 0.9342 train_ap: 0.9241 time: 0.3398s
INFO:root:Epoch: 0220 val_loss: 1.1573 val_roc: 0.9049 val_ap: 0.9044
INFO:root:Epoch: 0225 lr: 0.01 train_loss: 0.9037 train_roc: 0.9363 train_ap: 0.9297 time: 0.3340s
INFO:root:Epoch: 0225 val_loss: 1.1646 val_roc: 0.9052 val_ap: 0.9037
INFO:root:Epoch: 0230 lr: 0.01 train_loss: 0.9315 train_roc: 0.9416 train_ap: 0.9347 time: 0.3351s
INFO:root:Epoch: 0230 val_loss: 1.1638 val_roc: 0.9049 val_ap: 0.9031
INFO:root:Epoch: 0235 lr: 0.01 train_loss: 1.1672 train_roc: 0.9238 train_ap: 0.9189 time: 0.3447s
INFO:root:Epoch: 0235 val_loss: 1.1575 val_roc: 0.9052 val_ap: 0.9030
INFO:root:Epoch: 0240 lr: 0.01 train_loss: 1.1158 train_roc: 0.9150 train_ap: 0.9136 time: 0.3323s
INFO:root:Epoch: 0240 val_loss: 1.1531 val_roc: 0.9054 val_ap: 0.9031
INFO:root:Epoch: 0245 lr: 0.01 train_loss: 0.9919 train_roc: 0.9408 train_ap: 0.9326 time: 0.3334s
INFO:root:Epoch: 0245 val_loss: 1.1505 val_roc: 0.9056 val_ap: 0.9030
INFO:root:Epoch: 0250 lr: 0.01 train_loss: 0.8455 train_roc: 0.9359 train_ap: 0.9309 time: 0.3448s
INFO:root:Epoch: 0250 val_loss: 1.1470 val_roc: 0.9056 val_ap: 0.9030
INFO:root:Epoch: 0255 lr: 0.01 train_loss: 1.0034 train_roc: 0.9282 train_ap: 0.9205 time: 0.3405s
INFO:root:Epoch: 0255 val_loss: 1.1426 val_roc: 0.9056 val_ap: 0.9029
INFO:root:Epoch: 0260 lr: 0.01 train_loss: 0.8417 train_roc: 0.9278 train_ap: 0.9215 time: 0.3369s
INFO:root:Epoch: 0260 val_loss: 1.1412 val_roc: 0.9049 val_ap: 0.9024
INFO:root:Epoch: 0265 lr: 0.01 train_loss: 0.9172 train_roc: 0.9381 train_ap: 0.9327 time: 0.3394s
INFO:root:Epoch: 0265 val_loss: 1.1414 val_roc: 0.9045 val_ap: 0.9020
INFO:root:Epoch: 0270 lr: 0.01 train_loss: 1.2592 train_roc: 0.9452 train_ap: 0.9383 time: 0.3309s
INFO:root:Epoch: 0270 val_loss: 1.1401 val_roc: 0.9048 val_ap: 0.9020
INFO:root:Epoch: 0275 lr: 0.01 train_loss: 1.1155 train_roc: 0.9143 train_ap: 0.9091 time: 0.3341s
INFO:root:Epoch: 0275 val_loss: 1.1409 val_roc: 0.9050 val_ap: 0.9022
INFO:root:Epoch: 0280 lr: 0.01 train_loss: 0.9342 train_roc: 0.9226 train_ap: 0.9155 time: 0.3688s
INFO:root:Epoch: 0280 val_loss: 1.1408 val_roc: 0.9051 val_ap: 0.9027
INFO:root:Epoch: 0285 lr: 0.01 train_loss: 1.1170 train_roc: 0.9407 train_ap: 0.9260 time: 0.3374s
INFO:root:Epoch: 0285 val_loss: 1.1411 val_roc: 0.9049 val_ap: 0.9029
INFO:root:Epoch: 0290 lr: 0.01 train_loss: 1.4549 train_roc: 0.9190 train_ap: 0.8969 time: 0.3394s
INFO:root:Epoch: 0290 val_loss: 1.1410 val_roc: 0.9047 val_ap: 0.9032
INFO:root:Epoch: 0295 lr: 0.01 train_loss: 1.1029 train_roc: 0.9146 train_ap: 0.9115 time: 0.3343s
INFO:root:Epoch: 0295 val_loss: 1.1400 val_roc: 0.9043 val_ap: 0.9033
INFO:root:Epoch: 0300 lr: 0.01 train_loss: 1.0547 train_roc: 0.9424 train_ap: 0.9375 time: 0.3317s
INFO:root:Epoch: 0300 val_loss: 1.1355 val_roc: 0.9044 val_ap: 0.9036
INFO:root:Epoch: 0305 lr: 0.01 train_loss: 0.8386 train_roc: 0.9339 train_ap: 0.9223 time: 0.3342s
INFO:root:Epoch: 0305 val_loss: 1.1318 val_roc: 0.9043 val_ap: 0.9031
INFO:root:Epoch: 0310 lr: 0.01 train_loss: 0.8777 train_roc: 0.9332 train_ap: 0.9228 time: 0.3483s
INFO:root:Epoch: 0310 val_loss: 1.1239 val_roc: 0.9047 val_ap: 0.9033
INFO:root:Epoch: 0315 lr: 0.01 train_loss: 1.2777 train_roc: 0.9529 train_ap: 0.9420 time: 0.3389s
INFO:root:Epoch: 0315 val_loss: 1.1173 val_roc: 0.9053 val_ap: 0.9036
INFO:root:Epoch: 0320 lr: 0.01 train_loss: 0.9472 train_roc: 0.9254 train_ap: 0.9206 time: 0.3308s
INFO:root:Epoch: 0320 val_loss: 1.1149 val_roc: 0.9054 val_ap: 0.9037
INFO:root:Early stopping
INFO:root:Optimization Finished!
INFO:root:Total time elapsed: 165.2999s
INFO:root:Val set results: val_loss: 1.1616 val_roc: 0.9052 val_ap: 0.9044
INFO:root:Test set results: test_loss: 1.1812 test_roc: 0.8946 test_ap: 0.8956
