INFO:root:Using: cpu
INFO:root:Using seed 1234.
INFO:root:LPModel(
  (encoder): HypGCN(
    (layers): Sequential(
      (0): HyperbolicGraphConvolution(
        (linear): HypLinear(in_features=12, out_features=64, c=tensor([1.]))
        (agg): HypAgg(c=tensor([1.]), use_att=0)
        (hyp_act): HypAct(c_in=tensor([1.]), c_out=tensor([1.]))
      )
      (1): HyperbolicGraphConvolution(
        (linear): HypLinear(in_features=64, out_features=64, c=tensor([1.]))
        (agg): HypAgg(c=tensor([1.]), use_att=0)
        (hyp_act): HypAct(c_in=tensor([1.]), c_out=tensor([1.]))
      )
    )
  )
  (dc): FermiDiracDecoder()
)
INFO:root:Total number of parameters: 4992
INFO:root:Epoch: 0005 lr: 0.01 train_loss: 2.0425 train_roc: 0.9550 train_ap: 0.9462 time: 0.1680s
INFO:root:Epoch: 0005 val_loss: 1.9349 val_roc: 0.9111 val_ap: 0.9137
INFO:root:Epoch: 0010 lr: 0.01 train_loss: 1.9592 train_roc: 0.9600 train_ap: 0.9499 time: 0.1717s
INFO:root:Epoch: 0010 val_loss: 1.8913 val_roc: 0.9126 val_ap: 0.9147
INFO:root:Epoch: 0015 lr: 0.01 train_loss: 1.7946 train_roc: 0.9580 train_ap: 0.9480 time: 0.1696s
INFO:root:Epoch: 0015 val_loss: 1.8832 val_roc: 0.9127 val_ap: 0.9133
INFO:root:Epoch: 0020 lr: 0.01 train_loss: 1.9023 train_roc: 0.9613 train_ap: 0.9533 time: 0.1695s
INFO:root:Epoch: 0020 val_loss: 1.8934 val_roc: 0.9083 val_ap: 0.9106
INFO:root:Epoch: 0025 lr: 0.01 train_loss: 1.8856 train_roc: 0.9545 train_ap: 0.9469 time: 0.1693s
INFO:root:Epoch: 0025 val_loss: 1.8905 val_roc: 0.9066 val_ap: 0.9081
INFO:root:Epoch: 0030 lr: 0.01 train_loss: 1.6244 train_roc: 0.9562 train_ap: 0.9501 time: 0.1688s
INFO:root:Epoch: 0030 val_loss: 1.8574 val_roc: 0.9049 val_ap: 0.9066
INFO:root:Epoch: 0035 lr: 0.01 train_loss: 1.5967 train_roc: 0.9565 train_ap: 0.9490 time: 0.1690s
INFO:root:Epoch: 0035 val_loss: 1.7758 val_roc: 0.9042 val_ap: 0.9051
INFO:root:Epoch: 0040 lr: 0.01 train_loss: 1.6860 train_roc: 0.9535 train_ap: 0.9477 time: 0.1713s
INFO:root:Epoch: 0040 val_loss: 1.7261 val_roc: 0.9053 val_ap: 0.9042
INFO:root:Epoch: 0045 lr: 0.01 train_loss: 1.5792 train_roc: 0.9543 train_ap: 0.9460 time: 0.1715s
INFO:root:Epoch: 0045 val_loss: 1.6925 val_roc: 0.9071 val_ap: 0.9030
INFO:root:Epoch: 0050 lr: 0.01 train_loss: 1.5116 train_roc: 0.9492 train_ap: 0.9405 time: 0.1692s
INFO:root:Epoch: 0050 val_loss: 1.6256 val_roc: 0.9058 val_ap: 0.9016
INFO:root:Epoch: 0055 lr: 0.01 train_loss: 1.4977 train_roc: 0.9523 train_ap: 0.9453 time: 0.1684s
INFO:root:Epoch: 0055 val_loss: 1.5938 val_roc: 0.9065 val_ap: 0.9030
INFO:root:Epoch: 0060 lr: 0.01 train_loss: 1.5294 train_roc: 0.9569 train_ap: 0.9486 time: 0.1704s
INFO:root:Epoch: 0060 val_loss: 1.5885 val_roc: 0.9088 val_ap: 0.9031
INFO:root:Epoch: 0065 lr: 0.01 train_loss: 1.4133 train_roc: 0.9545 train_ap: 0.9446 time: 0.1706s
INFO:root:Epoch: 0065 val_loss: 1.6093 val_roc: 0.9132 val_ap: 0.9049
INFO:root:Epoch: 0070 lr: 0.01 train_loss: 1.5416 train_roc: 0.9500 train_ap: 0.9411 time: 0.1690s
INFO:root:Epoch: 0070 val_loss: 1.5787 val_roc: 0.9142 val_ap: 0.9057
INFO:root:Epoch: 0075 lr: 0.01 train_loss: 1.4693 train_roc: 0.9477 train_ap: 0.9407 time: 0.1715s
INFO:root:Epoch: 0075 val_loss: 1.5191 val_roc: 0.9142 val_ap: 0.9047
INFO:root:Epoch: 0080 lr: 0.01 train_loss: 1.4278 train_roc: 0.9475 train_ap: 0.9363 time: 0.1673s
INFO:root:Epoch: 0080 val_loss: 1.4802 val_roc: 0.9134 val_ap: 0.9028
INFO:root:Epoch: 0085 lr: 0.01 train_loss: 1.5509 train_roc: 0.9472 train_ap: 0.9362 time: 0.1686s
INFO:root:Epoch: 0085 val_loss: 1.4575 val_roc: 0.9123 val_ap: 0.9014
INFO:root:Epoch: 0090 lr: 0.01 train_loss: 1.5634 train_roc: 0.9630 train_ap: 0.9538 time: 0.1704s
INFO:root:Epoch: 0090 val_loss: 1.4480 val_roc: 0.9108 val_ap: 0.9020
INFO:root:Epoch: 0095 lr: 0.01 train_loss: 1.5289 train_roc: 0.9339 train_ap: 0.9300 time: 0.1690s
INFO:root:Epoch: 0095 val_loss: 1.4064 val_roc: 0.9117 val_ap: 0.9009
INFO:root:Epoch: 0100 lr: 0.01 train_loss: 1.3895 train_roc: 0.9504 train_ap: 0.9454 time: 0.1677s
INFO:root:Epoch: 0100 val_loss: 1.3914 val_roc: 0.9097 val_ap: 0.9029
INFO:root:Epoch: 0105 lr: 0.01 train_loss: 1.4666 train_roc: 0.9336 train_ap: 0.9275 time: 0.1647s
INFO:root:Epoch: 0105 val_loss: 1.4077 val_roc: 0.9068 val_ap: 0.9018
INFO:root:Epoch: 0110 lr: 0.01 train_loss: 1.3480 train_roc: 0.9358 train_ap: 0.9311 time: 0.1741s
INFO:root:Epoch: 0110 val_loss: 1.4081 val_roc: 0.9058 val_ap: 0.8999
INFO:root:Early stopping
INFO:root:Optimization Finished!
INFO:root:Total time elapsed: 22.6112s
INFO:root:Val set results: val_loss: 1.8860 val_roc: 0.9130 val_ap: 0.9151
INFO:root:Test set results: test_loss: 1.8863 test_roc: 0.8979 test_ap: 0.9065
