INFO:root:Using: cpu
INFO:root:Using seed 1234.
INFO:root:LPModel(
  (encoder): HypGCN(
    (layers): Sequential(
      (0): HyperbolicGraphConvolution(
        (linear): HypLinear(in_features=12, out_features=8, c=tensor([1.]))
        (agg): HypAgg(c=tensor([1.]), use_att=0)
        (hyp_act): HypAct(c_in=tensor([1.]), c_out=tensor([1.]))
      )
      (1): HyperbolicGraphConvolution(
        (linear): HypLinear(in_features=8, out_features=8, c=tensor([1.]))
        (agg): HypAgg(c=tensor([1.]), use_att=0)
        (hyp_act): HypAct(c_in=tensor([1.]), c_out=tensor([1.]))
      )
    )
  )
  (dc): FermiDiracDecoder()
)
INFO:root:Total number of parameters: 176
INFO:root:Epoch: 0005 lr: 0.01 train_loss: 1.9990 train_roc: 0.8142 train_ap: 0.6916 time: 0.3955s
INFO:root:Epoch: 0005 val_loss: 2.1921 val_roc: 0.8963 val_ap: 0.8915
INFO:root:Epoch: 0010 lr: 0.01 train_loss: 2.1975 train_roc: 0.8978 train_ap: 0.8657 time: 0.6546s
INFO:root:Epoch: 0010 val_loss: 2.1797 val_roc: 0.8964 val_ap: 0.8914
INFO:root:Epoch: 0015 lr: 0.01 train_loss: 1.9044 train_roc: 0.9353 train_ap: 0.9104 time: 0.4041s
INFO:root:Epoch: 0015 val_loss: 2.1618 val_roc: 0.8952 val_ap: 0.8882
INFO:root:Epoch: 0020 lr: 0.01 train_loss: 1.9205 train_roc: 0.9150 train_ap: 0.8958 time: 0.4007s
INFO:root:Epoch: 0020 val_loss: 2.1388 val_roc: 0.8961 val_ap: 0.8898
INFO:root:Epoch: 0025 lr: 0.01 train_loss: 1.4405 train_roc: 0.9214 train_ap: 0.9158 time: 0.4118s
INFO:root:Epoch: 0025 val_loss: 2.1117 val_roc: 0.8962 val_ap: 0.8910
INFO:root:Epoch: 0030 lr: 0.01 train_loss: 2.0987 train_roc: 0.8935 train_ap: 0.8583 time: 0.4152s
INFO:root:Epoch: 0030 val_loss: 2.0816 val_roc: 0.9004 val_ap: 0.8989
INFO:root:Epoch: 0035 lr: 0.01 train_loss: 2.0616 train_roc: 0.8320 train_ap: 0.7824 time: 0.3995s
INFO:root:Epoch: 0035 val_loss: 2.0404 val_roc: 0.9041 val_ap: 0.9044
INFO:root:Epoch: 0040 lr: 0.01 train_loss: 1.5576 train_roc: 0.9435 train_ap: 0.9327 time: 0.4051s
INFO:root:Epoch: 0040 val_loss: 1.9832 val_roc: 0.9061 val_ap: 0.9053
INFO:root:Epoch: 0045 lr: 0.01 train_loss: 0.9570 train_roc: 0.9313 train_ap: 0.9170 time: 0.4259s
INFO:root:Epoch: 0045 val_loss: 1.9189 val_roc: 0.9046 val_ap: 0.9031
INFO:root:Epoch: 0050 lr: 0.01 train_loss: 1.2678 train_roc: 0.9193 train_ap: 0.9013 time: 0.3993s
INFO:root:Epoch: 0050 val_loss: 1.8125 val_roc: 0.9013 val_ap: 0.9008
INFO:root:Epoch: 0055 lr: 0.01 train_loss: 1.1374 train_roc: 0.9338 train_ap: 0.9233 time: 0.3979s
INFO:root:Epoch: 0055 val_loss: 1.6885 val_roc: 0.8979 val_ap: 0.8981
INFO:root:Epoch: 0060 lr: 0.01 train_loss: 1.8749 train_roc: 0.8713 train_ap: 0.8586 time: 0.4036s
INFO:root:Epoch: 0060 val_loss: 1.5900 val_roc: 0.8967 val_ap: 0.8972
INFO:root:Epoch: 0065 lr: 0.01 train_loss: 2.2396 train_roc: 0.8528 train_ap: 0.8276 time: 0.4155s
INFO:root:Epoch: 0065 val_loss: 1.5543 val_roc: 0.8979 val_ap: 0.8985
INFO:root:Epoch: 0070 lr: 0.01 train_loss: 1.2019 train_roc: 0.8776 train_ap: 0.8546 time: 0.4074s
INFO:root:Epoch: 0070 val_loss: 1.5348 val_roc: 0.8999 val_ap: 0.9003
INFO:root:Epoch: 0075 lr: 0.01 train_loss: 2.1801 train_roc: 0.8377 train_ap: 0.7896 time: 0.3949s
INFO:root:Epoch: 0075 val_loss: 1.5442 val_roc: 0.9023 val_ap: 0.9023
INFO:root:Epoch: 0080 lr: 0.01 train_loss: 1.5817 train_roc: 0.8766 train_ap: 0.8537 time: 0.3978s
INFO:root:Epoch: 0080 val_loss: 1.6439 val_roc: 0.9072 val_ap: 0.9052
INFO:root:Epoch: 0085 lr: 0.01 train_loss: 0.8843 train_roc: 0.8945 train_ap: 0.8692 time: 0.4037s
INFO:root:Epoch: 0085 val_loss: 1.7337 val_roc: 0.9122 val_ap: 0.9080
INFO:root:Epoch: 0090 lr: 0.01 train_loss: 1.0804 train_roc: 0.9039 train_ap: 0.8734 time: 0.4061s
INFO:root:Epoch: 0090 val_loss: 1.7594 val_roc: 0.9151 val_ap: 0.9100
INFO:root:Epoch: 0095 lr: 0.01 train_loss: 1.3257 train_roc: 0.9090 train_ap: 0.9026 time: 0.4266s
INFO:root:Epoch: 0095 val_loss: 1.7459 val_roc: 0.9175 val_ap: 0.9111
INFO:root:Epoch: 0100 lr: 0.01 train_loss: 1.3777 train_roc: 0.8890 train_ap: 0.8888 time: 0.4007s
INFO:root:Epoch: 0100 val_loss: 1.7179 val_roc: 0.9186 val_ap: 0.9114
INFO:root:Epoch: 0105 lr: 0.01 train_loss: 1.1745 train_roc: 0.9140 train_ap: 0.8991 time: 0.4481s
INFO:root:Epoch: 0105 val_loss: 1.6947 val_roc: 0.9191 val_ap: 0.9113
INFO:root:Epoch: 0110 lr: 0.01 train_loss: 1.2221 train_roc: 0.8900 train_ap: 0.8791 time: 0.3982s
INFO:root:Epoch: 0110 val_loss: 1.6622 val_roc: 0.9187 val_ap: 0.9107
INFO:root:Epoch: 0115 lr: 0.01 train_loss: 1.0926 train_roc: 0.9065 train_ap: 0.8833 time: 0.4153s
INFO:root:Epoch: 0115 val_loss: 1.6216 val_roc: 0.9184 val_ap: 0.9099
INFO:root:Epoch: 0120 lr: 0.01 train_loss: 0.7515 train_roc: 0.9263 train_ap: 0.9101 time: 0.4006s
INFO:root:Epoch: 0120 val_loss: 1.6053 val_roc: 0.9193 val_ap: 0.9099
INFO:root:Epoch: 0125 lr: 0.01 train_loss: 1.2503 train_roc: 0.8945 train_ap: 0.8756 time: 0.3973s
INFO:root:Epoch: 0125 val_loss: 1.6280 val_roc: 0.9210 val_ap: 0.9107
INFO:root:Epoch: 0130 lr: 0.01 train_loss: 1.7483 train_roc: 0.6966 train_ap: 0.6045 time: 0.4215s
INFO:root:Epoch: 0130 val_loss: 1.6316 val_roc: 0.9216 val_ap: 0.9110
INFO:root:Epoch: 0135 lr: 0.01 train_loss: 1.6136 train_roc: 0.9254 train_ap: 0.9120 time: 0.4032s
INFO:root:Epoch: 0135 val_loss: 1.6222 val_roc: 0.9219 val_ap: 0.9110
INFO:root:Epoch: 0140 lr: 0.01 train_loss: 1.5509 train_roc: 0.8843 train_ap: 0.8652 time: 0.3959s
INFO:root:Epoch: 0140 val_loss: 1.5987 val_roc: 0.9220 val_ap: 0.9109
INFO:root:Epoch: 0145 lr: 0.01 train_loss: 1.7709 train_roc: 0.8522 train_ap: 0.8292 time: 0.4378s
INFO:root:Epoch: 0145 val_loss: 1.5667 val_roc: 0.9217 val_ap: 0.9105
INFO:root:Epoch: 0150 lr: 0.01 train_loss: 1.1208 train_roc: 0.8830 train_ap: 0.8171 time: 0.3941s
INFO:root:Epoch: 0150 val_loss: 1.5267 val_roc: 0.9208 val_ap: 0.9098
INFO:root:Epoch: 0155 lr: 0.01 train_loss: 1.5086 train_roc: 0.9043 train_ap: 0.8847 time: 0.4026s
INFO:root:Epoch: 0155 val_loss: 1.4874 val_roc: 0.9201 val_ap: 0.9091
INFO:root:Epoch: 0160 lr: 0.01 train_loss: 1.8006 train_roc: 0.8429 train_ap: 0.7809 time: 0.4074s
INFO:root:Epoch: 0160 val_loss: 1.4447 val_roc: 0.9194 val_ap: 0.9084
INFO:root:Epoch: 0165 lr: 0.01 train_loss: 1.0022 train_roc: 0.9234 train_ap: 0.9112 time: 0.4042s
INFO:root:Epoch: 0165 val_loss: 1.4011 val_roc: 0.9192 val_ap: 0.9078
INFO:root:Epoch: 0170 lr: 0.01 train_loss: 1.4111 train_roc: 0.9222 train_ap: 0.9143 time: 0.4238s
INFO:root:Epoch: 0170 val_loss: 1.3510 val_roc: 0.9181 val_ap: 0.9067
INFO:root:Epoch: 0175 lr: 0.01 train_loss: 1.0159 train_roc: 0.8955 train_ap: 0.8753 time: 0.4022s
INFO:root:Epoch: 0175 val_loss: 1.3040 val_roc: 0.9168 val_ap: 0.9056
INFO:root:Epoch: 0180 lr: 0.01 train_loss: 0.8641 train_roc: 0.9276 train_ap: 0.9210 time: 0.4207s
INFO:root:Epoch: 0180 val_loss: 1.2602 val_roc: 0.9157 val_ap: 0.9049
INFO:root:Epoch: 0185 lr: 0.01 train_loss: 1.8434 train_roc: 0.9152 train_ap: 0.9059 time: 0.4040s
INFO:root:Epoch: 0185 val_loss: 1.2207 val_roc: 0.9147 val_ap: 0.9045
INFO:root:Epoch: 0190 lr: 0.01 train_loss: 1.3351 train_roc: 0.8810 train_ap: 0.8442 time: 0.3990s
INFO:root:Epoch: 0190 val_loss: 1.1871 val_roc: 0.9139 val_ap: 0.9042
INFO:root:Epoch: 0195 lr: 0.01 train_loss: 1.3311 train_roc: 0.9024 train_ap: 0.8821 time: 0.4010s
INFO:root:Epoch: 0195 val_loss: 1.1934 val_roc: 0.9142 val_ap: 0.9045
INFO:root:Epoch: 0200 lr: 0.01 train_loss: 0.8087 train_roc: 0.9236 train_ap: 0.9066 time: 0.3978s
INFO:root:Epoch: 0200 val_loss: 1.2347 val_roc: 0.9154 val_ap: 0.9043
INFO:root:Epoch: 0205 lr: 0.01 train_loss: 1.1369 train_roc: 0.9159 train_ap: 0.8951 time: 0.4017s
INFO:root:Epoch: 0205 val_loss: 1.2678 val_roc: 0.9162 val_ap: 0.9039
INFO:root:Epoch: 0210 lr: 0.01 train_loss: 0.8117 train_roc: 0.9274 train_ap: 0.9129 time: 0.3996s
INFO:root:Epoch: 0210 val_loss: 1.3103 val_roc: 0.9170 val_ap: 0.9039
INFO:root:Epoch: 0215 lr: 0.01 train_loss: 1.1989 train_roc: 0.9192 train_ap: 0.8975 time: 0.3963s
INFO:root:Epoch: 0215 val_loss: 1.3191 val_roc: 0.9173 val_ap: 0.9042
INFO:root:Epoch: 0220 lr: 0.01 train_loss: 1.0966 train_roc: 0.8806 train_ap: 0.8620 time: 0.4117s
INFO:root:Epoch: 0220 val_loss: 1.3141 val_roc: 0.9179 val_ap: 0.9046
INFO:root:Epoch: 0225 lr: 0.01 train_loss: 2.0060 train_roc: 0.9094 train_ap: 0.8773 time: 0.4004s
INFO:root:Epoch: 0225 val_loss: 1.3112 val_roc: 0.9185 val_ap: 0.9054
INFO:root:Epoch: 0230 lr: 0.01 train_loss: 1.2437 train_roc: 0.8528 train_ap: 0.8262 time: 0.4059s
INFO:root:Epoch: 0230 val_loss: 1.3000 val_roc: 0.9189 val_ap: 0.9063
INFO:root:Epoch: 0235 lr: 0.01 train_loss: 0.7969 train_roc: 0.9109 train_ap: 0.8788 time: 0.3963s
INFO:root:Epoch: 0235 val_loss: 1.2974 val_roc: 0.9193 val_ap: 0.9070
INFO:root:Early stopping
INFO:root:Optimization Finished!
INFO:root:Total time elapsed: 146.1589s
INFO:root:Val set results: val_loss: 1.6039 val_roc: 0.9220 val_ap: 0.9110
INFO:root:Test set results: test_loss: 1.6036 test_roc: 0.9086 test_ap: 0.8954
