INFO:root:Using: cpu
INFO:root:Using seed 1234.
INFO:root:LPModel(
  (encoder): HypGCN(
    (layers): Sequential(
      (0): HyperbolicGraphConvolution(
        (linear): HypLinear(in_features=12, out_features=16, c=tensor([1.]))
        (agg): HypAgg(c=tensor([1.]), use_att=0)
        (hyp_act): HypAct(c_in=tensor([1.]), c_out=tensor([1.]))
      )
      (1): HyperbolicGraphConvolution(
        (linear): HypLinear(in_features=16, out_features=16, c=tensor([1.]))
        (agg): HypAgg(c=tensor([1.]), use_att=0)
        (hyp_act): HypAct(c_in=tensor([1.]), c_out=tensor([1.]))
      )
    )
  )
  (dc): FermiDiracDecoder()
)
INFO:root:Total number of parameters: 480
INFO:root:Epoch: 0005 lr: 0.01 train_loss: 2.1318 train_roc: 0.9585 train_ap: 0.9480 time: 0.1002s
INFO:root:Epoch: 0005 val_loss: 2.0547 val_roc: 0.8930 val_ap: 0.8911
INFO:root:Epoch: 0010 lr: 0.01 train_loss: 2.0659 train_roc: 0.9523 train_ap: 0.9413 time: 0.1004s
INFO:root:Epoch: 0010 val_loss: 2.0330 val_roc: 0.8936 val_ap: 0.8911
INFO:root:Epoch: 0015 lr: 0.01 train_loss: 1.7959 train_roc: 0.9145 train_ap: 0.9044 time: 0.1021s
INFO:root:Epoch: 0015 val_loss: 2.0075 val_roc: 0.8942 val_ap: 0.8919
INFO:root:Epoch: 0020 lr: 0.01 train_loss: 2.0123 train_roc: 0.9500 train_ap: 0.9426 time: 0.0997s
INFO:root:Epoch: 0020 val_loss: 1.9791 val_roc: 0.8953 val_ap: 0.8944
INFO:root:Epoch: 0025 lr: 0.01 train_loss: 1.8183 train_roc: 0.9479 train_ap: 0.9422 time: 0.1032s
INFO:root:Epoch: 0025 val_loss: 1.9670 val_roc: 0.8967 val_ap: 0.8968
INFO:root:Epoch: 0030 lr: 0.01 train_loss: 1.9907 train_roc: 0.9374 train_ap: 0.9323 time: 0.0994s
INFO:root:Epoch: 0030 val_loss: 1.9606 val_roc: 0.8968 val_ap: 0.8974
INFO:root:Epoch: 0035 lr: 0.01 train_loss: 1.7932 train_roc: 0.9493 train_ap: 0.9413 time: 0.1002s
INFO:root:Epoch: 0035 val_loss: 1.9649 val_roc: 0.8977 val_ap: 0.8993
INFO:root:Epoch: 0040 lr: 0.01 train_loss: 1.8955 train_roc: 0.9343 train_ap: 0.9328 time: 0.1005s
INFO:root:Epoch: 0040 val_loss: 1.9616 val_roc: 0.8993 val_ap: 0.9017
INFO:root:Epoch: 0045 lr: 0.01 train_loss: 2.0172 train_roc: 0.9532 train_ap: 0.9421 time: 0.0993s
INFO:root:Epoch: 0045 val_loss: 1.9494 val_roc: 0.9002 val_ap: 0.9014
INFO:root:Epoch: 0050 lr: 0.01 train_loss: 1.7713 train_roc: 0.9324 train_ap: 0.9252 time: 0.1026s
INFO:root:Epoch: 0050 val_loss: 1.9316 val_roc: 0.9006 val_ap: 0.9009
INFO:root:Epoch: 0055 lr: 0.01 train_loss: 1.7467 train_roc: 0.9470 train_ap: 0.9395 time: 0.1008s
INFO:root:Epoch: 0055 val_loss: 1.8927 val_roc: 0.9024 val_ap: 0.9017
INFO:root:Epoch: 0060 lr: 0.01 train_loss: 1.8285 train_roc: 0.9316 train_ap: 0.9262 time: 0.1006s
INFO:root:Epoch: 0060 val_loss: 1.8534 val_roc: 0.9031 val_ap: 0.9008
INFO:root:Epoch: 0065 lr: 0.01 train_loss: 1.7305 train_roc: 0.9344 train_ap: 0.9265 time: 0.0999s
INFO:root:Epoch: 0065 val_loss: 1.8429 val_roc: 0.9026 val_ap: 0.8996
INFO:root:Epoch: 0070 lr: 0.01 train_loss: 1.6680 train_roc: 0.9457 train_ap: 0.9413 time: 0.1032s
INFO:root:Epoch: 0070 val_loss: 1.8429 val_roc: 0.9011 val_ap: 0.8973
INFO:root:Epoch: 0075 lr: 0.01 train_loss: 1.8721 train_roc: 0.9404 train_ap: 0.9301 time: 0.0991s
INFO:root:Epoch: 0075 val_loss: 1.8277 val_roc: 0.9026 val_ap: 0.8982
INFO:root:Epoch: 0080 lr: 0.01 train_loss: 1.6005 train_roc: 0.9382 train_ap: 0.9260 time: 0.0978s
INFO:root:Epoch: 0080 val_loss: 1.8206 val_roc: 0.9039 val_ap: 0.8976
INFO:root:Epoch: 0085 lr: 0.01 train_loss: 1.7681 train_roc: 0.9328 train_ap: 0.9269 time: 0.1005s
INFO:root:Epoch: 0085 val_loss: 1.7895 val_roc: 0.9061 val_ap: 0.9001
INFO:root:Epoch: 0090 lr: 0.01 train_loss: 1.5723 train_roc: 0.9332 train_ap: 0.9332 time: 0.0983s
INFO:root:Epoch: 0090 val_loss: 1.7500 val_roc: 0.9069 val_ap: 0.9012
INFO:root:Epoch: 0095 lr: 0.01 train_loss: 1.5939 train_roc: 0.9392 train_ap: 0.9343 time: 0.0972s
INFO:root:Epoch: 0095 val_loss: 1.7070 val_roc: 0.9068 val_ap: 0.8992
INFO:root:Epoch: 0100 lr: 0.01 train_loss: 1.4611 train_roc: 0.9473 train_ap: 0.9432 time: 0.0976s
INFO:root:Epoch: 0100 val_loss: 1.6764 val_roc: 0.9072 val_ap: 0.9000
INFO:root:Epoch: 0105 lr: 0.01 train_loss: 1.5539 train_roc: 0.9326 train_ap: 0.9247 time: 0.0982s
INFO:root:Epoch: 0105 val_loss: 1.6629 val_roc: 0.9056 val_ap: 0.9003
INFO:root:Epoch: 0110 lr: 0.01 train_loss: 1.4746 train_roc: 0.9179 train_ap: 0.9064 time: 0.0975s
INFO:root:Epoch: 0110 val_loss: 1.6488 val_roc: 0.9038 val_ap: 0.8970
INFO:root:Epoch: 0115 lr: 0.01 train_loss: 1.5422 train_roc: 0.9262 train_ap: 0.9224 time: 0.0985s
INFO:root:Epoch: 0115 val_loss: 1.6398 val_roc: 0.9024 val_ap: 0.8930
INFO:root:Epoch: 0120 lr: 0.01 train_loss: 1.6869 train_roc: 0.9337 train_ap: 0.9238 time: 0.0982s
INFO:root:Epoch: 0120 val_loss: 1.6483 val_roc: 0.9030 val_ap: 0.8917
INFO:root:Epoch: 0125 lr: 0.01 train_loss: 1.7007 train_roc: 0.9258 train_ap: 0.9225 time: 0.0981s
INFO:root:Epoch: 0125 val_loss: 1.6480 val_roc: 0.9038 val_ap: 0.8931
INFO:root:Epoch: 0130 lr: 0.01 train_loss: 1.4586 train_roc: 0.9122 train_ap: 0.9041 time: 0.0989s
INFO:root:Epoch: 0130 val_loss: 1.6513 val_roc: 0.9036 val_ap: 0.8938
INFO:root:Epoch: 0135 lr: 0.01 train_loss: 1.5930 train_roc: 0.9486 train_ap: 0.9405 time: 0.0987s
INFO:root:Epoch: 0135 val_loss: 1.6434 val_roc: 0.9050 val_ap: 0.8944
INFO:root:Epoch: 0140 lr: 0.01 train_loss: 1.6742 train_roc: 0.9314 train_ap: 0.9256 time: 0.1043s
INFO:root:Epoch: 0140 val_loss: 1.6285 val_roc: 0.9059 val_ap: 0.8929
INFO:root:Epoch: 0145 lr: 0.01 train_loss: 1.5412 train_roc: 0.9243 train_ap: 0.9125 time: 0.0983s
INFO:root:Epoch: 0145 val_loss: 1.5931 val_roc: 0.9056 val_ap: 0.8933
INFO:root:Epoch: 0150 lr: 0.01 train_loss: 1.5927 train_roc: 0.9131 train_ap: 0.9126 time: 0.0981s
INFO:root:Epoch: 0150 val_loss: 1.5693 val_roc: 0.9041 val_ap: 0.8917
INFO:root:Epoch: 0155 lr: 0.01 train_loss: 1.6262 train_roc: 0.8916 train_ap: 0.8836 time: 0.0989s
INFO:root:Epoch: 0155 val_loss: 1.5659 val_roc: 0.9030 val_ap: 0.8898
INFO:root:Epoch: 0160 lr: 0.01 train_loss: 1.6454 train_roc: 0.9197 train_ap: 0.9134 time: 0.0980s
INFO:root:Epoch: 0160 val_loss: 1.5575 val_roc: 0.9002 val_ap: 0.8862
INFO:root:Epoch: 0165 lr: 0.01 train_loss: 1.5478 train_roc: 0.9299 train_ap: 0.9227 time: 0.0984s
INFO:root:Epoch: 0165 val_loss: 1.5575 val_roc: 0.8960 val_ap: 0.8832
INFO:root:Epoch: 0170 lr: 0.01 train_loss: 1.5205 train_roc: 0.9066 train_ap: 0.8977 time: 0.0976s
INFO:root:Epoch: 0170 val_loss: 1.5570 val_roc: 0.8930 val_ap: 0.8812
INFO:root:Epoch: 0175 lr: 0.01 train_loss: 1.4746 train_roc: 0.9215 train_ap: 0.9166 time: 0.0990s
INFO:root:Epoch: 0175 val_loss: 1.5551 val_roc: 0.8918 val_ap: 0.8793
INFO:root:Epoch: 0180 lr: 0.01 train_loss: 1.5317 train_roc: 0.9167 train_ap: 0.9097 time: 0.0983s
INFO:root:Epoch: 0180 val_loss: 1.5590 val_roc: 0.8904 val_ap: 0.8789
INFO:root:Epoch: 0185 lr: 0.01 train_loss: 1.4627 train_roc: 0.9337 train_ap: 0.9245 time: 0.0980s
INFO:root:Epoch: 0185 val_loss: 1.5585 val_roc: 0.8892 val_ap: 0.8785
INFO:root:Epoch: 0190 lr: 0.01 train_loss: 1.5881 train_roc: 0.9083 train_ap: 0.9050 time: 0.0985s
INFO:root:Epoch: 0190 val_loss: 1.5493 val_roc: 0.8873 val_ap: 0.8778
INFO:root:Early stopping
INFO:root:Optimization Finished!
INFO:root:Total time elapsed: 25.7811s
INFO:root:Val set results: val_loss: 1.7415 val_roc: 0.9070 val_ap: 0.9012
INFO:root:Test set results: test_loss: 1.7411 test_roc: 0.8959 test_ap: 0.8940
