INFO:root:Using: cpu
INFO:root:Using seed 1234.
INFO:root:LPModel(
  (encoder): HypGCN(
    (layers): Sequential(
      (0): HyperbolicGraphConvolution(
        (linear): HypLinear(in_features=1433, out_features=16, c=tensor([1.]))
        (agg): HypAgg(c=tensor([1.]), use_att=0)
        (hyp_act): HypAct(c_in=tensor([1.]), c_out=tensor([1.]))
      )
      (1): HyperbolicGraphConvolution(
        (linear): HypLinear(in_features=16, out_features=16, c=tensor([1.]))
        (agg): HypAgg(c=tensor([1.]), use_att=0)
        (hyp_act): HypAct(c_in=tensor([1.]), c_out=tensor([1.]))
      )
    )
  )
  (dc): FermiDiracDecoder()
)
INFO:root:Total number of parameters: 23216
INFO:root:Epoch: 0005 lr: 0.01 train_loss: 2.2518 train_roc: 0.9012 train_ap: 0.8980 time: 0.3457s
INFO:root:Epoch: 0005 val_loss: 2.2531 val_roc: 0.7205 val_ap: 0.7532
INFO:root:Epoch: 0010 lr: 0.01 train_loss: 2.2500 train_roc: 0.9168 train_ap: 0.9181 time: 0.3421s
INFO:root:Epoch: 0010 val_loss: 2.2519 val_roc: 0.7541 val_ap: 0.7581
INFO:root:Epoch: 0015 lr: 0.01 train_loss: 2.2421 train_roc: 0.9148 train_ap: 0.9099 time: 0.3447s
INFO:root:Epoch: 0015 val_loss: 2.2489 val_roc: 0.7837 val_ap: 0.7883
INFO:root:Epoch: 0020 lr: 0.01 train_loss: 2.2335 train_roc: 0.9170 train_ap: 0.9174 time: 0.3421s
INFO:root:Epoch: 0020 val_loss: 2.2418 val_roc: 0.7915 val_ap: 0.7997
INFO:root:Epoch: 0025 lr: 0.01 train_loss: 2.1853 train_roc: 0.9247 train_ap: 0.9213 time: 0.3538s
INFO:root:Epoch: 0025 val_loss: 2.2270 val_roc: 0.7838 val_ap: 0.7931
INFO:root:Epoch: 0030 lr: 0.01 train_loss: 2.1663 train_roc: 0.9262 train_ap: 0.9244 time: 0.3479s
INFO:root:Epoch: 0030 val_loss: 2.1953 val_roc: 0.7779 val_ap: 0.7835
INFO:root:Epoch: 0035 lr: 0.01 train_loss: 2.1443 train_roc: 0.9175 train_ap: 0.9166 time: 0.3490s
INFO:root:Epoch: 0035 val_loss: 2.1317 val_roc: 0.7692 val_ap: 0.7635
INFO:root:Epoch: 0040 lr: 0.01 train_loss: 1.9273 train_roc: 0.9301 train_ap: 0.9269 time: 0.3462s
INFO:root:Epoch: 0040 val_loss: 2.0243 val_roc: 0.7673 val_ap: 0.7672
INFO:root:Epoch: 0045 lr: 0.01 train_loss: 1.5599 train_roc: 0.9173 train_ap: 0.9129 time: 0.3475s
INFO:root:Epoch: 0045 val_loss: 1.8650 val_roc: 0.7674 val_ap: 0.7676
INFO:root:Epoch: 0050 lr: 0.01 train_loss: 1.3242 train_roc: 0.9067 train_ap: 0.8970 time: 0.3483s
INFO:root:Epoch: 0050 val_loss: 1.6658 val_roc: 0.7685 val_ap: 0.7681
INFO:root:Epoch: 0055 lr: 0.01 train_loss: 1.5765 train_roc: 0.9444 train_ap: 0.9395 time: 0.3455s
INFO:root:Epoch: 0055 val_loss: 1.4863 val_roc: 0.7758 val_ap: 0.7760
INFO:root:Epoch: 0060 lr: 0.01 train_loss: 0.9106 train_roc: 0.9144 train_ap: 0.9093 time: 0.3463s
INFO:root:Epoch: 0060 val_loss: 1.3693 val_roc: 0.7895 val_ap: 0.7885
INFO:root:Epoch: 0065 lr: 0.01 train_loss: 1.8610 train_roc: 0.8545 train_ap: 0.8633 time: 0.3574s
INFO:root:Epoch: 0065 val_loss: 1.3333 val_roc: 0.7991 val_ap: 0.7972
INFO:root:Epoch: 0070 lr: 0.01 train_loss: 0.8493 train_roc: 0.9264 train_ap: 0.9238 time: 0.3434s
INFO:root:Epoch: 0070 val_loss: 1.3362 val_roc: 0.7997 val_ap: 0.7943
INFO:root:Epoch: 0075 lr: 0.01 train_loss: 1.1754 train_roc: 0.9441 train_ap: 0.9375 time: 0.3504s
INFO:root:Epoch: 0075 val_loss: 1.3384 val_roc: 0.8007 val_ap: 0.7917
INFO:root:Epoch: 0080 lr: 0.01 train_loss: 1.1218 train_roc: 0.9299 train_ap: 0.9261 time: 0.3424s
INFO:root:Epoch: 0080 val_loss: 1.3360 val_roc: 0.8028 val_ap: 0.7943
INFO:root:Epoch: 0085 lr: 0.01 train_loss: 1.0355 train_roc: 0.9437 train_ap: 0.9411 time: 0.3401s
INFO:root:Epoch: 0085 val_loss: 1.3396 val_roc: 0.8041 val_ap: 0.7974
INFO:root:Epoch: 0090 lr: 0.01 train_loss: 0.8486 train_roc: 0.9077 train_ap: 0.9020 time: 0.3425s
INFO:root:Epoch: 0090 val_loss: 1.3479 val_roc: 0.8036 val_ap: 0.7980
INFO:root:Epoch: 0095 lr: 0.01 train_loss: 0.9807 train_roc: 0.9274 train_ap: 0.9192 time: 0.3418s
INFO:root:Epoch: 0095 val_loss: 1.3396 val_roc: 0.8061 val_ap: 0.8026
INFO:root:Epoch: 0100 lr: 0.01 train_loss: 0.8044 train_roc: 0.9305 train_ap: 0.9228 time: 0.3561s
INFO:root:Epoch: 0100 val_loss: 1.3137 val_roc: 0.8131 val_ap: 0.8139
INFO:root:Epoch: 0105 lr: 0.01 train_loss: 0.7675 train_roc: 0.9387 train_ap: 0.9338 time: 0.3423s
INFO:root:Epoch: 0105 val_loss: 1.2757 val_roc: 0.8191 val_ap: 0.8226
INFO:root:Epoch: 0110 lr: 0.01 train_loss: 0.9845 train_roc: 0.9445 train_ap: 0.9402 time: 0.3480s
INFO:root:Epoch: 0110 val_loss: 1.2549 val_roc: 0.8240 val_ap: 0.8299
INFO:root:Epoch: 0115 lr: 0.01 train_loss: 0.7180 train_roc: 0.9354 train_ap: 0.9335 time: 0.3459s
INFO:root:Epoch: 0115 val_loss: 1.2404 val_roc: 0.8285 val_ap: 0.8348
INFO:root:Epoch: 0120 lr: 0.01 train_loss: 0.7528 train_roc: 0.9466 train_ap: 0.9418 time: 0.3494s
INFO:root:Epoch: 0120 val_loss: 1.2637 val_roc: 0.8286 val_ap: 0.8369
INFO:root:Epoch: 0125 lr: 0.01 train_loss: 0.7733 train_roc: 0.9576 train_ap: 0.9538 time: 0.3618s
INFO:root:Epoch: 0125 val_loss: 1.2684 val_roc: 0.8301 val_ap: 0.8390
INFO:root:Epoch: 0130 lr: 0.01 train_loss: 0.8436 train_roc: 0.9664 train_ap: 0.9645 time: 0.3570s
INFO:root:Epoch: 0130 val_loss: 1.2658 val_roc: 0.8331 val_ap: 0.8434
INFO:root:Epoch: 0135 lr: 0.01 train_loss: 0.7128 train_roc: 0.9556 train_ap: 0.9509 time: 0.3570s
INFO:root:Epoch: 0135 val_loss: 1.2489 val_roc: 0.8358 val_ap: 0.8461
INFO:root:Epoch: 0140 lr: 0.01 train_loss: 0.7457 train_roc: 0.9320 train_ap: 0.9289 time: 0.3998s
INFO:root:Epoch: 0140 val_loss: 1.2158 val_roc: 0.8392 val_ap: 0.8497
INFO:root:Epoch: 0145 lr: 0.01 train_loss: 0.7052 train_roc: 0.9473 train_ap: 0.9429 time: 0.3508s
INFO:root:Epoch: 0145 val_loss: 1.2213 val_roc: 0.8402 val_ap: 0.8507
INFO:root:Epoch: 0150 lr: 0.01 train_loss: 0.8311 train_roc: 0.9574 train_ap: 0.9528 time: 0.3508s
INFO:root:Epoch: 0150 val_loss: 1.2208 val_roc: 0.8419 val_ap: 0.8530
INFO:root:Epoch: 0155 lr: 0.01 train_loss: 0.5977 train_roc: 0.9620 train_ap: 0.9581 time: 0.3562s
INFO:root:Epoch: 0155 val_loss: 1.2116 val_roc: 0.8435 val_ap: 0.8553
INFO:root:Epoch: 0160 lr: 0.01 train_loss: 0.6666 train_roc: 0.9457 train_ap: 0.9422 time: 0.3457s
INFO:root:Epoch: 0160 val_loss: 1.1953 val_roc: 0.8451 val_ap: 0.8569
INFO:root:Epoch: 0165 lr: 0.01 train_loss: 0.6793 train_roc: 0.9405 train_ap: 0.9358 time: 0.3434s
INFO:root:Epoch: 0165 val_loss: 1.1902 val_roc: 0.8461 val_ap: 0.8581
INFO:root:Epoch: 0170 lr: 0.01 train_loss: 0.5979 train_roc: 0.9611 train_ap: 0.9597 time: 0.3443s
INFO:root:Epoch: 0170 val_loss: 1.1807 val_roc: 0.8481 val_ap: 0.8605
INFO:root:Epoch: 0175 lr: 0.01 train_loss: 0.5679 train_roc: 0.9642 train_ap: 0.9625 time: 0.3459s
INFO:root:Epoch: 0175 val_loss: 1.1734 val_roc: 0.8500 val_ap: 0.8630
INFO:root:Epoch: 0180 lr: 0.01 train_loss: 0.5875 train_roc: 0.9572 train_ap: 0.9521 time: 0.3435s
INFO:root:Epoch: 0180 val_loss: 1.1745 val_roc: 0.8516 val_ap: 0.8648
INFO:root:Epoch: 0185 lr: 0.01 train_loss: 0.6835 train_roc: 0.9675 train_ap: 0.9614 time: 0.3420s
INFO:root:Epoch: 0185 val_loss: 1.1927 val_roc: 0.8526 val_ap: 0.8663
INFO:root:Epoch: 0190 lr: 0.01 train_loss: 0.7084 train_roc: 0.9688 train_ap: 0.9631 time: 0.3672s
INFO:root:Epoch: 0190 val_loss: 1.1955 val_roc: 0.8543 val_ap: 0.8691
INFO:root:Epoch: 0195 lr: 0.01 train_loss: 0.6547 train_roc: 0.9642 train_ap: 0.9580 time: 0.3473s
INFO:root:Epoch: 0195 val_loss: 1.1828 val_roc: 0.8563 val_ap: 0.8712
INFO:root:Epoch: 0200 lr: 0.01 train_loss: 0.6026 train_roc: 0.9553 train_ap: 0.9519 time: 0.3485s
INFO:root:Epoch: 0200 val_loss: 1.1482 val_roc: 0.8580 val_ap: 0.8721
INFO:root:Epoch: 0205 lr: 0.01 train_loss: 0.6156 train_roc: 0.9630 train_ap: 0.9560 time: 0.3483s
INFO:root:Epoch: 0205 val_loss: 1.1288 val_roc: 0.8591 val_ap: 0.8723
INFO:root:Epoch: 0210 lr: 0.01 train_loss: 0.6487 train_roc: 0.9643 train_ap: 0.9609 time: 0.3525s
INFO:root:Epoch: 0210 val_loss: 1.1623 val_roc: 0.8589 val_ap: 0.8720
INFO:root:Epoch: 0215 lr: 0.01 train_loss: 0.6696 train_roc: 0.9633 train_ap: 0.9577 time: 0.3543s
INFO:root:Epoch: 0215 val_loss: 1.1992 val_roc: 0.8576 val_ap: 0.8704
INFO:root:Epoch: 0220 lr: 0.01 train_loss: 0.7758 train_roc: 0.9681 train_ap: 0.9630 time: 0.3512s
INFO:root:Epoch: 0220 val_loss: 1.1914 val_roc: 0.8581 val_ap: 0.8704
INFO:root:Epoch: 0225 lr: 0.01 train_loss: 0.8764 train_roc: 0.9671 train_ap: 0.9602 time: 0.3482s
INFO:root:Epoch: 0225 val_loss: 1.1622 val_roc: 0.8595 val_ap: 0.8710
INFO:root:Epoch: 0230 lr: 0.01 train_loss: 0.5409 train_roc: 0.9689 train_ap: 0.9647 time: 0.3542s
INFO:root:Epoch: 0230 val_loss: 1.1453 val_roc: 0.8604 val_ap: 0.8717
INFO:root:Epoch: 0235 lr: 0.01 train_loss: 0.5518 train_roc: 0.9677 train_ap: 0.9669 time: 0.3484s
INFO:root:Epoch: 0235 val_loss: 1.1185 val_roc: 0.8615 val_ap: 0.8725
INFO:root:Epoch: 0240 lr: 0.01 train_loss: 0.5530 train_roc: 0.9710 train_ap: 0.9677 time: 0.3794s
INFO:root:Epoch: 0240 val_loss: 1.0962 val_roc: 0.8627 val_ap: 0.8734
INFO:root:Epoch: 0245 lr: 0.01 train_loss: 1.2597 train_roc: 0.9456 train_ap: 0.9458 time: 0.3476s
INFO:root:Epoch: 0245 val_loss: 1.1002 val_roc: 0.8615 val_ap: 0.8728
INFO:root:Epoch: 0250 lr: 0.01 train_loss: 0.5290 train_roc: 0.9665 train_ap: 0.9617 time: 0.3444s
INFO:root:Epoch: 0250 val_loss: 1.1185 val_roc: 0.8602 val_ap: 0.8722
INFO:root:Epoch: 0255 lr: 0.01 train_loss: 0.6355 train_roc: 0.9681 train_ap: 0.9651 time: 0.3482s
INFO:root:Epoch: 0255 val_loss: 1.1122 val_roc: 0.8609 val_ap: 0.8728
INFO:root:Epoch: 0260 lr: 0.01 train_loss: 0.6057 train_roc: 0.9637 train_ap: 0.9595 time: 0.3507s
INFO:root:Epoch: 0260 val_loss: 1.0924 val_roc: 0.8625 val_ap: 0.8737
INFO:root:Epoch: 0265 lr: 0.01 train_loss: 0.6217 train_roc: 0.9712 train_ap: 0.9679 time: 0.3440s
INFO:root:Epoch: 0265 val_loss: 1.0747 val_roc: 0.8632 val_ap: 0.8740
INFO:root:Epoch: 0270 lr: 0.01 train_loss: 0.5578 train_roc: 0.9640 train_ap: 0.9608 time: 0.3537s
INFO:root:Epoch: 0270 val_loss: 1.0834 val_roc: 0.8617 val_ap: 0.8729
INFO:root:Epoch: 0275 lr: 0.01 train_loss: 0.5672 train_roc: 0.9706 train_ap: 0.9680 time: 0.3478s
INFO:root:Epoch: 0275 val_loss: 1.1037 val_roc: 0.8599 val_ap: 0.8713
INFO:root:Epoch: 0280 lr: 0.01 train_loss: 0.7441 train_roc: 0.9765 train_ap: 0.9729 time: 0.3442s
INFO:root:Epoch: 0280 val_loss: 1.1115 val_roc: 0.8595 val_ap: 0.8707
INFO:root:Epoch: 0285 lr: 0.01 train_loss: 0.7023 train_roc: 0.9699 train_ap: 0.9626 time: 0.3414s
INFO:root:Epoch: 0285 val_loss: 1.1091 val_roc: 0.8600 val_ap: 0.8711
INFO:root:Epoch: 0290 lr: 0.01 train_loss: 0.7029 train_roc: 0.9715 train_ap: 0.9680 time: 0.3470s
INFO:root:Epoch: 0290 val_loss: 1.0956 val_roc: 0.8605 val_ap: 0.8708
INFO:root:Epoch: 0295 lr: 0.01 train_loss: 0.6493 train_roc: 0.9724 train_ap: 0.9700 time: 0.3560s
INFO:root:Epoch: 0295 val_loss: 1.0872 val_roc: 0.8603 val_ap: 0.8702
INFO:root:Epoch: 0300 lr: 0.01 train_loss: 0.7632 train_roc: 0.9521 train_ap: 0.9515 time: 0.3479s
INFO:root:Epoch: 0300 val_loss: 1.0727 val_roc: 0.8604 val_ap: 0.8694
INFO:root:Epoch: 0305 lr: 0.01 train_loss: 0.5063 train_roc: 0.9720 train_ap: 0.9653 time: 0.3428s
INFO:root:Epoch: 0305 val_loss: 1.0770 val_roc: 0.8607 val_ap: 0.8701
INFO:root:Epoch: 0310 lr: 0.01 train_loss: 0.5170 train_roc: 0.9702 train_ap: 0.9664 time: 0.3476s
INFO:root:Epoch: 0310 val_loss: 1.0918 val_roc: 0.8605 val_ap: 0.8704
INFO:root:Epoch: 0315 lr: 0.01 train_loss: 0.5735 train_roc: 0.9737 train_ap: 0.9722 time: 0.3494s
INFO:root:Epoch: 0315 val_loss: 1.0977 val_roc: 0.8608 val_ap: 0.8708
INFO:root:Epoch: 0320 lr: 0.01 train_loss: 0.6057 train_roc: 0.9674 train_ap: 0.9650 time: 0.3464s
INFO:root:Epoch: 0320 val_loss: 1.0947 val_roc: 0.8607 val_ap: 0.8704
INFO:root:Epoch: 0325 lr: 0.01 train_loss: 0.5654 train_roc: 0.9748 train_ap: 0.9694 time: 0.3411s
INFO:root:Epoch: 0325 val_loss: 1.0912 val_roc: 0.8602 val_ap: 0.8691
INFO:root:Epoch: 0330 lr: 0.01 train_loss: 0.5381 train_roc: 0.9749 train_ap: 0.9694 time: 0.3463s
INFO:root:Epoch: 0330 val_loss: 1.0742 val_roc: 0.8595 val_ap: 0.8676
INFO:root:Epoch: 0335 lr: 0.01 train_loss: 0.5250 train_roc: 0.9696 train_ap: 0.9657 time: 0.3474s
INFO:root:Epoch: 0335 val_loss: 1.0655 val_roc: 0.8603 val_ap: 0.8682
INFO:root:Epoch: 0340 lr: 0.01 train_loss: 0.5497 train_roc: 0.9672 train_ap: 0.9605 time: 0.3446s
INFO:root:Epoch: 0340 val_loss: 1.0625 val_roc: 0.8597 val_ap: 0.8677
INFO:root:Epoch: 0345 lr: 0.01 train_loss: 0.5346 train_roc: 0.9691 train_ap: 0.9657 time: 0.3520s
INFO:root:Epoch: 0345 val_loss: 1.0580 val_roc: 0.8601 val_ap: 0.8680
INFO:root:Epoch: 0350 lr: 0.01 train_loss: 0.5499 train_roc: 0.9747 train_ap: 0.9693 time: 0.3482s
INFO:root:Epoch: 0350 val_loss: 1.0717 val_roc: 0.8596 val_ap: 0.8683
INFO:root:Epoch: 0355 lr: 0.01 train_loss: 0.6724 train_roc: 0.9617 train_ap: 0.9568 time: 0.3491s
INFO:root:Epoch: 0355 val_loss: 1.0974 val_roc: 0.8580 val_ap: 0.8671
INFO:root:Epoch: 0360 lr: 0.01 train_loss: 0.6316 train_roc: 0.9804 train_ap: 0.9767 time: 0.3534s
INFO:root:Epoch: 0360 val_loss: 1.1032 val_roc: 0.8576 val_ap: 0.8663
INFO:root:Early stopping
INFO:root:Optimization Finished!
INFO:root:Total time elapsed: 209.4242s
INFO:root:Val set results: val_loss: 1.0798 val_roc: 0.8634 val_ap: 0.8744
INFO:root:Test set results: test_loss: 1.0745 test_roc: 0.8571 test_ap: 0.8641
