INFO:root:Using: cpu
INFO:root:Using seed 1234.
INFO:root:LPModel(
  (encoder): HypGCN(
    (layers): Sequential(
      (0): HyperbolicGraphConvolution(
        (linear): HypLinear(in_features=1433, out_features=64, c=tensor([1.]))
        (agg): HypAgg(c=tensor([1.]), use_att=0)
        (hyp_act): HypAct(c_in=tensor([1.]), c_out=tensor([1.]))
      )
      (1): HyperbolicGraphConvolution(
        (linear): HypLinear(in_features=64, out_features=64, c=tensor([1.]))
        (agg): HypAgg(c=tensor([1.]), use_att=0)
        (hyp_act): HypAct(c_in=tensor([1.]), c_out=tensor([1.]))
      )
    )
  )
  (dc): FermiDiracDecoder()
)
INFO:root:Total number of parameters: 95936
INFO:root:Epoch: 0005 lr: 0.01 train_loss: 2.2523 train_roc: 0.9565 train_ap: 0.9598 time: 0.5077s
INFO:root:Epoch: 0005 val_loss: 2.2534 val_roc: 0.7722 val_ap: 0.8033
INFO:root:Epoch: 0010 lr: 0.01 train_loss: 2.2524 train_roc: 0.9564 train_ap: 0.9593 time: 0.4578s
INFO:root:Epoch: 0010 val_loss: 2.2530 val_roc: 0.7784 val_ap: 0.8048
INFO:root:Epoch: 0015 lr: 0.01 train_loss: 2.2511 train_roc: 0.9496 train_ap: 0.9551 time: 0.4699s
INFO:root:Epoch: 0015 val_loss: 2.2519 val_roc: 0.7529 val_ap: 0.7756
INFO:root:Epoch: 0020 lr: 0.01 train_loss: 2.2479 train_roc: 0.9281 train_ap: 0.9303 time: 0.4651s
INFO:root:Epoch: 0020 val_loss: 2.2492 val_roc: 0.7310 val_ap: 0.7416
INFO:root:Epoch: 0025 lr: 0.01 train_loss: 2.2401 train_roc: 0.9114 train_ap: 0.9124 time: 0.4596s
INFO:root:Epoch: 0025 val_loss: 2.2408 val_roc: 0.7164 val_ap: 0.7160
INFO:root:Epoch: 0030 lr: 0.01 train_loss: 2.2313 train_roc: 0.9003 train_ap: 0.9033 time: 0.4635s
INFO:root:Epoch: 0030 val_loss: 2.2163 val_roc: 0.7105 val_ap: 0.6896
INFO:root:Epoch: 0035 lr: 0.01 train_loss: 2.1278 train_roc: 0.8826 train_ap: 0.8820 time: 0.4687s
INFO:root:Epoch: 0035 val_loss: 2.1556 val_roc: 0.7115 val_ap: 0.6823
INFO:root:Epoch: 0040 lr: 0.01 train_loss: 1.9692 train_roc: 0.8929 train_ap: 0.8934 time: 0.4642s
INFO:root:Epoch: 0040 val_loss: 2.0196 val_roc: 0.7138 val_ap: 0.6866
INFO:root:Epoch: 0045 lr: 0.01 train_loss: 1.6801 train_roc: 0.8785 train_ap: 0.8791 time: 0.4610s
INFO:root:Epoch: 0045 val_loss: 1.7975 val_roc: 0.7153 val_ap: 0.6782
INFO:root:Epoch: 0050 lr: 0.01 train_loss: 1.3905 train_roc: 0.8936 train_ap: 0.8937 time: 0.4660s
INFO:root:Epoch: 0050 val_loss: 1.5856 val_roc: 0.7212 val_ap: 0.6884
INFO:root:Epoch: 0055 lr: 0.01 train_loss: 1.0906 train_roc: 0.8955 train_ap: 0.8929 time: 0.8359s
INFO:root:Epoch: 0055 val_loss: 1.5403 val_roc: 0.7288 val_ap: 0.6949
INFO:root:Epoch: 0060 lr: 0.01 train_loss: 1.1023 train_roc: 0.8741 train_ap: 0.8760 time: 0.6251s
INFO:root:Epoch: 0060 val_loss: 1.5850 val_roc: 0.7375 val_ap: 0.7175
INFO:root:Epoch: 0065 lr: 0.01 train_loss: 0.9538 train_roc: 0.8915 train_ap: 0.8877 time: 0.4722s
INFO:root:Epoch: 0065 val_loss: 1.5455 val_roc: 0.7417 val_ap: 0.7276
INFO:root:Epoch: 0070 lr: 0.01 train_loss: 0.8967 train_roc: 0.9199 train_ap: 0.9211 time: 0.5011s
INFO:root:Epoch: 0070 val_loss: 1.5146 val_roc: 0.7501 val_ap: 0.7400
INFO:root:Epoch: 0075 lr: 0.01 train_loss: 0.8411 train_roc: 0.9218 train_ap: 0.9157 time: 0.4700s
INFO:root:Epoch: 0075 val_loss: 1.4845 val_roc: 0.7610 val_ap: 0.7552
INFO:root:Epoch: 0080 lr: 0.01 train_loss: 0.7854 train_roc: 0.9339 train_ap: 0.9327 time: 0.4681s
INFO:root:Epoch: 0080 val_loss: 1.4665 val_roc: 0.7703 val_ap: 0.7676
INFO:root:Epoch: 0085 lr: 0.01 train_loss: 0.7972 train_roc: 0.9216 train_ap: 0.9178 time: 0.4705s
INFO:root:Epoch: 0085 val_loss: 1.4606 val_roc: 0.7786 val_ap: 0.7762
INFO:root:Epoch: 0090 lr: 0.01 train_loss: 0.7629 train_roc: 0.9405 train_ap: 0.9363 time: 0.4620s
INFO:root:Epoch: 0090 val_loss: 1.4197 val_roc: 0.7863 val_ap: 0.7835
INFO:root:Epoch: 0095 lr: 0.01 train_loss: 0.8170 train_roc: 0.9534 train_ap: 0.9508 time: 0.4658s
INFO:root:Epoch: 0095 val_loss: 1.3896 val_roc: 0.7911 val_ap: 0.7883
INFO:root:Epoch: 0100 lr: 0.01 train_loss: 0.7232 train_roc: 0.9391 train_ap: 0.9341 time: 0.4613s
INFO:root:Epoch: 0100 val_loss: 1.3806 val_roc: 0.7957 val_ap: 0.7920
INFO:root:Epoch: 0105 lr: 0.01 train_loss: 0.7005 train_roc: 0.9481 train_ap: 0.9397 time: 0.4892s
INFO:root:Epoch: 0105 val_loss: 1.3599 val_roc: 0.7996 val_ap: 0.7909
INFO:root:Epoch: 0110 lr: 0.01 train_loss: 0.7109 train_roc: 0.9474 train_ap: 0.9410 time: 0.4689s
INFO:root:Epoch: 0110 val_loss: 1.3505 val_roc: 0.8030 val_ap: 0.7919
INFO:root:Epoch: 0115 lr: 0.01 train_loss: 0.6782 train_roc: 0.9423 train_ap: 0.9377 time: 0.4730s
INFO:root:Epoch: 0115 val_loss: 1.3692 val_roc: 0.8061 val_ap: 0.7883
INFO:root:Epoch: 0120 lr: 0.01 train_loss: 0.8933 train_roc: 0.9277 train_ap: 0.9233 time: 0.4687s
INFO:root:Epoch: 0120 val_loss: 1.3692 val_roc: 0.8074 val_ap: 0.7871
INFO:root:Epoch: 0125 lr: 0.01 train_loss: 0.7193 train_roc: 0.9601 train_ap: 0.9533 time: 0.4588s
INFO:root:Epoch: 0125 val_loss: 1.3292 val_roc: 0.8081 val_ap: 0.7848
INFO:root:Epoch: 0130 lr: 0.01 train_loss: 0.6326 train_roc: 0.9550 train_ap: 0.9533 time: 0.4631s
INFO:root:Epoch: 0130 val_loss: 1.3175 val_roc: 0.8088 val_ap: 0.7863
INFO:root:Epoch: 0135 lr: 0.01 train_loss: 0.7579 train_roc: 0.9600 train_ap: 0.9556 time: 0.4581s
INFO:root:Epoch: 0135 val_loss: 1.3211 val_roc: 0.8101 val_ap: 0.7864
INFO:root:Epoch: 0140 lr: 0.01 train_loss: 0.6681 train_roc: 0.9438 train_ap: 0.9402 time: 0.4684s
INFO:root:Epoch: 0140 val_loss: 1.3229 val_roc: 0.8137 val_ap: 0.7916
INFO:root:Epoch: 0145 lr: 0.01 train_loss: 0.6303 train_roc: 0.9571 train_ap: 0.9499 time: 0.4582s
INFO:root:Epoch: 0145 val_loss: 1.3163 val_roc: 0.8152 val_ap: 0.7952
INFO:root:Epoch: 0150 lr: 0.01 train_loss: 0.6120 train_roc: 0.9565 train_ap: 0.9509 time: 0.4683s
INFO:root:Epoch: 0150 val_loss: 1.3079 val_roc: 0.8152 val_ap: 0.7975
INFO:root:Epoch: 0155 lr: 0.01 train_loss: 0.6066 train_roc: 0.9528 train_ap: 0.9476 time: 0.4631s
INFO:root:Epoch: 0155 val_loss: 1.2978 val_roc: 0.8158 val_ap: 0.7983
INFO:root:Epoch: 0160 lr: 0.01 train_loss: 0.6462 train_roc: 0.9587 train_ap: 0.9536 time: 0.4611s
INFO:root:Epoch: 0160 val_loss: 1.2953 val_roc: 0.8184 val_ap: 0.8025
INFO:root:Epoch: 0165 lr: 0.01 train_loss: 0.6340 train_roc: 0.9499 train_ap: 0.9443 time: 0.4692s
INFO:root:Epoch: 0165 val_loss: 1.2948 val_roc: 0.8187 val_ap: 0.8018
INFO:root:Epoch: 0170 lr: 0.01 train_loss: 0.6121 train_roc: 0.9537 train_ap: 0.9508 time: 0.4715s
INFO:root:Epoch: 0170 val_loss: 1.2900 val_roc: 0.8173 val_ap: 0.7996
INFO:root:Epoch: 0175 lr: 0.01 train_loss: 0.7494 train_roc: 0.9678 train_ap: 0.9645 time: 0.4710s
INFO:root:Epoch: 0175 val_loss: 1.2859 val_roc: 0.8189 val_ap: 0.8040
INFO:root:Epoch: 0180 lr: 0.01 train_loss: 0.6224 train_roc: 0.9492 train_ap: 0.9421 time: 0.4623s
INFO:root:Epoch: 0180 val_loss: 1.2796 val_roc: 0.8219 val_ap: 0.8080
INFO:root:Epoch: 0185 lr: 0.01 train_loss: 0.6620 train_roc: 0.9645 train_ap: 0.9588 time: 0.4614s
INFO:root:Epoch: 0185 val_loss: 1.2748 val_roc: 0.8236 val_ap: 0.8112
INFO:root:Epoch: 0190 lr: 0.01 train_loss: 0.6139 train_roc: 0.9525 train_ap: 0.9473 time: 0.4895s
INFO:root:Epoch: 0190 val_loss: 1.2631 val_roc: 0.8258 val_ap: 0.8146
INFO:root:Epoch: 0195 lr: 0.01 train_loss: 0.5833 train_roc: 0.9590 train_ap: 0.9545 time: 0.4653s
INFO:root:Epoch: 0195 val_loss: 1.2622 val_roc: 0.8226 val_ap: 0.8122
INFO:root:Epoch: 0200 lr: 0.01 train_loss: 0.5957 train_roc: 0.9652 train_ap: 0.9606 time: 0.4843s
INFO:root:Epoch: 0200 val_loss: 1.2608 val_roc: 0.8198 val_ap: 0.8091
INFO:root:Epoch: 0205 lr: 0.01 train_loss: 0.6159 train_roc: 0.9628 train_ap: 0.9565 time: 0.4755s
INFO:root:Epoch: 0205 val_loss: 1.2560 val_roc: 0.8216 val_ap: 0.8107
INFO:root:Epoch: 0210 lr: 0.01 train_loss: 0.5590 train_roc: 0.9633 train_ap: 0.9594 time: 0.4893s
INFO:root:Epoch: 0210 val_loss: 1.2466 val_roc: 0.8259 val_ap: 0.8160
INFO:root:Epoch: 0215 lr: 0.01 train_loss: 0.5758 train_roc: 0.9630 train_ap: 0.9597 time: 0.4751s
INFO:root:Epoch: 0215 val_loss: 1.2399 val_roc: 0.8286 val_ap: 0.8217
INFO:root:Epoch: 0220 lr: 0.01 train_loss: 0.6271 train_roc: 0.9652 train_ap: 0.9588 time: 0.4653s
INFO:root:Epoch: 0220 val_loss: 1.2416 val_roc: 0.8274 val_ap: 0.8221
INFO:root:Epoch: 0225 lr: 0.01 train_loss: 0.6522 train_roc: 0.9534 train_ap: 0.9479 time: 0.4635s
INFO:root:Epoch: 0225 val_loss: 1.2533 val_roc: 0.8248 val_ap: 0.8220
INFO:root:Epoch: 0230 lr: 0.01 train_loss: 0.6786 train_roc: 0.9668 train_ap: 0.9640 time: 0.4875s
INFO:root:Epoch: 0230 val_loss: 1.2687 val_roc: 0.8215 val_ap: 0.8189
INFO:root:Epoch: 0235 lr: 0.01 train_loss: 0.6008 train_roc: 0.9550 train_ap: 0.9533 time: 0.4931s
INFO:root:Epoch: 0235 val_loss: 1.2581 val_roc: 0.8246 val_ap: 0.8217
INFO:root:Epoch: 0240 lr: 0.01 train_loss: 0.5770 train_roc: 0.9585 train_ap: 0.9543 time: 0.4626s
INFO:root:Epoch: 0240 val_loss: 1.2388 val_roc: 0.8298 val_ap: 0.8261
INFO:root:Epoch: 0245 lr: 0.01 train_loss: 0.5874 train_roc: 0.9653 train_ap: 0.9633 time: 0.4700s
INFO:root:Epoch: 0245 val_loss: 1.2279 val_roc: 0.8330 val_ap: 0.8292
INFO:root:Epoch: 0250 lr: 0.01 train_loss: 0.6233 train_roc: 0.9675 train_ap: 0.9637 time: 0.4697s
INFO:root:Epoch: 0250 val_loss: 1.2125 val_roc: 0.8373 val_ap: 0.8350
INFO:root:Epoch: 0255 lr: 0.01 train_loss: 0.7647 train_roc: 0.9470 train_ap: 0.9442 time: 0.4577s
INFO:root:Epoch: 0255 val_loss: 1.2102 val_roc: 0.8388 val_ap: 0.8378
INFO:root:Epoch: 0260 lr: 0.01 train_loss: 0.6497 train_roc: 0.9646 train_ap: 0.9592 time: 0.4706s
INFO:root:Epoch: 0260 val_loss: 1.2223 val_roc: 0.8352 val_ap: 0.8350
INFO:root:Epoch: 0265 lr: 0.01 train_loss: 0.5897 train_roc: 0.9612 train_ap: 0.9583 time: 0.4720s
INFO:root:Epoch: 0265 val_loss: 1.2142 val_roc: 0.8357 val_ap: 0.8353
INFO:root:Epoch: 0270 lr: 0.01 train_loss: 0.5794 train_roc: 0.9587 train_ap: 0.9545 time: 0.4634s
INFO:root:Epoch: 0270 val_loss: 1.2083 val_roc: 0.8366 val_ap: 0.8361
INFO:root:Epoch: 0275 lr: 0.01 train_loss: 0.5921 train_roc: 0.9588 train_ap: 0.9550 time: 0.4692s
INFO:root:Epoch: 0275 val_loss: 1.2107 val_roc: 0.8363 val_ap: 0.8361
INFO:root:Epoch: 0280 lr: 0.01 train_loss: 0.5686 train_roc: 0.9653 train_ap: 0.9600 time: 0.4684s
INFO:root:Epoch: 0280 val_loss: 1.2139 val_roc: 0.8366 val_ap: 0.8374
INFO:root:Epoch: 0285 lr: 0.01 train_loss: 0.6056 train_roc: 0.9712 train_ap: 0.9673 time: 0.4623s
INFO:root:Epoch: 0285 val_loss: 1.2132 val_roc: 0.8374 val_ap: 0.8387
INFO:root:Epoch: 0290 lr: 0.01 train_loss: 0.5628 train_roc: 0.9635 train_ap: 0.9612 time: 0.4650s
INFO:root:Epoch: 0290 val_loss: 1.2057 val_roc: 0.8378 val_ap: 0.8391
INFO:root:Epoch: 0295 lr: 0.01 train_loss: 0.5668 train_roc: 0.9670 train_ap: 0.9644 time: 0.4624s
INFO:root:Epoch: 0295 val_loss: 1.1941 val_roc: 0.8406 val_ap: 0.8418
INFO:root:Epoch: 0300 lr: 0.01 train_loss: 0.5606 train_roc: 0.9639 train_ap: 0.9620 time: 0.4718s
INFO:root:Epoch: 0300 val_loss: 1.1923 val_roc: 0.8416 val_ap: 0.8434
INFO:root:Epoch: 0305 lr: 0.01 train_loss: 0.5718 train_roc: 0.9629 train_ap: 0.9589 time: 0.4849s
INFO:root:Epoch: 0305 val_loss: 1.1800 val_roc: 0.8441 val_ap: 0.8469
INFO:root:Epoch: 0310 lr: 0.01 train_loss: 0.6051 train_roc: 0.9714 train_ap: 0.9675 time: 0.4617s
INFO:root:Epoch: 0310 val_loss: 1.1794 val_roc: 0.8454 val_ap: 0.8486
INFO:root:Epoch: 0315 lr: 0.01 train_loss: 0.6595 train_roc: 0.9707 train_ap: 0.9686 time: 0.4723s
INFO:root:Epoch: 0315 val_loss: 1.2133 val_roc: 0.8412 val_ap: 0.8466
INFO:root:Epoch: 0320 lr: 0.01 train_loss: 0.5430 train_roc: 0.9673 train_ap: 0.9648 time: 0.4602s
INFO:root:Epoch: 0320 val_loss: 1.2155 val_roc: 0.8414 val_ap: 0.8478
INFO:root:Epoch: 0325 lr: 0.01 train_loss: 0.6795 train_roc: 0.9762 train_ap: 0.9719 time: 0.4710s
INFO:root:Epoch: 0325 val_loss: 1.2043 val_roc: 0.8441 val_ap: 0.8507
INFO:root:Epoch: 0330 lr: 0.01 train_loss: 0.5378 train_roc: 0.9676 train_ap: 0.9620 time: 0.4632s
INFO:root:Epoch: 0330 val_loss: 1.1802 val_roc: 0.8477 val_ap: 0.8547
INFO:root:Epoch: 0335 lr: 0.01 train_loss: 0.5434 train_roc: 0.9659 train_ap: 0.9611 time: 0.4798s
INFO:root:Epoch: 0335 val_loss: 1.1674 val_roc: 0.8497 val_ap: 0.8571
INFO:root:Epoch: 0340 lr: 0.01 train_loss: 0.5268 train_roc: 0.9686 train_ap: 0.9616 time: 0.4676s
INFO:root:Epoch: 0340 val_loss: 1.1818 val_roc: 0.8469 val_ap: 0.8535
INFO:root:Epoch: 0345 lr: 0.01 train_loss: 0.6041 train_roc: 0.9748 train_ap: 0.9702 time: 0.4631s
INFO:root:Epoch: 0345 val_loss: 1.2269 val_roc: 0.8424 val_ap: 0.8484
INFO:root:Epoch: 0350 lr: 0.01 train_loss: 0.8397 train_roc: 0.9738 train_ap: 0.9685 time: 0.4609s
INFO:root:Epoch: 0350 val_loss: 1.2212 val_roc: 0.8430 val_ap: 0.8492
INFO:root:Epoch: 0355 lr: 0.01 train_loss: 0.5350 train_roc: 0.9691 train_ap: 0.9651 time: 0.4670s
INFO:root:Epoch: 0355 val_loss: 1.1857 val_roc: 0.8467 val_ap: 0.8531
INFO:root:Epoch: 0360 lr: 0.01 train_loss: 0.5558 train_roc: 0.9715 train_ap: 0.9678 time: 0.4733s
INFO:root:Epoch: 0360 val_loss: 1.1678 val_roc: 0.8498 val_ap: 0.8561
INFO:root:Epoch: 0365 lr: 0.01 train_loss: 0.5886 train_roc: 0.9619 train_ap: 0.9580 time: 0.4652s
INFO:root:Epoch: 0365 val_loss: 1.1576 val_roc: 0.8497 val_ap: 0.8563
INFO:root:Epoch: 0370 lr: 0.01 train_loss: 0.5862 train_roc: 0.9753 train_ap: 0.9713 time: 0.4745s
INFO:root:Epoch: 0370 val_loss: 1.1647 val_roc: 0.8480 val_ap: 0.8541
INFO:root:Epoch: 0375 lr: 0.01 train_loss: 0.6362 train_roc: 0.9757 train_ap: 0.9735 time: 0.4788s
INFO:root:Epoch: 0375 val_loss: 1.1660 val_roc: 0.8481 val_ap: 0.8534
INFO:root:Epoch: 0380 lr: 0.01 train_loss: 0.5970 train_roc: 0.9765 train_ap: 0.9727 time: 0.4833s
INFO:root:Epoch: 0380 val_loss: 1.1489 val_roc: 0.8505 val_ap: 0.8561
INFO:root:Epoch: 0385 lr: 0.01 train_loss: 0.5616 train_roc: 0.9744 train_ap: 0.9728 time: 0.4762s
INFO:root:Epoch: 0385 val_loss: 1.1234 val_roc: 0.8532 val_ap: 0.8585
INFO:root:Epoch: 0390 lr: 0.01 train_loss: 0.5197 train_roc: 0.9737 train_ap: 0.9716 time: 0.4687s
INFO:root:Epoch: 0390 val_loss: 1.1077 val_roc: 0.8556 val_ap: 0.8599
INFO:root:Epoch: 0395 lr: 0.01 train_loss: 1.0271 train_roc: 0.9481 train_ap: 0.9460 time: 0.4728s
INFO:root:Epoch: 0395 val_loss: 1.1090 val_roc: 0.8545 val_ap: 0.8578
INFO:root:Epoch: 0400 lr: 0.01 train_loss: 0.5149 train_roc: 0.9735 train_ap: 0.9695 time: 0.4927s
INFO:root:Epoch: 0400 val_loss: 1.1351 val_roc: 0.8521 val_ap: 0.8516
INFO:root:Epoch: 0405 lr: 0.01 train_loss: 0.5072 train_roc: 0.9721 train_ap: 0.9679 time: 0.4742s
INFO:root:Epoch: 0405 val_loss: 1.1415 val_roc: 0.8510 val_ap: 0.8496
INFO:root:Epoch: 0410 lr: 0.01 train_loss: 0.5766 train_roc: 0.9723 train_ap: 0.9689 time: 0.4711s
INFO:root:Epoch: 0410 val_loss: 1.1490 val_roc: 0.8503 val_ap: 0.8496
INFO:root:Epoch: 0415 lr: 0.01 train_loss: 0.6549 train_roc: 0.9774 train_ap: 0.9749 time: 0.4822s
INFO:root:Epoch: 0415 val_loss: 1.1266 val_roc: 0.8518 val_ap: 0.8529
INFO:root:Epoch: 0420 lr: 0.01 train_loss: 0.5134 train_roc: 0.9716 train_ap: 0.9674 time: 0.4757s
INFO:root:Epoch: 0420 val_loss: 1.1183 val_roc: 0.8527 val_ap: 0.8556
INFO:root:Epoch: 0425 lr: 0.01 train_loss: 0.5672 train_roc: 0.9756 train_ap: 0.9733 time: 0.4791s
INFO:root:Epoch: 0425 val_loss: 1.1136 val_roc: 0.8542 val_ap: 0.8579
INFO:root:Epoch: 0430 lr: 0.01 train_loss: 0.6638 train_roc: 0.9601 train_ap: 0.9584 time: 0.4882s
INFO:root:Epoch: 0430 val_loss: 1.1079 val_roc: 0.8550 val_ap: 0.8589
INFO:root:Epoch: 0435 lr: 0.01 train_loss: 0.6551 train_roc: 0.9774 train_ap: 0.9728 time: 0.4777s
INFO:root:Epoch: 0435 val_loss: 1.1067 val_roc: 0.8552 val_ap: 0.8593
INFO:root:Epoch: 0440 lr: 0.01 train_loss: 0.5156 train_roc: 0.9719 train_ap: 0.9673 time: 0.4666s
INFO:root:Epoch: 0440 val_loss: 1.1064 val_roc: 0.8558 val_ap: 0.8597
INFO:root:Epoch: 0445 lr: 0.01 train_loss: 0.5390 train_roc: 0.9747 train_ap: 0.9692 time: 0.4788s
INFO:root:Epoch: 0445 val_loss: 1.1039 val_roc: 0.8562 val_ap: 0.8604
INFO:root:Epoch: 0450 lr: 0.01 train_loss: 0.5476 train_roc: 0.9711 train_ap: 0.9673 time: 0.4877s
INFO:root:Epoch: 0450 val_loss: 1.0834 val_roc: 0.8577 val_ap: 0.8628
INFO:root:Epoch: 0455 lr: 0.01 train_loss: 0.5235 train_roc: 0.9745 train_ap: 0.9710 time: 0.4609s
INFO:root:Epoch: 0455 val_loss: 1.0715 val_roc: 0.8587 val_ap: 0.8638
INFO:root:Epoch: 0460 lr: 0.01 train_loss: 0.5495 train_roc: 0.9734 train_ap: 0.9704 time: 0.4713s
INFO:root:Epoch: 0460 val_loss: 1.0668 val_roc: 0.8589 val_ap: 0.8637
INFO:root:Epoch: 0465 lr: 0.01 train_loss: 0.5255 train_roc: 0.9718 train_ap: 0.9682 time: 0.4624s
INFO:root:Epoch: 0465 val_loss: 1.0645 val_roc: 0.8592 val_ap: 0.8640
INFO:root:Epoch: 0470 lr: 0.01 train_loss: 0.5060 train_roc: 0.9723 train_ap: 0.9674 time: 0.4636s
INFO:root:Epoch: 0470 val_loss: 1.0804 val_roc: 0.8568 val_ap: 0.8612
INFO:root:Epoch: 0475 lr: 0.01 train_loss: 0.5157 train_roc: 0.9724 train_ap: 0.9702 time: 0.4644s
INFO:root:Epoch: 0475 val_loss: 1.0889 val_roc: 0.8555 val_ap: 0.8602
INFO:root:Epoch: 0480 lr: 0.01 train_loss: 0.6967 train_roc: 0.9780 train_ap: 0.9768 time: 0.4665s
INFO:root:Epoch: 0480 val_loss: 1.0935 val_roc: 0.8546 val_ap: 0.8601
INFO:root:Epoch: 0485 lr: 0.01 train_loss: 0.5181 train_roc: 0.9739 train_ap: 0.9707 time: 0.4605s
INFO:root:Epoch: 0485 val_loss: 1.0755 val_roc: 0.8549 val_ap: 0.8609
INFO:root:Epoch: 0490 lr: 0.01 train_loss: 0.5218 train_roc: 0.9709 train_ap: 0.9652 time: 0.4627s
INFO:root:Epoch: 0490 val_loss: 1.0640 val_roc: 0.8557 val_ap: 0.8613
INFO:root:Epoch: 0495 lr: 0.01 train_loss: 0.5824 train_roc: 0.9661 train_ap: 0.9642 time: 0.4794s
INFO:root:Epoch: 0495 val_loss: 1.0634 val_roc: 0.8564 val_ap: 0.8618
INFO:root:Epoch: 0500 lr: 0.01 train_loss: 0.5087 train_roc: 0.9732 train_ap: 0.9702 time: 0.4723s
INFO:root:Epoch: 0500 val_loss: 1.0671 val_roc: 0.8556 val_ap: 0.8601
INFO:root:Epoch: 0505 lr: 0.01 train_loss: 0.5002 train_roc: 0.9734 train_ap: 0.9702 time: 0.4656s
INFO:root:Epoch: 0505 val_loss: 1.0646 val_roc: 0.8553 val_ap: 0.8598
INFO:root:Epoch: 0510 lr: 0.01 train_loss: 0.5104 train_roc: 0.9748 train_ap: 0.9700 time: 0.4686s
INFO:root:Epoch: 0510 val_loss: 1.0553 val_roc: 0.8562 val_ap: 0.8615
INFO:root:Epoch: 0515 lr: 0.01 train_loss: 0.7725 train_roc: 0.9777 train_ap: 0.9742 time: 0.4863s
INFO:root:Epoch: 0515 val_loss: 1.0891 val_roc: 0.8552 val_ap: 0.8580
INFO:root:Epoch: 0520 lr: 0.01 train_loss: 0.5414 train_roc: 0.9764 train_ap: 0.9712 time: 0.4625s
INFO:root:Epoch: 0520 val_loss: 1.0729 val_roc: 0.8575 val_ap: 0.8577
INFO:root:Epoch: 0525 lr: 0.01 train_loss: 0.5280 train_roc: 0.9690 train_ap: 0.9662 time: 0.4610s
INFO:root:Epoch: 0525 val_loss: 1.0459 val_roc: 0.8589 val_ap: 0.8582
INFO:root:Epoch: 0530 lr: 0.01 train_loss: 0.5694 train_roc: 0.9791 train_ap: 0.9768 time: 0.4615s
INFO:root:Epoch: 0530 val_loss: 1.0417 val_roc: 0.8600 val_ap: 0.8590
INFO:root:Epoch: 0535 lr: 0.01 train_loss: 0.5047 train_roc: 0.9734 train_ap: 0.9703 time: 0.4656s
INFO:root:Epoch: 0535 val_loss: 1.0564 val_roc: 0.8596 val_ap: 0.8599
INFO:root:Epoch: 0540 lr: 0.01 train_loss: 0.5669 train_roc: 0.9764 train_ap: 0.9730 time: 0.4624s
INFO:root:Epoch: 0540 val_loss: 1.0613 val_roc: 0.8591 val_ap: 0.8601
INFO:root:Epoch: 0545 lr: 0.01 train_loss: 0.4930 train_roc: 0.9756 train_ap: 0.9711 time: 0.4618s
INFO:root:Epoch: 0545 val_loss: 1.0585 val_roc: 0.8590 val_ap: 0.8606
INFO:root:Epoch: 0550 lr: 0.01 train_loss: 0.5179 train_roc: 0.9707 train_ap: 0.9678 time: 0.4917s
INFO:root:Epoch: 0550 val_loss: 1.0489 val_roc: 0.8600 val_ap: 0.8621
INFO:root:Epoch: 0555 lr: 0.01 train_loss: 0.5299 train_roc: 0.9730 train_ap: 0.9673 time: 0.4610s
INFO:root:Epoch: 0555 val_loss: 1.0444 val_roc: 0.8611 val_ap: 0.8626
INFO:root:Epoch: 0560 lr: 0.01 train_loss: 0.5091 train_roc: 0.9723 train_ap: 0.9694 time: 0.4688s
INFO:root:Epoch: 0560 val_loss: 1.0431 val_roc: 0.8621 val_ap: 0.8634
INFO:root:Epoch: 0565 lr: 0.01 train_loss: 0.5213 train_roc: 0.9744 train_ap: 0.9717 time: 0.4614s
INFO:root:Epoch: 0565 val_loss: 1.0386 val_roc: 0.8624 val_ap: 0.8631
INFO:root:Epoch: 0570 lr: 0.01 train_loss: 0.6627 train_roc: 0.9673 train_ap: 0.9667 time: 0.4766s
INFO:root:Epoch: 0570 val_loss: 1.0240 val_roc: 0.8627 val_ap: 0.8626
INFO:root:Epoch: 0575 lr: 0.01 train_loss: 0.4949 train_roc: 0.9762 train_ap: 0.9734 time: 0.4687s
INFO:root:Epoch: 0575 val_loss: 1.0258 val_roc: 0.8623 val_ap: 0.8620
INFO:root:Epoch: 0580 lr: 0.01 train_loss: 0.4935 train_roc: 0.9766 train_ap: 0.9730 time: 0.4829s
INFO:root:Epoch: 0580 val_loss: 1.0297 val_roc: 0.8620 val_ap: 0.8628
INFO:root:Epoch: 0585 lr: 0.01 train_loss: 0.5238 train_roc: 0.9787 train_ap: 0.9756 time: 0.4750s
INFO:root:Epoch: 0585 val_loss: 1.0377 val_roc: 0.8608 val_ap: 0.8629
INFO:root:Epoch: 0590 lr: 0.01 train_loss: 0.5180 train_roc: 0.9709 train_ap: 0.9637 time: 0.4738s
INFO:root:Epoch: 0590 val_loss: 1.0410 val_roc: 0.8601 val_ap: 0.8622
INFO:root:Epoch: 0595 lr: 0.01 train_loss: 0.7030 train_roc: 0.9780 train_ap: 0.9753 time: 0.4696s
INFO:root:Epoch: 0595 val_loss: 1.0575 val_roc: 0.8587 val_ap: 0.8597
INFO:root:Epoch: 0600 lr: 0.01 train_loss: 0.4983 train_roc: 0.9758 train_ap: 0.9705 time: 0.4842s
INFO:root:Epoch: 0600 val_loss: 1.0439 val_roc: 0.8591 val_ap: 0.8595
INFO:root:Epoch: 0605 lr: 0.01 train_loss: 0.5039 train_roc: 0.9762 train_ap: 0.9732 time: 0.4714s
INFO:root:Epoch: 0605 val_loss: 1.0223 val_roc: 0.8614 val_ap: 0.8611
INFO:root:Epoch: 0610 lr: 0.01 train_loss: 0.6500 train_roc: 0.9789 train_ap: 0.9760 time: 0.4676s
INFO:root:Epoch: 0610 val_loss: 1.0237 val_roc: 0.8611 val_ap: 0.8576
INFO:root:Epoch: 0615 lr: 0.01 train_loss: 0.5978 train_roc: 0.9764 train_ap: 0.9738 time: 0.4646s
INFO:root:Epoch: 0615 val_loss: 1.0381 val_roc: 0.8596 val_ap: 0.8545
INFO:root:Epoch: 0620 lr: 0.01 train_loss: 0.4958 train_roc: 0.9760 train_ap: 0.9725 time: 0.4752s
INFO:root:Epoch: 0620 val_loss: 1.0391 val_roc: 0.8598 val_ap: 0.8551
INFO:root:Epoch: 0625 lr: 0.01 train_loss: 0.5619 train_roc: 0.9788 train_ap: 0.9769 time: 0.4700s
INFO:root:Epoch: 0625 val_loss: 1.0415 val_roc: 0.8597 val_ap: 0.8530
INFO:root:Epoch: 0630 lr: 0.01 train_loss: 0.4846 train_roc: 0.9763 train_ap: 0.9717 time: 0.4736s
INFO:root:Epoch: 0630 val_loss: 1.0355 val_roc: 0.8602 val_ap: 0.8563
INFO:root:Epoch: 0635 lr: 0.01 train_loss: 0.5160 train_roc: 0.9753 train_ap: 0.9708 time: 0.4884s
INFO:root:Epoch: 0635 val_loss: 1.0558 val_roc: 0.8599 val_ap: 0.8528
INFO:root:Epoch: 0640 lr: 0.01 train_loss: 0.4924 train_roc: 0.9761 train_ap: 0.9717 time: 0.4687s
INFO:root:Epoch: 0640 val_loss: 1.0587 val_roc: 0.8595 val_ap: 0.8563
INFO:root:Epoch: 0645 lr: 0.01 train_loss: 0.5492 train_roc: 0.9710 train_ap: 0.9671 time: 0.4907s
INFO:root:Epoch: 0645 val_loss: 1.0374 val_roc: 0.8608 val_ap: 0.8586
INFO:root:Epoch: 0650 lr: 0.01 train_loss: 0.6312 train_roc: 0.9798 train_ap: 0.9753 time: 0.4774s
INFO:root:Epoch: 0650 val_loss: 1.0353 val_roc: 0.8608 val_ap: 0.8596
INFO:root:Epoch: 0655 lr: 0.01 train_loss: 0.5713 train_roc: 0.9788 train_ap: 0.9751 time: 0.5015s
INFO:root:Epoch: 0655 val_loss: 1.0317 val_roc: 0.8613 val_ap: 0.8615
INFO:root:Epoch: 0660 lr: 0.01 train_loss: 0.4897 train_roc: 0.9753 train_ap: 0.9718 time: 0.4806s
INFO:root:Epoch: 0660 val_loss: 1.0526 val_roc: 0.8614 val_ap: 0.8631
INFO:root:Epoch: 0665 lr: 0.01 train_loss: 0.8105 train_roc: 0.9655 train_ap: 0.9627 time: 0.4926s
INFO:root:Epoch: 0665 val_loss: 1.0349 val_roc: 0.8617 val_ap: 0.8637
INFO:root:Early stopping
INFO:root:Optimization Finished!
INFO:root:Total time elapsed: 477.1423s
INFO:root:Val set results: val_loss: 1.0272 val_roc: 0.8630 val_ap: 0.8635
INFO:root:Test set results: test_loss: 1.0985 test_roc: 0.8630 test_ap: 0.8740
