INFO:root:Using: cpu
INFO:root:Using seed 1234.
INFO:root:LPModel(
  (encoder): HypGCN(
    (layers): Sequential(
      (0): HyperbolicGraphConvolution(
        (linear): HypLinear(in_features=1433, out_features=8, c=tensor([1.]))
        (agg): HypAgg(c=tensor([1.]), use_att=0)
        (hyp_act): HypAct(c_in=tensor([1.]), c_out=tensor([1.]))
      )
      (1): HyperbolicGraphConvolution(
        (linear): HypLinear(in_features=8, out_features=8, c=tensor([1.]))
        (agg): HypAgg(c=tensor([1.]), use_att=0)
        (hyp_act): HypAct(c_in=tensor([1.]), c_out=tensor([1.]))
      )
    )
  )
  (dc): FermiDiracDecoder()
)
INFO:root:Total number of parameters: 11544
INFO:root:Epoch: 0005 lr: 0.01 train_loss: 2.2523 train_roc: 0.8259 train_ap: 0.7964 time: 0.3157s
INFO:root:Epoch: 0005 val_loss: 2.2531 val_roc: 0.7186 val_ap: 0.7121
INFO:root:Epoch: 0010 lr: 0.01 train_loss: 2.2493 train_roc: 0.8539 train_ap: 0.8344 time: 0.3214s
INFO:root:Epoch: 0010 val_loss: 2.2523 val_roc: 0.7521 val_ap: 0.7701
INFO:root:Epoch: 0015 lr: 0.01 train_loss: 2.2539 train_roc: 0.5352 train_ap: 0.5184 time: 0.3123s
INFO:root:Epoch: 0015 val_loss: 2.2511 val_roc: 0.7675 val_ap: 0.7803
INFO:root:Epoch: 0020 lr: 0.01 train_loss: 2.2481 train_roc: 0.8555 train_ap: 0.8299 time: 0.3142s
INFO:root:Epoch: 0020 val_loss: 2.2493 val_roc: 0.7716 val_ap: 0.7703
INFO:root:Epoch: 0025 lr: 0.01 train_loss: 2.2355 train_roc: 0.8624 train_ap: 0.8471 time: 0.3140s
INFO:root:Epoch: 0025 val_loss: 2.2468 val_roc: 0.7760 val_ap: 0.7770
INFO:root:Epoch: 0030 lr: 0.01 train_loss: 2.2432 train_roc: 0.8337 train_ap: 0.7876 time: 0.3197s
INFO:root:Epoch: 0030 val_loss: 2.2430 val_roc: 0.7824 val_ap: 0.7853
INFO:root:Epoch: 0035 lr: 0.01 train_loss: 2.2399 train_roc: 0.8834 train_ap: 0.8712 time: 0.3220s
INFO:root:Epoch: 0035 val_loss: 2.2376 val_roc: 0.7849 val_ap: 0.7747
INFO:root:Epoch: 0040 lr: 0.01 train_loss: 2.1871 train_roc: 0.8388 train_ap: 0.8020 time: 0.3296s
INFO:root:Epoch: 0040 val_loss: 2.2283 val_roc: 0.7899 val_ap: 0.7765
INFO:root:Epoch: 0045 lr: 0.01 train_loss: 2.1867 train_roc: 0.8550 train_ap: 0.8334 time: 0.3273s
INFO:root:Epoch: 0045 val_loss: 2.2112 val_roc: 0.7928 val_ap: 0.7797
INFO:root:Epoch: 0050 lr: 0.01 train_loss: 2.0283 train_roc: 0.9010 train_ap: 0.8871 time: 0.3322s
INFO:root:Epoch: 0050 val_loss: 2.1871 val_roc: 0.7979 val_ap: 0.7850
INFO:root:Epoch: 0055 lr: 0.01 train_loss: 2.0729 train_roc: 0.9143 train_ap: 0.9005 time: 0.3162s
INFO:root:Epoch: 0055 val_loss: 2.1521 val_roc: 0.8029 val_ap: 0.7929
INFO:root:Epoch: 0060 lr: 0.01 train_loss: 2.0492 train_roc: 0.8937 train_ap: 0.8815 time: 0.3137s
INFO:root:Epoch: 0060 val_loss: 2.1085 val_roc: 0.8059 val_ap: 0.7931
INFO:root:Epoch: 0065 lr: 0.01 train_loss: 1.8064 train_roc: 0.8915 train_ap: 0.8741 time: 0.3284s
INFO:root:Epoch: 0065 val_loss: 2.0449 val_roc: 0.8097 val_ap: 0.7923
INFO:root:Epoch: 0070 lr: 0.01 train_loss: 1.7892 train_roc: 0.9249 train_ap: 0.9133 time: 0.3201s
INFO:root:Epoch: 0070 val_loss: 1.9642 val_roc: 0.8124 val_ap: 0.7925
INFO:root:Epoch: 0075 lr: 0.01 train_loss: 1.8485 train_roc: 0.8840 train_ap: 0.8609 time: 0.3154s
INFO:root:Epoch: 0075 val_loss: 1.8646 val_roc: 0.8146 val_ap: 0.7890
INFO:root:Epoch: 0080 lr: 0.01 train_loss: 1.9985 train_roc: 0.9130 train_ap: 0.8987 time: 0.3205s
INFO:root:Epoch: 0080 val_loss: 1.7451 val_roc: 0.8172 val_ap: 0.7867
INFO:root:Epoch: 0085 lr: 0.01 train_loss: 1.8175 train_roc: 0.8104 train_ap: 0.7654 time: 0.3180s
INFO:root:Epoch: 0085 val_loss: 1.6205 val_roc: 0.8197 val_ap: 0.7866
INFO:root:Epoch: 0090 lr: 0.01 train_loss: 2.0318 train_roc: 0.8670 train_ap: 0.8293 time: 0.3161s
INFO:root:Epoch: 0090 val_loss: 1.4977 val_roc: 0.8219 val_ap: 0.7883
INFO:root:Epoch: 0095 lr: 0.01 train_loss: 0.9479 train_roc: 0.9019 train_ap: 0.8946 time: 0.3318s
INFO:root:Epoch: 0095 val_loss: 1.3988 val_roc: 0.8239 val_ap: 0.7881
INFO:root:Epoch: 0100 lr: 0.01 train_loss: 1.1965 train_roc: 0.8950 train_ap: 0.8687 time: 0.3144s
INFO:root:Epoch: 0100 val_loss: 1.3177 val_roc: 0.8232 val_ap: 0.7879
INFO:root:Epoch: 0105 lr: 0.01 train_loss: 1.0150 train_roc: 0.8602 train_ap: 0.8346 time: 0.3203s
INFO:root:Epoch: 0105 val_loss: 1.2563 val_roc: 0.8217 val_ap: 0.7897
INFO:root:Epoch: 0110 lr: 0.01 train_loss: 1.0667 train_roc: 0.8660 train_ap: 0.8421 time: 0.3277s
INFO:root:Epoch: 0110 val_loss: 1.2389 val_roc: 0.8241 val_ap: 0.7929
INFO:root:Epoch: 0115 lr: 0.01 train_loss: 1.3339 train_roc: 0.9115 train_ap: 0.9012 time: 0.3177s
INFO:root:Epoch: 0115 val_loss: 1.2178 val_roc: 0.8249 val_ap: 0.7934
INFO:root:Epoch: 0120 lr: 0.01 train_loss: 1.2511 train_roc: 0.8650 train_ap: 0.8365 time: 0.3402s
INFO:root:Epoch: 0120 val_loss: 1.2540 val_roc: 0.8298 val_ap: 0.8047
INFO:root:Epoch: 0125 lr: 0.01 train_loss: 1.4729 train_roc: 0.8592 train_ap: 0.8241 time: 0.3182s
INFO:root:Epoch: 0125 val_loss: 1.2843 val_roc: 0.8337 val_ap: 0.8115
INFO:root:Epoch: 0130 lr: 0.01 train_loss: 1.6659 train_roc: 0.9110 train_ap: 0.8998 time: 0.3168s
INFO:root:Epoch: 0130 val_loss: 1.3068 val_roc: 0.8353 val_ap: 0.8158
INFO:root:Epoch: 0135 lr: 0.01 train_loss: 1.0650 train_roc: 0.9182 train_ap: 0.9042 time: 0.3186s
INFO:root:Epoch: 0135 val_loss: 1.3117 val_roc: 0.8371 val_ap: 0.8187
INFO:root:Epoch: 0140 lr: 0.01 train_loss: 0.9192 train_roc: 0.9009 train_ap: 0.8927 time: 0.3242s
INFO:root:Epoch: 0140 val_loss: 1.3003 val_roc: 0.8384 val_ap: 0.8191
INFO:root:Epoch: 0145 lr: 0.01 train_loss: 1.1699 train_roc: 0.8770 train_ap: 0.8547 time: 0.3160s
INFO:root:Epoch: 0145 val_loss: 1.2854 val_roc: 0.8390 val_ap: 0.8185
INFO:root:Epoch: 0150 lr: 0.01 train_loss: 0.8988 train_roc: 0.9238 train_ap: 0.9129 time: 0.3283s
INFO:root:Epoch: 0150 val_loss: 1.2966 val_roc: 0.8415 val_ap: 0.8243
INFO:root:Epoch: 0155 lr: 0.01 train_loss: 1.2770 train_roc: 0.8818 train_ap: 0.8640 time: 0.3146s
INFO:root:Epoch: 0155 val_loss: 1.3032 val_roc: 0.8430 val_ap: 0.8278
INFO:root:Epoch: 0160 lr: 0.01 train_loss: 0.8792 train_roc: 0.9280 train_ap: 0.9183 time: 0.3288s
INFO:root:Epoch: 0160 val_loss: 1.2821 val_roc: 0.8430 val_ap: 0.8283
INFO:root:Epoch: 0165 lr: 0.01 train_loss: 0.8285 train_roc: 0.9114 train_ap: 0.9041 time: 0.3123s
INFO:root:Epoch: 0165 val_loss: 1.2562 val_roc: 0.8429 val_ap: 0.8286
INFO:root:Epoch: 0170 lr: 0.01 train_loss: 0.9446 train_roc: 0.9069 train_ap: 0.8928 time: 0.3207s
INFO:root:Epoch: 0170 val_loss: 1.2281 val_roc: 0.8422 val_ap: 0.8269
INFO:root:Epoch: 0175 lr: 0.01 train_loss: 1.0316 train_roc: 0.9052 train_ap: 0.9002 time: 0.3225s
INFO:root:Epoch: 0175 val_loss: 1.2216 val_roc: 0.8426 val_ap: 0.8277
INFO:root:Epoch: 0180 lr: 0.01 train_loss: 0.8703 train_roc: 0.9117 train_ap: 0.9016 time: 0.3199s
INFO:root:Epoch: 0180 val_loss: 1.2347 val_roc: 0.8431 val_ap: 0.8276
INFO:root:Epoch: 0185 lr: 0.01 train_loss: 0.8787 train_roc: 0.9022 train_ap: 0.8905 time: 0.3167s
INFO:root:Epoch: 0185 val_loss: 1.2491 val_roc: 0.8437 val_ap: 0.8292
INFO:root:Epoch: 0190 lr: 0.01 train_loss: 0.8953 train_roc: 0.8958 train_ap: 0.8857 time: 0.3203s
INFO:root:Epoch: 0190 val_loss: 1.2502 val_roc: 0.8437 val_ap: 0.8284
INFO:root:Epoch: 0195 lr: 0.01 train_loss: 1.0552 train_roc: 0.9208 train_ap: 0.9117 time: 0.3194s
INFO:root:Epoch: 0195 val_loss: 1.2388 val_roc: 0.8438 val_ap: 0.8293
INFO:root:Epoch: 0200 lr: 0.01 train_loss: 1.5584 train_roc: 0.8392 train_ap: 0.7964 time: 0.3238s
INFO:root:Epoch: 0200 val_loss: 1.2104 val_roc: 0.8431 val_ap: 0.8299
INFO:root:Epoch: 0205 lr: 0.01 train_loss: 0.8126 train_roc: 0.9118 train_ap: 0.8976 time: 0.3200s
INFO:root:Epoch: 0205 val_loss: 1.2005 val_roc: 0.8424 val_ap: 0.8292
INFO:root:Epoch: 0210 lr: 0.01 train_loss: 0.8598 train_roc: 0.9331 train_ap: 0.9255 time: 0.3156s
INFO:root:Epoch: 0210 val_loss: 1.1907 val_roc: 0.8421 val_ap: 0.8301
INFO:root:Epoch: 0215 lr: 0.01 train_loss: 1.5937 train_roc: 0.8332 train_ap: 0.7889 time: 0.3267s
INFO:root:Epoch: 0215 val_loss: 1.2061 val_roc: 0.8420 val_ap: 0.8287
INFO:root:Epoch: 0220 lr: 0.01 train_loss: 0.9587 train_roc: 0.8676 train_ap: 0.8347 time: 0.3195s
INFO:root:Epoch: 0220 val_loss: 1.2290 val_roc: 0.8435 val_ap: 0.8281
INFO:root:Epoch: 0225 lr: 0.01 train_loss: 1.1727 train_roc: 0.9140 train_ap: 0.8945 time: 0.3202s
INFO:root:Epoch: 0225 val_loss: 1.2441 val_roc: 0.8444 val_ap: 0.8281
INFO:root:Epoch: 0230 lr: 0.01 train_loss: 0.9295 train_roc: 0.9313 train_ap: 0.9215 time: 0.3205s
INFO:root:Epoch: 0230 val_loss: 1.2444 val_roc: 0.8446 val_ap: 0.8285
INFO:root:Epoch: 0235 lr: 0.01 train_loss: 1.3416 train_roc: 0.9099 train_ap: 0.8953 time: 0.3238s
INFO:root:Epoch: 0235 val_loss: 1.2279 val_roc: 0.8437 val_ap: 0.8259
INFO:root:Epoch: 0240 lr: 0.01 train_loss: 0.9443 train_roc: 0.8894 train_ap: 0.8769 time: 0.3197s
INFO:root:Epoch: 0240 val_loss: 1.2075 val_roc: 0.8429 val_ap: 0.8247
INFO:root:Epoch: 0245 lr: 0.01 train_loss: 0.9194 train_roc: 0.9385 train_ap: 0.9303 time: 0.3164s
INFO:root:Epoch: 0245 val_loss: 1.1897 val_roc: 0.8414 val_ap: 0.8214
INFO:root:Epoch: 0250 lr: 0.01 train_loss: 0.8478 train_roc: 0.9195 train_ap: 0.9127 time: 0.3220s
INFO:root:Epoch: 0250 val_loss: 1.1762 val_roc: 0.8408 val_ap: 0.8195
INFO:root:Epoch: 0255 lr: 0.01 train_loss: 0.9534 train_roc: 0.9106 train_ap: 0.8901 time: 0.3175s
INFO:root:Epoch: 0255 val_loss: 1.1727 val_roc: 0.8407 val_ap: 0.8188
INFO:root:Epoch: 0260 lr: 0.01 train_loss: 1.9276 train_roc: 0.9136 train_ap: 0.8980 time: 0.3241s
INFO:root:Epoch: 0260 val_loss: 1.1579 val_roc: 0.8401 val_ap: 0.8175
INFO:root:Epoch: 0265 lr: 0.01 train_loss: 0.9228 train_roc: 0.8922 train_ap: 0.8832 time: 0.3142s
INFO:root:Epoch: 0265 val_loss: 1.1488 val_roc: 0.8404 val_ap: 0.8179
INFO:root:Epoch: 0270 lr: 0.01 train_loss: 0.7337 train_roc: 0.9291 train_ap: 0.9199 time: 0.3336s
INFO:root:Epoch: 0270 val_loss: 1.1405 val_roc: 0.8403 val_ap: 0.8170
INFO:root:Epoch: 0275 lr: 0.01 train_loss: 0.8923 train_roc: 0.9070 train_ap: 0.8931 time: 0.3309s
INFO:root:Epoch: 0275 val_loss: 1.1316 val_roc: 0.8401 val_ap: 0.8160
INFO:root:Epoch: 0280 lr: 0.01 train_loss: 0.8956 train_roc: 0.8942 train_ap: 0.8787 time: 0.3322s
INFO:root:Epoch: 0280 val_loss: 1.1323 val_roc: 0.8408 val_ap: 0.8173
INFO:root:Epoch: 0285 lr: 0.01 train_loss: 0.8432 train_roc: 0.9150 train_ap: 0.9088 time: 0.3254s
INFO:root:Epoch: 0285 val_loss: 1.1321 val_roc: 0.8403 val_ap: 0.8167
INFO:root:Epoch: 0290 lr: 0.01 train_loss: 1.7171 train_roc: 0.8884 train_ap: 0.8860 time: 0.3286s
INFO:root:Epoch: 0290 val_loss: 1.1617 val_roc: 0.8423 val_ap: 0.8193
INFO:root:Epoch: 0295 lr: 0.01 train_loss: 1.1047 train_roc: 0.9058 train_ap: 0.8817 time: 0.3308s
INFO:root:Epoch: 0295 val_loss: 1.2143 val_roc: 0.8434 val_ap: 0.8203
INFO:root:Early stopping
INFO:root:Optimization Finished!
INFO:root:Total time elapsed: 161.1767s
INFO:root:Val set results: val_loss: 1.2231 val_roc: 0.8437 val_ap: 0.8304
INFO:root:Test set results: test_loss: 1.2719 test_roc: 0.8181 test_ap: 0.7987
