INFO:root:Using: cpu
INFO:root:Using seed 1234.
INFO:root:LPModel(
  (encoder): HypGCN(
    (layers): Sequential(
      (0): HyperbolicGraphConvolution(
        (linear): HypLinear(in_features=1433, out_features=16, c=tensor([1.]))
        (agg): HypAgg(c=tensor([1.]), use_att=0)
        (hyp_act): HypAct(c_in=tensor([1.]), c_out=tensor([1.]))
      )
      (1): HyperbolicGraphConvolution(
        (linear): HypLinear(in_features=16, out_features=16, c=tensor([1.]))
        (agg): HypAgg(c=tensor([1.]), use_att=0)
        (hyp_act): HypAct(c_in=tensor([1.]), c_out=tensor([1.]))
      )
    )
  )
  (dc): FermiDiracDecoder()
)
INFO:root:Total number of parameters: 23216
INFO:root:Epoch: 0005 lr: 0.01 train_loss: 2.2366 train_roc: 0.9570 train_ap: 0.9556 time: 0.1276s
INFO:root:Epoch: 0005 val_loss: 2.2457 val_roc: 0.8002 val_ap: 0.8243
INFO:root:Epoch: 0010 lr: 0.01 train_loss: 2.2033 train_roc: 0.9588 train_ap: 0.9589 time: 0.1403s
INFO:root:Epoch: 0010 val_loss: 2.2199 val_roc: 0.8312 val_ap: 0.8494
INFO:root:Epoch: 0015 lr: 0.01 train_loss: 2.1328 train_roc: 0.9612 train_ap: 0.9632 time: 0.1347s
INFO:root:Epoch: 0015 val_loss: 2.1511 val_roc: 0.8346 val_ap: 0.8475
INFO:root:Epoch: 0020 lr: 0.01 train_loss: 1.9499 train_roc: 0.9596 train_ap: 0.9562 time: 0.1276s
INFO:root:Epoch: 0020 val_loss: 2.0239 val_roc: 0.8230 val_ap: 0.8201
INFO:root:Epoch: 0025 lr: 0.01 train_loss: 1.7716 train_roc: 0.9462 train_ap: 0.9420 time: 0.1269s
INFO:root:Epoch: 0025 val_loss: 1.8411 val_roc: 0.8093 val_ap: 0.7924
INFO:root:Epoch: 0030 lr: 0.01 train_loss: 1.6319 train_roc: 0.9367 train_ap: 0.9256 time: 0.1284s
INFO:root:Epoch: 0030 val_loss: 1.6607 val_roc: 0.7895 val_ap: 0.7639
INFO:root:Epoch: 0035 lr: 0.01 train_loss: 1.6032 train_roc: 0.9332 train_ap: 0.9224 time: 0.1300s
INFO:root:Epoch: 0035 val_loss: 1.5291 val_roc: 0.7784 val_ap: 0.7494
INFO:root:Epoch: 0040 lr: 0.01 train_loss: 1.4981 train_roc: 0.9253 train_ap: 0.9156 time: 0.1316s
INFO:root:Epoch: 0040 val_loss: 1.4440 val_roc: 0.7717 val_ap: 0.7202
INFO:root:Epoch: 0045 lr: 0.01 train_loss: 1.3288 train_roc: 0.9115 train_ap: 0.9119 time: 0.1312s
INFO:root:Epoch: 0045 val_loss: 1.4131 val_roc: 0.7678 val_ap: 0.7137
INFO:root:Epoch: 0050 lr: 0.01 train_loss: 1.2808 train_roc: 0.8981 train_ap: 0.8807 time: 0.1300s
INFO:root:Epoch: 0050 val_loss: 1.4159 val_roc: 0.7690 val_ap: 0.7327
INFO:root:Epoch: 0055 lr: 0.01 train_loss: 1.3662 train_roc: 0.9141 train_ap: 0.8979 time: 0.1283s
INFO:root:Epoch: 0055 val_loss: 1.4229 val_roc: 0.7706 val_ap: 0.7376
INFO:root:Epoch: 0060 lr: 0.01 train_loss: 1.2859 train_roc: 0.9140 train_ap: 0.9017 time: 0.1308s
INFO:root:Epoch: 0060 val_loss: 1.4181 val_roc: 0.7743 val_ap: 0.7414
INFO:root:Epoch: 0065 lr: 0.01 train_loss: 1.2762 train_roc: 0.9071 train_ap: 0.8893 time: 0.1324s
INFO:root:Epoch: 0065 val_loss: 1.4277 val_roc: 0.7758 val_ap: 0.7410
INFO:root:Epoch: 0070 lr: 0.01 train_loss: 1.2883 train_roc: 0.9133 train_ap: 0.8989 time: 0.1315s
INFO:root:Epoch: 0070 val_loss: 1.4389 val_roc: 0.7760 val_ap: 0.7433
INFO:root:Epoch: 0075 lr: 0.01 train_loss: 1.2789 train_roc: 0.9141 train_ap: 0.8927 time: 0.1321s
INFO:root:Epoch: 0075 val_loss: 1.4195 val_roc: 0.7777 val_ap: 0.7444
INFO:root:Epoch: 0080 lr: 0.01 train_loss: 1.2083 train_roc: 0.9198 train_ap: 0.9097 time: 0.1311s
INFO:root:Epoch: 0080 val_loss: 1.3753 val_roc: 0.7792 val_ap: 0.7337
INFO:root:Epoch: 0085 lr: 0.01 train_loss: 1.2375 train_roc: 0.9228 train_ap: 0.9123 time: 0.1285s
INFO:root:Epoch: 0085 val_loss: 1.3437 val_roc: 0.7799 val_ap: 0.7356
INFO:root:Epoch: 0090 lr: 0.01 train_loss: 1.1391 train_roc: 0.9230 train_ap: 0.9136 time: 0.1274s
INFO:root:Epoch: 0090 val_loss: 1.3287 val_roc: 0.7804 val_ap: 0.7431
INFO:root:Epoch: 0095 lr: 0.01 train_loss: 1.1762 train_roc: 0.8970 train_ap: 0.8671 time: 0.1313s
INFO:root:Epoch: 0095 val_loss: 1.3238 val_roc: 0.7830 val_ap: 0.7487
INFO:root:Epoch: 0100 lr: 0.01 train_loss: 1.0509 train_roc: 0.9114 train_ap: 0.8919 time: 0.1272s
INFO:root:Epoch: 0100 val_loss: 1.3061 val_roc: 0.7838 val_ap: 0.7474
INFO:root:Epoch: 0105 lr: 0.01 train_loss: 1.0158 train_roc: 0.9216 train_ap: 0.9099 time: 0.1274s
INFO:root:Epoch: 0105 val_loss: 1.2974 val_roc: 0.7853 val_ap: 0.7386
INFO:root:Epoch: 0110 lr: 0.01 train_loss: 1.0715 train_roc: 0.8971 train_ap: 0.8488 time: 0.1271s
INFO:root:Epoch: 0110 val_loss: 1.2951 val_roc: 0.7890 val_ap: 0.7414
INFO:root:Early stopping
INFO:root:Optimization Finished!
INFO:root:Total time elapsed: 23.9007s
INFO:root:Val set results: val_loss: 2.1693 val_roc: 0.8355 val_ap: 0.8510
INFO:root:Test set results: test_loss: 2.1648 test_roc: 0.8447 test_ap: 0.8521
