INFO:root:Using: cpu
INFO:root:Using seed 1234.
INFO:root:LPModel(
  (encoder): HypGCN(
    (layers): Sequential(
      (0): HyperbolicGraphConvolution(
        (linear): HypLinear(in_features=1433, out_features=16, c=tensor([1.]))
        (agg): HypAgg(c=tensor([1.]), use_att=0)
        (hyp_act): HypAct(c_in=tensor([1.]), c_out=tensor([1.]))
      )
      (1): HyperbolicGraphConvolution(
        (linear): HypLinear(in_features=16, out_features=16, c=tensor([1.]))
        (agg): HypAgg(c=tensor([1.]), use_att=0)
        (hyp_act): HypAct(c_in=tensor([1.]), c_out=tensor([1.]))
      )
    )
  )
  (dc): FermiDiracDecoder()
)
INFO:root:Total number of parameters: 23216
INFO:root:Epoch: 0005 lr: 0.01 train_loss: 2.2509 train_roc: 0.9420 train_ap: 0.9418 time: 0.2583s
INFO:root:Epoch: 0005 val_loss: 2.2526 val_roc: 0.7682 val_ap: 0.7907
INFO:root:Epoch: 0010 lr: 0.01 train_loss: 2.2469 train_roc: 0.9554 train_ap: 0.9556 time: 0.2658s
INFO:root:Epoch: 0010 val_loss: 2.2504 val_roc: 0.8124 val_ap: 0.8230
INFO:root:Epoch: 0015 lr: 0.01 train_loss: 2.2378 train_roc: 0.9486 train_ap: 0.9499 time: 0.2589s
INFO:root:Epoch: 0015 val_loss: 2.2446 val_roc: 0.8328 val_ap: 0.8387
INFO:root:Epoch: 0020 lr: 0.01 train_loss: 2.2120 train_roc: 0.9519 train_ap: 0.9498 time: 0.2655s
INFO:root:Epoch: 0020 val_loss: 2.2311 val_roc: 0.8371 val_ap: 0.8454
INFO:root:Epoch: 0025 lr: 0.01 train_loss: 2.1641 train_roc: 0.9527 train_ap: 0.9507 time: 0.2800s
INFO:root:Epoch: 0025 val_loss: 2.2040 val_roc: 0.8309 val_ap: 0.8355
INFO:root:Epoch: 0030 lr: 0.01 train_loss: 2.1123 train_roc: 0.9518 train_ap: 0.9494 time: 0.2607s
INFO:root:Epoch: 0030 val_loss: 2.1496 val_roc: 0.8244 val_ap: 0.8226
INFO:root:Epoch: 0035 lr: 0.01 train_loss: 2.0080 train_roc: 0.9492 train_ap: 0.9486 time: 0.2786s
INFO:root:Epoch: 0035 val_loss: 2.0468 val_roc: 0.8184 val_ap: 0.8095
INFO:root:Epoch: 0040 lr: 0.01 train_loss: 1.8392 train_roc: 0.9579 train_ap: 0.9566 time: 0.2677s
INFO:root:Epoch: 0040 val_loss: 1.8767 val_roc: 0.8164 val_ap: 0.8053
INFO:root:Epoch: 0045 lr: 0.01 train_loss: 1.3771 train_roc: 0.9517 train_ap: 0.9502 time: 0.2663s
INFO:root:Epoch: 0045 val_loss: 1.6458 val_roc: 0.8166 val_ap: 0.8044
INFO:root:Epoch: 0050 lr: 0.01 train_loss: 0.9671 train_roc: 0.9530 train_ap: 0.9489 time: 0.2625s
INFO:root:Epoch: 0050 val_loss: 1.3939 val_roc: 0.8173 val_ap: 0.8032
INFO:root:Epoch: 0055 lr: 0.01 train_loss: 1.1613 train_roc: 0.9677 train_ap: 0.9635 time: 0.2672s
INFO:root:Epoch: 0055 val_loss: 1.2146 val_roc: 0.8227 val_ap: 0.8104
INFO:root:Epoch: 0060 lr: 0.01 train_loss: 0.6793 train_roc: 0.9560 train_ap: 0.9536 time: 0.2623s
INFO:root:Epoch: 0060 val_loss: 1.1514 val_roc: 0.8316 val_ap: 0.8226
INFO:root:Epoch: 0065 lr: 0.01 train_loss: 1.2307 train_roc: 0.9178 train_ap: 0.9215 time: 0.2672s
INFO:root:Epoch: 0065 val_loss: 1.1622 val_roc: 0.8387 val_ap: 0.8307
INFO:root:Epoch: 0070 lr: 0.01 train_loss: 0.6303 train_roc: 0.9630 train_ap: 0.9617 time: 0.2739s
INFO:root:Epoch: 0070 val_loss: 1.1576 val_roc: 0.8384 val_ap: 0.8272
INFO:root:Epoch: 0075 lr: 0.01 train_loss: 0.7059 train_roc: 0.9477 train_ap: 0.9423 time: 0.2594s
INFO:root:Epoch: 0075 val_loss: 1.1467 val_roc: 0.8372 val_ap: 0.8219
INFO:root:Epoch: 0080 lr: 0.01 train_loss: 0.6874 train_roc: 0.9469 train_ap: 0.9485 time: 0.2633s
INFO:root:Epoch: 0080 val_loss: 1.1321 val_roc: 0.8369 val_ap: 0.8190
INFO:root:Epoch: 0085 lr: 0.01 train_loss: 0.6489 train_roc: 0.9570 train_ap: 0.9584 time: 0.2612s
INFO:root:Epoch: 0085 val_loss: 1.1220 val_roc: 0.8377 val_ap: 0.8204
INFO:root:Epoch: 0090 lr: 0.01 train_loss: 0.7100 train_roc: 0.9515 train_ap: 0.9476 time: 0.2773s
INFO:root:Epoch: 0090 val_loss: 1.1098 val_roc: 0.8378 val_ap: 0.8210
INFO:root:Epoch: 0095 lr: 0.01 train_loss: 0.6934 train_roc: 0.9673 train_ap: 0.9638 time: 0.2576s
INFO:root:Epoch: 0095 val_loss: 1.0970 val_roc: 0.8404 val_ap: 0.8218
INFO:root:Epoch: 0100 lr: 0.01 train_loss: 0.6004 train_roc: 0.9580 train_ap: 0.9553 time: 0.2749s
INFO:root:Epoch: 0100 val_loss: 1.0850 val_roc: 0.8438 val_ap: 0.8251
INFO:root:Epoch: 0105 lr: 0.01 train_loss: 0.5540 train_roc: 0.9694 train_ap: 0.9642 time: 0.2561s
INFO:root:Epoch: 0105 val_loss: 1.0741 val_roc: 0.8484 val_ap: 0.8313
INFO:root:Epoch: 0110 lr: 0.01 train_loss: 0.7492 train_roc: 0.9673 train_ap: 0.9623 time: 0.2592s
INFO:root:Epoch: 0110 val_loss: 1.0701 val_roc: 0.8506 val_ap: 0.8354
INFO:root:Epoch: 0115 lr: 0.01 train_loss: 0.5343 train_roc: 0.9722 train_ap: 0.9698 time: 0.2592s
INFO:root:Epoch: 0115 val_loss: 1.0670 val_roc: 0.8531 val_ap: 0.8398
INFO:root:Epoch: 0120 lr: 0.01 train_loss: 0.5706 train_roc: 0.9626 train_ap: 0.9591 time: 0.2585s
INFO:root:Epoch: 0120 val_loss: 1.0599 val_roc: 0.8511 val_ap: 0.8388
INFO:root:Epoch: 0125 lr: 0.01 train_loss: 0.5503 train_roc: 0.9735 train_ap: 0.9688 time: 0.2655s
INFO:root:Epoch: 0125 val_loss: 1.0569 val_roc: 0.8518 val_ap: 0.8408
INFO:root:Epoch: 0130 lr: 0.01 train_loss: 0.5722 train_roc: 0.9697 train_ap: 0.9688 time: 0.2568s
INFO:root:Epoch: 0130 val_loss: 1.0547 val_roc: 0.8525 val_ap: 0.8437
INFO:root:Epoch: 0135 lr: 0.01 train_loss: 0.5588 train_roc: 0.9723 train_ap: 0.9686 time: 0.2572s
INFO:root:Epoch: 0135 val_loss: 1.0532 val_roc: 0.8538 val_ap: 0.8465
INFO:root:Epoch: 0140 lr: 0.01 train_loss: 0.5980 train_roc: 0.9650 train_ap: 0.9634 time: 0.2631s
INFO:root:Epoch: 0140 val_loss: 1.0525 val_roc: 0.8570 val_ap: 0.8522
INFO:root:Epoch: 0145 lr: 0.01 train_loss: 0.5564 train_roc: 0.9645 train_ap: 0.9601 time: 0.2611s
INFO:root:Epoch: 0145 val_loss: 1.0493 val_roc: 0.8569 val_ap: 0.8530
INFO:root:Epoch: 0150 lr: 0.01 train_loss: 0.5738 train_roc: 0.9724 train_ap: 0.9679 time: 0.2565s
INFO:root:Epoch: 0150 val_loss: 1.0480 val_roc: 0.8578 val_ap: 0.8550
INFO:root:Epoch: 0155 lr: 0.01 train_loss: 0.5019 train_roc: 0.9752 train_ap: 0.9730 time: 0.2561s
INFO:root:Epoch: 0155 val_loss: 1.0481 val_roc: 0.8596 val_ap: 0.8587
INFO:root:Epoch: 0160 lr: 0.01 train_loss: 0.5011 train_roc: 0.9739 train_ap: 0.9712 time: 0.2608s
INFO:root:Epoch: 0160 val_loss: 1.0519 val_roc: 0.8608 val_ap: 0.8608
INFO:root:Epoch: 0165 lr: 0.01 train_loss: 0.6385 train_roc: 0.9672 train_ap: 0.9632 time: 0.2561s
INFO:root:Epoch: 0165 val_loss: 1.0488 val_roc: 0.8617 val_ap: 0.8623
INFO:root:Epoch: 0170 lr: 0.01 train_loss: 0.5552 train_roc: 0.9745 train_ap: 0.9723 time: 0.2550s
INFO:root:Epoch: 0170 val_loss: 1.0431 val_roc: 0.8625 val_ap: 0.8647
INFO:root:Epoch: 0175 lr: 0.01 train_loss: 0.4854 train_roc: 0.9764 train_ap: 0.9739 time: 0.2549s
INFO:root:Epoch: 0175 val_loss: 1.0438 val_roc: 0.8640 val_ap: 0.8678
INFO:root:Epoch: 0180 lr: 0.01 train_loss: 0.4974 train_roc: 0.9747 train_ap: 0.9711 time: 0.2629s
INFO:root:Epoch: 0180 val_loss: 1.0402 val_roc: 0.8652 val_ap: 0.8694
INFO:root:Epoch: 0185 lr: 0.01 train_loss: 0.5481 train_roc: 0.9762 train_ap: 0.9728 time: 0.2585s
INFO:root:Epoch: 0185 val_loss: 1.0369 val_roc: 0.8655 val_ap: 0.8705
INFO:root:Epoch: 0190 lr: 0.01 train_loss: 0.5878 train_roc: 0.9733 train_ap: 0.9684 time: 0.2571s
INFO:root:Epoch: 0190 val_loss: 1.0383 val_roc: 0.8652 val_ap: 0.8710
INFO:root:Epoch: 0195 lr: 0.01 train_loss: 0.5051 train_roc: 0.9757 train_ap: 0.9729 time: 0.2553s
INFO:root:Epoch: 0195 val_loss: 1.0425 val_roc: 0.8652 val_ap: 0.8721
INFO:root:Epoch: 0200 lr: 0.01 train_loss: 0.4819 train_roc: 0.9766 train_ap: 0.9734 time: 0.2691s
INFO:root:Epoch: 0200 val_loss: 1.0459 val_roc: 0.8661 val_ap: 0.8731
INFO:root:Epoch: 0205 lr: 0.01 train_loss: 0.6078 train_roc: 0.9620 train_ap: 0.9588 time: 0.2561s
INFO:root:Epoch: 0205 val_loss: 1.0514 val_roc: 0.8667 val_ap: 0.8737
INFO:root:Epoch: 0210 lr: 0.01 train_loss: 0.5012 train_roc: 0.9759 train_ap: 0.9736 time: 0.2578s
INFO:root:Epoch: 0210 val_loss: 1.0538 val_roc: 0.8640 val_ap: 0.8705
INFO:root:Epoch: 0215 lr: 0.01 train_loss: 0.5654 train_roc: 0.9773 train_ap: 0.9747 time: 0.2600s
INFO:root:Epoch: 0215 val_loss: 1.0653 val_roc: 0.8609 val_ap: 0.8666
INFO:root:Epoch: 0220 lr: 0.01 train_loss: 0.5569 train_roc: 0.9714 train_ap: 0.9682 time: 0.2785s
INFO:root:Epoch: 0220 val_loss: 1.0652 val_roc: 0.8615 val_ap: 0.8663
INFO:root:Epoch: 0225 lr: 0.01 train_loss: 0.6810 train_roc: 0.9786 train_ap: 0.9731 time: 0.2627s
INFO:root:Epoch: 0225 val_loss: 1.0635 val_roc: 0.8628 val_ap: 0.8673
INFO:root:Epoch: 0230 lr: 0.01 train_loss: 0.4624 train_roc: 0.9819 train_ap: 0.9799 time: 0.2747s
INFO:root:Epoch: 0230 val_loss: 1.0681 val_roc: 0.8638 val_ap: 0.8686
INFO:root:Epoch: 0235 lr: 0.01 train_loss: 0.4711 train_roc: 0.9787 train_ap: 0.9779 time: 0.2578s
INFO:root:Epoch: 0235 val_loss: 1.0691 val_roc: 0.8662 val_ap: 0.8714
INFO:root:Epoch: 0240 lr: 0.01 train_loss: 0.5298 train_roc: 0.9812 train_ap: 0.9789 time: 0.2785s
INFO:root:Epoch: 0240 val_loss: 1.0560 val_roc: 0.8674 val_ap: 0.8732
INFO:root:Epoch: 0245 lr: 0.01 train_loss: 0.6371 train_roc: 0.9684 train_ap: 0.9692 time: 0.2818s
INFO:root:Epoch: 0245 val_loss: 1.0546 val_roc: 0.8676 val_ap: 0.8737
INFO:root:Epoch: 0250 lr: 0.01 train_loss: 0.4739 train_roc: 0.9777 train_ap: 0.9747 time: 0.2680s
INFO:root:Epoch: 0250 val_loss: 1.0575 val_roc: 0.8669 val_ap: 0.8725
INFO:root:Epoch: 0255 lr: 0.01 train_loss: 0.5648 train_roc: 0.9803 train_ap: 0.9777 time: 0.2797s
INFO:root:Epoch: 0255 val_loss: 1.0454 val_roc: 0.8683 val_ap: 0.8734
INFO:root:Epoch: 0260 lr: 0.01 train_loss: 0.4998 train_roc: 0.9753 train_ap: 0.9714 time: 0.2735s
INFO:root:Epoch: 0260 val_loss: 1.0388 val_roc: 0.8706 val_ap: 0.8751
INFO:root:Epoch: 0265 lr: 0.01 train_loss: 0.4867 train_roc: 0.9766 train_ap: 0.9757 time: 0.2560s
INFO:root:Epoch: 0265 val_loss: 1.0387 val_roc: 0.8724 val_ap: 0.8760
INFO:root:Epoch: 0270 lr: 0.01 train_loss: 0.4943 train_roc: 0.9769 train_ap: 0.9744 time: 0.2652s
INFO:root:Epoch: 0270 val_loss: 1.0392 val_roc: 0.8696 val_ap: 0.8731
INFO:root:Epoch: 0275 lr: 0.01 train_loss: 0.5067 train_roc: 0.9784 train_ap: 0.9751 time: 0.2603s
INFO:root:Epoch: 0275 val_loss: 1.0534 val_roc: 0.8663 val_ap: 0.8692
INFO:root:Epoch: 0280 lr: 0.01 train_loss: 0.5844 train_roc: 0.9788 train_ap: 0.9762 time: 0.2655s
INFO:root:Epoch: 0280 val_loss: 1.0579 val_roc: 0.8656 val_ap: 0.8686
INFO:root:Epoch: 0285 lr: 0.01 train_loss: 0.5575 train_roc: 0.9766 train_ap: 0.9725 time: 0.2610s
INFO:root:Epoch: 0285 val_loss: 1.0605 val_roc: 0.8659 val_ap: 0.8696
INFO:root:Epoch: 0290 lr: 0.01 train_loss: 0.5699 train_roc: 0.9667 train_ap: 0.9660 time: 0.2565s
INFO:root:Epoch: 0290 val_loss: 1.0622 val_roc: 0.8663 val_ap: 0.8702
INFO:root:Epoch: 0295 lr: 0.01 train_loss: 0.4910 train_roc: 0.9780 train_ap: 0.9764 time: 0.2566s
INFO:root:Epoch: 0295 val_loss: 1.0613 val_roc: 0.8674 val_ap: 0.8719
INFO:root:Epoch: 0300 lr: 0.01 train_loss: 0.5523 train_roc: 0.9759 train_ap: 0.9747 time: 0.2613s
INFO:root:Epoch: 0300 val_loss: 1.0607 val_roc: 0.8687 val_ap: 0.8739
INFO:root:Epoch: 0305 lr: 0.01 train_loss: 0.4720 train_roc: 0.9782 train_ap: 0.9748 time: 0.2602s
INFO:root:Epoch: 0305 val_loss: 1.0619 val_roc: 0.8655 val_ap: 0.8713
INFO:root:Epoch: 0310 lr: 0.01 train_loss: 0.4488 train_roc: 0.9827 train_ap: 0.9797 time: 0.2565s
INFO:root:Epoch: 0310 val_loss: 1.0784 val_roc: 0.8636 val_ap: 0.8698
INFO:root:Epoch: 0315 lr: 0.01 train_loss: 0.5134 train_roc: 0.9816 train_ap: 0.9809 time: 0.2562s
INFO:root:Epoch: 0315 val_loss: 1.0735 val_roc: 0.8648 val_ap: 0.8708
INFO:root:Epoch: 0320 lr: 0.01 train_loss: 0.5217 train_roc: 0.9789 train_ap: 0.9767 time: 0.2647s
INFO:root:Epoch: 0320 val_loss: 1.0525 val_roc: 0.8683 val_ap: 0.8753
INFO:root:Epoch: 0325 lr: 0.01 train_loss: 0.4557 train_roc: 0.9821 train_ap: 0.9779 time: 0.2636s
INFO:root:Epoch: 0325 val_loss: 1.0435 val_roc: 0.8708 val_ap: 0.8776
INFO:root:Epoch: 0330 lr: 0.01 train_loss: 0.4898 train_roc: 0.9821 train_ap: 0.9771 time: 0.2597s
INFO:root:Epoch: 0330 val_loss: 1.0345 val_roc: 0.8733 val_ap: 0.8801
INFO:root:Epoch: 0335 lr: 0.01 train_loss: 0.5141 train_roc: 0.9787 train_ap: 0.9753 time: 0.2618s
INFO:root:Epoch: 0335 val_loss: 1.0332 val_roc: 0.8739 val_ap: 0.8803
INFO:root:Epoch: 0340 lr: 0.01 train_loss: 0.4879 train_roc: 0.9808 train_ap: 0.9750 time: 0.2963s
INFO:root:Epoch: 0340 val_loss: 1.0296 val_roc: 0.8742 val_ap: 0.8808
INFO:root:Epoch: 0345 lr: 0.01 train_loss: 0.4761 train_roc: 0.9804 train_ap: 0.9772 time: 0.2580s
INFO:root:Epoch: 0345 val_loss: 1.0261 val_roc: 0.8750 val_ap: 0.8817
INFO:root:Epoch: 0350 lr: 0.01 train_loss: 0.5411 train_roc: 0.9838 train_ap: 0.9794 time: 0.2576s
INFO:root:Epoch: 0350 val_loss: 1.0288 val_roc: 0.8759 val_ap: 0.8834
INFO:root:Epoch: 0355 lr: 0.01 train_loss: 0.4696 train_roc: 0.9801 train_ap: 0.9770 time: 0.2736s
INFO:root:Epoch: 0355 val_loss: 1.0301 val_roc: 0.8762 val_ap: 0.8837
INFO:root:Epoch: 0360 lr: 0.01 train_loss: 0.5329 train_roc: 0.9840 train_ap: 0.9804 time: 0.2605s
INFO:root:Epoch: 0360 val_loss: 1.0277 val_roc: 0.8762 val_ap: 0.8838
INFO:root:Epoch: 0365 lr: 0.01 train_loss: 0.5097 train_roc: 0.9788 train_ap: 0.9753 time: 0.2580s
INFO:root:Epoch: 0365 val_loss: 1.0332 val_roc: 0.8751 val_ap: 0.8831
INFO:root:Epoch: 0370 lr: 0.01 train_loss: 0.4833 train_roc: 0.9835 train_ap: 0.9806 time: 0.2594s
INFO:root:Epoch: 0370 val_loss: 1.0886 val_roc: 0.8632 val_ap: 0.8668
INFO:root:Epoch: 0375 lr: 0.01 train_loss: 0.5932 train_roc: 0.9690 train_ap: 0.9683 time: 0.2595s
INFO:root:Epoch: 0375 val_loss: 1.1025 val_roc: 0.8583 val_ap: 0.8592
INFO:root:Epoch: 0380 lr: 0.01 train_loss: 0.4753 train_roc: 0.9801 train_ap: 0.9760 time: 0.2561s
INFO:root:Epoch: 0380 val_loss: 1.1020 val_roc: 0.8570 val_ap: 0.8578
INFO:root:Epoch: 0385 lr: 0.01 train_loss: 0.5492 train_roc: 0.9676 train_ap: 0.9685 time: 0.2598s
INFO:root:Epoch: 0385 val_loss: 1.0859 val_roc: 0.8615 val_ap: 0.8638
INFO:root:Epoch: 0390 lr: 0.01 train_loss: 0.5646 train_roc: 0.9707 train_ap: 0.9697 time: 0.2705s
INFO:root:Epoch: 0390 val_loss: 1.0658 val_roc: 0.8664 val_ap: 0.8702
INFO:root:Epoch: 0395 lr: 0.01 train_loss: 0.4773 train_roc: 0.9830 train_ap: 0.9796 time: 0.2621s
INFO:root:Epoch: 0395 val_loss: 1.0419 val_roc: 0.8707 val_ap: 0.8749
INFO:root:Epoch: 0400 lr: 0.01 train_loss: 0.4862 train_roc: 0.9832 train_ap: 0.9795 time: 0.2603s
INFO:root:Epoch: 0400 val_loss: 1.0175 val_roc: 0.8748 val_ap: 0.8801
INFO:root:Epoch: 0405 lr: 0.01 train_loss: 0.6425 train_roc: 0.9813 train_ap: 0.9782 time: 0.2587s
INFO:root:Epoch: 0405 val_loss: 1.0076 val_roc: 0.8789 val_ap: 0.8840
INFO:root:Epoch: 0410 lr: 0.01 train_loss: 0.4768 train_roc: 0.9813 train_ap: 0.9778 time: 0.2593s
INFO:root:Epoch: 0410 val_loss: 0.9997 val_roc: 0.8806 val_ap: 0.8853
INFO:root:Epoch: 0415 lr: 0.01 train_loss: 0.4617 train_roc: 0.9827 train_ap: 0.9806 time: 0.2571s
INFO:root:Epoch: 0415 val_loss: 0.9944 val_roc: 0.8795 val_ap: 0.8848
INFO:root:Epoch: 0420 lr: 0.01 train_loss: 0.5498 train_roc: 0.9821 train_ap: 0.9791 time: 0.2560s
INFO:root:Epoch: 0420 val_loss: 1.0090 val_roc: 0.8772 val_ap: 0.8826
INFO:root:Epoch: 0425 lr: 0.01 train_loss: 0.4364 train_roc: 0.9837 train_ap: 0.9815 time: 0.2596s
INFO:root:Epoch: 0425 val_loss: 1.0154 val_roc: 0.8761 val_ap: 0.8816
INFO:root:Epoch: 0430 lr: 0.01 train_loss: 0.5047 train_roc: 0.9849 train_ap: 0.9840 time: 0.2603s
INFO:root:Epoch: 0430 val_loss: 1.0159 val_roc: 0.8751 val_ap: 0.8803
INFO:root:Epoch: 0435 lr: 0.01 train_loss: 0.5621 train_roc: 0.9813 train_ap: 0.9764 time: 0.2633s
INFO:root:Epoch: 0435 val_loss: 1.0100 val_roc: 0.8761 val_ap: 0.8824
INFO:root:Epoch: 0440 lr: 0.01 train_loss: 0.4706 train_roc: 0.9819 train_ap: 0.9779 time: 0.2605s
INFO:root:Epoch: 0440 val_loss: 1.0062 val_roc: 0.8767 val_ap: 0.8830
INFO:root:Epoch: 0445 lr: 0.01 train_loss: 0.5313 train_roc: 0.9764 train_ap: 0.9728 time: 0.2584s
INFO:root:Epoch: 0445 val_loss: 1.0098 val_roc: 0.8769 val_ap: 0.8835
INFO:root:Epoch: 0450 lr: 0.01 train_loss: 0.4733 train_roc: 0.9824 train_ap: 0.9798 time: 0.2564s
INFO:root:Epoch: 0450 val_loss: 1.0144 val_roc: 0.8764 val_ap: 0.8841
INFO:root:Epoch: 0455 lr: 0.01 train_loss: 0.4430 train_roc: 0.9839 train_ap: 0.9814 time: 0.2590s
INFO:root:Epoch: 0455 val_loss: 1.0221 val_roc: 0.8762 val_ap: 0.8845
INFO:root:Epoch: 0460 lr: 0.01 train_loss: 0.4782 train_roc: 0.9812 train_ap: 0.9793 time: 0.2783s
INFO:root:Epoch: 0460 val_loss: 1.0250 val_roc: 0.8766 val_ap: 0.8851
INFO:root:Epoch: 0465 lr: 0.01 train_loss: 0.4596 train_roc: 0.9834 train_ap: 0.9793 time: 0.2616s
INFO:root:Epoch: 0465 val_loss: 1.0306 val_roc: 0.8777 val_ap: 0.8866
INFO:root:Epoch: 0470 lr: 0.01 train_loss: 0.5791 train_roc: 0.9808 train_ap: 0.9765 time: 0.2602s
INFO:root:Epoch: 0470 val_loss: 1.0344 val_roc: 0.8777 val_ap: 0.8859
INFO:root:Epoch: 0475 lr: 0.01 train_loss: 0.4262 train_roc: 0.9860 train_ap: 0.9837 time: 0.2565s
INFO:root:Epoch: 0475 val_loss: 1.0239 val_roc: 0.8783 val_ap: 0.8853
INFO:root:Epoch: 0480 lr: 0.01 train_loss: 0.4787 train_roc: 0.9808 train_ap: 0.9800 time: 0.2586s
INFO:root:Epoch: 0480 val_loss: 1.0235 val_roc: 0.8769 val_ap: 0.8823
INFO:root:Epoch: 0485 lr: 0.01 train_loss: 0.4521 train_roc: 0.9838 train_ap: 0.9814 time: 0.2594s
INFO:root:Epoch: 0485 val_loss: 1.0290 val_roc: 0.8754 val_ap: 0.8796
INFO:root:Epoch: 0490 lr: 0.01 train_loss: 0.4679 train_roc: 0.9842 train_ap: 0.9800 time: 0.2584s
INFO:root:Epoch: 0490 val_loss: 1.0257 val_roc: 0.8764 val_ap: 0.8805
INFO:root:Epoch: 0495 lr: 0.01 train_loss: 0.5369 train_roc: 0.9836 train_ap: 0.9812 time: 0.2569s
INFO:root:Epoch: 0495 val_loss: 1.0217 val_roc: 0.8781 val_ap: 0.8827
INFO:root:Epoch: 0500 lr: 0.01 train_loss: 0.5465 train_roc: 0.9797 train_ap: 0.9768 time: 0.2590s
INFO:root:Epoch: 0500 val_loss: 1.0145 val_roc: 0.8793 val_ap: 0.8826
INFO:root:Epoch: 0505 lr: 0.01 train_loss: 0.4523 train_roc: 0.9823 train_ap: 0.9800 time: 0.2608s
INFO:root:Epoch: 0505 val_loss: 1.0189 val_roc: 0.8791 val_ap: 0.8830
INFO:root:Epoch: 0510 lr: 0.01 train_loss: 0.6676 train_roc: 0.9781 train_ap: 0.9748 time: 0.2621s
INFO:root:Epoch: 0510 val_loss: 1.0190 val_roc: 0.8800 val_ap: 0.8850
INFO:root:Early stopping
INFO:root:Optimization Finished!
INFO:root:Total time elapsed: 222.2792s
INFO:root:Val set results: val_loss: 0.9963 val_roc: 0.8806 val_ap: 0.8855
INFO:root:Test set results: test_loss: 1.0351 test_roc: 0.8674 test_ap: 0.8750
