INFO:root:Using: cpu
INFO:root:Using seed 1234.
INFO:root:LPModel(
  (encoder): HypGCN(
    (layers): Sequential(
      (0): HyperbolicGraphConvolution(
        (linear): HypLinear(in_features=1433, out_features=32, c=tensor([1.]))
        (agg): HypAgg(c=tensor([1.]), use_att=0)
        (hyp_act): HypAct(c_in=tensor([1.]), c_out=tensor([1.]))
      )
      (1): HyperbolicGraphConvolution(
        (linear): HypLinear(in_features=32, out_features=32, c=tensor([1.]))
        (agg): HypAgg(c=tensor([1.]), use_att=0)
        (hyp_act): HypAct(c_in=tensor([1.]), c_out=tensor([1.]))
      )
    )
  )
  (dc): FermiDiracDecoder()
)
INFO:root:Total number of parameters: 46944
INFO:root:Epoch: 0005 lr: 0.01 train_loss: 2.2496 train_roc: 0.9669 train_ap: 0.9671 time: 0.2619s
INFO:root:Epoch: 0005 val_loss: 2.2521 val_roc: 0.7972 val_ap: 0.8198
INFO:root:Epoch: 0010 lr: 0.01 train_loss: 2.2451 train_roc: 0.9648 train_ap: 0.9663 time: 0.2731s
INFO:root:Epoch: 0010 val_loss: 2.2485 val_roc: 0.8254 val_ap: 0.8411
INFO:root:Epoch: 0015 lr: 0.01 train_loss: 2.2317 train_roc: 0.9625 train_ap: 0.9661 time: 0.2685s
INFO:root:Epoch: 0015 val_loss: 2.2376 val_roc: 0.8381 val_ap: 0.8523
INFO:root:Epoch: 0020 lr: 0.01 train_loss: 2.1775 train_roc: 0.9609 train_ap: 0.9597 time: 0.2627s
INFO:root:Epoch: 0020 val_loss: 2.2085 val_roc: 0.8396 val_ap: 0.8508
INFO:root:Epoch: 0025 lr: 0.01 train_loss: 2.1243 train_roc: 0.9636 train_ap: 0.9614 time: 0.2560s
INFO:root:Epoch: 0025 val_loss: 2.1360 val_roc: 0.8432 val_ap: 0.8515
INFO:root:Epoch: 0030 lr: 0.01 train_loss: 1.9275 train_roc: 0.9621 train_ap: 0.9596 time: 0.2539s
INFO:root:Epoch: 0030 val_loss: 1.9712 val_roc: 0.8474 val_ap: 0.8499
INFO:root:Epoch: 0035 lr: 0.01 train_loss: 1.6937 train_roc: 0.9670 train_ap: 0.9664 time: 0.2527s
INFO:root:Epoch: 0035 val_loss: 1.6494 val_roc: 0.8469 val_ap: 0.8425
INFO:root:Epoch: 0040 lr: 0.01 train_loss: 1.1665 train_roc: 0.9658 train_ap: 0.9636 time: 0.2562s
INFO:root:Epoch: 0040 val_loss: 1.2304 val_roc: 0.8465 val_ap: 0.8343
INFO:root:Epoch: 0045 lr: 0.01 train_loss: 0.7747 train_roc: 0.9567 train_ap: 0.9574 time: 0.2575s
INFO:root:Epoch: 0045 val_loss: 1.1497 val_roc: 0.8414 val_ap: 0.8253
INFO:root:Epoch: 0050 lr: 0.01 train_loss: 0.9614 train_roc: 0.9283 train_ap: 0.9309 time: 0.2535s
INFO:root:Epoch: 0050 val_loss: 1.2977 val_roc: 0.8449 val_ap: 0.8298
INFO:root:Epoch: 0055 lr: 0.01 train_loss: 0.6566 train_roc: 0.9588 train_ap: 0.9553 time: 0.2523s
INFO:root:Epoch: 0055 val_loss: 1.0437 val_roc: 0.8628 val_ap: 0.8480
INFO:root:Epoch: 0060 lr: 0.01 train_loss: 0.8367 train_roc: 0.9700 train_ap: 0.9664 time: 0.2534s
INFO:root:Epoch: 0060 val_loss: 0.9993 val_roc: 0.8713 val_ap: 0.8604
INFO:root:Epoch: 0065 lr: 0.01 train_loss: 0.6378 train_roc: 0.9655 train_ap: 0.9607 time: 0.2587s
INFO:root:Epoch: 0065 val_loss: 0.9882 val_roc: 0.8747 val_ap: 0.8650
INFO:root:Epoch: 0070 lr: 0.01 train_loss: 0.6233 train_roc: 0.9676 train_ap: 0.9643 time: 0.2588s
INFO:root:Epoch: 0070 val_loss: 1.0420 val_roc: 0.8733 val_ap: 0.8645
INFO:root:Epoch: 0075 lr: 0.01 train_loss: 0.8434 train_roc: 0.9476 train_ap: 0.9407 time: 0.2589s
INFO:root:Epoch: 0075 val_loss: 1.0623 val_roc: 0.8749 val_ap: 0.8668
INFO:root:Epoch: 0080 lr: 0.01 train_loss: 0.5583 train_roc: 0.9641 train_ap: 0.9610 time: 0.2636s
INFO:root:Epoch: 0080 val_loss: 0.9961 val_roc: 0.8803 val_ap: 0.8743
INFO:root:Epoch: 0085 lr: 0.01 train_loss: 0.5497 train_roc: 0.9663 train_ap: 0.9633 time: 0.2564s
INFO:root:Epoch: 0085 val_loss: 0.9645 val_roc: 0.8832 val_ap: 0.8795
INFO:root:Epoch: 0090 lr: 0.01 train_loss: 0.5868 train_roc: 0.9724 train_ap: 0.9664 time: 0.2558s
INFO:root:Epoch: 0090 val_loss: 0.9649 val_roc: 0.8836 val_ap: 0.8800
INFO:root:Epoch: 0095 lr: 0.01 train_loss: 0.6061 train_roc: 0.9626 train_ap: 0.9595 time: 0.2564s
INFO:root:Epoch: 0095 val_loss: 0.9783 val_roc: 0.8833 val_ap: 0.8801
INFO:root:Epoch: 0100 lr: 0.01 train_loss: 0.5564 train_roc: 0.9733 train_ap: 0.9679 time: 0.2563s
INFO:root:Epoch: 0100 val_loss: 0.9841 val_roc: 0.8839 val_ap: 0.8806
INFO:root:Epoch: 0105 lr: 0.01 train_loss: 0.5400 train_roc: 0.9653 train_ap: 0.9581 time: 0.2561s
INFO:root:Epoch: 0105 val_loss: 0.9807 val_roc: 0.8835 val_ap: 0.8807
INFO:root:Epoch: 0110 lr: 0.01 train_loss: 0.5510 train_roc: 0.9742 train_ap: 0.9688 time: 0.2577s
INFO:root:Epoch: 0110 val_loss: 0.9909 val_roc: 0.8840 val_ap: 0.8801
INFO:root:Epoch: 0115 lr: 0.01 train_loss: 0.5122 train_roc: 0.9752 train_ap: 0.9708 time: 0.2560s
INFO:root:Epoch: 0115 val_loss: 0.9337 val_roc: 0.8870 val_ap: 0.8829
INFO:root:Epoch: 0120 lr: 0.01 train_loss: 0.4822 train_roc: 0.9742 train_ap: 0.9692 time: 0.2583s
INFO:root:Epoch: 0120 val_loss: 0.9141 val_roc: 0.8888 val_ap: 0.8842
INFO:root:Epoch: 0125 lr: 0.01 train_loss: 0.5414 train_roc: 0.9760 train_ap: 0.9685 time: 0.2526s
INFO:root:Epoch: 0125 val_loss: 0.9117 val_roc: 0.8885 val_ap: 0.8835
INFO:root:Epoch: 0130 lr: 0.01 train_loss: 0.6580 train_roc: 0.9796 train_ap: 0.9789 time: 0.2593s
INFO:root:Epoch: 0130 val_loss: 0.9286 val_roc: 0.8854 val_ap: 0.8820
INFO:root:Epoch: 0135 lr: 0.01 train_loss: 0.4956 train_roc: 0.9714 train_ap: 0.9655 time: 0.2564s
INFO:root:Epoch: 0135 val_loss: 0.9547 val_roc: 0.8835 val_ap: 0.8810
INFO:root:Epoch: 0140 lr: 0.01 train_loss: 0.5404 train_roc: 0.9717 train_ap: 0.9681 time: 0.2576s
INFO:root:Epoch: 0140 val_loss: 1.0020 val_roc: 0.8808 val_ap: 0.8781
INFO:root:Epoch: 0145 lr: 0.01 train_loss: 0.6281 train_roc: 0.9809 train_ap: 0.9756 time: 0.2558s
INFO:root:Epoch: 0145 val_loss: 0.9480 val_roc: 0.8835 val_ap: 0.8820
INFO:root:Epoch: 0150 lr: 0.01 train_loss: 0.5778 train_roc: 0.9712 train_ap: 0.9666 time: 0.2540s
INFO:root:Epoch: 0150 val_loss: 0.9353 val_roc: 0.8841 val_ap: 0.8837
INFO:root:Epoch: 0155 lr: 0.01 train_loss: 0.4788 train_roc: 0.9800 train_ap: 0.9767 time: 0.2721s
INFO:root:Epoch: 0155 val_loss: 0.9328 val_roc: 0.8842 val_ap: 0.8830
INFO:root:Epoch: 0160 lr: 0.01 train_loss: 0.4623 train_roc: 0.9773 train_ap: 0.9727 time: 0.2576s
INFO:root:Epoch: 0160 val_loss: 0.9475 val_roc: 0.8827 val_ap: 0.8801
INFO:root:Epoch: 0165 lr: 0.01 train_loss: 0.4752 train_roc: 0.9754 train_ap: 0.9699 time: 0.2552s
INFO:root:Epoch: 0165 val_loss: 0.9860 val_roc: 0.8803 val_ap: 0.8775
INFO:root:Epoch: 0170 lr: 0.01 train_loss: 0.4543 train_roc: 0.9803 train_ap: 0.9778 time: 0.2572s
INFO:root:Epoch: 0170 val_loss: 0.9751 val_roc: 0.8807 val_ap: 0.8789
INFO:root:Epoch: 0175 lr: 0.01 train_loss: 0.6012 train_roc: 0.9829 train_ap: 0.9790 time: 0.2563s
INFO:root:Epoch: 0175 val_loss: 0.9599 val_roc: 0.8813 val_ap: 0.8803
INFO:root:Epoch: 0180 lr: 0.01 train_loss: 0.4991 train_roc: 0.9779 train_ap: 0.9737 time: 0.2557s
INFO:root:Epoch: 0180 val_loss: 0.9335 val_roc: 0.8836 val_ap: 0.8824
INFO:root:Epoch: 0185 lr: 0.01 train_loss: 0.5357 train_roc: 0.9834 train_ap: 0.9784 time: 0.2593s
INFO:root:Epoch: 0185 val_loss: 0.9282 val_roc: 0.8839 val_ap: 0.8838
INFO:root:Epoch: 0190 lr: 0.01 train_loss: 0.4647 train_roc: 0.9795 train_ap: 0.9725 time: 0.2553s
INFO:root:Epoch: 0190 val_loss: 0.9450 val_roc: 0.8829 val_ap: 0.8834
INFO:root:Epoch: 0195 lr: 0.01 train_loss: 0.4550 train_roc: 0.9802 train_ap: 0.9762 time: 0.2607s
INFO:root:Epoch: 0195 val_loss: 0.9705 val_roc: 0.8818 val_ap: 0.8834
INFO:root:Epoch: 0200 lr: 0.01 train_loss: 0.5192 train_roc: 0.9754 train_ap: 0.9719 time: 0.2529s
INFO:root:Epoch: 0200 val_loss: 0.9415 val_roc: 0.8836 val_ap: 0.8853
INFO:root:Epoch: 0205 lr: 0.01 train_loss: 0.5184 train_roc: 0.9839 train_ap: 0.9779 time: 0.2547s
INFO:root:Epoch: 0205 val_loss: 0.9262 val_roc: 0.8864 val_ap: 0.8894
INFO:root:Epoch: 0210 lr: 0.01 train_loss: 0.4983 train_roc: 0.9852 train_ap: 0.9823 time: 0.4510s
INFO:root:Epoch: 0210 val_loss: 0.9267 val_roc: 0.8870 val_ap: 0.8905
INFO:root:Epoch: 0215 lr: 0.01 train_loss: 0.4489 train_roc: 0.9832 train_ap: 0.9795 time: 0.2564s
INFO:root:Epoch: 0215 val_loss: 0.9179 val_roc: 0.8875 val_ap: 0.8915
INFO:root:Epoch: 0220 lr: 0.01 train_loss: 0.5659 train_roc: 0.9766 train_ap: 0.9709 time: 0.6310s
INFO:root:Epoch: 0220 val_loss: 0.9261 val_roc: 0.8869 val_ap: 0.8900
INFO:root:Epoch: 0225 lr: 0.01 train_loss: 0.4583 train_roc: 0.9841 train_ap: 0.9779 time: 0.2550s
INFO:root:Epoch: 0225 val_loss: 0.9146 val_roc: 0.8874 val_ap: 0.8906
INFO:root:Epoch: 0230 lr: 0.01 train_loss: 0.4526 train_roc: 0.9797 train_ap: 0.9763 time: 0.2723s
INFO:root:Epoch: 0230 val_loss: 0.9186 val_roc: 0.8875 val_ap: 0.8914
INFO:root:Epoch: 0235 lr: 0.01 train_loss: 0.4330 train_roc: 0.9827 train_ap: 0.9807 time: 0.2666s
INFO:root:Epoch: 0235 val_loss: 0.9179 val_roc: 0.8872 val_ap: 0.8919
INFO:root:Epoch: 0240 lr: 0.01 train_loss: 0.4426 train_roc: 0.9837 train_ap: 0.9813 time: 0.2802s
INFO:root:Epoch: 0240 val_loss: 0.9241 val_roc: 0.8869 val_ap: 0.8927
INFO:root:Epoch: 0245 lr: 0.01 train_loss: 0.4752 train_roc: 0.9851 train_ap: 0.9830 time: 0.2616s
INFO:root:Epoch: 0245 val_loss: 0.9264 val_roc: 0.8859 val_ap: 0.8920
INFO:root:Epoch: 0250 lr: 0.01 train_loss: 0.4942 train_roc: 0.9854 train_ap: 0.9818 time: 0.2614s
INFO:root:Epoch: 0250 val_loss: 0.9348 val_roc: 0.8852 val_ap: 0.8903
INFO:root:Epoch: 0255 lr: 0.01 train_loss: 0.4719 train_roc: 0.9847 train_ap: 0.9812 time: 0.2576s
INFO:root:Epoch: 0255 val_loss: 0.9247 val_roc: 0.8862 val_ap: 0.8914
INFO:root:Epoch: 0260 lr: 0.01 train_loss: 0.6529 train_roc: 0.9847 train_ap: 0.9808 time: 0.2686s
INFO:root:Epoch: 0260 val_loss: 0.9361 val_roc: 0.8860 val_ap: 0.8920
INFO:root:Epoch: 0265 lr: 0.01 train_loss: 0.4988 train_roc: 0.9855 train_ap: 0.9834 time: 0.2555s
INFO:root:Epoch: 0265 val_loss: 0.9356 val_roc: 0.8864 val_ap: 0.8933
INFO:root:Epoch: 0270 lr: 0.01 train_loss: 0.4545 train_roc: 0.9847 train_ap: 0.9806 time: 0.2548s
INFO:root:Epoch: 0270 val_loss: 0.9688 val_roc: 0.8862 val_ap: 0.8928
INFO:root:Epoch: 0275 lr: 0.01 train_loss: 0.4739 train_roc: 0.9861 train_ap: 0.9827 time: 0.2699s
INFO:root:Epoch: 0275 val_loss: 0.9732 val_roc: 0.8866 val_ap: 0.8927
INFO:root:Epoch: 0280 lr: 0.01 train_loss: 0.5080 train_roc: 0.9849 train_ap: 0.9814 time: 0.2595s
INFO:root:Epoch: 0280 val_loss: 0.9421 val_roc: 0.8861 val_ap: 0.8917
INFO:root:Epoch: 0285 lr: 0.01 train_loss: 0.4469 train_roc: 0.9857 train_ap: 0.9811 time: 0.2557s
INFO:root:Epoch: 0285 val_loss: 0.9551 val_roc: 0.8834 val_ap: 0.8894
INFO:root:Epoch: 0290 lr: 0.01 train_loss: 0.4805 train_roc: 0.9857 train_ap: 0.9828 time: 0.2550s
INFO:root:Epoch: 0290 val_loss: 0.9543 val_roc: 0.8826 val_ap: 0.8885
INFO:root:Epoch: 0295 lr: 0.01 train_loss: 0.4159 train_roc: 0.9837 train_ap: 0.9800 time: 0.2577s
INFO:root:Epoch: 0295 val_loss: 0.9728 val_roc: 0.8822 val_ap: 0.8868
INFO:root:Epoch: 0300 lr: 0.01 train_loss: 0.4279 train_roc: 0.9834 train_ap: 0.9801 time: 0.2578s
INFO:root:Epoch: 0300 val_loss: 0.9642 val_roc: 0.8826 val_ap: 0.8871
INFO:root:Epoch: 0305 lr: 0.01 train_loss: 0.4179 train_roc: 0.9850 train_ap: 0.9795 time: 0.2617s
INFO:root:Epoch: 0305 val_loss: 0.9598 val_roc: 0.8829 val_ap: 0.8892
INFO:root:Epoch: 0310 lr: 0.01 train_loss: 0.4303 train_roc: 0.9829 train_ap: 0.9793 time: 0.2563s
INFO:root:Epoch: 0310 val_loss: 0.9959 val_roc: 0.8827 val_ap: 0.8896
INFO:root:Epoch: 0315 lr: 0.01 train_loss: 0.4511 train_roc: 0.9825 train_ap: 0.9810 time: 0.2589s
INFO:root:Epoch: 0315 val_loss: 0.9567 val_roc: 0.8825 val_ap: 0.8911
INFO:root:Epoch: 0320 lr: 0.01 train_loss: 0.4357 train_roc: 0.9871 train_ap: 0.9843 time: 0.2553s
INFO:root:Epoch: 0320 val_loss: 0.9586 val_roc: 0.8816 val_ap: 0.8907
INFO:root:Epoch: 0325 lr: 0.01 train_loss: 0.4441 train_roc: 0.9858 train_ap: 0.9817 time: 0.2571s
INFO:root:Epoch: 0325 val_loss: 0.9640 val_roc: 0.8815 val_ap: 0.8901
INFO:root:Epoch: 0330 lr: 0.01 train_loss: 0.4302 train_roc: 0.9831 train_ap: 0.9771 time: 0.2608s
INFO:root:Epoch: 0330 val_loss: 0.9639 val_roc: 0.8800 val_ap: 0.8892
INFO:root:Epoch: 0335 lr: 0.01 train_loss: 0.4830 train_roc: 0.9804 train_ap: 0.9766 time: 0.2688s
INFO:root:Epoch: 0335 val_loss: 0.9665 val_roc: 0.8797 val_ap: 0.8897
INFO:root:Early stopping
INFO:root:Optimization Finished!
INFO:root:Total time elapsed: 140.5402s
INFO:root:Val set results: val_loss: 0.9170 val_roc: 0.8876 val_ap: 0.8930
INFO:root:Test set results: test_loss: 0.8460 test_roc: 0.9008 test_ap: 0.8933
