INFO:root:Using: cpu
INFO:root:Using seed 1234.
INFO:root:LPModel(
  (encoder): HypGCN(
    (layers): Sequential(
      (0): HyperbolicGraphConvolution(
        (linear): HypLinear(in_features=1433, out_features=32, c=tensor([1.]))
        (agg): HypAgg(c=tensor([1.]), use_att=0)
        (hyp_act): HypAct(c_in=tensor([1.]), c_out=tensor([1.]))
      )
      (1): HyperbolicGraphConvolution(
        (linear): HypLinear(in_features=32, out_features=32, c=tensor([1.]))
        (agg): HypAgg(c=tensor([1.]), use_att=0)
        (hyp_act): HypAct(c_in=tensor([1.]), c_out=tensor([1.]))
      )
    )
  )
  (dc): FermiDiracDecoder()
)
INFO:root:Total number of parameters: 46944
INFO:root:Epoch: 0005 lr: 0.01 train_loss: 2.2496 train_roc: 0.9669 train_ap: 0.9671 time: 0.2572s
INFO:root:Epoch: 0005 val_loss: 2.2521 val_roc: 0.7972 val_ap: 0.8198
INFO:root:Epoch: 0010 lr: 0.01 train_loss: 2.2451 train_roc: 0.9648 train_ap: 0.9663 time: 0.2557s
INFO:root:Epoch: 0010 val_loss: 2.2485 val_roc: 0.8255 val_ap: 0.8411
INFO:root:Epoch: 0015 lr: 0.01 train_loss: 2.2316 train_roc: 0.9624 train_ap: 0.9660 time: 0.2528s
INFO:root:Epoch: 0015 val_loss: 2.2376 val_roc: 0.8382 val_ap: 0.8522
INFO:root:Epoch: 0020 lr: 0.01 train_loss: 2.1769 train_roc: 0.9609 train_ap: 0.9597 time: 0.2707s
INFO:root:Epoch: 0020 val_loss: 2.2082 val_roc: 0.8401 val_ap: 0.8513
INFO:root:Epoch: 0025 lr: 0.01 train_loss: 2.1225 train_roc: 0.9635 train_ap: 0.9614 time: 0.2546s
INFO:root:Epoch: 0025 val_loss: 2.1347 val_roc: 0.8438 val_ap: 0.8523
INFO:root:Epoch: 0030 lr: 0.01 train_loss: 1.9195 train_roc: 0.9622 train_ap: 0.9597 time: 0.4252s
INFO:root:Epoch: 0030 val_loss: 1.9653 val_roc: 0.8491 val_ap: 0.8521
INFO:root:Epoch: 0035 lr: 0.01 train_loss: 1.6610 train_roc: 0.9660 train_ap: 0.9654 time: 0.2674s
INFO:root:Epoch: 0035 val_loss: 1.6282 val_roc: 0.8509 val_ap: 0.8481
INFO:root:Epoch: 0040 lr: 0.01 train_loss: 1.1028 train_roc: 0.9663 train_ap: 0.9642 time: 0.2613s
INFO:root:Epoch: 0040 val_loss: 1.1917 val_roc: 0.8537 val_ap: 0.8477
INFO:root:Epoch: 0045 lr: 0.01 train_loss: 0.6961 train_roc: 0.9612 train_ap: 0.9616 time: 0.2659s
INFO:root:Epoch: 0045 val_loss: 1.1396 val_roc: 0.8535 val_ap: 0.8515
INFO:root:Epoch: 0050 lr: 0.01 train_loss: 0.8601 train_roc: 0.9416 train_ap: 0.9441 time: 0.2609s
INFO:root:Epoch: 0050 val_loss: 1.2833 val_roc: 0.8608 val_ap: 0.8602
INFO:root:Epoch: 0055 lr: 0.01 train_loss: 0.5666 train_roc: 0.9683 train_ap: 0.9655 time: 0.2627s
INFO:root:Epoch: 0055 val_loss: 1.0476 val_roc: 0.8749 val_ap: 0.8725
INFO:root:Epoch: 0060 lr: 0.01 train_loss: 0.6665 train_roc: 0.9656 train_ap: 0.9643 time: 0.2589s
INFO:root:Epoch: 0060 val_loss: 1.0172 val_roc: 0.8789 val_ap: 0.8770
INFO:root:Epoch: 0065 lr: 0.01 train_loss: 0.5811 train_roc: 0.9647 train_ap: 0.9620 time: 0.2574s
INFO:root:Epoch: 0065 val_loss: 1.0408 val_roc: 0.8802 val_ap: 0.8815
INFO:root:Epoch: 0070 lr: 0.01 train_loss: 0.5651 train_roc: 0.9706 train_ap: 0.9695 time: 0.2603s
INFO:root:Epoch: 0070 val_loss: 1.0530 val_roc: 0.8812 val_ap: 0.8843
INFO:root:Epoch: 0075 lr: 0.01 train_loss: 0.5631 train_roc: 0.9693 train_ap: 0.9626 time: 0.2702s
INFO:root:Epoch: 0075 val_loss: 1.0579 val_roc: 0.8830 val_ap: 0.8861
INFO:root:Epoch: 0080 lr: 0.01 train_loss: 0.5013 train_roc: 0.9738 train_ap: 0.9717 time: 0.2601s
INFO:root:Epoch: 0080 val_loss: 1.0504 val_roc: 0.8844 val_ap: 0.8856
INFO:root:Epoch: 0085 lr: 0.01 train_loss: 0.5075 train_roc: 0.9746 train_ap: 0.9727 time: 0.2596s
INFO:root:Epoch: 0085 val_loss: 1.0388 val_roc: 0.8859 val_ap: 0.8876
INFO:root:Epoch: 0090 lr: 0.01 train_loss: 0.4869 train_roc: 0.9787 train_ap: 0.9734 time: 0.2664s
INFO:root:Epoch: 0090 val_loss: 1.0515 val_roc: 0.8862 val_ap: 0.8887
INFO:root:Epoch: 0095 lr: 0.01 train_loss: 0.5310 train_roc: 0.9733 train_ap: 0.9713 time: 0.2557s
INFO:root:Epoch: 0095 val_loss: 1.0552 val_roc: 0.8872 val_ap: 0.8903
INFO:root:Epoch: 0100 lr: 0.01 train_loss: 0.4970 train_roc: 0.9753 train_ap: 0.9731 time: 0.2528s
INFO:root:Epoch: 0100 val_loss: 1.0514 val_roc: 0.8879 val_ap: 0.8930
INFO:root:Epoch: 0105 lr: 0.01 train_loss: 0.4880 train_roc: 0.9759 train_ap: 0.9715 time: 0.2558s
INFO:root:Epoch: 0105 val_loss: 1.0523 val_roc: 0.8885 val_ap: 0.8945
INFO:root:Epoch: 0110 lr: 0.01 train_loss: 0.4764 train_roc: 0.9797 train_ap: 0.9757 time: 0.2526s
INFO:root:Epoch: 0110 val_loss: 1.0735 val_roc: 0.8886 val_ap: 0.8954
INFO:root:Epoch: 0115 lr: 0.01 train_loss: 0.4558 train_roc: 0.9816 train_ap: 0.9793 time: 0.2553s
INFO:root:Epoch: 0115 val_loss: 1.0524 val_roc: 0.8889 val_ap: 0.8961
INFO:root:Epoch: 0120 lr: 0.01 train_loss: 0.4494 train_roc: 0.9804 train_ap: 0.9761 time: 0.2594s
INFO:root:Epoch: 0120 val_loss: 1.0191 val_roc: 0.8910 val_ap: 0.8986
INFO:root:Epoch: 0125 lr: 0.01 train_loss: 0.4809 train_roc: 0.9773 train_ap: 0.9725 time: 0.2540s
INFO:root:Epoch: 0125 val_loss: 1.0067 val_roc: 0.8919 val_ap: 0.9002
INFO:root:Epoch: 0130 lr: 0.01 train_loss: 0.5758 train_roc: 0.9828 train_ap: 0.9827 time: 0.2547s
INFO:root:Epoch: 0130 val_loss: 1.0180 val_roc: 0.8910 val_ap: 0.8984
INFO:root:Epoch: 0135 lr: 0.01 train_loss: 0.4502 train_roc: 0.9818 train_ap: 0.9783 time: 0.2580s
INFO:root:Epoch: 0135 val_loss: 1.0522 val_roc: 0.8894 val_ap: 0.8972
INFO:root:Epoch: 0140 lr: 0.01 train_loss: 0.4422 train_roc: 0.9834 train_ap: 0.9815 time: 0.2628s
INFO:root:Epoch: 0140 val_loss: 1.0959 val_roc: 0.8896 val_ap: 0.8967
INFO:root:Epoch: 0145 lr: 0.01 train_loss: 0.4832 train_roc: 0.9793 train_ap: 0.9761 time: 0.2911s
INFO:root:Epoch: 0145 val_loss: 1.0287 val_roc: 0.8922 val_ap: 0.8992
INFO:root:Epoch: 0150 lr: 0.01 train_loss: 0.4821 train_roc: 0.9794 train_ap: 0.9759 time: 0.2536s
INFO:root:Epoch: 0150 val_loss: 0.9910 val_roc: 0.8937 val_ap: 0.9007
INFO:root:Epoch: 0155 lr: 0.01 train_loss: 0.4527 train_roc: 0.9858 train_ap: 0.9835 time: 0.2546s
INFO:root:Epoch: 0155 val_loss: 1.0050 val_roc: 0.8925 val_ap: 0.9000
INFO:root:Epoch: 0160 lr: 0.01 train_loss: 0.4616 train_roc: 0.9840 train_ap: 0.9813 time: 0.2553s
INFO:root:Epoch: 0160 val_loss: 1.0527 val_roc: 0.8913 val_ap: 0.9000
INFO:root:Epoch: 0165 lr: 0.01 train_loss: 0.4488 train_roc: 0.9820 train_ap: 0.9789 time: 0.2559s
INFO:root:Epoch: 0165 val_loss: 1.0606 val_roc: 0.8914 val_ap: 0.9003
INFO:root:Epoch: 0170 lr: 0.01 train_loss: 0.4379 train_roc: 0.9837 train_ap: 0.9817 time: 0.2666s
INFO:root:Epoch: 0170 val_loss: 1.0297 val_roc: 0.8938 val_ap: 0.9030
INFO:root:Epoch: 0175 lr: 0.01 train_loss: 0.5250 train_roc: 0.9847 train_ap: 0.9816 time: 0.2586s
INFO:root:Epoch: 0175 val_loss: 1.0161 val_roc: 0.8949 val_ap: 0.9044
INFO:root:Epoch: 0180 lr: 0.01 train_loss: 0.4274 train_roc: 0.9842 train_ap: 0.9805 time: 0.2596s
INFO:root:Epoch: 0180 val_loss: 1.0147 val_roc: 0.8949 val_ap: 0.9044
INFO:root:Epoch: 0185 lr: 0.01 train_loss: 0.4504 train_roc: 0.9865 train_ap: 0.9815 time: 0.2674s
INFO:root:Epoch: 0185 val_loss: 0.9996 val_roc: 0.8950 val_ap: 0.9047
INFO:root:Epoch: 0190 lr: 0.01 train_loss: 0.4585 train_roc: 0.9850 train_ap: 0.9805 time: 0.2603s
INFO:root:Epoch: 0190 val_loss: 1.0159 val_roc: 0.8940 val_ap: 0.9043
INFO:root:Epoch: 0195 lr: 0.01 train_loss: 0.4173 train_roc: 0.9872 train_ap: 0.9841 time: 0.2639s
INFO:root:Epoch: 0195 val_loss: 1.0413 val_roc: 0.8927 val_ap: 0.9030
INFO:root:Epoch: 0200 lr: 0.01 train_loss: 0.4630 train_roc: 0.9816 train_ap: 0.9787 time: 0.2683s
INFO:root:Epoch: 0200 val_loss: 1.0309 val_roc: 0.8937 val_ap: 0.9042
INFO:root:Epoch: 0205 lr: 0.01 train_loss: 0.4459 train_roc: 0.9839 train_ap: 0.9795 time: 0.2561s
INFO:root:Epoch: 0205 val_loss: 0.9867 val_roc: 0.8959 val_ap: 0.9074
INFO:root:Epoch: 0210 lr: 0.01 train_loss: 0.4528 train_roc: 0.9887 train_ap: 0.9862 time: 0.2577s
INFO:root:Epoch: 0210 val_loss: 0.9936 val_roc: 0.8950 val_ap: 0.9074
INFO:root:Epoch: 0215 lr: 0.01 train_loss: 0.4075 train_roc: 0.9888 train_ap: 0.9859 time: 0.2567s
INFO:root:Epoch: 0215 val_loss: 1.0058 val_roc: 0.8947 val_ap: 0.9081
INFO:root:Epoch: 0220 lr: 0.01 train_loss: 0.4686 train_roc: 0.9849 train_ap: 0.9810 time: 0.2566s
INFO:root:Epoch: 0220 val_loss: 1.0376 val_roc: 0.8941 val_ap: 0.9083
INFO:root:Epoch: 0225 lr: 0.01 train_loss: 0.4103 train_roc: 0.9883 train_ap: 0.9832 time: 0.2587s
INFO:root:Epoch: 0225 val_loss: 1.0275 val_roc: 0.8939 val_ap: 0.9083
INFO:root:Epoch: 0230 lr: 0.01 train_loss: 0.4090 train_roc: 0.9871 train_ap: 0.9848 time: 0.2581s
INFO:root:Epoch: 0230 val_loss: 1.0206 val_roc: 0.8944 val_ap: 0.9091
INFO:root:Epoch: 0235 lr: 0.01 train_loss: 0.4091 train_roc: 0.9892 train_ap: 0.9891 time: 0.2558s
INFO:root:Epoch: 0235 val_loss: 0.9950 val_roc: 0.8954 val_ap: 0.9096
INFO:root:Epoch: 0240 lr: 0.01 train_loss: 0.4097 train_roc: 0.9888 train_ap: 0.9866 time: 0.2548s
INFO:root:Epoch: 0240 val_loss: 0.9845 val_roc: 0.8952 val_ap: 0.9088
INFO:root:Epoch: 0245 lr: 0.01 train_loss: 0.4302 train_roc: 0.9892 train_ap: 0.9881 time: 0.2572s
INFO:root:Epoch: 0245 val_loss: 0.9843 val_roc: 0.8946 val_ap: 0.9076
INFO:root:Epoch: 0250 lr: 0.01 train_loss: 0.4575 train_roc: 0.9903 train_ap: 0.9874 time: 0.2603s
INFO:root:Epoch: 0250 val_loss: 1.0162 val_roc: 0.8936 val_ap: 0.9058
INFO:root:Epoch: 0255 lr: 0.01 train_loss: 0.4475 train_roc: 0.9898 train_ap: 0.9875 time: 0.2583s
INFO:root:Epoch: 0255 val_loss: 0.9907 val_roc: 0.8926 val_ap: 0.9045
INFO:root:Epoch: 0260 lr: 0.01 train_loss: 0.5375 train_roc: 0.9836 train_ap: 0.9805 time: 0.2574s
INFO:root:Epoch: 0260 val_loss: 0.9993 val_roc: 0.8898 val_ap: 0.9015
INFO:root:Epoch: 0265 lr: 0.01 train_loss: 0.5064 train_roc: 0.9887 train_ap: 0.9873 time: 0.2554s
INFO:root:Epoch: 0265 val_loss: 1.0190 val_roc: 0.8880 val_ap: 0.9001
INFO:root:Epoch: 0270 lr: 0.01 train_loss: 0.4232 train_roc: 0.9882 train_ap: 0.9850 time: 0.2590s
INFO:root:Epoch: 0270 val_loss: 1.0338 val_roc: 0.8909 val_ap: 0.9037
INFO:root:Epoch: 0275 lr: 0.01 train_loss: 0.4671 train_roc: 0.9902 train_ap: 0.9874 time: 0.2567s
INFO:root:Epoch: 0275 val_loss: 0.9908 val_roc: 0.8956 val_ap: 0.9080
INFO:root:Epoch: 0280 lr: 0.01 train_loss: 0.5112 train_roc: 0.9873 train_ap: 0.9848 time: 0.2904s
INFO:root:Epoch: 0280 val_loss: 0.9655 val_roc: 0.8965 val_ap: 0.9100
INFO:root:Epoch: 0285 lr: 0.01 train_loss: 0.4254 train_roc: 0.9880 train_ap: 0.9838 time: 0.2668s
INFO:root:Epoch: 0285 val_loss: 0.9726 val_roc: 0.8967 val_ap: 0.9111
INFO:root:Epoch: 0290 lr: 0.01 train_loss: 0.4156 train_roc: 0.9888 train_ap: 0.9869 time: 0.2639s
INFO:root:Epoch: 0290 val_loss: 0.9869 val_roc: 0.8962 val_ap: 0.9113
INFO:root:Epoch: 0295 lr: 0.01 train_loss: 0.3936 train_roc: 0.9900 train_ap: 0.9877 time: 0.2583s
INFO:root:Epoch: 0295 val_loss: 1.0070 val_roc: 0.8960 val_ap: 0.9108
INFO:root:Epoch: 0300 lr: 0.01 train_loss: 0.3928 train_roc: 0.9892 train_ap: 0.9874 time: 0.2608s
INFO:root:Epoch: 0300 val_loss: 1.0098 val_roc: 0.8958 val_ap: 0.9104
INFO:root:Epoch: 0305 lr: 0.01 train_loss: 0.3904 train_roc: 0.9902 train_ap: 0.9869 time: 0.2546s
INFO:root:Epoch: 0305 val_loss: 1.0077 val_roc: 0.8947 val_ap: 0.9094
INFO:root:Epoch: 0310 lr: 0.01 train_loss: 0.4058 train_roc: 0.9875 train_ap: 0.9842 time: 0.2691s
INFO:root:Epoch: 0310 val_loss: 1.0142 val_roc: 0.8959 val_ap: 0.9096
INFO:root:Epoch: 0315 lr: 0.01 train_loss: 0.4288 train_roc: 0.9892 train_ap: 0.9884 time: 0.2570s
INFO:root:Epoch: 0315 val_loss: 0.9891 val_roc: 0.8956 val_ap: 0.9093
INFO:root:Epoch: 0320 lr: 0.01 train_loss: 0.3923 train_roc: 0.9887 train_ap: 0.9858 time: 0.2552s
INFO:root:Epoch: 0320 val_loss: 0.9948 val_roc: 0.8957 val_ap: 0.9090
INFO:root:Epoch: 0325 lr: 0.01 train_loss: 0.4159 train_roc: 0.9888 train_ap: 0.9854 time: 0.2713s
INFO:root:Epoch: 0325 val_loss: 1.0008 val_roc: 0.8953 val_ap: 0.9082
INFO:root:Epoch: 0330 lr: 0.01 train_loss: 0.3996 train_roc: 0.9882 train_ap: 0.9832 time: 0.2557s
INFO:root:Epoch: 0330 val_loss: 1.0099 val_roc: 0.8914 val_ap: 0.9038
INFO:root:Epoch: 0335 lr: 0.01 train_loss: 0.3988 train_roc: 0.9879 train_ap: 0.9838 time: 0.2568s
INFO:root:Epoch: 0335 val_loss: 1.0162 val_roc: 0.8893 val_ap: 0.9011
INFO:root:Epoch: 0340 lr: 0.01 train_loss: 0.4450 train_roc: 0.9816 train_ap: 0.9758 time: 0.2901s
INFO:root:Epoch: 0340 val_loss: 1.0181 val_roc: 0.8893 val_ap: 0.9010
INFO:root:Epoch: 0345 lr: 0.01 train_loss: 0.3972 train_roc: 0.9889 train_ap: 0.9841 time: 0.2575s
INFO:root:Epoch: 0345 val_loss: 1.0536 val_roc: 0.8885 val_ap: 0.8998
INFO:root:Epoch: 0350 lr: 0.01 train_loss: 0.4187 train_roc: 0.9888 train_ap: 0.9849 time: 0.2569s
INFO:root:Epoch: 0350 val_loss: 1.0337 val_roc: 0.8887 val_ap: 0.9001
INFO:root:Epoch: 0355 lr: 0.01 train_loss: 0.4486 train_roc: 0.9904 train_ap: 0.9867 time: 0.2551s
INFO:root:Epoch: 0355 val_loss: 1.0125 val_roc: 0.8874 val_ap: 0.8999
INFO:root:Epoch: 0360 lr: 0.01 train_loss: 0.3966 train_roc: 0.9903 train_ap: 0.9867 time: 0.2535s
INFO:root:Epoch: 0360 val_loss: 1.0245 val_roc: 0.8887 val_ap: 0.9006
INFO:root:Epoch: 0365 lr: 0.01 train_loss: 0.4572 train_roc: 0.9895 train_ap: 0.9855 time: 0.2545s
INFO:root:Epoch: 0365 val_loss: 1.0102 val_roc: 0.8897 val_ap: 0.9016
INFO:root:Epoch: 0370 lr: 0.01 train_loss: 0.4836 train_roc: 0.9902 train_ap: 0.9873 time: 0.2548s
INFO:root:Epoch: 0370 val_loss: 1.0040 val_roc: 0.8904 val_ap: 0.9025
INFO:root:Epoch: 0375 lr: 0.01 train_loss: 0.4080 train_roc: 0.9886 train_ap: 0.9862 time: 0.2596s
INFO:root:Epoch: 0375 val_loss: 1.0065 val_roc: 0.8893 val_ap: 0.9016
INFO:root:Epoch: 0380 lr: 0.01 train_loss: 0.4196 train_roc: 0.9890 train_ap: 0.9852 time: 0.2605s
INFO:root:Epoch: 0380 val_loss: 1.0063 val_roc: 0.8898 val_ap: 0.9016
INFO:root:Epoch: 0385 lr: 0.01 train_loss: 0.4363 train_roc: 0.9882 train_ap: 0.9876 time: 0.2830s
INFO:root:Epoch: 0385 val_loss: 1.0378 val_roc: 0.8918 val_ap: 0.9024
INFO:root:Early stopping
INFO:root:Optimization Finished!
INFO:root:Total time elapsed: 159.1468s
INFO:root:Val set results: val_loss: 0.9776 val_roc: 0.8965 val_ap: 0.9115
INFO:root:Test set results: test_loss: 0.9640 test_roc: 0.8809 test_ap: 0.8832
