INFO:root:Using: cpu
INFO:root:Using seed 1234.
INFO:root:LPModel(
  (encoder): HypGCN(
    (layers): Sequential(
      (0): HyperbolicGraphConvolution(
        (linear): HypLinear(in_features=1433, out_features=4, c=tensor([1.]))
        (agg): HypAgg(c=tensor([1.]), use_att=0)
        (hyp_act): HypAct(c_in=tensor([1.]), c_out=tensor([1.]))
      )
      (1): HyperbolicGraphConvolution(
        (linear): HypLinear(in_features=4, out_features=4, c=tensor([1.]))
        (agg): HypAgg(c=tensor([1.]), use_att=0)
        (hyp_act): HypAct(c_in=tensor([1.]), c_out=tensor([1.]))
      )
    )
  )
  (dc): FermiDiracDecoder()
)
INFO:root:Total number of parameters: 5756
INFO:root:Epoch: 0005 lr: 0.01 train_loss: 2.2533 train_roc: 0.8107 train_ap: 0.7701 time: 0.2863s
INFO:root:Epoch: 0005 val_loss: 2.2537 val_roc: 0.6592 val_ap: 0.6449
INFO:root:Epoch: 0010 lr: 0.01 train_loss: 2.2531 train_roc: 0.7736 train_ap: 0.7203 time: 0.2736s
INFO:root:Epoch: 0010 val_loss: 2.2536 val_roc: 0.7262 val_ap: 0.7304
INFO:root:Epoch: 0015 lr: 0.01 train_loss: 2.2537 train_roc: 0.8077 train_ap: 0.7565 time: 0.2761s
INFO:root:Epoch: 0015 val_loss: 2.2534 val_roc: 0.7445 val_ap: 0.7508
INFO:root:Epoch: 0020 lr: 0.01 train_loss: 2.2486 train_roc: 0.8682 train_ap: 0.8525 time: 0.2776s
INFO:root:Epoch: 0020 val_loss: 2.2530 val_roc: 0.7587 val_ap: 0.7518
INFO:root:Epoch: 0025 lr: 0.01 train_loss: 2.2503 train_roc: 0.8156 train_ap: 0.7659 time: 0.2757s
INFO:root:Epoch: 0025 val_loss: 2.2520 val_roc: 0.7619 val_ap: 0.7428
INFO:root:Epoch: 0030 lr: 0.01 train_loss: 2.2521 train_roc: 0.8283 train_ap: 0.7801 time: 0.2749s
INFO:root:Epoch: 0030 val_loss: 2.2504 val_roc: 0.7599 val_ap: 0.7282
INFO:root:Epoch: 0035 lr: 0.01 train_loss: 2.2461 train_roc: 0.8207 train_ap: 0.7755 time: 0.2872s
INFO:root:Epoch: 0035 val_loss: 2.2483 val_roc: 0.7667 val_ap: 0.7402
INFO:root:Epoch: 0040 lr: 0.01 train_loss: 2.2294 train_roc: 0.8339 train_ap: 0.7853 time: 0.2741s
INFO:root:Epoch: 0040 val_loss: 2.2455 val_roc: 0.7700 val_ap: 0.7427
INFO:root:Epoch: 0045 lr: 0.01 train_loss: 2.2467 train_roc: 0.8345 train_ap: 0.7952 time: 0.2915s
INFO:root:Epoch: 0045 val_loss: 2.2408 val_roc: 0.7738 val_ap: 0.7514
INFO:root:Epoch: 0050 lr: 0.01 train_loss: 2.2277 train_roc: 0.8208 train_ap: 0.7769 time: 0.2771s
INFO:root:Epoch: 0050 val_loss: 2.2350 val_roc: 0.7778 val_ap: 0.7604
INFO:root:Epoch: 0055 lr: 0.01 train_loss: 2.2051 train_roc: 0.8307 train_ap: 0.7867 time: 0.2837s
INFO:root:Epoch: 0055 val_loss: 2.2269 val_roc: 0.7796 val_ap: 0.7636
INFO:root:Epoch: 0060 lr: 0.01 train_loss: 2.0924 train_roc: 0.8429 train_ap: 0.7981 time: 0.2751s
INFO:root:Epoch: 0060 val_loss: 2.2127 val_roc: 0.7826 val_ap: 0.7670
INFO:root:Epoch: 0065 lr: 0.01 train_loss: 2.1225 train_roc: 0.8403 train_ap: 0.7955 time: 0.2889s
INFO:root:Epoch: 0065 val_loss: 2.1910 val_roc: 0.7843 val_ap: 0.7698
INFO:root:Epoch: 0070 lr: 0.01 train_loss: 1.9897 train_roc: 0.8497 train_ap: 0.8012 time: 0.2819s
INFO:root:Epoch: 0070 val_loss: 2.1608 val_roc: 0.7857 val_ap: 0.7684
INFO:root:Epoch: 0075 lr: 0.01 train_loss: 1.7006 train_roc: 0.8831 train_ap: 0.8636 time: 0.2746s
INFO:root:Epoch: 0075 val_loss: 2.1233 val_roc: 0.7851 val_ap: 0.7679
INFO:root:Epoch: 0080 lr: 0.01 train_loss: 1.7347 train_roc: 0.8492 train_ap: 0.8042 time: 0.2796s
INFO:root:Epoch: 0080 val_loss: 2.0721 val_roc: 0.7843 val_ap: 0.7675
INFO:root:Epoch: 0085 lr: 0.01 train_loss: 2.2539 train_roc: 0.5000 train_ap: 0.5000 time: 0.2742s
INFO:root:Epoch: 0085 val_loss: 2.0087 val_roc: 0.7842 val_ap: 0.7700
INFO:root:Epoch: 0090 lr: 0.01 train_loss: 2.2539 train_roc: 0.5000 train_ap: 0.5000 time: 0.2765s
INFO:root:Epoch: 0090 val_loss: 1.9420 val_roc: 0.7847 val_ap: 0.7690
INFO:root:Epoch: 0095 lr: 0.01 train_loss: 1.4310 train_roc: 0.8416 train_ap: 0.7978 time: 0.2752s
INFO:root:Epoch: 0095 val_loss: 1.8698 val_roc: 0.7835 val_ap: 0.7652
INFO:root:Epoch: 0100 lr: 0.01 train_loss: 1.6771 train_roc: 0.8352 train_ap: 0.7903 time: 0.2778s
INFO:root:Epoch: 0100 val_loss: 1.7980 val_roc: 0.7830 val_ap: 0.7620
INFO:root:Epoch: 0105 lr: 0.01 train_loss: 1.3824 train_roc: 0.9104 train_ap: 0.8920 time: 0.2751s
INFO:root:Epoch: 0105 val_loss: 1.7309 val_roc: 0.7834 val_ap: 0.7664
INFO:root:Epoch: 0110 lr: 0.01 train_loss: 2.2508 train_roc: 0.8405 train_ap: 0.7920 time: 0.2765s
INFO:root:Epoch: 0110 val_loss: 1.6659 val_roc: 0.7843 val_ap: 0.7668
INFO:root:Epoch: 0115 lr: 0.01 train_loss: 2.2539 train_roc: 0.5000 train_ap: 0.5000 time: 0.2772s
INFO:root:Epoch: 0115 val_loss: 1.6061 val_roc: 0.7844 val_ap: 0.7665
INFO:root:Epoch: 0120 lr: 0.01 train_loss: 1.9475 train_roc: 0.8411 train_ap: 0.7912 time: 0.2766s
INFO:root:Epoch: 0120 val_loss: 1.5512 val_roc: 0.7842 val_ap: 0.7673
INFO:root:Epoch: 0125 lr: 0.01 train_loss: 1.6650 train_roc: 0.8599 train_ap: 0.8106 time: 0.2755s
INFO:root:Epoch: 0125 val_loss: 1.5040 val_roc: 0.7844 val_ap: 0.7683
INFO:root:Epoch: 0130 lr: 0.01 train_loss: 1.8069 train_roc: 0.8374 train_ap: 0.7925 time: 0.2914s
INFO:root:Epoch: 0130 val_loss: 1.4730 val_roc: 0.7844 val_ap: 0.7689
INFO:root:Epoch: 0135 lr: 0.01 train_loss: 0.9400 train_roc: 0.8709 train_ap: 0.8409 time: 0.2814s
INFO:root:Epoch: 0135 val_loss: 1.4480 val_roc: 0.7856 val_ap: 0.7710
INFO:root:Epoch: 0140 lr: 0.01 train_loss: 1.7429 train_roc: 0.8291 train_ap: 0.7815 time: 0.2866s
INFO:root:Epoch: 0140 val_loss: 1.4311 val_roc: 0.7854 val_ap: 0.7699
INFO:root:Epoch: 0145 lr: 0.01 train_loss: 0.9165 train_roc: 0.8785 train_ap: 0.8534 time: 0.2752s
INFO:root:Epoch: 0145 val_loss: 1.4194 val_roc: 0.7847 val_ap: 0.7669
INFO:root:Epoch: 0150 lr: 0.01 train_loss: 1.1546 train_roc: 0.8449 train_ap: 0.7959 time: 0.2839s
INFO:root:Epoch: 0150 val_loss: 1.4246 val_roc: 0.7837 val_ap: 0.7663
INFO:root:Epoch: 0155 lr: 0.01 train_loss: 0.9806 train_roc: 0.8593 train_ap: 0.8096 time: 0.2755s
INFO:root:Epoch: 0155 val_loss: 1.4385 val_roc: 0.7828 val_ap: 0.7651
INFO:root:Epoch: 0160 lr: 0.01 train_loss: 0.9941 train_roc: 0.8862 train_ap: 0.8682 time: 0.2968s
INFO:root:Epoch: 0160 val_loss: 1.4441 val_roc: 0.7819 val_ap: 0.7615
INFO:root:Epoch: 0165 lr: 0.01 train_loss: 1.1616 train_roc: 0.8724 train_ap: 0.8529 time: 0.2789s
INFO:root:Epoch: 0165 val_loss: 1.4448 val_roc: 0.7809 val_ap: 0.7607
INFO:root:Epoch: 0170 lr: 0.01 train_loss: 0.9972 train_roc: 0.8834 train_ap: 0.8724 time: 0.2881s
INFO:root:Epoch: 0170 val_loss: 1.4618 val_roc: 0.7812 val_ap: 0.7620
INFO:root:Epoch: 0175 lr: 0.01 train_loss: 1.0008 train_roc: 0.8838 train_ap: 0.8766 time: 0.2961s
INFO:root:Epoch: 0175 val_loss: 1.4760 val_roc: 0.7818 val_ap: 0.7621
INFO:root:Epoch: 0180 lr: 0.01 train_loss: 1.1160 train_roc: 0.8513 train_ap: 0.8063 time: 0.3027s
INFO:root:Epoch: 0180 val_loss: 1.4842 val_roc: 0.7820 val_ap: 0.7617
INFO:root:Epoch: 0185 lr: 0.01 train_loss: 1.0764 train_roc: 0.8699 train_ap: 0.8495 time: 0.2906s
INFO:root:Epoch: 0185 val_loss: 1.4864 val_roc: 0.7821 val_ap: 0.7616
INFO:root:Epoch: 0190 lr: 0.01 train_loss: 0.9893 train_roc: 0.8972 train_ap: 0.8799 time: 0.2784s
INFO:root:Epoch: 0190 val_loss: 1.4827 val_roc: 0.7830 val_ap: 0.7630
INFO:root:Epoch: 0195 lr: 0.01 train_loss: 1.1681 train_roc: 0.8515 train_ap: 0.8064 time: 0.2910s
INFO:root:Epoch: 0195 val_loss: 1.4783 val_roc: 0.7832 val_ap: 0.7630
INFO:root:Epoch: 0200 lr: 0.01 train_loss: 0.9047 train_roc: 0.8964 train_ap: 0.8817 time: 0.2864s
INFO:root:Epoch: 0200 val_loss: 1.4701 val_roc: 0.7831 val_ap: 0.7634
INFO:root:Epoch: 0205 lr: 0.01 train_loss: 1.0091 train_roc: 0.8551 train_ap: 0.8144 time: 0.2887s
INFO:root:Epoch: 0205 val_loss: 1.4643 val_roc: 0.7833 val_ap: 0.7654
INFO:root:Epoch: 0210 lr: 0.01 train_loss: 0.9295 train_roc: 0.9026 train_ap: 0.8873 time: 0.2790s
INFO:root:Epoch: 0210 val_loss: 1.4597 val_roc: 0.7829 val_ap: 0.7653
INFO:root:Epoch: 0215 lr: 0.01 train_loss: 1.0992 train_roc: 0.8771 train_ap: 0.8687 time: 0.2873s
INFO:root:Epoch: 0215 val_loss: 1.4595 val_roc: 0.7824 val_ap: 0.7639
INFO:root:Epoch: 0220 lr: 0.01 train_loss: 1.0601 train_roc: 0.8829 train_ap: 0.8651 time: 0.2952s
INFO:root:Epoch: 0220 val_loss: 1.4617 val_roc: 0.7822 val_ap: 0.7606
INFO:root:Epoch: 0225 lr: 0.01 train_loss: 1.0204 train_roc: 0.8558 train_ap: 0.8110 time: 0.2824s
INFO:root:Epoch: 0225 val_loss: 1.4633 val_roc: 0.7819 val_ap: 0.7570
INFO:root:Epoch: 0230 lr: 0.01 train_loss: 0.8804 train_roc: 0.8918 train_ap: 0.8753 time: 0.2826s
INFO:root:Epoch: 0230 val_loss: 1.4677 val_roc: 0.7827 val_ap: 0.7570
INFO:root:Epoch: 0235 lr: 0.01 train_loss: 1.3603 train_roc: 0.8476 train_ap: 0.8083 time: 0.2740s
INFO:root:Epoch: 0235 val_loss: 1.4686 val_roc: 0.7832 val_ap: 0.7548
INFO:root:Early stopping
INFO:root:Optimization Finished!
INFO:root:Total time elapsed: 114.2198s
INFO:root:Val set results: val_loss: 1.4480 val_roc: 0.7856 val_ap: 0.7710
INFO:root:Test set results: test_loss: 1.4333 test_roc: 0.7907 test_ap: 0.7746
