INFO:root:Using: cpu
INFO:root:Using seed 1234.
INFO:root:LPModel(
  (encoder): HypGCN(
    (layers): Sequential(
      (0): HyperbolicGraphConvolution(
        (linear): HypLinear(in_features=11, out_features=64, c=tensor([1.]))
        (agg): HypAgg(c=tensor([1.]), use_att=0)
        (hyp_act): HypAct(c_in=tensor([1.]), c_out=tensor([1.]))
      )
      (1): HyperbolicGraphConvolution(
        (linear): HypLinear(in_features=64, out_features=64, c=tensor([1.]))
        (agg): HypAgg(c=tensor([1.]), use_att=0)
        (hyp_act): HypAct(c_in=tensor([1.]), c_out=tensor([1.]))
      )
    )
  )
  (dc): FermiDiracDecoder()
)
INFO:root:Total number of parameters: 4928
INFO:root:Epoch: 0005 lr: 0.01 train_loss: 1.5931 train_roc: 0.8830 train_ap: 0.8850 time: 0.3141s
INFO:root:Epoch: 0005 val_loss: 2.3362 val_roc: 0.5024 val_ap: 0.5010
INFO:root:Epoch: 0010 lr: 0.01 train_loss: 1.3496 train_roc: 0.8930 train_ap: 0.8992 time: 0.3196s
INFO:root:Epoch: 0010 val_loss: 2.5724 val_roc: 0.4998 val_ap: 0.4996
INFO:root:Epoch: 0015 lr: 0.01 train_loss: 1.2687 train_roc: 0.8857 train_ap: 0.8923 time: 0.3339s
INFO:root:Epoch: 0015 val_loss: 3.0112 val_roc: 0.4991 val_ap: 0.4990
INFO:root:Epoch: 0020 lr: 0.01 train_loss: 1.3126 train_roc: 0.8770 train_ap: 0.8829 time: 0.3112s
INFO:root:Epoch: 0020 val_loss: 3.6516 val_roc: 0.4982 val_ap: 0.5001
INFO:root:Epoch: 0025 lr: 0.01 train_loss: 1.1107 train_roc: 0.8757 train_ap: 0.8896 time: 0.3117s
INFO:root:Epoch: 0025 val_loss: 4.3085 val_roc: 0.4947 val_ap: 0.4988
INFO:root:Epoch: 0030 lr: 0.01 train_loss: 1.0787 train_roc: 0.8784 train_ap: 0.8913 time: 0.3195s
INFO:root:Epoch: 0030 val_loss: 4.9058 val_roc: 0.4908 val_ap: 0.4980
INFO:root:Epoch: 0035 lr: 0.01 train_loss: 0.9823 train_roc: 0.9074 train_ap: 0.9149 time: 0.3140s
INFO:root:Epoch: 0035 val_loss: 5.4482 val_roc: 0.4860 val_ap: 0.4962
INFO:root:Epoch: 0040 lr: 0.01 train_loss: 0.9515 train_roc: 0.8991 train_ap: 0.9067 time: 0.3127s
INFO:root:Epoch: 0040 val_loss: 5.7527 val_roc: 0.4811 val_ap: 0.4965
INFO:root:Epoch: 0045 lr: 0.01 train_loss: 0.9102 train_roc: 0.9046 train_ap: 0.9126 time: 0.3235s
INFO:root:Epoch: 0045 val_loss: 5.6617 val_roc: 0.4778 val_ap: 0.4978
INFO:root:Epoch: 0050 lr: 0.01 train_loss: 0.9481 train_roc: 0.8962 train_ap: 0.9013 time: 0.3155s
INFO:root:Epoch: 0050 val_loss: 5.6367 val_roc: 0.4729 val_ap: 0.4975
INFO:root:Epoch: 0055 lr: 0.01 train_loss: 0.9705 train_roc: 0.8918 train_ap: 0.9035 time: 0.3140s
INFO:root:Epoch: 0055 val_loss: 5.5248 val_roc: 0.4682 val_ap: 0.4962
INFO:root:Epoch: 0060 lr: 0.01 train_loss: 0.9386 train_roc: 0.8968 train_ap: 0.9043 time: 0.3131s
INFO:root:Epoch: 0060 val_loss: 5.1040 val_roc: 0.4681 val_ap: 0.4977
INFO:root:Epoch: 0065 lr: 0.01 train_loss: 0.9418 train_roc: 0.9151 train_ap: 0.9186 time: 0.3169s
INFO:root:Epoch: 0065 val_loss: 4.6309 val_roc: 0.4701 val_ap: 0.5027
INFO:root:Epoch: 0070 lr: 0.01 train_loss: 0.8434 train_roc: 0.9210 train_ap: 0.9244 time: 0.3162s
INFO:root:Epoch: 0070 val_loss: 4.5263 val_roc: 0.4700 val_ap: 0.5035
INFO:root:Epoch: 0075 lr: 0.01 train_loss: 0.8717 train_roc: 0.9173 train_ap: 0.9216 time: 0.3267s
INFO:root:Epoch: 0075 val_loss: 4.6604 val_roc: 0.4675 val_ap: 0.5021
INFO:root:Epoch: 0080 lr: 0.01 train_loss: 0.8054 train_roc: 0.9255 train_ap: 0.9286 time: 0.3791s
INFO:root:Epoch: 0080 val_loss: 4.9042 val_roc: 0.4654 val_ap: 0.5002
INFO:root:Epoch: 0085 lr: 0.01 train_loss: 0.9698 train_roc: 0.9054 train_ap: 0.9109 time: 0.3149s
INFO:root:Epoch: 0085 val_loss: 4.9659 val_roc: 0.4635 val_ap: 0.4987
INFO:root:Epoch: 0090 lr: 0.01 train_loss: 0.8390 train_roc: 0.9222 train_ap: 0.9217 time: 0.3371s
INFO:root:Epoch: 0090 val_loss: 4.9398 val_roc: 0.4635 val_ap: 0.4984
INFO:root:Epoch: 0095 lr: 0.01 train_loss: 0.8241 train_roc: 0.9245 train_ap: 0.9310 time: 0.3207s
INFO:root:Epoch: 0095 val_loss: 5.2538 val_roc: 0.4617 val_ap: 0.4965
INFO:root:Epoch: 0100 lr: 0.01 train_loss: 0.8795 train_roc: 0.9185 train_ap: 0.9191 time: 0.3259s
INFO:root:Epoch: 0100 val_loss: 5.5650 val_roc: 0.4618 val_ap: 0.4954
INFO:root:Epoch: 0105 lr: 0.01 train_loss: 0.7733 train_roc: 0.9250 train_ap: 0.9234 time: 0.3304s
INFO:root:Epoch: 0105 val_loss: 5.6709 val_roc: 0.4616 val_ap: 0.4950
INFO:root:Epoch: 0110 lr: 0.01 train_loss: 0.7910 train_roc: 0.9309 train_ap: 0.9330 time: 0.3262s
INFO:root:Epoch: 0110 val_loss: 5.4631 val_roc: 0.4627 val_ap: 0.4949
INFO:root:Epoch: 0115 lr: 0.01 train_loss: 0.8345 train_roc: 0.9123 train_ap: 0.9170 time: 0.3236s
INFO:root:Epoch: 0115 val_loss: 5.1949 val_roc: 0.4644 val_ap: 0.4972
INFO:root:Epoch: 0120 lr: 0.01 train_loss: 0.8259 train_roc: 0.9331 train_ap: 0.9307 time: 0.3179s
INFO:root:Epoch: 0120 val_loss: 4.8014 val_roc: 0.4670 val_ap: 0.5008
INFO:root:Epoch: 0125 lr: 0.01 train_loss: 0.7316 train_roc: 0.9347 train_ap: 0.9354 time: 0.3123s
INFO:root:Epoch: 0125 val_loss: 4.6536 val_roc: 0.4689 val_ap: 0.5025
INFO:root:Epoch: 0130 lr: 0.01 train_loss: 0.7383 train_roc: 0.9321 train_ap: 0.9306 time: 0.3170s
INFO:root:Epoch: 0130 val_loss: 4.5827 val_roc: 0.4706 val_ap: 0.5028
INFO:root:Epoch: 0135 lr: 0.01 train_loss: 0.8120 train_roc: 0.9317 train_ap: 0.9262 time: 0.3215s
INFO:root:Epoch: 0135 val_loss: 4.8084 val_roc: 0.4696 val_ap: 0.5020
INFO:root:Epoch: 0140 lr: 0.01 train_loss: 0.7679 train_roc: 0.9284 train_ap: 0.9328 time: 0.3124s
INFO:root:Epoch: 0140 val_loss: 5.3146 val_roc: 0.4657 val_ap: 0.4996
INFO:root:Epoch: 0145 lr: 0.01 train_loss: 0.7590 train_roc: 0.9266 train_ap: 0.9279 time: 0.3145s
INFO:root:Epoch: 0145 val_loss: 5.7309 val_roc: 0.4640 val_ap: 0.4985
INFO:root:Epoch: 0150 lr: 0.01 train_loss: 0.7387 train_roc: 0.9314 train_ap: 0.9367 time: 0.3152s
INFO:root:Epoch: 0150 val_loss: 5.6065 val_roc: 0.4645 val_ap: 0.4988
INFO:root:Epoch: 0155 lr: 0.01 train_loss: 0.7687 train_roc: 0.9385 train_ap: 0.9402 time: 0.3151s
INFO:root:Epoch: 0155 val_loss: 4.8847 val_roc: 0.4693 val_ap: 0.5036
INFO:root:Epoch: 0160 lr: 0.01 train_loss: 0.7948 train_roc: 0.9222 train_ap: 0.9211 time: 0.3129s
INFO:root:Epoch: 0160 val_loss: 4.6485 val_roc: 0.4696 val_ap: 0.5038
INFO:root:Epoch: 0165 lr: 0.01 train_loss: 0.7609 train_roc: 0.9280 train_ap: 0.9289 time: 0.3201s
INFO:root:Epoch: 0165 val_loss: 4.4180 val_roc: 0.4689 val_ap: 0.5037
INFO:root:Epoch: 0170 lr: 0.01 train_loss: 0.8321 train_roc: 0.9271 train_ap: 0.9312 time: 0.3159s
INFO:root:Epoch: 0170 val_loss: 4.3852 val_roc: 0.4692 val_ap: 0.5031
INFO:root:Epoch: 0175 lr: 0.01 train_loss: 0.7805 train_roc: 0.9191 train_ap: 0.9117 time: 0.3126s
INFO:root:Epoch: 0175 val_loss: 4.5074 val_roc: 0.4666 val_ap: 0.5006
INFO:root:Epoch: 0180 lr: 0.01 train_loss: 0.7964 train_roc: 0.9290 train_ap: 0.9260 time: 0.3527s
INFO:root:Epoch: 0180 val_loss: 4.6399 val_roc: 0.4640 val_ap: 0.4975
INFO:root:Epoch: 0185 lr: 0.01 train_loss: 0.8015 train_roc: 0.9245 train_ap: 0.9284 time: 0.3172s
INFO:root:Epoch: 0185 val_loss: 4.7248 val_roc: 0.4636 val_ap: 0.4974
INFO:root:Epoch: 0190 lr: 0.01 train_loss: 0.9120 train_roc: 0.9240 train_ap: 0.9164 time: 0.3132s
INFO:root:Epoch: 0190 val_loss: 5.0261 val_roc: 0.4601 val_ap: 0.4942
INFO:root:Epoch: 0195 lr: 0.01 train_loss: 0.7215 train_roc: 0.9394 train_ap: 0.9416 time: 0.3187s
INFO:root:Epoch: 0195 val_loss: 5.1256 val_roc: 0.4606 val_ap: 0.4934
INFO:root:Epoch: 0200 lr: 0.01 train_loss: 0.8697 train_roc: 0.9104 train_ap: 0.9144 time: 0.3225s
INFO:root:Epoch: 0200 val_loss: 5.0502 val_roc: 0.4623 val_ap: 0.4962
INFO:root:Epoch: 0205 lr: 0.01 train_loss: 0.7270 train_roc: 0.9383 train_ap: 0.9348 time: 0.3173s
INFO:root:Epoch: 0205 val_loss: 4.4457 val_roc: 0.4704 val_ap: 0.5028
INFO:root:Epoch: 0210 lr: 0.01 train_loss: 0.7430 train_roc: 0.9310 train_ap: 0.9315 time: 0.3229s
INFO:root:Epoch: 0210 val_loss: 4.4104 val_roc: 0.4709 val_ap: 0.5019
INFO:root:Epoch: 0215 lr: 0.01 train_loss: 0.7730 train_roc: 0.9326 train_ap: 0.9354 time: 0.3178s
INFO:root:Epoch: 0215 val_loss: 4.6024 val_roc: 0.4687 val_ap: 0.4995
INFO:root:Epoch: 0220 lr: 0.01 train_loss: 0.7374 train_roc: 0.9290 train_ap: 0.9214 time: 0.3141s
INFO:root:Epoch: 0220 val_loss: 4.8572 val_roc: 0.4666 val_ap: 0.4977
INFO:root:Epoch: 0225 lr: 0.01 train_loss: 0.7256 train_roc: 0.9353 train_ap: 0.9330 time: 0.3166s
INFO:root:Epoch: 0225 val_loss: 5.0867 val_roc: 0.4660 val_ap: 0.4960
INFO:root:Epoch: 0230 lr: 0.01 train_loss: 0.7163 train_roc: 0.9408 train_ap: 0.9365 time: 0.3179s
INFO:root:Epoch: 0230 val_loss: 5.2546 val_roc: 0.4632 val_ap: 0.4941
INFO:root:Epoch: 0235 lr: 0.01 train_loss: 0.7106 train_roc: 0.9377 train_ap: 0.9339 time: 0.3143s
INFO:root:Epoch: 0235 val_loss: 5.3131 val_roc: 0.4632 val_ap: 0.4912
INFO:root:Epoch: 0240 lr: 0.01 train_loss: 0.7134 train_roc: 0.9361 train_ap: 0.9373 time: 0.3161s
INFO:root:Epoch: 0240 val_loss: 5.2386 val_roc: 0.4628 val_ap: 0.4910
INFO:root:Epoch: 0245 lr: 0.01 train_loss: 0.7049 train_roc: 0.9376 train_ap: 0.9356 time: 0.3161s
INFO:root:Epoch: 0245 val_loss: 5.2728 val_roc: 0.4615 val_ap: 0.4888
INFO:root:Epoch: 0250 lr: 0.01 train_loss: 0.9622 train_roc: 0.9072 train_ap: 0.9163 time: 0.3124s
INFO:root:Epoch: 0250 val_loss: 5.1088 val_roc: 0.4619 val_ap: 0.4894
INFO:root:Epoch: 0255 lr: 0.01 train_loss: 0.7253 train_roc: 0.9345 train_ap: 0.9383 time: 0.3102s
INFO:root:Epoch: 0255 val_loss: 4.9359 val_roc: 0.4636 val_ap: 0.4916
INFO:root:Epoch: 0260 lr: 0.01 train_loss: 0.7420 train_roc: 0.9433 train_ap: 0.9434 time: 0.3197s
INFO:root:Epoch: 0260 val_loss: 4.7981 val_roc: 0.4668 val_ap: 0.4943
INFO:root:Epoch: 0265 lr: 0.01 train_loss: 0.7037 train_roc: 0.9354 train_ap: 0.9264 time: 0.3217s
INFO:root:Epoch: 0265 val_loss: 4.8304 val_roc: 0.4658 val_ap: 0.4947
INFO:root:Epoch: 0270 lr: 0.01 train_loss: 0.6929 train_roc: 0.9404 train_ap: 0.9357 time: 0.3120s
INFO:root:Epoch: 0270 val_loss: 4.7848 val_roc: 0.4663 val_ap: 0.4961
INFO:root:Epoch: 0275 lr: 0.01 train_loss: 0.7352 train_roc: 0.9323 train_ap: 0.9372 time: 0.3143s
INFO:root:Epoch: 0275 val_loss: 4.7585 val_roc: 0.4668 val_ap: 0.4964
INFO:root:Epoch: 0280 lr: 0.01 train_loss: 0.7291 train_roc: 0.9357 train_ap: 0.9323 time: 0.3211s
INFO:root:Epoch: 0280 val_loss: 4.7166 val_roc: 0.4676 val_ap: 0.4977
INFO:root:Epoch: 0285 lr: 0.01 train_loss: 0.6928 train_roc: 0.9421 train_ap: 0.9347 time: 0.3134s
INFO:root:Epoch: 0285 val_loss: 4.4156 val_roc: 0.4711 val_ap: 0.4991
INFO:root:Epoch: 0290 lr: 0.01 train_loss: 0.8778 train_roc: 0.9361 train_ap: 0.9419 time: 0.3186s
INFO:root:Epoch: 0290 val_loss: 4.5356 val_roc: 0.4676 val_ap: 0.4975
INFO:root:Epoch: 0295 lr: 0.01 train_loss: 0.7982 train_roc: 0.9262 train_ap: 0.9275 time: 0.3209s
INFO:root:Epoch: 0295 val_loss: 4.9021 val_roc: 0.4625 val_ap: 0.4914
INFO:root:Epoch: 0300 lr: 0.01 train_loss: 0.7650 train_roc: 0.9271 train_ap: 0.9256 time: 0.3160s
INFO:root:Epoch: 0300 val_loss: 4.7594 val_roc: 0.4626 val_ap: 0.4892
INFO:root:Epoch: 0305 lr: 0.01 train_loss: 0.7434 train_roc: 0.9521 train_ap: 0.9482 time: 0.3174s
INFO:root:Epoch: 0305 val_loss: 4.6418 val_roc: 0.4637 val_ap: 0.4886
INFO:root:Epoch: 0310 lr: 0.01 train_loss: 0.6695 train_roc: 0.9466 train_ap: 0.9444 time: 0.3208s
INFO:root:Epoch: 0310 val_loss: 4.8195 val_roc: 0.4616 val_ap: 0.4867
INFO:root:Epoch: 0315 lr: 0.01 train_loss: 0.8476 train_roc: 0.9202 train_ap: 0.9184 time: 0.3145s
INFO:root:Epoch: 0315 val_loss: 4.7344 val_roc: 0.4631 val_ap: 0.4888
INFO:root:Epoch: 0320 lr: 0.01 train_loss: 0.6717 train_roc: 0.9492 train_ap: 0.9497 time: 0.3173s
INFO:root:Epoch: 0320 val_loss: 4.8061 val_roc: 0.4614 val_ap: 0.4897
INFO:root:Epoch: 0325 lr: 0.01 train_loss: 0.7001 train_roc: 0.9392 train_ap: 0.9401 time: 0.3223s
INFO:root:Epoch: 0325 val_loss: 4.8187 val_roc: 0.4619 val_ap: 0.4904
INFO:root:Epoch: 0330 lr: 0.01 train_loss: 0.7270 train_roc: 0.9382 train_ap: 0.9406 time: 0.3227s
INFO:root:Epoch: 0330 val_loss: 4.7905 val_roc: 0.4618 val_ap: 0.4920
INFO:root:Epoch: 0335 lr: 0.01 train_loss: 0.8878 train_roc: 0.9276 train_ap: 0.9232 time: 0.3099s
INFO:root:Epoch: 0335 val_loss: 5.1936 val_roc: 0.4578 val_ap: 0.4897
INFO:root:Epoch: 0340 lr: 0.01 train_loss: 0.6991 train_roc: 0.9419 train_ap: 0.9421 time: 0.3179s
INFO:root:Epoch: 0340 val_loss: 5.3847 val_roc: 0.4577 val_ap: 0.4897
INFO:root:Epoch: 0345 lr: 0.01 train_loss: 0.6623 train_roc: 0.9473 train_ap: 0.9449 time: 0.3167s
INFO:root:Epoch: 0345 val_loss: 4.9388 val_roc: 0.4609 val_ap: 0.4900
INFO:root:Epoch: 0350 lr: 0.01 train_loss: 0.6676 train_roc: 0.9495 train_ap: 0.9463 time: 0.3231s
INFO:root:Epoch: 0350 val_loss: 4.2414 val_roc: 0.4657 val_ap: 0.4898
INFO:root:Epoch: 0355 lr: 0.01 train_loss: 0.7853 train_roc: 0.9372 train_ap: 0.9395 time: 0.3251s
INFO:root:Epoch: 0355 val_loss: 4.0610 val_roc: 0.4675 val_ap: 0.4900
INFO:root:Epoch: 0360 lr: 0.01 train_loss: 0.7224 train_roc: 0.9392 train_ap: 0.9359 time: 0.3164s
INFO:root:Epoch: 0360 val_loss: 4.0685 val_roc: 0.4679 val_ap: 0.4902
INFO:root:Epoch: 0365 lr: 0.01 train_loss: 0.6705 train_roc: 0.9479 train_ap: 0.9463 time: 0.3115s
INFO:root:Epoch: 0365 val_loss: 4.4125 val_roc: 0.4633 val_ap: 0.4894
INFO:root:Epoch: 0370 lr: 0.01 train_loss: 0.7916 train_roc: 0.9423 train_ap: 0.9399 time: 0.3203s
INFO:root:Epoch: 0370 val_loss: 4.7433 val_roc: 0.4617 val_ap: 0.4901
INFO:root:Epoch: 0375 lr: 0.01 train_loss: 0.7254 train_roc: 0.9424 train_ap: 0.9397 time: 0.3165s
INFO:root:Epoch: 0375 val_loss: 5.0861 val_roc: 0.4585 val_ap: 0.4884
INFO:root:Epoch: 0380 lr: 0.01 train_loss: 0.7219 train_roc: 0.9400 train_ap: 0.9416 time: 0.3134s
INFO:root:Epoch: 0380 val_loss: 4.9491 val_roc: 0.4603 val_ap: 0.4882
INFO:root:Epoch: 0385 lr: 0.01 train_loss: 0.6739 train_roc: 0.9480 train_ap: 0.9501 time: 0.3174s
INFO:root:Epoch: 0385 val_loss: 4.5921 val_roc: 0.4641 val_ap: 0.4887
INFO:root:Epoch: 0390 lr: 0.01 train_loss: 0.6866 train_roc: 0.9490 train_ap: 0.9481 time: 0.3211s
INFO:root:Epoch: 0390 val_loss: 4.5384 val_roc: 0.4648 val_ap: 0.4894
INFO:root:Epoch: 0395 lr: 0.01 train_loss: 0.8391 train_roc: 0.9262 train_ap: 0.9306 time: 0.3131s
INFO:root:Epoch: 0395 val_loss: 4.7192 val_roc: 0.4637 val_ap: 0.4882
INFO:root:Epoch: 0400 lr: 0.01 train_loss: 0.7327 train_roc: 0.9360 train_ap: 0.9370 time: 0.3137s
INFO:root:Epoch: 0400 val_loss: 4.6479 val_roc: 0.4622 val_ap: 0.4873
INFO:root:Epoch: 0405 lr: 0.01 train_loss: 0.6783 train_roc: 0.9410 train_ap: 0.9310 time: 0.3175s
INFO:root:Epoch: 0405 val_loss: 4.8724 val_roc: 0.4571 val_ap: 0.4840
INFO:root:Epoch: 0410 lr: 0.01 train_loss: 0.8514 train_roc: 0.9235 train_ap: 0.9164 time: 0.3313s
INFO:root:Epoch: 0410 val_loss: 4.8685 val_roc: 0.4570 val_ap: 0.4838
INFO:root:Epoch: 0415 lr: 0.01 train_loss: 0.6459 train_roc: 0.9509 train_ap: 0.9490 time: 0.3359s
INFO:root:Epoch: 0415 val_loss: 4.3591 val_roc: 0.4631 val_ap: 0.4863
INFO:root:Epoch: 0420 lr: 0.01 train_loss: 0.7022 train_roc: 0.9501 train_ap: 0.9473 time: 0.3167s
INFO:root:Epoch: 0420 val_loss: 3.9726 val_roc: 0.4701 val_ap: 0.4876
INFO:root:Epoch: 0425 lr: 0.01 train_loss: 0.6699 train_roc: 0.9527 train_ap: 0.9498 time: 0.3106s
INFO:root:Epoch: 0425 val_loss: 4.0618 val_roc: 0.4723 val_ap: 0.4896
INFO:root:Epoch: 0430 lr: 0.01 train_loss: 0.7541 train_roc: 0.9434 train_ap: 0.9396 time: 0.3129s
INFO:root:Epoch: 0430 val_loss: 4.5054 val_roc: 0.4684 val_ap: 0.4886
INFO:root:Epoch: 0435 lr: 0.01 train_loss: 0.7023 train_roc: 0.9396 train_ap: 0.9396 time: 0.3201s
INFO:root:Epoch: 0435 val_loss: 4.9500 val_roc: 0.4645 val_ap: 0.4881
INFO:root:Epoch: 0440 lr: 0.01 train_loss: 0.6896 train_roc: 0.9435 train_ap: 0.9434 time: 0.3133s
INFO:root:Epoch: 0440 val_loss: 5.3527 val_roc: 0.4609 val_ap: 0.4884
INFO:root:Epoch: 0445 lr: 0.01 train_loss: 0.8078 train_roc: 0.9312 train_ap: 0.9317 time: 0.3140s
INFO:root:Epoch: 0445 val_loss: 5.6399 val_roc: 0.4602 val_ap: 0.4887
INFO:root:Epoch: 0450 lr: 0.01 train_loss: 0.6616 train_roc: 0.9474 train_ap: 0.9471 time: 0.3214s
INFO:root:Epoch: 0450 val_loss: 5.2862 val_roc: 0.4640 val_ap: 0.4892
INFO:root:Epoch: 0455 lr: 0.01 train_loss: 0.7020 train_roc: 0.9416 train_ap: 0.9412 time: 0.3217s
INFO:root:Epoch: 0455 val_loss: 4.8340 val_roc: 0.4683 val_ap: 0.4906
INFO:root:Epoch: 0460 lr: 0.01 train_loss: 0.6491 train_roc: 0.9495 train_ap: 0.9453 time: 0.3115s
INFO:root:Epoch: 0460 val_loss: 4.4041 val_roc: 0.4715 val_ap: 0.4911
INFO:root:Epoch: 0465 lr: 0.01 train_loss: 0.6232 train_roc: 0.9550 train_ap: 0.9491 time: 0.3200s
INFO:root:Epoch: 0465 val_loss: 4.2749 val_roc: 0.4738 val_ap: 0.4923
INFO:root:Epoch: 0470 lr: 0.01 train_loss: 0.7158 train_roc: 0.9438 train_ap: 0.9434 time: 0.3162s
INFO:root:Epoch: 0470 val_loss: 3.8890 val_roc: 0.4806 val_ap: 0.4959
INFO:root:Epoch: 0475 lr: 0.01 train_loss: 0.6908 train_roc: 0.9408 train_ap: 0.9365 time: 0.3175s
INFO:root:Epoch: 0475 val_loss: 3.9043 val_roc: 0.4795 val_ap: 0.4959
INFO:root:Epoch: 0480 lr: 0.01 train_loss: 0.6562 train_roc: 0.9490 train_ap: 0.9410 time: 0.3308s
INFO:root:Epoch: 0480 val_loss: 4.1472 val_roc: 0.4754 val_ap: 0.4932
INFO:root:Epoch: 0485 lr: 0.01 train_loss: 0.6994 train_roc: 0.9479 train_ap: 0.9485 time: 0.3198s
INFO:root:Epoch: 0485 val_loss: 4.6118 val_roc: 0.4659 val_ap: 0.4885
INFO:root:Epoch: 0490 lr: 0.01 train_loss: 0.6733 train_roc: 0.9474 train_ap: 0.9406 time: 0.3145s
INFO:root:Epoch: 0490 val_loss: 5.1293 val_roc: 0.4570 val_ap: 0.4847
INFO:root:Epoch: 0495 lr: 0.01 train_loss: 0.7030 train_roc: 0.9392 train_ap: 0.9345 time: 0.3157s
INFO:root:Epoch: 0495 val_loss: 5.6080 val_roc: 0.4512 val_ap: 0.4837
INFO:root:Epoch: 0500 lr: 0.01 train_loss: 0.7286 train_roc: 0.9386 train_ap: 0.9411 time: 0.3246s
INFO:root:Epoch: 0500 val_loss: 5.3138 val_roc: 0.4527 val_ap: 0.4835
INFO:root:Epoch: 0505 lr: 0.01 train_loss: 0.6588 train_roc: 0.9489 train_ap: 0.9509 time: 0.3150s
INFO:root:Epoch: 0505 val_loss: 4.8481 val_roc: 0.4599 val_ap: 0.4870
INFO:root:Epoch: 0510 lr: 0.01 train_loss: 0.7751 train_roc: 0.9364 train_ap: 0.9388 time: 0.3193s
INFO:root:Epoch: 0510 val_loss: 4.6854 val_roc: 0.4646 val_ap: 0.4883
INFO:root:Epoch: 0515 lr: 0.01 train_loss: 0.7115 train_roc: 0.9388 train_ap: 0.9354 time: 0.3204s
INFO:root:Epoch: 0515 val_loss: 4.7763 val_roc: 0.4639 val_ap: 0.4870
INFO:root:Epoch: 0520 lr: 0.01 train_loss: 0.7246 train_roc: 0.9337 train_ap: 0.9269 time: 0.3124s
INFO:root:Epoch: 0520 val_loss: 4.4351 val_roc: 0.4645 val_ap: 0.4862
INFO:root:Epoch: 0525 lr: 0.01 train_loss: 0.6625 train_roc: 0.9549 train_ap: 0.9522 time: 0.3130s
INFO:root:Epoch: 0525 val_loss: 4.4206 val_roc: 0.4599 val_ap: 0.4836
INFO:root:Epoch: 0530 lr: 0.01 train_loss: 0.7332 train_roc: 0.9512 train_ap: 0.9483 time: 0.3263s
INFO:root:Epoch: 0530 val_loss: 4.4874 val_roc: 0.4583 val_ap: 0.4807
INFO:root:Epoch: 0535 lr: 0.01 train_loss: 0.6537 train_roc: 0.9495 train_ap: 0.9468 time: 0.3129s
INFO:root:Epoch: 0535 val_loss: 4.5921 val_roc: 0.4584 val_ap: 0.4816
INFO:root:Epoch: 0540 lr: 0.01 train_loss: 0.6762 train_roc: 0.9457 train_ap: 0.9392 time: 0.3189s
INFO:root:Epoch: 0540 val_loss: 4.4425 val_roc: 0.4618 val_ap: 0.4839
INFO:root:Epoch: 0545 lr: 0.01 train_loss: 0.7515 train_roc: 0.9281 train_ap: 0.9239 time: 0.3248s
INFO:root:Epoch: 0545 val_loss: 4.6423 val_roc: 0.4618 val_ap: 0.4861
INFO:root:Epoch: 0550 lr: 0.01 train_loss: 0.6781 train_roc: 0.9411 train_ap: 0.9389 time: 0.3157s
INFO:root:Epoch: 0550 val_loss: 4.9879 val_roc: 0.4599 val_ap: 0.4880
INFO:root:Epoch: 0555 lr: 0.01 train_loss: 0.6926 train_roc: 0.9465 train_ap: 0.9444 time: 0.3115s
INFO:root:Epoch: 0555 val_loss: 5.1967 val_roc: 0.4591 val_ap: 0.4893
INFO:root:Epoch: 0560 lr: 0.01 train_loss: 0.7087 train_roc: 0.9390 train_ap: 0.9332 time: 0.3181s
INFO:root:Epoch: 0560 val_loss: 5.1441 val_roc: 0.4592 val_ap: 0.4875
INFO:root:Epoch: 0565 lr: 0.01 train_loss: 0.6837 train_roc: 0.9436 train_ap: 0.9444 time: 0.3144s
INFO:root:Epoch: 0565 val_loss: 4.8996 val_roc: 0.4601 val_ap: 0.4856
INFO:root:Epoch: 0570 lr: 0.01 train_loss: 0.7152 train_roc: 0.9513 train_ap: 0.9535 time: 0.3134s
INFO:root:Epoch: 0570 val_loss: 4.4279 val_roc: 0.4673 val_ap: 0.4897
INFO:root:Epoch: 0575 lr: 0.01 train_loss: 0.6927 train_roc: 0.9440 train_ap: 0.9461 time: 0.3185s
INFO:root:Epoch: 0575 val_loss: 4.4124 val_roc: 0.4677 val_ap: 0.4915
INFO:root:Epoch: 0580 lr: 0.01 train_loss: 0.6784 train_roc: 0.9479 train_ap: 0.9498 time: 0.3144s
INFO:root:Epoch: 0580 val_loss: 4.3817 val_roc: 0.4676 val_ap: 0.4920
INFO:root:Epoch: 0585 lr: 0.01 train_loss: 0.7679 train_roc: 0.9330 train_ap: 0.9293 time: 0.3166s
INFO:root:Epoch: 0585 val_loss: 4.3669 val_roc: 0.4668 val_ap: 0.4916
INFO:root:Epoch: 0590 lr: 0.01 train_loss: 0.7036 train_roc: 0.9436 train_ap: 0.9396 time: 0.3152s
INFO:root:Epoch: 0590 val_loss: 4.2592 val_roc: 0.4681 val_ap: 0.4931
INFO:root:Epoch: 0595 lr: 0.01 train_loss: 0.7204 train_roc: 0.9456 train_ap: 0.9444 time: 0.3174s
INFO:root:Epoch: 0595 val_loss: 4.4716 val_roc: 0.4664 val_ap: 0.4913
INFO:root:Epoch: 0600 lr: 0.01 train_loss: 0.7435 train_roc: 0.9416 train_ap: 0.9430 time: 0.3204s
INFO:root:Epoch: 0600 val_loss: 4.4440 val_roc: 0.4677 val_ap: 0.4921
INFO:root:Epoch: 0605 lr: 0.01 train_loss: 0.7016 train_roc: 0.9443 train_ap: 0.9416 time: 0.3217s
INFO:root:Epoch: 0605 val_loss: 4.3514 val_roc: 0.4677 val_ap: 0.4919
INFO:root:Epoch: 0610 lr: 0.01 train_loss: 0.6714 train_roc: 0.9487 train_ap: 0.9493 time: 0.3185s
INFO:root:Epoch: 0610 val_loss: 4.4889 val_roc: 0.4649 val_ap: 0.4900
INFO:root:Epoch: 0615 lr: 0.01 train_loss: 0.6280 train_roc: 0.9539 train_ap: 0.9522 time: 0.3158s
INFO:root:Epoch: 0615 val_loss: 4.9499 val_roc: 0.4592 val_ap: 0.4861
INFO:root:Epoch: 0620 lr: 0.01 train_loss: 0.7420 train_roc: 0.9380 train_ap: 0.9378 time: 0.3170s
INFO:root:Epoch: 0620 val_loss: 4.9599 val_roc: 0.4602 val_ap: 0.4876
INFO:root:Epoch: 0625 lr: 0.01 train_loss: 0.7019 train_roc: 0.9372 train_ap: 0.9252 time: 0.3207s
INFO:root:Epoch: 0625 val_loss: 4.6664 val_roc: 0.4643 val_ap: 0.4888
INFO:root:Epoch: 0630 lr: 0.01 train_loss: 0.7944 train_roc: 0.9308 train_ap: 0.9301 time: 0.3259s
INFO:root:Epoch: 0630 val_loss: 4.4752 val_roc: 0.4660 val_ap: 0.4877
INFO:root:Epoch: 0635 lr: 0.01 train_loss: 0.6895 train_roc: 0.9568 train_ap: 0.9559 time: 0.3298s
INFO:root:Epoch: 0635 val_loss: 4.1597 val_roc: 0.4691 val_ap: 0.4879
INFO:root:Epoch: 0640 lr: 0.01 train_loss: 0.8321 train_roc: 0.9384 train_ap: 0.9380 time: 0.3253s
INFO:root:Epoch: 0640 val_loss: 4.3167 val_roc: 0.4670 val_ap: 0.4879
INFO:root:Epoch: 0645 lr: 0.01 train_loss: 0.6925 train_roc: 0.9475 train_ap: 0.9447 time: 0.3174s
INFO:root:Epoch: 0645 val_loss: 4.2032 val_roc: 0.4671 val_ap: 0.4870
INFO:root:Epoch: 0650 lr: 0.01 train_loss: 0.6917 train_roc: 0.9455 train_ap: 0.9417 time: 0.3165s
INFO:root:Epoch: 0650 val_loss: 4.3412 val_roc: 0.4640 val_ap: 0.4854
INFO:root:Epoch: 0655 lr: 0.01 train_loss: 0.6887 train_roc: 0.9421 train_ap: 0.9418 time: 0.3173s
INFO:root:Epoch: 0655 val_loss: 4.5522 val_roc: 0.4589 val_ap: 0.4854
INFO:root:Epoch: 0660 lr: 0.01 train_loss: 0.6553 train_roc: 0.9476 train_ap: 0.9447 time: 0.3159s
INFO:root:Epoch: 0660 val_loss: 4.7510 val_roc: 0.4561 val_ap: 0.4845
INFO:root:Epoch: 0665 lr: 0.01 train_loss: 0.6588 train_roc: 0.9503 train_ap: 0.9479 time: 0.3180s
INFO:root:Epoch: 0665 val_loss: 4.7112 val_roc: 0.4561 val_ap: 0.4860
INFO:root:Epoch: 0670 lr: 0.01 train_loss: 0.6374 train_roc: 0.9540 train_ap: 0.9505 time: 0.3174s
INFO:root:Epoch: 0670 val_loss: 4.7187 val_roc: 0.4585 val_ap: 0.4876
INFO:root:Epoch: 0675 lr: 0.01 train_loss: 0.6562 train_roc: 0.9470 train_ap: 0.9431 time: 0.3138s
INFO:root:Epoch: 0675 val_loss: 4.5962 val_roc: 0.4590 val_ap: 0.4882
INFO:root:Epoch: 0680 lr: 0.01 train_loss: 0.6490 train_roc: 0.9521 train_ap: 0.9486 time: 0.3125s
INFO:root:Epoch: 0680 val_loss: 4.5698 val_roc: 0.4598 val_ap: 0.4921
INFO:root:Epoch: 0685 lr: 0.01 train_loss: 0.7549 train_roc: 0.9303 train_ap: 0.9317 time: 0.3201s
INFO:root:Epoch: 0685 val_loss: 4.7833 val_roc: 0.4582 val_ap: 0.4921
INFO:root:Epoch: 0690 lr: 0.01 train_loss: 0.6686 train_roc: 0.9466 train_ap: 0.9493 time: 0.3250s
INFO:root:Epoch: 0690 val_loss: 4.9179 val_roc: 0.4572 val_ap: 0.4909
INFO:root:Epoch: 0695 lr: 0.01 train_loss: 0.6758 train_roc: 0.9491 train_ap: 0.9502 time: 0.3190s
INFO:root:Epoch: 0695 val_loss: 4.5716 val_roc: 0.4627 val_ap: 0.4936
INFO:root:Epoch: 0700 lr: 0.01 train_loss: 0.6724 train_roc: 0.9454 train_ap: 0.9453 time: 0.3199s
INFO:root:Epoch: 0700 val_loss: 4.1093 val_roc: 0.4703 val_ap: 0.4945
INFO:root:Epoch: 0705 lr: 0.01 train_loss: 0.7218 train_roc: 0.9429 train_ap: 0.9382 time: 0.3327s
INFO:root:Epoch: 0705 val_loss: 4.0500 val_roc: 0.4741 val_ap: 0.4984
INFO:root:Epoch: 0710 lr: 0.01 train_loss: 0.7127 train_roc: 0.9437 train_ap: 0.9426 time: 0.3151s
INFO:root:Epoch: 0710 val_loss: 4.0885 val_roc: 0.4726 val_ap: 0.4977
INFO:root:Epoch: 0715 lr: 0.01 train_loss: 0.7032 train_roc: 0.9375 train_ap: 0.9312 time: 0.3263s
INFO:root:Epoch: 0715 val_loss: 3.9511 val_roc: 0.4756 val_ap: 0.4991
INFO:root:Epoch: 0720 lr: 0.01 train_loss: 0.7945 train_roc: 0.9382 train_ap: 0.9427 time: 0.3158s
INFO:root:Epoch: 0720 val_loss: 4.0431 val_roc: 0.4754 val_ap: 0.4989
INFO:root:Epoch: 0725 lr: 0.01 train_loss: 0.6890 train_roc: 0.9417 train_ap: 0.9376 time: 0.3310s
INFO:root:Epoch: 0725 val_loss: 4.4531 val_roc: 0.4691 val_ap: 0.4944
INFO:root:Epoch: 0730 lr: 0.01 train_loss: 0.7228 train_roc: 0.9409 train_ap: 0.9420 time: 0.3193s
INFO:root:Epoch: 0730 val_loss: 4.8214 val_roc: 0.4642 val_ap: 0.4925
INFO:root:Epoch: 0735 lr: 0.01 train_loss: 0.6703 train_roc: 0.9452 train_ap: 0.9403 time: 0.3151s
INFO:root:Epoch: 0735 val_loss: 5.0530 val_roc: 0.4612 val_ap: 0.4912
INFO:root:Epoch: 0740 lr: 0.01 train_loss: 0.6979 train_roc: 0.9379 train_ap: 0.9386 time: 0.3130s
INFO:root:Epoch: 0740 val_loss: 4.8533 val_roc: 0.4632 val_ap: 0.4894
INFO:root:Epoch: 0745 lr: 0.01 train_loss: 0.6876 train_roc: 0.9413 train_ap: 0.9414 time: 0.3519s
INFO:root:Epoch: 0745 val_loss: 4.3979 val_roc: 0.4676 val_ap: 0.4897
INFO:root:Epoch: 0750 lr: 0.01 train_loss: 0.7396 train_roc: 0.9355 train_ap: 0.9336 time: 0.3153s
INFO:root:Epoch: 0750 val_loss: 4.3601 val_roc: 0.4671 val_ap: 0.4891
INFO:root:Epoch: 0755 lr: 0.01 train_loss: 0.6397 train_roc: 0.9513 train_ap: 0.9480 time: 0.3336s
INFO:root:Epoch: 0755 val_loss: 4.4106 val_roc: 0.4633 val_ap: 0.4878
INFO:root:Epoch: 0760 lr: 0.01 train_loss: 0.7153 train_roc: 0.9369 train_ap: 0.9286 time: 0.3185s
INFO:root:Epoch: 0760 val_loss: 4.4410 val_roc: 0.4623 val_ap: 0.4860
INFO:root:Epoch: 0765 lr: 0.01 train_loss: 0.6873 train_roc: 0.9451 train_ap: 0.9477 time: 0.3195s
INFO:root:Epoch: 0765 val_loss: 4.4667 val_roc: 0.4612 val_ap: 0.4854
INFO:root:Epoch: 0770 lr: 0.01 train_loss: 0.7307 train_roc: 0.9384 train_ap: 0.9355 time: 0.3295s
INFO:root:Epoch: 0770 val_loss: 4.0983 val_roc: 0.4687 val_ap: 0.4891
INFO:root:Epoch: 0775 lr: 0.01 train_loss: 0.7469 train_roc: 0.9538 train_ap: 0.9496 time: 0.3232s
INFO:root:Epoch: 0775 val_loss: 3.6825 val_roc: 0.4753 val_ap: 0.4924
INFO:root:Epoch: 0780 lr: 0.01 train_loss: 0.7561 train_roc: 0.9526 train_ap: 0.9531 time: 0.3187s
INFO:root:Epoch: 0780 val_loss: 3.7054 val_roc: 0.4776 val_ap: 0.4940
INFO:root:Epoch: 0785 lr: 0.01 train_loss: 0.6333 train_roc: 0.9533 train_ap: 0.9447 time: 0.3187s
INFO:root:Epoch: 0785 val_loss: 3.8217 val_roc: 0.4742 val_ap: 0.4906
INFO:root:Epoch: 0790 lr: 0.01 train_loss: 1.3548 train_roc: 0.9163 train_ap: 0.9155 time: 0.3443s
INFO:root:Epoch: 0790 val_loss: 4.0782 val_roc: 0.4711 val_ap: 0.4885
INFO:root:Epoch: 0795 lr: 0.01 train_loss: 0.6544 train_roc: 0.9476 train_ap: 0.9470 time: 0.3156s
INFO:root:Epoch: 0795 val_loss: 3.9831 val_roc: 0.4748 val_ap: 0.4896
INFO:root:Epoch: 0800 lr: 0.01 train_loss: 0.7668 train_roc: 0.9452 train_ap: 0.9462 time: 0.3106s
INFO:root:Epoch: 0800 val_loss: 4.1076 val_roc: 0.4732 val_ap: 0.4915
INFO:root:Epoch: 0805 lr: 0.01 train_loss: 0.7337 train_roc: 0.9385 train_ap: 0.9398 time: 0.3168s
INFO:root:Epoch: 0805 val_loss: 4.4953 val_roc: 0.4681 val_ap: 0.4899
INFO:root:Epoch: 0810 lr: 0.01 train_loss: 0.7664 train_roc: 0.9271 train_ap: 0.9307 time: 0.3165s
INFO:root:Epoch: 0810 val_loss: 4.5516 val_roc: 0.4652 val_ap: 0.4885
INFO:root:Epoch: 0815 lr: 0.01 train_loss: 0.6528 train_roc: 0.9563 train_ap: 0.9576 time: 0.3189s
INFO:root:Epoch: 0815 val_loss: 4.3687 val_roc: 0.4650 val_ap: 0.4871
INFO:root:Epoch: 0820 lr: 0.01 train_loss: 0.6986 train_roc: 0.9506 train_ap: 0.9517 time: 0.3199s
INFO:root:Epoch: 0820 val_loss: 4.4833 val_roc: 0.4644 val_ap: 0.4881
INFO:root:Epoch: 0825 lr: 0.01 train_loss: 0.6467 train_roc: 0.9507 train_ap: 0.9463 time: 0.3159s
INFO:root:Epoch: 0825 val_loss: 4.4181 val_roc: 0.4664 val_ap: 0.4895
INFO:root:Epoch: 0830 lr: 0.01 train_loss: 0.7272 train_roc: 0.9425 train_ap: 0.9402 time: 0.3122s
INFO:root:Epoch: 0830 val_loss: 4.3844 val_roc: 0.4666 val_ap: 0.4884
INFO:root:Epoch: 0835 lr: 0.01 train_loss: 0.7091 train_roc: 0.9392 train_ap: 0.9354 time: 0.3126s
INFO:root:Epoch: 0835 val_loss: 4.1253 val_roc: 0.4700 val_ap: 0.4898
INFO:root:Epoch: 0840 lr: 0.01 train_loss: 0.6834 train_roc: 0.9443 train_ap: 0.9396 time: 0.3156s
INFO:root:Epoch: 0840 val_loss: 4.3021 val_roc: 0.4672 val_ap: 0.4906
INFO:root:Epoch: 0845 lr: 0.01 train_loss: 0.6759 train_roc: 0.9491 train_ap: 0.9465 time: 0.3502s
INFO:root:Epoch: 0845 val_loss: 4.5798 val_roc: 0.4624 val_ap: 0.4885
INFO:root:Epoch: 0850 lr: 0.01 train_loss: 0.6423 train_roc: 0.9510 train_ap: 0.9408 time: 0.3161s
INFO:root:Epoch: 0850 val_loss: 4.8848 val_roc: 0.4585 val_ap: 0.4868
INFO:root:Epoch: 0855 lr: 0.01 train_loss: 0.6406 train_roc: 0.9498 train_ap: 0.9408 time: 0.3240s
INFO:root:Epoch: 0855 val_loss: 4.7029 val_roc: 0.4603 val_ap: 0.4880
INFO:root:Epoch: 0860 lr: 0.01 train_loss: 0.7280 train_roc: 0.9332 train_ap: 0.9314 time: 0.3152s
INFO:root:Epoch: 0860 val_loss: 4.3656 val_roc: 0.4642 val_ap: 0.4887
INFO:root:Epoch: 0865 lr: 0.01 train_loss: 0.6520 train_roc: 0.9495 train_ap: 0.9431 time: 0.3104s
INFO:root:Epoch: 0865 val_loss: 4.0293 val_roc: 0.4702 val_ap: 0.4919
INFO:root:Epoch: 0870 lr: 0.01 train_loss: 0.6676 train_roc: 0.9537 train_ap: 0.9544 time: 0.3149s
INFO:root:Epoch: 0870 val_loss: 4.0862 val_roc: 0.4723 val_ap: 0.4944
INFO:root:Epoch: 0875 lr: 0.01 train_loss: 0.6978 train_roc: 0.9401 train_ap: 0.9393 time: 0.3164s
INFO:root:Epoch: 0875 val_loss: 4.5283 val_roc: 0.4681 val_ap: 0.4945
INFO:root:Epoch: 0880 lr: 0.01 train_loss: 0.6232 train_roc: 0.9542 train_ap: 0.9467 time: 0.3181s
INFO:root:Epoch: 0880 val_loss: 4.8969 val_roc: 0.4629 val_ap: 0.4926
INFO:root:Epoch: 0885 lr: 0.01 train_loss: 0.6424 train_roc: 0.9526 train_ap: 0.9521 time: 0.3237s
INFO:root:Epoch: 0885 val_loss: 5.2895 val_roc: 0.4584 val_ap: 0.4899
INFO:root:Epoch: 0890 lr: 0.01 train_loss: 0.7778 train_roc: 0.9401 train_ap: 0.9341 time: 0.3156s
INFO:root:Epoch: 0890 val_loss: 4.9606 val_roc: 0.4638 val_ap: 0.4927
INFO:root:Epoch: 0895 lr: 0.01 train_loss: 0.7099 train_roc: 0.9511 train_ap: 0.9423 time: 0.3156s
INFO:root:Epoch: 0895 val_loss: 4.2607 val_roc: 0.4783 val_ap: 0.5014
INFO:root:Epoch: 0900 lr: 0.01 train_loss: 0.6847 train_roc: 0.9478 train_ap: 0.9454 time: 0.3165s
INFO:root:Epoch: 0900 val_loss: 4.1041 val_roc: 0.4811 val_ap: 0.5021
INFO:root:Epoch: 0905 lr: 0.01 train_loss: 0.6342 train_roc: 0.9522 train_ap: 0.9465 time: 0.3188s
INFO:root:Epoch: 0905 val_loss: 4.2559 val_roc: 0.4763 val_ap: 0.4999
INFO:root:Epoch: 0910 lr: 0.01 train_loss: 0.6759 train_roc: 0.9427 train_ap: 0.9387 time: 0.3172s
INFO:root:Epoch: 0910 val_loss: 4.4371 val_roc: 0.4689 val_ap: 0.4944
INFO:root:Epoch: 0915 lr: 0.01 train_loss: 0.8038 train_roc: 0.9304 train_ap: 0.9259 time: 0.3170s
INFO:root:Epoch: 0915 val_loss: 4.3849 val_roc: 0.4679 val_ap: 0.4934
INFO:root:Epoch: 0920 lr: 0.01 train_loss: 0.7013 train_roc: 0.9427 train_ap: 0.9404 time: 0.3335s
INFO:root:Epoch: 0920 val_loss: 4.1511 val_roc: 0.4704 val_ap: 0.4954
INFO:root:Epoch: 0925 lr: 0.01 train_loss: 0.6448 train_roc: 0.9545 train_ap: 0.9495 time: 0.3112s
INFO:root:Epoch: 0925 val_loss: 4.1680 val_roc: 0.4716 val_ap: 0.4936
INFO:root:Epoch: 0930 lr: 0.01 train_loss: 0.7374 train_roc: 0.9470 train_ap: 0.9439 time: 0.3151s
INFO:root:Epoch: 0930 val_loss: 4.4208 val_roc: 0.4700 val_ap: 0.4909
INFO:root:Epoch: 0935 lr: 0.01 train_loss: 0.6662 train_roc: 0.9455 train_ap: 0.9421 time: 0.3174s
INFO:root:Epoch: 0935 val_loss: 4.9095 val_roc: 0.4662 val_ap: 0.4876
INFO:root:Epoch: 0940 lr: 0.01 train_loss: 0.6392 train_roc: 0.9539 train_ap: 0.9512 time: 0.3162s
INFO:root:Epoch: 0940 val_loss: 4.9628 val_roc: 0.4679 val_ap: 0.4895
INFO:root:Epoch: 0945 lr: 0.01 train_loss: 0.8538 train_roc: 0.9463 train_ap: 0.9513 time: 0.3169s
INFO:root:Epoch: 0945 val_loss: 5.0265 val_roc: 0.4681 val_ap: 0.4914
INFO:root:Epoch: 0950 lr: 0.01 train_loss: 0.6888 train_roc: 0.9479 train_ap: 0.9465 time: 0.3279s
INFO:root:Epoch: 0950 val_loss: 4.9517 val_roc: 0.4693 val_ap: 0.4930
INFO:root:Epoch: 0955 lr: 0.01 train_loss: 0.6712 train_roc: 0.9509 train_ap: 0.9494 time: 0.3143s
INFO:root:Epoch: 0955 val_loss: 4.9066 val_roc: 0.4692 val_ap: 0.4952
INFO:root:Epoch: 0960 lr: 0.01 train_loss: 0.6996 train_roc: 0.9435 train_ap: 0.9427 time: 0.3157s
INFO:root:Epoch: 0960 val_loss: 4.6611 val_roc: 0.4719 val_ap: 0.4962
INFO:root:Epoch: 0965 lr: 0.01 train_loss: 0.7197 train_roc: 0.9451 train_ap: 0.9444 time: 0.3157s
INFO:root:Epoch: 0965 val_loss: 4.2499 val_roc: 0.4788 val_ap: 0.4995
INFO:root:Epoch: 0970 lr: 0.01 train_loss: 0.7664 train_roc: 0.9357 train_ap: 0.9273 time: 0.3154s
INFO:root:Epoch: 0970 val_loss: 4.1697 val_roc: 0.4801 val_ap: 0.5022
INFO:root:Epoch: 0975 lr: 0.01 train_loss: 0.6769 train_roc: 0.9518 train_ap: 0.9495 time: 0.3152s
INFO:root:Epoch: 0975 val_loss: 4.2547 val_roc: 0.4778 val_ap: 0.5022
INFO:root:Epoch: 0980 lr: 0.01 train_loss: 0.6733 train_roc: 0.9456 train_ap: 0.9459 time: 0.3211s
INFO:root:Epoch: 0980 val_loss: 4.5080 val_roc: 0.4718 val_ap: 0.4985
INFO:root:Epoch: 0985 lr: 0.01 train_loss: 0.6828 train_roc: 0.9470 train_ap: 0.9418 time: 0.3299s
INFO:root:Epoch: 0985 val_loss: 4.8675 val_roc: 0.4631 val_ap: 0.4918
INFO:root:Epoch: 0990 lr: 0.01 train_loss: 0.6487 train_roc: 0.9493 train_ap: 0.9450 time: 0.3138s
INFO:root:Epoch: 0990 val_loss: 5.0370 val_roc: 0.4591 val_ap: 0.4900
INFO:root:Epoch: 0995 lr: 0.01 train_loss: 0.7134 train_roc: 0.9375 train_ap: 0.9372 time: 0.3107s
INFO:root:Epoch: 0995 val_loss: 4.7683 val_roc: 0.4602 val_ap: 0.4897
INFO:root:Epoch: 1000 lr: 0.01 train_loss: 0.6258 train_roc: 0.9544 train_ap: 0.9521 time: 0.3209s
INFO:root:Epoch: 1000 val_loss: 4.1622 val_roc: 0.4666 val_ap: 0.4907
INFO:root:Epoch: 1005 lr: 0.01 train_loss: 0.6230 train_roc: 0.9563 train_ap: 0.9555 time: 0.3181s
INFO:root:Epoch: 1005 val_loss: 3.9968 val_roc: 0.4719 val_ap: 0.4926
INFO:root:Epoch: 1010 lr: 0.01 train_loss: 0.6727 train_roc: 0.9465 train_ap: 0.9412 time: 0.3252s
INFO:root:Epoch: 1010 val_loss: 4.0981 val_roc: 0.4745 val_ap: 0.4955
INFO:root:Epoch: 1015 lr: 0.01 train_loss: 0.6663 train_roc: 0.9511 train_ap: 0.9513 time: 0.3342s
INFO:root:Epoch: 1015 val_loss: 4.2983 val_roc: 0.4716 val_ap: 0.4942
INFO:root:Epoch: 1020 lr: 0.01 train_loss: 0.6751 train_roc: 0.9467 train_ap: 0.9418 time: 0.3150s
INFO:root:Epoch: 1020 val_loss: 4.5749 val_roc: 0.4685 val_ap: 0.4921
INFO:root:Epoch: 1025 lr: 0.01 train_loss: 0.6524 train_roc: 0.9492 train_ap: 0.9457 time: 0.3115s
INFO:root:Epoch: 1025 val_loss: 4.6421 val_roc: 0.4698 val_ap: 0.4911
INFO:root:Epoch: 1030 lr: 0.01 train_loss: 0.6383 train_roc: 0.9513 train_ap: 0.9479 time: 0.3159s
INFO:root:Epoch: 1030 val_loss: 4.5742 val_roc: 0.4710 val_ap: 0.4924
INFO:root:Epoch: 1035 lr: 0.01 train_loss: 1.0042 train_roc: 0.9129 train_ap: 0.9195 time: 0.3147s
INFO:root:Epoch: 1035 val_loss: 4.3952 val_roc: 0.4728 val_ap: 0.4935
INFO:root:Epoch: 1040 lr: 0.01 train_loss: 0.7093 train_roc: 0.9525 train_ap: 0.9527 time: 0.3142s
INFO:root:Epoch: 1040 val_loss: 4.0878 val_roc: 0.4782 val_ap: 0.4967
INFO:root:Epoch: 1045 lr: 0.01 train_loss: 0.6451 train_roc: 0.9545 train_ap: 0.9499 time: 0.3171s
INFO:root:Epoch: 1045 val_loss: 4.0620 val_roc: 0.4784 val_ap: 0.4971
INFO:root:Epoch: 1050 lr: 0.01 train_loss: 0.6549 train_roc: 0.9534 train_ap: 0.9530 time: 0.3299s
INFO:root:Epoch: 1050 val_loss: 4.4513 val_roc: 0.4728 val_ap: 0.4933
INFO:root:Epoch: 1055 lr: 0.01 train_loss: 0.6275 train_roc: 0.9571 train_ap: 0.9496 time: 0.3147s
INFO:root:Epoch: 1055 val_loss: 4.6000 val_roc: 0.4709 val_ap: 0.4919
INFO:root:Epoch: 1060 lr: 0.01 train_loss: 0.6781 train_roc: 0.9428 train_ap: 0.9441 time: 0.3127s
INFO:root:Epoch: 1060 val_loss: 4.9617 val_roc: 0.4641 val_ap: 0.4882
INFO:root:Epoch: 1065 lr: 0.01 train_loss: 0.7207 train_roc: 0.9490 train_ap: 0.9522 time: 0.3178s
INFO:root:Epoch: 1065 val_loss: 4.8931 val_roc: 0.4660 val_ap: 0.4892
INFO:root:Epoch: 1070 lr: 0.01 train_loss: 0.7106 train_roc: 0.9367 train_ap: 0.9383 time: 0.3147s
INFO:root:Epoch: 1070 val_loss: 5.0969 val_roc: 0.4649 val_ap: 0.4874
INFO:root:Epoch: 1075 lr: 0.01 train_loss: 0.7723 train_roc: 0.9461 train_ap: 0.9460 time: 0.3162s
INFO:root:Epoch: 1075 val_loss: 5.0675 val_roc: 0.4662 val_ap: 0.4899
INFO:root:Epoch: 1080 lr: 0.01 train_loss: 0.6667 train_roc: 0.9490 train_ap: 0.9456 time: 0.3268s
INFO:root:Epoch: 1080 val_loss: 4.6342 val_roc: 0.4741 val_ap: 0.4935
INFO:root:Epoch: 1085 lr: 0.01 train_loss: 0.6863 train_roc: 0.9439 train_ap: 0.9405 time: 0.3134s
INFO:root:Epoch: 1085 val_loss: 4.5323 val_roc: 0.4791 val_ap: 0.4939
INFO:root:Epoch: 1090 lr: 0.01 train_loss: 0.6870 train_roc: 0.9454 train_ap: 0.9436 time: 0.3142s
INFO:root:Epoch: 1090 val_loss: 4.5213 val_roc: 0.4805 val_ap: 0.4947
INFO:root:Epoch: 1095 lr: 0.01 train_loss: 0.6748 train_roc: 0.9441 train_ap: 0.9427 time: 0.3188s
INFO:root:Epoch: 1095 val_loss: 4.6041 val_roc: 0.4782 val_ap: 0.4953
INFO:root:Epoch: 1100 lr: 0.01 train_loss: 0.6429 train_roc: 0.9532 train_ap: 0.9549 time: 0.3148s
INFO:root:Epoch: 1100 val_loss: 4.4805 val_roc: 0.4791 val_ap: 0.4949
INFO:root:Epoch: 1105 lr: 0.01 train_loss: 0.6706 train_roc: 0.9505 train_ap: 0.9492 time: 0.3211s
INFO:root:Epoch: 1105 val_loss: 4.5048 val_roc: 0.4796 val_ap: 0.4963
INFO:root:Epoch: 1110 lr: 0.01 train_loss: 0.6318 train_roc: 0.9527 train_ap: 0.9509 time: 0.3219s
INFO:root:Epoch: 1110 val_loss: 4.6840 val_roc: 0.4757 val_ap: 0.4956
INFO:root:Epoch: 1115 lr: 0.01 train_loss: 0.6742 train_roc: 0.9438 train_ap: 0.9403 time: 0.3257s
INFO:root:Epoch: 1115 val_loss: 4.8498 val_roc: 0.4713 val_ap: 0.4962
INFO:root:Epoch: 1120 lr: 0.01 train_loss: 0.6886 train_roc: 0.9445 train_ap: 0.9414 time: 0.3135s
INFO:root:Epoch: 1120 val_loss: 4.5619 val_roc: 0.4737 val_ap: 0.4958
INFO:root:Epoch: 1125 lr: 0.01 train_loss: 0.6314 train_roc: 0.9534 train_ap: 0.9505 time: 0.3203s
INFO:root:Epoch: 1125 val_loss: 4.4066 val_roc: 0.4749 val_ap: 0.4957
INFO:root:Epoch: 1130 lr: 0.01 train_loss: 0.6579 train_roc: 0.9520 train_ap: 0.9426 time: 0.3161s
INFO:root:Epoch: 1130 val_loss: 4.5696 val_roc: 0.4732 val_ap: 0.4946
INFO:root:Epoch: 1135 lr: 0.01 train_loss: 0.6676 train_roc: 0.9449 train_ap: 0.9414 time: 0.3163s
INFO:root:Epoch: 1135 val_loss: 4.7039 val_roc: 0.4700 val_ap: 0.4904
INFO:root:Epoch: 1140 lr: 0.01 train_loss: 0.6177 train_roc: 0.9583 train_ap: 0.9550 time: 0.3194s
INFO:root:Epoch: 1140 val_loss: 4.6592 val_roc: 0.4700 val_ap: 0.4885
INFO:root:Epoch: 1145 lr: 0.01 train_loss: 0.6497 train_roc: 0.9495 train_ap: 0.9459 time: 0.3220s
INFO:root:Epoch: 1145 val_loss: 4.6925 val_roc: 0.4666 val_ap: 0.4865
INFO:root:Epoch: 1150 lr: 0.01 train_loss: 0.6961 train_roc: 0.9452 train_ap: 0.9417 time: 0.3147s
INFO:root:Epoch: 1150 val_loss: 4.6538 val_roc: 0.4639 val_ap: 0.4865
INFO:root:Epoch: 1155 lr: 0.01 train_loss: 0.9169 train_roc: 0.9286 train_ap: 0.9295 time: 0.3132s
INFO:root:Epoch: 1155 val_loss: 4.6009 val_roc: 0.4657 val_ap: 0.4878
INFO:root:Epoch: 1160 lr: 0.01 train_loss: 0.6589 train_roc: 0.9462 train_ap: 0.9403 time: 0.3178s
INFO:root:Epoch: 1160 val_loss: 4.3473 val_roc: 0.4712 val_ap: 0.4927
INFO:root:Epoch: 1165 lr: 0.01 train_loss: 0.6828 train_roc: 0.9520 train_ap: 0.9442 time: 0.3155s
INFO:root:Epoch: 1165 val_loss: 4.0597 val_roc: 0.4767 val_ap: 0.4949
INFO:root:Epoch: 1170 lr: 0.01 train_loss: 0.6460 train_roc: 0.9538 train_ap: 0.9539 time: 0.3161s
INFO:root:Epoch: 1170 val_loss: 4.0487 val_roc: 0.4770 val_ap: 0.4956
INFO:root:Epoch: 1175 lr: 0.01 train_loss: 0.6904 train_roc: 0.9412 train_ap: 0.9362 time: 0.3193s
INFO:root:Epoch: 1175 val_loss: 4.0955 val_roc: 0.4757 val_ap: 0.4945
INFO:root:Epoch: 1180 lr: 0.01 train_loss: 0.6357 train_roc: 0.9523 train_ap: 0.9411 time: 0.3273s
INFO:root:Epoch: 1180 val_loss: 4.2968 val_roc: 0.4724 val_ap: 0.4955
INFO:root:Epoch: 1185 lr: 0.01 train_loss: 0.6321 train_roc: 0.9536 train_ap: 0.9518 time: 0.3128s
INFO:root:Epoch: 1185 val_loss: 4.5139 val_roc: 0.4681 val_ap: 0.4937
INFO:root:Epoch: 1190 lr: 0.01 train_loss: 0.6558 train_roc: 0.9481 train_ap: 0.9421 time: 0.3213s
INFO:root:Epoch: 1190 val_loss: 4.8488 val_roc: 0.4655 val_ap: 0.4920
INFO:root:Epoch: 1195 lr: 0.01 train_loss: 0.6341 train_roc: 0.9522 train_ap: 0.9441 time: 0.3162s
INFO:root:Epoch: 1195 val_loss: 4.7285 val_roc: 0.4667 val_ap: 0.4915
INFO:root:Epoch: 1200 lr: 0.01 train_loss: 0.7229 train_roc: 0.9342 train_ap: 0.9278 time: 0.3201s
INFO:root:Epoch: 1200 val_loss: 4.6460 val_roc: 0.4689 val_ap: 0.4909
INFO:root:Epoch: 1205 lr: 0.01 train_loss: 0.7037 train_roc: 0.9409 train_ap: 0.9393 time: 0.3205s
INFO:root:Epoch: 1205 val_loss: 4.6899 val_roc: 0.4686 val_ap: 0.4918
INFO:root:Epoch: 1210 lr: 0.01 train_loss: 0.6862 train_roc: 0.9383 train_ap: 0.9300 time: 0.3274s
INFO:root:Epoch: 1210 val_loss: 4.6657 val_roc: 0.4700 val_ap: 0.4946
INFO:root:Epoch: 1215 lr: 0.01 train_loss: 0.6341 train_roc: 0.9532 train_ap: 0.9455 time: 0.3143s
INFO:root:Epoch: 1215 val_loss: 4.8409 val_roc: 0.4654 val_ap: 0.4939
INFO:root:Epoch: 1220 lr: 0.01 train_loss: 0.7953 train_roc: 0.9361 train_ap: 0.9338 time: 0.3185s
INFO:root:Epoch: 1220 val_loss: 4.6286 val_roc: 0.4667 val_ap: 0.4955
INFO:root:Epoch: 1225 lr: 0.01 train_loss: 0.7364 train_roc: 0.9554 train_ap: 0.9507 time: 0.3158s
INFO:root:Epoch: 1225 val_loss: 4.2827 val_roc: 0.4704 val_ap: 0.4970
INFO:root:Epoch: 1230 lr: 0.01 train_loss: 0.7767 train_roc: 0.9311 train_ap: 0.9330 time: 0.3191s
INFO:root:Epoch: 1230 val_loss: 4.2745 val_roc: 0.4715 val_ap: 0.4969
INFO:root:Epoch: 1235 lr: 0.01 train_loss: 0.6555 train_roc: 0.9491 train_ap: 0.9481 time: 0.3237s
INFO:root:Epoch: 1235 val_loss: 4.5870 val_roc: 0.4707 val_ap: 0.4965
INFO:root:Epoch: 1240 lr: 0.01 train_loss: 0.6642 train_roc: 0.9539 train_ap: 0.9536 time: 0.3157s
INFO:root:Epoch: 1240 val_loss: 4.8468 val_roc: 0.4691 val_ap: 0.4945
INFO:root:Epoch: 1245 lr: 0.01 train_loss: 0.6635 train_roc: 0.9447 train_ap: 0.9368 time: 0.3171s
INFO:root:Epoch: 1245 val_loss: 5.0763 val_roc: 0.4681 val_ap: 0.4948
INFO:root:Epoch: 1250 lr: 0.01 train_loss: 0.7128 train_roc: 0.9361 train_ap: 0.9288 time: 0.3150s
INFO:root:Epoch: 1250 val_loss: 4.9309 val_roc: 0.4706 val_ap: 0.4970
INFO:root:Epoch: 1255 lr: 0.01 train_loss: 0.6929 train_roc: 0.9474 train_ap: 0.9431 time: 0.3337s
INFO:root:Epoch: 1255 val_loss: 4.7367 val_roc: 0.4727 val_ap: 0.4976
INFO:root:Epoch: 1260 lr: 0.01 train_loss: 0.6818 train_roc: 0.9432 train_ap: 0.9378 time: 0.3138s
INFO:root:Epoch: 1260 val_loss: 4.8351 val_roc: 0.4707 val_ap: 0.4979
INFO:root:Epoch: 1265 lr: 0.01 train_loss: 0.7394 train_roc: 0.9502 train_ap: 0.9468 time: 0.3172s
INFO:root:Epoch: 1265 val_loss: 4.5536 val_roc: 0.4766 val_ap: 0.4980
INFO:root:Epoch: 1270 lr: 0.01 train_loss: 0.7659 train_roc: 0.9416 train_ap: 0.9325 time: 0.3186s
INFO:root:Epoch: 1270 val_loss: 4.2608 val_roc: 0.4800 val_ap: 0.4977
INFO:root:Epoch: 1275 lr: 0.01 train_loss: 0.6553 train_roc: 0.9559 train_ap: 0.9522 time: 0.3151s
INFO:root:Epoch: 1275 val_loss: 3.7769 val_roc: 0.4877 val_ap: 0.5007
INFO:root:Epoch: 1280 lr: 0.01 train_loss: 0.7250 train_roc: 0.9479 train_ap: 0.9411 time: 0.3119s
INFO:root:Epoch: 1280 val_loss: 3.9635 val_roc: 0.4889 val_ap: 0.5039
INFO:root:Epoch: 1285 lr: 0.01 train_loss: 0.7266 train_roc: 0.9507 train_ap: 0.9423 time: 0.3167s
INFO:root:Epoch: 1285 val_loss: 4.3267 val_roc: 0.4857 val_ap: 0.5029
INFO:root:Epoch: 1290 lr: 0.01 train_loss: 0.6640 train_roc: 0.9446 train_ap: 0.9369 time: 0.3175s
INFO:root:Epoch: 1290 val_loss: 4.7511 val_roc: 0.4759 val_ap: 0.4997
INFO:root:Epoch: 1295 lr: 0.01 train_loss: 0.6470 train_roc: 0.9517 train_ap: 0.9523 time: 0.3279s
INFO:root:Epoch: 1295 val_loss: 4.9517 val_roc: 0.4698 val_ap: 0.4977
INFO:root:Epoch: 1300 lr: 0.01 train_loss: 0.6559 train_roc: 0.9513 train_ap: 0.9463 time: 0.3328s
INFO:root:Epoch: 1300 val_loss: 4.9508 val_roc: 0.4693 val_ap: 0.4973
INFO:root:Epoch: 1305 lr: 0.01 train_loss: 0.7658 train_roc: 0.9248 train_ap: 0.9248 time: 0.3267s
INFO:root:Epoch: 1305 val_loss: 4.6836 val_roc: 0.4745 val_ap: 0.4979
INFO:root:Epoch: 1310 lr: 0.01 train_loss: 0.7025 train_roc: 0.9420 train_ap: 0.9346 time: 0.3155s
INFO:root:Epoch: 1310 val_loss: 4.2590 val_roc: 0.4836 val_ap: 0.5026
INFO:root:Epoch: 1315 lr: 0.01 train_loss: 0.6545 train_roc: 0.9567 train_ap: 0.9530 time: 0.3181s
INFO:root:Epoch: 1315 val_loss: 4.0820 val_roc: 0.4902 val_ap: 0.5053
INFO:root:Epoch: 1320 lr: 0.01 train_loss: 0.6519 train_roc: 0.9509 train_ap: 0.9445 time: 0.3389s
INFO:root:Epoch: 1320 val_loss: 4.1492 val_roc: 0.4920 val_ap: 0.5070
INFO:root:Epoch: 1325 lr: 0.01 train_loss: 0.6296 train_roc: 0.9532 train_ap: 0.9440 time: 0.3177s
INFO:root:Epoch: 1325 val_loss: 4.4457 val_roc: 0.4901 val_ap: 0.5061
INFO:root:Epoch: 1330 lr: 0.01 train_loss: 0.6443 train_roc: 0.9530 train_ap: 0.9438 time: 0.3208s
INFO:root:Epoch: 1330 val_loss: 4.7305 val_roc: 0.4858 val_ap: 0.5037
INFO:root:Epoch: 1335 lr: 0.01 train_loss: 0.6607 train_roc: 0.9513 train_ap: 0.9491 time: 0.3136s
INFO:root:Epoch: 1335 val_loss: 4.7404 val_roc: 0.4858 val_ap: 0.5044
INFO:root:Epoch: 1340 lr: 0.01 train_loss: 0.7701 train_roc: 0.9509 train_ap: 0.9475 time: 0.3131s
INFO:root:Epoch: 1340 val_loss: 4.4704 val_roc: 0.4904 val_ap: 0.5068
INFO:root:Epoch: 1345 lr: 0.01 train_loss: 0.6839 train_roc: 0.9490 train_ap: 0.9499 time: 0.3156s
INFO:root:Epoch: 1345 val_loss: 3.6869 val_roc: 0.4976 val_ap: 0.5062
INFO:root:Epoch: 1350 lr: 0.01 train_loss: 0.7689 train_roc: 0.9536 train_ap: 0.9521 time: 0.3133s
INFO:root:Epoch: 1350 val_loss: 3.6240 val_roc: 0.4986 val_ap: 0.5062
INFO:root:Epoch: 1355 lr: 0.01 train_loss: 0.6464 train_roc: 0.9519 train_ap: 0.9488 time: 0.3175s
INFO:root:Epoch: 1355 val_loss: 4.1886 val_roc: 0.4897 val_ap: 0.5044
INFO:root:Epoch: 1360 lr: 0.01 train_loss: 0.6402 train_roc: 0.9509 train_ap: 0.9475 time: 0.3168s
INFO:root:Epoch: 1360 val_loss: 4.7175 val_roc: 0.4780 val_ap: 0.4999
INFO:root:Epoch: 1365 lr: 0.01 train_loss: 0.6728 train_roc: 0.9464 train_ap: 0.9467 time: 0.3190s
INFO:root:Epoch: 1365 val_loss: 5.0409 val_roc: 0.4690 val_ap: 0.4974
INFO:root:Epoch: 1370 lr: 0.01 train_loss: 0.6362 train_roc: 0.9514 train_ap: 0.9465 time: 0.3151s
INFO:root:Epoch: 1370 val_loss: 4.6252 val_roc: 0.4722 val_ap: 0.4955
INFO:root:Epoch: 1375 lr: 0.01 train_loss: 0.6386 train_roc: 0.9515 train_ap: 0.9434 time: 0.3275s
INFO:root:Epoch: 1375 val_loss: 4.2779 val_roc: 0.4799 val_ap: 0.4995
INFO:root:Epoch: 1380 lr: 0.01 train_loss: 0.7406 train_roc: 0.9529 train_ap: 0.9517 time: 0.3162s
INFO:root:Epoch: 1380 val_loss: 4.1404 val_roc: 0.4826 val_ap: 0.5000
INFO:root:Epoch: 1385 lr: 0.01 train_loss: 0.6316 train_roc: 0.9554 train_ap: 0.9548 time: 0.3202s
INFO:root:Epoch: 1385 val_loss: 4.3561 val_roc: 0.4793 val_ap: 0.5002
INFO:root:Epoch: 1390 lr: 0.01 train_loss: 0.6378 train_roc: 0.9512 train_ap: 0.9425 time: 0.3164s
INFO:root:Epoch: 1390 val_loss: 4.6036 val_roc: 0.4777 val_ap: 0.5029
INFO:root:Epoch: 1395 lr: 0.01 train_loss: 0.7149 train_roc: 0.9431 train_ap: 0.9424 time: 0.3231s
INFO:root:Epoch: 1395 val_loss: 4.5756 val_roc: 0.4789 val_ap: 0.5013
INFO:root:Epoch: 1400 lr: 0.01 train_loss: 0.7051 train_roc: 0.9455 train_ap: 0.9486 time: 0.3195s
INFO:root:Epoch: 1400 val_loss: 4.1642 val_roc: 0.4851 val_ap: 0.5008
INFO:root:Epoch: 1405 lr: 0.01 train_loss: 0.7429 train_roc: 0.9545 train_ap: 0.9482 time: 0.3148s
INFO:root:Epoch: 1405 val_loss: 4.1194 val_roc: 0.4853 val_ap: 0.5009
INFO:root:Epoch: 1410 lr: 0.01 train_loss: 0.6654 train_roc: 0.9470 train_ap: 0.9410 time: 0.3602s
INFO:root:Epoch: 1410 val_loss: 4.5824 val_roc: 0.4802 val_ap: 0.5005
INFO:root:Epoch: 1415 lr: 0.01 train_loss: 0.6345 train_roc: 0.9534 train_ap: 0.9474 time: 0.3189s
INFO:root:Epoch: 1415 val_loss: 4.7972 val_roc: 0.4794 val_ap: 0.4999
INFO:root:Epoch: 1420 lr: 0.01 train_loss: 0.6795 train_roc: 0.9476 train_ap: 0.9456 time: 0.3181s
INFO:root:Epoch: 1420 val_loss: 4.5628 val_roc: 0.4841 val_ap: 0.5000
INFO:root:Epoch: 1425 lr: 0.01 train_loss: 0.6289 train_roc: 0.9600 train_ap: 0.9534 time: 0.3232s
INFO:root:Epoch: 1425 val_loss: 4.3901 val_roc: 0.4852 val_ap: 0.4970
INFO:root:Epoch: 1430 lr: 0.01 train_loss: 0.7055 train_roc: 0.9357 train_ap: 0.9284 time: 0.3132s
INFO:root:Epoch: 1430 val_loss: 4.3937 val_roc: 0.4850 val_ap: 0.4978
INFO:root:Epoch: 1435 lr: 0.01 train_loss: 0.7356 train_roc: 0.9373 train_ap: 0.9299 time: 0.3145s
INFO:root:Epoch: 1435 val_loss: 4.3448 val_roc: 0.4863 val_ap: 0.5001
INFO:root:Epoch: 1440 lr: 0.01 train_loss: 0.7109 train_roc: 0.9500 train_ap: 0.9469 time: 0.3169s
INFO:root:Epoch: 1440 val_loss: 4.4026 val_roc: 0.4858 val_ap: 0.5022
INFO:root:Epoch: 1445 lr: 0.01 train_loss: 0.7509 train_roc: 0.9312 train_ap: 0.9317 time: 0.3200s
INFO:root:Epoch: 1445 val_loss: 4.5813 val_roc: 0.4836 val_ap: 0.5015
INFO:root:Epoch: 1450 lr: 0.01 train_loss: 0.6636 train_roc: 0.9483 train_ap: 0.9372 time: 0.3325s
INFO:root:Epoch: 1450 val_loss: 4.4057 val_roc: 0.4852 val_ap: 0.4998
INFO:root:Epoch: 1455 lr: 0.01 train_loss: 0.6690 train_roc: 0.9431 train_ap: 0.9371 time: 0.3236s
INFO:root:Epoch: 1455 val_loss: 4.3078 val_roc: 0.4861 val_ap: 0.4994
INFO:root:Epoch: 1460 lr: 0.01 train_loss: 0.6476 train_roc: 0.9478 train_ap: 0.9408 time: 0.3185s
INFO:root:Epoch: 1460 val_loss: 4.1788 val_roc: 0.4889 val_ap: 0.5022
INFO:root:Epoch: 1465 lr: 0.01 train_loss: 0.7830 train_roc: 0.9424 train_ap: 0.9391 time: 0.3208s
INFO:root:Epoch: 1465 val_loss: 4.2645 val_roc: 0.4879 val_ap: 0.5033
INFO:root:Epoch: 1470 lr: 0.01 train_loss: 0.6116 train_roc: 0.9593 train_ap: 0.9568 time: 0.3184s
INFO:root:Epoch: 1470 val_loss: 4.5692 val_roc: 0.4848 val_ap: 0.5037
INFO:root:Epoch: 1475 lr: 0.01 train_loss: 0.6280 train_roc: 0.9543 train_ap: 0.9491 time: 0.3258s
INFO:root:Epoch: 1475 val_loss: 4.8902 val_roc: 0.4831 val_ap: 0.5050
INFO:root:Epoch: 1480 lr: 0.01 train_loss: 0.6788 train_roc: 0.9475 train_ap: 0.9443 time: 0.3220s
INFO:root:Epoch: 1480 val_loss: 5.4094 val_roc: 0.4785 val_ap: 0.5041
INFO:root:Epoch: 1485 lr: 0.01 train_loss: 0.6611 train_roc: 0.9461 train_ap: 0.9418 time: 0.3206s
INFO:root:Epoch: 1485 val_loss: 5.4030 val_roc: 0.4775 val_ap: 0.5025
INFO:root:Epoch: 1490 lr: 0.01 train_loss: 0.6077 train_roc: 0.9591 train_ap: 0.9565 time: 0.3267s
INFO:root:Epoch: 1490 val_loss: 4.7689 val_roc: 0.4856 val_ap: 0.5035
INFO:root:Epoch: 1495 lr: 0.01 train_loss: 0.6666 train_roc: 0.9601 train_ap: 0.9608 time: 0.3182s
INFO:root:Epoch: 1495 val_loss: 4.4514 val_roc: 0.4918 val_ap: 0.5061
INFO:root:Epoch: 1500 lr: 0.01 train_loss: 0.7147 train_roc: 0.9470 train_ap: 0.9408 time: 0.3187s
INFO:root:Epoch: 1500 val_loss: 4.6006 val_roc: 0.4895 val_ap: 0.5056
INFO:root:Epoch: 1505 lr: 0.01 train_loss: 0.6047 train_roc: 0.9579 train_ap: 0.9530 time: 0.3185s
INFO:root:Epoch: 1505 val_loss: 4.7312 val_roc: 0.4839 val_ap: 0.5036
INFO:root:Epoch: 1510 lr: 0.01 train_loss: 0.6747 train_roc: 0.9523 train_ap: 0.9483 time: 0.3575s
INFO:root:Epoch: 1510 val_loss: 4.9901 val_roc: 0.4787 val_ap: 0.4994
INFO:root:Epoch: 1515 lr: 0.01 train_loss: 0.6597 train_roc: 0.9469 train_ap: 0.9421 time: 0.3179s
INFO:root:Epoch: 1515 val_loss: 5.4402 val_roc: 0.4714 val_ap: 0.4963
INFO:root:Epoch: 1520 lr: 0.01 train_loss: 0.6975 train_roc: 0.9436 train_ap: 0.9358 time: 0.3125s
INFO:root:Epoch: 1520 val_loss: 5.3507 val_roc: 0.4717 val_ap: 0.4949
INFO:root:Epoch: 1525 lr: 0.01 train_loss: 0.6811 train_roc: 0.9417 train_ap: 0.9429 time: 0.3158s
INFO:root:Epoch: 1525 val_loss: 5.4007 val_roc: 0.4710 val_ap: 0.4934
INFO:root:Epoch: 1530 lr: 0.01 train_loss: 0.6312 train_roc: 0.9543 train_ap: 0.9503 time: 0.3210s
INFO:root:Epoch: 1530 val_loss: 5.0653 val_roc: 0.4749 val_ap: 0.4960
INFO:root:Epoch: 1535 lr: 0.01 train_loss: 0.6658 train_roc: 0.9474 train_ap: 0.9409 time: 0.3189s
INFO:root:Epoch: 1535 val_loss: 4.3417 val_roc: 0.4836 val_ap: 0.4991
INFO:root:Epoch: 1540 lr: 0.01 train_loss: 0.8672 train_roc: 0.9212 train_ap: 0.9314 time: 0.3204s
INFO:root:Epoch: 1540 val_loss: 3.9906 val_roc: 0.4879 val_ap: 0.4996
INFO:root:Epoch: 1545 lr: 0.01 train_loss: 0.7396 train_roc: 0.9511 train_ap: 0.9466 time: 0.3177s
INFO:root:Epoch: 1545 val_loss: 4.0595 val_roc: 0.4918 val_ap: 0.5029
INFO:root:Epoch: 1550 lr: 0.01 train_loss: 0.8127 train_roc: 0.9542 train_ap: 0.9527 time: 0.3123s
INFO:root:Epoch: 1550 val_loss: 4.4488 val_roc: 0.4879 val_ap: 0.5025
INFO:root:Epoch: 1555 lr: 0.01 train_loss: 0.6761 train_roc: 0.9441 train_ap: 0.9405 time: 0.3183s
INFO:root:Epoch: 1555 val_loss: 4.8656 val_roc: 0.4803 val_ap: 0.5008
INFO:root:Epoch: 1560 lr: 0.01 train_loss: 0.6874 train_roc: 0.9431 train_ap: 0.9366 time: 0.3161s
INFO:root:Epoch: 1560 val_loss: 4.9835 val_roc: 0.4798 val_ap: 0.5024
INFO:root:Epoch: 1565 lr: 0.01 train_loss: 0.6461 train_roc: 0.9513 train_ap: 0.9515 time: 0.3175s
INFO:root:Epoch: 1565 val_loss: 5.1257 val_roc: 0.4791 val_ap: 0.5006
INFO:root:Epoch: 1570 lr: 0.01 train_loss: 0.6851 train_roc: 0.9393 train_ap: 0.9270 time: 0.3183s
INFO:root:Epoch: 1570 val_loss: 5.2898 val_roc: 0.4770 val_ap: 0.4986
INFO:root:Epoch: 1575 lr: 0.01 train_loss: 0.6532 train_roc: 0.9483 train_ap: 0.9430 time: 0.3157s
INFO:root:Epoch: 1575 val_loss: 5.1759 val_roc: 0.4786 val_ap: 0.4994
INFO:root:Epoch: 1580 lr: 0.01 train_loss: 0.6408 train_roc: 0.9584 train_ap: 0.9525 time: 0.3142s
INFO:root:Epoch: 1580 val_loss: 5.0226 val_roc: 0.4817 val_ap: 0.5017
INFO:root:Epoch: 1585 lr: 0.01 train_loss: 0.7019 train_roc: 0.9453 train_ap: 0.9474 time: 0.3139s
INFO:root:Epoch: 1585 val_loss: 4.6178 val_roc: 0.4891 val_ap: 0.5052
INFO:root:Epoch: 1590 lr: 0.01 train_loss: 0.6834 train_roc: 0.9477 train_ap: 0.9497 time: 0.3154s
INFO:root:Epoch: 1590 val_loss: 4.6786 val_roc: 0.4897 val_ap: 0.5050
INFO:root:Epoch: 1595 lr: 0.01 train_loss: 0.9056 train_roc: 0.9391 train_ap: 0.9361 time: 0.3184s
INFO:root:Epoch: 1595 val_loss: 4.7095 val_roc: 0.4910 val_ap: 0.5050
INFO:root:Epoch: 1600 lr: 0.01 train_loss: 0.6035 train_roc: 0.9612 train_ap: 0.9572 time: 0.3184s
INFO:root:Epoch: 1600 val_loss: 4.8339 val_roc: 0.4898 val_ap: 0.5042
INFO:root:Epoch: 1605 lr: 0.01 train_loss: 0.6427 train_roc: 0.9503 train_ap: 0.9463 time: 0.3171s
INFO:root:Epoch: 1605 val_loss: 5.0463 val_roc: 0.4870 val_ap: 0.5031
INFO:root:Epoch: 1610 lr: 0.01 train_loss: 0.6907 train_roc: 0.9479 train_ap: 0.9406 time: 0.3174s
INFO:root:Epoch: 1610 val_loss: 5.1736 val_roc: 0.4821 val_ap: 0.5003
INFO:root:Epoch: 1615 lr: 0.01 train_loss: 0.6489 train_roc: 0.9511 train_ap: 0.9493 time: 0.3145s
INFO:root:Epoch: 1615 val_loss: 4.9341 val_roc: 0.4829 val_ap: 0.5001
INFO:root:Epoch: 1620 lr: 0.01 train_loss: 0.6417 train_roc: 0.9517 train_ap: 0.9446 time: 0.3186s
INFO:root:Epoch: 1620 val_loss: 4.5139 val_roc: 0.4907 val_ap: 0.5038
INFO:root:Epoch: 1625 lr: 0.01 train_loss: 0.7111 train_roc: 0.9618 train_ap: 0.9608 time: 0.3224s
INFO:root:Epoch: 1625 val_loss: 4.3975 val_roc: 0.4905 val_ap: 0.5010
INFO:root:Epoch: 1630 lr: 0.01 train_loss: 0.6751 train_roc: 0.9420 train_ap: 0.9392 time: 0.3165s
INFO:root:Epoch: 1630 val_loss: 4.3351 val_roc: 0.4919 val_ap: 0.5024
INFO:root:Epoch: 1635 lr: 0.01 train_loss: 0.6780 train_roc: 0.9480 train_ap: 0.9428 time: 0.3138s
INFO:root:Epoch: 1635 val_loss: 4.3393 val_roc: 0.4903 val_ap: 0.5015
INFO:root:Epoch: 1640 lr: 0.01 train_loss: 0.6839 train_roc: 0.9508 train_ap: 0.9513 time: 0.3177s
INFO:root:Epoch: 1640 val_loss: 4.2368 val_roc: 0.4913 val_ap: 0.5021
INFO:root:Epoch: 1645 lr: 0.01 train_loss: 0.6766 train_roc: 0.9472 train_ap: 0.9430 time: 0.3122s
INFO:root:Epoch: 1645 val_loss: 4.4765 val_roc: 0.4854 val_ap: 0.4984
INFO:root:Epoch: 1650 lr: 0.01 train_loss: 0.6745 train_roc: 0.9487 train_ap: 0.9494 time: 0.3113s
INFO:root:Epoch: 1650 val_loss: 4.9423 val_roc: 0.4801 val_ap: 0.4966
INFO:root:Epoch: 1655 lr: 0.01 train_loss: 0.6708 train_roc: 0.9427 train_ap: 0.9360 time: 0.3162s
INFO:root:Epoch: 1655 val_loss: 5.1176 val_roc: 0.4780 val_ap: 0.4954
INFO:root:Epoch: 1660 lr: 0.01 train_loss: 0.6313 train_roc: 0.9536 train_ap: 0.9493 time: 0.3170s
INFO:root:Epoch: 1660 val_loss: 4.9240 val_roc: 0.4787 val_ap: 0.4961
INFO:root:Epoch: 1665 lr: 0.01 train_loss: 0.6134 train_roc: 0.9586 train_ap: 0.9566 time: 0.3155s
INFO:root:Epoch: 1665 val_loss: 4.6173 val_roc: 0.4802 val_ap: 0.4958
INFO:root:Epoch: 1670 lr: 0.01 train_loss: 0.6552 train_roc: 0.9476 train_ap: 0.9448 time: 0.3169s
INFO:root:Epoch: 1670 val_loss: 4.6371 val_roc: 0.4779 val_ap: 0.4933
INFO:root:Epoch: 1675 lr: 0.01 train_loss: 0.6757 train_roc: 0.9503 train_ap: 0.9486 time: 0.3158s
INFO:root:Epoch: 1675 val_loss: 4.7730 val_roc: 0.4765 val_ap: 0.4930
INFO:root:Epoch: 1680 lr: 0.01 train_loss: 0.7270 train_roc: 0.9503 train_ap: 0.9488 time: 0.3135s
INFO:root:Epoch: 1680 val_loss: 4.8890 val_roc: 0.4786 val_ap: 0.4971
INFO:root:Epoch: 1685 lr: 0.01 train_loss: 0.6737 train_roc: 0.9432 train_ap: 0.9362 time: 0.3180s
INFO:root:Epoch: 1685 val_loss: 4.7529 val_roc: 0.4833 val_ap: 0.4993
INFO:root:Epoch: 1690 lr: 0.01 train_loss: 0.6555 train_roc: 0.9458 train_ap: 0.9396 time: 0.3187s
INFO:root:Epoch: 1690 val_loss: 4.3000 val_roc: 0.4932 val_ap: 0.5052
INFO:root:Epoch: 1695 lr: 0.01 train_loss: 0.7787 train_roc: 0.9519 train_ap: 0.9484 time: 0.3184s
INFO:root:Epoch: 1695 val_loss: 4.3903 val_roc: 0.4948 val_ap: 0.5057
INFO:root:Epoch: 1700 lr: 0.01 train_loss: 0.6535 train_roc: 0.9493 train_ap: 0.9433 time: 0.3206s
INFO:root:Epoch: 1700 val_loss: 4.8191 val_roc: 0.4896 val_ap: 0.5025
INFO:root:Epoch: 1705 lr: 0.01 train_loss: 0.6401 train_roc: 0.9514 train_ap: 0.9498 time: 0.3182s
INFO:root:Epoch: 1705 val_loss: 5.3164 val_roc: 0.4818 val_ap: 0.4998
INFO:root:Epoch: 1710 lr: 0.01 train_loss: 0.7019 train_roc: 0.9406 train_ap: 0.9346 time: 0.3142s
INFO:root:Epoch: 1710 val_loss: 5.5883 val_roc: 0.4787 val_ap: 0.5002
INFO:root:Epoch: 1715 lr: 0.01 train_loss: 0.6565 train_roc: 0.9510 train_ap: 0.9472 time: 0.3142s
INFO:root:Epoch: 1715 val_loss: 5.3810 val_roc: 0.4832 val_ap: 0.5018
INFO:root:Epoch: 1720 lr: 0.01 train_loss: 0.6754 train_roc: 0.9493 train_ap: 0.9484 time: 0.3190s
INFO:root:Epoch: 1720 val_loss: 4.7494 val_roc: 0.4938 val_ap: 0.5039
INFO:root:Epoch: 1725 lr: 0.01 train_loss: 0.7242 train_roc: 0.9487 train_ap: 0.9502 time: 0.3247s
INFO:root:Epoch: 1725 val_loss: 4.2956 val_roc: 0.5035 val_ap: 0.5089
INFO:root:Epoch: 1730 lr: 0.01 train_loss: 0.7747 train_roc: 0.9484 train_ap: 0.9427 time: 0.3140s
INFO:root:Epoch: 1730 val_loss: 4.1959 val_roc: 0.5041 val_ap: 0.5103
INFO:root:Epoch: 1735 lr: 0.01 train_loss: 0.6357 train_roc: 0.9512 train_ap: 0.9503 time: 0.3223s
INFO:root:Epoch: 1735 val_loss: 4.2869 val_roc: 0.5002 val_ap: 0.5070
INFO:root:Epoch: 1740 lr: 0.01 train_loss: 0.6417 train_roc: 0.9535 train_ap: 0.9473 time: 0.3332s
INFO:root:Epoch: 1740 val_loss: 4.4084 val_roc: 0.4964 val_ap: 0.5068
INFO:root:Epoch: 1745 lr: 0.01 train_loss: 0.6236 train_roc: 0.9557 train_ap: 0.9475 time: 0.3172s
INFO:root:Epoch: 1745 val_loss: 4.6518 val_roc: 0.4913 val_ap: 0.5044
INFO:root:Epoch: 1750 lr: 0.01 train_loss: 0.6180 train_roc: 0.9630 train_ap: 0.9611 time: 0.3188s
INFO:root:Epoch: 1750 val_loss: 4.7521 val_roc: 0.4901 val_ap: 0.5027
INFO:root:Epoch: 1755 lr: 0.01 train_loss: 0.6479 train_roc: 0.9572 train_ap: 0.9527 time: 0.3163s
INFO:root:Epoch: 1755 val_loss: 4.6049 val_roc: 0.4906 val_ap: 0.5031
INFO:root:Epoch: 1760 lr: 0.01 train_loss: 0.7774 train_roc: 0.9509 train_ap: 0.9491 time: 0.3304s
INFO:root:Epoch: 1760 val_loss: 4.3334 val_roc: 0.4943 val_ap: 0.5044
INFO:root:Epoch: 1765 lr: 0.01 train_loss: 0.7519 train_roc: 0.9384 train_ap: 0.9355 time: 0.3194s
INFO:root:Epoch: 1765 val_loss: 4.3767 val_roc: 0.4939 val_ap: 0.5048
INFO:root:Epoch: 1770 lr: 0.01 train_loss: 0.5987 train_roc: 0.9614 train_ap: 0.9590 time: 0.3150s
INFO:root:Epoch: 1770 val_loss: 4.6086 val_roc: 0.4909 val_ap: 0.5054
INFO:root:Epoch: 1775 lr: 0.01 train_loss: 0.6288 train_roc: 0.9529 train_ap: 0.9523 time: 0.3115s
INFO:root:Epoch: 1775 val_loss: 4.7472 val_roc: 0.4896 val_ap: 0.5061
INFO:root:Epoch: 1780 lr: 0.01 train_loss: 0.6151 train_roc: 0.9580 train_ap: 0.9533 time: 0.3150s
INFO:root:Epoch: 1780 val_loss: 4.7450 val_roc: 0.4901 val_ap: 0.5066
INFO:root:Epoch: 1785 lr: 0.01 train_loss: 0.6238 train_roc: 0.9549 train_ap: 0.9496 time: 0.3222s
INFO:root:Epoch: 1785 val_loss: 4.5947 val_roc: 0.4910 val_ap: 0.5070
INFO:root:Epoch: 1790 lr: 0.01 train_loss: 0.6376 train_roc: 0.9511 train_ap: 0.9465 time: 0.3348s
INFO:root:Epoch: 1790 val_loss: 4.7030 val_roc: 0.4908 val_ap: 0.5072
INFO:root:Epoch: 1795 lr: 0.01 train_loss: 0.6960 train_roc: 0.9591 train_ap: 0.9612 time: 0.3172s
INFO:root:Epoch: 1795 val_loss: 4.9426 val_roc: 0.4885 val_ap: 0.5055
INFO:root:Epoch: 1800 lr: 0.01 train_loss: 0.6633 train_roc: 0.9438 train_ap: 0.9380 time: 0.3196s
INFO:root:Epoch: 1800 val_loss: 5.0230 val_roc: 0.4903 val_ap: 0.5066
INFO:root:Epoch: 1805 lr: 0.01 train_loss: 0.6713 train_roc: 0.9423 train_ap: 0.9325 time: 0.3312s
INFO:root:Epoch: 1805 val_loss: 4.8778 val_roc: 0.4925 val_ap: 0.5057
INFO:root:Epoch: 1810 lr: 0.01 train_loss: 0.6599 train_roc: 0.9487 train_ap: 0.9466 time: 0.3183s
INFO:root:Epoch: 1810 val_loss: 5.0049 val_roc: 0.4894 val_ap: 0.5033
INFO:root:Epoch: 1815 lr: 0.01 train_loss: 0.6665 train_roc: 0.9453 train_ap: 0.9380 time: 0.3228s
INFO:root:Epoch: 1815 val_loss: 5.4463 val_roc: 0.4824 val_ap: 0.4982
INFO:root:Epoch: 1820 lr: 0.01 train_loss: 0.6675 train_roc: 0.9454 train_ap: 0.9421 time: 0.3168s
INFO:root:Epoch: 1820 val_loss: 5.2873 val_roc: 0.4822 val_ap: 0.4987
INFO:root:Epoch: 1825 lr: 0.01 train_loss: 0.6388 train_roc: 0.9531 train_ap: 0.9480 time: 0.3317s
INFO:root:Epoch: 1825 val_loss: 4.7528 val_roc: 0.4882 val_ap: 0.5010
INFO:root:Epoch: 1830 lr: 0.01 train_loss: 0.7205 train_roc: 0.9430 train_ap: 0.9346 time: 0.3184s
INFO:root:Epoch: 1830 val_loss: 4.4713 val_roc: 0.4944 val_ap: 0.5043
INFO:root:Early stopping
INFO:root:Optimization Finished!
INFO:root:Total time elapsed: 848.9712s
INFO:root:Val set results: val_loss: 4.1959 val_roc: 0.5041 val_ap: 0.5103
INFO:root:Test set results: test_loss: 4.8737 test_roc: 0.4266 test_ap: 0.4476
