INFO:root:Using: cpu
INFO:root:Using seed 1234.
INFO:root:LPModel(
  (encoder): HypGCN(
    (layers): Sequential(
      (0): HyperbolicGraphConvolution(
        (linear): HypLinear(in_features=11, out_features=16, c=tensor([1.]))
        (agg): HypAgg(c=tensor([1.]), use_att=0)
        (hyp_act): HypAct(c_in=tensor([1.]), c_out=tensor([1.]))
      )
      (1): HyperbolicGraphConvolution(
        (linear): HypLinear(in_features=16, out_features=16, c=tensor([1.]))
        (agg): HypAgg(c=tensor([1.]), use_att=0)
        (hyp_act): HypAct(c_in=tensor([1.]), c_out=tensor([1.]))
      )
    )
  )
  (dc): FermiDiracDecoder()
)
INFO:root:Total number of parameters: 464
INFO:root:Epoch: 0005 lr: 0.01 train_loss: 1.4392 train_roc: 0.9101 train_ap: 0.9028 time: 0.1535s
INFO:root:Epoch: 0005 val_loss: 2.1427 val_roc: 0.5034 val_ap: 0.5369
INFO:root:Epoch: 0010 lr: 0.01 train_loss: 1.5803 train_roc: 0.8830 train_ap: 0.8740 time: 0.1503s
INFO:root:Epoch: 0010 val_loss: 2.1557 val_roc: 0.5041 val_ap: 0.5373
INFO:root:Epoch: 0015 lr: 0.01 train_loss: 1.2955 train_roc: 0.9159 train_ap: 0.9144 time: 0.1493s
INFO:root:Epoch: 0015 val_loss: 2.1653 val_roc: 0.5103 val_ap: 0.5412
INFO:root:Epoch: 0020 lr: 0.01 train_loss: 1.5639 train_roc: 0.9170 train_ap: 0.9175 time: 0.1511s
INFO:root:Epoch: 0020 val_loss: 2.1595 val_roc: 0.5190 val_ap: 0.5451
INFO:root:Epoch: 0025 lr: 0.01 train_loss: 1.5013 train_roc: 0.9234 train_ap: 0.9293 time: 0.1495s
INFO:root:Epoch: 0025 val_loss: 2.1583 val_roc: 0.5288 val_ap: 0.5510
INFO:root:Epoch: 0030 lr: 0.01 train_loss: 1.3552 train_roc: 0.9024 train_ap: 0.9004 time: 0.1506s
INFO:root:Epoch: 0030 val_loss: 2.1624 val_roc: 0.5376 val_ap: 0.5556
INFO:root:Epoch: 0035 lr: 0.01 train_loss: 1.4727 train_roc: 0.9060 train_ap: 0.9094 time: 0.1493s
INFO:root:Epoch: 0035 val_loss: 2.2088 val_roc: 0.5449 val_ap: 0.5610
INFO:root:Epoch: 0040 lr: 0.01 train_loss: 1.3194 train_roc: 0.9131 train_ap: 0.9088 time: 0.1507s
INFO:root:Epoch: 0040 val_loss: 2.3219 val_roc: 0.5475 val_ap: 0.5621
INFO:root:Epoch: 0045 lr: 0.01 train_loss: 1.4376 train_roc: 0.8912 train_ap: 0.8921 time: 0.1539s
INFO:root:Epoch: 0045 val_loss: 2.4273 val_roc: 0.5497 val_ap: 0.5656
INFO:root:Epoch: 0050 lr: 0.01 train_loss: 1.3010 train_roc: 0.8858 train_ap: 0.8739 time: 0.1509s
INFO:root:Epoch: 0050 val_loss: 2.4865 val_roc: 0.5507 val_ap: 0.5662
INFO:root:Epoch: 0055 lr: 0.01 train_loss: 1.2206 train_roc: 0.9187 train_ap: 0.9190 time: 0.1505s
INFO:root:Epoch: 0055 val_loss: 2.4704 val_roc: 0.5532 val_ap: 0.5682
INFO:root:Epoch: 0060 lr: 0.01 train_loss: 1.1820 train_roc: 0.9152 train_ap: 0.9114 time: 0.1510s
INFO:root:Epoch: 0060 val_loss: 2.4813 val_roc: 0.5554 val_ap: 0.5699
INFO:root:Epoch: 0065 lr: 0.01 train_loss: 1.3335 train_roc: 0.9188 train_ap: 0.9197 time: 0.1496s
INFO:root:Epoch: 0065 val_loss: 2.5550 val_roc: 0.5574 val_ap: 0.5706
INFO:root:Epoch: 0070 lr: 0.01 train_loss: 1.1891 train_roc: 0.9029 train_ap: 0.8996 time: 0.1485s
INFO:root:Epoch: 0070 val_loss: 2.8209 val_roc: 0.5583 val_ap: 0.5708
INFO:root:Epoch: 0075 lr: 0.01 train_loss: 1.1499 train_roc: 0.9242 train_ap: 0.9261 time: 0.1517s
INFO:root:Epoch: 0075 val_loss: 2.8841 val_roc: 0.5593 val_ap: 0.5717
INFO:root:Epoch: 0080 lr: 0.01 train_loss: 1.0958 train_roc: 0.9249 train_ap: 0.9225 time: 0.1484s
INFO:root:Epoch: 0080 val_loss: 2.8937 val_roc: 0.5623 val_ap: 0.5743
INFO:root:Epoch: 0085 lr: 0.01 train_loss: 1.0865 train_roc: 0.9288 train_ap: 0.9282 time: 0.1494s
INFO:root:Epoch: 0085 val_loss: 2.8933 val_roc: 0.5658 val_ap: 0.5776
INFO:root:Epoch: 0090 lr: 0.01 train_loss: 1.0414 train_roc: 0.9350 train_ap: 0.9329 time: 0.1524s
INFO:root:Epoch: 0090 val_loss: 2.8977 val_roc: 0.5692 val_ap: 0.5802
INFO:root:Epoch: 0095 lr: 0.01 train_loss: 0.8970 train_roc: 0.9460 train_ap: 0.9517 time: 0.1529s
INFO:root:Epoch: 0095 val_loss: 2.9485 val_roc: 0.5739 val_ap: 0.5843
INFO:root:Epoch: 0100 lr: 0.01 train_loss: 1.2093 train_roc: 0.9028 train_ap: 0.9050 time: 0.1507s
INFO:root:Epoch: 0100 val_loss: 2.9731 val_roc: 0.5789 val_ap: 0.5868
INFO:root:Epoch: 0105 lr: 0.01 train_loss: 1.1168 train_roc: 0.9272 train_ap: 0.9247 time: 0.1549s
INFO:root:Epoch: 0105 val_loss: 2.9555 val_roc: 0.5855 val_ap: 0.5920
INFO:root:Epoch: 0110 lr: 0.01 train_loss: 0.9693 train_roc: 0.9288 train_ap: 0.9325 time: 0.1524s
INFO:root:Epoch: 0110 val_loss: 2.9316 val_roc: 0.5901 val_ap: 0.5946
INFO:root:Epoch: 0115 lr: 0.01 train_loss: 1.0262 train_roc: 0.9215 train_ap: 0.9209 time: 0.1501s
INFO:root:Epoch: 0115 val_loss: 2.9320 val_roc: 0.5915 val_ap: 0.5952
INFO:root:Epoch: 0120 lr: 0.01 train_loss: 1.1453 train_roc: 0.9386 train_ap: 0.9374 time: 0.1524s
INFO:root:Epoch: 0120 val_loss: 2.9312 val_roc: 0.5943 val_ap: 0.5977
INFO:root:Epoch: 0125 lr: 0.01 train_loss: 1.1265 train_roc: 0.9460 train_ap: 0.9460 time: 0.1495s
INFO:root:Epoch: 0125 val_loss: 2.9488 val_roc: 0.5970 val_ap: 0.6001
INFO:root:Epoch: 0130 lr: 0.01 train_loss: 1.0122 train_roc: 0.9363 train_ap: 0.9386 time: 0.1503s
INFO:root:Epoch: 0130 val_loss: 2.9450 val_roc: 0.6005 val_ap: 0.6022
INFO:root:Epoch: 0135 lr: 0.01 train_loss: 0.9290 train_roc: 0.9183 train_ap: 0.9084 time: 0.1526s
INFO:root:Epoch: 0135 val_loss: 2.9391 val_roc: 0.6030 val_ap: 0.6020
INFO:root:Epoch: 0140 lr: 0.01 train_loss: 0.9743 train_roc: 0.9265 train_ap: 0.9298 time: 0.1534s
INFO:root:Epoch: 0140 val_loss: 2.9021 val_roc: 0.6060 val_ap: 0.6031
INFO:root:Epoch: 0145 lr: 0.01 train_loss: 0.9916 train_roc: 0.9330 train_ap: 0.9271 time: 0.1492s
INFO:root:Epoch: 0145 val_loss: 2.8650 val_roc: 0.6087 val_ap: 0.6034
INFO:root:Epoch: 0150 lr: 0.01 train_loss: 1.0694 train_roc: 0.9531 train_ap: 0.9570 time: 0.1481s
INFO:root:Epoch: 0150 val_loss: 2.8225 val_roc: 0.6120 val_ap: 0.6039
INFO:root:Epoch: 0155 lr: 0.01 train_loss: 0.8945 train_roc: 0.9385 train_ap: 0.9405 time: 0.1505s
INFO:root:Epoch: 0155 val_loss: 2.8053 val_roc: 0.6158 val_ap: 0.6064
INFO:root:Epoch: 0160 lr: 0.01 train_loss: 1.0521 train_roc: 0.9068 train_ap: 0.9031 time: 0.1551s
INFO:root:Epoch: 0160 val_loss: 2.6040 val_roc: 0.6208 val_ap: 0.6099
INFO:root:Epoch: 0165 lr: 0.01 train_loss: 0.8791 train_roc: 0.9426 train_ap: 0.9394 time: 0.1494s
INFO:root:Epoch: 0165 val_loss: 2.5125 val_roc: 0.6262 val_ap: 0.6127
INFO:root:Epoch: 0170 lr: 0.01 train_loss: 0.9935 train_roc: 0.9340 train_ap: 0.9356 time: 0.1503s
INFO:root:Epoch: 0170 val_loss: 2.3928 val_roc: 0.6314 val_ap: 0.6163
INFO:root:Epoch: 0175 lr: 0.01 train_loss: 1.0928 train_roc: 0.9294 train_ap: 0.9271 time: 0.1488s
INFO:root:Epoch: 0175 val_loss: 2.3229 val_roc: 0.6355 val_ap: 0.6185
INFO:root:Epoch: 0180 lr: 0.01 train_loss: 0.9839 train_roc: 0.9240 train_ap: 0.9184 time: 0.1487s
INFO:root:Epoch: 0180 val_loss: 2.3129 val_roc: 0.6384 val_ap: 0.6193
INFO:root:Epoch: 0185 lr: 0.01 train_loss: 1.1029 train_roc: 0.9259 train_ap: 0.9280 time: 0.1511s
INFO:root:Epoch: 0185 val_loss: 2.2439 val_roc: 0.6412 val_ap: 0.6202
INFO:root:Epoch: 0190 lr: 0.01 train_loss: 0.9949 train_roc: 0.9381 train_ap: 0.9339 time: 0.1481s
INFO:root:Epoch: 0190 val_loss: 2.2341 val_roc: 0.6425 val_ap: 0.6196
INFO:root:Epoch: 0195 lr: 0.01 train_loss: 0.8973 train_roc: 0.9415 train_ap: 0.9361 time: 0.1497s
INFO:root:Epoch: 0195 val_loss: 2.2783 val_roc: 0.6436 val_ap: 0.6202
INFO:root:Epoch: 0200 lr: 0.01 train_loss: 0.8148 train_roc: 0.9455 train_ap: 0.9428 time: 0.1494s
INFO:root:Epoch: 0200 val_loss: 2.3205 val_roc: 0.6438 val_ap: 0.6196
INFO:root:Epoch: 0205 lr: 0.01 train_loss: 0.9189 train_roc: 0.9402 train_ap: 0.9387 time: 0.1504s
INFO:root:Epoch: 0205 val_loss: 2.3601 val_roc: 0.6441 val_ap: 0.6196
INFO:root:Epoch: 0210 lr: 0.01 train_loss: 0.9486 train_roc: 0.9362 train_ap: 0.9396 time: 0.1509s
INFO:root:Epoch: 0210 val_loss: 2.3836 val_roc: 0.6442 val_ap: 0.6190
INFO:root:Epoch: 0215 lr: 0.01 train_loss: 0.8703 train_roc: 0.9422 train_ap: 0.9462 time: 0.1496s
INFO:root:Epoch: 0215 val_loss: 2.4168 val_roc: 0.6449 val_ap: 0.6204
INFO:root:Epoch: 0220 lr: 0.01 train_loss: 0.9415 train_roc: 0.9367 train_ap: 0.9357 time: 0.1525s
INFO:root:Epoch: 0220 val_loss: 2.4891 val_roc: 0.6468 val_ap: 0.6215
INFO:root:Epoch: 0225 lr: 0.01 train_loss: 0.9379 train_roc: 0.9200 train_ap: 0.9141 time: 0.1498s
INFO:root:Epoch: 0225 val_loss: 2.5208 val_roc: 0.6481 val_ap: 0.6224
INFO:root:Epoch: 0230 lr: 0.01 train_loss: 1.1012 train_roc: 0.9060 train_ap: 0.8999 time: 0.1502s
INFO:root:Epoch: 0230 val_loss: 2.4482 val_roc: 0.6504 val_ap: 0.6236
INFO:root:Epoch: 0235 lr: 0.01 train_loss: 0.9566 train_roc: 0.9321 train_ap: 0.9289 time: 0.1472s
INFO:root:Epoch: 0235 val_loss: 2.3546 val_roc: 0.6523 val_ap: 0.6246
INFO:root:Epoch: 0240 lr: 0.01 train_loss: 0.8660 train_roc: 0.9486 train_ap: 0.9466 time: 0.1484s
INFO:root:Epoch: 0240 val_loss: 2.2860 val_roc: 0.6531 val_ap: 0.6240
INFO:root:Epoch: 0245 lr: 0.01 train_loss: 0.8325 train_roc: 0.9418 train_ap: 0.9404 time: 0.1516s
INFO:root:Epoch: 0245 val_loss: 2.2630 val_roc: 0.6543 val_ap: 0.6241
INFO:root:Epoch: 0250 lr: 0.01 train_loss: 0.9914 train_roc: 0.9033 train_ap: 0.8986 time: 0.1530s
INFO:root:Epoch: 0250 val_loss: 2.2337 val_roc: 0.6563 val_ap: 0.6254
INFO:root:Epoch: 0255 lr: 0.01 train_loss: 0.8765 train_roc: 0.9254 train_ap: 0.9269 time: 0.1670s
INFO:root:Epoch: 0255 val_loss: 2.2018 val_roc: 0.6587 val_ap: 0.6256
INFO:root:Epoch: 0260 lr: 0.01 train_loss: 1.0641 train_roc: 0.9225 train_ap: 0.9236 time: 0.2822s
INFO:root:Epoch: 0260 val_loss: 2.1641 val_roc: 0.6595 val_ap: 0.6269
INFO:root:Epoch: 0265 lr: 0.01 train_loss: 0.8139 train_roc: 0.9372 train_ap: 0.9296 time: 0.1482s
INFO:root:Epoch: 0265 val_loss: 2.1889 val_roc: 0.6598 val_ap: 0.6264
INFO:root:Epoch: 0270 lr: 0.01 train_loss: 0.8491 train_roc: 0.9406 train_ap: 0.9320 time: 0.1522s
INFO:root:Epoch: 0270 val_loss: 2.2156 val_roc: 0.6604 val_ap: 0.6281
INFO:root:Epoch: 0275 lr: 0.01 train_loss: 0.8099 train_roc: 0.9418 train_ap: 0.9416 time: 0.1507s
INFO:root:Epoch: 0275 val_loss: 2.2544 val_roc: 0.6592 val_ap: 0.6276
INFO:root:Epoch: 0280 lr: 0.01 train_loss: 1.0229 train_roc: 0.9447 train_ap: 0.9388 time: 0.1515s
INFO:root:Epoch: 0280 val_loss: 2.2843 val_roc: 0.6579 val_ap: 0.6254
INFO:root:Epoch: 0285 lr: 0.01 train_loss: 0.8945 train_roc: 0.9358 train_ap: 0.9307 time: 0.1531s
INFO:root:Epoch: 0285 val_loss: 2.3018 val_roc: 0.6570 val_ap: 0.6242
INFO:root:Epoch: 0290 lr: 0.01 train_loss: 0.8725 train_roc: 0.9403 train_ap: 0.9449 time: 0.1491s
INFO:root:Epoch: 0290 val_loss: 2.3176 val_roc: 0.6576 val_ap: 0.6250
INFO:root:Epoch: 0295 lr: 0.01 train_loss: 0.8888 train_roc: 0.9339 train_ap: 0.9332 time: 0.1487s
INFO:root:Epoch: 0295 val_loss: 2.3209 val_roc: 0.6581 val_ap: 0.6245
INFO:root:Epoch: 0300 lr: 0.01 train_loss: 0.8935 train_roc: 0.9221 train_ap: 0.9109 time: 0.1510s
INFO:root:Epoch: 0300 val_loss: 2.3598 val_roc: 0.6591 val_ap: 0.6252
INFO:root:Epoch: 0305 lr: 0.01 train_loss: 1.0100 train_roc: 0.9018 train_ap: 0.8931 time: 0.1517s
INFO:root:Epoch: 0305 val_loss: 2.4085 val_roc: 0.6592 val_ap: 0.6263
INFO:root:Epoch: 0310 lr: 0.01 train_loss: 0.8383 train_roc: 0.9327 train_ap: 0.9279 time: 0.1571s
INFO:root:Epoch: 0310 val_loss: 2.4808 val_roc: 0.6593 val_ap: 0.6278
INFO:root:Epoch: 0315 lr: 0.01 train_loss: 0.8441 train_roc: 0.9446 train_ap: 0.9380 time: 0.1500s
INFO:root:Epoch: 0315 val_loss: 2.5368 val_roc: 0.6605 val_ap: 0.6313
INFO:root:Epoch: 0320 lr: 0.01 train_loss: 0.8604 train_roc: 0.9409 train_ap: 0.9438 time: 0.1503s
INFO:root:Epoch: 0320 val_loss: 2.5934 val_roc: 0.6616 val_ap: 0.6336
INFO:root:Epoch: 0325 lr: 0.01 train_loss: 0.8407 train_roc: 0.9416 train_ap: 0.9448 time: 0.1498s
INFO:root:Epoch: 0325 val_loss: 2.6054 val_roc: 0.6627 val_ap: 0.6343
INFO:root:Epoch: 0330 lr: 0.01 train_loss: 0.8842 train_roc: 0.9221 train_ap: 0.9211 time: 0.1480s
INFO:root:Epoch: 0330 val_loss: 2.6110 val_roc: 0.6636 val_ap: 0.6354
INFO:root:Epoch: 0335 lr: 0.01 train_loss: 0.9738 train_roc: 0.9176 train_ap: 0.9156 time: 0.1501s
INFO:root:Epoch: 0335 val_loss: 2.6146 val_roc: 0.6643 val_ap: 0.6363
INFO:root:Epoch: 0340 lr: 0.01 train_loss: 0.8238 train_roc: 0.9383 train_ap: 0.9378 time: 0.1487s
INFO:root:Epoch: 0340 val_loss: 2.6357 val_roc: 0.6634 val_ap: 0.6365
INFO:root:Epoch: 0345 lr: 0.01 train_loss: 0.9690 train_roc: 0.9200 train_ap: 0.9174 time: 0.1497s
INFO:root:Epoch: 0345 val_loss: 2.6817 val_roc: 0.6633 val_ap: 0.6360
INFO:root:Epoch: 0350 lr: 0.01 train_loss: 0.9219 train_roc: 0.9439 train_ap: 0.9429 time: 0.1499s
INFO:root:Epoch: 0350 val_loss: 2.7608 val_roc: 0.6633 val_ap: 0.6360
INFO:root:Epoch: 0355 lr: 0.01 train_loss: 0.8573 train_roc: 0.9266 train_ap: 0.9205 time: 0.1492s
INFO:root:Epoch: 0355 val_loss: 2.8174 val_roc: 0.6640 val_ap: 0.6363
INFO:root:Epoch: 0360 lr: 0.01 train_loss: 0.9011 train_roc: 0.9271 train_ap: 0.9229 time: 0.1496s
INFO:root:Epoch: 0360 val_loss: 3.0807 val_roc: 0.6649 val_ap: 0.6380
INFO:root:Epoch: 0365 lr: 0.01 train_loss: 0.9408 train_roc: 0.9319 train_ap: 0.9282 time: 0.1509s
INFO:root:Epoch: 0365 val_loss: 3.1966 val_roc: 0.6652 val_ap: 0.6381
INFO:root:Epoch: 0370 lr: 0.01 train_loss: 1.0637 train_roc: 0.9122 train_ap: 0.9060 time: 0.1516s
INFO:root:Epoch: 0370 val_loss: 3.2427 val_roc: 0.6658 val_ap: 0.6396
INFO:root:Epoch: 0375 lr: 0.01 train_loss: 0.8243 train_roc: 0.9354 train_ap: 0.9288 time: 0.1482s
INFO:root:Epoch: 0375 val_loss: 3.2862 val_roc: 0.6660 val_ap: 0.6395
INFO:root:Epoch: 0380 lr: 0.01 train_loss: 0.8966 train_roc: 0.9273 train_ap: 0.9255 time: 0.1480s
INFO:root:Epoch: 0380 val_loss: 3.3300 val_roc: 0.6660 val_ap: 0.6382
INFO:root:Epoch: 0385 lr: 0.01 train_loss: 0.8794 train_roc: 0.9244 train_ap: 0.9169 time: 0.1485s
INFO:root:Epoch: 0385 val_loss: 3.3725 val_roc: 0.6670 val_ap: 0.6385
INFO:root:Epoch: 0390 lr: 0.01 train_loss: 0.8827 train_roc: 0.9363 train_ap: 0.9329 time: 0.1483s
INFO:root:Epoch: 0390 val_loss: 3.3450 val_roc: 0.6683 val_ap: 0.6394
INFO:root:Epoch: 0395 lr: 0.01 train_loss: 0.7722 train_roc: 0.9440 train_ap: 0.9468 time: 0.1474s
INFO:root:Epoch: 0395 val_loss: 3.3298 val_roc: 0.6687 val_ap: 0.6384
INFO:root:Epoch: 0400 lr: 0.01 train_loss: 0.9092 train_roc: 0.9320 train_ap: 0.9373 time: 0.1562s
INFO:root:Epoch: 0400 val_loss: 3.3590 val_roc: 0.6681 val_ap: 0.6377
INFO:root:Epoch: 0405 lr: 0.01 train_loss: 0.8877 train_roc: 0.9280 train_ap: 0.9210 time: 0.1497s
INFO:root:Epoch: 0405 val_loss: 3.3536 val_roc: 0.6669 val_ap: 0.6364
INFO:root:Epoch: 0410 lr: 0.01 train_loss: 0.7909 train_roc: 0.9441 train_ap: 0.9370 time: 0.1492s
INFO:root:Epoch: 0410 val_loss: 3.3236 val_roc: 0.6668 val_ap: 0.6363
INFO:root:Epoch: 0415 lr: 0.01 train_loss: 0.8270 train_roc: 0.9357 train_ap: 0.9361 time: 0.1514s
INFO:root:Epoch: 0415 val_loss: 3.2979 val_roc: 0.6659 val_ap: 0.6334
INFO:root:Epoch: 0420 lr: 0.01 train_loss: 0.9357 train_roc: 0.9231 train_ap: 0.9235 time: 0.1504s
INFO:root:Epoch: 0420 val_loss: 3.3128 val_roc: 0.6660 val_ap: 0.6351
INFO:root:Epoch: 0425 lr: 0.01 train_loss: 0.8163 train_roc: 0.9420 train_ap: 0.9366 time: 0.1489s
INFO:root:Epoch: 0425 val_loss: 3.3664 val_roc: 0.6654 val_ap: 0.6356
INFO:root:Epoch: 0430 lr: 0.01 train_loss: 0.9155 train_roc: 0.9186 train_ap: 0.9073 time: 0.2603s
INFO:root:Epoch: 0430 val_loss: 3.4388 val_roc: 0.6644 val_ap: 0.6345
INFO:root:Epoch: 0435 lr: 0.01 train_loss: 0.9845 train_roc: 0.9330 train_ap: 0.9358 time: 0.1518s
INFO:root:Epoch: 0435 val_loss: 3.4689 val_roc: 0.6645 val_ap: 0.6355
INFO:root:Epoch: 0440 lr: 0.01 train_loss: 0.9804 train_roc: 0.9136 train_ap: 0.9129 time: 0.1491s
INFO:root:Epoch: 0440 val_loss: 3.5035 val_roc: 0.6643 val_ap: 0.6354
INFO:root:Epoch: 0445 lr: 0.01 train_loss: 0.8380 train_roc: 0.9291 train_ap: 0.9163 time: 0.1496s
INFO:root:Epoch: 0445 val_loss: 3.5511 val_roc: 0.6637 val_ap: 0.6353
INFO:root:Epoch: 0450 lr: 0.01 train_loss: 0.8808 train_roc: 0.9210 train_ap: 0.9162 time: 0.1500s
INFO:root:Epoch: 0450 val_loss: 3.6318 val_roc: 0.6622 val_ap: 0.6346
INFO:root:Epoch: 0455 lr: 0.01 train_loss: 0.9129 train_roc: 0.9367 train_ap: 0.9291 time: 0.1516s
INFO:root:Epoch: 0455 val_loss: 3.6860 val_roc: 0.6618 val_ap: 0.6345
INFO:root:Epoch: 0460 lr: 0.01 train_loss: 0.8085 train_roc: 0.9356 train_ap: 0.9298 time: 0.1506s
INFO:root:Epoch: 0460 val_loss: 3.6747 val_roc: 0.6618 val_ap: 0.6347
INFO:root:Epoch: 0465 lr: 0.01 train_loss: 0.9199 train_roc: 0.9230 train_ap: 0.9184 time: 0.1507s
INFO:root:Epoch: 0465 val_loss: 3.6858 val_roc: 0.6616 val_ap: 0.6353
INFO:root:Epoch: 0470 lr: 0.01 train_loss: 0.9552 train_roc: 0.9362 train_ap: 0.9341 time: 0.1496s
INFO:root:Epoch: 0470 val_loss: 3.6781 val_roc: 0.6624 val_ap: 0.6356
INFO:root:Epoch: 0475 lr: 0.01 train_loss: 0.9709 train_roc: 0.9387 train_ap: 0.9375 time: 0.1557s
INFO:root:Epoch: 0475 val_loss: 3.6511 val_roc: 0.6627 val_ap: 0.6340
INFO:root:Epoch: 0480 lr: 0.01 train_loss: 0.7812 train_roc: 0.9328 train_ap: 0.9225 time: 0.1522s
INFO:root:Epoch: 0480 val_loss: 3.6421 val_roc: 0.6640 val_ap: 0.6337
INFO:root:Epoch: 0485 lr: 0.01 train_loss: 0.9574 train_roc: 0.9170 train_ap: 0.9105 time: 0.1522s
INFO:root:Epoch: 0485 val_loss: 3.6384 val_roc: 0.6655 val_ap: 0.6325
INFO:root:Epoch: 0490 lr: 0.01 train_loss: 0.8105 train_roc: 0.9362 train_ap: 0.9264 time: 0.1513s
INFO:root:Epoch: 0490 val_loss: 3.8519 val_roc: 0.6637 val_ap: 0.6309
INFO:root:Early stopping
INFO:root:Optimization Finished!
INFO:root:Total time elapsed: 126.0774s
INFO:root:Val set results: val_loss: 3.3412 val_roc: 0.6686 val_ap: 0.6395
INFO:root:Test set results: test_loss: 3.3158 test_roc: 0.5631 test_ap: 0.5521
