INFO:root:Using: cpu
INFO:root:Using seed 1234.
INFO:root:LPModel(
  (encoder): HypGCN(
    (layers): Sequential(
      (0): HyperbolicGraphConvolution(
        (linear): HypLinear(in_features=11, out_features=4, c=tensor([1.]))
        (agg): HypAgg(c=tensor([1.]), use_att=0)
        (hyp_act): HypAct(c_in=tensor([1.]), c_out=tensor([1.]))
      )
      (1): HyperbolicGraphConvolution(
        (linear): HypLinear(in_features=4, out_features=4, c=tensor([1.]))
        (agg): HypAgg(c=tensor([1.]), use_att=0)
        (hyp_act): HypAct(c_in=tensor([1.]), c_out=tensor([1.]))
      )
    )
  )
  (dc): FermiDiracDecoder()
)
INFO:root:Total number of parameters: 68
INFO:root:Epoch: 0005 lr: 0.01 train_loss: 1.9205 train_roc: 0.7253 train_ap: 0.6534 time: 0.1738s
INFO:root:Epoch: 0005 val_loss: 2.3306 val_roc: 0.4947 val_ap: 0.5043
INFO:root:Epoch: 0010 lr: 0.01 train_loss: 1.4906 train_roc: 0.8406 train_ap: 0.8036 time: 0.1701s
INFO:root:Epoch: 0010 val_loss: 2.3269 val_roc: 0.4923 val_ap: 0.5013
INFO:root:Epoch: 0015 lr: 0.01 train_loss: 1.9205 train_roc: 0.6031 train_ap: 0.5320 time: 0.1703s
INFO:root:Epoch: 0015 val_loss: 2.3256 val_roc: 0.4915 val_ap: 0.5039
INFO:root:Epoch: 0020 lr: 0.01 train_loss: 1.8024 train_roc: 0.6999 train_ap: 0.6059 time: 0.1712s
INFO:root:Epoch: 0020 val_loss: 2.3220 val_roc: 0.4931 val_ap: 0.5063
INFO:root:Epoch: 0025 lr: 0.01 train_loss: 1.8134 train_roc: 0.7468 train_ap: 0.6912 time: 0.1746s
INFO:root:Epoch: 0025 val_loss: 2.3244 val_roc: 0.4932 val_ap: 0.5078
INFO:root:Epoch: 0030 lr: 0.01 train_loss: 1.8421 train_roc: 0.7754 train_ap: 0.6854 time: 0.2052s
INFO:root:Epoch: 0030 val_loss: 2.3269 val_roc: 0.4926 val_ap: 0.5090
INFO:root:Epoch: 0035 lr: 0.01 train_loss: 1.6337 train_roc: 0.8248 train_ap: 0.8039 time: 0.1726s
INFO:root:Epoch: 0035 val_loss: 2.3278 val_roc: 0.4936 val_ap: 0.5107
INFO:root:Epoch: 0040 lr: 0.01 train_loss: 1.5231 train_roc: 0.8469 train_ap: 0.8171 time: 0.1723s
INFO:root:Epoch: 0040 val_loss: 2.3294 val_roc: 0.4952 val_ap: 0.5102
INFO:root:Epoch: 0045 lr: 0.01 train_loss: 1.2618 train_roc: 0.8724 train_ap: 0.8467 time: 0.1744s
INFO:root:Epoch: 0045 val_loss: 2.3357 val_roc: 0.4957 val_ap: 0.5104
INFO:root:Epoch: 0050 lr: 0.01 train_loss: 1.4566 train_roc: 0.8076 train_ap: 0.7812 time: 0.1721s
INFO:root:Epoch: 0050 val_loss: 2.3276 val_roc: 0.4939 val_ap: 0.5082
INFO:root:Epoch: 0055 lr: 0.01 train_loss: 1.8776 train_roc: 0.6504 train_ap: 0.5834 time: 0.1709s
INFO:root:Epoch: 0055 val_loss: 2.2996 val_roc: 0.4944 val_ap: 0.5075
INFO:root:Epoch: 0060 lr: 0.01 train_loss: 1.7081 train_roc: 0.8341 train_ap: 0.7801 time: 0.1722s
INFO:root:Epoch: 0060 val_loss: 2.2781 val_roc: 0.4947 val_ap: 0.5064
INFO:root:Epoch: 0065 lr: 0.01 train_loss: 1.6618 train_roc: 0.8043 train_ap: 0.7538 time: 0.1717s
INFO:root:Epoch: 0065 val_loss: 2.2531 val_roc: 0.4957 val_ap: 0.5075
INFO:root:Epoch: 0070 lr: 0.01 train_loss: 1.2463 train_roc: 0.8211 train_ap: 0.7759 time: 0.1725s
INFO:root:Epoch: 0070 val_loss: 2.2390 val_roc: 0.4966 val_ap: 0.5050
INFO:root:Epoch: 0075 lr: 0.01 train_loss: 1.3096 train_roc: 0.8479 train_ap: 0.8049 time: 0.1676s
INFO:root:Epoch: 0075 val_loss: 2.2328 val_roc: 0.4979 val_ap: 0.5053
INFO:root:Epoch: 0080 lr: 0.01 train_loss: 1.5122 train_roc: 0.7639 train_ap: 0.6981 time: 0.1742s
INFO:root:Epoch: 0080 val_loss: 2.2283 val_roc: 0.4997 val_ap: 0.5068
INFO:root:Epoch: 0085 lr: 0.01 train_loss: 1.2857 train_roc: 0.8218 train_ap: 0.7634 time: 0.1702s
INFO:root:Epoch: 0085 val_loss: 2.2214 val_roc: 0.4998 val_ap: 0.5069
INFO:root:Epoch: 0090 lr: 0.01 train_loss: 1.1207 train_roc: 0.8711 train_ap: 0.8427 time: 0.1718s
INFO:root:Epoch: 0090 val_loss: 2.2147 val_roc: 0.5000 val_ap: 0.5069
INFO:root:Epoch: 0095 lr: 0.01 train_loss: 1.4405 train_roc: 0.8065 train_ap: 0.7582 time: 0.1687s
INFO:root:Epoch: 0095 val_loss: 2.2097 val_roc: 0.5020 val_ap: 0.5080
INFO:root:Epoch: 0100 lr: 0.01 train_loss: 1.1929 train_roc: 0.8565 train_ap: 0.8282 time: 0.1725s
INFO:root:Epoch: 0100 val_loss: 2.1922 val_roc: 0.5030 val_ap: 0.5102
INFO:root:Epoch: 0105 lr: 0.01 train_loss: 1.5702 train_roc: 0.7839 train_ap: 0.7395 time: 0.1736s
INFO:root:Epoch: 0105 val_loss: 2.1664 val_roc: 0.5046 val_ap: 0.5126
INFO:root:Epoch: 0110 lr: 0.01 train_loss: 1.0916 train_roc: 0.8572 train_ap: 0.8201 time: 0.1704s
INFO:root:Epoch: 0110 val_loss: 2.1409 val_roc: 0.5070 val_ap: 0.5145
INFO:root:Epoch: 0115 lr: 0.01 train_loss: 1.7407 train_roc: 0.7010 train_ap: 0.6282 time: 0.1682s
INFO:root:Epoch: 0115 val_loss: 2.1256 val_roc: 0.5090 val_ap: 0.5155
INFO:root:Epoch: 0120 lr: 0.01 train_loss: 1.3099 train_roc: 0.8429 train_ap: 0.8225 time: 0.1678s
INFO:root:Epoch: 0120 val_loss: 2.1212 val_roc: 0.5105 val_ap: 0.5163
INFO:root:Epoch: 0125 lr: 0.01 train_loss: 1.7355 train_roc: 0.6296 train_ap: 0.5466 time: 0.1712s
INFO:root:Epoch: 0125 val_loss: 2.1238 val_roc: 0.5112 val_ap: 0.5182
INFO:root:Epoch: 0130 lr: 0.01 train_loss: 1.3543 train_roc: 0.8445 train_ap: 0.8133 time: 0.1685s
INFO:root:Epoch: 0130 val_loss: 2.1363 val_roc: 0.5112 val_ap: 0.5200
INFO:root:Epoch: 0135 lr: 0.01 train_loss: 1.1965 train_roc: 0.8661 train_ap: 0.8327 time: 0.1674s
INFO:root:Epoch: 0135 val_loss: 2.1448 val_roc: 0.5115 val_ap: 0.5210
INFO:root:Epoch: 0140 lr: 0.01 train_loss: 1.0477 train_roc: 0.8835 train_ap: 0.8639 time: 0.1661s
INFO:root:Epoch: 0140 val_loss: 2.1430 val_roc: 0.5124 val_ap: 0.5207
INFO:root:Epoch: 0145 lr: 0.01 train_loss: 1.2007 train_roc: 0.8428 train_ap: 0.8084 time: 0.1686s
INFO:root:Epoch: 0145 val_loss: 2.1403 val_roc: 0.5125 val_ap: 0.5197
INFO:root:Epoch: 0150 lr: 0.01 train_loss: 1.3321 train_roc: 0.8253 train_ap: 0.7975 time: 0.1686s
INFO:root:Epoch: 0150 val_loss: 2.1398 val_roc: 0.5139 val_ap: 0.5201
INFO:root:Epoch: 0155 lr: 0.01 train_loss: 1.2620 train_roc: 0.8374 train_ap: 0.8047 time: 0.2044s
INFO:root:Epoch: 0155 val_loss: 2.1386 val_roc: 0.5149 val_ap: 0.5214
INFO:root:Epoch: 0160 lr: 0.01 train_loss: 1.2954 train_roc: 0.7831 train_ap: 0.7330 time: 0.1684s
INFO:root:Epoch: 0160 val_loss: 2.1376 val_roc: 0.5174 val_ap: 0.5233
INFO:root:Epoch: 0165 lr: 0.01 train_loss: 1.6054 train_roc: 0.7148 train_ap: 0.6197 time: 0.1723s
INFO:root:Epoch: 0165 val_loss: 2.1477 val_roc: 0.5196 val_ap: 0.5256
INFO:root:Epoch: 0170 lr: 0.01 train_loss: 1.4229 train_roc: 0.8416 train_ap: 0.8198 time: 0.1679s
INFO:root:Epoch: 0170 val_loss: 2.1566 val_roc: 0.5196 val_ap: 0.5255
INFO:root:Epoch: 0175 lr: 0.01 train_loss: 1.7430 train_roc: 0.7628 train_ap: 0.7230 time: 0.1698s
INFO:root:Epoch: 0175 val_loss: 2.1626 val_roc: 0.5201 val_ap: 0.5273
INFO:root:Epoch: 0180 lr: 0.01 train_loss: 1.4823 train_roc: 0.7806 train_ap: 0.7364 time: 0.1702s
INFO:root:Epoch: 0180 val_loss: 2.1583 val_roc: 0.5221 val_ap: 0.5304
INFO:root:Epoch: 0185 lr: 0.01 train_loss: 1.5005 train_roc: 0.7090 train_ap: 0.6153 time: 0.1697s
INFO:root:Epoch: 0185 val_loss: 2.1559 val_roc: 0.5239 val_ap: 0.5325
INFO:root:Epoch: 0190 lr: 0.01 train_loss: 1.5470 train_roc: 0.7920 train_ap: 0.7365 time: 0.1685s
INFO:root:Epoch: 0190 val_loss: 2.1603 val_roc: 0.5254 val_ap: 0.5337
INFO:root:Epoch: 0195 lr: 0.01 train_loss: 1.5750 train_roc: 0.7897 train_ap: 0.7259 time: 0.1673s
INFO:root:Epoch: 0195 val_loss: 2.1589 val_roc: 0.5267 val_ap: 0.5355
INFO:root:Epoch: 0200 lr: 0.01 train_loss: 1.1147 train_roc: 0.8406 train_ap: 0.7912 time: 0.1693s
INFO:root:Epoch: 0200 val_loss: 2.1555 val_roc: 0.5281 val_ap: 0.5367
INFO:root:Epoch: 0205 lr: 0.01 train_loss: 1.6519 train_roc: 0.7096 train_ap: 0.6237 time: 0.1705s
INFO:root:Epoch: 0205 val_loss: 2.1552 val_roc: 0.5287 val_ap: 0.5361
INFO:root:Epoch: 0210 lr: 0.01 train_loss: 1.9725 train_roc: 0.5536 train_ap: 0.5072 time: 0.1680s
INFO:root:Epoch: 0210 val_loss: 2.1567 val_roc: 0.5293 val_ap: 0.5365
INFO:root:Epoch: 0215 lr: 0.01 train_loss: 1.7704 train_roc: 0.6001 train_ap: 0.5301 time: 0.1673s
INFO:root:Epoch: 0215 val_loss: 2.1616 val_roc: 0.5297 val_ap: 0.5363
INFO:root:Epoch: 0220 lr: 0.01 train_loss: 1.1990 train_roc: 0.8236 train_ap: 0.7630 time: 0.1696s
INFO:root:Epoch: 0220 val_loss: 2.1734 val_roc: 0.5299 val_ap: 0.5354
INFO:root:Epoch: 0225 lr: 0.01 train_loss: 1.8106 train_roc: 0.5942 train_ap: 0.5233 time: 0.1699s
INFO:root:Epoch: 0225 val_loss: 2.1825 val_roc: 0.5297 val_ap: 0.5343
INFO:root:Epoch: 0230 lr: 0.01 train_loss: 1.1839 train_roc: 0.8502 train_ap: 0.8148 time: 0.1708s
INFO:root:Epoch: 0230 val_loss: 2.1811 val_roc: 0.5297 val_ap: 0.5329
INFO:root:Epoch: 0235 lr: 0.01 train_loss: 1.9726 train_roc: 0.7582 train_ap: 0.6995 time: 0.1698s
INFO:root:Epoch: 0235 val_loss: 2.1845 val_roc: 0.5308 val_ap: 0.5328
INFO:root:Epoch: 0240 lr: 0.01 train_loss: 1.3593 train_roc: 0.8055 train_ap: 0.7532 time: 0.1714s
INFO:root:Epoch: 0240 val_loss: 2.1986 val_roc: 0.5319 val_ap: 0.5326
INFO:root:Epoch: 0245 lr: 0.01 train_loss: 1.3610 train_roc: 0.8382 train_ap: 0.8160 time: 0.1692s
INFO:root:Epoch: 0245 val_loss: 2.2144 val_roc: 0.5320 val_ap: 0.5324
INFO:root:Epoch: 0250 lr: 0.01 train_loss: 1.2876 train_roc: 0.8308 train_ap: 0.8023 time: 0.1704s
INFO:root:Epoch: 0250 val_loss: 2.2221 val_roc: 0.5330 val_ap: 0.5319
INFO:root:Epoch: 0255 lr: 0.01 train_loss: 1.2937 train_roc: 0.8063 train_ap: 0.7539 time: 0.1702s
INFO:root:Epoch: 0255 val_loss: 2.2267 val_roc: 0.5345 val_ap: 0.5334
INFO:root:Epoch: 0260 lr: 0.01 train_loss: 1.5502 train_roc: 0.7899 train_ap: 0.7772 time: 0.1701s
INFO:root:Epoch: 0260 val_loss: 2.2253 val_roc: 0.5360 val_ap: 0.5345
INFO:root:Epoch: 0265 lr: 0.01 train_loss: 1.2138 train_roc: 0.8470 train_ap: 0.7961 time: 0.1698s
INFO:root:Epoch: 0265 val_loss: 2.2293 val_roc: 0.5382 val_ap: 0.5352
INFO:root:Epoch: 0270 lr: 0.01 train_loss: 1.5331 train_roc: 0.8442 train_ap: 0.8143 time: 0.1678s
INFO:root:Epoch: 0270 val_loss: 2.2351 val_roc: 0.5382 val_ap: 0.5355
INFO:root:Epoch: 0275 lr: 0.01 train_loss: 1.3547 train_roc: 0.8054 train_ap: 0.7730 time: 0.1696s
INFO:root:Epoch: 0275 val_loss: 2.2410 val_roc: 0.5382 val_ap: 0.5361
INFO:root:Epoch: 0280 lr: 0.01 train_loss: 1.1886 train_roc: 0.8059 train_ap: 0.7373 time: 0.2044s
INFO:root:Epoch: 0280 val_loss: 2.2648 val_roc: 0.5373 val_ap: 0.5357
INFO:root:Epoch: 0285 lr: 0.01 train_loss: 1.6606 train_roc: 0.7520 train_ap: 0.6942 time: 0.1699s
INFO:root:Epoch: 0285 val_loss: 2.2838 val_roc: 0.5381 val_ap: 0.5358
INFO:root:Epoch: 0290 lr: 0.01 train_loss: 1.5294 train_roc: 0.7889 train_ap: 0.7614 time: 0.1706s
INFO:root:Epoch: 0290 val_loss: 2.2906 val_roc: 0.5390 val_ap: 0.5364
INFO:root:Epoch: 0295 lr: 0.01 train_loss: 1.4205 train_roc: 0.8008 train_ap: 0.7316 time: 0.1681s
INFO:root:Epoch: 0295 val_loss: 2.3041 val_roc: 0.5394 val_ap: 0.5357
INFO:root:Epoch: 0300 lr: 0.01 train_loss: 1.6021 train_roc: 0.7810 train_ap: 0.7385 time: 0.1677s
INFO:root:Epoch: 0300 val_loss: 2.3219 val_roc: 0.5401 val_ap: 0.5365
INFO:root:Epoch: 0305 lr: 0.01 train_loss: 1.3803 train_roc: 0.8445 train_ap: 0.8129 time: 0.1682s
INFO:root:Epoch: 0305 val_loss: 2.3557 val_roc: 0.5390 val_ap: 0.5338
INFO:root:Epoch: 0310 lr: 0.01 train_loss: 2.2539 train_roc: 0.5000 train_ap: 0.5000 time: 0.1668s
INFO:root:Epoch: 0310 val_loss: 2.4090 val_roc: 0.5384 val_ap: 0.5339
INFO:root:Epoch: 0315 lr: 0.01 train_loss: 1.2441 train_roc: 0.7810 train_ap: 0.6865 time: 0.1677s
INFO:root:Epoch: 0315 val_loss: 2.4359 val_roc: 0.5382 val_ap: 0.5336
INFO:root:Epoch: 0320 lr: 0.01 train_loss: 2.2539 train_roc: 0.5000 train_ap: 0.5000 time: 0.1829s
INFO:root:Epoch: 0320 val_loss: 2.4487 val_roc: 0.5365 val_ap: 0.5321
INFO:root:Epoch: 0325 lr: 0.01 train_loss: 1.1216 train_roc: 0.8234 train_ap: 0.7444 time: 0.1687s
INFO:root:Epoch: 0325 val_loss: 2.4388 val_roc: 0.5371 val_ap: 0.5327
INFO:root:Epoch: 0330 lr: 0.01 train_loss: 1.1218 train_roc: 0.8397 train_ap: 0.7922 time: 0.1700s
INFO:root:Epoch: 0330 val_loss: 2.4249 val_roc: 0.5386 val_ap: 0.5340
INFO:root:Epoch: 0335 lr: 0.01 train_loss: 1.5282 train_roc: 0.7538 train_ap: 0.6845 time: 0.1680s
INFO:root:Epoch: 0335 val_loss: 2.4449 val_roc: 0.5380 val_ap: 0.5331
INFO:root:Epoch: 0340 lr: 0.01 train_loss: 1.7481 train_roc: 0.6135 train_ap: 0.5323 time: 0.1676s
INFO:root:Epoch: 0340 val_loss: 2.4480 val_roc: 0.5362 val_ap: 0.5315
INFO:root:Epoch: 0345 lr: 0.01 train_loss: 1.2068 train_roc: 0.8066 train_ap: 0.7445 time: 0.2045s
INFO:root:Epoch: 0345 val_loss: 2.4594 val_roc: 0.5378 val_ap: 0.5328
INFO:root:Epoch: 0350 lr: 0.01 train_loss: 1.2925 train_roc: 0.8430 train_ap: 0.8117 time: 0.1740s
INFO:root:Epoch: 0350 val_loss: 2.4695 val_roc: 0.5386 val_ap: 0.5330
INFO:root:Epoch: 0355 lr: 0.01 train_loss: 1.1551 train_roc: 0.8478 train_ap: 0.7956 time: 0.1711s
INFO:root:Epoch: 0355 val_loss: 2.4609 val_roc: 0.5388 val_ap: 0.5330
INFO:root:Epoch: 0360 lr: 0.01 train_loss: 1.1333 train_roc: 0.8171 train_ap: 0.7267 time: 0.1688s
INFO:root:Epoch: 0360 val_loss: 2.4616 val_roc: 0.5403 val_ap: 0.5350
INFO:root:Epoch: 0365 lr: 0.01 train_loss: 1.3280 train_roc: 0.7935 train_ap: 0.7348 time: 0.1710s
INFO:root:Epoch: 0365 val_loss: 2.4587 val_roc: 0.5421 val_ap: 0.5365
INFO:root:Epoch: 0370 lr: 0.01 train_loss: 1.2284 train_roc: 0.8169 train_ap: 0.7802 time: 0.1664s
INFO:root:Epoch: 0370 val_loss: 2.4595 val_roc: 0.5432 val_ap: 0.5382
INFO:root:Epoch: 0375 lr: 0.01 train_loss: 1.2677 train_roc: 0.7685 train_ap: 0.6758 time: 0.1727s
INFO:root:Epoch: 0375 val_loss: 2.4592 val_roc: 0.5446 val_ap: 0.5391
INFO:root:Epoch: 0380 lr: 0.01 train_loss: 1.1082 train_roc: 0.8246 train_ap: 0.7576 time: 0.1710s
INFO:root:Epoch: 0380 val_loss: 2.4581 val_roc: 0.5458 val_ap: 0.5397
INFO:root:Epoch: 0385 lr: 0.01 train_loss: 1.7103 train_roc: 0.7722 train_ap: 0.7154 time: 0.1691s
INFO:root:Epoch: 0385 val_loss: 2.4397 val_roc: 0.5456 val_ap: 0.5403
INFO:root:Epoch: 0390 lr: 0.01 train_loss: 1.2406 train_roc: 0.8602 train_ap: 0.8435 time: 0.1722s
INFO:root:Epoch: 0390 val_loss: 2.4237 val_roc: 0.5466 val_ap: 0.5429
INFO:root:Epoch: 0395 lr: 0.01 train_loss: 1.6458 train_roc: 0.7217 train_ap: 0.6409 time: 0.1695s
INFO:root:Epoch: 0395 val_loss: 2.4188 val_roc: 0.5483 val_ap: 0.5464
INFO:root:Epoch: 0400 lr: 0.01 train_loss: 1.2445 train_roc: 0.7898 train_ap: 0.6933 time: 0.1677s
INFO:root:Epoch: 0400 val_loss: 2.4175 val_roc: 0.5504 val_ap: 0.5502
INFO:root:Epoch: 0405 lr: 0.01 train_loss: 1.2558 train_roc: 0.7678 train_ap: 0.6660 time: 0.1714s
INFO:root:Epoch: 0405 val_loss: 2.4221 val_roc: 0.5526 val_ap: 0.5543
INFO:root:Epoch: 0410 lr: 0.01 train_loss: 1.2451 train_roc: 0.8011 train_ap: 0.7147 time: 0.1674s
INFO:root:Epoch: 0410 val_loss: 2.4290 val_roc: 0.5522 val_ap: 0.5537
INFO:root:Epoch: 0415 lr: 0.01 train_loss: 1.0681 train_roc: 0.8702 train_ap: 0.8395 time: 0.1694s
INFO:root:Epoch: 0415 val_loss: 2.4381 val_roc: 0.5524 val_ap: 0.5555
INFO:root:Epoch: 0420 lr: 0.01 train_loss: 1.4345 train_roc: 0.7600 train_ap: 0.7031 time: 0.1684s
INFO:root:Epoch: 0420 val_loss: 2.4473 val_roc: 0.5527 val_ap: 0.5544
INFO:root:Epoch: 0425 lr: 0.01 train_loss: 1.0882 train_roc: 0.8441 train_ap: 0.7989 time: 0.1729s
INFO:root:Epoch: 0425 val_loss: 2.4513 val_roc: 0.5533 val_ap: 0.5558
INFO:root:Epoch: 0430 lr: 0.01 train_loss: 1.1204 train_roc: 0.8304 train_ap: 0.7648 time: 0.1707s
INFO:root:Epoch: 0430 val_loss: 2.4520 val_roc: 0.5518 val_ap: 0.5537
INFO:root:Epoch: 0435 lr: 0.01 train_loss: 1.5067 train_roc: 0.7077 train_ap: 0.6197 time: 0.1678s
INFO:root:Epoch: 0435 val_loss: 2.4578 val_roc: 0.5512 val_ap: 0.5539
INFO:root:Epoch: 0440 lr: 0.01 train_loss: 1.1824 train_roc: 0.8191 train_ap: 0.7490 time: 0.1707s
INFO:root:Epoch: 0440 val_loss: 2.4545 val_roc: 0.5511 val_ap: 0.5537
INFO:root:Epoch: 0445 lr: 0.01 train_loss: 1.1189 train_roc: 0.8457 train_ap: 0.8119 time: 0.1678s
INFO:root:Epoch: 0445 val_loss: 2.4627 val_roc: 0.5514 val_ap: 0.5537
INFO:root:Epoch: 0450 lr: 0.01 train_loss: 1.2734 train_roc: 0.7810 train_ap: 0.6976 time: 0.1676s
INFO:root:Epoch: 0450 val_loss: 2.4800 val_roc: 0.5516 val_ap: 0.5531
INFO:root:Epoch: 0455 lr: 0.01 train_loss: 1.8879 train_roc: 0.7050 train_ap: 0.6790 time: 0.1678s
INFO:root:Epoch: 0455 val_loss: 2.4964 val_roc: 0.5516 val_ap: 0.5542
INFO:root:Epoch: 0460 lr: 0.01 train_loss: 1.0685 train_roc: 0.8502 train_ap: 0.8159 time: 0.1690s
INFO:root:Epoch: 0460 val_loss: 2.5150 val_roc: 0.5516 val_ap: 0.5538
INFO:root:Epoch: 0465 lr: 0.01 train_loss: 1.1532 train_roc: 0.8326 train_ap: 0.7862 time: 0.1722s
INFO:root:Epoch: 0465 val_loss: 2.5309 val_roc: 0.5525 val_ap: 0.5548
INFO:root:Epoch: 0470 lr: 0.01 train_loss: 1.2554 train_roc: 0.7924 train_ap: 0.7244 time: 0.1680s
INFO:root:Epoch: 0470 val_loss: 2.5357 val_roc: 0.5534 val_ap: 0.5562
INFO:root:Epoch: 0475 lr: 0.01 train_loss: 1.2482 train_roc: 0.8374 train_ap: 0.7830 time: 0.1718s
INFO:root:Epoch: 0475 val_loss: 2.5524 val_roc: 0.5541 val_ap: 0.5581
INFO:root:Epoch: 0480 lr: 0.01 train_loss: 1.3445 train_roc: 0.8052 train_ap: 0.7659 time: 0.1671s
INFO:root:Epoch: 0480 val_loss: 2.5590 val_roc: 0.5555 val_ap: 0.5616
INFO:root:Epoch: 0485 lr: 0.01 train_loss: 1.0770 train_roc: 0.8758 train_ap: 0.8579 time: 0.1710s
INFO:root:Epoch: 0485 val_loss: 2.5654 val_roc: 0.5566 val_ap: 0.5624
INFO:root:Epoch: 0490 lr: 0.01 train_loss: 1.1597 train_roc: 0.8274 train_ap: 0.7701 time: 0.1684s
INFO:root:Epoch: 0490 val_loss: 2.5720 val_roc: 0.5563 val_ap: 0.5607
INFO:root:Epoch: 0495 lr: 0.01 train_loss: 1.4685 train_roc: 0.7556 train_ap: 0.6851 time: 0.1688s
INFO:root:Epoch: 0495 val_loss: 2.5745 val_roc: 0.5559 val_ap: 0.5573
INFO:root:Epoch: 0500 lr: 0.01 train_loss: 1.1479 train_roc: 0.8014 train_ap: 0.7120 time: 0.1699s
INFO:root:Epoch: 0500 val_loss: 2.5727 val_roc: 0.5565 val_ap: 0.5569
INFO:root:Epoch: 0505 lr: 0.01 train_loss: 1.4761 train_roc: 0.7871 train_ap: 0.7716 time: 0.1677s
INFO:root:Epoch: 0505 val_loss: 2.5710 val_roc: 0.5564 val_ap: 0.5554
INFO:root:Epoch: 0510 lr: 0.01 train_loss: 1.2294 train_roc: 0.8531 train_ap: 0.8295 time: 0.1780s
INFO:root:Epoch: 0510 val_loss: 2.5696 val_roc: 0.5578 val_ap: 0.5550
INFO:root:Epoch: 0515 lr: 0.01 train_loss: 1.4665 train_roc: 0.7093 train_ap: 0.6175 time: 0.1692s
INFO:root:Epoch: 0515 val_loss: 2.5940 val_roc: 0.5583 val_ap: 0.5548
INFO:root:Epoch: 0520 lr: 0.01 train_loss: 1.3030 train_roc: 0.8160 train_ap: 0.7438 time: 0.1697s
INFO:root:Epoch: 0520 val_loss: 2.6271 val_roc: 0.5576 val_ap: 0.5539
INFO:root:Epoch: 0525 lr: 0.01 train_loss: 1.2728 train_roc: 0.8256 train_ap: 0.7879 time: 0.1699s
INFO:root:Epoch: 0525 val_loss: 2.6495 val_roc: 0.5581 val_ap: 0.5534
INFO:root:Epoch: 0530 lr: 0.01 train_loss: 2.2539 train_roc: 0.5000 train_ap: 0.5000 time: 0.1839s
INFO:root:Epoch: 0530 val_loss: 2.6558 val_roc: 0.5575 val_ap: 0.5510
INFO:root:Epoch: 0535 lr: 0.01 train_loss: 1.7027 train_roc: 0.6300 train_ap: 0.5477 time: 0.1690s
INFO:root:Epoch: 0535 val_loss: 2.6556 val_roc: 0.5572 val_ap: 0.5497
INFO:root:Epoch: 0540 lr: 0.01 train_loss: 1.4013 train_roc: 0.7902 train_ap: 0.7385 time: 0.1702s
INFO:root:Epoch: 0540 val_loss: 2.6531 val_roc: 0.5559 val_ap: 0.5476
INFO:root:Epoch: 0545 lr: 0.01 train_loss: 1.5794 train_roc: 0.6950 train_ap: 0.6055 time: 0.1723s
INFO:root:Epoch: 0545 val_loss: 2.6645 val_roc: 0.5577 val_ap: 0.5542
INFO:root:Epoch: 0550 lr: 0.01 train_loss: 1.2458 train_roc: 0.8546 train_ap: 0.8198 time: 0.1682s
INFO:root:Epoch: 0550 val_loss: 2.6868 val_roc: 0.5578 val_ap: 0.5561
INFO:root:Epoch: 0555 lr: 0.01 train_loss: 1.1509 train_roc: 0.8276 train_ap: 0.7806 time: 0.1700s
INFO:root:Epoch: 0555 val_loss: 2.7183 val_roc: 0.5590 val_ap: 0.5568
INFO:root:Epoch: 0560 lr: 0.01 train_loss: 1.2784 train_roc: 0.8122 train_ap: 0.7680 time: 0.1720s
INFO:root:Epoch: 0560 val_loss: 2.7394 val_roc: 0.5589 val_ap: 0.5561
INFO:root:Epoch: 0565 lr: 0.01 train_loss: 1.6942 train_roc: 0.7562 train_ap: 0.6998 time: 0.1711s
INFO:root:Epoch: 0565 val_loss: 2.7491 val_roc: 0.5590 val_ap: 0.5551
INFO:root:Epoch: 0570 lr: 0.01 train_loss: 1.7163 train_roc: 0.5884 train_ap: 0.5223 time: 0.1688s
INFO:root:Epoch: 0570 val_loss: 2.7419 val_roc: 0.5596 val_ap: 0.5528
INFO:root:Epoch: 0575 lr: 0.01 train_loss: 1.3464 train_roc: 0.8097 train_ap: 0.7831 time: 0.1716s
INFO:root:Epoch: 0575 val_loss: 2.7605 val_roc: 0.5621 val_ap: 0.5543
INFO:root:Epoch: 0580 lr: 0.01 train_loss: 1.3351 train_roc: 0.8290 train_ap: 0.7769 time: 0.1702s
INFO:root:Epoch: 0580 val_loss: 2.7418 val_roc: 0.5633 val_ap: 0.5546
INFO:root:Epoch: 0585 lr: 0.01 train_loss: 1.4787 train_roc: 0.7420 train_ap: 0.6489 time: 0.1688s
INFO:root:Epoch: 0585 val_loss: 2.7205 val_roc: 0.5646 val_ap: 0.5558
INFO:root:Epoch: 0590 lr: 0.01 train_loss: 1.2594 train_roc: 0.7748 train_ap: 0.6816 time: 0.1707s
INFO:root:Epoch: 0590 val_loss: 2.7058 val_roc: 0.5650 val_ap: 0.5561
INFO:root:Epoch: 0595 lr: 0.01 train_loss: 1.7486 train_roc: 0.7752 train_ap: 0.7288 time: 0.1680s
INFO:root:Epoch: 0595 val_loss: 2.6851 val_roc: 0.5661 val_ap: 0.5555
INFO:root:Epoch: 0600 lr: 0.01 train_loss: 1.4988 train_roc: 0.7848 train_ap: 0.7254 time: 0.1725s
INFO:root:Epoch: 0600 val_loss: 2.6630 val_roc: 0.5647 val_ap: 0.5533
INFO:root:Epoch: 0605 lr: 0.01 train_loss: 1.3231 train_roc: 0.7909 train_ap: 0.7035 time: 0.1679s
INFO:root:Epoch: 0605 val_loss: 2.6473 val_roc: 0.5633 val_ap: 0.5503
INFO:root:Epoch: 0610 lr: 0.01 train_loss: 1.2351 train_roc: 0.8315 train_ap: 0.7920 time: 0.1721s
INFO:root:Epoch: 0610 val_loss: 2.6326 val_roc: 0.5631 val_ap: 0.5498
INFO:root:Epoch: 0615 lr: 0.01 train_loss: 1.2525 train_roc: 0.8041 train_ap: 0.7459 time: 0.1784s
INFO:root:Epoch: 0615 val_loss: 2.6132 val_roc: 0.5639 val_ap: 0.5505
INFO:root:Epoch: 0620 lr: 0.01 train_loss: 1.1754 train_roc: 0.8490 train_ap: 0.8186 time: 0.1722s
INFO:root:Epoch: 0620 val_loss: 2.5949 val_roc: 0.5660 val_ap: 0.5530
INFO:root:Epoch: 0625 lr: 0.01 train_loss: 1.2103 train_roc: 0.8593 train_ap: 0.8306 time: 0.1709s
INFO:root:Epoch: 0625 val_loss: 2.5931 val_roc: 0.5670 val_ap: 0.5545
INFO:root:Epoch: 0630 lr: 0.01 train_loss: 1.8126 train_roc: 0.5378 train_ap: 0.4912 time: 0.1761s
INFO:root:Epoch: 0630 val_loss: 2.5905 val_roc: 0.5665 val_ap: 0.5537
INFO:root:Epoch: 0635 lr: 0.01 train_loss: 1.0674 train_roc: 0.8655 train_ap: 0.8302 time: 0.1697s
INFO:root:Epoch: 0635 val_loss: 2.5996 val_roc: 0.5672 val_ap: 0.5540
INFO:root:Epoch: 0640 lr: 0.01 train_loss: 1.0551 train_roc: 0.8439 train_ap: 0.7817 time: 0.1687s
INFO:root:Epoch: 0640 val_loss: 2.6074 val_roc: 0.5678 val_ap: 0.5528
INFO:root:Epoch: 0645 lr: 0.01 train_loss: 1.4508 train_roc: 0.8103 train_ap: 0.7686 time: 0.1704s
INFO:root:Epoch: 0645 val_loss: 2.6386 val_roc: 0.5701 val_ap: 0.5536
INFO:root:Epoch: 0650 lr: 0.01 train_loss: 1.0657 train_roc: 0.8270 train_ap: 0.7406 time: 0.1668s
INFO:root:Epoch: 0650 val_loss: 2.6750 val_roc: 0.5735 val_ap: 0.5579
INFO:root:Epoch: 0655 lr: 0.01 train_loss: 1.6863 train_roc: 0.6957 train_ap: 0.6309 time: 0.1689s
INFO:root:Epoch: 0655 val_loss: 2.7098 val_roc: 0.5744 val_ap: 0.5598
INFO:root:Epoch: 0660 lr: 0.01 train_loss: 0.9451 train_roc: 0.8733 train_ap: 0.8237 time: 0.1835s
INFO:root:Epoch: 0660 val_loss: 2.7333 val_roc: 0.5752 val_ap: 0.5611
INFO:root:Epoch: 0665 lr: 0.01 train_loss: 1.1626 train_roc: 0.8535 train_ap: 0.8310 time: 0.1720s
INFO:root:Epoch: 0665 val_loss: 2.7538 val_roc: 0.5749 val_ap: 0.5610
INFO:root:Epoch: 0670 lr: 0.01 train_loss: 1.2008 train_roc: 0.8430 train_ap: 0.8065 time: 0.1693s
INFO:root:Epoch: 0670 val_loss: 2.7832 val_roc: 0.5754 val_ap: 0.5616
INFO:root:Epoch: 0675 lr: 0.01 train_loss: 1.4736 train_roc: 0.7475 train_ap: 0.6951 time: 0.1693s
INFO:root:Epoch: 0675 val_loss: 2.8111 val_roc: 0.5756 val_ap: 0.5634
INFO:root:Epoch: 0680 lr: 0.01 train_loss: 1.2094 train_roc: 0.8208 train_ap: 0.7679 time: 0.1661s
INFO:root:Epoch: 0680 val_loss: 2.8440 val_roc: 0.5769 val_ap: 0.5640
INFO:root:Epoch: 0685 lr: 0.01 train_loss: 1.1707 train_roc: 0.8613 train_ap: 0.8471 time: 0.1750s
INFO:root:Epoch: 0685 val_loss: 2.8559 val_roc: 0.5768 val_ap: 0.5634
INFO:root:Epoch: 0690 lr: 0.01 train_loss: 0.9834 train_roc: 0.8897 train_ap: 0.8676 time: 0.1675s
INFO:root:Epoch: 0690 val_loss: 2.8654 val_roc: 0.5770 val_ap: 0.5643
INFO:root:Epoch: 0695 lr: 0.01 train_loss: 1.6566 train_roc: 0.7223 train_ap: 0.6697 time: 0.1685s
INFO:root:Epoch: 0695 val_loss: 2.8682 val_roc: 0.5763 val_ap: 0.5633
INFO:root:Epoch: 0700 lr: 0.01 train_loss: 1.2191 train_roc: 0.8528 train_ap: 0.8258 time: 0.1724s
INFO:root:Epoch: 0700 val_loss: 2.8736 val_roc: 0.5737 val_ap: 0.5595
INFO:root:Epoch: 0705 lr: 0.01 train_loss: 1.2320 train_roc: 0.8432 train_ap: 0.8072 time: 0.1699s
INFO:root:Epoch: 0705 val_loss: 2.8728 val_roc: 0.5721 val_ap: 0.5584
INFO:root:Epoch: 0710 lr: 0.01 train_loss: 1.4790 train_roc: 0.6756 train_ap: 0.5856 time: 0.1705s
INFO:root:Epoch: 0710 val_loss: 2.8531 val_roc: 0.5702 val_ap: 0.5568
INFO:root:Epoch: 0715 lr: 0.01 train_loss: 1.6412 train_roc: 0.7037 train_ap: 0.6639 time: 0.1711s
INFO:root:Epoch: 0715 val_loss: 2.8414 val_roc: 0.5702 val_ap: 0.5563
INFO:root:Epoch: 0720 lr: 0.01 train_loss: 1.0060 train_roc: 0.8564 train_ap: 0.8139 time: 0.1710s
INFO:root:Epoch: 0720 val_loss: 2.8327 val_roc: 0.5690 val_ap: 0.5533
INFO:root:Epoch: 0725 lr: 0.01 train_loss: 1.0878 train_roc: 0.8499 train_ap: 0.8079 time: 0.1703s
INFO:root:Epoch: 0725 val_loss: 2.8360 val_roc: 0.5689 val_ap: 0.5529
INFO:root:Epoch: 0730 lr: 0.01 train_loss: 1.2844 train_roc: 0.8622 train_ap: 0.8403 time: 0.2100s
INFO:root:Epoch: 0730 val_loss: 2.8232 val_roc: 0.5693 val_ap: 0.5513
INFO:root:Epoch: 0735 lr: 0.01 train_loss: 1.3267 train_roc: 0.8304 train_ap: 0.8046 time: 0.1764s
INFO:root:Epoch: 0735 val_loss: 2.8023 val_roc: 0.5711 val_ap: 0.5517
INFO:root:Epoch: 0740 lr: 0.01 train_loss: 0.9936 train_roc: 0.8698 train_ap: 0.8232 time: 0.1703s
INFO:root:Epoch: 0740 val_loss: 2.7761 val_roc: 0.5728 val_ap: 0.5520
INFO:root:Epoch: 0745 lr: 0.01 train_loss: 1.1641 train_roc: 0.8124 train_ap: 0.7583 time: 0.1693s
INFO:root:Epoch: 0745 val_loss: 2.7594 val_roc: 0.5741 val_ap: 0.5518
INFO:root:Epoch: 0750 lr: 0.01 train_loss: 1.4388 train_roc: 0.7304 train_ap: 0.6471 time: 0.1703s
INFO:root:Epoch: 0750 val_loss: 2.7595 val_roc: 0.5737 val_ap: 0.5524
INFO:root:Epoch: 0755 lr: 0.01 train_loss: 1.1699 train_roc: 0.8119 train_ap: 0.7470 time: 0.1723s
INFO:root:Epoch: 0755 val_loss: 2.7681 val_roc: 0.5741 val_ap: 0.5546
INFO:root:Epoch: 0760 lr: 0.01 train_loss: 1.4118 train_roc: 0.7900 train_ap: 0.7352 time: 0.1706s
INFO:root:Epoch: 0760 val_loss: 2.7922 val_roc: 0.5745 val_ap: 0.5585
INFO:root:Epoch: 0765 lr: 0.01 train_loss: 1.1684 train_roc: 0.8182 train_ap: 0.7654 time: 0.1717s
INFO:root:Epoch: 0765 val_loss: 2.8112 val_roc: 0.5730 val_ap: 0.5587
INFO:root:Epoch: 0770 lr: 0.01 train_loss: 1.1585 train_roc: 0.8133 train_ap: 0.7280 time: 0.1706s
INFO:root:Epoch: 0770 val_loss: 2.8194 val_roc: 0.5743 val_ap: 0.5602
INFO:root:Epoch: 0775 lr: 0.01 train_loss: 1.1158 train_roc: 0.8548 train_ap: 0.8306 time: 0.1682s
INFO:root:Epoch: 0775 val_loss: 2.8190 val_roc: 0.5747 val_ap: 0.5609
INFO:root:Epoch: 0780 lr: 0.01 train_loss: 1.9210 train_roc: 0.5410 train_ap: 0.4953 time: 0.1708s
INFO:root:Epoch: 0780 val_loss: 2.8183 val_roc: 0.5737 val_ap: 0.5594
INFO:root:Early stopping
INFO:root:Optimization Finished!
INFO:root:Total time elapsed: 227.0504s
INFO:root:Val set results: val_loss: 2.8510 val_roc: 0.5774 val_ap: 0.5642
INFO:root:Test set results: test_loss: 3.1082 test_roc: 0.5214 test_ap: 0.5117
