INFO:root:Using: cpu
INFO:root:Using seed 1234.
INFO:root:LPModel(
  (encoder): HypGCN(
    (layers): Sequential(
      (0): HyperbolicGraphConvolution(
        (linear): HypLinear(in_features=11, out_features=64, c=tensor([1.]))
        (agg): HypAgg(c=tensor([1.]), use_att=0)
        (hyp_act): HypAct(c_in=tensor([1.]), c_out=tensor([1.]))
      )
      (1): HyperbolicGraphConvolution(
        (linear): HypLinear(in_features=64, out_features=64, c=tensor([1.]))
        (agg): HypAgg(c=tensor([1.]), use_att=0)
        (hyp_act): HypAct(c_in=tensor([1.]), c_out=tensor([1.]))
      )
    )
  )
  (dc): FermiDiracDecoder()
)
INFO:root:Total number of parameters: 4928
INFO:root:Epoch: 0005 lr: 0.01 train_loss: 1.3796 train_roc: 0.9671 train_ap: 0.9572 time: 0.1332s
INFO:root:Epoch: 0005 val_loss: 1.8218 val_roc: 0.5418 val_ap: 0.5612
INFO:root:Epoch: 0010 lr: 0.01 train_loss: 1.4574 train_roc: 0.9658 train_ap: 0.9653 time: 0.1418s
INFO:root:Epoch: 0010 val_loss: 1.9791 val_roc: 0.5395 val_ap: 0.5650
INFO:root:Epoch: 0015 lr: 0.01 train_loss: 1.2273 train_roc: 0.9709 train_ap: 0.9692 time: 0.1358s
INFO:root:Epoch: 0015 val_loss: 2.2040 val_roc: 0.5316 val_ap: 0.5682
INFO:root:Epoch: 0020 lr: 0.01 train_loss: 1.1869 train_roc: 0.9585 train_ap: 0.9568 time: 0.1354s
INFO:root:Epoch: 0020 val_loss: 2.2803 val_roc: 0.5271 val_ap: 0.5692
INFO:root:Epoch: 0025 lr: 0.01 train_loss: 1.1718 train_roc: 0.9670 train_ap: 0.9696 time: 0.1327s
INFO:root:Epoch: 0025 val_loss: 2.2690 val_roc: 0.5346 val_ap: 0.5716
INFO:root:Epoch: 0030 lr: 0.01 train_loss: 1.1047 train_roc: 0.9688 train_ap: 0.9691 time: 0.1341s
INFO:root:Epoch: 0030 val_loss: 2.3641 val_roc: 0.5442 val_ap: 0.5793
INFO:root:Epoch: 0035 lr: 0.01 train_loss: 1.0899 train_roc: 0.9709 train_ap: 0.9702 time: 0.1360s
INFO:root:Epoch: 0035 val_loss: 2.4091 val_roc: 0.5602 val_ap: 0.5895
INFO:root:Epoch: 0040 lr: 0.01 train_loss: 1.1288 train_roc: 0.9599 train_ap: 0.9592 time: 0.1336s
INFO:root:Epoch: 0040 val_loss: 2.4124 val_roc: 0.5765 val_ap: 0.5994
INFO:root:Epoch: 0045 lr: 0.01 train_loss: 0.9146 train_roc: 0.9673 train_ap: 0.9660 time: 0.1366s
INFO:root:Epoch: 0045 val_loss: 2.4715 val_roc: 0.5849 val_ap: 0.6049
INFO:root:Epoch: 0050 lr: 0.01 train_loss: 0.9596 train_roc: 0.9626 train_ap: 0.9566 time: 0.1386s
INFO:root:Epoch: 0050 val_loss: 2.5101 val_roc: 0.5951 val_ap: 0.6133
INFO:root:Epoch: 0055 lr: 0.01 train_loss: 0.9604 train_roc: 0.9633 train_ap: 0.9632 time: 0.1344s
INFO:root:Epoch: 0055 val_loss: 2.5025 val_roc: 0.6044 val_ap: 0.6226
INFO:root:Epoch: 0060 lr: 0.01 train_loss: 0.9842 train_roc: 0.9629 train_ap: 0.9607 time: 0.1338s
INFO:root:Epoch: 0060 val_loss: 2.4510 val_roc: 0.6093 val_ap: 0.6273
INFO:root:Epoch: 0065 lr: 0.01 train_loss: 1.0015 train_roc: 0.9649 train_ap: 0.9624 time: 0.1364s
INFO:root:Epoch: 0065 val_loss: 2.3892 val_roc: 0.6125 val_ap: 0.6319
INFO:root:Epoch: 0070 lr: 0.01 train_loss: 0.9228 train_roc: 0.9700 train_ap: 0.9682 time: 0.1318s
INFO:root:Epoch: 0070 val_loss: 2.4618 val_roc: 0.6126 val_ap: 0.6328
INFO:root:Epoch: 0075 lr: 0.01 train_loss: 0.8941 train_roc: 0.9552 train_ap: 0.9533 time: 0.1333s
INFO:root:Epoch: 0075 val_loss: 2.4917 val_roc: 0.6183 val_ap: 0.6356
INFO:root:Epoch: 0080 lr: 0.01 train_loss: 0.8705 train_roc: 0.9556 train_ap: 0.9535 time: 0.1319s
INFO:root:Epoch: 0080 val_loss: 2.4807 val_roc: 0.6182 val_ap: 0.6377
INFO:root:Epoch: 0085 lr: 0.01 train_loss: 0.8338 train_roc: 0.9649 train_ap: 0.9606 time: 0.1338s
INFO:root:Epoch: 0085 val_loss: 2.4322 val_roc: 0.6148 val_ap: 0.6341
INFO:root:Epoch: 0090 lr: 0.01 train_loss: 0.8462 train_roc: 0.9598 train_ap: 0.9551 time: 0.1380s
INFO:root:Epoch: 0090 val_loss: 2.4105 val_roc: 0.6109 val_ap: 0.6289
INFO:root:Epoch: 0095 lr: 0.01 train_loss: 0.8473 train_roc: 0.9661 train_ap: 0.9685 time: 0.1418s
INFO:root:Epoch: 0095 val_loss: 2.3979 val_roc: 0.6070 val_ap: 0.6263
INFO:root:Epoch: 0100 lr: 0.01 train_loss: 0.7936 train_roc: 0.9671 train_ap: 0.9625 time: 0.1383s
INFO:root:Epoch: 0100 val_loss: 2.3834 val_roc: 0.6066 val_ap: 0.6268
INFO:root:Epoch: 0105 lr: 0.01 train_loss: 0.8275 train_roc: 0.9714 train_ap: 0.9669 time: 0.1367s
INFO:root:Epoch: 0105 val_loss: 2.3889 val_roc: 0.6095 val_ap: 0.6290
INFO:root:Epoch: 0110 lr: 0.01 train_loss: 0.8072 train_roc: 0.9649 train_ap: 0.9617 time: 0.1373s
INFO:root:Epoch: 0110 val_loss: 2.4213 val_roc: 0.6171 val_ap: 0.6361
INFO:root:Epoch: 0115 lr: 0.01 train_loss: 0.8341 train_roc: 0.9590 train_ap: 0.9585 time: 0.1374s
INFO:root:Epoch: 0115 val_loss: 2.4730 val_roc: 0.6195 val_ap: 0.6392
INFO:root:Epoch: 0120 lr: 0.01 train_loss: 0.8908 train_roc: 0.9649 train_ap: 0.9622 time: 0.1392s
INFO:root:Epoch: 0120 val_loss: 2.4169 val_roc: 0.6262 val_ap: 0.6421
INFO:root:Epoch: 0125 lr: 0.01 train_loss: 0.7922 train_roc: 0.9710 train_ap: 0.9667 time: 0.1344s
INFO:root:Epoch: 0125 val_loss: 2.3946 val_roc: 0.6313 val_ap: 0.6453
INFO:root:Epoch: 0130 lr: 0.01 train_loss: 0.8667 train_roc: 0.9589 train_ap: 0.9556 time: 0.1319s
INFO:root:Epoch: 0130 val_loss: 2.4275 val_roc: 0.6294 val_ap: 0.6437
INFO:root:Epoch: 0135 lr: 0.01 train_loss: 0.7610 train_roc: 0.9596 train_ap: 0.9494 time: 0.1367s
INFO:root:Epoch: 0135 val_loss: 2.4175 val_roc: 0.6296 val_ap: 0.6441
INFO:root:Epoch: 0140 lr: 0.01 train_loss: 0.7764 train_roc: 0.9679 train_ap: 0.9690 time: 0.1342s
INFO:root:Epoch: 0140 val_loss: 2.3799 val_roc: 0.6304 val_ap: 0.6434
INFO:root:Epoch: 0145 lr: 0.01 train_loss: 0.8000 train_roc: 0.9641 train_ap: 0.9606 time: 0.1310s
INFO:root:Epoch: 0145 val_loss: 2.4114 val_roc: 0.6272 val_ap: 0.6397
INFO:root:Epoch: 0150 lr: 0.01 train_loss: 0.8427 train_roc: 0.9595 train_ap: 0.9598 time: 0.1323s
INFO:root:Epoch: 0150 val_loss: 2.4429 val_roc: 0.6216 val_ap: 0.6346
INFO:root:Epoch: 0155 lr: 0.01 train_loss: 0.8225 train_roc: 0.9577 train_ap: 0.9555 time: 0.1325s
INFO:root:Epoch: 0155 val_loss: 2.4601 val_roc: 0.6254 val_ap: 0.6395
INFO:root:Epoch: 0160 lr: 0.01 train_loss: 0.8576 train_roc: 0.9645 train_ap: 0.9609 time: 0.1313s
INFO:root:Epoch: 0160 val_loss: 2.5192 val_roc: 0.6272 val_ap: 0.6429
INFO:root:Epoch: 0165 lr: 0.01 train_loss: 0.8353 train_roc: 0.9596 train_ap: 0.9567 time: 0.1325s
INFO:root:Epoch: 0165 val_loss: 2.5453 val_roc: 0.6233 val_ap: 0.6417
INFO:root:Epoch: 0170 lr: 0.01 train_loss: 0.8265 train_roc: 0.9561 train_ap: 0.9547 time: 0.1458s
INFO:root:Epoch: 0170 val_loss: 2.5835 val_roc: 0.6142 val_ap: 0.6366
INFO:root:Epoch: 0175 lr: 0.01 train_loss: 0.7391 train_roc: 0.9645 train_ap: 0.9589 time: 0.1342s
INFO:root:Epoch: 0175 val_loss: 2.5972 val_roc: 0.6134 val_ap: 0.6368
INFO:root:Epoch: 0180 lr: 0.01 train_loss: 0.7899 train_roc: 0.9567 train_ap: 0.9493 time: 0.1329s
INFO:root:Epoch: 0180 val_loss: 2.5792 val_roc: 0.6225 val_ap: 0.6430
INFO:root:Epoch: 0185 lr: 0.01 train_loss: 0.7952 train_roc: 0.9622 train_ap: 0.9584 time: 0.1358s
INFO:root:Epoch: 0185 val_loss: 2.5303 val_roc: 0.6364 val_ap: 0.6485
INFO:root:Epoch: 0190 lr: 0.01 train_loss: 0.8895 train_roc: 0.9492 train_ap: 0.9429 time: 0.1318s
INFO:root:Epoch: 0190 val_loss: 2.5017 val_roc: 0.6363 val_ap: 0.6470
INFO:root:Epoch: 0195 lr: 0.01 train_loss: 0.7904 train_roc: 0.9609 train_ap: 0.9605 time: 0.1313s
INFO:root:Epoch: 0195 val_loss: 2.4889 val_roc: 0.6321 val_ap: 0.6430
INFO:root:Epoch: 0200 lr: 0.01 train_loss: 0.7837 train_roc: 0.9673 train_ap: 0.9651 time: 0.1360s
INFO:root:Epoch: 0200 val_loss: 2.4766 val_roc: 0.6282 val_ap: 0.6392
INFO:root:Epoch: 0205 lr: 0.01 train_loss: 0.8527 train_roc: 0.9643 train_ap: 0.9603 time: 0.1371s
INFO:root:Epoch: 0205 val_loss: 2.4972 val_roc: 0.6263 val_ap: 0.6369
INFO:root:Epoch: 0210 lr: 0.01 train_loss: 0.8076 train_roc: 0.9638 train_ap: 0.9629 time: 0.1332s
INFO:root:Epoch: 0210 val_loss: 2.5173 val_roc: 0.6273 val_ap: 0.6368
INFO:root:Epoch: 0215 lr: 0.01 train_loss: 0.7383 train_roc: 0.9685 train_ap: 0.9706 time: 0.1321s
INFO:root:Epoch: 0215 val_loss: 2.5573 val_roc: 0.6230 val_ap: 0.6326
INFO:root:Epoch: 0220 lr: 0.01 train_loss: 0.7426 train_roc: 0.9638 train_ap: 0.9585 time: 0.1355s
INFO:root:Epoch: 0220 val_loss: 2.6283 val_roc: 0.6252 val_ap: 0.6336
INFO:root:Epoch: 0225 lr: 0.01 train_loss: 0.7003 train_roc: 0.9689 train_ap: 0.9632 time: 0.1361s
INFO:root:Epoch: 0225 val_loss: 2.6789 val_roc: 0.6296 val_ap: 0.6360
INFO:root:Epoch: 0230 lr: 0.01 train_loss: 0.8374 train_roc: 0.9608 train_ap: 0.9543 time: 0.1380s
INFO:root:Epoch: 0230 val_loss: 2.6817 val_roc: 0.6298 val_ap: 0.6366
INFO:root:Epoch: 0235 lr: 0.01 train_loss: 0.7779 train_roc: 0.9556 train_ap: 0.9499 time: 0.1354s
INFO:root:Epoch: 0235 val_loss: 2.6542 val_roc: 0.6344 val_ap: 0.6381
INFO:root:Epoch: 0240 lr: 0.01 train_loss: 0.7242 train_roc: 0.9654 train_ap: 0.9649 time: 0.1407s
INFO:root:Epoch: 0240 val_loss: 2.6552 val_roc: 0.6380 val_ap: 0.6405
INFO:root:Epoch: 0245 lr: 0.01 train_loss: 0.7604 train_roc: 0.9678 train_ap: 0.9652 time: 0.1444s
INFO:root:Epoch: 0245 val_loss: 2.6929 val_roc: 0.6341 val_ap: 0.6383
INFO:root:Epoch: 0250 lr: 0.01 train_loss: 0.8347 train_roc: 0.9587 train_ap: 0.9608 time: 0.1397s
INFO:root:Epoch: 0250 val_loss: 2.7139 val_roc: 0.6333 val_ap: 0.6366
INFO:root:Epoch: 0255 lr: 0.01 train_loss: 0.8159 train_roc: 0.9597 train_ap: 0.9606 time: 0.1408s
INFO:root:Epoch: 0255 val_loss: 2.7091 val_roc: 0.6327 val_ap: 0.6368
INFO:root:Epoch: 0260 lr: 0.01 train_loss: 0.7728 train_roc: 0.9600 train_ap: 0.9599 time: 0.1394s
INFO:root:Epoch: 0260 val_loss: 2.6620 val_roc: 0.6333 val_ap: 0.6347
INFO:root:Epoch: 0265 lr: 0.01 train_loss: 0.8018 train_roc: 0.9580 train_ap: 0.9502 time: 0.1369s
INFO:root:Epoch: 0265 val_loss: 2.6452 val_roc: 0.6336 val_ap: 0.6341
INFO:root:Epoch: 0270 lr: 0.01 train_loss: 0.7427 train_roc: 0.9642 train_ap: 0.9558 time: 0.1372s
INFO:root:Epoch: 0270 val_loss: 2.6614 val_roc: 0.6283 val_ap: 0.6340
INFO:root:Epoch: 0275 lr: 0.01 train_loss: 0.8087 train_roc: 0.9600 train_ap: 0.9618 time: 0.1332s
INFO:root:Epoch: 0275 val_loss: 2.6556 val_roc: 0.6341 val_ap: 0.6374
INFO:root:Epoch: 0280 lr: 0.01 train_loss: 0.8135 train_roc: 0.9658 train_ap: 0.9610 time: 0.1376s
INFO:root:Epoch: 0280 val_loss: 2.6325 val_roc: 0.6454 val_ap: 0.6461
INFO:root:Epoch: 0285 lr: 0.01 train_loss: 0.7616 train_roc: 0.9605 train_ap: 0.9537 time: 0.1331s
INFO:root:Epoch: 0285 val_loss: 2.6246 val_roc: 0.6505 val_ap: 0.6495
INFO:root:Epoch: 0290 lr: 0.01 train_loss: 0.7216 train_roc: 0.9656 train_ap: 0.9665 time: 0.1339s
INFO:root:Epoch: 0290 val_loss: 2.6408 val_roc: 0.6528 val_ap: 0.6519
INFO:root:Epoch: 0295 lr: 0.01 train_loss: 0.7522 train_roc: 0.9495 train_ap: 0.9433 time: 0.1328s
INFO:root:Epoch: 0295 val_loss: 2.6580 val_roc: 0.6504 val_ap: 0.6499
INFO:root:Epoch: 0300 lr: 0.01 train_loss: 0.6991 train_roc: 0.9627 train_ap: 0.9571 time: 0.1345s
INFO:root:Epoch: 0300 val_loss: 2.7027 val_roc: 0.6423 val_ap: 0.6466
INFO:root:Epoch: 0305 lr: 0.01 train_loss: 0.7404 train_roc: 0.9631 train_ap: 0.9565 time: 0.1331s
INFO:root:Epoch: 0305 val_loss: 2.7021 val_roc: 0.6360 val_ap: 0.6456
INFO:root:Epoch: 0310 lr: 0.01 train_loss: 0.7098 train_roc: 0.9627 train_ap: 0.9596 time: 0.1349s
INFO:root:Epoch: 0310 val_loss: 2.7303 val_roc: 0.6349 val_ap: 0.6456
INFO:root:Epoch: 0315 lr: 0.01 train_loss: 0.7351 train_roc: 0.9669 train_ap: 0.9620 time: 0.1397s
INFO:root:Epoch: 0315 val_loss: 2.7059 val_roc: 0.6376 val_ap: 0.6447
INFO:root:Epoch: 0320 lr: 0.01 train_loss: 0.7456 train_roc: 0.9629 train_ap: 0.9635 time: 0.1389s
INFO:root:Epoch: 0320 val_loss: 2.7126 val_roc: 0.6404 val_ap: 0.6467
INFO:root:Epoch: 0325 lr: 0.01 train_loss: 0.6967 train_roc: 0.9629 train_ap: 0.9637 time: 0.1375s
INFO:root:Epoch: 0325 val_loss: 2.7913 val_roc: 0.6467 val_ap: 0.6505
INFO:root:Epoch: 0330 lr: 0.01 train_loss: 0.7277 train_roc: 0.9586 train_ap: 0.9550 time: 0.1464s
INFO:root:Epoch: 0330 val_loss: 2.8710 val_roc: 0.6512 val_ap: 0.6525
INFO:root:Epoch: 0335 lr: 0.01 train_loss: 0.6780 train_roc: 0.9615 train_ap: 0.9534 time: 0.1365s
INFO:root:Epoch: 0335 val_loss: 2.9280 val_roc: 0.6470 val_ap: 0.6489
INFO:root:Epoch: 0340 lr: 0.01 train_loss: 0.6900 train_roc: 0.9658 train_ap: 0.9650 time: 0.1337s
INFO:root:Epoch: 0340 val_loss: 2.9414 val_roc: 0.6452 val_ap: 0.6474
INFO:root:Epoch: 0345 lr: 0.01 train_loss: 0.7029 train_roc: 0.9597 train_ap: 0.9540 time: 0.1319s
INFO:root:Epoch: 0345 val_loss: 2.9369 val_roc: 0.6403 val_ap: 0.6466
INFO:root:Epoch: 0350 lr: 0.01 train_loss: 0.7526 train_roc: 0.9643 train_ap: 0.9616 time: 0.1324s
INFO:root:Epoch: 0350 val_loss: 2.9395 val_roc: 0.6327 val_ap: 0.6437
INFO:root:Epoch: 0355 lr: 0.01 train_loss: 0.7036 train_roc: 0.9591 train_ap: 0.9560 time: 0.1365s
INFO:root:Epoch: 0355 val_loss: 2.9285 val_roc: 0.6333 val_ap: 0.6440
INFO:root:Epoch: 0360 lr: 0.01 train_loss: 0.7933 train_roc: 0.9639 train_ap: 0.9604 time: 0.1346s
INFO:root:Epoch: 0360 val_loss: 2.9474 val_roc: 0.6385 val_ap: 0.6468
INFO:root:Epoch: 0365 lr: 0.01 train_loss: 0.8651 train_roc: 0.9659 train_ap: 0.9652 time: 0.1317s
INFO:root:Epoch: 0365 val_loss: 3.0134 val_roc: 0.6410 val_ap: 0.6474
INFO:root:Epoch: 0370 lr: 0.01 train_loss: 0.8014 train_roc: 0.9663 train_ap: 0.9624 time: 0.1313s
INFO:root:Epoch: 0370 val_loss: 2.9846 val_roc: 0.6453 val_ap: 0.6500
INFO:root:Epoch: 0375 lr: 0.01 train_loss: 0.8001 train_roc: 0.9611 train_ap: 0.9557 time: 0.1338s
INFO:root:Epoch: 0375 val_loss: 2.9360 val_roc: 0.6484 val_ap: 0.6530
INFO:root:Epoch: 0380 lr: 0.01 train_loss: 0.7800 train_roc: 0.9544 train_ap: 0.9525 time: 0.1330s
INFO:root:Epoch: 0380 val_loss: 2.9280 val_roc: 0.6494 val_ap: 0.6531
INFO:root:Epoch: 0385 lr: 0.01 train_loss: 0.6894 train_roc: 0.9597 train_ap: 0.9577 time: 0.1318s
INFO:root:Epoch: 0385 val_loss: 2.9359 val_roc: 0.6497 val_ap: 0.6495
INFO:root:Epoch: 0390 lr: 0.01 train_loss: 0.6992 train_roc: 0.9590 train_ap: 0.9553 time: 0.1358s
INFO:root:Epoch: 0390 val_loss: 2.9416 val_roc: 0.6457 val_ap: 0.6440
INFO:root:Epoch: 0395 lr: 0.01 train_loss: 0.7109 train_roc: 0.9587 train_ap: 0.9584 time: 0.1344s
INFO:root:Epoch: 0395 val_loss: 2.9432 val_roc: 0.6430 val_ap: 0.6417
INFO:root:Epoch: 0400 lr: 0.01 train_loss: 0.7958 train_roc: 0.9627 train_ap: 0.9635 time: 0.1324s
INFO:root:Epoch: 0400 val_loss: 2.9796 val_roc: 0.6392 val_ap: 0.6393
INFO:root:Epoch: 0405 lr: 0.01 train_loss: 0.7034 train_roc: 0.9556 train_ap: 0.9453 time: 0.1348s
INFO:root:Epoch: 0405 val_loss: 2.9904 val_roc: 0.6352 val_ap: 0.6371
INFO:root:Epoch: 0410 lr: 0.01 train_loss: 0.7585 train_roc: 0.9607 train_ap: 0.9540 time: 0.1311s
INFO:root:Epoch: 0410 val_loss: 2.9598 val_roc: 0.6401 val_ap: 0.6414
INFO:root:Epoch: 0415 lr: 0.01 train_loss: 0.7323 train_roc: 0.9550 train_ap: 0.9507 time: 0.1315s
INFO:root:Epoch: 0415 val_loss: 2.9463 val_roc: 0.6446 val_ap: 0.6444
INFO:root:Epoch: 0420 lr: 0.01 train_loss: 0.7785 train_roc: 0.9634 train_ap: 0.9591 time: 0.1316s
INFO:root:Epoch: 0420 val_loss: 3.0549 val_roc: 0.6368 val_ap: 0.6384
INFO:root:Epoch: 0425 lr: 0.01 train_loss: 0.6800 train_roc: 0.9645 train_ap: 0.9584 time: 0.1355s
INFO:root:Epoch: 0425 val_loss: 3.1084 val_roc: 0.6314 val_ap: 0.6379
INFO:root:Early stopping
INFO:root:Optimization Finished!
INFO:root:Total time elapsed: 80.4642s
INFO:root:Val set results: val_loss: 2.8628 val_roc: 0.6512 val_ap: 0.6542
INFO:root:Test set results: test_loss: 3.7275 test_roc: 0.5726 test_ap: 0.5896
