INFO:root:Using: cpu
INFO:root:Using seed 1234.
INFO:root:LPModel(
  (encoder): HypGCN(
    (layers): Sequential(
      (0): HyperbolicGraphConvolution(
        (linear): HypLinear(in_features=11, out_features=8, c=tensor([1.]))
        (agg): HypAgg(c=tensor([1.]), use_att=0)
        (hyp_act): HypAct(c_in=tensor([1.]), c_out=tensor([1.]))
      )
      (1): HyperbolicGraphConvolution(
        (linear): HypLinear(in_features=8, out_features=8, c=tensor([1.]))
        (agg): HypAgg(c=tensor([1.]), use_att=0)
        (hyp_act): HypAct(c_in=tensor([1.]), c_out=tensor([1.]))
      )
    )
  )
  (dc): FermiDiracDecoder()
)
INFO:root:Total number of parameters: 168
INFO:root:Epoch: 0005 lr: 0.01 train_loss: 1.1905 train_roc: 0.8302 train_ap: 0.8076 time: 0.0899s
INFO:root:Epoch: 0005 val_loss: 2.5344 val_roc: 0.5019 val_ap: 0.5105
INFO:root:Epoch: 0010 lr: 0.01 train_loss: 1.3794 train_roc: 0.8145 train_ap: 0.8206 time: 0.0930s
INFO:root:Epoch: 0010 val_loss: 2.5040 val_roc: 0.4970 val_ap: 0.5050
INFO:root:Epoch: 0015 lr: 0.01 train_loss: 1.2344 train_roc: 0.8328 train_ap: 0.8294 time: 0.0901s
INFO:root:Epoch: 0015 val_loss: 2.4486 val_roc: 0.4921 val_ap: 0.5041
INFO:root:Epoch: 0020 lr: 0.01 train_loss: 1.2740 train_roc: 0.7922 train_ap: 0.7570 time: 0.0918s
INFO:root:Epoch: 0020 val_loss: 2.4297 val_roc: 0.4897 val_ap: 0.5026
INFO:root:Epoch: 0025 lr: 0.01 train_loss: 1.3406 train_roc: 0.8259 train_ap: 0.8320 time: 0.0910s
INFO:root:Epoch: 0025 val_loss: 2.4194 val_roc: 0.4892 val_ap: 0.5044
INFO:root:Epoch: 0030 lr: 0.01 train_loss: 1.2907 train_roc: 0.8259 train_ap: 0.8158 time: 0.0906s
INFO:root:Epoch: 0030 val_loss: 2.4181 val_roc: 0.4873 val_ap: 0.5045
INFO:root:Epoch: 0035 lr: 0.01 train_loss: 1.1275 train_roc: 0.8527 train_ap: 0.8521 time: 0.0901s
INFO:root:Epoch: 0035 val_loss: 2.3510 val_roc: 0.4888 val_ap: 0.5095
INFO:root:Epoch: 0040 lr: 0.01 train_loss: 1.5300 train_roc: 0.8043 train_ap: 0.7905 time: 0.0914s
INFO:root:Epoch: 0040 val_loss: 2.3160 val_roc: 0.4886 val_ap: 0.5132
INFO:root:Epoch: 0045 lr: 0.01 train_loss: 1.1795 train_roc: 0.8407 train_ap: 0.8391 time: 0.0920s
INFO:root:Epoch: 0045 val_loss: 2.2762 val_roc: 0.4889 val_ap: 0.5170
INFO:root:Epoch: 0050 lr: 0.01 train_loss: 1.5330 train_roc: 0.8116 train_ap: 0.7854 time: 0.0915s
INFO:root:Epoch: 0050 val_loss: 2.2354 val_roc: 0.4855 val_ap: 0.5144
INFO:root:Epoch: 0055 lr: 0.01 train_loss: 1.2488 train_roc: 0.8120 train_ap: 0.7924 time: 0.0897s
INFO:root:Epoch: 0055 val_loss: 2.2157 val_roc: 0.4811 val_ap: 0.5092
INFO:root:Epoch: 0060 lr: 0.01 train_loss: 1.2136 train_roc: 0.8451 train_ap: 0.8407 time: 0.0905s
INFO:root:Epoch: 0060 val_loss: 2.2144 val_roc: 0.4771 val_ap: 0.5073
INFO:root:Epoch: 0065 lr: 0.01 train_loss: 1.1141 train_roc: 0.8744 train_ap: 0.8703 time: 0.0903s
INFO:root:Epoch: 0065 val_loss: 2.2088 val_roc: 0.4728 val_ap: 0.5039
INFO:root:Epoch: 0070 lr: 0.01 train_loss: 1.1344 train_roc: 0.8489 train_ap: 0.8307 time: 0.0908s
INFO:root:Epoch: 0070 val_loss: 2.2050 val_roc: 0.4702 val_ap: 0.5011
INFO:root:Epoch: 0075 lr: 0.01 train_loss: 0.9886 train_roc: 0.8696 train_ap: 0.8692 time: 0.0919s
INFO:root:Epoch: 0075 val_loss: 2.2258 val_roc: 0.4657 val_ap: 0.5001
INFO:root:Epoch: 0080 lr: 0.01 train_loss: 1.5630 train_roc: 0.8061 train_ap: 0.7757 time: 0.0911s
INFO:root:Epoch: 0080 val_loss: 2.2695 val_roc: 0.4653 val_ap: 0.4996
INFO:root:Epoch: 0085 lr: 0.01 train_loss: 1.1218 train_roc: 0.8639 train_ap: 0.8631 time: 0.0927s
INFO:root:Epoch: 0085 val_loss: 2.3173 val_roc: 0.4635 val_ap: 0.4979
INFO:root:Epoch: 0090 lr: 0.01 train_loss: 1.9811 train_roc: 0.8567 train_ap: 0.8540 time: 0.0930s
INFO:root:Epoch: 0090 val_loss: 2.2586 val_roc: 0.4650 val_ap: 0.5008
INFO:root:Epoch: 0095 lr: 0.01 train_loss: 0.9703 train_roc: 0.8910 train_ap: 0.8971 time: 0.0914s
INFO:root:Epoch: 0095 val_loss: 2.1753 val_roc: 0.4719 val_ap: 0.5063
INFO:root:Epoch: 0100 lr: 0.01 train_loss: 1.0047 train_roc: 0.8878 train_ap: 0.8818 time: 0.0922s
INFO:root:Epoch: 0100 val_loss: 2.1472 val_roc: 0.4752 val_ap: 0.5085
INFO:root:Early stopping
INFO:root:Optimization Finished!
INFO:root:Total time elapsed: 15.4754s
INFO:root:Val set results: val_loss: 2.5360 val_roc: 0.5029 val_ap: 0.5120
INFO:root:Test set results: test_loss: 3.2709 test_roc: 0.3965 test_ap: 0.4446
