INFO:root:Using: cpu
INFO:root:Using seed 1234.
INFO:root:LPModel(
  (encoder): HypGCN(
    (layers): Sequential(
      (0): HyperbolicGraphConvolution(
        (linear): HypLinear(in_features=11, out_features=32, c=tensor([1.]))
        (agg): HypAgg(c=tensor([1.]), use_att=0)
        (hyp_act): HypAct(c_in=tensor([1.]), c_out=tensor([1.]))
      )
      (1): HyperbolicGraphConvolution(
        (linear): HypLinear(in_features=32, out_features=32, c=tensor([1.]))
        (agg): HypAgg(c=tensor([1.]), use_att=0)
        (hyp_act): HypAct(c_in=tensor([1.]), c_out=tensor([1.]))
      )
    )
  )
  (dc): FermiDiracDecoder()
)
INFO:root:Total number of parameters: 1440
INFO:root:Epoch: 0005 lr: 0.01 train_loss: 1.0627 train_roc: 0.8763 train_ap: 0.8817 time: 0.1947s
INFO:root:Epoch: 0005 val_loss: 3.2155 val_roc: 0.4919 val_ap: 0.5374
INFO:root:Epoch: 0010 lr: 0.01 train_loss: 1.0014 train_roc: 0.8935 train_ap: 0.9034 time: 0.2071s
INFO:root:Epoch: 0010 val_loss: 3.2710 val_roc: 0.4984 val_ap: 0.5431
INFO:root:Epoch: 0015 lr: 0.01 train_loss: 0.9997 train_roc: 0.8839 train_ap: 0.8976 time: 0.1987s
INFO:root:Epoch: 0015 val_loss: 3.1757 val_roc: 0.5023 val_ap: 0.5448
INFO:root:Epoch: 0020 lr: 0.01 train_loss: 1.0132 train_roc: 0.8904 train_ap: 0.8987 time: 0.1976s
INFO:root:Epoch: 0020 val_loss: 3.1065 val_roc: 0.5055 val_ap: 0.5481
INFO:root:Epoch: 0025 lr: 0.01 train_loss: 1.0096 train_roc: 0.8861 train_ap: 0.9027 time: 0.1919s
INFO:root:Epoch: 0025 val_loss: 3.0506 val_roc: 0.5109 val_ap: 0.5505
INFO:root:Epoch: 0030 lr: 0.01 train_loss: 0.9891 train_roc: 0.9004 train_ap: 0.9134 time: 0.2010s
INFO:root:Epoch: 0030 val_loss: 3.0642 val_roc: 0.5154 val_ap: 0.5525
INFO:root:Epoch: 0035 lr: 0.01 train_loss: 0.9098 train_roc: 0.9019 train_ap: 0.9119 time: 0.1941s
INFO:root:Epoch: 0035 val_loss: 2.9588 val_roc: 0.5185 val_ap: 0.5534
INFO:root:Epoch: 0040 lr: 0.01 train_loss: 0.9276 train_roc: 0.9002 train_ap: 0.9114 time: 0.1951s
INFO:root:Epoch: 0040 val_loss: 2.8000 val_roc: 0.5185 val_ap: 0.5543
INFO:root:Epoch: 0045 lr: 0.01 train_loss: 0.8569 train_roc: 0.9104 train_ap: 0.9190 time: 0.1931s
INFO:root:Epoch: 0045 val_loss: 2.6455 val_roc: 0.5212 val_ap: 0.5581
INFO:root:Epoch: 0050 lr: 0.01 train_loss: 0.8948 train_roc: 0.9046 train_ap: 0.9089 time: 0.1961s
INFO:root:Epoch: 0050 val_loss: 2.3955 val_roc: 0.5198 val_ap: 0.5575
INFO:root:Epoch: 0055 lr: 0.01 train_loss: 0.8332 train_roc: 0.9106 train_ap: 0.9173 time: 0.1955s
INFO:root:Epoch: 0055 val_loss: 2.2837 val_roc: 0.5185 val_ap: 0.5572
INFO:root:Epoch: 0060 lr: 0.01 train_loss: 0.8552 train_roc: 0.9092 train_ap: 0.9155 time: 0.1933s
INFO:root:Epoch: 0060 val_loss: 2.2441 val_roc: 0.5192 val_ap: 0.5602
INFO:root:Epoch: 0065 lr: 0.01 train_loss: 0.8007 train_roc: 0.9245 train_ap: 0.9279 time: 0.1949s
INFO:root:Epoch: 0065 val_loss: 2.3066 val_roc: 0.5231 val_ap: 0.5630
INFO:root:Epoch: 0070 lr: 0.01 train_loss: 0.8674 train_roc: 0.9176 train_ap: 0.9222 time: 0.1959s
INFO:root:Epoch: 0070 val_loss: 2.3207 val_roc: 0.5297 val_ap: 0.5681
INFO:root:Epoch: 0075 lr: 0.01 train_loss: 1.1626 train_roc: 0.9057 train_ap: 0.9154 time: 0.1934s
INFO:root:Epoch: 0075 val_loss: 2.1837 val_roc: 0.5380 val_ap: 0.5758
INFO:root:Epoch: 0080 lr: 0.01 train_loss: 0.8768 train_roc: 0.9300 train_ap: 0.9317 time: 0.1916s
INFO:root:Epoch: 0080 val_loss: 2.0183 val_roc: 0.5489 val_ap: 0.5839
INFO:root:Epoch: 0085 lr: 0.01 train_loss: 0.7545 train_roc: 0.9435 train_ap: 0.9436 time: 0.1953s
INFO:root:Epoch: 0085 val_loss: 1.9768 val_roc: 0.5575 val_ap: 0.5925
INFO:root:Epoch: 0090 lr: 0.01 train_loss: 0.7192 train_roc: 0.9363 train_ap: 0.9365 time: 0.1940s
INFO:root:Epoch: 0090 val_loss: 1.9904 val_roc: 0.5653 val_ap: 0.6011
INFO:root:Epoch: 0095 lr: 0.01 train_loss: 0.7201 train_roc: 0.9367 train_ap: 0.9427 time: 0.1966s
INFO:root:Epoch: 0095 val_loss: 1.9865 val_roc: 0.5740 val_ap: 0.6071
INFO:root:Epoch: 0100 lr: 0.01 train_loss: 0.7451 train_roc: 0.9352 train_ap: 0.9376 time: 0.1941s
INFO:root:Epoch: 0100 val_loss: 1.9826 val_roc: 0.5836 val_ap: 0.6136
INFO:root:Epoch: 0105 lr: 0.01 train_loss: 0.7644 train_roc: 0.9353 train_ap: 0.9352 time: 0.1951s
INFO:root:Epoch: 0105 val_loss: 1.9448 val_roc: 0.5919 val_ap: 0.6161
INFO:root:Epoch: 0110 lr: 0.01 train_loss: 0.7704 train_roc: 0.9428 train_ap: 0.9430 time: 0.2066s
INFO:root:Epoch: 0110 val_loss: 1.8604 val_roc: 0.5993 val_ap: 0.6204
INFO:root:Epoch: 0115 lr: 0.01 train_loss: 0.8603 train_roc: 0.9455 train_ap: 0.9477 time: 0.1927s
INFO:root:Epoch: 0115 val_loss: 1.7975 val_roc: 0.6059 val_ap: 0.6242
INFO:root:Epoch: 0120 lr: 0.01 train_loss: 0.7870 train_roc: 0.9431 train_ap: 0.9408 time: 0.1987s
INFO:root:Epoch: 0120 val_loss: 1.7866 val_roc: 0.6027 val_ap: 0.6219
INFO:root:Epoch: 0125 lr: 0.01 train_loss: 0.7114 train_roc: 0.9394 train_ap: 0.9406 time: 0.1948s
INFO:root:Epoch: 0125 val_loss: 1.7821 val_roc: 0.6043 val_ap: 0.6238
INFO:root:Epoch: 0130 lr: 0.01 train_loss: 0.7883 train_roc: 0.9348 train_ap: 0.9340 time: 0.1966s
INFO:root:Epoch: 0130 val_loss: 1.7633 val_roc: 0.6102 val_ap: 0.6273
INFO:root:Epoch: 0135 lr: 0.01 train_loss: 0.7339 train_roc: 0.9426 train_ap: 0.9362 time: 0.1978s
INFO:root:Epoch: 0135 val_loss: 1.7953 val_roc: 0.6123 val_ap: 0.6279
INFO:root:Epoch: 0140 lr: 0.01 train_loss: 0.6602 train_roc: 0.9569 train_ap: 0.9581 time: 0.2024s
INFO:root:Epoch: 0140 val_loss: 1.8115 val_roc: 0.6117 val_ap: 0.6250
INFO:root:Epoch: 0145 lr: 0.01 train_loss: 0.6562 train_roc: 0.9581 train_ap: 0.9556 time: 0.2067s
INFO:root:Epoch: 0145 val_loss: 1.7867 val_roc: 0.6174 val_ap: 0.6290
INFO:root:Epoch: 0150 lr: 0.01 train_loss: 0.7502 train_roc: 0.9482 train_ap: 0.9517 time: 0.1964s
INFO:root:Epoch: 0150 val_loss: 1.7629 val_roc: 0.6253 val_ap: 0.6332
INFO:root:Epoch: 0155 lr: 0.01 train_loss: 0.6675 train_roc: 0.9442 train_ap: 0.9446 time: 0.1963s
INFO:root:Epoch: 0155 val_loss: 1.8546 val_roc: 0.6267 val_ap: 0.6333
INFO:root:Epoch: 0160 lr: 0.01 train_loss: 0.6770 train_roc: 0.9511 train_ap: 0.9504 time: 0.1967s
INFO:root:Epoch: 0160 val_loss: 1.9920 val_roc: 0.6326 val_ap: 0.6359
INFO:root:Epoch: 0165 lr: 0.01 train_loss: 0.7016 train_roc: 0.9473 train_ap: 0.9467 time: 0.1981s
INFO:root:Epoch: 0165 val_loss: 1.9898 val_roc: 0.6359 val_ap: 0.6341
INFO:root:Epoch: 0170 lr: 0.01 train_loss: 0.6338 train_roc: 0.9550 train_ap: 0.9552 time: 0.1957s
INFO:root:Epoch: 0170 val_loss: 1.8900 val_roc: 0.6403 val_ap: 0.6350
INFO:root:Epoch: 0175 lr: 0.01 train_loss: 0.5874 train_roc: 0.9626 train_ap: 0.9585 time: 0.1973s
INFO:root:Epoch: 0175 val_loss: 1.7735 val_roc: 0.6458 val_ap: 0.6362
INFO:root:Epoch: 0180 lr: 0.01 train_loss: 0.6776 train_roc: 0.9479 train_ap: 0.9435 time: 0.1988s
INFO:root:Epoch: 0180 val_loss: 1.7245 val_roc: 0.6508 val_ap: 0.6386
INFO:root:Epoch: 0185 lr: 0.01 train_loss: 0.6513 train_roc: 0.9504 train_ap: 0.9506 time: 0.1975s
INFO:root:Epoch: 0185 val_loss: 1.7179 val_roc: 0.6554 val_ap: 0.6407
INFO:root:Epoch: 0190 lr: 0.01 train_loss: 0.8439 train_roc: 0.9439 train_ap: 0.9416 time: 0.1932s
INFO:root:Epoch: 0190 val_loss: 1.8119 val_roc: 0.6583 val_ap: 0.6430
INFO:root:Epoch: 0195 lr: 0.01 train_loss: 0.6081 train_roc: 0.9603 train_ap: 0.9616 time: 0.1936s
INFO:root:Epoch: 0195 val_loss: 1.7444 val_roc: 0.6562 val_ap: 0.6435
INFO:root:Epoch: 0200 lr: 0.01 train_loss: 0.6150 train_roc: 0.9577 train_ap: 0.9537 time: 0.2009s
INFO:root:Epoch: 0200 val_loss: 1.6992 val_roc: 0.6523 val_ap: 0.6408
INFO:root:Epoch: 0205 lr: 0.01 train_loss: 0.6417 train_roc: 0.9650 train_ap: 0.9604 time: 0.2119s
INFO:root:Epoch: 0205 val_loss: 1.6909 val_roc: 0.6534 val_ap: 0.6424
INFO:root:Epoch: 0210 lr: 0.01 train_loss: 0.8068 train_roc: 0.9234 train_ap: 0.9291 time: 0.1932s
INFO:root:Epoch: 0210 val_loss: 1.7657 val_roc: 0.6510 val_ap: 0.6390
INFO:root:Epoch: 0215 lr: 0.01 train_loss: 0.6435 train_roc: 0.9505 train_ap: 0.9515 time: 0.1992s
INFO:root:Epoch: 0215 val_loss: 1.9269 val_roc: 0.6513 val_ap: 0.6397
INFO:root:Epoch: 0220 lr: 0.01 train_loss: 0.8221 train_roc: 0.9309 train_ap: 0.9281 time: 0.1926s
INFO:root:Epoch: 0220 val_loss: 2.0185 val_roc: 0.6484 val_ap: 0.6400
INFO:root:Epoch: 0225 lr: 0.01 train_loss: 0.8121 train_roc: 0.9327 train_ap: 0.9315 time: 0.1990s
INFO:root:Epoch: 0225 val_loss: 1.8038 val_roc: 0.6475 val_ap: 0.6397
INFO:root:Epoch: 0230 lr: 0.01 train_loss: 0.8135 train_roc: 0.9361 train_ap: 0.9349 time: 0.1944s
INFO:root:Epoch: 0230 val_loss: 1.7171 val_roc: 0.6449 val_ap: 0.6395
INFO:root:Epoch: 0235 lr: 0.01 train_loss: 0.5860 train_roc: 0.9635 train_ap: 0.9582 time: 0.1983s
INFO:root:Epoch: 0235 val_loss: 1.8090 val_roc: 0.6423 val_ap: 0.6399
INFO:root:Epoch: 0240 lr: 0.01 train_loss: 0.5959 train_roc: 0.9602 train_ap: 0.9584 time: 0.1944s
INFO:root:Epoch: 0240 val_loss: 1.8737 val_roc: 0.6413 val_ap: 0.6404
INFO:root:Epoch: 0245 lr: 0.01 train_loss: 0.6972 train_roc: 0.9455 train_ap: 0.9411 time: 0.1953s
INFO:root:Epoch: 0245 val_loss: 1.8884 val_roc: 0.6437 val_ap: 0.6416
INFO:root:Epoch: 0250 lr: 0.01 train_loss: 0.6507 train_roc: 0.9503 train_ap: 0.9510 time: 0.2101s
INFO:root:Epoch: 0250 val_loss: 1.8129 val_roc: 0.6467 val_ap: 0.6419
INFO:root:Epoch: 0255 lr: 0.01 train_loss: 0.5981 train_roc: 0.9640 train_ap: 0.9640 time: 0.1983s
INFO:root:Epoch: 0255 val_loss: 1.7377 val_roc: 0.6508 val_ap: 0.6441
INFO:root:Epoch: 0260 lr: 0.01 train_loss: 0.5820 train_roc: 0.9642 train_ap: 0.9639 time: 0.1932s
INFO:root:Epoch: 0260 val_loss: 1.7416 val_roc: 0.6516 val_ap: 0.6439
INFO:root:Epoch: 0265 lr: 0.01 train_loss: 0.5977 train_roc: 0.9585 train_ap: 0.9495 time: 0.1989s
INFO:root:Epoch: 0265 val_loss: 1.7860 val_roc: 0.6522 val_ap: 0.6434
INFO:root:Epoch: 0270 lr: 0.01 train_loss: 0.5753 train_roc: 0.9661 train_ap: 0.9590 time: 0.1933s
INFO:root:Epoch: 0270 val_loss: 1.8064 val_roc: 0.6514 val_ap: 0.6409
INFO:root:Epoch: 0275 lr: 0.01 train_loss: 0.5890 train_roc: 0.9702 train_ap: 0.9708 time: 0.2002s
INFO:root:Epoch: 0275 val_loss: 1.6989 val_roc: 0.6509 val_ap: 0.6391
INFO:root:Epoch: 0280 lr: 0.01 train_loss: 0.6031 train_roc: 0.9577 train_ap: 0.9541 time: 0.1948s
INFO:root:Epoch: 0280 val_loss: 1.7358 val_roc: 0.6456 val_ap: 0.6357
INFO:root:Epoch: 0285 lr: 0.01 train_loss: 0.5810 train_roc: 0.9631 train_ap: 0.9552 time: 0.1958s
INFO:root:Epoch: 0285 val_loss: 1.8804 val_roc: 0.6399 val_ap: 0.6315
INFO:root:Epoch: 0290 lr: 0.01 train_loss: 0.6794 train_roc: 0.9514 train_ap: 0.9547 time: 0.1968s
INFO:root:Epoch: 0290 val_loss: 1.9416 val_roc: 0.6394 val_ap: 0.6315
INFO:root:Early stopping
INFO:root:Optimization Finished!
INFO:root:Total time elapsed: 89.5406s
INFO:root:Val set results: val_loss: 1.8188 val_roc: 0.6589 val_ap: 0.6446
INFO:root:Test set results: test_loss: 2.4432 test_roc: 0.5804 test_ap: 0.5951
