INFO:root:Using: cpu
INFO:root:Using seed 1234.
INFO:root:LPModel(
  (encoder): HypGCN(
    (layers): Sequential(
      (0): HyperbolicGraphConvolution(
        (linear): HypLinear(in_features=11, out_features=64, c=tensor([1.]))
        (agg): HypAgg(c=tensor([1.]), use_att=0)
        (hyp_act): HypAct(c_in=tensor([1.]), c_out=tensor([1.]))
      )
      (1): HyperbolicGraphConvolution(
        (linear): HypLinear(in_features=64, out_features=64, c=tensor([1.]))
        (agg): HypAgg(c=tensor([1.]), use_att=0)
        (hyp_act): HypAct(c_in=tensor([1.]), c_out=tensor([1.]))
      )
    )
  )
  (dc): FermiDiracDecoder()
)
INFO:root:Total number of parameters: 4928
INFO:root:Epoch: 0005 lr: 0.01 train_loss: 1.5951 train_roc: 0.9570 train_ap: 0.9533 time: 0.0608s
INFO:root:Epoch: 0005 val_loss: 1.8069 val_roc: 0.5603 val_ap: 0.5496
INFO:root:Epoch: 0010 lr: 0.01 train_loss: 1.6300 train_roc: 0.9592 train_ap: 0.9641 time: 0.0577s
INFO:root:Epoch: 0010 val_loss: 1.7933 val_roc: 0.5577 val_ap: 0.5512
INFO:root:Epoch: 0015 lr: 0.01 train_loss: 1.5470 train_roc: 0.9562 train_ap: 0.9611 time: 0.0571s
INFO:root:Epoch: 0015 val_loss: 1.7933 val_roc: 0.5515 val_ap: 0.5534
INFO:root:Epoch: 0020 lr: 0.01 train_loss: 1.5322 train_roc: 0.9481 train_ap: 0.9520 time: 0.0622s
INFO:root:Epoch: 0020 val_loss: 1.7809 val_roc: 0.5473 val_ap: 0.5552
INFO:root:Epoch: 0025 lr: 0.01 train_loss: 1.5401 train_roc: 0.9571 train_ap: 0.9648 time: 0.0536s
INFO:root:Epoch: 0025 val_loss: 1.7566 val_roc: 0.5546 val_ap: 0.5618
INFO:root:Epoch: 0030 lr: 0.01 train_loss: 1.4796 train_roc: 0.9583 train_ap: 0.9643 time: 0.0513s
INFO:root:Epoch: 0030 val_loss: 1.7237 val_roc: 0.5631 val_ap: 0.5669
INFO:root:Epoch: 0035 lr: 0.01 train_loss: 1.4844 train_roc: 0.9608 train_ap: 0.9650 time: 0.0517s
INFO:root:Epoch: 0035 val_loss: 1.6977 val_roc: 0.5756 val_ap: 0.5781
INFO:root:Epoch: 0040 lr: 0.01 train_loss: 1.5263 train_roc: 0.9436 train_ap: 0.9482 time: 0.0514s
INFO:root:Epoch: 0040 val_loss: 1.6795 val_roc: 0.5813 val_ap: 0.5811
INFO:root:Epoch: 0045 lr: 0.01 train_loss: 1.4007 train_roc: 0.9557 train_ap: 0.9610 time: 0.0535s
INFO:root:Epoch: 0045 val_loss: 1.6662 val_roc: 0.5793 val_ap: 0.5802
INFO:root:Epoch: 0050 lr: 0.01 train_loss: 1.3850 train_roc: 0.9452 train_ap: 0.9471 time: 0.0545s
INFO:root:Epoch: 0050 val_loss: 1.6460 val_roc: 0.5758 val_ap: 0.5810
INFO:root:Epoch: 0055 lr: 0.01 train_loss: 1.3918 train_roc: 0.9528 train_ap: 0.9573 time: 0.0512s
INFO:root:Epoch: 0055 val_loss: 1.6280 val_roc: 0.5756 val_ap: 0.5805
INFO:root:Epoch: 0060 lr: 0.01 train_loss: 1.3851 train_roc: 0.9508 train_ap: 0.9548 time: 0.0520s
INFO:root:Epoch: 0060 val_loss: 1.6076 val_roc: 0.5812 val_ap: 0.5851
INFO:root:Epoch: 0065 lr: 0.01 train_loss: 1.4289 train_roc: 0.9534 train_ap: 0.9569 time: 0.0504s
INFO:root:Epoch: 0065 val_loss: 1.5890 val_roc: 0.5839 val_ap: 0.5889
INFO:root:Epoch: 0070 lr: 0.01 train_loss: 1.3457 train_roc: 0.9577 train_ap: 0.9612 time: 0.0515s
INFO:root:Epoch: 0070 val_loss: 1.5776 val_roc: 0.5892 val_ap: 0.5943
INFO:root:Epoch: 0075 lr: 0.01 train_loss: 1.3751 train_roc: 0.9507 train_ap: 0.9556 time: 0.0522s
INFO:root:Epoch: 0075 val_loss: 1.5735 val_roc: 0.5915 val_ap: 0.5946
INFO:root:Epoch: 0080 lr: 0.01 train_loss: 1.3484 train_roc: 0.9429 train_ap: 0.9465 time: 0.0560s
INFO:root:Epoch: 0080 val_loss: 1.5654 val_roc: 0.5933 val_ap: 0.5946
INFO:root:Epoch: 0085 lr: 0.01 train_loss: 1.3036 train_roc: 0.9533 train_ap: 0.9572 time: 0.0513s
INFO:root:Epoch: 0085 val_loss: 1.5625 val_roc: 0.5933 val_ap: 0.5956
INFO:root:Epoch: 0090 lr: 0.01 train_loss: 1.3516 train_roc: 0.9460 train_ap: 0.9472 time: 0.0518s
INFO:root:Epoch: 0090 val_loss: 1.5550 val_roc: 0.5904 val_ap: 0.5957
INFO:root:Epoch: 0095 lr: 0.01 train_loss: 1.3393 train_roc: 0.9522 train_ap: 0.9606 time: 0.0526s
INFO:root:Epoch: 0095 val_loss: 1.5452 val_roc: 0.5845 val_ap: 0.5907
INFO:root:Epoch: 0100 lr: 0.01 train_loss: 1.3058 train_roc: 0.9534 train_ap: 0.9547 time: 0.0630s
INFO:root:Epoch: 0100 val_loss: 1.5485 val_roc: 0.5843 val_ap: 0.5895
INFO:root:Epoch: 0105 lr: 0.01 train_loss: 1.3245 train_roc: 0.9556 train_ap: 0.9577 time: 0.0545s
INFO:root:Epoch: 0105 val_loss: 1.5436 val_roc: 0.5869 val_ap: 0.5909
INFO:root:Epoch: 0110 lr: 0.01 train_loss: 1.2921 train_roc: 0.9524 train_ap: 0.9571 time: 0.0519s
INFO:root:Epoch: 0110 val_loss: 1.5232 val_roc: 0.5956 val_ap: 0.5953
INFO:root:Epoch: 0115 lr: 0.01 train_loss: 1.3453 train_roc: 0.9402 train_ap: 0.9505 time: 0.0513s
INFO:root:Epoch: 0115 val_loss: 1.5211 val_roc: 0.5890 val_ap: 0.5906
INFO:root:Epoch: 0120 lr: 0.01 train_loss: 1.2836 train_roc: 0.9484 train_ap: 0.9524 time: 0.0523s
INFO:root:Epoch: 0120 val_loss: 1.5241 val_roc: 0.5890 val_ap: 0.5946
INFO:root:Epoch: 0125 lr: 0.01 train_loss: 1.2952 train_roc: 0.9506 train_ap: 0.9557 time: 0.0511s
INFO:root:Epoch: 0125 val_loss: 1.5190 val_roc: 0.5907 val_ap: 0.5995
INFO:root:Epoch: 0130 lr: 0.01 train_loss: 1.3048 train_roc: 0.9433 train_ap: 0.9478 time: 0.0509s
INFO:root:Epoch: 0130 val_loss: 1.5200 val_roc: 0.5846 val_ap: 0.5954
INFO:root:Epoch: 0135 lr: 0.01 train_loss: 1.2819 train_roc: 0.9523 train_ap: 0.9518 time: 0.0515s
INFO:root:Epoch: 0135 val_loss: 1.5076 val_roc: 0.5912 val_ap: 0.6008
INFO:root:Epoch: 0140 lr: 0.01 train_loss: 1.2523 train_roc: 0.9477 train_ap: 0.9573 time: 0.0514s
INFO:root:Epoch: 0140 val_loss: 1.4936 val_roc: 0.5956 val_ap: 0.5995
INFO:root:Epoch: 0145 lr: 0.01 train_loss: 1.2610 train_roc: 0.9490 train_ap: 0.9540 time: 0.0522s
INFO:root:Epoch: 0145 val_loss: 1.4881 val_roc: 0.5982 val_ap: 0.5964
INFO:root:Epoch: 0150 lr: 0.01 train_loss: 1.2855 train_roc: 0.9482 train_ap: 0.9564 time: 0.0514s
INFO:root:Epoch: 0150 val_loss: 1.4876 val_roc: 0.6020 val_ap: 0.5956
INFO:root:Epoch: 0155 lr: 0.01 train_loss: 1.2692 train_roc: 0.9481 train_ap: 0.9528 time: 0.0525s
INFO:root:Epoch: 0155 val_loss: 1.4843 val_roc: 0.5986 val_ap: 0.5957
INFO:root:Epoch: 0160 lr: 0.01 train_loss: 1.3221 train_roc: 0.9467 train_ap: 0.9523 time: 0.0508s
INFO:root:Epoch: 0160 val_loss: 1.4838 val_roc: 0.5927 val_ap: 0.5900
INFO:root:Epoch: 0165 lr: 0.01 train_loss: 1.3163 train_roc: 0.9337 train_ap: 0.9408 time: 0.0539s
INFO:root:Epoch: 0165 val_loss: 1.4891 val_roc: 0.5923 val_ap: 0.5906
INFO:root:Epoch: 0170 lr: 0.01 train_loss: 1.2822 train_roc: 0.9387 train_ap: 0.9434 time: 0.0522s
INFO:root:Epoch: 0170 val_loss: 1.4968 val_roc: 0.5920 val_ap: 0.5886
INFO:root:Epoch: 0175 lr: 0.01 train_loss: 1.2592 train_roc: 0.9469 train_ap: 0.9494 time: 0.0516s
INFO:root:Epoch: 0175 val_loss: 1.4806 val_roc: 0.5967 val_ap: 0.5924
INFO:root:Epoch: 0180 lr: 0.01 train_loss: 1.2598 train_roc: 0.9457 train_ap: 0.9454 time: 0.0513s
INFO:root:Epoch: 0180 val_loss: 1.4750 val_roc: 0.5989 val_ap: 0.5951
INFO:root:Epoch: 0185 lr: 0.01 train_loss: 1.2927 train_roc: 0.9494 train_ap: 0.9518 time: 0.0511s
INFO:root:Epoch: 0185 val_loss: 1.4725 val_roc: 0.5994 val_ap: 0.5951
INFO:root:Epoch: 0190 lr: 0.01 train_loss: 1.2630 train_roc: 0.9410 train_ap: 0.9433 time: 0.0505s
INFO:root:Epoch: 0190 val_loss: 1.4758 val_roc: 0.5953 val_ap: 0.5932
INFO:root:Epoch: 0195 lr: 0.01 train_loss: 1.2828 train_roc: 0.9460 train_ap: 0.9539 time: 0.0513s
INFO:root:Epoch: 0195 val_loss: 1.4777 val_roc: 0.5958 val_ap: 0.5948
INFO:root:Epoch: 0200 lr: 0.01 train_loss: 1.2910 train_roc: 0.9475 train_ap: 0.9524 time: 0.0514s
INFO:root:Epoch: 0200 val_loss: 1.4799 val_roc: 0.5959 val_ap: 0.5922
INFO:root:Epoch: 0205 lr: 0.01 train_loss: 1.2919 train_roc: 0.9426 train_ap: 0.9478 time: 0.0509s
INFO:root:Epoch: 0205 val_loss: 1.4777 val_roc: 0.5988 val_ap: 0.5950
INFO:root:Epoch: 0210 lr: 0.01 train_loss: 1.2644 train_roc: 0.9472 train_ap: 0.9523 time: 0.0510s
INFO:root:Epoch: 0210 val_loss: 1.4659 val_roc: 0.6032 val_ap: 0.5990
INFO:root:Epoch: 0215 lr: 0.01 train_loss: 1.2651 train_roc: 0.9503 train_ap: 0.9572 time: 0.0514s
INFO:root:Epoch: 0215 val_loss: 1.4706 val_roc: 0.5977 val_ap: 0.5935
INFO:root:Epoch: 0220 lr: 0.01 train_loss: 1.2317 train_roc: 0.9457 train_ap: 0.9479 time: 0.0515s
INFO:root:Epoch: 0220 val_loss: 1.4702 val_roc: 0.5995 val_ap: 0.5922
INFO:root:Epoch: 0225 lr: 0.01 train_loss: 1.2343 train_roc: 0.9520 train_ap: 0.9536 time: 0.0514s
INFO:root:Epoch: 0225 val_loss: 1.4652 val_roc: 0.5992 val_ap: 0.5936
INFO:root:Epoch: 0230 lr: 0.01 train_loss: 1.2501 train_roc: 0.9511 train_ap: 0.9529 time: 0.0506s
INFO:root:Epoch: 0230 val_loss: 1.4693 val_roc: 0.5950 val_ap: 0.5869
INFO:root:Epoch: 0235 lr: 0.01 train_loss: 1.2978 train_roc: 0.9365 train_ap: 0.9388 time: 0.0537s
INFO:root:Epoch: 0235 val_loss: 1.4673 val_roc: 0.5989 val_ap: 0.5901
INFO:root:Epoch: 0240 lr: 0.01 train_loss: 1.2483 train_roc: 0.9542 train_ap: 0.9595 time: 0.0507s
INFO:root:Epoch: 0240 val_loss: 1.4656 val_roc: 0.6035 val_ap: 0.5906
INFO:root:Epoch: 0245 lr: 0.01 train_loss: 1.2513 train_roc: 0.9439 train_ap: 0.9479 time: 0.0528s
INFO:root:Epoch: 0245 val_loss: 1.4630 val_roc: 0.6005 val_ap: 0.5902
INFO:root:Epoch: 0250 lr: 0.01 train_loss: 1.2514 train_roc: 0.9467 train_ap: 0.9508 time: 0.0520s
INFO:root:Epoch: 0250 val_loss: 1.4643 val_roc: 0.5999 val_ap: 0.5944
INFO:root:Epoch: 0255 lr: 0.01 train_loss: 1.2698 train_roc: 0.9510 train_ap: 0.9583 time: 0.0523s
INFO:root:Epoch: 0255 val_loss: 1.4616 val_roc: 0.5995 val_ap: 0.5938
INFO:root:Epoch: 0260 lr: 0.01 train_loss: 1.2509 train_roc: 0.9452 train_ap: 0.9514 time: 0.0522s
INFO:root:Epoch: 0260 val_loss: 1.4574 val_roc: 0.6019 val_ap: 0.5976
INFO:root:Epoch: 0265 lr: 0.01 train_loss: 1.2727 train_roc: 0.9404 train_ap: 0.9416 time: 0.0518s
INFO:root:Epoch: 0265 val_loss: 1.4533 val_roc: 0.6054 val_ap: 0.6029
INFO:root:Epoch: 0270 lr: 0.01 train_loss: 1.2719 train_roc: 0.9445 train_ap: 0.9415 time: 0.0513s
INFO:root:Epoch: 0270 val_loss: 1.4513 val_roc: 0.6089 val_ap: 0.6073
INFO:root:Epoch: 0275 lr: 0.01 train_loss: 1.2703 train_roc: 0.9399 train_ap: 0.9484 time: 0.0516s
INFO:root:Epoch: 0275 val_loss: 1.4450 val_roc: 0.6172 val_ap: 0.6075
INFO:root:Epoch: 0280 lr: 0.01 train_loss: 1.3177 train_roc: 0.9420 train_ap: 0.9472 time: 0.0509s
INFO:root:Epoch: 0280 val_loss: 1.4355 val_roc: 0.6273 val_ap: 0.6121
INFO:root:Epoch: 0285 lr: 0.01 train_loss: 1.2419 train_roc: 0.9396 train_ap: 0.9393 time: 0.0512s
INFO:root:Epoch: 0285 val_loss: 1.4378 val_roc: 0.6231 val_ap: 0.6082
INFO:root:Epoch: 0290 lr: 0.01 train_loss: 1.2342 train_roc: 0.9494 train_ap: 0.9565 time: 0.0511s
INFO:root:Epoch: 0290 val_loss: 1.4395 val_roc: 0.6227 val_ap: 0.6070
INFO:root:Epoch: 0295 lr: 0.01 train_loss: 1.2380 train_roc: 0.9458 train_ap: 0.9480 time: 0.0515s
INFO:root:Epoch: 0295 val_loss: 1.4409 val_roc: 0.6192 val_ap: 0.6031
INFO:root:Epoch: 0300 lr: 0.01 train_loss: 1.1981 train_roc: 0.9531 train_ap: 0.9551 time: 0.0510s
INFO:root:Epoch: 0300 val_loss: 1.4515 val_roc: 0.6074 val_ap: 0.5964
INFO:root:Epoch: 0305 lr: 0.01 train_loss: 1.2281 train_roc: 0.9473 train_ap: 0.9487 time: 0.0522s
INFO:root:Epoch: 0305 val_loss: 1.4552 val_roc: 0.6051 val_ap: 0.5985
INFO:root:Epoch: 0310 lr: 0.01 train_loss: 1.2553 train_roc: 0.9450 train_ap: 0.9486 time: 0.0519s
INFO:root:Epoch: 0310 val_loss: 1.4522 val_roc: 0.6079 val_ap: 0.6012
INFO:root:Epoch: 0315 lr: 0.01 train_loss: 1.2488 train_roc: 0.9371 train_ap: 0.9409 time: 0.0501s
INFO:root:Epoch: 0315 val_loss: 1.4501 val_roc: 0.6033 val_ap: 0.6010
INFO:root:Epoch: 0320 lr: 0.01 train_loss: 1.2742 train_roc: 0.9497 train_ap: 0.9570 time: 0.0519s
INFO:root:Epoch: 0320 val_loss: 1.4468 val_roc: 0.6014 val_ap: 0.6005
INFO:root:Epoch: 0325 lr: 0.01 train_loss: 1.2015 train_roc: 0.9491 train_ap: 0.9547 time: 0.0508s
INFO:root:Epoch: 0325 val_loss: 1.4465 val_roc: 0.6025 val_ap: 0.6035
INFO:root:Epoch: 0330 lr: 0.01 train_loss: 1.2505 train_roc: 0.9433 train_ap: 0.9498 time: 0.0507s
INFO:root:Epoch: 0330 val_loss: 1.4461 val_roc: 0.6076 val_ap: 0.6015
INFO:root:Epoch: 0335 lr: 0.01 train_loss: 1.2323 train_roc: 0.9494 train_ap: 0.9472 time: 0.0523s
INFO:root:Epoch: 0335 val_loss: 1.4493 val_roc: 0.6114 val_ap: 0.5992
INFO:root:Epoch: 0340 lr: 0.01 train_loss: 1.2290 train_roc: 0.9494 train_ap: 0.9566 time: 0.0506s
INFO:root:Epoch: 0340 val_loss: 1.4507 val_roc: 0.6072 val_ap: 0.5946
INFO:root:Epoch: 0345 lr: 0.01 train_loss: 1.2169 train_roc: 0.9461 train_ap: 0.9501 time: 0.0528s
INFO:root:Epoch: 0345 val_loss: 1.4457 val_roc: 0.6078 val_ap: 0.5974
INFO:root:Epoch: 0350 lr: 0.01 train_loss: 1.2300 train_roc: 0.9503 train_ap: 0.9555 time: 0.0542s
INFO:root:Epoch: 0350 val_loss: 1.4494 val_roc: 0.6022 val_ap: 0.5957
INFO:root:Epoch: 0355 lr: 0.01 train_loss: 1.2646 train_roc: 0.9434 train_ap: 0.9488 time: 0.0518s
INFO:root:Epoch: 0355 val_loss: 1.4509 val_roc: 0.6094 val_ap: 0.5958
INFO:root:Epoch: 0360 lr: 0.01 train_loss: 1.2502 train_roc: 0.9471 train_ap: 0.9496 time: 0.0516s
INFO:root:Epoch: 0360 val_loss: 1.4536 val_roc: 0.6045 val_ap: 0.5945
INFO:root:Epoch: 0365 lr: 0.01 train_loss: 1.2587 train_roc: 0.9459 train_ap: 0.9511 time: 0.0519s
INFO:root:Epoch: 0365 val_loss: 1.4407 val_roc: 0.6148 val_ap: 0.6041
INFO:root:Epoch: 0370 lr: 0.01 train_loss: 1.2692 train_roc: 0.9521 train_ap: 0.9563 time: 0.0508s
INFO:root:Epoch: 0370 val_loss: 1.4369 val_roc: 0.6163 val_ap: 0.6074
INFO:root:Epoch: 0375 lr: 0.01 train_loss: 1.2765 train_roc: 0.9420 train_ap: 0.9455 time: 0.0509s
INFO:root:Epoch: 0375 val_loss: 1.4389 val_roc: 0.6149 val_ap: 0.6083
INFO:root:Epoch: 0380 lr: 0.01 train_loss: 1.2281 train_roc: 0.9476 train_ap: 0.9555 time: 0.0516s
INFO:root:Epoch: 0380 val_loss: 1.4467 val_roc: 0.6107 val_ap: 0.6045
INFO:root:Early stopping
INFO:root:Optimization Finished!
INFO:root:Total time elapsed: 30.4478s
INFO:root:Val set results: val_loss: 1.4349 val_roc: 0.6291 val_ap: 0.6133
INFO:root:Test set results: test_loss: 1.4574 test_roc: 0.6000 test_ap: 0.5720
