INFO:root:Using: cpu
INFO:root:Using seed 1234.
INFO:root:LPModel(
  (encoder): HypGCN(
    (layers): Sequential(
      (0): HyperbolicGraphConvolution(
        (linear): HypLinear(in_features=11, out_features=4, c=tensor([1.]))
        (agg): HypAgg(c=tensor([1.]), use_att=0)
        (hyp_act): HypAct(c_in=tensor([1.]), c_out=tensor([1.]))
      )
      (1): HyperbolicGraphConvolution(
        (linear): HypLinear(in_features=4, out_features=4, c=tensor([1.]))
        (agg): HypAgg(c=tensor([1.]), use_att=0)
        (hyp_act): HypAct(c_in=tensor([1.]), c_out=tensor([1.]))
      )
    )
  )
  (dc): FermiDiracDecoder()
)
INFO:root:Total number of parameters: 68
INFO:root:Epoch: 0005 lr: 0.01 train_loss: 1.9206 train_roc: 0.7254 train_ap: 0.6535 time: 0.1688s
INFO:root:Epoch: 0005 val_loss: 2.3582 val_roc: 0.4957 val_ap: 0.5056
INFO:root:Epoch: 0010 lr: 0.01 train_loss: 1.4902 train_roc: 0.8087 train_ap: 0.7773 time: 0.1679s
INFO:root:Epoch: 0010 val_loss: 2.3611 val_roc: 0.4947 val_ap: 0.5040
INFO:root:Epoch: 0015 lr: 0.01 train_loss: 1.9198 train_roc: 0.6033 train_ap: 0.5320 time: 0.1669s
INFO:root:Epoch: 0015 val_loss: 2.3655 val_roc: 0.4940 val_ap: 0.5050
INFO:root:Epoch: 0020 lr: 0.01 train_loss: 1.8033 train_roc: 0.6964 train_ap: 0.6012 time: 0.1692s
INFO:root:Epoch: 0020 val_loss: 2.3705 val_roc: 0.4963 val_ap: 0.5097
INFO:root:Epoch: 0025 lr: 0.01 train_loss: 1.8136 train_roc: 0.7468 train_ap: 0.6912 time: 0.1667s
INFO:root:Epoch: 0025 val_loss: 2.3827 val_roc: 0.4968 val_ap: 0.5109
INFO:root:Epoch: 0030 lr: 0.01 train_loss: 1.7834 train_roc: 0.7505 train_ap: 0.6713 time: 0.1687s
INFO:root:Epoch: 0030 val_loss: 2.3915 val_roc: 0.4973 val_ap: 0.5150
INFO:root:Epoch: 0035 lr: 0.01 train_loss: 1.6522 train_roc: 0.8139 train_ap: 0.7884 time: 0.1671s
INFO:root:Epoch: 0035 val_loss: 2.3951 val_roc: 0.4990 val_ap: 0.5168
INFO:root:Epoch: 0040 lr: 0.01 train_loss: 1.4706 train_roc: 0.8243 train_ap: 0.7969 time: 0.1666s
INFO:root:Epoch: 0040 val_loss: 2.3890 val_roc: 0.5021 val_ap: 0.5181
INFO:root:Epoch: 0045 lr: 0.01 train_loss: 1.1827 train_roc: 0.8594 train_ap: 0.8301 time: 0.1666s
INFO:root:Epoch: 0045 val_loss: 2.3930 val_roc: 0.5039 val_ap: 0.5176
INFO:root:Epoch: 0050 lr: 0.01 train_loss: 1.5463 train_roc: 0.7847 train_ap: 0.7521 time: 0.1706s
INFO:root:Epoch: 0050 val_loss: 2.4191 val_roc: 0.5031 val_ap: 0.5134
INFO:root:Epoch: 0055 lr: 0.01 train_loss: 1.9628 train_roc: 0.5670 train_ap: 0.5278 time: 0.1691s
INFO:root:Epoch: 0055 val_loss: 2.4150 val_roc: 0.5059 val_ap: 0.5145
INFO:root:Epoch: 0060 lr: 0.01 train_loss: 1.8362 train_roc: 0.8100 train_ap: 0.7569 time: 0.1673s
INFO:root:Epoch: 0060 val_loss: 2.4164 val_roc: 0.5044 val_ap: 0.5103
INFO:root:Epoch: 0065 lr: 0.01 train_loss: 1.7905 train_roc: 0.7927 train_ap: 0.7450 time: 0.1707s
INFO:root:Epoch: 0065 val_loss: 2.4236 val_roc: 0.5019 val_ap: 0.5075
INFO:root:Epoch: 0070 lr: 0.01 train_loss: 1.2554 train_roc: 0.7978 train_ap: 0.7464 time: 0.1662s
INFO:root:Epoch: 0070 val_loss: 2.4419 val_roc: 0.4988 val_ap: 0.5027
INFO:root:Epoch: 0075 lr: 0.01 train_loss: 1.2133 train_roc: 0.8403 train_ap: 0.8134 time: 0.1680s
INFO:root:Epoch: 0075 val_loss: 2.4705 val_roc: 0.4986 val_ap: 0.5008
INFO:root:Epoch: 0080 lr: 0.01 train_loss: 1.3965 train_roc: 0.7629 train_ap: 0.7077 time: 0.1684s
INFO:root:Epoch: 0080 val_loss: 2.5055 val_roc: 0.4995 val_ap: 0.4998
INFO:root:Epoch: 0085 lr: 0.01 train_loss: 1.2856 train_roc: 0.8200 train_ap: 0.7729 time: 0.1697s
INFO:root:Epoch: 0085 val_loss: 2.5442 val_roc: 0.4988 val_ap: 0.4991
INFO:root:Epoch: 0090 lr: 0.01 train_loss: 1.0698 train_roc: 0.8652 train_ap: 0.8412 time: 0.1683s
INFO:root:Epoch: 0090 val_loss: 2.5711 val_roc: 0.4983 val_ap: 0.4975
INFO:root:Epoch: 0095 lr: 0.01 train_loss: 1.6585 train_roc: 0.7267 train_ap: 0.6680 time: 0.1701s
INFO:root:Epoch: 0095 val_loss: 2.5894 val_roc: 0.4983 val_ap: 0.4969
INFO:root:Epoch: 0100 lr: 0.01 train_loss: 1.1960 train_roc: 0.8214 train_ap: 0.7753 time: 0.1692s
INFO:root:Epoch: 0100 val_loss: 2.6138 val_roc: 0.5003 val_ap: 0.4990
INFO:root:Epoch: 0105 lr: 0.01 train_loss: 1.5722 train_roc: 0.7837 train_ap: 0.7386 time: 0.1660s
INFO:root:Epoch: 0105 val_loss: 2.6393 val_roc: 0.5020 val_ap: 0.5008
INFO:root:Epoch: 0110 lr: 0.01 train_loss: 1.1116 train_roc: 0.8479 train_ap: 0.8138 time: 0.1688s
INFO:root:Epoch: 0110 val_loss: 2.6702 val_roc: 0.5027 val_ap: 0.5028
INFO:root:Epoch: 0115 lr: 0.01 train_loss: 1.8652 train_roc: 0.7258 train_ap: 0.6677 time: 0.1676s
INFO:root:Epoch: 0115 val_loss: 2.7138 val_roc: 0.5046 val_ap: 0.5099
INFO:root:Epoch: 0120 lr: 0.01 train_loss: 1.0710 train_roc: 0.8543 train_ap: 0.8262 time: 0.1722s
INFO:root:Epoch: 0120 val_loss: 2.7716 val_roc: 0.5053 val_ap: 0.5120
INFO:root:Epoch: 0125 lr: 0.01 train_loss: 1.5313 train_roc: 0.6991 train_ap: 0.6009 time: 0.1761s
INFO:root:Epoch: 0125 val_loss: 2.8118 val_roc: 0.5021 val_ap: 0.5062
INFO:root:Epoch: 0130 lr: 0.01 train_loss: 1.7602 train_roc: 0.7828 train_ap: 0.7368 time: 0.1695s
INFO:root:Epoch: 0130 val_loss: 2.8476 val_roc: 0.5005 val_ap: 0.5021
INFO:root:Epoch: 0135 lr: 0.01 train_loss: 1.1724 train_roc: 0.8075 train_ap: 0.7596 time: 0.1700s
INFO:root:Epoch: 0135 val_loss: 2.8610 val_roc: 0.4976 val_ap: 0.4981
INFO:root:Epoch: 0140 lr: 0.01 train_loss: 1.0315 train_roc: 0.8618 train_ap: 0.8307 time: 0.1683s
INFO:root:Epoch: 0140 val_loss: 2.8564 val_roc: 0.4969 val_ap: 0.4951
INFO:root:Early stopping
INFO:root:Optimization Finished!
INFO:root:Total time elapsed: 40.9337s
INFO:root:Val set results: val_loss: 2.3934 val_roc: 0.5036 val_ap: 0.5183
INFO:root:Test set results: test_loss: 2.5634 test_roc: 0.4625 test_ap: 0.4913
