INFO:root:Using: cpu
INFO:root:Using seed 1234.
INFO:root:LPModel(
  (encoder): HypGCN(
    (layers): Sequential(
      (0): HyperbolicGraphConvolution(
        (linear): HypLinear(in_features=11, out_features=64, c=tensor([1.]))
        (agg): HypAgg(c=tensor([1.]), use_att=0)
        (hyp_act): HypAct(c_in=tensor([1.]), c_out=tensor([1.]))
      )
      (1): HyperbolicGraphConvolution(
        (linear): HypLinear(in_features=64, out_features=64, c=tensor([1.]))
        (agg): HypAgg(c=tensor([1.]), use_att=0)
        (hyp_act): HypAct(c_in=tensor([1.]), c_out=tensor([1.]))
      )
    )
  )
  (dc): FermiDiracDecoder()
)
INFO:root:Total number of parameters: 4928
INFO:root:Epoch: 0005 lr: 0.01 train_loss: 1.2582 train_roc: 0.8579 train_ap: 0.8609 time: 0.3156s
INFO:root:Epoch: 0005 val_loss: 2.9523 val_roc: 0.4613 val_ap: 0.4762
INFO:root:Epoch: 0010 lr: 0.01 train_loss: 1.2256 train_roc: 0.8445 train_ap: 0.8581 time: 0.3139s
INFO:root:Epoch: 0010 val_loss: 3.8669 val_roc: 0.4612 val_ap: 0.4803
INFO:root:Epoch: 0015 lr: 0.01 train_loss: 1.0833 train_roc: 0.8541 train_ap: 0.8613 time: 0.3143s
INFO:root:Epoch: 0015 val_loss: 4.4755 val_roc: 0.4614 val_ap: 0.4861
INFO:root:Epoch: 0020 lr: 0.01 train_loss: 1.2913 train_roc: 0.8412 train_ap: 0.8471 time: 0.3164s
INFO:root:Epoch: 0020 val_loss: 4.1934 val_roc: 0.4648 val_ap: 0.4887
INFO:root:Epoch: 0025 lr: 0.01 train_loss: 1.0217 train_roc: 0.8980 train_ap: 0.9098 time: 0.3103s
INFO:root:Epoch: 0025 val_loss: 3.2500 val_roc: 0.4715 val_ap: 0.4875
INFO:root:Epoch: 0030 lr: 0.01 train_loss: 1.0111 train_roc: 0.8872 train_ap: 0.8959 time: 0.3135s
INFO:root:Epoch: 0030 val_loss: 2.7149 val_roc: 0.4783 val_ap: 0.4901
INFO:root:Epoch: 0035 lr: 0.01 train_loss: 0.9734 train_roc: 0.9086 train_ap: 0.9169 time: 0.3133s
INFO:root:Epoch: 0035 val_loss: 2.5988 val_roc: 0.4818 val_ap: 0.4950
INFO:root:Epoch: 0040 lr: 0.01 train_loss: 1.0007 train_roc: 0.9058 train_ap: 0.9091 time: 0.3124s
INFO:root:Epoch: 0040 val_loss: 2.6359 val_roc: 0.4835 val_ap: 0.5007
INFO:root:Epoch: 0045 lr: 0.01 train_loss: 0.9060 train_roc: 0.8999 train_ap: 0.9081 time: 0.3114s
INFO:root:Epoch: 0045 val_loss: 2.7012 val_roc: 0.4847 val_ap: 0.5034
INFO:root:Epoch: 0050 lr: 0.01 train_loss: 0.8936 train_roc: 0.9193 train_ap: 0.9162 time: 0.3186s
INFO:root:Epoch: 0050 val_loss: 2.6375 val_roc: 0.4879 val_ap: 0.5050
INFO:root:Epoch: 0055 lr: 0.01 train_loss: 0.9158 train_roc: 0.9099 train_ap: 0.9116 time: 0.3133s
INFO:root:Epoch: 0055 val_loss: 2.7514 val_roc: 0.4891 val_ap: 0.5071
INFO:root:Epoch: 0060 lr: 0.01 train_loss: 0.8634 train_roc: 0.9085 train_ap: 0.9134 time: 0.3123s
INFO:root:Epoch: 0060 val_loss: 2.7953 val_roc: 0.4910 val_ap: 0.5100
INFO:root:Epoch: 0065 lr: 0.01 train_loss: 0.8847 train_roc: 0.9191 train_ap: 0.9234 time: 0.3125s
INFO:root:Epoch: 0065 val_loss: 2.7853 val_roc: 0.4924 val_ap: 0.5101
INFO:root:Epoch: 0070 lr: 0.01 train_loss: 0.8078 train_roc: 0.9163 train_ap: 0.9182 time: 0.3180s
INFO:root:Epoch: 0070 val_loss: 2.9171 val_roc: 0.4895 val_ap: 0.5084
INFO:root:Epoch: 0075 lr: 0.01 train_loss: 0.8480 train_roc: 0.9327 train_ap: 0.9344 time: 0.3158s
INFO:root:Epoch: 0075 val_loss: 3.0859 val_roc: 0.4879 val_ap: 0.5077
INFO:root:Epoch: 0080 lr: 0.01 train_loss: 0.7547 train_roc: 0.9291 train_ap: 0.9281 time: 0.3498s
INFO:root:Epoch: 0080 val_loss: 3.0910 val_roc: 0.4899 val_ap: 0.5076
INFO:root:Epoch: 0085 lr: 0.01 train_loss: 0.8144 train_roc: 0.9226 train_ap: 0.9235 time: 0.3181s
INFO:root:Epoch: 0085 val_loss: 2.8705 val_roc: 0.4948 val_ap: 0.5090
INFO:root:Epoch: 0090 lr: 0.01 train_loss: 0.8085 train_roc: 0.9354 train_ap: 0.9316 time: 0.3109s
INFO:root:Epoch: 0090 val_loss: 2.9125 val_roc: 0.4964 val_ap: 0.5088
INFO:root:Epoch: 0095 lr: 0.01 train_loss: 0.8366 train_roc: 0.9355 train_ap: 0.9399 time: 0.3137s
INFO:root:Epoch: 0095 val_loss: 3.2208 val_roc: 0.4896 val_ap: 0.5048
INFO:root:Epoch: 0100 lr: 0.01 train_loss: 0.7545 train_roc: 0.9353 train_ap: 0.9308 time: 0.3156s
INFO:root:Epoch: 0100 val_loss: 3.5987 val_roc: 0.4845 val_ap: 0.5005
INFO:root:Epoch: 0105 lr: 0.01 train_loss: 0.7635 train_roc: 0.9297 train_ap: 0.9290 time: 0.3146s
INFO:root:Epoch: 0105 val_loss: 3.7977 val_roc: 0.4839 val_ap: 0.4995
INFO:root:Epoch: 0110 lr: 0.01 train_loss: 0.7732 train_roc: 0.9226 train_ap: 0.9246 time: 0.3246s
INFO:root:Epoch: 0110 val_loss: 3.6243 val_roc: 0.4871 val_ap: 0.4988
INFO:root:Epoch: 0115 lr: 0.01 train_loss: 0.7605 train_roc: 0.9401 train_ap: 0.9397 time: 0.3207s
INFO:root:Epoch: 0115 val_loss: 3.3517 val_roc: 0.4888 val_ap: 0.4969
INFO:root:Epoch: 0120 lr: 0.01 train_loss: 0.7598 train_roc: 0.9430 train_ap: 0.9379 time: 0.3160s
INFO:root:Epoch: 0120 val_loss: 3.4630 val_roc: 0.4870 val_ap: 0.4946
INFO:root:Epoch: 0125 lr: 0.01 train_loss: 0.6973 train_roc: 0.9439 train_ap: 0.9433 time: 0.3132s
INFO:root:Epoch: 0125 val_loss: 3.8312 val_roc: 0.4835 val_ap: 0.4932
INFO:root:Epoch: 0130 lr: 0.01 train_loss: 0.6909 train_roc: 0.9390 train_ap: 0.9328 time: 0.3153s
INFO:root:Epoch: 0130 val_loss: 4.0391 val_roc: 0.4790 val_ap: 0.4912
INFO:root:Epoch: 0135 lr: 0.01 train_loss: 0.7405 train_roc: 0.9281 train_ap: 0.9212 time: 0.3276s
INFO:root:Epoch: 0135 val_loss: 4.0321 val_roc: 0.4769 val_ap: 0.4896
INFO:root:Epoch: 0140 lr: 0.01 train_loss: 0.7172 train_roc: 0.9357 train_ap: 0.9384 time: 0.3147s
INFO:root:Epoch: 0140 val_loss: 3.6790 val_roc: 0.4791 val_ap: 0.4886
INFO:root:Epoch: 0145 lr: 0.01 train_loss: 0.7211 train_roc: 0.9361 train_ap: 0.9327 time: 0.3138s
INFO:root:Epoch: 0145 val_loss: 3.5648 val_roc: 0.4783 val_ap: 0.4880
INFO:root:Epoch: 0150 lr: 0.01 train_loss: 0.7381 train_roc: 0.9317 train_ap: 0.9362 time: 0.3361s
INFO:root:Epoch: 0150 val_loss: 3.5299 val_roc: 0.4790 val_ap: 0.4867
INFO:root:Epoch: 0155 lr: 0.01 train_loss: 0.7485 train_roc: 0.9354 train_ap: 0.9338 time: 0.3148s
INFO:root:Epoch: 0155 val_loss: 3.5496 val_roc: 0.4798 val_ap: 0.4879
INFO:root:Epoch: 0160 lr: 0.01 train_loss: 0.7264 train_roc: 0.9344 train_ap: 0.9320 time: 0.3178s
INFO:root:Epoch: 0160 val_loss: 3.8285 val_roc: 0.4781 val_ap: 0.4877
INFO:root:Epoch: 0165 lr: 0.01 train_loss: 0.6776 train_roc: 0.9458 train_ap: 0.9453 time: 0.3176s
INFO:root:Epoch: 0165 val_loss: 4.0277 val_roc: 0.4772 val_ap: 0.4876
INFO:root:Epoch: 0170 lr: 0.01 train_loss: 0.7023 train_roc: 0.9394 train_ap: 0.9412 time: 0.3331s
INFO:root:Epoch: 0170 val_loss: 3.8594 val_roc: 0.4801 val_ap: 0.4895
INFO:root:Epoch: 0175 lr: 0.01 train_loss: 0.7971 train_roc: 0.9368 train_ap: 0.9315 time: 0.3211s
INFO:root:Epoch: 0175 val_loss: 3.6292 val_roc: 0.4835 val_ap: 0.4908
INFO:root:Epoch: 0180 lr: 0.01 train_loss: 0.7510 train_roc: 0.9389 train_ap: 0.9340 time: 0.3495s
INFO:root:Epoch: 0180 val_loss: 3.6505 val_roc: 0.4854 val_ap: 0.4917
INFO:root:Epoch: 0185 lr: 0.01 train_loss: 0.7874 train_roc: 0.9436 train_ap: 0.9406 time: 0.3108s
INFO:root:Epoch: 0185 val_loss: 3.6148 val_roc: 0.4886 val_ap: 0.4930
INFO:root:Early stopping
INFO:root:Optimization Finished!
INFO:root:Total time elapsed: 87.9303s
INFO:root:Val set results: val_loss: 2.8512 val_roc: 0.4970 val_ap: 0.5102
INFO:root:Test set results: test_loss: 3.6560 test_roc: 0.4000 test_ap: 0.4568
