INFO:root:Using: cpu
INFO:root:Using seed 1234.
INFO:root:LPModel(
  (encoder): HypGCN(
    (layers): Sequential(
      (0): HyperbolicGraphConvolution(
        (linear): HypLinear(in_features=11, out_features=16, c=tensor([1.]))
        (agg): HypAgg(c=tensor([1.]), use_att=0)
        (hyp_act): HypAct(c_in=tensor([1.]), c_out=tensor([1.]))
      )
      (1): HyperbolicGraphConvolution(
        (linear): HypLinear(in_features=16, out_features=16, c=tensor([1.]))
        (agg): HypAgg(c=tensor([1.]), use_att=0)
        (hyp_act): HypAct(c_in=tensor([1.]), c_out=tensor([1.]))
      )
    )
  )
  (dc): FermiDiracDecoder()
)
INFO:root:Total number of parameters: 464
INFO:root:Epoch: 0005 lr: 0.01 train_loss: 1.7172 train_roc: 0.8706 train_ap: 0.8650 time: 0.0875s
INFO:root:Epoch: 0005 val_loss: 2.6804 val_roc: 0.5215 val_ap: 0.5421
INFO:root:Epoch: 0010 lr: 0.01 train_loss: 0.9751 train_roc: 0.8825 train_ap: 0.8893 time: 0.0883s
INFO:root:Epoch: 0010 val_loss: 2.3147 val_roc: 0.5213 val_ap: 0.5432
INFO:root:Epoch: 0015 lr: 0.01 train_loss: 0.9958 train_roc: 0.8753 train_ap: 0.8824 time: 0.0826s
INFO:root:Epoch: 0015 val_loss: 2.1965 val_roc: 0.5174 val_ap: 0.5386
INFO:root:Epoch: 0020 lr: 0.01 train_loss: 1.0556 train_roc: 0.8643 train_ap: 0.8642 time: 0.0810s
INFO:root:Epoch: 0020 val_loss: 2.1526 val_roc: 0.5187 val_ap: 0.5385
INFO:root:Epoch: 0025 lr: 0.01 train_loss: 0.9799 train_roc: 0.8799 train_ap: 0.8856 time: 0.0837s
INFO:root:Epoch: 0025 val_loss: 2.1501 val_roc: 0.5196 val_ap: 0.5420
INFO:root:Epoch: 0030 lr: 0.01 train_loss: 1.2520 train_roc: 0.8594 train_ap: 0.8615 time: 0.0813s
INFO:root:Epoch: 0030 val_loss: 2.1937 val_roc: 0.5207 val_ap: 0.5459
INFO:root:Epoch: 0035 lr: 0.01 train_loss: 1.0178 train_roc: 0.8861 train_ap: 0.8888 time: 0.0819s
INFO:root:Epoch: 0035 val_loss: 2.2334 val_roc: 0.5205 val_ap: 0.5461
INFO:root:Epoch: 0040 lr: 0.01 train_loss: 1.0553 train_roc: 0.8972 train_ap: 0.8972 time: 0.0826s
INFO:root:Epoch: 0040 val_loss: 2.1412 val_roc: 0.5228 val_ap: 0.5483
INFO:root:Epoch: 0045 lr: 0.01 train_loss: 0.9986 train_roc: 0.9022 train_ap: 0.9035 time: 0.0808s
INFO:root:Epoch: 0045 val_loss: 2.0789 val_roc: 0.5281 val_ap: 0.5503
INFO:root:Epoch: 0050 lr: 0.01 train_loss: 1.0833 train_roc: 0.8661 train_ap: 0.8555 time: 0.0835s
INFO:root:Epoch: 0050 val_loss: 2.0425 val_roc: 0.5297 val_ap: 0.5528
INFO:root:Epoch: 0055 lr: 0.01 train_loss: 0.8803 train_roc: 0.9150 train_ap: 0.9132 time: 0.0822s
INFO:root:Epoch: 0055 val_loss: 2.0270 val_roc: 0.5317 val_ap: 0.5555
INFO:root:Epoch: 0060 lr: 0.01 train_loss: 1.1031 train_roc: 0.8828 train_ap: 0.8832 time: 0.0836s
INFO:root:Epoch: 0060 val_loss: 2.0055 val_roc: 0.5326 val_ap: 0.5550
INFO:root:Epoch: 0065 lr: 0.01 train_loss: 1.2827 train_roc: 0.8921 train_ap: 0.8976 time: 0.0814s
INFO:root:Epoch: 0065 val_loss: 2.0353 val_roc: 0.5336 val_ap: 0.5546
INFO:root:Epoch: 0070 lr: 0.01 train_loss: 0.8489 train_roc: 0.9158 train_ap: 0.9202 time: 0.0824s
INFO:root:Epoch: 0070 val_loss: 1.9398 val_roc: 0.5384 val_ap: 0.5599
INFO:root:Epoch: 0075 lr: 0.01 train_loss: 0.8966 train_roc: 0.9061 train_ap: 0.9046 time: 0.0815s
INFO:root:Epoch: 0075 val_loss: 1.8732 val_roc: 0.5435 val_ap: 0.5614
INFO:root:Epoch: 0080 lr: 0.01 train_loss: 0.8246 train_roc: 0.9069 train_ap: 0.9040 time: 0.0847s
INFO:root:Epoch: 0080 val_loss: 1.8582 val_roc: 0.5463 val_ap: 0.5605
INFO:root:Epoch: 0085 lr: 0.01 train_loss: 0.8824 train_roc: 0.9180 train_ap: 0.9165 time: 0.0857s
INFO:root:Epoch: 0085 val_loss: 1.8407 val_roc: 0.5479 val_ap: 0.5616
INFO:root:Epoch: 0090 lr: 0.01 train_loss: 0.9663 train_roc: 0.9219 train_ap: 0.9137 time: 0.0881s
INFO:root:Epoch: 0090 val_loss: 1.8199 val_roc: 0.5538 val_ap: 0.5696
INFO:root:Epoch: 0095 lr: 0.01 train_loss: 0.9252 train_roc: 0.8997 train_ap: 0.9005 time: 0.0854s
INFO:root:Epoch: 0095 val_loss: 1.8403 val_roc: 0.5602 val_ap: 0.5775
INFO:root:Epoch: 0100 lr: 0.01 train_loss: 0.9289 train_roc: 0.8813 train_ap: 0.8780 time: 0.0877s
INFO:root:Epoch: 0100 val_loss: 1.9150 val_roc: 0.5631 val_ap: 0.5765
INFO:root:Epoch: 0105 lr: 0.01 train_loss: 0.9399 train_roc: 0.8923 train_ap: 0.8908 time: 0.0850s
INFO:root:Epoch: 0105 val_loss: 2.0280 val_roc: 0.5659 val_ap: 0.5797
INFO:root:Epoch: 0110 lr: 0.01 train_loss: 0.7862 train_roc: 0.9158 train_ap: 0.9119 time: 0.0925s
INFO:root:Epoch: 0110 val_loss: 2.0274 val_roc: 0.5734 val_ap: 0.5815
INFO:root:Epoch: 0115 lr: 0.01 train_loss: 0.9835 train_roc: 0.9220 train_ap: 0.9229 time: 0.0923s
INFO:root:Epoch: 0115 val_loss: 1.8690 val_roc: 0.5888 val_ap: 0.5979
INFO:root:Epoch: 0120 lr: 0.01 train_loss: 0.7878 train_roc: 0.9191 train_ap: 0.9169 time: 0.0844s
INFO:root:Epoch: 0120 val_loss: 1.7681 val_roc: 0.5964 val_ap: 0.6004
INFO:root:Epoch: 0125 lr: 0.01 train_loss: 0.9077 train_roc: 0.9217 train_ap: 0.9188 time: 0.0805s
INFO:root:Epoch: 0125 val_loss: 1.7252 val_roc: 0.5987 val_ap: 0.5974
INFO:root:Epoch: 0130 lr: 0.01 train_loss: 0.7987 train_roc: 0.9333 train_ap: 0.9258 time: 0.0806s
INFO:root:Epoch: 0130 val_loss: 1.7188 val_roc: 0.6027 val_ap: 0.6004
INFO:root:Epoch: 0135 lr: 0.01 train_loss: 0.7539 train_roc: 0.9328 train_ap: 0.9211 time: 0.0815s
INFO:root:Epoch: 0135 val_loss: 1.6985 val_roc: 0.6087 val_ap: 0.6046
INFO:root:Epoch: 0140 lr: 0.01 train_loss: 0.9666 train_roc: 0.9121 train_ap: 0.9134 time: 0.0821s
INFO:root:Epoch: 0140 val_loss: 1.7216 val_roc: 0.6140 val_ap: 0.6094
INFO:root:Epoch: 0145 lr: 0.01 train_loss: 0.7061 train_roc: 0.9392 train_ap: 0.9376 time: 0.0836s
INFO:root:Epoch: 0145 val_loss: 1.7566 val_roc: 0.6150 val_ap: 0.6103
INFO:root:Epoch: 0150 lr: 0.01 train_loss: 0.6954 train_roc: 0.9372 train_ap: 0.9346 time: 0.0826s
INFO:root:Epoch: 0150 val_loss: 1.7800 val_roc: 0.6136 val_ap: 0.6090
INFO:root:Epoch: 0155 lr: 0.01 train_loss: 1.0978 train_roc: 0.8991 train_ap: 0.8983 time: 0.0806s
INFO:root:Epoch: 0155 val_loss: 1.7426 val_roc: 0.6133 val_ap: 0.6092
INFO:root:Epoch: 0160 lr: 0.01 train_loss: 0.8507 train_roc: 0.9211 train_ap: 0.9153 time: 0.0816s
INFO:root:Epoch: 0160 val_loss: 1.6960 val_roc: 0.6141 val_ap: 0.6097
INFO:root:Epoch: 0165 lr: 0.01 train_loss: 0.7965 train_roc: 0.9202 train_ap: 0.9131 time: 0.0834s
INFO:root:Epoch: 0165 val_loss: 1.6884 val_roc: 0.6144 val_ap: 0.6081
INFO:root:Epoch: 0170 lr: 0.01 train_loss: 0.7181 train_roc: 0.9353 train_ap: 0.9317 time: 0.0813s
INFO:root:Epoch: 0170 val_loss: 1.7140 val_roc: 0.6147 val_ap: 0.6068
INFO:root:Epoch: 0175 lr: 0.01 train_loss: 0.7164 train_roc: 0.9345 train_ap: 0.9307 time: 0.0824s
INFO:root:Epoch: 0175 val_loss: 1.8120 val_roc: 0.6147 val_ap: 0.6047
INFO:root:Epoch: 0180 lr: 0.01 train_loss: 1.1626 train_roc: 0.9274 train_ap: 0.9196 time: 0.0808s
INFO:root:Epoch: 0180 val_loss: 1.8249 val_roc: 0.6168 val_ap: 0.6064
INFO:root:Epoch: 0185 lr: 0.01 train_loss: 0.7918 train_roc: 0.9173 train_ap: 0.9178 time: 0.0817s
INFO:root:Epoch: 0185 val_loss: 1.7780 val_roc: 0.6194 val_ap: 0.6080
INFO:root:Epoch: 0190 lr: 0.01 train_loss: 0.8786 train_roc: 0.8899 train_ap: 0.8843 time: 0.0854s
INFO:root:Epoch: 0190 val_loss: 1.8084 val_roc: 0.6227 val_ap: 0.6095
INFO:root:Epoch: 0195 lr: 0.01 train_loss: 0.9135 train_roc: 0.9111 train_ap: 0.9161 time: 0.0830s
INFO:root:Epoch: 0195 val_loss: 1.7752 val_roc: 0.6284 val_ap: 0.6130
INFO:root:Epoch: 0200 lr: 0.01 train_loss: 0.9274 train_roc: 0.9108 train_ap: 0.9112 time: 0.0814s
INFO:root:Epoch: 0200 val_loss: 1.6742 val_roc: 0.6366 val_ap: 0.6140
INFO:root:Epoch: 0205 lr: 0.01 train_loss: 0.9767 train_roc: 0.9191 train_ap: 0.9146 time: 0.0814s
INFO:root:Epoch: 0205 val_loss: 1.6219 val_roc: 0.6444 val_ap: 0.6165
INFO:root:Epoch: 0210 lr: 0.01 train_loss: 0.8279 train_roc: 0.9361 train_ap: 0.9346 time: 0.0806s
INFO:root:Epoch: 0210 val_loss: 1.5773 val_roc: 0.6478 val_ap: 0.6170
INFO:root:Epoch: 0215 lr: 0.01 train_loss: 1.2128 train_roc: 0.9211 train_ap: 0.9193 time: 0.0805s
INFO:root:Epoch: 0215 val_loss: 1.5976 val_roc: 0.6477 val_ap: 0.6161
INFO:root:Epoch: 0220 lr: 0.01 train_loss: 0.7344 train_roc: 0.9281 train_ap: 0.9195 time: 0.0820s
INFO:root:Epoch: 0220 val_loss: 1.6950 val_roc: 0.6465 val_ap: 0.6146
INFO:root:Epoch: 0225 lr: 0.01 train_loss: 0.6917 train_roc: 0.9393 train_ap: 0.9330 time: 0.0801s
INFO:root:Epoch: 0225 val_loss: 1.6896 val_roc: 0.6492 val_ap: 0.6164
INFO:root:Epoch: 0230 lr: 0.01 train_loss: 0.9945 train_roc: 0.9245 train_ap: 0.9197 time: 0.0806s
INFO:root:Epoch: 0230 val_loss: 1.6990 val_roc: 0.6502 val_ap: 0.6192
INFO:root:Epoch: 0235 lr: 0.01 train_loss: 0.7836 train_roc: 0.9164 train_ap: 0.9107 time: 0.0811s
INFO:root:Epoch: 0235 val_loss: 1.6041 val_roc: 0.6526 val_ap: 0.6215
INFO:root:Epoch: 0240 lr: 0.01 train_loss: 0.9865 train_roc: 0.9081 train_ap: 0.9070 time: 0.0810s
INFO:root:Epoch: 0240 val_loss: 1.5707 val_roc: 0.6540 val_ap: 0.6228
INFO:root:Epoch: 0245 lr: 0.01 train_loss: 0.8561 train_roc: 0.9416 train_ap: 0.9386 time: 0.0821s
INFO:root:Epoch: 0245 val_loss: 1.6388 val_roc: 0.6502 val_ap: 0.6180
INFO:root:Epoch: 0250 lr: 0.01 train_loss: 0.6904 train_roc: 0.9414 train_ap: 0.9417 time: 0.0792s
INFO:root:Epoch: 0250 val_loss: 1.7458 val_roc: 0.6493 val_ap: 0.6175
INFO:root:Epoch: 0255 lr: 0.01 train_loss: 0.6150 train_roc: 0.9517 train_ap: 0.9476 time: 0.0809s
INFO:root:Epoch: 0255 val_loss: 1.7340 val_roc: 0.6537 val_ap: 0.6228
INFO:root:Epoch: 0260 lr: 0.01 train_loss: 0.6567 train_roc: 0.9489 train_ap: 0.9477 time: 0.0815s
INFO:root:Epoch: 0260 val_loss: 1.8019 val_roc: 0.6551 val_ap: 0.6228
INFO:root:Epoch: 0265 lr: 0.01 train_loss: 0.8385 train_roc: 0.9460 train_ap: 0.9394 time: 0.0817s
INFO:root:Epoch: 0265 val_loss: 1.7188 val_roc: 0.6622 val_ap: 0.6256
INFO:root:Epoch: 0270 lr: 0.01 train_loss: 1.1091 train_roc: 0.9224 train_ap: 0.9124 time: 0.0805s
INFO:root:Epoch: 0270 val_loss: 1.5467 val_roc: 0.6731 val_ap: 0.6357
INFO:root:Epoch: 0275 lr: 0.01 train_loss: 0.8131 train_roc: 0.9272 train_ap: 0.9271 time: 0.0813s
INFO:root:Epoch: 0275 val_loss: 1.5492 val_roc: 0.6762 val_ap: 0.6394
INFO:root:Epoch: 0280 lr: 0.01 train_loss: 0.6431 train_roc: 0.9510 train_ap: 0.9479 time: 0.0804s
INFO:root:Epoch: 0280 val_loss: 1.5450 val_roc: 0.6803 val_ap: 0.6428
INFO:root:Epoch: 0285 lr: 0.01 train_loss: 0.7213 train_roc: 0.9460 train_ap: 0.9372 time: 0.0807s
INFO:root:Epoch: 0285 val_loss: 1.5469 val_roc: 0.6836 val_ap: 0.6458
INFO:root:Epoch: 0290 lr: 0.01 train_loss: 0.7116 train_roc: 0.9477 train_ap: 0.9492 time: 0.0834s
INFO:root:Epoch: 0290 val_loss: 1.5741 val_roc: 0.6845 val_ap: 0.6489
INFO:root:Epoch: 0295 lr: 0.01 train_loss: 0.7394 train_roc: 0.9444 train_ap: 0.9389 time: 0.0809s
INFO:root:Epoch: 0295 val_loss: 1.5614 val_roc: 0.6855 val_ap: 0.6503
INFO:root:Epoch: 0300 lr: 0.01 train_loss: 0.9072 train_roc: 0.9275 train_ap: 0.9224 time: 0.0807s
INFO:root:Epoch: 0300 val_loss: 1.5623 val_roc: 0.6855 val_ap: 0.6507
INFO:root:Epoch: 0305 lr: 0.01 train_loss: 0.6474 train_roc: 0.9499 train_ap: 0.9436 time: 0.0801s
INFO:root:Epoch: 0305 val_loss: 1.5933 val_roc: 0.6878 val_ap: 0.6527
INFO:root:Epoch: 0310 lr: 0.01 train_loss: 0.7952 train_roc: 0.9474 train_ap: 0.9423 time: 0.0812s
INFO:root:Epoch: 0310 val_loss: 1.6801 val_roc: 0.6873 val_ap: 0.6510
INFO:root:Epoch: 0315 lr: 0.01 train_loss: 0.7658 train_roc: 0.9348 train_ap: 0.9264 time: 0.0809s
INFO:root:Epoch: 0315 val_loss: 1.7518 val_roc: 0.6885 val_ap: 0.6510
INFO:root:Epoch: 0320 lr: 0.01 train_loss: 0.6643 train_roc: 0.9481 train_ap: 0.9484 time: 0.0803s
INFO:root:Epoch: 0320 val_loss: 1.7907 val_roc: 0.6917 val_ap: 0.6541
INFO:root:Epoch: 0325 lr: 0.01 train_loss: 0.7372 train_roc: 0.9415 train_ap: 0.9438 time: 0.0797s
INFO:root:Epoch: 0325 val_loss: 1.8071 val_roc: 0.6936 val_ap: 0.6538
INFO:root:Epoch: 0330 lr: 0.01 train_loss: 0.5831 train_roc: 0.9616 train_ap: 0.9590 time: 0.0801s
INFO:root:Epoch: 0330 val_loss: 1.6921 val_roc: 0.6959 val_ap: 0.6526
INFO:root:Epoch: 0335 lr: 0.01 train_loss: 1.3834 train_roc: 0.9537 train_ap: 0.9465 time: 0.0794s
INFO:root:Epoch: 0335 val_loss: 1.6269 val_roc: 0.6972 val_ap: 0.6528
INFO:root:Epoch: 0340 lr: 0.01 train_loss: 0.7157 train_roc: 0.9446 train_ap: 0.9435 time: 0.0813s
INFO:root:Epoch: 0340 val_loss: 1.5702 val_roc: 0.6998 val_ap: 0.6540
INFO:root:Epoch: 0345 lr: 0.01 train_loss: 0.7548 train_roc: 0.9294 train_ap: 0.9307 time: 0.0800s
INFO:root:Epoch: 0345 val_loss: 1.5678 val_roc: 0.7004 val_ap: 0.6533
INFO:root:Epoch: 0350 lr: 0.01 train_loss: 0.6518 train_roc: 0.9521 train_ap: 0.9515 time: 0.0813s
INFO:root:Epoch: 0350 val_loss: 1.5739 val_roc: 0.7004 val_ap: 0.6529
INFO:root:Epoch: 0355 lr: 0.01 train_loss: 0.6670 train_roc: 0.9479 train_ap: 0.9466 time: 0.0832s
INFO:root:Epoch: 0355 val_loss: 1.5684 val_roc: 0.7023 val_ap: 0.6565
INFO:root:Epoch: 0360 lr: 0.01 train_loss: 1.4250 train_roc: 0.8976 train_ap: 0.9004 time: 0.0809s
INFO:root:Epoch: 0360 val_loss: 1.5997 val_roc: 0.7020 val_ap: 0.6574
INFO:root:Epoch: 0365 lr: 0.01 train_loss: 0.9185 train_roc: 0.9116 train_ap: 0.9106 time: 0.0813s
INFO:root:Epoch: 0365 val_loss: 1.5406 val_roc: 0.7028 val_ap: 0.6576
INFO:root:Epoch: 0370 lr: 0.01 train_loss: 0.8157 train_roc: 0.9241 train_ap: 0.9167 time: 0.0811s
INFO:root:Epoch: 0370 val_loss: 1.5155 val_roc: 0.7026 val_ap: 0.6583
INFO:root:Epoch: 0375 lr: 0.01 train_loss: 0.6985 train_roc: 0.9397 train_ap: 0.9318 time: 0.0823s
INFO:root:Epoch: 0375 val_loss: 1.5339 val_roc: 0.7009 val_ap: 0.6571
INFO:root:Epoch: 0380 lr: 0.01 train_loss: 0.6555 train_roc: 0.9541 train_ap: 0.9498 time: 0.0817s
INFO:root:Epoch: 0380 val_loss: 1.5435 val_roc: 0.7009 val_ap: 0.6574
INFO:root:Epoch: 0385 lr: 0.01 train_loss: 0.7691 train_roc: 0.9286 train_ap: 0.9294 time: 0.0809s
INFO:root:Epoch: 0385 val_loss: 1.5854 val_roc: 0.7008 val_ap: 0.6591
INFO:root:Epoch: 0390 lr: 0.01 train_loss: 0.7971 train_roc: 0.9503 train_ap: 0.9484 time: 0.0829s
INFO:root:Epoch: 0390 val_loss: 1.7481 val_roc: 0.6983 val_ap: 0.6628
INFO:root:Epoch: 0395 lr: 0.01 train_loss: 0.5904 train_roc: 0.9584 train_ap: 0.9555 time: 0.0820s
INFO:root:Epoch: 0395 val_loss: 1.9930 val_roc: 0.6941 val_ap: 0.6622
INFO:root:Epoch: 0400 lr: 0.01 train_loss: 0.7328 train_roc: 0.9428 train_ap: 0.9429 time: 0.0813s
INFO:root:Epoch: 0400 val_loss: 2.0762 val_roc: 0.6956 val_ap: 0.6640
INFO:root:Epoch: 0405 lr: 0.01 train_loss: 0.6674 train_roc: 0.9403 train_ap: 0.9293 time: 0.0820s
INFO:root:Epoch: 0405 val_loss: 1.6395 val_roc: 0.7055 val_ap: 0.6742
INFO:root:Epoch: 0410 lr: 0.01 train_loss: 0.6588 train_roc: 0.9449 train_ap: 0.9346 time: 0.0816s
INFO:root:Epoch: 0410 val_loss: 1.4849 val_roc: 0.7090 val_ap: 0.6750
INFO:root:Epoch: 0415 lr: 0.01 train_loss: 1.0373 train_roc: 0.9617 train_ap: 0.9580 time: 0.0815s
INFO:root:Epoch: 0415 val_loss: 1.4760 val_roc: 0.7074 val_ap: 0.6726
INFO:root:Epoch: 0420 lr: 0.01 train_loss: 0.7476 train_roc: 0.9333 train_ap: 0.9284 time: 0.0825s
INFO:root:Epoch: 0420 val_loss: 1.5237 val_roc: 0.7037 val_ap: 0.6711
INFO:root:Epoch: 0425 lr: 0.01 train_loss: 0.6846 train_roc: 0.9500 train_ap: 0.9418 time: 0.0821s
INFO:root:Epoch: 0425 val_loss: 1.5827 val_roc: 0.7012 val_ap: 0.6708
INFO:root:Epoch: 0430 lr: 0.01 train_loss: 0.9180 train_roc: 0.9313 train_ap: 0.9290 time: 0.0808s
INFO:root:Epoch: 0430 val_loss: 1.6292 val_roc: 0.7005 val_ap: 0.6722
INFO:root:Epoch: 0435 lr: 0.01 train_loss: 1.2654 train_roc: 0.9440 train_ap: 0.9415 time: 0.0829s
INFO:root:Epoch: 0435 val_loss: 1.5643 val_roc: 0.7005 val_ap: 0.6715
INFO:root:Epoch: 0440 lr: 0.01 train_loss: 0.7093 train_roc: 0.9312 train_ap: 0.9196 time: 0.0803s
INFO:root:Epoch: 0440 val_loss: 1.4712 val_roc: 0.7063 val_ap: 0.6751
INFO:root:Epoch: 0445 lr: 0.01 train_loss: 0.7805 train_roc: 0.9386 train_ap: 0.9390 time: 0.0826s
INFO:root:Epoch: 0445 val_loss: 1.4855 val_roc: 0.7061 val_ap: 0.6748
INFO:root:Epoch: 0450 lr: 0.01 train_loss: 0.8693 train_roc: 0.9428 train_ap: 0.9402 time: 0.0834s
INFO:root:Epoch: 0450 val_loss: 1.5627 val_roc: 0.7035 val_ap: 0.6741
INFO:root:Epoch: 0455 lr: 0.01 train_loss: 0.7535 train_roc: 0.9488 train_ap: 0.9447 time: 0.0825s
INFO:root:Epoch: 0455 val_loss: 1.6834 val_roc: 0.6998 val_ap: 0.6721
INFO:root:Epoch: 0460 lr: 0.01 train_loss: 0.9433 train_roc: 0.9504 train_ap: 0.9445 time: 0.0807s
INFO:root:Epoch: 0460 val_loss: 1.8845 val_roc: 0.6944 val_ap: 0.6687
INFO:root:Epoch: 0465 lr: 0.01 train_loss: 0.8057 train_roc: 0.9331 train_ap: 0.9288 time: 0.0825s
INFO:root:Epoch: 0465 val_loss: 2.2224 val_roc: 0.6869 val_ap: 0.6630
INFO:root:Epoch: 0470 lr: 0.01 train_loss: 0.7201 train_roc: 0.9333 train_ap: 0.9302 time: 0.0838s
INFO:root:Epoch: 0470 val_loss: 2.1592 val_roc: 0.6907 val_ap: 0.6669
INFO:root:Epoch: 0475 lr: 0.01 train_loss: 1.0231 train_roc: 0.9329 train_ap: 0.9272 time: 0.0891s
INFO:root:Epoch: 0475 val_loss: 1.8549 val_roc: 0.6974 val_ap: 0.6700
INFO:root:Epoch: 0480 lr: 0.01 train_loss: 0.7597 train_roc: 0.9388 train_ap: 0.9330 time: 0.0811s
INFO:root:Epoch: 0480 val_loss: 1.6886 val_roc: 0.7039 val_ap: 0.6744
INFO:root:Epoch: 0485 lr: 0.01 train_loss: 0.6228 train_roc: 0.9508 train_ap: 0.9441 time: 0.0800s
INFO:root:Epoch: 0485 val_loss: 1.5797 val_roc: 0.7083 val_ap: 0.6773
INFO:root:Epoch: 0490 lr: 0.01 train_loss: 0.6416 train_roc: 0.9583 train_ap: 0.9481 time: 0.0820s
INFO:root:Epoch: 0490 val_loss: 1.4909 val_roc: 0.7129 val_ap: 0.6847
INFO:root:Epoch: 0495 lr: 0.01 train_loss: 0.6996 train_roc: 0.9424 train_ap: 0.9364 time: 0.0807s
INFO:root:Epoch: 0495 val_loss: 1.4991 val_roc: 0.7133 val_ap: 0.6868
INFO:root:Epoch: 0500 lr: 0.01 train_loss: 0.6193 train_roc: 0.9577 train_ap: 0.9588 time: 0.0823s
INFO:root:Epoch: 0500 val_loss: 1.5839 val_roc: 0.7085 val_ap: 0.6837
INFO:root:Epoch: 0505 lr: 0.01 train_loss: 0.6856 train_roc: 0.9433 train_ap: 0.9469 time: 0.0807s
INFO:root:Epoch: 0505 val_loss: 1.7193 val_roc: 0.7025 val_ap: 0.6798
INFO:root:Epoch: 0510 lr: 0.01 train_loss: 0.9056 train_roc: 0.9378 train_ap: 0.9440 time: 0.0805s
INFO:root:Epoch: 0510 val_loss: 1.8282 val_roc: 0.7024 val_ap: 0.6779
INFO:root:Epoch: 0515 lr: 0.01 train_loss: 0.6316 train_roc: 0.9587 train_ap: 0.9557 time: 0.0834s
INFO:root:Epoch: 0515 val_loss: 1.7998 val_roc: 0.7056 val_ap: 0.6767
INFO:root:Epoch: 0520 lr: 0.01 train_loss: 0.6986 train_roc: 0.9414 train_ap: 0.9315 time: 0.0867s
INFO:root:Epoch: 0520 val_loss: 1.6939 val_roc: 0.7100 val_ap: 0.6786
INFO:root:Epoch: 0525 lr: 0.01 train_loss: 0.9677 train_roc: 0.9401 train_ap: 0.9376 time: 0.0845s
INFO:root:Epoch: 0525 val_loss: 1.6679 val_roc: 0.7113 val_ap: 0.6792
INFO:root:Epoch: 0530 lr: 0.01 train_loss: 0.7787 train_roc: 0.9467 train_ap: 0.9438 time: 0.0833s
INFO:root:Epoch: 0530 val_loss: 1.7232 val_roc: 0.7094 val_ap: 0.6772
INFO:root:Epoch: 0535 lr: 0.01 train_loss: 0.7553 train_roc: 0.9472 train_ap: 0.9426 time: 0.0826s
INFO:root:Epoch: 0535 val_loss: 1.6962 val_roc: 0.7104 val_ap: 0.6800
INFO:root:Epoch: 0540 lr: 0.01 train_loss: 0.7363 train_roc: 0.9500 train_ap: 0.9442 time: 0.0819s
INFO:root:Epoch: 0540 val_loss: 1.5940 val_roc: 0.7155 val_ap: 0.6844
INFO:root:Epoch: 0545 lr: 0.01 train_loss: 0.6273 train_roc: 0.9485 train_ap: 0.9421 time: 0.0818s
INFO:root:Epoch: 0545 val_loss: 1.6516 val_roc: 0.7115 val_ap: 0.6804
INFO:root:Epoch: 0550 lr: 0.01 train_loss: 0.6602 train_roc: 0.9506 train_ap: 0.9523 time: 0.0818s
INFO:root:Epoch: 0550 val_loss: 1.5797 val_roc: 0.7078 val_ap: 0.6791
INFO:root:Epoch: 0555 lr: 0.01 train_loss: 0.6947 train_roc: 0.9496 train_ap: 0.9436 time: 0.0806s
INFO:root:Epoch: 0555 val_loss: 1.5322 val_roc: 0.7012 val_ap: 0.6778
INFO:root:Epoch: 0560 lr: 0.01 train_loss: 0.6184 train_roc: 0.9606 train_ap: 0.9527 time: 0.0820s
INFO:root:Epoch: 0560 val_loss: 1.5177 val_roc: 0.6943 val_ap: 0.6745
INFO:root:Epoch: 0565 lr: 0.01 train_loss: 0.7882 train_roc: 0.9357 train_ap: 0.9360 time: 0.0805s
INFO:root:Epoch: 0565 val_loss: 1.5427 val_roc: 0.6882 val_ap: 0.6701
INFO:root:Epoch: 0570 lr: 0.01 train_loss: 0.6947 train_roc: 0.9378 train_ap: 0.9389 time: 0.0804s
INFO:root:Epoch: 0570 val_loss: 1.6467 val_roc: 0.6796 val_ap: 0.6632
INFO:root:Epoch: 0575 lr: 0.01 train_loss: 0.6994 train_roc: 0.9489 train_ap: 0.9503 time: 0.0808s
INFO:root:Epoch: 0575 val_loss: 1.7718 val_roc: 0.6760 val_ap: 0.6610
INFO:root:Epoch: 0580 lr: 0.01 train_loss: 0.5625 train_roc: 0.9671 train_ap: 0.9644 time: 0.0865s
INFO:root:Epoch: 0580 val_loss: 1.8335 val_roc: 0.6757 val_ap: 0.6581
INFO:root:Epoch: 0585 lr: 0.01 train_loss: 0.6463 train_roc: 0.9482 train_ap: 0.9397 time: 0.0881s
INFO:root:Epoch: 0585 val_loss: 1.7641 val_roc: 0.6789 val_ap: 0.6601
INFO:root:Epoch: 0590 lr: 0.01 train_loss: 1.2156 train_roc: 0.9412 train_ap: 0.9341 time: 0.0813s
INFO:root:Epoch: 0590 val_loss: 1.7370 val_roc: 0.6819 val_ap: 0.6613
INFO:root:Epoch: 0595 lr: 0.01 train_loss: 0.6535 train_roc: 0.9464 train_ap: 0.9428 time: 0.0806s
INFO:root:Epoch: 0595 val_loss: 1.5748 val_roc: 0.6893 val_ap: 0.6651
INFO:root:Epoch: 0600 lr: 0.01 train_loss: 0.6267 train_roc: 0.9530 train_ap: 0.9504 time: 0.0831s
INFO:root:Epoch: 0600 val_loss: 1.4580 val_roc: 0.6972 val_ap: 0.6716
INFO:root:Epoch: 0605 lr: 0.01 train_loss: 0.6082 train_roc: 0.9594 train_ap: 0.9549 time: 0.0809s
INFO:root:Epoch: 0605 val_loss: 1.4618 val_roc: 0.6974 val_ap: 0.6730
INFO:root:Epoch: 0610 lr: 0.01 train_loss: 0.6944 train_roc: 0.9606 train_ap: 0.9587 time: 0.0830s
INFO:root:Epoch: 0610 val_loss: 1.5180 val_roc: 0.6961 val_ap: 0.6702
INFO:root:Epoch: 0615 lr: 0.01 train_loss: 0.7230 train_roc: 0.9511 train_ap: 0.9449 time: 0.0811s
INFO:root:Epoch: 0615 val_loss: 1.7063 val_roc: 0.6877 val_ap: 0.6621
INFO:root:Epoch: 0620 lr: 0.01 train_loss: 0.5865 train_roc: 0.9640 train_ap: 0.9620 time: 0.0813s
INFO:root:Epoch: 0620 val_loss: 1.8452 val_roc: 0.6861 val_ap: 0.6620
INFO:root:Epoch: 0625 lr: 0.01 train_loss: 0.6101 train_roc: 0.9568 train_ap: 0.9433 time: 0.0830s
INFO:root:Epoch: 0625 val_loss: 1.8016 val_roc: 0.6909 val_ap: 0.6654
INFO:root:Epoch: 0630 lr: 0.01 train_loss: 0.7373 train_roc: 0.9434 train_ap: 0.9394 time: 0.0812s
INFO:root:Epoch: 0630 val_loss: 1.6015 val_roc: 0.6944 val_ap: 0.6675
INFO:root:Epoch: 0635 lr: 0.01 train_loss: 0.7357 train_roc: 0.9434 train_ap: 0.9415 time: 0.0867s
INFO:root:Epoch: 0635 val_loss: 1.5599 val_roc: 0.6926 val_ap: 0.6680
INFO:root:Early stopping
INFO:root:Optimization Finished!
INFO:root:Total time elapsed: 81.9655s
INFO:root:Val set results: val_loss: 1.5947 val_roc: 0.7155 val_ap: 0.6848
INFO:root:Test set results: test_loss: 2.1241 test_roc: 0.5746 test_ap: 0.5513
