INFO:root:Using: cpu
INFO:root:Using seed 1234.
INFO:root:LPModel(
  (encoder): HypGCN(
    (layers): Sequential(
      (0): HyperbolicGraphConvolution(
        (linear): HypLinear(in_features=11, out_features=4, c=tensor([1.]))
        (agg): HypAgg(c=tensor([1.]), use_att=0)
        (hyp_act): HypAct(c_in=tensor([1.]), c_out=tensor([1.]))
      )
      (1): HyperbolicGraphConvolution(
        (linear): HypLinear(in_features=4, out_features=4, c=tensor([1.]))
        (agg): HypAgg(c=tensor([1.]), use_att=0)
        (hyp_act): HypAct(c_in=tensor([1.]), c_out=tensor([1.]))
      )
    )
  )
  (dc): FermiDiracDecoder()
)
INFO:root:Total number of parameters: 68
INFO:root:Epoch: 0005 lr: 0.01 train_loss: 1.9106 train_roc: 0.6447 train_ap: 0.5656 time: 0.0812s
INFO:root:Epoch: 0005 val_loss: 2.5764 val_roc: 0.4741 val_ap: 0.5064
INFO:root:Epoch: 0010 lr: 0.01 train_loss: 3.2196 train_roc: 0.7564 train_ap: 0.7440 time: 0.0807s
INFO:root:Epoch: 0010 val_loss: 2.5553 val_roc: 0.4731 val_ap: 0.5077
INFO:root:Epoch: 0015 lr: 0.01 train_loss: 1.6773 train_roc: 0.7042 train_ap: 0.6521 time: 0.0902s
INFO:root:Epoch: 0015 val_loss: 2.5153 val_roc: 0.4694 val_ap: 0.5035
INFO:root:Epoch: 0020 lr: 0.01 train_loss: 1.7120 train_roc: 0.6936 train_ap: 0.6266 time: 0.0850s
INFO:root:Epoch: 0020 val_loss: 2.5032 val_roc: 0.4683 val_ap: 0.5013
INFO:root:Epoch: 0025 lr: 0.01 train_loss: 1.7266 train_roc: 0.7017 train_ap: 0.6486 time: 0.0807s
INFO:root:Epoch: 0025 val_loss: 2.5028 val_roc: 0.4676 val_ap: 0.4972
INFO:root:Epoch: 0030 lr: 0.01 train_loss: 1.5749 train_roc: 0.7351 train_ap: 0.6602 time: 0.0811s
INFO:root:Epoch: 0030 val_loss: 2.5137 val_roc: 0.4672 val_ap: 0.4958
INFO:root:Epoch: 0035 lr: 0.01 train_loss: 1.6003 train_roc: 0.7391 train_ap: 0.6793 time: 0.0815s
INFO:root:Epoch: 0035 val_loss: 2.5276 val_roc: 0.4685 val_ap: 0.4926
INFO:root:Epoch: 0040 lr: 0.01 train_loss: 1.3450 train_roc: 0.8006 train_ap: 0.7737 time: 0.0816s
INFO:root:Epoch: 0040 val_loss: 2.5217 val_roc: 0.4717 val_ap: 0.4909
INFO:root:Epoch: 0045 lr: 0.01 train_loss: 1.2475 train_roc: 0.8347 train_ap: 0.8192 time: 0.0822s
INFO:root:Epoch: 0045 val_loss: 2.5172 val_roc: 0.4759 val_ap: 0.4979
INFO:root:Epoch: 0050 lr: 0.01 train_loss: 2.1686 train_roc: 0.7872 train_ap: 0.7797 time: 0.0805s
INFO:root:Epoch: 0050 val_loss: 2.4936 val_roc: 0.4799 val_ap: 0.4996
INFO:root:Epoch: 0055 lr: 0.01 train_loss: 1.4465 train_roc: 0.7951 train_ap: 0.7476 time: 0.0820s
INFO:root:Epoch: 0055 val_loss: 2.4736 val_roc: 0.4830 val_ap: 0.5012
INFO:root:Epoch: 0060 lr: 0.01 train_loss: 1.4538 train_roc: 0.8017 train_ap: 0.7692 time: 0.0826s
INFO:root:Epoch: 0060 val_loss: 2.4517 val_roc: 0.4830 val_ap: 0.5026
INFO:root:Epoch: 0065 lr: 0.01 train_loss: 1.5353 train_roc: 0.7661 train_ap: 0.7089 time: 0.0806s
INFO:root:Epoch: 0065 val_loss: 2.4437 val_roc: 0.4846 val_ap: 0.5047
INFO:root:Epoch: 0070 lr: 0.01 train_loss: 1.5285 train_roc: 0.7546 train_ap: 0.7244 time: 0.0837s
INFO:root:Epoch: 0070 val_loss: 2.4348 val_roc: 0.4874 val_ap: 0.5126
INFO:root:Epoch: 0075 lr: 0.01 train_loss: 1.2650 train_roc: 0.8463 train_ap: 0.8438 time: 0.0812s
INFO:root:Epoch: 0075 val_loss: 2.4100 val_roc: 0.4897 val_ap: 0.5127
INFO:root:Epoch: 0080 lr: 0.01 train_loss: 1.4972 train_roc: 0.7796 train_ap: 0.7377 time: 0.0830s
INFO:root:Epoch: 0080 val_loss: 2.4016 val_roc: 0.4919 val_ap: 0.5151
INFO:root:Epoch: 0085 lr: 0.01 train_loss: 1.6182 train_roc: 0.7687 train_ap: 0.7331 time: 0.0809s
INFO:root:Epoch: 0085 val_loss: 2.4029 val_roc: 0.4956 val_ap: 0.5194
INFO:root:Epoch: 0090 lr: 0.01 train_loss: 2.2318 train_roc: 0.8139 train_ap: 0.8010 time: 0.0805s
INFO:root:Epoch: 0090 val_loss: 2.3786 val_roc: 0.4997 val_ap: 0.5223
INFO:root:Epoch: 0095 lr: 0.01 train_loss: 1.3014 train_roc: 0.8079 train_ap: 0.7571 time: 0.0831s
INFO:root:Epoch: 0095 val_loss: 2.3332 val_roc: 0.5001 val_ap: 0.5225
INFO:root:Epoch: 0100 lr: 0.01 train_loss: 1.6101 train_roc: 0.8187 train_ap: 0.8055 time: 0.0794s
INFO:root:Epoch: 0100 val_loss: 2.2889 val_roc: 0.5027 val_ap: 0.5237
INFO:root:Epoch: 0105 lr: 0.01 train_loss: 1.3492 train_roc: 0.8114 train_ap: 0.7840 time: 0.0821s
INFO:root:Epoch: 0105 val_loss: 2.2474 val_roc: 0.5043 val_ap: 0.5222
INFO:root:Epoch: 0110 lr: 0.01 train_loss: 1.2997 train_roc: 0.8165 train_ap: 0.7977 time: 0.0815s
INFO:root:Epoch: 0110 val_loss: 2.2180 val_roc: 0.5079 val_ap: 0.5225
INFO:root:Epoch: 0115 lr: 0.01 train_loss: 1.8547 train_roc: 0.7190 train_ap: 0.6558 time: 0.0804s
INFO:root:Epoch: 0115 val_loss: 2.2071 val_roc: 0.5121 val_ap: 0.5249
INFO:root:Epoch: 0120 lr: 0.01 train_loss: 1.2218 train_roc: 0.8621 train_ap: 0.8408 time: 0.0808s
INFO:root:Epoch: 0120 val_loss: 2.2035 val_roc: 0.5159 val_ap: 0.5276
INFO:root:Epoch: 0125 lr: 0.01 train_loss: 1.3187 train_roc: 0.7951 train_ap: 0.7579 time: 0.0832s
INFO:root:Epoch: 0125 val_loss: 2.1992 val_roc: 0.5208 val_ap: 0.5298
INFO:root:Epoch: 0130 lr: 0.01 train_loss: 1.2195 train_roc: 0.8443 train_ap: 0.8252 time: 0.0806s
INFO:root:Epoch: 0130 val_loss: 2.1946 val_roc: 0.5256 val_ap: 0.5325
INFO:root:Epoch: 0135 lr: 0.01 train_loss: 1.4345 train_roc: 0.8041 train_ap: 0.7903 time: 0.0809s
INFO:root:Epoch: 0135 val_loss: 2.1969 val_roc: 0.5277 val_ap: 0.5311
INFO:root:Epoch: 0140 lr: 0.01 train_loss: 1.2508 train_roc: 0.8488 train_ap: 0.8183 time: 0.0827s
INFO:root:Epoch: 0140 val_loss: 2.2055 val_roc: 0.5283 val_ap: 0.5302
INFO:root:Epoch: 0145 lr: 0.01 train_loss: 1.1418 train_roc: 0.8595 train_ap: 0.8415 time: 0.0802s
INFO:root:Epoch: 0145 val_loss: 2.2065 val_roc: 0.5314 val_ap: 0.5275
INFO:root:Epoch: 0150 lr: 0.01 train_loss: 1.3902 train_roc: 0.8047 train_ap: 0.7992 time: 0.0807s
INFO:root:Epoch: 0150 val_loss: 2.1942 val_roc: 0.5343 val_ap: 0.5266
INFO:root:Epoch: 0155 lr: 0.01 train_loss: 1.4232 train_roc: 0.8775 train_ap: 0.8676 time: 0.0802s
INFO:root:Epoch: 0155 val_loss: 2.1705 val_roc: 0.5386 val_ap: 0.5268
INFO:root:Epoch: 0160 lr: 0.01 train_loss: 1.2828 train_roc: 0.8085 train_ap: 0.7687 time: 0.0811s
INFO:root:Epoch: 0160 val_loss: 2.1517 val_roc: 0.5389 val_ap: 0.5276
INFO:root:Epoch: 0165 lr: 0.01 train_loss: 1.2251 train_roc: 0.8136 train_ap: 0.7908 time: 0.0831s
INFO:root:Epoch: 0165 val_loss: 2.1464 val_roc: 0.5398 val_ap: 0.5292
INFO:root:Epoch: 0170 lr: 0.01 train_loss: 1.8159 train_roc: 0.7834 train_ap: 0.7416 time: 0.0808s
INFO:root:Epoch: 0170 val_loss: 2.1413 val_roc: 0.5420 val_ap: 0.5306
INFO:root:Epoch: 0175 lr: 0.01 train_loss: 1.2559 train_roc: 0.8174 train_ap: 0.7800 time: 0.0845s
INFO:root:Epoch: 0175 val_loss: 2.1268 val_roc: 0.5464 val_ap: 0.5395
INFO:root:Epoch: 0180 lr: 0.01 train_loss: 1.5743 train_roc: 0.7709 train_ap: 0.7189 time: 0.0796s
INFO:root:Epoch: 0180 val_loss: 2.1166 val_roc: 0.5496 val_ap: 0.5425
INFO:root:Epoch: 0185 lr: 0.01 train_loss: 1.8553 train_roc: 0.7706 train_ap: 0.7264 time: 0.0806s
INFO:root:Epoch: 0185 val_loss: 2.1158 val_roc: 0.5510 val_ap: 0.5450
INFO:root:Epoch: 0190 lr: 0.01 train_loss: 1.2383 train_roc: 0.8380 train_ap: 0.8178 time: 0.0813s
INFO:root:Epoch: 0190 val_loss: 2.1219 val_roc: 0.5511 val_ap: 0.5441
INFO:root:Epoch: 0195 lr: 0.01 train_loss: 1.6612 train_roc: 0.8533 train_ap: 0.8226 time: 0.0870s
INFO:root:Epoch: 0195 val_loss: 2.1192 val_roc: 0.5527 val_ap: 0.5452
INFO:root:Epoch: 0200 lr: 0.01 train_loss: 1.0129 train_roc: 0.8763 train_ap: 0.8519 time: 0.0842s
INFO:root:Epoch: 0200 val_loss: 2.1109 val_roc: 0.5559 val_ap: 0.5426
INFO:root:Epoch: 0205 lr: 0.01 train_loss: 1.6687 train_roc: 0.7641 train_ap: 0.7216 time: 0.0809s
INFO:root:Epoch: 0205 val_loss: 2.1087 val_roc: 0.5620 val_ap: 0.5469
INFO:root:Epoch: 0210 lr: 0.01 train_loss: 1.4967 train_roc: 0.8076 train_ap: 0.7255 time: 0.0808s
INFO:root:Epoch: 0210 val_loss: 2.1057 val_roc: 0.5635 val_ap: 0.5494
INFO:root:Epoch: 0215 lr: 0.01 train_loss: 1.3477 train_roc: 0.8530 train_ap: 0.8320 time: 0.0803s
INFO:root:Epoch: 0215 val_loss: 2.1050 val_roc: 0.5658 val_ap: 0.5509
INFO:root:Epoch: 0220 lr: 0.01 train_loss: 1.4943 train_roc: 0.7925 train_ap: 0.7833 time: 0.0811s
INFO:root:Epoch: 0220 val_loss: 2.1022 val_roc: 0.5654 val_ap: 0.5531
INFO:root:Epoch: 0225 lr: 0.01 train_loss: 1.8450 train_roc: 0.7634 train_ap: 0.7209 time: 0.0800s
INFO:root:Epoch: 0225 val_loss: 2.0970 val_roc: 0.5603 val_ap: 0.5507
INFO:root:Epoch: 0230 lr: 0.01 train_loss: 1.1137 train_roc: 0.8707 train_ap: 0.8307 time: 0.0804s
INFO:root:Epoch: 0230 val_loss: 2.0883 val_roc: 0.5541 val_ap: 0.5462
INFO:root:Epoch: 0235 lr: 0.01 train_loss: 1.4766 train_roc: 0.7912 train_ap: 0.7457 time: 0.0842s
INFO:root:Epoch: 0235 val_loss: 2.0833 val_roc: 0.5502 val_ap: 0.5410
INFO:root:Epoch: 0240 lr: 0.01 train_loss: 1.1738 train_roc: 0.8377 train_ap: 0.8134 time: 0.0879s
INFO:root:Epoch: 0240 val_loss: 2.0815 val_roc: 0.5476 val_ap: 0.5412
INFO:root:Epoch: 0245 lr: 0.01 train_loss: 1.2190 train_roc: 0.8702 train_ap: 0.8441 time: 0.0818s
INFO:root:Epoch: 0245 val_loss: 2.0825 val_roc: 0.5455 val_ap: 0.5423
INFO:root:Epoch: 0250 lr: 0.01 train_loss: 1.3542 train_roc: 0.8681 train_ap: 0.8431 time: 0.0819s
INFO:root:Epoch: 0250 val_loss: 2.0835 val_roc: 0.5456 val_ap: 0.5489
INFO:root:Epoch: 0255 lr: 0.01 train_loss: 1.0974 train_roc: 0.8669 train_ap: 0.8573 time: 0.0804s
INFO:root:Epoch: 0255 val_loss: 2.0794 val_roc: 0.5512 val_ap: 0.5504
INFO:root:Epoch: 0260 lr: 0.01 train_loss: 1.2543 train_roc: 0.8298 train_ap: 0.8128 time: 0.0805s
INFO:root:Epoch: 0260 val_loss: 2.0741 val_roc: 0.5547 val_ap: 0.5462
INFO:root:Epoch: 0265 lr: 0.01 train_loss: 1.1567 train_roc: 0.8643 train_ap: 0.8453 time: 0.0833s
INFO:root:Epoch: 0265 val_loss: 2.0674 val_roc: 0.5597 val_ap: 0.5496
INFO:root:Epoch: 0270 lr: 0.01 train_loss: 1.6531 train_roc: 0.7755 train_ap: 0.7244 time: 0.0811s
INFO:root:Epoch: 0270 val_loss: 2.0669 val_roc: 0.5633 val_ap: 0.5492
INFO:root:Epoch: 0275 lr: 0.01 train_loss: 1.3734 train_roc: 0.8145 train_ap: 0.8025 time: 0.0818s
INFO:root:Epoch: 0275 val_loss: 2.0738 val_roc: 0.5605 val_ap: 0.5488
INFO:root:Epoch: 0280 lr: 0.01 train_loss: 1.3423 train_roc: 0.8600 train_ap: 0.8301 time: 0.0864s
INFO:root:Epoch: 0280 val_loss: 2.0798 val_roc: 0.5537 val_ap: 0.5435
INFO:root:Epoch: 0285 lr: 0.01 train_loss: 1.7403 train_roc: 0.8032 train_ap: 0.7937 time: 0.0828s
INFO:root:Epoch: 0285 val_loss: 2.0908 val_roc: 0.5443 val_ap: 0.5339
INFO:root:Epoch: 0290 lr: 0.01 train_loss: 1.2498 train_roc: 0.8349 train_ap: 0.8252 time: 0.0815s
INFO:root:Epoch: 0290 val_loss: 2.0958 val_roc: 0.5370 val_ap: 0.5259
INFO:root:Epoch: 0295 lr: 0.01 train_loss: 1.2398 train_roc: 0.8637 train_ap: 0.8330 time: 0.0822s
INFO:root:Epoch: 0295 val_loss: 2.0955 val_roc: 0.5364 val_ap: 0.5259
INFO:root:Epoch: 0300 lr: 0.01 train_loss: 1.0285 train_roc: 0.8791 train_ap: 0.8528 time: 0.0802s
INFO:root:Epoch: 0300 val_loss: 2.0944 val_roc: 0.5386 val_ap: 0.5277
INFO:root:Epoch: 0305 lr: 0.01 train_loss: 1.2390 train_roc: 0.8175 train_ap: 0.7975 time: 0.0811s
INFO:root:Epoch: 0305 val_loss: 2.0917 val_roc: 0.5415 val_ap: 0.5309
INFO:root:Epoch: 0310 lr: 0.01 train_loss: 1.3815 train_roc: 0.7991 train_ap: 0.7543 time: 0.0815s
INFO:root:Epoch: 0310 val_loss: 2.0916 val_roc: 0.5444 val_ap: 0.5332
INFO:root:Epoch: 0315 lr: 0.01 train_loss: 2.0234 train_roc: 0.6577 train_ap: 0.5893 time: 0.0809s
INFO:root:Epoch: 0315 val_loss: 2.0918 val_roc: 0.5494 val_ap: 0.5389
INFO:root:Early stopping
INFO:root:Optimization Finished!
INFO:root:Total time elapsed: 43.2323s
INFO:root:Val set results: val_loss: 2.1052 val_roc: 0.5668 val_ap: 0.5544
INFO:root:Test set results: test_loss: 2.3456 test_roc: 0.5010 test_ap: 0.5410
