INFO:root:Using: cpu
INFO:root:Using seed 1234.
INFO:root:LPModel(
  (encoder): HypGCN(
    (layers): Sequential(
      (0): HyperbolicGraphConvolution(
        (linear): HypLinear(in_features=11, out_features=16, c=tensor([1.]))
        (agg): HypAgg(c=tensor([1.]), use_att=0)
        (hyp_act): HypAct(c_in=tensor([1.]), c_out=tensor([1.]))
      )
      (1): HyperbolicGraphConvolution(
        (linear): HypLinear(in_features=16, out_features=16, c=tensor([1.]))
        (agg): HypAgg(c=tensor([1.]), use_att=0)
        (hyp_act): HypAct(c_in=tensor([1.]), c_out=tensor([1.]))
      )
    )
  )
  (dc): FermiDiracDecoder()
)
INFO:root:Total number of parameters: 464
INFO:root:Epoch: 0005 lr: 0.01 train_loss: 1.8537 train_roc: 0.8577 train_ap: 0.8520 time: 0.2362s
INFO:root:Epoch: 0005 val_loss: 2.2212 val_roc: 0.4979 val_ap: 0.5075
INFO:root:Epoch: 0010 lr: 0.01 train_loss: 1.9509 train_roc: 0.7707 train_ap: 0.7572 time: 0.2259s
INFO:root:Epoch: 0010 val_loss: 2.2497 val_roc: 0.4956 val_ap: 0.5085
INFO:root:Epoch: 0015 lr: 0.01 train_loss: 1.8294 train_roc: 0.8504 train_ap: 0.8507 time: 0.2231s
INFO:root:Epoch: 0015 val_loss: 2.2814 val_roc: 0.4906 val_ap: 0.5074
INFO:root:Epoch: 0020 lr: 0.01 train_loss: 1.6931 train_roc: 0.8641 train_ap: 0.8580 time: 0.2219s
INFO:root:Epoch: 0020 val_loss: 2.3004 val_roc: 0.4880 val_ap: 0.5051
INFO:root:Epoch: 0025 lr: 0.01 train_loss: 1.7247 train_roc: 0.8740 train_ap: 0.8754 time: 0.2272s
INFO:root:Epoch: 0025 val_loss: 2.3109 val_roc: 0.4891 val_ap: 0.5069
INFO:root:Epoch: 0030 lr: 0.01 train_loss: 1.5339 train_roc: 0.8656 train_ap: 0.8614 time: 0.2248s
INFO:root:Epoch: 0030 val_loss: 2.3085 val_roc: 0.4902 val_ap: 0.5082
INFO:root:Epoch: 0035 lr: 0.01 train_loss: 1.7485 train_roc: 0.8260 train_ap: 0.8135 time: 0.2592s
INFO:root:Epoch: 0035 val_loss: 2.3032 val_roc: 0.4925 val_ap: 0.5115
INFO:root:Epoch: 0040 lr: 0.01 train_loss: 1.7738 train_roc: 0.7499 train_ap: 0.7260 time: 0.2226s
INFO:root:Epoch: 0040 val_loss: 2.2901 val_roc: 0.4928 val_ap: 0.5102
INFO:root:Epoch: 0045 lr: 0.01 train_loss: 1.9305 train_roc: 0.8372 train_ap: 0.8302 time: 0.2251s
INFO:root:Epoch: 0045 val_loss: 2.2763 val_roc: 0.4922 val_ap: 0.5102
INFO:root:Epoch: 0050 lr: 0.01 train_loss: 1.5736 train_roc: 0.8587 train_ap: 0.8421 time: 0.2243s
INFO:root:Epoch: 0050 val_loss: 2.2650 val_roc: 0.4921 val_ap: 0.5102
INFO:root:Epoch: 0055 lr: 0.01 train_loss: 1.3608 train_roc: 0.8734 train_ap: 0.8742 time: 0.2228s
INFO:root:Epoch: 0055 val_loss: 2.2611 val_roc: 0.4919 val_ap: 0.5109
INFO:root:Epoch: 0060 lr: 0.01 train_loss: 1.3681 train_roc: 0.8736 train_ap: 0.8676 time: 0.2216s
INFO:root:Epoch: 0060 val_loss: 2.2551 val_roc: 0.4907 val_ap: 0.5107
INFO:root:Epoch: 0065 lr: 0.01 train_loss: 1.3912 train_roc: 0.8951 train_ap: 0.8961 time: 0.2199s
INFO:root:Epoch: 0065 val_loss: 2.2440 val_roc: 0.4899 val_ap: 0.5110
INFO:root:Epoch: 0070 lr: 0.01 train_loss: 1.6209 train_roc: 0.8022 train_ap: 0.7769 time: 0.2198s
INFO:root:Epoch: 0070 val_loss: 2.2365 val_roc: 0.4897 val_ap: 0.5105
INFO:root:Epoch: 0075 lr: 0.01 train_loss: 1.3375 train_roc: 0.9059 train_ap: 0.9048 time: 0.2244s
INFO:root:Epoch: 0075 val_loss: 2.2301 val_roc: 0.4899 val_ap: 0.5091
INFO:root:Epoch: 0080 lr: 0.01 train_loss: 1.2120 train_roc: 0.8867 train_ap: 0.8699 time: 0.2201s
INFO:root:Epoch: 0080 val_loss: 2.2192 val_roc: 0.4906 val_ap: 0.5096
INFO:root:Epoch: 0085 lr: 0.01 train_loss: 1.2125 train_roc: 0.8895 train_ap: 0.8838 time: 0.2192s
INFO:root:Epoch: 0085 val_loss: 2.1970 val_roc: 0.4914 val_ap: 0.5091
INFO:root:Epoch: 0090 lr: 0.01 train_loss: 1.3726 train_roc: 0.8990 train_ap: 0.8968 time: 0.2210s
INFO:root:Epoch: 0090 val_loss: 2.1729 val_roc: 0.4926 val_ap: 0.5092
INFO:root:Epoch: 0095 lr: 0.01 train_loss: 1.1780 train_roc: 0.9053 train_ap: 0.9073 time: 0.2218s
INFO:root:Epoch: 0095 val_loss: 2.1338 val_roc: 0.4946 val_ap: 0.5082
INFO:root:Epoch: 0100 lr: 0.01 train_loss: 1.1816 train_roc: 0.9360 train_ap: 0.9330 time: 0.2187s
INFO:root:Epoch: 0100 val_loss: 2.1159 val_roc: 0.4948 val_ap: 0.5069
INFO:root:Epoch: 0105 lr: 0.01 train_loss: 1.0244 train_roc: 0.9202 train_ap: 0.9172 time: 0.2221s
INFO:root:Epoch: 0105 val_loss: 2.0996 val_roc: 0.4953 val_ap: 0.5053
INFO:root:Epoch: 0110 lr: 0.01 train_loss: 1.5072 train_roc: 0.9133 train_ap: 0.9130 time: 0.2349s
INFO:root:Epoch: 0110 val_loss: 2.0856 val_roc: 0.4967 val_ap: 0.5052
INFO:root:Epoch: 0115 lr: 0.01 train_loss: 1.0133 train_roc: 0.9197 train_ap: 0.9147 time: 0.2194s
INFO:root:Epoch: 0115 val_loss: 2.0782 val_roc: 0.4995 val_ap: 0.5063
INFO:root:Epoch: 0120 lr: 0.01 train_loss: 1.0766 train_roc: 0.9240 train_ap: 0.9182 time: 0.2220s
INFO:root:Epoch: 0120 val_loss: 2.0648 val_roc: 0.5009 val_ap: 0.5075
INFO:root:Epoch: 0125 lr: 0.01 train_loss: 1.1843 train_roc: 0.9152 train_ap: 0.9150 time: 0.2205s
INFO:root:Epoch: 0125 val_loss: 2.0501 val_roc: 0.5025 val_ap: 0.5089
INFO:root:Epoch: 0130 lr: 0.01 train_loss: 1.2056 train_roc: 0.9151 train_ap: 0.9156 time: 0.2235s
INFO:root:Epoch: 0130 val_loss: 2.0315 val_roc: 0.5046 val_ap: 0.5101
INFO:root:Epoch: 0135 lr: 0.01 train_loss: 1.3169 train_roc: 0.8798 train_ap: 0.8739 time: 0.2247s
INFO:root:Epoch: 0135 val_loss: 2.0134 val_roc: 0.5059 val_ap: 0.5101
INFO:root:Epoch: 0140 lr: 0.01 train_loss: 1.2189 train_roc: 0.8973 train_ap: 0.8968 time: 0.2283s
INFO:root:Epoch: 0140 val_loss: 2.0065 val_roc: 0.5066 val_ap: 0.5101
INFO:root:Epoch: 0145 lr: 0.01 train_loss: 1.0337 train_roc: 0.9130 train_ap: 0.9108 time: 0.2243s
INFO:root:Epoch: 0145 val_loss: 2.0095 val_roc: 0.5065 val_ap: 0.5088
INFO:root:Epoch: 0150 lr: 0.01 train_loss: 1.1336 train_roc: 0.9016 train_ap: 0.9019 time: 0.2224s
INFO:root:Epoch: 0150 val_loss: 2.0020 val_roc: 0.5070 val_ap: 0.5083
INFO:root:Epoch: 0155 lr: 0.01 train_loss: 1.0303 train_roc: 0.9276 train_ap: 0.9270 time: 0.2320s
INFO:root:Epoch: 0155 val_loss: 1.9972 val_roc: 0.5081 val_ap: 0.5083
INFO:root:Epoch: 0160 lr: 0.01 train_loss: 1.1013 train_roc: 0.9009 train_ap: 0.8926 time: 0.4177s
INFO:root:Epoch: 0160 val_loss: 1.9911 val_roc: 0.5085 val_ap: 0.5078
INFO:root:Epoch: 0165 lr: 0.01 train_loss: 0.9044 train_roc: 0.9358 train_ap: 0.9362 time: 0.2212s
INFO:root:Epoch: 0165 val_loss: 1.9824 val_roc: 0.5096 val_ap: 0.5085
INFO:root:Epoch: 0170 lr: 0.01 train_loss: 0.9776 train_roc: 0.9132 train_ap: 0.9087 time: 0.2233s
INFO:root:Epoch: 0170 val_loss: 1.9744 val_roc: 0.5094 val_ap: 0.5070
INFO:root:Epoch: 0175 lr: 0.01 train_loss: 1.1635 train_roc: 0.8974 train_ap: 0.8888 time: 0.2204s
INFO:root:Epoch: 0175 val_loss: 1.9649 val_roc: 0.5100 val_ap: 0.5071
INFO:root:Epoch: 0180 lr: 0.01 train_loss: 1.1315 train_roc: 0.8846 train_ap: 0.8714 time: 0.2209s
INFO:root:Epoch: 0180 val_loss: 1.9567 val_roc: 0.5101 val_ap: 0.5065
INFO:root:Epoch: 0185 lr: 0.01 train_loss: 1.3010 train_roc: 0.9205 train_ap: 0.9105 time: 0.2262s
INFO:root:Epoch: 0185 val_loss: 1.9402 val_roc: 0.5095 val_ap: 0.5054
INFO:root:Epoch: 0190 lr: 0.01 train_loss: 1.0825 train_roc: 0.9086 train_ap: 0.9029 time: 0.2232s
INFO:root:Epoch: 0190 val_loss: 1.9371 val_roc: 0.5093 val_ap: 0.5042
INFO:root:Epoch: 0195 lr: 0.01 train_loss: 1.0347 train_roc: 0.9235 train_ap: 0.9249 time: 0.2192s
INFO:root:Epoch: 0195 val_loss: 1.9435 val_roc: 0.5087 val_ap: 0.5038
INFO:root:Epoch: 0200 lr: 0.01 train_loss: 1.0303 train_roc: 0.9172 train_ap: 0.9143 time: 0.2259s
INFO:root:Epoch: 0200 val_loss: 1.9544 val_roc: 0.5085 val_ap: 0.5035
INFO:root:Epoch: 0205 lr: 0.01 train_loss: 0.9457 train_roc: 0.9134 train_ap: 0.9097 time: 0.2217s
INFO:root:Epoch: 0205 val_loss: 1.9581 val_roc: 0.5087 val_ap: 0.5039
INFO:root:Epoch: 0210 lr: 0.01 train_loss: 0.9930 train_roc: 0.9140 train_ap: 0.9173 time: 0.2246s
INFO:root:Epoch: 0210 val_loss: 1.9585 val_roc: 0.5083 val_ap: 0.5023
INFO:root:Epoch: 0215 lr: 0.01 train_loss: 1.0100 train_roc: 0.9103 train_ap: 0.9075 time: 0.2247s
INFO:root:Epoch: 0215 val_loss: 1.9569 val_roc: 0.5089 val_ap: 0.5026
INFO:root:Epoch: 0220 lr: 0.01 train_loss: 1.2719 train_roc: 0.9159 train_ap: 0.9088 time: 0.2208s
INFO:root:Epoch: 0220 val_loss: 1.9557 val_roc: 0.5101 val_ap: 0.5033
INFO:root:Epoch: 0225 lr: 0.01 train_loss: 1.0083 train_roc: 0.9191 train_ap: 0.9140 time: 0.2203s
INFO:root:Epoch: 0225 val_loss: 1.9533 val_roc: 0.5105 val_ap: 0.5031
INFO:root:Epoch: 0230 lr: 0.01 train_loss: 1.1338 train_roc: 0.9156 train_ap: 0.9148 time: 0.2226s
INFO:root:Epoch: 0230 val_loss: 1.9594 val_roc: 0.5100 val_ap: 0.5023
INFO:root:Epoch: 0235 lr: 0.01 train_loss: 0.9903 train_roc: 0.8915 train_ap: 0.8819 time: 0.2259s
INFO:root:Epoch: 0235 val_loss: 1.9617 val_roc: 0.5094 val_ap: 0.5019
INFO:root:Epoch: 0240 lr: 0.01 train_loss: 0.9613 train_roc: 0.9217 train_ap: 0.9217 time: 0.2193s
INFO:root:Epoch: 0240 val_loss: 1.9562 val_roc: 0.5099 val_ap: 0.5020
INFO:root:Epoch: 0245 lr: 0.01 train_loss: 0.9268 train_roc: 0.9164 train_ap: 0.9144 time: 0.2219s
INFO:root:Epoch: 0245 val_loss: 1.9603 val_roc: 0.5107 val_ap: 0.5024
INFO:root:Epoch: 0250 lr: 0.01 train_loss: 1.1630 train_roc: 0.8335 train_ap: 0.8087 time: 0.2210s
INFO:root:Epoch: 0250 val_loss: 1.9699 val_roc: 0.5107 val_ap: 0.5025
INFO:root:Epoch: 0255 lr: 0.01 train_loss: 0.9641 train_roc: 0.9114 train_ap: 0.9090 time: 0.2217s
INFO:root:Epoch: 0255 val_loss: 1.9756 val_roc: 0.5116 val_ap: 0.5033
INFO:root:Epoch: 0260 lr: 0.01 train_loss: 0.9036 train_roc: 0.9076 train_ap: 0.9017 time: 0.2232s
INFO:root:Epoch: 0260 val_loss: 1.9817 val_roc: 0.5119 val_ap: 0.5034
INFO:root:Epoch: 0265 lr: 0.01 train_loss: 1.0568 train_roc: 0.9063 train_ap: 0.9015 time: 0.2248s
INFO:root:Epoch: 0265 val_loss: 1.9896 val_roc: 0.5125 val_ap: 0.5033
INFO:root:Early stopping
INFO:root:Optimization Finished!
INFO:root:Total time elapsed: 97.1082s
INFO:root:Val set results: val_loss: 1.9817 val_roc: 0.5098 val_ap: 0.5084
INFO:root:Test set results: test_loss: 2.2087 test_roc: 0.4598 test_ap: 0.4862
