INFO:root:Using: cpu
INFO:root:Using seed 1234.
INFO:root:LPModel(
  (encoder): HypGCN(
    (layers): Sequential(
      (0): HyperbolicGraphConvolution(
        (linear): HypLinear(in_features=11, out_features=16, c=tensor([1.]))
        (agg): HypAgg(c=tensor([1.]), use_att=0)
        (hyp_act): HypAct(c_in=tensor([1.]), c_out=tensor([1.]))
      )
      (1): HyperbolicGraphConvolution(
        (linear): HypLinear(in_features=16, out_features=16, c=tensor([1.]))
        (agg): HypAgg(c=tensor([1.]), use_att=0)
        (hyp_act): HypAct(c_in=tensor([1.]), c_out=tensor([1.]))
      )
    )
  )
  (dc): FermiDiracDecoder()
)
INFO:root:Total number of parameters: 464
INFO:root:Epoch: 0005 lr: 0.01 train_loss: 1.2707 train_roc: 0.8674 train_ap: 0.8662 time: 0.1509s
INFO:root:Epoch: 0005 val_loss: 2.2686 val_roc: 0.4964 val_ap: 0.5335
INFO:root:Epoch: 0010 lr: 0.01 train_loss: 1.4834 train_roc: 0.8549 train_ap: 0.8551 time: 0.1510s
INFO:root:Epoch: 0010 val_loss: 2.3812 val_roc: 0.5016 val_ap: 0.5426
INFO:root:Epoch: 0015 lr: 0.01 train_loss: 1.2369 train_roc: 0.8691 train_ap: 0.8793 time: 0.1506s
INFO:root:Epoch: 0015 val_loss: 2.5277 val_roc: 0.5053 val_ap: 0.5443
INFO:root:Epoch: 0020 lr: 0.01 train_loss: 1.2601 train_roc: 0.8824 train_ap: 0.8905 time: 0.1481s
INFO:root:Epoch: 0020 val_loss: 2.7021 val_roc: 0.5097 val_ap: 0.5433
INFO:root:Epoch: 0025 lr: 0.01 train_loss: 1.1676 train_roc: 0.8799 train_ap: 0.8948 time: 0.1495s
INFO:root:Epoch: 0025 val_loss: 2.8979 val_roc: 0.5140 val_ap: 0.5438
INFO:root:Epoch: 0030 lr: 0.01 train_loss: 1.3286 train_roc: 0.8490 train_ap: 0.8564 time: 0.1601s
INFO:root:Epoch: 0030 val_loss: 2.9988 val_roc: 0.5218 val_ap: 0.5491
INFO:root:Epoch: 0035 lr: 0.01 train_loss: 1.4178 train_roc: 0.8905 train_ap: 0.8965 time: 0.1484s
INFO:root:Epoch: 0035 val_loss: 2.9469 val_roc: 0.5265 val_ap: 0.5523
INFO:root:Epoch: 0040 lr: 0.01 train_loss: 1.2002 train_roc: 0.8526 train_ap: 0.8573 time: 0.1495s
INFO:root:Epoch: 0040 val_loss: 2.8439 val_roc: 0.5338 val_ap: 0.5544
INFO:root:Epoch: 0045 lr: 0.01 train_loss: 1.1552 train_roc: 0.8892 train_ap: 0.8952 time: 0.1510s
INFO:root:Epoch: 0045 val_loss: 2.7898 val_roc: 0.5387 val_ap: 0.5556
INFO:root:Epoch: 0050 lr: 0.01 train_loss: 1.3002 train_roc: 0.8546 train_ap: 0.8525 time: 0.1496s
INFO:root:Epoch: 0050 val_loss: 2.7758 val_roc: 0.5462 val_ap: 0.5602
INFO:root:Epoch: 0055 lr: 0.01 train_loss: 1.1485 train_roc: 0.8786 train_ap: 0.8942 time: 0.1479s
INFO:root:Epoch: 0055 val_loss: 2.7994 val_roc: 0.5520 val_ap: 0.5636
INFO:root:Epoch: 0060 lr: 0.01 train_loss: 1.1564 train_roc: 0.8627 train_ap: 0.8693 time: 0.1478s
INFO:root:Epoch: 0060 val_loss: 2.8023 val_roc: 0.5583 val_ap: 0.5653
INFO:root:Epoch: 0065 lr: 0.01 train_loss: 1.0601 train_roc: 0.8761 train_ap: 0.8885 time: 0.1491s
INFO:root:Epoch: 0065 val_loss: 2.8576 val_roc: 0.5651 val_ap: 0.5695
INFO:root:Epoch: 0070 lr: 0.01 train_loss: 1.1190 train_roc: 0.8933 train_ap: 0.8965 time: 0.1513s
INFO:root:Epoch: 0070 val_loss: 2.8064 val_roc: 0.5691 val_ap: 0.5722
INFO:root:Epoch: 0075 lr: 0.01 train_loss: 1.0986 train_roc: 0.9061 train_ap: 0.9113 time: 0.1513s
INFO:root:Epoch: 0075 val_loss: 2.6692 val_roc: 0.5685 val_ap: 0.5721
INFO:root:Epoch: 0080 lr: 0.01 train_loss: 0.9278 train_roc: 0.9079 train_ap: 0.9085 time: 0.1489s
INFO:root:Epoch: 0080 val_loss: 2.5893 val_roc: 0.5715 val_ap: 0.5720
INFO:root:Epoch: 0085 lr: 0.01 train_loss: 1.0504 train_roc: 0.8892 train_ap: 0.8990 time: 0.1493s
INFO:root:Epoch: 0085 val_loss: 2.5269 val_roc: 0.5728 val_ap: 0.5733
INFO:root:Epoch: 0090 lr: 0.01 train_loss: 0.9979 train_roc: 0.9145 train_ap: 0.9165 time: 0.1482s
INFO:root:Epoch: 0090 val_loss: 2.4300 val_roc: 0.5729 val_ap: 0.5744
INFO:root:Epoch: 0095 lr: 0.01 train_loss: 0.9405 train_roc: 0.9041 train_ap: 0.9186 time: 0.1515s
INFO:root:Epoch: 0095 val_loss: 2.4360 val_roc: 0.5792 val_ap: 0.5799
INFO:root:Epoch: 0100 lr: 0.01 train_loss: 1.1270 train_roc: 0.9306 train_ap: 0.9315 time: 0.1496s
INFO:root:Epoch: 0100 val_loss: 2.4783 val_roc: 0.5857 val_ap: 0.5846
INFO:root:Epoch: 0105 lr: 0.01 train_loss: 0.9741 train_roc: 0.8993 train_ap: 0.9056 time: 0.1487s
INFO:root:Epoch: 0105 val_loss: 2.5819 val_roc: 0.5921 val_ap: 0.5914
INFO:root:Epoch: 0110 lr: 0.01 train_loss: 0.9844 train_roc: 0.9076 train_ap: 0.9158 time: 0.1508s
INFO:root:Epoch: 0110 val_loss: 2.6994 val_roc: 0.5966 val_ap: 0.5978
INFO:root:Epoch: 0115 lr: 0.01 train_loss: 0.9357 train_roc: 0.9011 train_ap: 0.9091 time: 0.1507s
INFO:root:Epoch: 0115 val_loss: 2.7484 val_roc: 0.5983 val_ap: 0.6008
INFO:root:Epoch: 0120 lr: 0.01 train_loss: 1.1655 train_roc: 0.8809 train_ap: 0.8897 time: 0.1502s
INFO:root:Epoch: 0120 val_loss: 2.6946 val_roc: 0.5958 val_ap: 0.6015
INFO:root:Epoch: 0125 lr: 0.01 train_loss: 1.1488 train_roc: 0.9419 train_ap: 0.9429 time: 0.1514s
INFO:root:Epoch: 0125 val_loss: 2.6431 val_roc: 0.5962 val_ap: 0.6039
INFO:root:Epoch: 0130 lr: 0.01 train_loss: 1.0693 train_roc: 0.9279 train_ap: 0.9303 time: 0.1520s
INFO:root:Epoch: 0130 val_loss: 2.6620 val_roc: 0.5987 val_ap: 0.6066
INFO:root:Epoch: 0135 lr: 0.01 train_loss: 0.9480 train_roc: 0.9158 train_ap: 0.9105 time: 0.1490s
INFO:root:Epoch: 0135 val_loss: 2.6721 val_roc: 0.5987 val_ap: 0.6104
INFO:root:Epoch: 0140 lr: 0.01 train_loss: 0.8585 train_roc: 0.9106 train_ap: 0.9176 time: 0.1499s
INFO:root:Epoch: 0140 val_loss: 2.7521 val_roc: 0.6014 val_ap: 0.6144
INFO:root:Epoch: 0145 lr: 0.01 train_loss: 0.9829 train_roc: 0.8936 train_ap: 0.8965 time: 0.1582s
INFO:root:Epoch: 0145 val_loss: 2.7956 val_roc: 0.6037 val_ap: 0.6156
INFO:root:Epoch: 0150 lr: 0.01 train_loss: 0.9046 train_roc: 0.9164 train_ap: 0.9249 time: 0.1516s
INFO:root:Epoch: 0150 val_loss: 2.7837 val_roc: 0.6035 val_ap: 0.6141
INFO:root:Epoch: 0155 lr: 0.01 train_loss: 0.9368 train_roc: 0.9021 train_ap: 0.9141 time: 0.1499s
INFO:root:Epoch: 0155 val_loss: 2.7131 val_roc: 0.6030 val_ap: 0.6124
INFO:root:Epoch: 0160 lr: 0.01 train_loss: 1.0737 train_roc: 0.9082 train_ap: 0.9046 time: 0.1492s
INFO:root:Epoch: 0160 val_loss: 2.6210 val_roc: 0.6009 val_ap: 0.6055
INFO:root:Epoch: 0165 lr: 0.01 train_loss: 0.7454 train_roc: 0.9304 train_ap: 0.9304 time: 0.1480s
INFO:root:Epoch: 0165 val_loss: 2.5863 val_roc: 0.6010 val_ap: 0.6061
INFO:root:Epoch: 0170 lr: 0.01 train_loss: 0.8472 train_roc: 0.9176 train_ap: 0.9214 time: 0.1645s
INFO:root:Epoch: 0170 val_loss: 2.5704 val_roc: 0.6017 val_ap: 0.6067
INFO:root:Epoch: 0175 lr: 0.01 train_loss: 0.8774 train_roc: 0.9205 train_ap: 0.9186 time: 0.1514s
INFO:root:Epoch: 0175 val_loss: 2.5275 val_roc: 0.6025 val_ap: 0.6070
INFO:root:Epoch: 0180 lr: 0.01 train_loss: 0.7828 train_roc: 0.9307 train_ap: 0.9254 time: 0.1494s
INFO:root:Epoch: 0180 val_loss: 2.6169 val_roc: 0.6068 val_ap: 0.6080
INFO:root:Epoch: 0185 lr: 0.01 train_loss: 0.8809 train_roc: 0.9150 train_ap: 0.9203 time: 0.1523s
INFO:root:Epoch: 0185 val_loss: 2.7016 val_roc: 0.6088 val_ap: 0.6104
INFO:root:Epoch: 0190 lr: 0.01 train_loss: 1.0666 train_roc: 0.9361 train_ap: 0.9314 time: 0.1533s
INFO:root:Epoch: 0190 val_loss: 2.7255 val_roc: 0.6109 val_ap: 0.6106
INFO:root:Epoch: 0195 lr: 0.01 train_loss: 0.8183 train_roc: 0.9391 train_ap: 0.9394 time: 0.1535s
INFO:root:Epoch: 0195 val_loss: 2.6860 val_roc: 0.6120 val_ap: 0.6100
INFO:root:Epoch: 0200 lr: 0.01 train_loss: 0.7615 train_roc: 0.9294 train_ap: 0.9311 time: 0.1494s
INFO:root:Epoch: 0200 val_loss: 2.6795 val_roc: 0.6131 val_ap: 0.6114
INFO:root:Epoch: 0205 lr: 0.01 train_loss: 0.8620 train_roc: 0.9281 train_ap: 0.9296 time: 0.1494s
INFO:root:Epoch: 0205 val_loss: 2.7170 val_roc: 0.6153 val_ap: 0.6145
INFO:root:Epoch: 0210 lr: 0.01 train_loss: 0.9832 train_roc: 0.8914 train_ap: 0.9033 time: 0.1506s
INFO:root:Epoch: 0210 val_loss: 2.6575 val_roc: 0.6160 val_ap: 0.6155
INFO:root:Epoch: 0215 lr: 0.01 train_loss: 0.8731 train_roc: 0.9211 train_ap: 0.9232 time: 0.1503s
INFO:root:Epoch: 0215 val_loss: 2.5274 val_roc: 0.6133 val_ap: 0.6146
INFO:root:Epoch: 0220 lr: 0.01 train_loss: 1.0098 train_roc: 0.9227 train_ap: 0.9238 time: 0.1486s
INFO:root:Epoch: 0220 val_loss: 2.4172 val_roc: 0.6121 val_ap: 0.6123
INFO:root:Epoch: 0225 lr: 0.01 train_loss: 0.8221 train_roc: 0.9104 train_ap: 0.9072 time: 0.1484s
INFO:root:Epoch: 0225 val_loss: 2.3628 val_roc: 0.6126 val_ap: 0.6128
INFO:root:Epoch: 0230 lr: 0.01 train_loss: 1.1409 train_roc: 0.9122 train_ap: 0.9098 time: 0.1482s
INFO:root:Epoch: 0230 val_loss: 2.3286 val_roc: 0.6098 val_ap: 0.6112
INFO:root:Epoch: 0235 lr: 0.01 train_loss: 0.8830 train_roc: 0.9226 train_ap: 0.9205 time: 0.1520s
INFO:root:Epoch: 0235 val_loss: 2.3148 val_roc: 0.6086 val_ap: 0.6108
INFO:root:Epoch: 0240 lr: 0.01 train_loss: 0.8807 train_roc: 0.9469 train_ap: 0.9485 time: 0.1476s
INFO:root:Epoch: 0240 val_loss: 2.2987 val_roc: 0.6077 val_ap: 0.6101
INFO:root:Epoch: 0245 lr: 0.01 train_loss: 0.7828 train_roc: 0.9281 train_ap: 0.9294 time: 0.1488s
INFO:root:Epoch: 0245 val_loss: 2.3601 val_roc: 0.6093 val_ap: 0.6122
INFO:root:Epoch: 0250 lr: 0.01 train_loss: 0.8480 train_roc: 0.9149 train_ap: 0.9197 time: 0.1493s
INFO:root:Epoch: 0250 val_loss: 2.4451 val_roc: 0.6124 val_ap: 0.6141
INFO:root:Epoch: 0255 lr: 0.01 train_loss: 0.7895 train_roc: 0.9381 train_ap: 0.9381 time: 0.1474s
INFO:root:Epoch: 0255 val_loss: 2.5517 val_roc: 0.6148 val_ap: 0.6153
INFO:root:Epoch: 0260 lr: 0.01 train_loss: 0.9771 train_roc: 0.8891 train_ap: 0.9003 time: 0.1504s
INFO:root:Epoch: 0260 val_loss: 2.6850 val_roc: 0.6181 val_ap: 0.6177
INFO:root:Epoch: 0265 lr: 0.01 train_loss: 0.8164 train_roc: 0.9293 train_ap: 0.9287 time: 0.1512s
INFO:root:Epoch: 0265 val_loss: 2.4404 val_roc: 0.6165 val_ap: 0.6119
INFO:root:Epoch: 0270 lr: 0.01 train_loss: 0.8739 train_roc: 0.9250 train_ap: 0.9228 time: 0.1577s
INFO:root:Epoch: 0270 val_loss: 2.2063 val_roc: 0.6151 val_ap: 0.6067
INFO:root:Epoch: 0275 lr: 0.01 train_loss: 0.7690 train_roc: 0.9365 train_ap: 0.9394 time: 0.1481s
INFO:root:Epoch: 0275 val_loss: 2.1252 val_roc: 0.6185 val_ap: 0.6077
INFO:root:Epoch: 0280 lr: 0.01 train_loss: 0.8217 train_roc: 0.9513 train_ap: 0.9472 time: 0.1463s
INFO:root:Epoch: 0280 val_loss: 2.1402 val_roc: 0.6209 val_ap: 0.6094
INFO:root:Epoch: 0285 lr: 0.01 train_loss: 0.8252 train_roc: 0.9486 train_ap: 0.9424 time: 0.1474s
INFO:root:Epoch: 0285 val_loss: 2.2351 val_roc: 0.6223 val_ap: 0.6116
INFO:root:Epoch: 0290 lr: 0.01 train_loss: 0.9987 train_roc: 0.9317 train_ap: 0.9377 time: 0.1517s
INFO:root:Epoch: 0290 val_loss: 2.3247 val_roc: 0.6224 val_ap: 0.6130
INFO:root:Epoch: 0295 lr: 0.01 train_loss: 1.2264 train_roc: 0.8851 train_ap: 0.8939 time: 0.1473s
INFO:root:Epoch: 0295 val_loss: 2.3665 val_roc: 0.6234 val_ap: 0.6150
INFO:root:Epoch: 0300 lr: 0.01 train_loss: 0.9512 train_roc: 0.8916 train_ap: 0.8933 time: 0.1517s
INFO:root:Epoch: 0300 val_loss: 2.3265 val_roc: 0.6229 val_ap: 0.6150
INFO:root:Epoch: 0305 lr: 0.01 train_loss: 0.8989 train_roc: 0.9260 train_ap: 0.9200 time: 0.1557s
INFO:root:Epoch: 0305 val_loss: 2.3320 val_roc: 0.6234 val_ap: 0.6151
INFO:root:Epoch: 0310 lr: 0.01 train_loss: 0.7364 train_roc: 0.9343 train_ap: 0.9305 time: 0.1526s
INFO:root:Epoch: 0310 val_loss: 2.4381 val_roc: 0.6242 val_ap: 0.6183
INFO:root:Epoch: 0315 lr: 0.01 train_loss: 0.7931 train_roc: 0.9259 train_ap: 0.9271 time: 0.1499s
INFO:root:Epoch: 0315 val_loss: 2.3909 val_roc: 0.6242 val_ap: 0.6202
INFO:root:Epoch: 0320 lr: 0.01 train_loss: 0.6643 train_roc: 0.9487 train_ap: 0.9511 time: 0.1496s
INFO:root:Epoch: 0320 val_loss: 2.3785 val_roc: 0.6248 val_ap: 0.6206
INFO:root:Epoch: 0325 lr: 0.01 train_loss: 0.7500 train_roc: 0.9452 train_ap: 0.9518 time: 0.1526s
INFO:root:Epoch: 0325 val_loss: 2.4194 val_roc: 0.6244 val_ap: 0.6225
INFO:root:Epoch: 0330 lr: 0.01 train_loss: 0.7193 train_roc: 0.9366 train_ap: 0.9378 time: 0.1472s
INFO:root:Epoch: 0330 val_loss: 2.2454 val_roc: 0.6203 val_ap: 0.6177
INFO:root:Epoch: 0335 lr: 0.01 train_loss: 0.8445 train_roc: 0.9228 train_ap: 0.9229 time: 0.1498s
INFO:root:Epoch: 0335 val_loss: 2.1083 val_roc: 0.6163 val_ap: 0.6154
INFO:root:Epoch: 0340 lr: 0.01 train_loss: 1.0166 train_roc: 0.9410 train_ap: 0.9425 time: 0.1522s
INFO:root:Epoch: 0340 val_loss: 2.0764 val_roc: 0.6142 val_ap: 0.6133
INFO:root:Epoch: 0345 lr: 0.01 train_loss: 0.9753 train_roc: 0.9347 train_ap: 0.9289 time: 0.1501s
INFO:root:Epoch: 0345 val_loss: 2.0873 val_roc: 0.6133 val_ap: 0.6140
INFO:root:Epoch: 0350 lr: 0.01 train_loss: 0.9343 train_roc: 0.9412 train_ap: 0.9429 time: 0.1490s
INFO:root:Epoch: 0350 val_loss: 2.2100 val_roc: 0.6137 val_ap: 0.6162
INFO:root:Epoch: 0355 lr: 0.01 train_loss: 0.7853 train_roc: 0.9291 train_ap: 0.9301 time: 0.1525s
INFO:root:Epoch: 0355 val_loss: 2.2535 val_roc: 0.6151 val_ap: 0.6163
INFO:root:Epoch: 0360 lr: 0.01 train_loss: 0.8634 train_roc: 0.9144 train_ap: 0.9190 time: 0.1475s
INFO:root:Epoch: 0360 val_loss: 2.3299 val_roc: 0.6168 val_ap: 0.6175
INFO:root:Epoch: 0365 lr: 0.01 train_loss: 0.8440 train_roc: 0.9415 train_ap: 0.9387 time: 0.1493s
INFO:root:Epoch: 0365 val_loss: 2.3671 val_roc: 0.6190 val_ap: 0.6182
INFO:root:Epoch: 0370 lr: 0.01 train_loss: 0.9739 train_roc: 0.9181 train_ap: 0.9170 time: 0.1489s
INFO:root:Epoch: 0370 val_loss: 2.4403 val_roc: 0.6204 val_ap: 0.6210
INFO:root:Epoch: 0375 lr: 0.01 train_loss: 0.7574 train_roc: 0.9326 train_ap: 0.9303 time: 0.1471s
INFO:root:Epoch: 0375 val_loss: 2.3479 val_roc: 0.6185 val_ap: 0.6173
INFO:root:Epoch: 0380 lr: 0.01 train_loss: 0.9848 train_roc: 0.8971 train_ap: 0.9061 time: 0.1495s
INFO:root:Epoch: 0380 val_loss: 2.3339 val_roc: 0.6185 val_ap: 0.6167
INFO:root:Epoch: 0385 lr: 0.01 train_loss: 1.0577 train_roc: 0.9050 train_ap: 0.9034 time: 0.1466s
INFO:root:Epoch: 0385 val_loss: 2.3288 val_roc: 0.6187 val_ap: 0.6175
INFO:root:Epoch: 0390 lr: 0.01 train_loss: 0.8672 train_roc: 0.9188 train_ap: 0.9210 time: 0.1481s
INFO:root:Epoch: 0390 val_loss: 2.4333 val_roc: 0.6173 val_ap: 0.6177
INFO:root:Epoch: 0395 lr: 0.01 train_loss: 0.7035 train_roc: 0.9504 train_ap: 0.9530 time: 0.1488s
INFO:root:Epoch: 0395 val_loss: 2.5045 val_roc: 0.6175 val_ap: 0.6183
INFO:root:Epoch: 0400 lr: 0.01 train_loss: 0.9365 train_roc: 0.9367 train_ap: 0.9425 time: 0.1511s
INFO:root:Epoch: 0400 val_loss: 2.4305 val_roc: 0.6159 val_ap: 0.6187
INFO:root:Epoch: 0405 lr: 0.01 train_loss: 0.9381 train_roc: 0.9263 train_ap: 0.9216 time: 0.1475s
INFO:root:Epoch: 0405 val_loss: 2.3993 val_roc: 0.6173 val_ap: 0.6195
INFO:root:Epoch: 0410 lr: 0.01 train_loss: 0.7460 train_roc: 0.9339 train_ap: 0.9316 time: 0.1456s
INFO:root:Epoch: 0410 val_loss: 2.5019 val_roc: 0.6214 val_ap: 0.6236
INFO:root:Epoch: 0415 lr: 0.01 train_loss: 0.8261 train_roc: 0.9437 train_ap: 0.9435 time: 0.1490s
INFO:root:Epoch: 0415 val_loss: 2.5277 val_roc: 0.6262 val_ap: 0.6276
INFO:root:Epoch: 0420 lr: 0.01 train_loss: 0.8173 train_roc: 0.9413 train_ap: 0.9399 time: 0.1513s
INFO:root:Epoch: 0420 val_loss: 2.2821 val_roc: 0.6246 val_ap: 0.6249
INFO:root:Epoch: 0425 lr: 0.01 train_loss: 0.7525 train_roc: 0.9390 train_ap: 0.9367 time: 0.1493s
INFO:root:Epoch: 0425 val_loss: 2.1341 val_roc: 0.6226 val_ap: 0.6239
INFO:root:Epoch: 0430 lr: 0.01 train_loss: 1.0256 train_roc: 0.9350 train_ap: 0.9334 time: 0.1467s
INFO:root:Epoch: 0430 val_loss: 2.1252 val_roc: 0.6181 val_ap: 0.6203
INFO:root:Epoch: 0435 lr: 0.01 train_loss: 0.7174 train_roc: 0.9435 train_ap: 0.9479 time: 0.1508s
INFO:root:Epoch: 0435 val_loss: 2.2265 val_roc: 0.6188 val_ap: 0.6195
INFO:root:Epoch: 0440 lr: 0.01 train_loss: 0.6978 train_roc: 0.9402 train_ap: 0.9409 time: 0.1507s
INFO:root:Epoch: 0440 val_loss: 2.3565 val_roc: 0.6227 val_ap: 0.6227
INFO:root:Epoch: 0445 lr: 0.01 train_loss: 0.7583 train_roc: 0.9294 train_ap: 0.9294 time: 0.1471s
INFO:root:Epoch: 0445 val_loss: 2.4267 val_roc: 0.6245 val_ap: 0.6248
INFO:root:Epoch: 0450 lr: 0.01 train_loss: 0.9499 train_roc: 0.9007 train_ap: 0.9095 time: 0.1501s
INFO:root:Epoch: 0450 val_loss: 2.5257 val_roc: 0.6257 val_ap: 0.6250
INFO:root:Epoch: 0455 lr: 0.01 train_loss: 1.1369 train_roc: 0.9330 train_ap: 0.9292 time: 0.1509s
INFO:root:Epoch: 0455 val_loss: 2.5626 val_roc: 0.6279 val_ap: 0.6266
INFO:root:Epoch: 0460 lr: 0.01 train_loss: 0.9187 train_roc: 0.9163 train_ap: 0.9211 time: 0.1491s
INFO:root:Epoch: 0460 val_loss: 2.6289 val_roc: 0.6301 val_ap: 0.6271
INFO:root:Epoch: 0465 lr: 0.01 train_loss: 1.1111 train_roc: 0.9159 train_ap: 0.9194 time: 0.1463s
INFO:root:Epoch: 0465 val_loss: 2.5533 val_roc: 0.6310 val_ap: 0.6291
INFO:root:Epoch: 0470 lr: 0.01 train_loss: 0.8615 train_roc: 0.9260 train_ap: 0.9317 time: 0.1476s
INFO:root:Epoch: 0470 val_loss: 2.2973 val_roc: 0.6321 val_ap: 0.6279
INFO:root:Epoch: 0475 lr: 0.01 train_loss: 0.7312 train_roc: 0.9457 train_ap: 0.9417 time: 0.1499s
INFO:root:Epoch: 0475 val_loss: 2.1583 val_roc: 0.6320 val_ap: 0.6276
INFO:root:Epoch: 0480 lr: 0.01 train_loss: 0.8172 train_roc: 0.9326 train_ap: 0.9289 time: 0.1499s
INFO:root:Epoch: 0480 val_loss: 2.1973 val_roc: 0.6338 val_ap: 0.6282
INFO:root:Epoch: 0485 lr: 0.01 train_loss: 0.8556 train_roc: 0.9116 train_ap: 0.9123 time: 0.1493s
INFO:root:Epoch: 0485 val_loss: 2.3969 val_roc: 0.6371 val_ap: 0.6340
INFO:root:Epoch: 0490 lr: 0.01 train_loss: 0.9370 train_roc: 0.9181 train_ap: 0.9163 time: 0.1451s
INFO:root:Epoch: 0490 val_loss: 2.4146 val_roc: 0.6371 val_ap: 0.6307
INFO:root:Epoch: 0495 lr: 0.01 train_loss: 0.7669 train_roc: 0.9414 train_ap: 0.9327 time: 0.1497s
INFO:root:Epoch: 0495 val_loss: 2.3352 val_roc: 0.6337 val_ap: 0.6251
INFO:root:Epoch: 0500 lr: 0.01 train_loss: 0.6715 train_roc: 0.9470 train_ap: 0.9496 time: 0.1496s
INFO:root:Epoch: 0500 val_loss: 2.4236 val_roc: 0.6339 val_ap: 0.6271
INFO:root:Epoch: 0505 lr: 0.01 train_loss: 0.7341 train_roc: 0.9365 train_ap: 0.9396 time: 0.1487s
INFO:root:Epoch: 0505 val_loss: 2.3656 val_roc: 0.6336 val_ap: 0.6264
INFO:root:Epoch: 0510 lr: 0.01 train_loss: 0.6819 train_roc: 0.9460 train_ap: 0.9509 time: 0.1493s
INFO:root:Epoch: 0510 val_loss: 2.1769 val_roc: 0.6337 val_ap: 0.6261
INFO:root:Epoch: 0515 lr: 0.01 train_loss: 0.9305 train_roc: 0.9100 train_ap: 0.9175 time: 0.1502s
INFO:root:Epoch: 0515 val_loss: 2.1059 val_roc: 0.6319 val_ap: 0.6255
INFO:root:Epoch: 0520 lr: 0.01 train_loss: 0.8636 train_roc: 0.9289 train_ap: 0.9229 time: 0.1583s
INFO:root:Epoch: 0520 val_loss: 2.0931 val_roc: 0.6312 val_ap: 0.6256
INFO:root:Epoch: 0525 lr: 0.01 train_loss: 0.9465 train_roc: 0.9403 train_ap: 0.9395 time: 0.1515s
INFO:root:Epoch: 0525 val_loss: 2.1981 val_roc: 0.6313 val_ap: 0.6247
INFO:root:Epoch: 0530 lr: 0.01 train_loss: 0.7151 train_roc: 0.9346 train_ap: 0.9285 time: 0.1504s
INFO:root:Epoch: 0530 val_loss: 2.4382 val_roc: 0.6296 val_ap: 0.6243
INFO:root:Epoch: 0535 lr: 0.01 train_loss: 1.0771 train_roc: 0.9308 train_ap: 0.9262 time: 0.1486s
INFO:root:Epoch: 0535 val_loss: 2.5295 val_roc: 0.6295 val_ap: 0.6250
INFO:root:Epoch: 0540 lr: 0.01 train_loss: 0.7489 train_roc: 0.9283 train_ap: 0.9280 time: 0.1483s
INFO:root:Epoch: 0540 val_loss: 2.5472 val_roc: 0.6294 val_ap: 0.6254
INFO:root:Epoch: 0545 lr: 0.01 train_loss: 0.8257 train_roc: 0.9374 train_ap: 0.9334 time: 0.1489s
INFO:root:Epoch: 0545 val_loss: 2.4965 val_roc: 0.6295 val_ap: 0.6256
INFO:root:Epoch: 0550 lr: 0.01 train_loss: 0.9728 train_roc: 0.9360 train_ap: 0.9370 time: 0.1470s
INFO:root:Epoch: 0550 val_loss: 2.5039 val_roc: 0.6269 val_ap: 0.6230
INFO:root:Epoch: 0555 lr: 0.01 train_loss: 0.7752 train_roc: 0.9356 train_ap: 0.9351 time: 0.1520s
INFO:root:Epoch: 0555 val_loss: 2.6295 val_roc: 0.6273 val_ap: 0.6239
INFO:root:Epoch: 0560 lr: 0.01 train_loss: 0.8355 train_roc: 0.9368 train_ap: 0.9335 time: 0.1496s
INFO:root:Epoch: 0560 val_loss: 2.7618 val_roc: 0.6276 val_ap: 0.6252
INFO:root:Epoch: 0565 lr: 0.01 train_loss: 0.6716 train_roc: 0.9451 train_ap: 0.9458 time: 0.1465s
INFO:root:Epoch: 0565 val_loss: 2.4315 val_roc: 0.6256 val_ap: 0.6223
INFO:root:Epoch: 0570 lr: 0.01 train_loss: 0.7043 train_roc: 0.9513 train_ap: 0.9548 time: 0.1481s
INFO:root:Epoch: 0570 val_loss: 2.2476 val_roc: 0.6239 val_ap: 0.6231
INFO:root:Epoch: 0575 lr: 0.01 train_loss: 0.7682 train_roc: 0.9323 train_ap: 0.9385 time: 0.1484s
INFO:root:Epoch: 0575 val_loss: 2.2333 val_roc: 0.6239 val_ap: 0.6248
INFO:root:Epoch: 0580 lr: 0.01 train_loss: 0.9672 train_roc: 0.9434 train_ap: 0.9472 time: 0.1506s
INFO:root:Epoch: 0580 val_loss: 2.1634 val_roc: 0.6223 val_ap: 0.6230
INFO:root:Epoch: 0585 lr: 0.01 train_loss: 0.6949 train_roc: 0.9413 train_ap: 0.9397 time: 0.1603s
INFO:root:Epoch: 0585 val_loss: 2.1302 val_roc: 0.6213 val_ap: 0.6198
INFO:root:Early stopping
INFO:root:Optimization Finished!
INFO:root:Total time elapsed: 142.8455s
INFO:root:Val set results: val_loss: 2.4501 val_roc: 0.6373 val_ap: 0.6338
INFO:root:Test set results: test_loss: 2.7426 test_roc: 0.5673 test_ap: 0.5844
