INFO:root:Using: cpu
INFO:root:Using seed 1234.
INFO:root:Num classes: 4
INFO:root:NCModel(
  (encoder): HypGCN(
    (layers): Sequential(
      (0): HyperbolicGraphConvolution(
        (linear): HypLinear(in_features=11, out_features=16, c=tensor([1.]))
        (agg): HypAgg(c=tensor([1.]), use_att=0)
        (hyp_act): HypAct(c_in=tensor([1.]), c_out=tensor([1.]))
      )
    )
  )
  (decoder): LinearDecoder(
    in_features=16, out_features=4, bias=0, c=tensor([1.])
    (cls): Linear(
      (linear): Linear(in_features=16, out_features=4, bias=False)
    )
  )
)
INFO:root:Total number of parameters: 256
INFO:root:Epoch: 0005 lr: 0.01 train_loss: 1.4007 train_acc: 0.2292 train_f1: 0.2292 time: 0.1113s
INFO:root:Epoch: 0005 val_loss: 1.3875 val_acc: 0.2538 val_f1: 0.2538
INFO:root:Epoch: 0010 lr: 0.01 train_loss: 1.3597 train_acc: 0.2934 train_f1: 0.2934 time: 0.1138s
INFO:root:Epoch: 0010 val_loss: 1.3658 val_acc: 0.2882 val_f1: 0.2882
INFO:root:Epoch: 0015 lr: 0.01 train_loss: 1.3584 train_acc: 0.2830 train_f1: 0.2830 time: 0.1159s
INFO:root:Epoch: 0015 val_loss: 1.3528 val_acc: 0.2615 val_f1: 0.2615
INFO:root:Epoch: 0020 lr: 0.01 train_loss: 1.3509 train_acc: 0.3029 train_f1: 0.3029 time: 0.1129s
INFO:root:Epoch: 0020 val_loss: 1.3403 val_acc: 0.2710 val_f1: 0.2710
INFO:root:Epoch: 0025 lr: 0.01 train_loss: 1.3263 train_acc: 0.3202 train_f1: 0.3202 time: 0.1121s
INFO:root:Epoch: 0025 val_loss: 1.3286 val_acc: 0.2786 val_f1: 0.2786
INFO:root:Epoch: 0030 lr: 0.01 train_loss: 1.3252 train_acc: 0.3757 train_f1: 0.3757 time: 0.1122s
INFO:root:Epoch: 0030 val_loss: 1.3174 val_acc: 0.2767 val_f1: 0.2767
INFO:root:Epoch: 0035 lr: 0.01 train_loss: 1.3327 train_acc: 0.3210 train_f1: 0.3210 time: 0.1121s
INFO:root:Epoch: 0035 val_loss: 1.3058 val_acc: 0.3416 val_f1: 0.3416
INFO:root:Epoch: 0040 lr: 0.01 train_loss: 1.3058 train_acc: 0.3665 train_f1: 0.3665 time: 0.1124s
INFO:root:Epoch: 0040 val_loss: 1.2950 val_acc: 0.3950 val_f1: 0.3950
INFO:root:Epoch: 0045 lr: 0.01 train_loss: 1.3051 train_acc: 0.3371 train_f1: 0.3371 time: 0.1109s
INFO:root:Epoch: 0045 val_loss: 1.2855 val_acc: 0.3989 val_f1: 0.3989
INFO:root:Epoch: 0050 lr: 0.01 train_loss: 1.3256 train_acc: 0.3534 train_f1: 0.3534 time: 0.1119s
INFO:root:Epoch: 0050 val_loss: 1.2791 val_acc: 0.3989 val_f1: 0.3989
INFO:root:Epoch: 0055 lr: 0.01 train_loss: 1.2894 train_acc: 0.3778 train_f1: 0.3778 time: 0.1120s
INFO:root:Epoch: 0055 val_loss: 1.2741 val_acc: 0.4027 val_f1: 0.4027
INFO:root:Epoch: 0060 lr: 0.01 train_loss: 1.2925 train_acc: 0.3430 train_f1: 0.3430 time: 0.1103s
INFO:root:Epoch: 0060 val_loss: 1.2695 val_acc: 0.4084 val_f1: 0.4084
INFO:root:Epoch: 0065 lr: 0.01 train_loss: 1.2734 train_acc: 0.3903 train_f1: 0.3903 time: 0.1103s
INFO:root:Epoch: 0065 val_loss: 1.2646 val_acc: 0.4084 val_f1: 0.4084
INFO:root:Epoch: 0070 lr: 0.01 train_loss: 1.2734 train_acc: 0.3861 train_f1: 0.3861 time: 0.1127s
INFO:root:Epoch: 0070 val_loss: 1.2631 val_acc: 0.4237 val_f1: 0.4237
INFO:root:Epoch: 0075 lr: 0.01 train_loss: 1.2965 train_acc: 0.3514 train_f1: 0.3514 time: 0.1129s
INFO:root:Epoch: 0075 val_loss: 1.2620 val_acc: 0.4408 val_f1: 0.4408
INFO:root:Epoch: 0080 lr: 0.01 train_loss: 1.2766 train_acc: 0.4087 train_f1: 0.4087 time: 0.1120s
INFO:root:Epoch: 0080 val_loss: 1.2611 val_acc: 0.4733 val_f1: 0.4733
INFO:root:Epoch: 0085 lr: 0.01 train_loss: 1.2992 train_acc: 0.3633 train_f1: 0.3633 time: 0.1110s
INFO:root:Epoch: 0085 val_loss: 1.2577 val_acc: 0.4866 val_f1: 0.4866
INFO:root:Epoch: 0090 lr: 0.01 train_loss: 1.2832 train_acc: 0.3585 train_f1: 0.3585 time: 0.1101s
INFO:root:Epoch: 0090 val_loss: 1.2531 val_acc: 0.4905 val_f1: 0.4905
INFO:root:Epoch: 0095 lr: 0.01 train_loss: 1.2795 train_acc: 0.3740 train_f1: 0.3740 time: 0.1106s
INFO:root:Epoch: 0095 val_loss: 1.2450 val_acc: 0.4981 val_f1: 0.4981
INFO:root:Epoch: 0100 lr: 0.01 train_loss: 1.2512 train_acc: 0.4093 train_f1: 0.4093 time: 0.1110s
INFO:root:Epoch: 0100 val_loss: 1.2374 val_acc: 0.4981 val_f1: 0.4981
INFO:root:Epoch: 0105 lr: 0.01 train_loss: 1.2595 train_acc: 0.3986 train_f1: 0.3986 time: 0.1132s
INFO:root:Epoch: 0105 val_loss: 1.2288 val_acc: 0.4866 val_f1: 0.4866
INFO:root:Epoch: 0110 lr: 0.01 train_loss: 1.2544 train_acc: 0.4411 train_f1: 0.4411 time: 0.1126s
INFO:root:Epoch: 0110 val_loss: 1.2176 val_acc: 0.4790 val_f1: 0.4790
INFO:root:Epoch: 0115 lr: 0.01 train_loss: 1.2622 train_acc: 0.3995 train_f1: 0.3995 time: 0.1114s
INFO:root:Epoch: 0115 val_loss: 1.2044 val_acc: 0.4866 val_f1: 0.4866
INFO:root:Epoch: 0120 lr: 0.01 train_loss: 1.2616 train_acc: 0.3998 train_f1: 0.3998 time: 0.1135s
INFO:root:Epoch: 0120 val_loss: 1.1901 val_acc: 0.5000 val_f1: 0.5000
INFO:root:Epoch: 0125 lr: 0.01 train_loss: 1.2305 train_acc: 0.3903 train_f1: 0.3903 time: 0.1127s
INFO:root:Epoch: 0125 val_loss: 1.1759 val_acc: 0.4885 val_f1: 0.4885
INFO:root:Epoch: 0130 lr: 0.01 train_loss: 1.2450 train_acc: 0.4019 train_f1: 0.4019 time: 0.1168s
INFO:root:Epoch: 0130 val_loss: 1.1609 val_acc: 0.4905 val_f1: 0.4905
INFO:root:Epoch: 0135 lr: 0.01 train_loss: 1.2363 train_acc: 0.3966 train_f1: 0.3966 time: 0.1138s
INFO:root:Epoch: 0135 val_loss: 1.1473 val_acc: 0.4905 val_f1: 0.4905
INFO:root:Epoch: 0140 lr: 0.01 train_loss: 1.2132 train_acc: 0.3909 train_f1: 0.3909 time: 0.1113s
INFO:root:Epoch: 0140 val_loss: 1.1366 val_acc: 0.4885 val_f1: 0.4885
INFO:root:Epoch: 0145 lr: 0.01 train_loss: 1.2434 train_acc: 0.3966 train_f1: 0.3966 time: 0.1100s
INFO:root:Epoch: 0145 val_loss: 1.1302 val_acc: 0.4847 val_f1: 0.4847
INFO:root:Epoch: 0150 lr: 0.01 train_loss: 1.2327 train_acc: 0.3960 train_f1: 0.3960 time: 0.1114s
INFO:root:Epoch: 0150 val_loss: 1.1317 val_acc: 0.4866 val_f1: 0.4866
INFO:root:Epoch: 0155 lr: 0.01 train_loss: 1.2258 train_acc: 0.3835 train_f1: 0.3835 time: 0.1147s
INFO:root:Epoch: 0155 val_loss: 1.1308 val_acc: 0.4733 val_f1: 0.4733
INFO:root:Epoch: 0160 lr: 0.01 train_loss: 1.2456 train_acc: 0.3811 train_f1: 0.3811 time: 0.1107s
INFO:root:Epoch: 0160 val_loss: 1.1323 val_acc: 0.4637 val_f1: 0.4637
INFO:root:Epoch: 0165 lr: 0.01 train_loss: 1.2580 train_acc: 0.4084 train_f1: 0.4084 time: 0.1149s
INFO:root:Epoch: 0165 val_loss: 1.1331 val_acc: 0.4599 val_f1: 0.4599
INFO:root:Epoch: 0170 lr: 0.01 train_loss: 1.2488 train_acc: 0.3808 train_f1: 0.3808 time: 0.1125s
INFO:root:Epoch: 0170 val_loss: 1.1311 val_acc: 0.4637 val_f1: 0.4637
INFO:root:Epoch: 0175 lr: 0.01 train_loss: 1.2111 train_acc: 0.3995 train_f1: 0.3995 time: 0.1115s
INFO:root:Epoch: 0175 val_loss: 1.1299 val_acc: 0.4733 val_f1: 0.4733
INFO:root:Epoch: 0180 lr: 0.01 train_loss: 1.2141 train_acc: 0.3820 train_f1: 0.3820 time: 0.1120s
INFO:root:Epoch: 0180 val_loss: 1.1277 val_acc: 0.4733 val_f1: 0.4733
INFO:root:Epoch: 0185 lr: 0.01 train_loss: 1.1918 train_acc: 0.3933 train_f1: 0.3933 time: 0.1127s
INFO:root:Epoch: 0185 val_loss: 1.1323 val_acc: 0.4656 val_f1: 0.4656
INFO:root:Epoch: 0190 lr: 0.01 train_loss: 1.2101 train_acc: 0.4028 train_f1: 0.4028 time: 0.1191s
INFO:root:Epoch: 0190 val_loss: 1.1345 val_acc: 0.4656 val_f1: 0.4656
INFO:root:Epoch: 0195 lr: 0.01 train_loss: 1.2501 train_acc: 0.3894 train_f1: 0.3894 time: 0.1124s
INFO:root:Epoch: 0195 val_loss: 1.1290 val_acc: 0.4656 val_f1: 0.4656
INFO:root:Epoch: 0200 lr: 0.01 train_loss: 1.2044 train_acc: 0.3835 train_f1: 0.3835 time: 0.1134s
INFO:root:Epoch: 0200 val_loss: 1.1193 val_acc: 0.4752 val_f1: 0.4752
INFO:root:Epoch: 0205 lr: 0.01 train_loss: 1.3084 train_acc: 0.2919 train_f1: 0.2919 time: 0.1121s
INFO:root:Epoch: 0205 val_loss: 1.1216 val_acc: 0.4752 val_f1: 0.4752
INFO:root:Epoch: 0210 lr: 0.01 train_loss: 1.2089 train_acc: 0.3787 train_f1: 0.3787 time: 0.1122s
INFO:root:Epoch: 0210 val_loss: 1.1280 val_acc: 0.4790 val_f1: 0.4790
INFO:root:Epoch: 0215 lr: 0.01 train_loss: 1.1992 train_acc: 0.3790 train_f1: 0.3790 time: 0.1117s
INFO:root:Epoch: 0215 val_loss: 1.1333 val_acc: 0.4714 val_f1: 0.4714
INFO:root:Epoch: 0220 lr: 0.01 train_loss: 1.2524 train_acc: 0.3977 train_f1: 0.3977 time: 0.1113s
INFO:root:Epoch: 0220 val_loss: 1.1419 val_acc: 0.4656 val_f1: 0.4656
INFO:root:Early stopping
INFO:root:Optimization Finished!
INFO:root:Total time elapsed: 41.5785s
INFO:root:Val set results: val_loss: 1.1847 val_acc: 0.5057 val_f1: 0.5057
INFO:root:Test set results: test_loss: 1.2065 test_acc: 0.5172 test_f1: 0.5172
