INFO:root:Using: cpu
INFO:root:Using seed 1234.
INFO:root:Num classes: 4
INFO:root:NCModel(
  (encoder): HypGCN(
    (layers): Sequential(
      (0): HyperbolicGraphConvolution(
        (linear): HypLinear(in_features=11, out_features=4, c=tensor([1.]))
        (agg): HypAgg(c=tensor([1.]), use_att=0)
        (hyp_act): HypAct(c_in=tensor([1.]), c_out=tensor([1.]))
      )
    )
  )
  (decoder): LinearDecoder(
    in_features=4, out_features=4, bias=0, c=tensor([1.])
    (cls): Linear(
      (linear): Linear(in_features=4, out_features=4, bias=False)
    )
  )
)
INFO:root:Total number of parameters: 64
INFO:root:Epoch: 0005 lr: 0.01 train_loss: 1.3684 train_acc: 0.1680 train_f1: 0.1680 time: 0.1504s
INFO:root:Epoch: 0005 val_loss: 1.3740 val_acc: 0.3111 val_f1: 0.3111
INFO:root:Epoch: 0010 lr: 0.01 train_loss: 1.3575 train_acc: 0.3303 train_f1: 0.3303 time: 0.1418s
INFO:root:Epoch: 0010 val_loss: 1.3709 val_acc: 0.3168 val_f1: 0.3168
INFO:root:Epoch: 0015 lr: 0.01 train_loss: 1.3687 train_acc: 0.2414 train_f1: 0.2414 time: 0.1377s
INFO:root:Epoch: 0015 val_loss: 1.3675 val_acc: 0.3168 val_f1: 0.3168
INFO:root:Epoch: 0020 lr: 0.01 train_loss: 1.3633 train_acc: 0.2616 train_f1: 0.2616 time: 0.1597s
INFO:root:Epoch: 0020 val_loss: 1.3639 val_acc: 0.3378 val_f1: 0.3378
INFO:root:Epoch: 0025 lr: 0.01 train_loss: 1.3288 train_acc: 0.3362 train_f1: 0.3362 time: 0.1517s
INFO:root:Epoch: 0025 val_loss: 1.3596 val_acc: 0.3302 val_f1: 0.3302
INFO:root:Epoch: 0030 lr: 0.01 train_loss: 1.3751 train_acc: 0.2111 train_f1: 0.2111 time: 0.1579s
INFO:root:Epoch: 0030 val_loss: 1.3534 val_acc: 0.3531 val_f1: 0.3531
INFO:root:Epoch: 0035 lr: 0.01 train_loss: 1.3539 train_acc: 0.2666 train_f1: 0.2666 time: 0.1531s
INFO:root:Epoch: 0035 val_loss: 1.3472 val_acc: 0.3378 val_f1: 0.3378
INFO:root:Epoch: 0040 lr: 0.01 train_loss: 1.3236 train_acc: 0.3817 train_f1: 0.3817 time: 0.1547s
INFO:root:Epoch: 0040 val_loss: 1.3400 val_acc: 0.4046 val_f1: 0.4046
INFO:root:Epoch: 0045 lr: 0.01 train_loss: 1.3698 train_acc: 0.1671 train_f1: 0.1671 time: 0.1464s
INFO:root:Epoch: 0045 val_loss: 1.3331 val_acc: 0.4237 val_f1: 0.4237
INFO:root:Epoch: 0050 lr: 0.01 train_loss: 1.3181 train_acc: 0.3695 train_f1: 0.3695 time: 0.1530s
INFO:root:Epoch: 0050 val_loss: 1.3252 val_acc: 0.4122 val_f1: 0.4122
INFO:root:Epoch: 0055 lr: 0.01 train_loss: 1.3301 train_acc: 0.3264 train_f1: 0.3264 time: 0.1533s
INFO:root:Epoch: 0055 val_loss: 1.3157 val_acc: 0.4256 val_f1: 0.4256
INFO:root:Epoch: 0060 lr: 0.01 train_loss: 1.3464 train_acc: 0.2675 train_f1: 0.2675 time: 0.1509s
INFO:root:Epoch: 0060 val_loss: 1.3050 val_acc: 0.4256 val_f1: 0.4256
INFO:root:Epoch: 0065 lr: 0.01 train_loss: 1.2993 train_acc: 0.3740 train_f1: 0.3740 time: 0.1501s
INFO:root:Epoch: 0065 val_loss: 1.2940 val_acc: 0.4294 val_f1: 0.4294
INFO:root:Epoch: 0070 lr: 0.01 train_loss: 1.3502 train_acc: 0.2185 train_f1: 0.2185 time: 0.1505s
INFO:root:Epoch: 0070 val_loss: 1.2826 val_acc: 0.4752 val_f1: 0.4752
INFO:root:Epoch: 0075 lr: 0.01 train_loss: 1.3604 train_acc: 0.3710 train_f1: 0.3710 time: 0.1555s
INFO:root:Epoch: 0075 val_loss: 1.2726 val_acc: 0.4809 val_f1: 0.4809
INFO:root:Epoch: 0080 lr: 0.01 train_loss: 1.3337 train_acc: 0.3915 train_f1: 0.3915 time: 0.1486s
INFO:root:Epoch: 0080 val_loss: 1.2626 val_acc: 0.4866 val_f1: 0.4866
INFO:root:Epoch: 0085 lr: 0.01 train_loss: 1.2147 train_acc: 0.3832 train_f1: 0.3832 time: 0.1464s
INFO:root:Epoch: 0085 val_loss: 1.2496 val_acc: 0.4847 val_f1: 0.4847
INFO:root:Epoch: 0090 lr: 0.01 train_loss: 1.3532 train_acc: 0.2108 train_f1: 0.2108 time: 0.1472s
INFO:root:Epoch: 0090 val_loss: 1.2404 val_acc: 0.4866 val_f1: 0.4866
INFO:root:Epoch: 0095 lr: 0.01 train_loss: 1.2098 train_acc: 0.3659 train_f1: 0.3659 time: 0.1550s
INFO:root:Epoch: 0095 val_loss: 1.2351 val_acc: 0.4828 val_f1: 0.4828
INFO:root:Epoch: 0100 lr: 0.01 train_loss: 1.2789 train_acc: 0.3751 train_f1: 0.3751 time: 0.1458s
INFO:root:Epoch: 0100 val_loss: 1.2312 val_acc: 0.4847 val_f1: 0.4847
INFO:root:Epoch: 0105 lr: 0.01 train_loss: 1.2707 train_acc: 0.3751 train_f1: 0.3751 time: 0.1468s
INFO:root:Epoch: 0105 val_loss: 1.2220 val_acc: 0.4885 val_f1: 0.4885
INFO:root:Epoch: 0110 lr: 0.01 train_loss: 1.2680 train_acc: 0.3665 train_f1: 0.3665 time: 0.1513s
INFO:root:Epoch: 0110 val_loss: 1.2113 val_acc: 0.4905 val_f1: 0.4905
INFO:root:Epoch: 0115 lr: 0.01 train_loss: 1.2958 train_acc: 0.3317 train_f1: 0.3317 time: 0.1571s
INFO:root:Epoch: 0115 val_loss: 1.2003 val_acc: 0.4905 val_f1: 0.4905
INFO:root:Epoch: 0120 lr: 0.01 train_loss: 1.3380 train_acc: 0.2946 train_f1: 0.2946 time: 0.1472s
INFO:root:Epoch: 0120 val_loss: 1.1891 val_acc: 0.4924 val_f1: 0.4924
INFO:root:Epoch: 0125 lr: 0.01 train_loss: 1.2531 train_acc: 0.3766 train_f1: 0.3766 time: 0.1531s
INFO:root:Epoch: 0125 val_loss: 1.1804 val_acc: 0.4905 val_f1: 0.4905
INFO:root:Epoch: 0130 lr: 0.01 train_loss: 1.3734 train_acc: 0.1578 train_f1: 0.1578 time: 0.1474s
INFO:root:Epoch: 0130 val_loss: 1.1732 val_acc: 0.4905 val_f1: 0.4905
INFO:root:Epoch: 0135 lr: 0.01 train_loss: 1.3515 train_acc: 0.2125 train_f1: 0.2125 time: 0.1559s
INFO:root:Epoch: 0135 val_loss: 1.1699 val_acc: 0.4885 val_f1: 0.4885
INFO:root:Epoch: 0140 lr: 0.01 train_loss: 1.2328 train_acc: 0.3832 train_f1: 0.3832 time: 0.1455s
INFO:root:Epoch: 0140 val_loss: 1.1695 val_acc: 0.4866 val_f1: 0.4866
INFO:root:Epoch: 0145 lr: 0.01 train_loss: 1.2246 train_acc: 0.4034 train_f1: 0.4034 time: 0.1625s
INFO:root:Epoch: 0145 val_loss: 1.1708 val_acc: 0.4866 val_f1: 0.4866
INFO:root:Epoch: 0150 lr: 0.01 train_loss: 1.2102 train_acc: 0.3915 train_f1: 0.3915 time: 0.1524s
INFO:root:Epoch: 0150 val_loss: 1.1666 val_acc: 0.4885 val_f1: 0.4885
INFO:root:Epoch: 0155 lr: 0.01 train_loss: 1.1739 train_acc: 0.4221 train_f1: 0.4221 time: 0.1521s
INFO:root:Epoch: 0155 val_loss: 1.1620 val_acc: 0.4866 val_f1: 0.4866
INFO:root:Epoch: 0160 lr: 0.01 train_loss: 1.2281 train_acc: 0.3906 train_f1: 0.3906 time: 0.1569s
INFO:root:Epoch: 0160 val_loss: 1.1583 val_acc: 0.4885 val_f1: 0.4885
INFO:root:Epoch: 0165 lr: 0.01 train_loss: 1.2788 train_acc: 0.3698 train_f1: 0.3698 time: 0.1569s
INFO:root:Epoch: 0165 val_loss: 1.1599 val_acc: 0.4752 val_f1: 0.4752
INFO:root:Epoch: 0170 lr: 0.01 train_loss: 1.2322 train_acc: 0.3725 train_f1: 0.3725 time: 0.1606s
INFO:root:Epoch: 0170 val_loss: 1.1604 val_acc: 0.4828 val_f1: 0.4828
INFO:root:Epoch: 0175 lr: 0.01 train_loss: 1.1936 train_acc: 0.3876 train_f1: 0.3876 time: 0.1570s
INFO:root:Epoch: 0175 val_loss: 1.1593 val_acc: 0.4885 val_f1: 0.4885
INFO:root:Epoch: 0180 lr: 0.01 train_loss: 1.2249 train_acc: 0.3775 train_f1: 0.3775 time: 0.1508s
INFO:root:Epoch: 0180 val_loss: 1.1540 val_acc: 0.4790 val_f1: 0.4790
INFO:root:Epoch: 0185 lr: 0.01 train_loss: 1.1850 train_acc: 0.4040 train_f1: 0.4040 time: 0.1557s
INFO:root:Epoch: 0185 val_loss: 1.1546 val_acc: 0.4847 val_f1: 0.4847
INFO:root:Epoch: 0190 lr: 0.01 train_loss: 1.1843 train_acc: 0.4239 train_f1: 0.4239 time: 0.1642s
INFO:root:Epoch: 0190 val_loss: 1.1589 val_acc: 0.4676 val_f1: 0.4676
INFO:root:Epoch: 0195 lr: 0.01 train_loss: 1.2040 train_acc: 0.3686 train_f1: 0.3686 time: 0.1481s
INFO:root:Epoch: 0195 val_loss: 1.1600 val_acc: 0.4656 val_f1: 0.4656
INFO:root:Epoch: 0200 lr: 0.01 train_loss: 1.2333 train_acc: 0.3963 train_f1: 0.3963 time: 0.1597s
INFO:root:Epoch: 0200 val_loss: 1.1568 val_acc: 0.4656 val_f1: 0.4656
INFO:root:Epoch: 0205 lr: 0.01 train_loss: 1.2440 train_acc: 0.3781 train_f1: 0.3781 time: 0.1568s
INFO:root:Epoch: 0205 val_loss: 1.1496 val_acc: 0.4847 val_f1: 0.4847
INFO:root:Early stopping
INFO:root:Optimization Finished!
INFO:root:Total time elapsed: 56.3404s
INFO:root:Val set results: val_loss: 1.2195 val_acc: 0.4924 val_f1: 0.4924
INFO:root:Test set results: test_loss: 1.2198 test_acc: 0.4733 test_f1: 0.4733
