INFO:root:Using: cpu
INFO:root:Using seed 1234.
INFO:root:Num classes: 4
INFO:root:NCModel(
  (encoder): HypGCN(
    (layers): Sequential(
      (0): HyperbolicGraphConvolution(
        (linear): HypLinear(in_features=11, out_features=8, c=tensor([1.]))
        (agg): HypAgg(c=tensor([1.]), use_att=0)
        (hyp_act): HypAct(c_in=tensor([1.]), c_out=tensor([1.]))
      )
    )
  )
  (decoder): LinearDecoder(
    in_features=8, out_features=4, bias=0, c=tensor([1.])
    (cls): Linear(
      (linear): Linear(in_features=8, out_features=4, bias=False)
    )
  )
)
INFO:root:Total number of parameters: 128
INFO:root:Epoch: 0005 lr: 0.01 train_loss: 1.3992 train_acc: 0.1546 train_f1: 0.1546 time: 0.1348s
INFO:root:Epoch: 0005 val_loss: 1.4225 val_acc: 0.1355 val_f1: 0.1355
INFO:root:Epoch: 0010 lr: 0.01 train_loss: 1.3777 train_acc: 0.2313 train_f1: 0.2313 time: 0.1331s
INFO:root:Epoch: 0010 val_loss: 1.4086 val_acc: 0.0611 val_f1: 0.0611
INFO:root:Epoch: 0015 lr: 0.01 train_loss: 1.4031 train_acc: 0.2256 train_f1: 0.2256 time: 0.1302s
INFO:root:Epoch: 0015 val_loss: 1.3944 val_acc: 0.1011 val_f1: 0.1011
INFO:root:Epoch: 0020 lr: 0.01 train_loss: 1.3853 train_acc: 0.2402 train_f1: 0.2402 time: 0.1342s
INFO:root:Epoch: 0020 val_loss: 1.3794 val_acc: 0.2023 val_f1: 0.2023
INFO:root:Epoch: 0025 lr: 0.01 train_loss: 1.3745 train_acc: 0.2655 train_f1: 0.2655 time: 0.1329s
INFO:root:Epoch: 0025 val_loss: 1.3664 val_acc: 0.2443 val_f1: 0.2443
INFO:root:Epoch: 0030 lr: 0.01 train_loss: 1.3575 train_acc: 0.2634 train_f1: 0.2634 time: 0.1312s
INFO:root:Epoch: 0030 val_loss: 1.3517 val_acc: 0.2996 val_f1: 0.2996
INFO:root:Epoch: 0035 lr: 0.01 train_loss: 1.2932 train_acc: 0.3707 train_f1: 0.3707 time: 0.1327s
INFO:root:Epoch: 0035 val_loss: 1.3359 val_acc: 0.4103 val_f1: 0.4103
INFO:root:Epoch: 0040 lr: 0.01 train_loss: 1.3286 train_acc: 0.3309 train_f1: 0.3309 time: 0.1302s
INFO:root:Epoch: 0040 val_loss: 1.3188 val_acc: 0.4618 val_f1: 0.4618
INFO:root:Epoch: 0045 lr: 0.01 train_loss: 1.3230 train_acc: 0.3386 train_f1: 0.3386 time: 0.1308s
INFO:root:Epoch: 0045 val_loss: 1.2972 val_acc: 0.4847 val_f1: 0.4847
INFO:root:Epoch: 0050 lr: 0.01 train_loss: 1.2657 train_acc: 0.3870 train_f1: 0.3870 time: 0.1360s
INFO:root:Epoch: 0050 val_loss: 1.2735 val_acc: 0.4847 val_f1: 0.4847
INFO:root:Epoch: 0055 lr: 0.01 train_loss: 1.2236 train_acc: 0.3841 train_f1: 0.3841 time: 0.1319s
INFO:root:Epoch: 0055 val_loss: 1.2490 val_acc: 0.4847 val_f1: 0.4847
INFO:root:Epoch: 0060 lr: 0.01 train_loss: 1.2652 train_acc: 0.3918 train_f1: 0.3918 time: 0.1322s
INFO:root:Epoch: 0060 val_loss: 1.2325 val_acc: 0.4866 val_f1: 0.4866
INFO:root:Epoch: 0065 lr: 0.01 train_loss: 1.2183 train_acc: 0.3722 train_f1: 0.3722 time: 0.1326s
INFO:root:Epoch: 0065 val_loss: 1.2192 val_acc: 0.4866 val_f1: 0.4866
INFO:root:Epoch: 0070 lr: 0.01 train_loss: 1.2401 train_acc: 0.3757 train_f1: 0.3757 time: 0.1327s
INFO:root:Epoch: 0070 val_loss: 1.2031 val_acc: 0.4866 val_f1: 0.4866
INFO:root:Epoch: 0075 lr: 0.01 train_loss: 1.2450 train_acc: 0.3766 train_f1: 0.3766 time: 0.1306s
INFO:root:Epoch: 0075 val_loss: 1.1938 val_acc: 0.4981 val_f1: 0.4981
INFO:root:Epoch: 0080 lr: 0.01 train_loss: 1.2488 train_acc: 0.3609 train_f1: 0.3609 time: 0.1336s
INFO:root:Epoch: 0080 val_loss: 1.1841 val_acc: 0.4866 val_f1: 0.4866
INFO:root:Epoch: 0085 lr: 0.01 train_loss: 1.3135 train_acc: 0.3802 train_f1: 0.3802 time: 0.1340s
INFO:root:Epoch: 0085 val_loss: 1.1683 val_acc: 0.4866 val_f1: 0.4866
INFO:root:Epoch: 0090 lr: 0.01 train_loss: 1.2295 train_acc: 0.3722 train_f1: 0.3722 time: 0.1326s
INFO:root:Epoch: 0090 val_loss: 1.1498 val_acc: 0.4828 val_f1: 0.4828
INFO:root:Epoch: 0095 lr: 0.01 train_loss: 1.2703 train_acc: 0.3909 train_f1: 0.3909 time: 0.1324s
INFO:root:Epoch: 0095 val_loss: 1.1339 val_acc: 0.4790 val_f1: 0.4790
INFO:root:Epoch: 0100 lr: 0.01 train_loss: 1.2183 train_acc: 0.3701 train_f1: 0.3701 time: 0.1291s
INFO:root:Epoch: 0100 val_loss: 1.1238 val_acc: 0.4714 val_f1: 0.4714
INFO:root:Epoch: 0105 lr: 0.01 train_loss: 1.2075 train_acc: 0.3850 train_f1: 0.3850 time: 0.1295s
INFO:root:Epoch: 0105 val_loss: 1.1225 val_acc: 0.4733 val_f1: 0.4733
INFO:root:Epoch: 0110 lr: 0.01 train_loss: 1.2093 train_acc: 0.3829 train_f1: 0.3829 time: 0.1285s
INFO:root:Epoch: 0110 val_loss: 1.1252 val_acc: 0.4733 val_f1: 0.4733
INFO:root:Epoch: 0115 lr: 0.01 train_loss: 1.1817 train_acc: 0.3915 train_f1: 0.3915 time: 0.1284s
INFO:root:Epoch: 0115 val_loss: 1.1302 val_acc: 0.4676 val_f1: 0.4676
INFO:root:Epoch: 0120 lr: 0.01 train_loss: 1.1907 train_acc: 0.4064 train_f1: 0.4064 time: 0.1291s
INFO:root:Epoch: 0120 val_loss: 1.1276 val_acc: 0.4637 val_f1: 0.4637
INFO:root:Epoch: 0125 lr: 0.01 train_loss: 1.1481 train_acc: 0.4168 train_f1: 0.4168 time: 0.1381s
INFO:root:Epoch: 0125 val_loss: 1.1222 val_acc: 0.4656 val_f1: 0.4656
INFO:root:Epoch: 0130 lr: 0.01 train_loss: 1.1900 train_acc: 0.4117 train_f1: 0.4117 time: 0.1282s
INFO:root:Epoch: 0130 val_loss: 1.1191 val_acc: 0.4676 val_f1: 0.4676
INFO:root:Epoch: 0135 lr: 0.01 train_loss: 1.2157 train_acc: 0.3817 train_f1: 0.3817 time: 0.1293s
INFO:root:Epoch: 0135 val_loss: 1.1125 val_acc: 0.4656 val_f1: 0.4656
INFO:root:Epoch: 0140 lr: 0.01 train_loss: 1.1954 train_acc: 0.3864 train_f1: 0.3864 time: 0.1294s
INFO:root:Epoch: 0140 val_loss: 1.1080 val_acc: 0.4637 val_f1: 0.4637
INFO:root:Epoch: 0145 lr: 0.01 train_loss: 1.1705 train_acc: 0.4093 train_f1: 0.4093 time: 0.1306s
INFO:root:Epoch: 0145 val_loss: 1.1087 val_acc: 0.4618 val_f1: 0.4618
INFO:root:Epoch: 0150 lr: 0.01 train_loss: 1.1907 train_acc: 0.3847 train_f1: 0.3847 time: 0.1315s
INFO:root:Epoch: 0150 val_loss: 1.1081 val_acc: 0.4618 val_f1: 0.4618
INFO:root:Epoch: 0155 lr: 0.01 train_loss: 1.1595 train_acc: 0.4185 train_f1: 0.4185 time: 0.1285s
INFO:root:Epoch: 0155 val_loss: 1.1071 val_acc: 0.4599 val_f1: 0.4599
INFO:root:Epoch: 0160 lr: 0.01 train_loss: 1.1704 train_acc: 0.3894 train_f1: 0.3894 time: 0.1323s
INFO:root:Epoch: 0160 val_loss: 1.1041 val_acc: 0.4580 val_f1: 0.4580
INFO:root:Epoch: 0165 lr: 0.01 train_loss: 1.1754 train_acc: 0.3986 train_f1: 0.3986 time: 0.1322s
INFO:root:Epoch: 0165 val_loss: 1.0962 val_acc: 0.4618 val_f1: 0.4618
INFO:root:Epoch: 0170 lr: 0.01 train_loss: 1.1774 train_acc: 0.4067 train_f1: 0.4067 time: 0.1314s
INFO:root:Epoch: 0170 val_loss: 1.0908 val_acc: 0.4618 val_f1: 0.4618
INFO:root:Epoch: 0175 lr: 0.01 train_loss: 1.1872 train_acc: 0.3986 train_f1: 0.3986 time: 0.1297s
INFO:root:Epoch: 0175 val_loss: 1.0879 val_acc: 0.4637 val_f1: 0.4637
INFO:root:Early stopping
INFO:root:Optimization Finished!
INFO:root:Total time elapsed: 39.7284s
INFO:root:Val set results: val_loss: 1.1938 val_acc: 0.4981 val_f1: 0.4981
INFO:root:Test set results: test_loss: 1.1906 test_acc: 0.4790 test_f1: 0.4790
