INFO:root:Using: cpu
INFO:root:Using seed 1234.
INFO:root:Num classes: 4
INFO:root:NCModel(
  (encoder): HypGCN(
    (layers): Sequential(
      (0): HyperbolicGraphConvolution(
        (linear): HypLinear(in_features=11, out_features=4, c=tensor([1.]))
        (agg): HypAgg(c=tensor([1.]), use_att=0)
        (hyp_act): HypAct(c_in=tensor([1.]), c_out=tensor([1.]))
      )
    )
  )
  (decoder): LinearDecoder(
    in_features=4, out_features=4, bias=0, c=tensor([1.])
    (cls): Linear(
      (linear): Linear(in_features=4, out_features=4, bias=False)
    )
  )
)
INFO:root:Total number of parameters: 64
INFO:root:Epoch: 0005 lr: 0.01 train_loss: 1.3620 train_acc: 0.2497 train_f1: 0.2497 time: 0.0898s
INFO:root:Epoch: 0005 val_loss: 1.3359 val_acc: 0.2977 val_f1: 0.2977
INFO:root:Epoch: 0010 lr: 0.01 train_loss: 1.3014 train_acc: 0.3698 train_f1: 0.3698 time: 0.1013s
INFO:root:Epoch: 0010 val_loss: 1.3240 val_acc: 0.3015 val_f1: 0.3015
INFO:root:Epoch: 0015 lr: 0.01 train_loss: 1.2864 train_acc: 0.3609 train_f1: 0.3609 time: 0.1057s
INFO:root:Epoch: 0015 val_loss: 1.3152 val_acc: 0.3053 val_f1: 0.3053
INFO:root:Epoch: 0020 lr: 0.01 train_loss: 1.2805 train_acc: 0.3707 train_f1: 0.3707 time: 0.1080s
INFO:root:Epoch: 0020 val_loss: 1.3089 val_acc: 0.3855 val_f1: 0.3855
INFO:root:Epoch: 0025 lr: 0.01 train_loss: 1.2842 train_acc: 0.3716 train_f1: 0.3716 time: 0.1137s
INFO:root:Epoch: 0025 val_loss: 1.3047 val_acc: 0.4828 val_f1: 0.4828
INFO:root:Epoch: 0030 lr: 0.01 train_loss: 1.2688 train_acc: 0.3826 train_f1: 0.3826 time: 0.1081s
INFO:root:Epoch: 0030 val_loss: 1.2984 val_acc: 0.4905 val_f1: 0.4905
INFO:root:Epoch: 0035 lr: 0.01 train_loss: 1.3341 train_acc: 0.3273 train_f1: 0.3273 time: 0.1027s
INFO:root:Epoch: 0035 val_loss: 1.2925 val_acc: 0.4924 val_f1: 0.4924
INFO:root:Epoch: 0040 lr: 0.01 train_loss: 1.2944 train_acc: 0.3716 train_f1: 0.3716 time: 0.1084s
INFO:root:Epoch: 0040 val_loss: 1.2891 val_acc: 0.4943 val_f1: 0.4943
INFO:root:Epoch: 0045 lr: 0.01 train_loss: 1.2708 train_acc: 0.3903 train_f1: 0.3903 time: 0.1013s
INFO:root:Epoch: 0045 val_loss: 1.2845 val_acc: 0.4943 val_f1: 0.4943
INFO:root:Epoch: 0050 lr: 0.01 train_loss: 1.3231 train_acc: 0.3986 train_f1: 0.3986 time: 0.0898s
INFO:root:Epoch: 0050 val_loss: 1.2786 val_acc: 0.4924 val_f1: 0.4924
INFO:root:Epoch: 0055 lr: 0.01 train_loss: 1.3155 train_acc: 0.3689 train_f1: 0.3689 time: 0.0902s
INFO:root:Epoch: 0055 val_loss: 1.2721 val_acc: 0.4924 val_f1: 0.4924
INFO:root:Epoch: 0060 lr: 0.01 train_loss: 1.3447 train_acc: 0.2848 train_f1: 0.2848 time: 0.0928s
INFO:root:Epoch: 0060 val_loss: 1.2680 val_acc: 0.4924 val_f1: 0.4924
INFO:root:Epoch: 0065 lr: 0.01 train_loss: 1.3159 train_acc: 0.3600 train_f1: 0.3600 time: 0.0972s
INFO:root:Epoch: 0065 val_loss: 1.2642 val_acc: 0.4924 val_f1: 0.4924
INFO:root:Epoch: 0070 lr: 0.01 train_loss: 1.2681 train_acc: 0.3754 train_f1: 0.3754 time: 0.0930s
INFO:root:Epoch: 0070 val_loss: 1.2541 val_acc: 0.4924 val_f1: 0.4924
INFO:root:Epoch: 0075 lr: 0.01 train_loss: 1.3286 train_acc: 0.3754 train_f1: 0.3754 time: 0.0906s
INFO:root:Epoch: 0075 val_loss: 1.2383 val_acc: 0.4924 val_f1: 0.4924
INFO:root:Epoch: 0080 lr: 0.01 train_loss: 1.2467 train_acc: 0.3918 train_f1: 0.3918 time: 0.0916s
INFO:root:Epoch: 0080 val_loss: 1.2203 val_acc: 0.5000 val_f1: 0.5000
INFO:root:Epoch: 0085 lr: 0.01 train_loss: 1.2147 train_acc: 0.3903 train_f1: 0.3903 time: 0.0907s
INFO:root:Epoch: 0085 val_loss: 1.2110 val_acc: 0.5057 val_f1: 0.5057
INFO:root:Epoch: 0090 lr: 0.01 train_loss: 1.2653 train_acc: 0.3951 train_f1: 0.3951 time: 0.0915s
INFO:root:Epoch: 0090 val_loss: 1.2023 val_acc: 0.5115 val_f1: 0.5115
INFO:root:Epoch: 0095 lr: 0.01 train_loss: 1.2145 train_acc: 0.3787 train_f1: 0.3787 time: 0.0919s
INFO:root:Epoch: 0095 val_loss: 1.1924 val_acc: 0.5000 val_f1: 0.5000
INFO:root:Epoch: 0100 lr: 0.01 train_loss: 1.2849 train_acc: 0.3713 train_f1: 0.3713 time: 0.0969s
INFO:root:Epoch: 0100 val_loss: 1.1830 val_acc: 0.4885 val_f1: 0.4885
INFO:root:Epoch: 0105 lr: 0.01 train_loss: 1.2317 train_acc: 0.4016 train_f1: 0.4016 time: 0.0985s
INFO:root:Epoch: 0105 val_loss: 1.1725 val_acc: 0.4924 val_f1: 0.4924
INFO:root:Epoch: 0110 lr: 0.01 train_loss: 1.2956 train_acc: 0.3505 train_f1: 0.3505 time: 0.0910s
INFO:root:Epoch: 0110 val_loss: 1.1622 val_acc: 0.4962 val_f1: 0.4962
INFO:root:Epoch: 0115 lr: 0.01 train_loss: 1.2186 train_acc: 0.3909 train_f1: 0.3909 time: 0.0942s
INFO:root:Epoch: 0115 val_loss: 1.1590 val_acc: 0.4924 val_f1: 0.4924
INFO:root:Epoch: 0120 lr: 0.01 train_loss: 1.2169 train_acc: 0.3983 train_f1: 0.3983 time: 0.0902s
INFO:root:Epoch: 0120 val_loss: 1.1553 val_acc: 0.4370 val_f1: 0.4370
INFO:root:Epoch: 0125 lr: 0.01 train_loss: 1.2796 train_acc: 0.3597 train_f1: 0.3597 time: 0.0900s
INFO:root:Epoch: 0125 val_loss: 1.1533 val_acc: 0.4351 val_f1: 0.4351
INFO:root:Epoch: 0130 lr: 0.01 train_loss: 1.2604 train_acc: 0.3722 train_f1: 0.3722 time: 0.0905s
INFO:root:Epoch: 0130 val_loss: 1.1507 val_acc: 0.4332 val_f1: 0.4332
INFO:root:Epoch: 0135 lr: 0.01 train_loss: 1.2368 train_acc: 0.3888 train_f1: 0.3888 time: 0.0932s
INFO:root:Epoch: 0135 val_loss: 1.1447 val_acc: 0.4179 val_f1: 0.4179
INFO:root:Epoch: 0140 lr: 0.01 train_loss: 1.2708 train_acc: 0.3971 train_f1: 0.3971 time: 0.0907s
INFO:root:Epoch: 0140 val_loss: 1.1396 val_acc: 0.4122 val_f1: 0.4122
INFO:root:Epoch: 0145 lr: 0.01 train_loss: 1.1794 train_acc: 0.4129 train_f1: 0.4129 time: 0.0911s
INFO:root:Epoch: 0145 val_loss: 1.1350 val_acc: 0.4179 val_f1: 0.4179
INFO:root:Epoch: 0150 lr: 0.01 train_loss: 1.1882 train_acc: 0.4061 train_f1: 0.4061 time: 0.0916s
INFO:root:Epoch: 0150 val_loss: 1.1310 val_acc: 0.4237 val_f1: 0.4237
INFO:root:Epoch: 0155 lr: 0.01 train_loss: 1.1604 train_acc: 0.4197 train_f1: 0.4197 time: 0.0918s
INFO:root:Epoch: 0155 val_loss: 1.1307 val_acc: 0.4370 val_f1: 0.4370
INFO:root:Epoch: 0160 lr: 0.01 train_loss: 1.1845 train_acc: 0.4334 train_f1: 0.4334 time: 0.0962s
INFO:root:Epoch: 0160 val_loss: 1.1343 val_acc: 0.4198 val_f1: 0.4198
INFO:root:Epoch: 0165 lr: 0.01 train_loss: 1.2941 train_acc: 0.3543 train_f1: 0.3543 time: 0.0920s
INFO:root:Epoch: 0165 val_loss: 1.1316 val_acc: 0.4237 val_f1: 0.4237
INFO:root:Epoch: 0170 lr: 0.01 train_loss: 1.2903 train_acc: 0.3746 train_f1: 0.3746 time: 0.1102s
INFO:root:Epoch: 0170 val_loss: 1.1299 val_acc: 0.4237 val_f1: 0.4237
INFO:root:Epoch: 0175 lr: 0.01 train_loss: 1.1750 train_acc: 0.4019 train_f1: 0.4019 time: 0.1006s
INFO:root:Epoch: 0175 val_loss: 1.1274 val_acc: 0.4313 val_f1: 0.4313
INFO:root:Epoch: 0180 lr: 0.01 train_loss: 1.2156 train_acc: 0.4025 train_f1: 0.4025 time: 0.0977s
INFO:root:Epoch: 0180 val_loss: 1.1283 val_acc: 0.4256 val_f1: 0.4256
INFO:root:Epoch: 0185 lr: 0.01 train_loss: 1.1874 train_acc: 0.3835 train_f1: 0.3835 time: 0.0907s
INFO:root:Epoch: 0185 val_loss: 1.1259 val_acc: 0.4275 val_f1: 0.4275
INFO:root:Early stopping
INFO:root:Optimization Finished!
INFO:root:Total time elapsed: 31.6740s
INFO:root:Val set results: val_loss: 1.2037 val_acc: 0.5115 val_f1: 0.5115
INFO:root:Test set results: test_loss: 1.1985 test_acc: 0.4905 test_f1: 0.4905
