INFO:root:Using: cpu
INFO:root:Using seed 1234.
INFO:root:Num classes: 4
INFO:root:NCModel(
  (encoder): HypGCN(
    (layers): Sequential(
      (0): HyperbolicGraphConvolution(
        (linear): HypLinear(in_features=11, out_features=4, c=tensor([1.]))
        (agg): HypAgg(c=tensor([1.]), use_att=0)
        (hyp_act): HypAct(c_in=tensor([1.]), c_out=tensor([1.]))
      )
    )
  )
  (decoder): LinearDecoder(
    in_features=4, out_features=4, bias=0, c=tensor([1.])
    (cls): Linear(
      (linear): Linear(in_features=4, out_features=4, bias=False)
    )
  )
)
INFO:root:Total number of parameters: 64
INFO:root:Epoch: 0005 lr: 0.01 train_loss: 1.3603 train_acc: 0.2102 train_f1: 0.2102 time: 0.1191s
INFO:root:Epoch: 0005 val_loss: 1.3664 val_acc: 0.2634 val_f1: 0.2634
INFO:root:Epoch: 0010 lr: 0.01 train_loss: 1.3342 train_acc: 0.3347 train_f1: 0.3347 time: 0.1153s
INFO:root:Epoch: 0010 val_loss: 1.3603 val_acc: 0.2748 val_f1: 0.2748
INFO:root:Epoch: 0015 lr: 0.01 train_loss: 1.3525 train_acc: 0.3002 train_f1: 0.3002 time: 0.1167s
INFO:root:Epoch: 0015 val_loss: 1.3534 val_acc: 0.2786 val_f1: 0.2786
INFO:root:Epoch: 0020 lr: 0.01 train_loss: 1.3423 train_acc: 0.3005 train_f1: 0.3005 time: 0.1169s
INFO:root:Epoch: 0020 val_loss: 1.3466 val_acc: 0.2958 val_f1: 0.2958
INFO:root:Epoch: 0025 lr: 0.01 train_loss: 1.3277 train_acc: 0.3493 train_f1: 0.3493 time: 0.1156s
INFO:root:Epoch: 0025 val_loss: 1.3392 val_acc: 0.3092 val_f1: 0.3092
INFO:root:Epoch: 0030 lr: 0.01 train_loss: 1.3734 train_acc: 0.2099 train_f1: 0.2099 time: 0.1153s
INFO:root:Epoch: 0030 val_loss: 1.3311 val_acc: 0.3244 val_f1: 0.3244
INFO:root:Epoch: 0035 lr: 0.01 train_loss: 1.3383 train_acc: 0.2622 train_f1: 0.2622 time: 0.1161s
INFO:root:Epoch: 0035 val_loss: 1.3235 val_acc: 0.3531 val_f1: 0.3531
INFO:root:Epoch: 0040 lr: 0.01 train_loss: 1.2955 train_acc: 0.3772 train_f1: 0.3772 time: 0.1148s
INFO:root:Epoch: 0040 val_loss: 1.3163 val_acc: 0.4256 val_f1: 0.4256
INFO:root:Epoch: 0045 lr: 0.01 train_loss: 1.3243 train_acc: 0.3053 train_f1: 0.3053 time: 0.1157s
INFO:root:Epoch: 0045 val_loss: 1.3095 val_acc: 0.4332 val_f1: 0.4332
INFO:root:Epoch: 0050 lr: 0.01 train_loss: 1.3036 train_acc: 0.3707 train_f1: 0.3707 time: 0.1144s
INFO:root:Epoch: 0050 val_loss: 1.3019 val_acc: 0.4714 val_f1: 0.4714
INFO:root:Epoch: 0055 lr: 0.01 train_loss: 1.3099 train_acc: 0.3543 train_f1: 0.3543 time: 0.1144s
INFO:root:Epoch: 0055 val_loss: 1.2937 val_acc: 0.4790 val_f1: 0.4790
INFO:root:Epoch: 0060 lr: 0.01 train_loss: 1.3367 train_acc: 0.2678 train_f1: 0.2678 time: 0.1174s
INFO:root:Epoch: 0060 val_loss: 1.2856 val_acc: 0.4809 val_f1: 0.4809
INFO:root:Epoch: 0065 lr: 0.01 train_loss: 1.2801 train_acc: 0.3746 train_f1: 0.3746 time: 0.1091s
INFO:root:Epoch: 0065 val_loss: 1.2780 val_acc: 0.4866 val_f1: 0.4866
INFO:root:Epoch: 0070 lr: 0.01 train_loss: 1.3376 train_acc: 0.2729 train_f1: 0.2729 time: 0.1096s
INFO:root:Epoch: 0070 val_loss: 1.2704 val_acc: 0.4866 val_f1: 0.4866
INFO:root:Epoch: 0075 lr: 0.01 train_loss: 1.3108 train_acc: 0.3716 train_f1: 0.3716 time: 0.1081s
INFO:root:Epoch: 0075 val_loss: 1.2618 val_acc: 0.4866 val_f1: 0.4866
INFO:root:Epoch: 0080 lr: 0.01 train_loss: 1.3175 train_acc: 0.3882 train_f1: 0.3882 time: 0.1112s
INFO:root:Epoch: 0080 val_loss: 1.2507 val_acc: 0.4866 val_f1: 0.4866
INFO:root:Epoch: 0085 lr: 0.01 train_loss: 1.2110 train_acc: 0.3832 train_f1: 0.3832 time: 0.1097s
INFO:root:Epoch: 0085 val_loss: 1.2372 val_acc: 0.4866 val_f1: 0.4866
INFO:root:Epoch: 0090 lr: 0.01 train_loss: 1.3050 train_acc: 0.3398 train_f1: 0.3398 time: 0.1141s
INFO:root:Epoch: 0090 val_loss: 1.2259 val_acc: 0.4866 val_f1: 0.4866
INFO:root:Epoch: 0095 lr: 0.01 train_loss: 1.2305 train_acc: 0.3668 train_f1: 0.3668 time: 0.1106s
INFO:root:Epoch: 0095 val_loss: 1.2144 val_acc: 0.4866 val_f1: 0.4866
INFO:root:Epoch: 0100 lr: 0.01 train_loss: 1.2780 train_acc: 0.3760 train_f1: 0.3760 time: 0.1163s
INFO:root:Epoch: 0100 val_loss: 1.2032 val_acc: 0.4866 val_f1: 0.4866
INFO:root:Epoch: 0105 lr: 0.01 train_loss: 1.2382 train_acc: 0.3746 train_f1: 0.3746 time: 0.1139s
INFO:root:Epoch: 0105 val_loss: 1.1928 val_acc: 0.4866 val_f1: 0.4866
INFO:root:Epoch: 0110 lr: 0.01 train_loss: 1.2590 train_acc: 0.3647 train_f1: 0.3647 time: 0.1138s
INFO:root:Epoch: 0110 val_loss: 1.1842 val_acc: 0.4866 val_f1: 0.4866
INFO:root:Epoch: 0115 lr: 0.01 train_loss: 1.2619 train_acc: 0.3386 train_f1: 0.3386 time: 0.1214s
INFO:root:Epoch: 0115 val_loss: 1.1772 val_acc: 0.4866 val_f1: 0.4866
INFO:root:Epoch: 0120 lr: 0.01 train_loss: 1.3344 train_acc: 0.2842 train_f1: 0.2842 time: 0.1121s
INFO:root:Epoch: 0120 val_loss: 1.1707 val_acc: 0.4885 val_f1: 0.4885
INFO:root:Epoch: 0125 lr: 0.01 train_loss: 1.2645 train_acc: 0.3746 train_f1: 0.3746 time: 0.1121s
INFO:root:Epoch: 0125 val_loss: 1.1650 val_acc: 0.4905 val_f1: 0.4905
INFO:root:Epoch: 0130 lr: 0.01 train_loss: 1.3462 train_acc: 0.2494 train_f1: 0.2494 time: 0.1129s
INFO:root:Epoch: 0130 val_loss: 1.1606 val_acc: 0.4885 val_f1: 0.4885
INFO:root:Epoch: 0135 lr: 0.01 train_loss: 1.3464 train_acc: 0.1983 train_f1: 0.1983 time: 0.1155s
INFO:root:Epoch: 0135 val_loss: 1.1599 val_acc: 0.4885 val_f1: 0.4885
INFO:root:Epoch: 0140 lr: 0.01 train_loss: 1.2345 train_acc: 0.3859 train_f1: 0.3859 time: 0.1137s
INFO:root:Epoch: 0140 val_loss: 1.1606 val_acc: 0.4885 val_f1: 0.4885
INFO:root:Epoch: 0145 lr: 0.01 train_loss: 1.2184 train_acc: 0.4087 train_f1: 0.4087 time: 0.1107s
INFO:root:Epoch: 0145 val_loss: 1.1629 val_acc: 0.4905 val_f1: 0.4905
INFO:root:Epoch: 0150 lr: 0.01 train_loss: 1.2006 train_acc: 0.3968 train_f1: 0.3968 time: 0.1101s
INFO:root:Epoch: 0150 val_loss: 1.1599 val_acc: 0.4905 val_f1: 0.4905
INFO:root:Epoch: 0155 lr: 0.01 train_loss: 1.1939 train_acc: 0.3909 train_f1: 0.3909 time: 0.1098s
INFO:root:Epoch: 0155 val_loss: 1.1570 val_acc: 0.4771 val_f1: 0.4771
INFO:root:Epoch: 0160 lr: 0.01 train_loss: 1.2162 train_acc: 0.3951 train_f1: 0.3951 time: 0.1096s
INFO:root:Epoch: 0160 val_loss: 1.1543 val_acc: 0.4790 val_f1: 0.4790
INFO:root:Epoch: 0165 lr: 0.01 train_loss: 1.2894 train_acc: 0.3650 train_f1: 0.3650 time: 0.1118s
INFO:root:Epoch: 0165 val_loss: 1.1562 val_acc: 0.4771 val_f1: 0.4771
INFO:root:Epoch: 0170 lr: 0.01 train_loss: 1.2311 train_acc: 0.3740 train_f1: 0.3740 time: 0.1126s
INFO:root:Epoch: 0170 val_loss: 1.1567 val_acc: 0.4771 val_f1: 0.4771
INFO:root:Epoch: 0175 lr: 0.01 train_loss: 1.1914 train_acc: 0.3909 train_f1: 0.3909 time: 0.1111s
INFO:root:Epoch: 0175 val_loss: 1.1554 val_acc: 0.4790 val_f1: 0.4790
INFO:root:Epoch: 0180 lr: 0.01 train_loss: 1.2265 train_acc: 0.3766 train_f1: 0.3766 time: 0.1097s
INFO:root:Epoch: 0180 val_loss: 1.1502 val_acc: 0.4733 val_f1: 0.4733
INFO:root:Epoch: 0185 lr: 0.01 train_loss: 1.1882 train_acc: 0.4043 train_f1: 0.4043 time: 0.1133s
INFO:root:Epoch: 0185 val_loss: 1.1516 val_acc: 0.4656 val_f1: 0.4656
INFO:root:Epoch: 0190 lr: 0.01 train_loss: 1.1921 train_acc: 0.4153 train_f1: 0.4153 time: 0.1100s
INFO:root:Epoch: 0190 val_loss: 1.1572 val_acc: 0.4733 val_f1: 0.4733
INFO:root:Epoch: 0195 lr: 0.01 train_loss: 1.2069 train_acc: 0.3683 train_f1: 0.3683 time: 0.1098s
INFO:root:Epoch: 0195 val_loss: 1.1580 val_acc: 0.4752 val_f1: 0.4752
INFO:root:Epoch: 0200 lr: 0.01 train_loss: 1.2339 train_acc: 0.3945 train_f1: 0.3945 time: 0.1098s
INFO:root:Epoch: 0200 val_loss: 1.1537 val_acc: 0.4752 val_f1: 0.4752
INFO:root:Epoch: 0205 lr: 0.01 train_loss: 1.2486 train_acc: 0.3746 train_f1: 0.3746 time: 0.1091s
INFO:root:Epoch: 0205 val_loss: 1.1466 val_acc: 0.4637 val_f1: 0.4637
INFO:root:Epoch: 0210 lr: 0.01 train_loss: 1.1953 train_acc: 0.4043 train_f1: 0.4043 time: 0.1143s
INFO:root:Epoch: 0210 val_loss: 1.1415 val_acc: 0.4714 val_f1: 0.4714
INFO:root:Epoch: 0215 lr: 0.01 train_loss: 1.1907 train_acc: 0.3968 train_f1: 0.3968 time: 0.1119s
INFO:root:Epoch: 0215 val_loss: 1.1402 val_acc: 0.4790 val_f1: 0.4790
INFO:root:Epoch: 0220 lr: 0.01 train_loss: 1.2023 train_acc: 0.4028 train_f1: 0.4028 time: 0.1115s
INFO:root:Epoch: 0220 val_loss: 1.1385 val_acc: 0.4809 val_f1: 0.4809
INFO:root:Early stopping
INFO:root:Optimization Finished!
INFO:root:Total time elapsed: 44.7853s
INFO:root:Val set results: val_loss: 1.1663 val_acc: 0.4905 val_f1: 0.4905
INFO:root:Test set results: test_loss: 1.1635 test_acc: 0.4695 test_f1: 0.4695
