INFO:root:Using: cpu
INFO:root:Using seed 1234.
INFO:root:Num classes: 4
INFO:root:NCModel(
  (encoder): HypGCN(
    (layers): Sequential(
      (0): HyperbolicGraphConvolution(
        (linear): HypLinear(in_features=11, out_features=16, c=tensor([1.]))
        (agg): HypAgg(c=tensor([1.]), use_att=0)
        (hyp_act): HypAct(c_in=tensor([1.]), c_out=tensor([1.]))
      )
    )
  )
  (decoder): LinearDecoder(
    in_features=16, out_features=4, bias=0, c=tensor([1.])
    (cls): Linear(
      (linear): Linear(in_features=16, out_features=4, bias=False)
    )
  )
)
INFO:root:Total number of parameters: 256
INFO:root:Epoch: 0005 lr: 0.01 train_loss: 1.3947 train_acc: 0.2509 train_f1: 0.2509 time: 0.1097s
INFO:root:Epoch: 0005 val_loss: 1.3849 val_acc: 0.2977 val_f1: 0.2977
INFO:root:Epoch: 0010 lr: 0.01 train_loss: 1.3626 train_acc: 0.3356 train_f1: 0.3356 time: 0.1102s
INFO:root:Epoch: 0010 val_loss: 1.3633 val_acc: 0.2481 val_f1: 0.2481
INFO:root:Epoch: 0015 lr: 0.01 train_loss: 1.3795 train_acc: 0.2827 train_f1: 0.2827 time: 0.1119s
INFO:root:Epoch: 0015 val_loss: 1.3491 val_acc: 0.2443 val_f1: 0.2443
INFO:root:Epoch: 0020 lr: 0.01 train_loss: 1.3443 train_acc: 0.3451 train_f1: 0.3451 time: 0.1133s
INFO:root:Epoch: 0020 val_loss: 1.3329 val_acc: 0.2443 val_f1: 0.2443
INFO:root:Epoch: 0025 lr: 0.01 train_loss: 1.3034 train_acc: 0.3511 train_f1: 0.3511 time: 0.1097s
INFO:root:Epoch: 0025 val_loss: 1.3138 val_acc: 0.2443 val_f1: 0.2443
INFO:root:Epoch: 0030 lr: 0.01 train_loss: 1.3234 train_acc: 0.3751 train_f1: 0.3751 time: 0.1104s
INFO:root:Epoch: 0030 val_loss: 1.2910 val_acc: 0.4179 val_f1: 0.4179
INFO:root:Epoch: 0035 lr: 0.01 train_loss: 1.3342 train_acc: 0.3772 train_f1: 0.3772 time: 0.1086s
INFO:root:Epoch: 0035 val_loss: 1.2654 val_acc: 0.4962 val_f1: 0.4962
INFO:root:Epoch: 0040 lr: 0.01 train_loss: 1.3168 train_acc: 0.3793 train_f1: 0.3793 time: 0.1089s
INFO:root:Epoch: 0040 val_loss: 1.2402 val_acc: 0.4943 val_f1: 0.4943
INFO:root:Epoch: 0045 lr: 0.01 train_loss: 1.2383 train_acc: 0.3817 train_f1: 0.3817 time: 0.1077s
INFO:root:Epoch: 0045 val_loss: 1.2173 val_acc: 0.4943 val_f1: 0.4943
INFO:root:Epoch: 0050 lr: 0.01 train_loss: 1.2812 train_acc: 0.3692 train_f1: 0.3692 time: 0.1160s
INFO:root:Epoch: 0050 val_loss: 1.2004 val_acc: 0.4943 val_f1: 0.4943
INFO:root:Epoch: 0055 lr: 0.01 train_loss: 1.2350 train_acc: 0.3832 train_f1: 0.3832 time: 0.1085s
INFO:root:Epoch: 0055 val_loss: 1.1860 val_acc: 0.4943 val_f1: 0.4943
INFO:root:Epoch: 0060 lr: 0.01 train_loss: 1.2204 train_acc: 0.3790 train_f1: 0.3790 time: 0.1095s
INFO:root:Epoch: 0060 val_loss: 1.1734 val_acc: 0.4924 val_f1: 0.4924
INFO:root:Epoch: 0065 lr: 0.01 train_loss: 1.2186 train_acc: 0.4031 train_f1: 0.4031 time: 0.1101s
INFO:root:Epoch: 0065 val_loss: 1.1659 val_acc: 0.4924 val_f1: 0.4924
INFO:root:Epoch: 0070 lr: 0.01 train_loss: 1.2575 train_acc: 0.3856 train_f1: 0.3856 time: 0.1094s
INFO:root:Epoch: 0070 val_loss: 1.1634 val_acc: 0.4924 val_f1: 0.4924
INFO:root:Epoch: 0075 lr: 0.01 train_loss: 1.2382 train_acc: 0.3775 train_f1: 0.3775 time: 0.1095s
INFO:root:Epoch: 0075 val_loss: 1.1644 val_acc: 0.4943 val_f1: 0.4943
INFO:root:Epoch: 0080 lr: 0.01 train_loss: 1.2711 train_acc: 0.3971 train_f1: 0.3971 time: 0.1092s
INFO:root:Epoch: 0080 val_loss: 1.1651 val_acc: 0.4962 val_f1: 0.4962
INFO:root:Epoch: 0085 lr: 0.01 train_loss: 1.2196 train_acc: 0.3814 train_f1: 0.3814 time: 0.1074s
INFO:root:Epoch: 0085 val_loss: 1.1636 val_acc: 0.4981 val_f1: 0.4981
INFO:root:Epoch: 0090 lr: 0.01 train_loss: 1.2097 train_acc: 0.3879 train_f1: 0.3879 time: 0.1083s
INFO:root:Epoch: 0090 val_loss: 1.1637 val_acc: 0.5000 val_f1: 0.5000
INFO:root:Epoch: 0095 lr: 0.01 train_loss: 1.2086 train_acc: 0.3930 train_f1: 0.3930 time: 0.1088s
INFO:root:Epoch: 0095 val_loss: 1.1672 val_acc: 0.4981 val_f1: 0.4981
INFO:root:Epoch: 0100 lr: 0.01 train_loss: 1.2168 train_acc: 0.3766 train_f1: 0.3766 time: 0.1084s
INFO:root:Epoch: 0100 val_loss: 1.1694 val_acc: 0.4847 val_f1: 0.4847
INFO:root:Epoch: 0105 lr: 0.01 train_loss: 1.2133 train_acc: 0.3763 train_f1: 0.3763 time: 0.1128s
INFO:root:Epoch: 0105 val_loss: 1.1685 val_acc: 0.4809 val_f1: 0.4809
INFO:root:Epoch: 0110 lr: 0.01 train_loss: 1.2281 train_acc: 0.4239 train_f1: 0.4239 time: 0.1132s
INFO:root:Epoch: 0110 val_loss: 1.1670 val_acc: 0.4866 val_f1: 0.4866
INFO:root:Epoch: 0115 lr: 0.01 train_loss: 1.2605 train_acc: 0.3974 train_f1: 0.3974 time: 0.1121s
INFO:root:Epoch: 0115 val_loss: 1.1604 val_acc: 0.4847 val_f1: 0.4847
INFO:root:Epoch: 0120 lr: 0.01 train_loss: 1.2609 train_acc: 0.3939 train_f1: 0.3939 time: 0.1130s
INFO:root:Epoch: 0120 val_loss: 1.1527 val_acc: 0.4866 val_f1: 0.4866
INFO:root:Epoch: 0125 lr: 0.01 train_loss: 1.2674 train_acc: 0.3808 train_f1: 0.3808 time: 0.1131s
INFO:root:Epoch: 0125 val_loss: 1.1426 val_acc: 0.4847 val_f1: 0.4847
INFO:root:Epoch: 0130 lr: 0.01 train_loss: 1.2143 train_acc: 0.3915 train_f1: 0.3915 time: 0.1154s
INFO:root:Epoch: 0130 val_loss: 1.1366 val_acc: 0.4847 val_f1: 0.4847
INFO:root:Epoch: 0135 lr: 0.01 train_loss: 1.2284 train_acc: 0.3879 train_f1: 0.3879 time: 0.1142s
INFO:root:Epoch: 0135 val_loss: 1.1333 val_acc: 0.4866 val_f1: 0.4866
INFO:root:Epoch: 0140 lr: 0.01 train_loss: 1.2063 train_acc: 0.3998 train_f1: 0.3998 time: 0.1188s
INFO:root:Epoch: 0140 val_loss: 1.1370 val_acc: 0.4885 val_f1: 0.4885
INFO:root:Epoch: 0145 lr: 0.01 train_loss: 1.2091 train_acc: 0.3989 train_f1: 0.3989 time: 0.1112s
INFO:root:Epoch: 0145 val_loss: 1.1431 val_acc: 0.4809 val_f1: 0.4809
INFO:root:Epoch: 0150 lr: 0.01 train_loss: 1.2100 train_acc: 0.3921 train_f1: 0.3921 time: 0.1105s
INFO:root:Epoch: 0150 val_loss: 1.1467 val_acc: 0.4771 val_f1: 0.4771
INFO:root:Epoch: 0155 lr: 0.01 train_loss: 1.2214 train_acc: 0.3853 train_f1: 0.3853 time: 0.1102s
INFO:root:Epoch: 0155 val_loss: 1.1477 val_acc: 0.4809 val_f1: 0.4809
INFO:root:Epoch: 0160 lr: 0.01 train_loss: 1.2284 train_acc: 0.3983 train_f1: 0.3983 time: 0.1141s
INFO:root:Epoch: 0160 val_loss: 1.1451 val_acc: 0.4695 val_f1: 0.4695
INFO:root:Epoch: 0165 lr: 0.01 train_loss: 1.2191 train_acc: 0.4028 train_f1: 0.4028 time: 0.1101s
INFO:root:Epoch: 0165 val_loss: 1.1422 val_acc: 0.4714 val_f1: 0.4714
INFO:root:Epoch: 0170 lr: 0.01 train_loss: 1.2044 train_acc: 0.3927 train_f1: 0.3927 time: 0.1160s
INFO:root:Epoch: 0170 val_loss: 1.1383 val_acc: 0.4676 val_f1: 0.4676
INFO:root:Epoch: 0175 lr: 0.01 train_loss: 1.1983 train_acc: 0.4126 train_f1: 0.4126 time: 0.1110s
INFO:root:Epoch: 0175 val_loss: 1.1300 val_acc: 0.4771 val_f1: 0.4771
INFO:root:Epoch: 0180 lr: 0.01 train_loss: 1.1997 train_acc: 0.3924 train_f1: 0.3924 time: 0.1126s
INFO:root:Epoch: 0180 val_loss: 1.1250 val_acc: 0.4828 val_f1: 0.4828
INFO:root:Epoch: 0185 lr: 0.01 train_loss: 1.1869 train_acc: 0.4025 train_f1: 0.4025 time: 0.1126s
INFO:root:Epoch: 0185 val_loss: 1.1286 val_acc: 0.4847 val_f1: 0.4847
INFO:root:Epoch: 0190 lr: 0.01 train_loss: 1.1901 train_acc: 0.4111 train_f1: 0.4111 time: 0.1115s
INFO:root:Epoch: 0190 val_loss: 1.1404 val_acc: 0.4656 val_f1: 0.4656
INFO:root:Early stopping
INFO:root:Optimization Finished!
INFO:root:Total time elapsed: 34.9879s
INFO:root:Val set results: val_loss: 1.1639 val_acc: 0.5038 val_f1: 0.5038
INFO:root:Test set results: test_loss: 1.1682 test_acc: 0.4733 test_f1: 0.4733
