INFO:root:Using: cpu
INFO:root:Using seed 1234.
INFO:root:Num classes: 7
INFO:root:NCModel(
  (encoder): HypGCN(
    (layers): Sequential(
      (0): HyperbolicGraphConvolution(
        (linear): HypLinear(in_features=1433, out_features=32, c=tensor([1.]))
        (agg): HypAgg(c=tensor([1.]), use_att=0)
        (hyp_act): HypAct(c_in=tensor([1.]), c_out=tensor([1.]))
      )
    )
  )
  (decoder): LinearDecoder(
    in_features=32, out_features=7, bias=0, c=tensor([1.])
    (cls): Linear(
      (linear): Linear(in_features=32, out_features=7, bias=False)
    )
  )
)
INFO:root:Total number of parameters: 46112
INFO:root:Epoch: 0005 lr: 0.01 train_loss: 1.9436 train_acc: 0.3071 train_f1: 0.3071 time: 0.2304s
INFO:root:Epoch: 0005 val_loss: 1.9448 val_acc: 0.4020 val_f1: 0.4020
INFO:root:Epoch: 0010 lr: 0.01 train_loss: 1.9406 train_acc: 0.3857 train_f1: 0.3857 time: 0.2275s
INFO:root:Epoch: 0010 val_loss: 1.9430 val_acc: 0.4160 val_f1: 0.4160
INFO:root:Epoch: 0015 lr: 0.01 train_loss: 1.9349 train_acc: 0.5000 train_f1: 0.5000 time: 0.2271s
INFO:root:Epoch: 0015 val_loss: 1.9403 val_acc: 0.4260 val_f1: 0.4260
INFO:root:Epoch: 0020 lr: 0.01 train_loss: 1.9287 train_acc: 0.4214 train_f1: 0.4214 time: 0.2261s
INFO:root:Epoch: 0020 val_loss: 1.9361 val_acc: 0.4640 val_f1: 0.4640
INFO:root:Epoch: 0025 lr: 0.01 train_loss: 1.9203 train_acc: 0.4071 train_f1: 0.4071 time: 0.2378s
INFO:root:Epoch: 0025 val_loss: 1.9302 val_acc: 0.4600 val_f1: 0.4600
INFO:root:Epoch: 0030 lr: 0.01 train_loss: 1.9056 train_acc: 0.4357 train_f1: 0.4357 time: 0.2288s
INFO:root:Epoch: 0030 val_loss: 1.9220 val_acc: 0.4740 val_f1: 0.4740
INFO:root:Epoch: 0035 lr: 0.01 train_loss: 1.8822 train_acc: 0.4643 train_f1: 0.4643 time: 0.2264s
INFO:root:Epoch: 0035 val_loss: 1.9110 val_acc: 0.4800 val_f1: 0.4800
INFO:root:Epoch: 0040 lr: 0.01 train_loss: 1.8548 train_acc: 0.4643 train_f1: 0.4643 time: 0.2294s
INFO:root:Epoch: 0040 val_loss: 1.8985 val_acc: 0.5080 val_f1: 0.5080
INFO:root:Epoch: 0045 lr: 0.01 train_loss: 1.8276 train_acc: 0.5143 train_f1: 0.5143 time: 0.2255s
INFO:root:Epoch: 0045 val_loss: 1.8831 val_acc: 0.5360 val_f1: 0.5360
INFO:root:Epoch: 0050 lr: 0.01 train_loss: 1.7933 train_acc: 0.5143 train_f1: 0.5143 time: 0.2290s
INFO:root:Epoch: 0050 val_loss: 1.8662 val_acc: 0.5500 val_f1: 0.5500
INFO:root:Epoch: 0055 lr: 0.01 train_loss: 1.7839 train_acc: 0.4571 train_f1: 0.4571 time: 0.2338s
INFO:root:Epoch: 0055 val_loss: 1.8471 val_acc: 0.5600 val_f1: 0.5600
INFO:root:Epoch: 0060 lr: 0.01 train_loss: 1.7235 train_acc: 0.5857 train_f1: 0.5857 time: 0.2441s
INFO:root:Epoch: 0060 val_loss: 1.8262 val_acc: 0.5700 val_f1: 0.5700
INFO:root:Epoch: 0065 lr: 0.01 train_loss: 1.7186 train_acc: 0.5143 train_f1: 0.5143 time: 0.2301s
INFO:root:Epoch: 0065 val_loss: 1.8008 val_acc: 0.5960 val_f1: 0.5960
INFO:root:Epoch: 0070 lr: 0.01 train_loss: 1.6244 train_acc: 0.5500 train_f1: 0.5500 time: 0.2287s
INFO:root:Epoch: 0070 val_loss: 1.7750 val_acc: 0.6120 val_f1: 0.6120
INFO:root:Epoch: 0075 lr: 0.01 train_loss: 1.5980 train_acc: 0.5500 train_f1: 0.5500 time: 0.2401s
INFO:root:Epoch: 0075 val_loss: 1.7473 val_acc: 0.6300 val_f1: 0.6300
INFO:root:Epoch: 0080 lr: 0.01 train_loss: 1.5848 train_acc: 0.4786 train_f1: 0.4786 time: 0.2293s
INFO:root:Epoch: 0080 val_loss: 1.7204 val_acc: 0.6580 val_f1: 0.6580
INFO:root:Epoch: 0085 lr: 0.01 train_loss: 1.5130 train_acc: 0.5714 train_f1: 0.5714 time: 0.2257s
INFO:root:Epoch: 0085 val_loss: 1.6931 val_acc: 0.6920 val_f1: 0.6920
INFO:root:Epoch: 0090 lr: 0.01 train_loss: 1.4818 train_acc: 0.5786 train_f1: 0.5786 time: 0.2451s
INFO:root:Epoch: 0090 val_loss: 1.6656 val_acc: 0.6960 val_f1: 0.6960
INFO:root:Epoch: 0095 lr: 0.01 train_loss: 1.4273 train_acc: 0.5857 train_f1: 0.5857 time: 0.2329s
INFO:root:Epoch: 0095 val_loss: 1.6367 val_acc: 0.7140 val_f1: 0.7140
INFO:root:Epoch: 0100 lr: 0.01 train_loss: 1.3921 train_acc: 0.6071 train_f1: 0.6071 time: 0.2310s
INFO:root:Epoch: 0100 val_loss: 1.6156 val_acc: 0.7180 val_f1: 0.7180
INFO:root:Epoch: 0105 lr: 0.01 train_loss: 1.4366 train_acc: 0.5571 train_f1: 0.5571 time: 0.2405s
INFO:root:Epoch: 0105 val_loss: 1.5991 val_acc: 0.7040 val_f1: 0.7040
INFO:root:Epoch: 0110 lr: 0.01 train_loss: 1.4033 train_acc: 0.5714 train_f1: 0.5714 time: 0.2344s
INFO:root:Epoch: 0110 val_loss: 1.5816 val_acc: 0.7120 val_f1: 0.7120
INFO:root:Epoch: 0115 lr: 0.01 train_loss: 1.3026 train_acc: 0.6286 train_f1: 0.6286 time: 0.2383s
INFO:root:Epoch: 0115 val_loss: 1.5651 val_acc: 0.7060 val_f1: 0.7060
INFO:root:Epoch: 0120 lr: 0.01 train_loss: 1.3813 train_acc: 0.5500 train_f1: 0.5500 time: 0.2265s
INFO:root:Epoch: 0120 val_loss: 1.5470 val_acc: 0.7100 val_f1: 0.7100
INFO:root:Epoch: 0125 lr: 0.01 train_loss: 1.3696 train_acc: 0.5429 train_f1: 0.5429 time: 0.2348s
INFO:root:Epoch: 0125 val_loss: 1.5275 val_acc: 0.7000 val_f1: 0.7000
INFO:root:Epoch: 0130 lr: 0.01 train_loss: 1.2503 train_acc: 0.6143 train_f1: 0.6143 time: 0.2272s
INFO:root:Epoch: 0130 val_loss: 1.5046 val_acc: 0.7220 val_f1: 0.7220
INFO:root:Epoch: 0135 lr: 0.01 train_loss: 1.3206 train_acc: 0.5714 train_f1: 0.5714 time: 0.2253s
INFO:root:Epoch: 0135 val_loss: 1.4849 val_acc: 0.7340 val_f1: 0.7340
INFO:root:Epoch: 0140 lr: 0.01 train_loss: 1.2600 train_acc: 0.5643 train_f1: 0.5643 time: 0.2374s
INFO:root:Epoch: 0140 val_loss: 1.4687 val_acc: 0.7320 val_f1: 0.7320
INFO:root:Epoch: 0145 lr: 0.01 train_loss: 1.2152 train_acc: 0.6143 train_f1: 0.6143 time: 0.2303s
INFO:root:Epoch: 0145 val_loss: 1.4553 val_acc: 0.7320 val_f1: 0.7320
INFO:root:Epoch: 0150 lr: 0.01 train_loss: 1.2082 train_acc: 0.6143 train_f1: 0.6143 time: 0.2263s
INFO:root:Epoch: 0150 val_loss: 1.4462 val_acc: 0.7380 val_f1: 0.7380
INFO:root:Epoch: 0155 lr: 0.01 train_loss: 1.1494 train_acc: 0.6643 train_f1: 0.6643 time: 0.2296s
INFO:root:Epoch: 0155 val_loss: 1.4402 val_acc: 0.7280 val_f1: 0.7280
INFO:root:Epoch: 0160 lr: 0.01 train_loss: 1.2559 train_acc: 0.5214 train_f1: 0.5214 time: 0.2311s
INFO:root:Epoch: 0160 val_loss: 1.4325 val_acc: 0.7320 val_f1: 0.7320
INFO:root:Epoch: 0165 lr: 0.01 train_loss: 1.2055 train_acc: 0.5643 train_f1: 0.5643 time: 0.2269s
INFO:root:Epoch: 0165 val_loss: 1.4229 val_acc: 0.7200 val_f1: 0.7200
INFO:root:Epoch: 0170 lr: 0.01 train_loss: 1.2665 train_acc: 0.5929 train_f1: 0.5929 time: 0.2322s
INFO:root:Epoch: 0170 val_loss: 1.4121 val_acc: 0.7220 val_f1: 0.7220
INFO:root:Epoch: 0175 lr: 0.01 train_loss: 1.1789 train_acc: 0.5857 train_f1: 0.5857 time: 0.2261s
INFO:root:Epoch: 0175 val_loss: 1.4018 val_acc: 0.7160 val_f1: 0.7160
INFO:root:Epoch: 0180 lr: 0.01 train_loss: 1.2101 train_acc: 0.6214 train_f1: 0.6214 time: 0.2276s
INFO:root:Epoch: 0180 val_loss: 1.3950 val_acc: 0.7240 val_f1: 0.7240
INFO:root:Epoch: 0185 lr: 0.01 train_loss: 1.1960 train_acc: 0.5571 train_f1: 0.5571 time: 0.2241s
INFO:root:Epoch: 0185 val_loss: 1.3883 val_acc: 0.7200 val_f1: 0.7200
INFO:root:Epoch: 0190 lr: 0.01 train_loss: 1.1490 train_acc: 0.5714 train_f1: 0.5714 time: 0.2287s
INFO:root:Epoch: 0190 val_loss: 1.3841 val_acc: 0.7220 val_f1: 0.7220
INFO:root:Epoch: 0195 lr: 0.01 train_loss: 1.1215 train_acc: 0.6429 train_f1: 0.6429 time: 0.2343s
INFO:root:Epoch: 0195 val_loss: 1.3789 val_acc: 0.7300 val_f1: 0.7300
INFO:root:Epoch: 0200 lr: 0.01 train_loss: 1.1408 train_acc: 0.6071 train_f1: 0.6071 time: 0.2258s
INFO:root:Epoch: 0200 val_loss: 1.3759 val_acc: 0.7300 val_f1: 0.7300
INFO:root:Epoch: 0205 lr: 0.01 train_loss: 1.1528 train_acc: 0.5857 train_f1: 0.5857 time: 0.2282s
INFO:root:Epoch: 0205 val_loss: 1.3724 val_acc: 0.7320 val_f1: 0.7320
INFO:root:Epoch: 0210 lr: 0.01 train_loss: 1.1269 train_acc: 0.5929 train_f1: 0.5929 time: 0.2289s
INFO:root:Epoch: 0210 val_loss: 1.3692 val_acc: 0.7300 val_f1: 0.7300
INFO:root:Epoch: 0215 lr: 0.01 train_loss: 1.0469 train_acc: 0.6500 train_f1: 0.6500 time: 0.2278s
INFO:root:Epoch: 0215 val_loss: 1.3614 val_acc: 0.7260 val_f1: 0.7260
INFO:root:Epoch: 0220 lr: 0.01 train_loss: 1.1145 train_acc: 0.5929 train_f1: 0.5929 time: 0.2284s
INFO:root:Epoch: 0220 val_loss: 1.3536 val_acc: 0.7280 val_f1: 0.7280
INFO:root:Epoch: 0225 lr: 0.01 train_loss: 1.2094 train_acc: 0.6286 train_f1: 0.6286 time: 0.2250s
INFO:root:Epoch: 0225 val_loss: 1.3520 val_acc: 0.7280 val_f1: 0.7280
INFO:root:Epoch: 0230 lr: 0.01 train_loss: 1.1397 train_acc: 0.5857 train_f1: 0.5857 time: 0.2287s
INFO:root:Epoch: 0230 val_loss: 1.3521 val_acc: 0.7300 val_f1: 0.7300
INFO:root:Epoch: 0235 lr: 0.01 train_loss: 1.1136 train_acc: 0.5643 train_f1: 0.5643 time: 0.2294s
INFO:root:Epoch: 0235 val_loss: 1.3479 val_acc: 0.7340 val_f1: 0.7340
INFO:root:Epoch: 0240 lr: 0.01 train_loss: 1.1365 train_acc: 0.5929 train_f1: 0.5929 time: 0.2262s
INFO:root:Epoch: 0240 val_loss: 1.3417 val_acc: 0.7340 val_f1: 0.7340
INFO:root:Epoch: 0245 lr: 0.01 train_loss: 1.1358 train_acc: 0.6214 train_f1: 0.6214 time: 0.2244s
INFO:root:Epoch: 0245 val_loss: 1.3416 val_acc: 0.7420 val_f1: 0.7420
INFO:root:Epoch: 0250 lr: 0.01 train_loss: 1.1795 train_acc: 0.5643 train_f1: 0.5643 time: 0.2244s
INFO:root:Epoch: 0250 val_loss: 1.3424 val_acc: 0.7340 val_f1: 0.7340
INFO:root:Epoch: 0255 lr: 0.01 train_loss: 1.1495 train_acc: 0.5571 train_f1: 0.5571 time: 0.2259s
INFO:root:Epoch: 0255 val_loss: 1.3451 val_acc: 0.7300 val_f1: 0.7300
INFO:root:Epoch: 0260 lr: 0.01 train_loss: 1.1756 train_acc: 0.5714 train_f1: 0.5714 time: 0.2291s
INFO:root:Epoch: 0260 val_loss: 1.3463 val_acc: 0.7280 val_f1: 0.7280
INFO:root:Epoch: 0265 lr: 0.01 train_loss: 1.2722 train_acc: 0.4929 train_f1: 0.4929 time: 0.2253s
INFO:root:Epoch: 0265 val_loss: 1.3407 val_acc: 0.7260 val_f1: 0.7260
INFO:root:Epoch: 0270 lr: 0.01 train_loss: 1.2222 train_acc: 0.5571 train_f1: 0.5571 time: 0.2244s
INFO:root:Epoch: 0270 val_loss: 1.3336 val_acc: 0.7360 val_f1: 0.7360
INFO:root:Epoch: 0275 lr: 0.01 train_loss: 1.1784 train_acc: 0.5500 train_f1: 0.5500 time: 0.2272s
INFO:root:Epoch: 0275 val_loss: 1.3313 val_acc: 0.7300 val_f1: 0.7300
INFO:root:Epoch: 0280 lr: 0.01 train_loss: 1.1144 train_acc: 0.5714 train_f1: 0.5714 time: 0.2379s
INFO:root:Epoch: 0280 val_loss: 1.3343 val_acc: 0.7300 val_f1: 0.7300
INFO:root:Epoch: 0285 lr: 0.01 train_loss: 1.2192 train_acc: 0.5286 train_f1: 0.5286 time: 0.2290s
INFO:root:Epoch: 0285 val_loss: 1.3347 val_acc: 0.7340 val_f1: 0.7340
INFO:root:Epoch: 0290 lr: 0.01 train_loss: 1.0785 train_acc: 0.6357 train_f1: 0.6357 time: 0.2316s
INFO:root:Epoch: 0290 val_loss: 1.3270 val_acc: 0.7320 val_f1: 0.7320
INFO:root:Epoch: 0295 lr: 0.01 train_loss: 1.1009 train_acc: 0.6429 train_f1: 0.6429 time: 0.2393s
INFO:root:Epoch: 0295 val_loss: 1.3206 val_acc: 0.7340 val_f1: 0.7340
INFO:root:Epoch: 0300 lr: 0.01 train_loss: 1.2086 train_acc: 0.5571 train_f1: 0.5571 time: 0.2314s
INFO:root:Epoch: 0300 val_loss: 1.3144 val_acc: 0.7340 val_f1: 0.7340
INFO:root:Epoch: 0305 lr: 0.01 train_loss: 1.1284 train_acc: 0.6286 train_f1: 0.6286 time: 0.2315s
INFO:root:Epoch: 0305 val_loss: 1.3118 val_acc: 0.7380 val_f1: 0.7380
INFO:root:Epoch: 0310 lr: 0.01 train_loss: 1.1031 train_acc: 0.5643 train_f1: 0.5643 time: 0.2303s
INFO:root:Epoch: 0310 val_loss: 1.3137 val_acc: 0.7340 val_f1: 0.7340
INFO:root:Epoch: 0315 lr: 0.01 train_loss: 1.0665 train_acc: 0.6429 train_f1: 0.6429 time: 0.2333s
INFO:root:Epoch: 0315 val_loss: 1.3206 val_acc: 0.7340 val_f1: 0.7340
INFO:root:Epoch: 0320 lr: 0.01 train_loss: 1.1170 train_acc: 0.6571 train_f1: 0.6571 time: 0.2314s
INFO:root:Epoch: 0320 val_loss: 1.3256 val_acc: 0.7300 val_f1: 0.7300
INFO:root:Epoch: 0325 lr: 0.01 train_loss: 1.1867 train_acc: 0.5571 train_f1: 0.5571 time: 0.2355s
INFO:root:Epoch: 0325 val_loss: 1.3196 val_acc: 0.7360 val_f1: 0.7360
INFO:root:Epoch: 0330 lr: 0.01 train_loss: 1.0412 train_acc: 0.6429 train_f1: 0.6429 time: 0.2428s
INFO:root:Epoch: 0330 val_loss: 1.3106 val_acc: 0.7400 val_f1: 0.7400
INFO:root:Epoch: 0335 lr: 0.01 train_loss: 1.2147 train_acc: 0.5143 train_f1: 0.5143 time: 0.2290s
INFO:root:Epoch: 0335 val_loss: 1.3057 val_acc: 0.7500 val_f1: 0.7500
INFO:root:Epoch: 0340 lr: 0.01 train_loss: 1.2496 train_acc: 0.5357 train_f1: 0.5357 time: 0.2441s
INFO:root:Epoch: 0340 val_loss: 1.3036 val_acc: 0.7500 val_f1: 0.7500
INFO:root:Epoch: 0345 lr: 0.01 train_loss: 1.1350 train_acc: 0.5571 train_f1: 0.5571 time: 0.2267s
INFO:root:Epoch: 0345 val_loss: 1.3051 val_acc: 0.7340 val_f1: 0.7340
INFO:root:Epoch: 0350 lr: 0.01 train_loss: 1.1310 train_acc: 0.5929 train_f1: 0.5929 time: 0.2266s
INFO:root:Epoch: 0350 val_loss: 1.3079 val_acc: 0.7360 val_f1: 0.7360
INFO:root:Epoch: 0355 lr: 0.01 train_loss: 1.2256 train_acc: 0.5286 train_f1: 0.5286 time: 0.2340s
INFO:root:Epoch: 0355 val_loss: 1.3093 val_acc: 0.7380 val_f1: 0.7380
INFO:root:Epoch: 0360 lr: 0.01 train_loss: 1.0400 train_acc: 0.6857 train_f1: 0.6857 time: 0.2366s
INFO:root:Epoch: 0360 val_loss: 1.3126 val_acc: 0.7240 val_f1: 0.7240
INFO:root:Epoch: 0365 lr: 0.01 train_loss: 1.1463 train_acc: 0.5714 train_f1: 0.5714 time: 0.2335s
INFO:root:Epoch: 0365 val_loss: 1.3164 val_acc: 0.7260 val_f1: 0.7260
INFO:root:Epoch: 0370 lr: 0.01 train_loss: 1.1196 train_acc: 0.6000 train_f1: 0.6000 time: 0.2327s
INFO:root:Epoch: 0370 val_loss: 1.3148 val_acc: 0.7320 val_f1: 0.7320
INFO:root:Epoch: 0375 lr: 0.01 train_loss: 1.1790 train_acc: 0.5571 train_f1: 0.5571 time: 0.2343s
INFO:root:Epoch: 0375 val_loss: 1.3104 val_acc: 0.7320 val_f1: 0.7320
INFO:root:Epoch: 0380 lr: 0.01 train_loss: 1.0811 train_acc: 0.6357 train_f1: 0.6357 time: 0.2323s
INFO:root:Epoch: 0380 val_loss: 1.3092 val_acc: 0.7320 val_f1: 0.7320
INFO:root:Epoch: 0385 lr: 0.01 train_loss: 1.0449 train_acc: 0.6071 train_f1: 0.6071 time: 0.2338s
INFO:root:Epoch: 0385 val_loss: 1.3058 val_acc: 0.7360 val_f1: 0.7360
INFO:root:Epoch: 0390 lr: 0.01 train_loss: 1.1141 train_acc: 0.5857 train_f1: 0.5857 time: 0.2300s
INFO:root:Epoch: 0390 val_loss: 1.3050 val_acc: 0.7360 val_f1: 0.7360
INFO:root:Epoch: 0395 lr: 0.01 train_loss: 1.2285 train_acc: 0.5643 train_f1: 0.5643 time: 0.2316s
INFO:root:Epoch: 0395 val_loss: 1.3011 val_acc: 0.7340 val_f1: 0.7340
INFO:root:Epoch: 0400 lr: 0.01 train_loss: 1.1733 train_acc: 0.5929 train_f1: 0.5929 time: 0.2360s
INFO:root:Epoch: 0400 val_loss: 1.3002 val_acc: 0.7380 val_f1: 0.7380
INFO:root:Epoch: 0405 lr: 0.01 train_loss: 1.0957 train_acc: 0.5929 train_f1: 0.5929 time: 0.2288s
INFO:root:Epoch: 0405 val_loss: 1.3016 val_acc: 0.7400 val_f1: 0.7400
INFO:root:Epoch: 0410 lr: 0.01 train_loss: 1.1214 train_acc: 0.5571 train_f1: 0.5571 time: 0.2303s
INFO:root:Epoch: 0410 val_loss: 1.2972 val_acc: 0.7400 val_f1: 0.7400
INFO:root:Epoch: 0415 lr: 0.01 train_loss: 1.1296 train_acc: 0.5571 train_f1: 0.5571 time: 0.2282s
INFO:root:Epoch: 0415 val_loss: 1.2929 val_acc: 0.7360 val_f1: 0.7360
INFO:root:Epoch: 0420 lr: 0.01 train_loss: 1.0164 train_acc: 0.6143 train_f1: 0.6143 time: 0.2323s
INFO:root:Epoch: 0420 val_loss: 1.2928 val_acc: 0.7320 val_f1: 0.7320
INFO:root:Epoch: 0425 lr: 0.01 train_loss: 1.1393 train_acc: 0.5929 train_f1: 0.5929 time: 0.2264s
INFO:root:Epoch: 0425 val_loss: 1.2977 val_acc: 0.7380 val_f1: 0.7380
INFO:root:Epoch: 0430 lr: 0.01 train_loss: 1.3246 train_acc: 0.5214 train_f1: 0.5214 time: 0.2342s
INFO:root:Epoch: 0430 val_loss: 1.3042 val_acc: 0.7400 val_f1: 0.7400
INFO:root:Epoch: 0435 lr: 0.01 train_loss: 1.1148 train_acc: 0.5857 train_f1: 0.5857 time: 0.2308s
INFO:root:Epoch: 0435 val_loss: 1.3097 val_acc: 0.7360 val_f1: 0.7360
INFO:root:Early stopping
INFO:root:Optimization Finished!
INFO:root:Total time elapsed: 173.3287s
INFO:root:Val set results: val_loss: 1.3029 val_acc: 0.7540 val_f1: 0.7540
INFO:root:Test set results: test_loss: 1.2760 test_acc: 0.7590 test_f1: 0.7590
