INFO:root:Using: cpu
INFO:root:Using seed 1234.
INFO:root:Num classes: 7
INFO:root:NCModel(
  (encoder): HypGCN(
    (layers): Sequential(
      (0): HyperbolicGraphConvolution(
        (linear): HypLinear(in_features=1433, out_features=4, c=tensor([1.]))
        (agg): HypAgg(c=tensor([1.]), use_att=0)
        (hyp_act): HypAct(c_in=tensor([1.]), c_out=tensor([1.]))
      )
    )
  )
  (decoder): LinearDecoder(
    in_features=4, out_features=7, bias=0, c=tensor([1.])
    (cls): Linear(
      (linear): Linear(in_features=4, out_features=7, bias=False)
    )
  )
)
INFO:root:Total number of parameters: 5764
INFO:root:Epoch: 0005 lr: 0.01 train_loss: 1.9449 train_acc: 0.1714 train_f1: 0.1714 time: 0.1183s
INFO:root:Epoch: 0005 val_loss: 1.9452 val_acc: 0.1400 val_f1: 0.1400
INFO:root:Epoch: 0010 lr: 0.01 train_loss: 1.9433 train_acc: 0.1786 train_f1: 0.1786 time: 0.1281s
INFO:root:Epoch: 0010 val_loss: 1.9434 val_acc: 0.2680 val_f1: 0.2680
INFO:root:Epoch: 0015 lr: 0.01 train_loss: 1.9385 train_acc: 0.2643 train_f1: 0.2643 time: 0.1259s
INFO:root:Epoch: 0015 val_loss: 1.9414 val_acc: 0.3320 val_f1: 0.3320
INFO:root:Epoch: 0020 lr: 0.01 train_loss: 1.9382 train_acc: 0.2857 train_f1: 0.2857 time: 0.1309s
INFO:root:Epoch: 0020 val_loss: 1.9391 val_acc: 0.3460 val_f1: 0.3460
INFO:root:Epoch: 0025 lr: 0.01 train_loss: 1.9312 train_acc: 0.3286 train_f1: 0.3286 time: 0.1271s
INFO:root:Epoch: 0025 val_loss: 1.9363 val_acc: 0.3480 val_f1: 0.3480
INFO:root:Epoch: 0030 lr: 0.01 train_loss: 1.9259 train_acc: 0.3286 train_f1: 0.3286 time: 0.1187s
INFO:root:Epoch: 0030 val_loss: 1.9329 val_acc: 0.3440 val_f1: 0.3440
INFO:root:Epoch: 0035 lr: 0.01 train_loss: 1.9199 train_acc: 0.3071 train_f1: 0.3071 time: 0.1151s
INFO:root:Epoch: 0035 val_loss: 1.9287 val_acc: 0.3440 val_f1: 0.3440
INFO:root:Epoch: 0040 lr: 0.01 train_loss: 1.9140 train_acc: 0.2500 train_f1: 0.2500 time: 0.1230s
INFO:root:Epoch: 0040 val_loss: 1.9242 val_acc: 0.3520 val_f1: 0.3520
INFO:root:Epoch: 0045 lr: 0.01 train_loss: 1.9074 train_acc: 0.2857 train_f1: 0.2857 time: 0.1187s
INFO:root:Epoch: 0045 val_loss: 1.9199 val_acc: 0.3300 val_f1: 0.3300
INFO:root:Epoch: 0050 lr: 0.01 train_loss: 1.8914 train_acc: 0.3357 train_f1: 0.3357 time: 0.1292s
INFO:root:Epoch: 0050 val_loss: 1.9149 val_acc: 0.3260 val_f1: 0.3260
INFO:root:Epoch: 0055 lr: 0.01 train_loss: 1.8933 train_acc: 0.2571 train_f1: 0.2571 time: 0.1259s
INFO:root:Epoch: 0055 val_loss: 1.9089 val_acc: 0.3080 val_f1: 0.3080
INFO:root:Epoch: 0060 lr: 0.01 train_loss: 1.8749 train_acc: 0.3143 train_f1: 0.3143 time: 0.1187s
INFO:root:Epoch: 0060 val_loss: 1.9025 val_acc: 0.3220 val_f1: 0.3220
INFO:root:Epoch: 0065 lr: 0.01 train_loss: 1.8660 train_acc: 0.2714 train_f1: 0.2714 time: 0.1279s
INFO:root:Epoch: 0065 val_loss: 1.8963 val_acc: 0.3000 val_f1: 0.3000
INFO:root:Epoch: 0070 lr: 0.01 train_loss: 1.8342 train_acc: 0.3286 train_f1: 0.3286 time: 0.1175s
INFO:root:Epoch: 0070 val_loss: 1.8885 val_acc: 0.3180 val_f1: 0.3180
INFO:root:Epoch: 0075 lr: 0.01 train_loss: 1.8110 train_acc: 0.3214 train_f1: 0.3214 time: 0.1173s
INFO:root:Epoch: 0075 val_loss: 1.8811 val_acc: 0.3300 val_f1: 0.3300
INFO:root:Epoch: 0080 lr: 0.01 train_loss: 1.7875 train_acc: 0.3500 train_f1: 0.3500 time: 0.1175s
INFO:root:Epoch: 0080 val_loss: 1.8727 val_acc: 0.3300 val_f1: 0.3300
INFO:root:Epoch: 0085 lr: 0.01 train_loss: 1.8103 train_acc: 0.3786 train_f1: 0.3786 time: 0.1206s
INFO:root:Epoch: 0085 val_loss: 1.8639 val_acc: 0.3500 val_f1: 0.3500
INFO:root:Epoch: 0090 lr: 0.01 train_loss: 1.8038 train_acc: 0.3286 train_f1: 0.3286 time: 0.1184s
INFO:root:Epoch: 0090 val_loss: 1.8554 val_acc: 0.3700 val_f1: 0.3700
INFO:root:Epoch: 0095 lr: 0.01 train_loss: 1.8072 train_acc: 0.3214 train_f1: 0.3214 time: 0.1263s
INFO:root:Epoch: 0095 val_loss: 1.8472 val_acc: 0.3740 val_f1: 0.3740
INFO:root:Epoch: 0100 lr: 0.01 train_loss: 1.7452 train_acc: 0.3643 train_f1: 0.3643 time: 0.1170s
INFO:root:Epoch: 0100 val_loss: 1.8384 val_acc: 0.3840 val_f1: 0.3840
INFO:root:Epoch: 0105 lr: 0.01 train_loss: 1.7579 train_acc: 0.3643 train_f1: 0.3643 time: 0.1173s
INFO:root:Epoch: 0105 val_loss: 1.8300 val_acc: 0.3900 val_f1: 0.3900
INFO:root:Epoch: 0110 lr: 0.01 train_loss: 1.7502 train_acc: 0.3143 train_f1: 0.3143 time: 0.1182s
INFO:root:Epoch: 0110 val_loss: 1.8252 val_acc: 0.3820 val_f1: 0.3820
INFO:root:Epoch: 0115 lr: 0.01 train_loss: 1.7069 train_acc: 0.3643 train_f1: 0.3643 time: 0.1207s
INFO:root:Epoch: 0115 val_loss: 1.8200 val_acc: 0.3820 val_f1: 0.3820
INFO:root:Epoch: 0120 lr: 0.01 train_loss: 1.7019 train_acc: 0.3214 train_f1: 0.3214 time: 0.1218s
INFO:root:Epoch: 0120 val_loss: 1.8100 val_acc: 0.3900 val_f1: 0.3900
INFO:root:Epoch: 0125 lr: 0.01 train_loss: 1.6762 train_acc: 0.4429 train_f1: 0.4429 time: 0.1244s
INFO:root:Epoch: 0125 val_loss: 1.7995 val_acc: 0.4000 val_f1: 0.4000
INFO:root:Epoch: 0130 lr: 0.01 train_loss: 1.6494 train_acc: 0.4286 train_f1: 0.4286 time: 0.1295s
INFO:root:Epoch: 0130 val_loss: 1.7872 val_acc: 0.4260 val_f1: 0.4260
INFO:root:Epoch: 0135 lr: 0.01 train_loss: 1.6748 train_acc: 0.4286 train_f1: 0.4286 time: 0.1220s
INFO:root:Epoch: 0135 val_loss: 1.7756 val_acc: 0.4460 val_f1: 0.4460
INFO:root:Epoch: 0140 lr: 0.01 train_loss: 1.6681 train_acc: 0.3643 train_f1: 0.3643 time: 0.1186s
INFO:root:Epoch: 0140 val_loss: 1.7694 val_acc: 0.4760 val_f1: 0.4760
INFO:root:Epoch: 0145 lr: 0.01 train_loss: 1.6867 train_acc: 0.4071 train_f1: 0.4071 time: 0.1179s
INFO:root:Epoch: 0145 val_loss: 1.7641 val_acc: 0.4980 val_f1: 0.4980
INFO:root:Epoch: 0150 lr: 0.01 train_loss: 1.6416 train_acc: 0.4357 train_f1: 0.4357 time: 0.1184s
INFO:root:Epoch: 0150 val_loss: 1.7568 val_acc: 0.5000 val_f1: 0.5000
INFO:root:Epoch: 0155 lr: 0.01 train_loss: 1.5774 train_acc: 0.4429 train_f1: 0.4429 time: 0.1201s
INFO:root:Epoch: 0155 val_loss: 1.7493 val_acc: 0.5020 val_f1: 0.5020
INFO:root:Epoch: 0160 lr: 0.01 train_loss: 1.5589 train_acc: 0.4429 train_f1: 0.4429 time: 0.1205s
INFO:root:Epoch: 0160 val_loss: 1.7422 val_acc: 0.5080 val_f1: 0.5080
INFO:root:Epoch: 0165 lr: 0.01 train_loss: 1.6448 train_acc: 0.3786 train_f1: 0.3786 time: 0.1213s
INFO:root:Epoch: 0165 val_loss: 1.7350 val_acc: 0.5140 val_f1: 0.5140
INFO:root:Epoch: 0170 lr: 0.01 train_loss: 1.5818 train_acc: 0.4929 train_f1: 0.4929 time: 0.1191s
INFO:root:Epoch: 0170 val_loss: 1.7297 val_acc: 0.5220 val_f1: 0.5220
INFO:root:Epoch: 0175 lr: 0.01 train_loss: 1.5958 train_acc: 0.4643 train_f1: 0.4643 time: 0.1207s
INFO:root:Epoch: 0175 val_loss: 1.7270 val_acc: 0.5200 val_f1: 0.5200
INFO:root:Epoch: 0180 lr: 0.01 train_loss: 1.5629 train_acc: 0.4500 train_f1: 0.4500 time: 0.1271s
INFO:root:Epoch: 0180 val_loss: 1.7228 val_acc: 0.5220 val_f1: 0.5220
INFO:root:Epoch: 0185 lr: 0.01 train_loss: 1.5826 train_acc: 0.5071 train_f1: 0.5071 time: 0.1180s
INFO:root:Epoch: 0185 val_loss: 1.7190 val_acc: 0.5220 val_f1: 0.5220
INFO:root:Epoch: 0190 lr: 0.01 train_loss: 1.5816 train_acc: 0.4786 train_f1: 0.4786 time: 0.1223s
INFO:root:Epoch: 0190 val_loss: 1.7136 val_acc: 0.5140 val_f1: 0.5140
INFO:root:Epoch: 0195 lr: 0.01 train_loss: 1.5770 train_acc: 0.5000 train_f1: 0.5000 time: 0.1197s
INFO:root:Epoch: 0195 val_loss: 1.7088 val_acc: 0.5160 val_f1: 0.5160
INFO:root:Epoch: 0200 lr: 0.01 train_loss: 1.5409 train_acc: 0.4357 train_f1: 0.4357 time: 0.1280s
INFO:root:Epoch: 0200 val_loss: 1.7028 val_acc: 0.5200 val_f1: 0.5200
INFO:root:Epoch: 0205 lr: 0.01 train_loss: 1.4821 train_acc: 0.4929 train_f1: 0.4929 time: 0.1167s
INFO:root:Epoch: 0205 val_loss: 1.6959 val_acc: 0.5240 val_f1: 0.5240
INFO:root:Epoch: 0210 lr: 0.01 train_loss: 1.5395 train_acc: 0.5286 train_f1: 0.5286 time: 0.1174s
INFO:root:Epoch: 0210 val_loss: 1.6907 val_acc: 0.5320 val_f1: 0.5320
INFO:root:Epoch: 0215 lr: 0.01 train_loss: 1.5519 train_acc: 0.3929 train_f1: 0.3929 time: 0.1236s
INFO:root:Epoch: 0215 val_loss: 1.6866 val_acc: 0.5380 val_f1: 0.5380
INFO:root:Epoch: 0220 lr: 0.01 train_loss: 1.5730 train_acc: 0.4000 train_f1: 0.4000 time: 0.1259s
INFO:root:Epoch: 0220 val_loss: 1.6850 val_acc: 0.5400 val_f1: 0.5400
INFO:root:Epoch: 0225 lr: 0.01 train_loss: 1.5748 train_acc: 0.4643 train_f1: 0.4643 time: 0.1341s
INFO:root:Epoch: 0225 val_loss: 1.6851 val_acc: 0.5280 val_f1: 0.5280
INFO:root:Epoch: 0230 lr: 0.01 train_loss: 1.4684 train_acc: 0.5071 train_f1: 0.5071 time: 0.1269s
INFO:root:Epoch: 0230 val_loss: 1.6854 val_acc: 0.5280 val_f1: 0.5280
INFO:root:Epoch: 0235 lr: 0.01 train_loss: 1.5302 train_acc: 0.4643 train_f1: 0.4643 time: 0.1265s
INFO:root:Epoch: 0235 val_loss: 1.6852 val_acc: 0.5340 val_f1: 0.5340
INFO:root:Epoch: 0240 lr: 0.01 train_loss: 1.5075 train_acc: 0.4857 train_f1: 0.4857 time: 0.1193s
INFO:root:Epoch: 0240 val_loss: 1.6848 val_acc: 0.5280 val_f1: 0.5280
INFO:root:Epoch: 0245 lr: 0.01 train_loss: 1.5269 train_acc: 0.4143 train_f1: 0.4143 time: 0.1173s
INFO:root:Epoch: 0245 val_loss: 1.6788 val_acc: 0.5280 val_f1: 0.5280
INFO:root:Epoch: 0250 lr: 0.01 train_loss: 1.5117 train_acc: 0.4286 train_f1: 0.4286 time: 0.1244s
INFO:root:Epoch: 0250 val_loss: 1.6695 val_acc: 0.5360 val_f1: 0.5360
INFO:root:Epoch: 0255 lr: 0.01 train_loss: 1.4700 train_acc: 0.4500 train_f1: 0.4500 time: 0.1186s
INFO:root:Epoch: 0255 val_loss: 1.6590 val_acc: 0.5460 val_f1: 0.5460
INFO:root:Epoch: 0260 lr: 0.01 train_loss: 1.5562 train_acc: 0.4214 train_f1: 0.4214 time: 0.1163s
INFO:root:Epoch: 0260 val_loss: 1.6554 val_acc: 0.5340 val_f1: 0.5340
INFO:root:Epoch: 0265 lr: 0.01 train_loss: 1.5654 train_acc: 0.4286 train_f1: 0.4286 time: 0.1218s
INFO:root:Epoch: 0265 val_loss: 1.6547 val_acc: 0.5360 val_f1: 0.5360
INFO:root:Epoch: 0270 lr: 0.01 train_loss: 1.5342 train_acc: 0.3714 train_f1: 0.3714 time: 0.1284s
INFO:root:Epoch: 0270 val_loss: 1.6528 val_acc: 0.5420 val_f1: 0.5420
INFO:root:Epoch: 0275 lr: 0.01 train_loss: 1.6018 train_acc: 0.4071 train_f1: 0.4071 time: 0.1196s
INFO:root:Epoch: 0275 val_loss: 1.6501 val_acc: 0.5380 val_f1: 0.5380
INFO:root:Epoch: 0280 lr: 0.01 train_loss: 1.4866 train_acc: 0.4643 train_f1: 0.4643 time: 0.1322s
INFO:root:Epoch: 0280 val_loss: 1.6469 val_acc: 0.5400 val_f1: 0.5400
INFO:root:Epoch: 0285 lr: 0.01 train_loss: 1.4738 train_acc: 0.5357 train_f1: 0.5357 time: 0.1285s
INFO:root:Epoch: 0285 val_loss: 1.6473 val_acc: 0.5280 val_f1: 0.5280
INFO:root:Epoch: 0290 lr: 0.01 train_loss: 1.5017 train_acc: 0.4357 train_f1: 0.4357 time: 0.1186s
INFO:root:Epoch: 0290 val_loss: 1.6452 val_acc: 0.5380 val_f1: 0.5380
INFO:root:Epoch: 0295 lr: 0.01 train_loss: 1.4587 train_acc: 0.4714 train_f1: 0.4714 time: 0.1398s
INFO:root:Epoch: 0295 val_loss: 1.6416 val_acc: 0.5480 val_f1: 0.5480
INFO:root:Epoch: 0300 lr: 0.01 train_loss: 1.4741 train_acc: 0.4786 train_f1: 0.4786 time: 0.1265s
INFO:root:Epoch: 0300 val_loss: 1.6378 val_acc: 0.5380 val_f1: 0.5380
INFO:root:Epoch: 0305 lr: 0.01 train_loss: 1.5061 train_acc: 0.4857 train_f1: 0.4857 time: 0.1308s
INFO:root:Epoch: 0305 val_loss: 1.6349 val_acc: 0.5400 val_f1: 0.5400
INFO:root:Epoch: 0310 lr: 0.01 train_loss: 1.4922 train_acc: 0.4643 train_f1: 0.4643 time: 0.1296s
INFO:root:Epoch: 0310 val_loss: 1.6300 val_acc: 0.5420 val_f1: 0.5420
INFO:root:Epoch: 0315 lr: 0.01 train_loss: 1.4888 train_acc: 0.5143 train_f1: 0.5143 time: 0.1359s
INFO:root:Epoch: 0315 val_loss: 1.6266 val_acc: 0.5380 val_f1: 0.5380
INFO:root:Epoch: 0320 lr: 0.01 train_loss: 1.4981 train_acc: 0.4357 train_f1: 0.4357 time: 0.1297s
INFO:root:Epoch: 0320 val_loss: 1.6212 val_acc: 0.5420 val_f1: 0.5420
INFO:root:Epoch: 0325 lr: 0.01 train_loss: 1.4393 train_acc: 0.4643 train_f1: 0.4643 time: 0.1268s
INFO:root:Epoch: 0325 val_loss: 1.6201 val_acc: 0.5440 val_f1: 0.5440
INFO:root:Epoch: 0330 lr: 0.01 train_loss: 1.3916 train_acc: 0.5000 train_f1: 0.5000 time: 0.1228s
INFO:root:Epoch: 0330 val_loss: 1.6190 val_acc: 0.5380 val_f1: 0.5380
INFO:root:Epoch: 0335 lr: 0.01 train_loss: 1.4727 train_acc: 0.4714 train_f1: 0.4714 time: 0.1303s
INFO:root:Epoch: 0335 val_loss: 1.6149 val_acc: 0.5400 val_f1: 0.5400
INFO:root:Epoch: 0340 lr: 0.01 train_loss: 1.4540 train_acc: 0.5143 train_f1: 0.5143 time: 0.1312s
INFO:root:Epoch: 0340 val_loss: 1.6135 val_acc: 0.5480 val_f1: 0.5480
INFO:root:Epoch: 0345 lr: 0.01 train_loss: 1.3752 train_acc: 0.5429 train_f1: 0.5429 time: 0.1181s
INFO:root:Epoch: 0345 val_loss: 1.6113 val_acc: 0.5500 val_f1: 0.5500
INFO:root:Epoch: 0350 lr: 0.01 train_loss: 1.4883 train_acc: 0.4714 train_f1: 0.4714 time: 0.1185s
INFO:root:Epoch: 0350 val_loss: 1.6080 val_acc: 0.5560 val_f1: 0.5560
INFO:root:Epoch: 0355 lr: 0.01 train_loss: 1.4917 train_acc: 0.4857 train_f1: 0.4857 time: 0.1265s
INFO:root:Epoch: 0355 val_loss: 1.6042 val_acc: 0.5660 val_f1: 0.5660
INFO:root:Epoch: 0360 lr: 0.01 train_loss: 1.5011 train_acc: 0.4643 train_f1: 0.4643 time: 0.1213s
INFO:root:Epoch: 0360 val_loss: 1.6015 val_acc: 0.5580 val_f1: 0.5580
INFO:root:Epoch: 0365 lr: 0.01 train_loss: 1.3786 train_acc: 0.5643 train_f1: 0.5643 time: 0.1208s
INFO:root:Epoch: 0365 val_loss: 1.6038 val_acc: 0.5540 val_f1: 0.5540
INFO:root:Epoch: 0370 lr: 0.01 train_loss: 1.4386 train_acc: 0.4714 train_f1: 0.4714 time: 0.1227s
INFO:root:Epoch: 0370 val_loss: 1.6070 val_acc: 0.5500 val_f1: 0.5500
INFO:root:Epoch: 0375 lr: 0.01 train_loss: 1.4633 train_acc: 0.4857 train_f1: 0.4857 time: 0.1235s
INFO:root:Epoch: 0375 val_loss: 1.6047 val_acc: 0.5500 val_f1: 0.5500
INFO:root:Epoch: 0380 lr: 0.01 train_loss: 1.3908 train_acc: 0.6000 train_f1: 0.6000 time: 0.1208s
INFO:root:Epoch: 0380 val_loss: 1.6000 val_acc: 0.5540 val_f1: 0.5540
INFO:root:Epoch: 0385 lr: 0.01 train_loss: 1.3996 train_acc: 0.5357 train_f1: 0.5357 time: 0.1211s
INFO:root:Epoch: 0385 val_loss: 1.5972 val_acc: 0.5540 val_f1: 0.5540
INFO:root:Epoch: 0390 lr: 0.01 train_loss: 1.4370 train_acc: 0.4857 train_f1: 0.4857 time: 0.1292s
INFO:root:Epoch: 0390 val_loss: 1.5953 val_acc: 0.5560 val_f1: 0.5560
INFO:root:Epoch: 0395 lr: 0.01 train_loss: 1.3922 train_acc: 0.5286 train_f1: 0.5286 time: 0.1228s
INFO:root:Epoch: 0395 val_loss: 1.5919 val_acc: 0.5580 val_f1: 0.5580
INFO:root:Epoch: 0400 lr: 0.01 train_loss: 1.4140 train_acc: 0.5214 train_f1: 0.5214 time: 0.1215s
INFO:root:Epoch: 0400 val_loss: 1.5892 val_acc: 0.5600 val_f1: 0.5600
INFO:root:Epoch: 0405 lr: 0.01 train_loss: 1.4460 train_acc: 0.5071 train_f1: 0.5071 time: 0.1190s
INFO:root:Epoch: 0405 val_loss: 1.5875 val_acc: 0.5640 val_f1: 0.5640
INFO:root:Epoch: 0410 lr: 0.01 train_loss: 1.4090 train_acc: 0.4786 train_f1: 0.4786 time: 0.1205s
INFO:root:Epoch: 0410 val_loss: 1.5837 val_acc: 0.5700 val_f1: 0.5700
INFO:root:Epoch: 0415 lr: 0.01 train_loss: 1.4058 train_acc: 0.5357 train_f1: 0.5357 time: 0.1240s
INFO:root:Epoch: 0415 val_loss: 1.5807 val_acc: 0.5720 val_f1: 0.5720
INFO:root:Epoch: 0420 lr: 0.01 train_loss: 1.3249 train_acc: 0.5500 train_f1: 0.5500 time: 0.1295s
INFO:root:Epoch: 0420 val_loss: 1.5795 val_acc: 0.5820 val_f1: 0.5820
INFO:root:Epoch: 0425 lr: 0.01 train_loss: 1.4457 train_acc: 0.4857 train_f1: 0.4857 time: 0.1201s
INFO:root:Epoch: 0425 val_loss: 1.5797 val_acc: 0.5740 val_f1: 0.5740
INFO:root:Epoch: 0430 lr: 0.01 train_loss: 1.4240 train_acc: 0.4857 train_f1: 0.4857 time: 0.1186s
INFO:root:Epoch: 0430 val_loss: 1.5813 val_acc: 0.5680 val_f1: 0.5680
INFO:root:Epoch: 0435 lr: 0.01 train_loss: 1.4339 train_acc: 0.4929 train_f1: 0.4929 time: 0.1194s
INFO:root:Epoch: 0435 val_loss: 1.5831 val_acc: 0.5680 val_f1: 0.5680
INFO:root:Epoch: 0440 lr: 0.01 train_loss: 1.2668 train_acc: 0.5214 train_f1: 0.5214 time: 0.1185s
INFO:root:Epoch: 0440 val_loss: 1.5812 val_acc: 0.5700 val_f1: 0.5700
INFO:root:Epoch: 0445 lr: 0.01 train_loss: 1.4726 train_acc: 0.4714 train_f1: 0.4714 time: 0.1231s
INFO:root:Epoch: 0445 val_loss: 1.5799 val_acc: 0.5760 val_f1: 0.5760
INFO:root:Epoch: 0450 lr: 0.01 train_loss: 1.4699 train_acc: 0.4571 train_f1: 0.4571 time: 0.1231s
INFO:root:Epoch: 0450 val_loss: 1.5790 val_acc: 0.5800 val_f1: 0.5800
INFO:root:Epoch: 0455 lr: 0.01 train_loss: 1.3436 train_acc: 0.4929 train_f1: 0.4929 time: 0.1186s
INFO:root:Epoch: 0455 val_loss: 1.5777 val_acc: 0.5720 val_f1: 0.5720
INFO:root:Epoch: 0460 lr: 0.01 train_loss: 1.4744 train_acc: 0.5357 train_f1: 0.5357 time: 0.1183s
INFO:root:Epoch: 0460 val_loss: 1.5767 val_acc: 0.5740 val_f1: 0.5740
INFO:root:Epoch: 0465 lr: 0.01 train_loss: 1.4431 train_acc: 0.4357 train_f1: 0.4357 time: 0.1184s
INFO:root:Epoch: 0465 val_loss: 1.5711 val_acc: 0.5820 val_f1: 0.5820
INFO:root:Epoch: 0470 lr: 0.01 train_loss: 1.3378 train_acc: 0.5071 train_f1: 0.5071 time: 0.1229s
INFO:root:Epoch: 0470 val_loss: 1.5646 val_acc: 0.5860 val_f1: 0.5860
INFO:root:Epoch: 0475 lr: 0.01 train_loss: 1.3359 train_acc: 0.5500 train_f1: 0.5500 time: 0.1209s
INFO:root:Epoch: 0475 val_loss: 1.5619 val_acc: 0.5780 val_f1: 0.5780
INFO:root:Epoch: 0480 lr: 0.01 train_loss: 1.4046 train_acc: 0.4429 train_f1: 0.4429 time: 0.1290s
INFO:root:Epoch: 0480 val_loss: 1.5600 val_acc: 0.5700 val_f1: 0.5700
INFO:root:Epoch: 0485 lr: 0.01 train_loss: 1.4968 train_acc: 0.4214 train_f1: 0.4214 time: 0.1303s
INFO:root:Epoch: 0485 val_loss: 1.5558 val_acc: 0.5880 val_f1: 0.5880
INFO:root:Epoch: 0490 lr: 0.01 train_loss: 1.3269 train_acc: 0.5071 train_f1: 0.5071 time: 0.1365s
INFO:root:Epoch: 0490 val_loss: 1.5527 val_acc: 0.6040 val_f1: 0.6040
INFO:root:Epoch: 0495 lr: 0.01 train_loss: 1.4168 train_acc: 0.5000 train_f1: 0.5000 time: 0.1198s
INFO:root:Epoch: 0495 val_loss: 1.5530 val_acc: 0.6020 val_f1: 0.6020
INFO:root:Epoch: 0500 lr: 0.01 train_loss: 1.4073 train_acc: 0.5214 train_f1: 0.5214 time: 0.1204s
INFO:root:Epoch: 0500 val_loss: 1.5530 val_acc: 0.5880 val_f1: 0.5880
INFO:root:Epoch: 0505 lr: 0.01 train_loss: 1.3718 train_acc: 0.5429 train_f1: 0.5429 time: 0.1211s
INFO:root:Epoch: 0505 val_loss: 1.5545 val_acc: 0.5800 val_f1: 0.5800
INFO:root:Epoch: 0510 lr: 0.01 train_loss: 1.3443 train_acc: 0.5286 train_f1: 0.5286 time: 0.1237s
INFO:root:Epoch: 0510 val_loss: 1.5556 val_acc: 0.5800 val_f1: 0.5800
INFO:root:Epoch: 0515 lr: 0.01 train_loss: 1.4322 train_acc: 0.5143 train_f1: 0.5143 time: 0.1194s
INFO:root:Epoch: 0515 val_loss: 1.5562 val_acc: 0.5900 val_f1: 0.5900
INFO:root:Epoch: 0520 lr: 0.01 train_loss: 1.3550 train_acc: 0.5643 train_f1: 0.5643 time: 0.1208s
INFO:root:Epoch: 0520 val_loss: 1.5595 val_acc: 0.5920 val_f1: 0.5920
INFO:root:Epoch: 0525 lr: 0.01 train_loss: 1.3972 train_acc: 0.5143 train_f1: 0.5143 time: 0.1190s
INFO:root:Epoch: 0525 val_loss: 1.5597 val_acc: 0.5840 val_f1: 0.5840
INFO:root:Epoch: 0530 lr: 0.01 train_loss: 1.3026 train_acc: 0.5286 train_f1: 0.5286 time: 0.1188s
INFO:root:Epoch: 0530 val_loss: 1.5583 val_acc: 0.5860 val_f1: 0.5860
INFO:root:Epoch: 0535 lr: 0.01 train_loss: 1.4267 train_acc: 0.4500 train_f1: 0.4500 time: 0.1176s
INFO:root:Epoch: 0535 val_loss: 1.5569 val_acc: 0.5860 val_f1: 0.5860
INFO:root:Epoch: 0540 lr: 0.01 train_loss: 1.4265 train_acc: 0.5071 train_f1: 0.5071 time: 0.1191s
INFO:root:Epoch: 0540 val_loss: 1.5603 val_acc: 0.5880 val_f1: 0.5880
INFO:root:Epoch: 0545 lr: 0.01 train_loss: 1.4067 train_acc: 0.4714 train_f1: 0.4714 time: 0.1227s
INFO:root:Epoch: 0545 val_loss: 1.5657 val_acc: 0.5860 val_f1: 0.5860
INFO:root:Epoch: 0550 lr: 0.01 train_loss: 1.4009 train_acc: 0.5000 train_f1: 0.5000 time: 0.1212s
INFO:root:Epoch: 0550 val_loss: 1.5718 val_acc: 0.5760 val_f1: 0.5760
INFO:root:Epoch: 0555 lr: 0.01 train_loss: 1.3237 train_acc: 0.5214 train_f1: 0.5214 time: 0.1233s
INFO:root:Epoch: 0555 val_loss: 1.5733 val_acc: 0.5780 val_f1: 0.5780
INFO:root:Epoch: 0560 lr: 0.01 train_loss: 1.4459 train_acc: 0.5357 train_f1: 0.5357 time: 0.1206s
INFO:root:Epoch: 0560 val_loss: 1.5705 val_acc: 0.5780 val_f1: 0.5780
INFO:root:Epoch: 0565 lr: 0.01 train_loss: 1.3658 train_acc: 0.5429 train_f1: 0.5429 time: 0.1214s
INFO:root:Epoch: 0565 val_loss: 1.5649 val_acc: 0.5880 val_f1: 0.5880
INFO:root:Epoch: 0570 lr: 0.01 train_loss: 1.3883 train_acc: 0.5286 train_f1: 0.5286 time: 0.1201s
INFO:root:Epoch: 0570 val_loss: 1.5585 val_acc: 0.5980 val_f1: 0.5980
INFO:root:Epoch: 0575 lr: 0.01 train_loss: 1.3980 train_acc: 0.4500 train_f1: 0.4500 time: 0.1203s
INFO:root:Epoch: 0575 val_loss: 1.5528 val_acc: 0.6020 val_f1: 0.6020
INFO:root:Epoch: 0580 lr: 0.01 train_loss: 1.3166 train_acc: 0.5357 train_f1: 0.5357 time: 0.1188s
INFO:root:Epoch: 0580 val_loss: 1.5500 val_acc: 0.6040 val_f1: 0.6040
INFO:root:Epoch: 0585 lr: 0.01 train_loss: 1.3326 train_acc: 0.5143 train_f1: 0.5143 time: 0.1195s
INFO:root:Epoch: 0585 val_loss: 1.5471 val_acc: 0.6040 val_f1: 0.6040
INFO:root:Epoch: 0590 lr: 0.01 train_loss: 1.4000 train_acc: 0.5143 train_f1: 0.5143 time: 0.1197s
INFO:root:Epoch: 0590 val_loss: 1.5452 val_acc: 0.6160 val_f1: 0.6160
INFO:root:Epoch: 0595 lr: 0.01 train_loss: 1.3286 train_acc: 0.6071 train_f1: 0.6071 time: 0.1317s
INFO:root:Epoch: 0595 val_loss: 1.5445 val_acc: 0.6160 val_f1: 0.6160
INFO:root:Epoch: 0600 lr: 0.01 train_loss: 1.3985 train_acc: 0.4786 train_f1: 0.4786 time: 0.1213s
INFO:root:Epoch: 0600 val_loss: 1.5472 val_acc: 0.6100 val_f1: 0.6100
INFO:root:Epoch: 0605 lr: 0.01 train_loss: 1.3663 train_acc: 0.5286 train_f1: 0.5286 time: 0.1260s
INFO:root:Epoch: 0605 val_loss: 1.5520 val_acc: 0.6000 val_f1: 0.6000
INFO:root:Epoch: 0610 lr: 0.01 train_loss: 1.3751 train_acc: 0.5357 train_f1: 0.5357 time: 0.1268s
INFO:root:Epoch: 0610 val_loss: 1.5536 val_acc: 0.5980 val_f1: 0.5980
INFO:root:Epoch: 0615 lr: 0.01 train_loss: 1.3784 train_acc: 0.5357 train_f1: 0.5357 time: 0.1201s
INFO:root:Epoch: 0615 val_loss: 1.5545 val_acc: 0.5960 val_f1: 0.5960
INFO:root:Epoch: 0620 lr: 0.01 train_loss: 1.3414 train_acc: 0.5357 train_f1: 0.5357 time: 0.1288s
INFO:root:Epoch: 0620 val_loss: 1.5507 val_acc: 0.5960 val_f1: 0.5960
INFO:root:Epoch: 0625 lr: 0.01 train_loss: 1.2602 train_acc: 0.5714 train_f1: 0.5714 time: 0.1231s
INFO:root:Epoch: 0625 val_loss: 1.5502 val_acc: 0.6000 val_f1: 0.6000
INFO:root:Epoch: 0630 lr: 0.01 train_loss: 1.4157 train_acc: 0.4643 train_f1: 0.4643 time: 0.1297s
INFO:root:Epoch: 0630 val_loss: 1.5536 val_acc: 0.5960 val_f1: 0.5960
INFO:root:Epoch: 0635 lr: 0.01 train_loss: 1.3156 train_acc: 0.5071 train_f1: 0.5071 time: 0.1294s
INFO:root:Epoch: 0635 val_loss: 1.5615 val_acc: 0.5880 val_f1: 0.5880
INFO:root:Epoch: 0640 lr: 0.01 train_loss: 1.3359 train_acc: 0.5071 train_f1: 0.5071 time: 0.1259s
INFO:root:Epoch: 0640 val_loss: 1.5653 val_acc: 0.5760 val_f1: 0.5760
INFO:root:Epoch: 0645 lr: 0.01 train_loss: 1.4129 train_acc: 0.4500 train_f1: 0.4500 time: 0.1185s
INFO:root:Epoch: 0645 val_loss: 1.5620 val_acc: 0.5860 val_f1: 0.5860
INFO:root:Epoch: 0650 lr: 0.01 train_loss: 1.4207 train_acc: 0.4714 train_f1: 0.4714 time: 0.1187s
INFO:root:Epoch: 0650 val_loss: 1.5555 val_acc: 0.6020 val_f1: 0.6020
INFO:root:Epoch: 0655 lr: 0.01 train_loss: 1.4017 train_acc: 0.4929 train_f1: 0.4929 time: 0.1249s
INFO:root:Epoch: 0655 val_loss: 1.5456 val_acc: 0.6020 val_f1: 0.6020
INFO:root:Epoch: 0660 lr: 0.01 train_loss: 1.3182 train_acc: 0.5500 train_f1: 0.5500 time: 0.1299s
INFO:root:Epoch: 0660 val_loss: 1.5405 val_acc: 0.6060 val_f1: 0.6060
INFO:root:Epoch: 0665 lr: 0.01 train_loss: 1.4706 train_acc: 0.4714 train_f1: 0.4714 time: 0.1200s
INFO:root:Epoch: 0665 val_loss: 1.5437 val_acc: 0.5940 val_f1: 0.5940
INFO:root:Epoch: 0670 lr: 0.01 train_loss: 1.3095 train_acc: 0.5071 train_f1: 0.5071 time: 0.1294s
INFO:root:Epoch: 0670 val_loss: 1.5455 val_acc: 0.6040 val_f1: 0.6040
INFO:root:Epoch: 0675 lr: 0.01 train_loss: 1.3374 train_acc: 0.5071 train_f1: 0.5071 time: 0.1204s
INFO:root:Epoch: 0675 val_loss: 1.5468 val_acc: 0.6040 val_f1: 0.6040
INFO:root:Epoch: 0680 lr: 0.01 train_loss: 1.3839 train_acc: 0.4929 train_f1: 0.4929 time: 0.1327s
INFO:root:Epoch: 0680 val_loss: 1.5476 val_acc: 0.5920 val_f1: 0.5920
INFO:root:Epoch: 0685 lr: 0.01 train_loss: 1.2068 train_acc: 0.6000 train_f1: 0.6000 time: 0.1238s
INFO:root:Epoch: 0685 val_loss: 1.5495 val_acc: 0.5940 val_f1: 0.5940
INFO:root:Epoch: 0690 lr: 0.01 train_loss: 1.3858 train_acc: 0.5357 train_f1: 0.5357 time: 0.1218s
INFO:root:Epoch: 0690 val_loss: 1.5502 val_acc: 0.5980 val_f1: 0.5980
INFO:root:Early stopping
INFO:root:Optimization Finished!
INFO:root:Total time elapsed: 157.4299s
INFO:root:Val set results: val_loss: 1.5452 val_acc: 0.6160 val_f1: 0.6160
INFO:root:Test set results: test_loss: 1.5329 test_acc: 0.6490 test_f1: 0.6490
