INFO:root:Using: cpu
INFO:root:Using seed 1234.
INFO:root:Num classes: 7
INFO:root:NCModel(
  (encoder): HypGCN(
    (layers): Sequential(
      (0): HyperbolicGraphConvolution(
        (linear): HypLinear(in_features=1433, out_features=16, c=tensor([1.]))
        (agg): HypAgg(c=tensor([1.]), use_att=0)
        (hyp_act): HypAct(c_in=tensor([1.]), c_out=tensor([1.]))
      )
    )
  )
  (decoder): LinearDecoder(
    in_features=16, out_features=7, bias=0, c=tensor([1.])
    (cls): Linear(
      (linear): Linear(in_features=16, out_features=7, bias=False)
    )
  )
)
INFO:root:Total number of parameters: 23056
INFO:root:Epoch: 0005 lr: 0.01 train_loss: 1.9435 train_acc: 0.2071 train_f1: 0.2071 time: 0.1462s
INFO:root:Epoch: 0005 val_loss: 1.9447 val_acc: 0.2080 val_f1: 0.2080
INFO:root:Epoch: 0010 lr: 0.01 train_loss: 1.9398 train_acc: 0.2714 train_f1: 0.2714 time: 0.1550s
INFO:root:Epoch: 0010 val_loss: 1.9422 val_acc: 0.1940 val_f1: 0.1940
INFO:root:Epoch: 0015 lr: 0.01 train_loss: 1.9314 train_acc: 0.2786 train_f1: 0.2786 time: 0.1353s
INFO:root:Epoch: 0015 val_loss: 1.9392 val_acc: 0.1960 val_f1: 0.1960
INFO:root:Epoch: 0020 lr: 0.01 train_loss: 1.9182 train_acc: 0.3214 train_f1: 0.3214 time: 0.1400s
INFO:root:Epoch: 0020 val_loss: 1.9342 val_acc: 0.2120 val_f1: 0.2120
INFO:root:Epoch: 0025 lr: 0.01 train_loss: 1.9068 train_acc: 0.3214 train_f1: 0.3214 time: 0.1410s
INFO:root:Epoch: 0025 val_loss: 1.9276 val_acc: 0.2240 val_f1: 0.2240
INFO:root:Epoch: 0030 lr: 0.01 train_loss: 1.8887 train_acc: 0.2714 train_f1: 0.2714 time: 0.1384s
INFO:root:Epoch: 0030 val_loss: 1.9197 val_acc: 0.2280 val_f1: 0.2280
INFO:root:Epoch: 0035 lr: 0.01 train_loss: 1.8635 train_acc: 0.3214 train_f1: 0.3214 time: 0.1383s
INFO:root:Epoch: 0035 val_loss: 1.9101 val_acc: 0.2260 val_f1: 0.2260
INFO:root:Epoch: 0040 lr: 0.01 train_loss: 1.8380 train_acc: 0.3214 train_f1: 0.3214 time: 0.1370s
INFO:root:Epoch: 0040 val_loss: 1.8980 val_acc: 0.2320 val_f1: 0.2320
INFO:root:Epoch: 0045 lr: 0.01 train_loss: 1.8160 train_acc: 0.3214 train_f1: 0.3214 time: 0.1367s
INFO:root:Epoch: 0045 val_loss: 1.8816 val_acc: 0.2520 val_f1: 0.2520
INFO:root:Epoch: 0050 lr: 0.01 train_loss: 1.7785 train_acc: 0.3429 train_f1: 0.3429 time: 0.1424s
INFO:root:Epoch: 0050 val_loss: 1.8645 val_acc: 0.2720 val_f1: 0.2720
INFO:root:Epoch: 0055 lr: 0.01 train_loss: 1.7465 train_acc: 0.3786 train_f1: 0.3786 time: 0.1375s
INFO:root:Epoch: 0055 val_loss: 1.8477 val_acc: 0.2880 val_f1: 0.2880
INFO:root:Epoch: 0060 lr: 0.01 train_loss: 1.7052 train_acc: 0.4143 train_f1: 0.4143 time: 0.1432s
INFO:root:Epoch: 0060 val_loss: 1.8293 val_acc: 0.3140 val_f1: 0.3140
INFO:root:Epoch: 0065 lr: 0.01 train_loss: 1.6875 train_acc: 0.4000 train_f1: 0.4000 time: 0.1356s
INFO:root:Epoch: 0065 val_loss: 1.8102 val_acc: 0.3360 val_f1: 0.3360
INFO:root:Epoch: 0070 lr: 0.01 train_loss: 1.6723 train_acc: 0.4643 train_f1: 0.4643 time: 0.1456s
INFO:root:Epoch: 0070 val_loss: 1.7917 val_acc: 0.3480 val_f1: 0.3480
INFO:root:Epoch: 0075 lr: 0.01 train_loss: 1.6291 train_acc: 0.4643 train_f1: 0.4643 time: 0.1445s
INFO:root:Epoch: 0075 val_loss: 1.7720 val_acc: 0.3820 val_f1: 0.3820
INFO:root:Epoch: 0080 lr: 0.01 train_loss: 1.6203 train_acc: 0.4786 train_f1: 0.4786 time: 0.1408s
INFO:root:Epoch: 0080 val_loss: 1.7483 val_acc: 0.4260 val_f1: 0.4260
INFO:root:Epoch: 0085 lr: 0.01 train_loss: 1.5594 train_acc: 0.4857 train_f1: 0.4857 time: 0.1354s
INFO:root:Epoch: 0085 val_loss: 1.7229 val_acc: 0.4740 val_f1: 0.4740
INFO:root:Epoch: 0090 lr: 0.01 train_loss: 1.5163 train_acc: 0.4857 train_f1: 0.4857 time: 0.1359s
INFO:root:Epoch: 0090 val_loss: 1.7010 val_acc: 0.5160 val_f1: 0.5160
INFO:root:Epoch: 0095 lr: 0.01 train_loss: 1.5152 train_acc: 0.5357 train_f1: 0.5357 time: 0.1512s
INFO:root:Epoch: 0095 val_loss: 1.6810 val_acc: 0.5460 val_f1: 0.5460
INFO:root:Epoch: 0100 lr: 0.01 train_loss: 1.5004 train_acc: 0.4786 train_f1: 0.4786 time: 0.1405s
INFO:root:Epoch: 0100 val_loss: 1.6578 val_acc: 0.5780 val_f1: 0.5780
INFO:root:Epoch: 0105 lr: 0.01 train_loss: 1.4340 train_acc: 0.5571 train_f1: 0.5571 time: 0.1460s
INFO:root:Epoch: 0105 val_loss: 1.6320 val_acc: 0.6420 val_f1: 0.6420
INFO:root:Epoch: 0110 lr: 0.01 train_loss: 1.3298 train_acc: 0.6000 train_f1: 0.6000 time: 0.1382s
INFO:root:Epoch: 0110 val_loss: 1.6077 val_acc: 0.6580 val_f1: 0.6580
INFO:root:Epoch: 0115 lr: 0.01 train_loss: 1.3991 train_acc: 0.5929 train_f1: 0.5929 time: 0.1538s
INFO:root:Epoch: 0115 val_loss: 1.5852 val_acc: 0.6820 val_f1: 0.6820
INFO:root:Epoch: 0120 lr: 0.01 train_loss: 1.4261 train_acc: 0.5429 train_f1: 0.5429 time: 0.1458s
INFO:root:Epoch: 0120 val_loss: 1.5642 val_acc: 0.6880 val_f1: 0.6880
INFO:root:Epoch: 0125 lr: 0.01 train_loss: 1.2887 train_acc: 0.5786 train_f1: 0.5786 time: 0.1343s
INFO:root:Epoch: 0125 val_loss: 1.5410 val_acc: 0.7060 val_f1: 0.7060
INFO:root:Epoch: 0130 lr: 0.01 train_loss: 1.3301 train_acc: 0.5357 train_f1: 0.5357 time: 0.1351s
INFO:root:Epoch: 0130 val_loss: 1.5196 val_acc: 0.7280 val_f1: 0.7280
INFO:root:Epoch: 0135 lr: 0.01 train_loss: 1.2530 train_acc: 0.5286 train_f1: 0.5286 time: 0.1349s
INFO:root:Epoch: 0135 val_loss: 1.4980 val_acc: 0.7340 val_f1: 0.7340
INFO:root:Epoch: 0140 lr: 0.01 train_loss: 1.2521 train_acc: 0.5500 train_f1: 0.5500 time: 0.1420s
INFO:root:Epoch: 0140 val_loss: 1.4754 val_acc: 0.7380 val_f1: 0.7380
INFO:root:Epoch: 0145 lr: 0.01 train_loss: 1.2648 train_acc: 0.5500 train_f1: 0.5500 time: 0.1378s
INFO:root:Epoch: 0145 val_loss: 1.4563 val_acc: 0.7460 val_f1: 0.7460
INFO:root:Epoch: 0150 lr: 0.01 train_loss: 1.3048 train_acc: 0.5071 train_f1: 0.5071 time: 0.1405s
INFO:root:Epoch: 0150 val_loss: 1.4398 val_acc: 0.7460 val_f1: 0.7460
INFO:root:Epoch: 0155 lr: 0.01 train_loss: 1.1548 train_acc: 0.6214 train_f1: 0.6214 time: 0.1349s
INFO:root:Epoch: 0155 val_loss: 1.4230 val_acc: 0.7460 val_f1: 0.7460
INFO:root:Epoch: 0160 lr: 0.01 train_loss: 1.1097 train_acc: 0.6571 train_f1: 0.6571 time: 0.1413s
INFO:root:Epoch: 0160 val_loss: 1.4101 val_acc: 0.7500 val_f1: 0.7500
INFO:root:Epoch: 0165 lr: 0.01 train_loss: 1.2043 train_acc: 0.5429 train_f1: 0.5429 time: 0.1360s
INFO:root:Epoch: 0165 val_loss: 1.3979 val_acc: 0.7480 val_f1: 0.7480
INFO:root:Epoch: 0170 lr: 0.01 train_loss: 1.1277 train_acc: 0.6143 train_f1: 0.6143 time: 0.1350s
INFO:root:Epoch: 0170 val_loss: 1.3855 val_acc: 0.7500 val_f1: 0.7500
INFO:root:Epoch: 0175 lr: 0.01 train_loss: 1.1762 train_acc: 0.5929 train_f1: 0.5929 time: 0.1356s
INFO:root:Epoch: 0175 val_loss: 1.3721 val_acc: 0.7440 val_f1: 0.7440
INFO:root:Epoch: 0180 lr: 0.01 train_loss: 1.1286 train_acc: 0.6500 train_f1: 0.6500 time: 0.1342s
INFO:root:Epoch: 0180 val_loss: 1.3544 val_acc: 0.7360 val_f1: 0.7360
INFO:root:Epoch: 0185 lr: 0.01 train_loss: 1.1972 train_acc: 0.5714 train_f1: 0.5714 time: 0.1395s
INFO:root:Epoch: 0185 val_loss: 1.3382 val_acc: 0.7480 val_f1: 0.7480
INFO:root:Epoch: 0190 lr: 0.01 train_loss: 1.1656 train_acc: 0.5500 train_f1: 0.5500 time: 0.1343s
INFO:root:Epoch: 0190 val_loss: 1.3233 val_acc: 0.7540 val_f1: 0.7540
INFO:root:Epoch: 0195 lr: 0.01 train_loss: 1.0952 train_acc: 0.6286 train_f1: 0.6286 time: 0.1416s
INFO:root:Epoch: 0195 val_loss: 1.3149 val_acc: 0.7560 val_f1: 0.7560
INFO:root:Epoch: 0200 lr: 0.01 train_loss: 1.0010 train_acc: 0.7214 train_f1: 0.7214 time: 0.1353s
INFO:root:Epoch: 0200 val_loss: 1.3135 val_acc: 0.7380 val_f1: 0.7380
INFO:root:Epoch: 0205 lr: 0.01 train_loss: 1.0659 train_acc: 0.5643 train_f1: 0.5643 time: 0.1535s
INFO:root:Epoch: 0205 val_loss: 1.3149 val_acc: 0.7460 val_f1: 0.7460
INFO:root:Epoch: 0210 lr: 0.01 train_loss: 1.2386 train_acc: 0.5429 train_f1: 0.5429 time: 0.1357s
INFO:root:Epoch: 0210 val_loss: 1.3134 val_acc: 0.7440 val_f1: 0.7440
INFO:root:Epoch: 0215 lr: 0.01 train_loss: 1.1281 train_acc: 0.6071 train_f1: 0.6071 time: 0.1550s
INFO:root:Epoch: 0215 val_loss: 1.3093 val_acc: 0.7480 val_f1: 0.7480
INFO:root:Epoch: 0220 lr: 0.01 train_loss: 1.1050 train_acc: 0.5786 train_f1: 0.5786 time: 0.1382s
INFO:root:Epoch: 0220 val_loss: 1.3044 val_acc: 0.7520 val_f1: 0.7520
INFO:root:Epoch: 0225 lr: 0.01 train_loss: 1.1340 train_acc: 0.5500 train_f1: 0.5500 time: 0.1530s
INFO:root:Epoch: 0225 val_loss: 1.2981 val_acc: 0.7460 val_f1: 0.7460
INFO:root:Epoch: 0230 lr: 0.01 train_loss: 1.0948 train_acc: 0.6143 train_f1: 0.6143 time: 0.1395s
INFO:root:Epoch: 0230 val_loss: 1.2923 val_acc: 0.7520 val_f1: 0.7520
INFO:root:Epoch: 0235 lr: 0.01 train_loss: 1.0475 train_acc: 0.6143 train_f1: 0.6143 time: 0.1566s
INFO:root:Epoch: 0235 val_loss: 1.2815 val_acc: 0.7520 val_f1: 0.7520
INFO:root:Epoch: 0240 lr: 0.01 train_loss: 1.0631 train_acc: 0.6571 train_f1: 0.6571 time: 0.1348s
INFO:root:Epoch: 0240 val_loss: 1.2681 val_acc: 0.7520 val_f1: 0.7520
INFO:root:Epoch: 0245 lr: 0.01 train_loss: 1.0815 train_acc: 0.5714 train_f1: 0.5714 time: 0.1634s
INFO:root:Epoch: 0245 val_loss: 1.2543 val_acc: 0.7540 val_f1: 0.7540
INFO:root:Epoch: 0250 lr: 0.01 train_loss: 0.9766 train_acc: 0.6429 train_f1: 0.6429 time: 0.1362s
INFO:root:Epoch: 0250 val_loss: 1.2512 val_acc: 0.7500 val_f1: 0.7500
INFO:root:Epoch: 0255 lr: 0.01 train_loss: 1.1624 train_acc: 0.5214 train_f1: 0.5214 time: 0.1566s
INFO:root:Epoch: 0255 val_loss: 1.2504 val_acc: 0.7520 val_f1: 0.7520
INFO:root:Epoch: 0260 lr: 0.01 train_loss: 1.0248 train_acc: 0.5929 train_f1: 0.5929 time: 0.1364s
INFO:root:Epoch: 0260 val_loss: 1.2526 val_acc: 0.7540 val_f1: 0.7540
INFO:root:Epoch: 0265 lr: 0.01 train_loss: 1.1347 train_acc: 0.5500 train_f1: 0.5500 time: 0.1540s
INFO:root:Epoch: 0265 val_loss: 1.2580 val_acc: 0.7460 val_f1: 0.7460
INFO:root:Epoch: 0270 lr: 0.01 train_loss: 1.0288 train_acc: 0.6500 train_f1: 0.6500 time: 0.1374s
INFO:root:Epoch: 0270 val_loss: 1.2608 val_acc: 0.7480 val_f1: 0.7480
INFO:root:Epoch: 0275 lr: 0.01 train_loss: 1.0838 train_acc: 0.5786 train_f1: 0.5786 time: 0.1508s
INFO:root:Epoch: 0275 val_loss: 1.2567 val_acc: 0.7500 val_f1: 0.7500
INFO:root:Epoch: 0280 lr: 0.01 train_loss: 1.1371 train_acc: 0.5357 train_f1: 0.5357 time: 0.1384s
INFO:root:Epoch: 0280 val_loss: 1.2540 val_acc: 0.7500 val_f1: 0.7500
INFO:root:Epoch: 0285 lr: 0.01 train_loss: 1.1564 train_acc: 0.6000 train_f1: 0.6000 time: 0.1529s
INFO:root:Epoch: 0285 val_loss: 1.2518 val_acc: 0.7500 val_f1: 0.7500
INFO:root:Epoch: 0290 lr: 0.01 train_loss: 0.9883 train_acc: 0.6571 train_f1: 0.6571 time: 0.1357s
INFO:root:Epoch: 0290 val_loss: 1.2499 val_acc: 0.7520 val_f1: 0.7520
INFO:root:Early stopping
INFO:root:Optimization Finished!
INFO:root:Total time elapsed: 74.8924s
INFO:root:Val set results: val_loss: 1.3157 val_acc: 0.7600 val_f1: 0.7600
INFO:root:Test set results: test_loss: 1.3030 test_acc: 0.7830 test_f1: 0.7830
