INFO:root:Using: cpu
INFO:root:Using seed 1234.
INFO:root:Num classes: 7
INFO:root:NCModel(
  (encoder): HypGCN(
    (layers): Sequential(
      (0): HyperbolicGraphConvolution(
        (linear): HypLinear(in_features=1433, out_features=4, c=tensor([1.]))
        (agg): HypAgg(c=tensor([1.]), use_att=0)
        (hyp_act): HypAct(c_in=tensor([1.]), c_out=tensor([1.]))
      )
    )
  )
  (decoder): LinearDecoder(
    in_features=4, out_features=7, bias=0, c=tensor([1.])
    (cls): Linear(
      (linear): Linear(in_features=4, out_features=7, bias=False)
    )
  )
)
INFO:root:Total number of parameters: 5764
INFO:root:Epoch: 0005 lr: 0.01 train_loss: 1.9453 train_acc: 0.1429 train_f1: 0.1429 time: 0.1730s
INFO:root:Epoch: 0005 val_loss: 1.9453 val_acc: 0.1220 val_f1: 0.1220
INFO:root:Epoch: 0010 lr: 0.01 train_loss: 1.9444 train_acc: 0.1857 train_f1: 0.1857 time: 0.1621s
INFO:root:Epoch: 0010 val_loss: 1.9446 val_acc: 0.2040 val_f1: 0.2040
INFO:root:Epoch: 0015 lr: 0.01 train_loss: 1.9428 train_acc: 0.2143 train_f1: 0.2143 time: 0.1698s
INFO:root:Epoch: 0015 val_loss: 1.9440 val_acc: 0.2400 val_f1: 0.2400
INFO:root:Epoch: 0020 lr: 0.01 train_loss: 1.9423 train_acc: 0.2500 train_f1: 0.2500 time: 0.1646s
INFO:root:Epoch: 0020 val_loss: 1.9433 val_acc: 0.2220 val_f1: 0.2220
INFO:root:Epoch: 0025 lr: 0.01 train_loss: 1.9397 train_acc: 0.2500 train_f1: 0.2500 time: 0.1643s
INFO:root:Epoch: 0025 val_loss: 1.9426 val_acc: 0.2360 val_f1: 0.2360
INFO:root:Epoch: 0030 lr: 0.01 train_loss: 1.9373 train_acc: 0.3000 train_f1: 0.3000 time: 0.1697s
INFO:root:Epoch: 0030 val_loss: 1.9418 val_acc: 0.2320 val_f1: 0.2320
INFO:root:Epoch: 0035 lr: 0.01 train_loss: 1.9348 train_acc: 0.2500 train_f1: 0.2500 time: 0.1666s
INFO:root:Epoch: 0035 val_loss: 1.9407 val_acc: 0.2360 val_f1: 0.2360
INFO:root:Epoch: 0040 lr: 0.01 train_loss: 1.9373 train_acc: 0.2357 train_f1: 0.2357 time: 0.1601s
INFO:root:Epoch: 0040 val_loss: 1.9393 val_acc: 0.2460 val_f1: 0.2460
INFO:root:Epoch: 0045 lr: 0.01 train_loss: 1.9306 train_acc: 0.2429 train_f1: 0.2429 time: 0.1601s
INFO:root:Epoch: 0045 val_loss: 1.9378 val_acc: 0.2500 val_f1: 0.2500
INFO:root:Epoch: 0050 lr: 0.01 train_loss: 1.9268 train_acc: 0.2143 train_f1: 0.2143 time: 0.1623s
INFO:root:Epoch: 0050 val_loss: 1.9361 val_acc: 0.2400 val_f1: 0.2400
INFO:root:Epoch: 0055 lr: 0.01 train_loss: 1.9265 train_acc: 0.2000 train_f1: 0.2000 time: 0.1598s
INFO:root:Epoch: 0055 val_loss: 1.9342 val_acc: 0.2440 val_f1: 0.2440
INFO:root:Epoch: 0060 lr: 0.01 train_loss: 1.9158 train_acc: 0.2857 train_f1: 0.2857 time: 0.1612s
INFO:root:Epoch: 0060 val_loss: 1.9318 val_acc: 0.2480 val_f1: 0.2480
INFO:root:Epoch: 0065 lr: 0.01 train_loss: 1.9109 train_acc: 0.2714 train_f1: 0.2714 time: 0.1635s
INFO:root:Epoch: 0065 val_loss: 1.9297 val_acc: 0.2420 val_f1: 0.2420
INFO:root:Epoch: 0070 lr: 0.01 train_loss: 1.9029 train_acc: 0.3071 train_f1: 0.3071 time: 0.1625s
INFO:root:Epoch: 0070 val_loss: 1.9270 val_acc: 0.2500 val_f1: 0.2500
INFO:root:Epoch: 0075 lr: 0.01 train_loss: 1.8952 train_acc: 0.3214 train_f1: 0.3214 time: 0.1663s
INFO:root:Epoch: 0075 val_loss: 1.9238 val_acc: 0.2520 val_f1: 0.2520
INFO:root:Epoch: 0080 lr: 0.01 train_loss: 1.8824 train_acc: 0.3357 train_f1: 0.3357 time: 0.1584s
INFO:root:Epoch: 0080 val_loss: 1.9203 val_acc: 0.2560 val_f1: 0.2560
INFO:root:Epoch: 0085 lr: 0.01 train_loss: 1.8977 train_acc: 0.3214 train_f1: 0.3214 time: 0.1683s
INFO:root:Epoch: 0085 val_loss: 1.9167 val_acc: 0.2560 val_f1: 0.2560
INFO:root:Epoch: 0090 lr: 0.01 train_loss: 1.8949 train_acc: 0.2714 train_f1: 0.2714 time: 0.1646s
INFO:root:Epoch: 0090 val_loss: 1.9133 val_acc: 0.2600 val_f1: 0.2600
INFO:root:Epoch: 0095 lr: 0.01 train_loss: 1.8837 train_acc: 0.3286 train_f1: 0.3286 time: 0.1727s
INFO:root:Epoch: 0095 val_loss: 1.9100 val_acc: 0.2660 val_f1: 0.2660
INFO:root:Epoch: 0100 lr: 0.01 train_loss: 1.8506 train_acc: 0.3000 train_f1: 0.3000 time: 0.1662s
INFO:root:Epoch: 0100 val_loss: 1.9059 val_acc: 0.2780 val_f1: 0.2780
INFO:root:Epoch: 0105 lr: 0.01 train_loss: 1.8520 train_acc: 0.2929 train_f1: 0.2929 time: 0.1615s
INFO:root:Epoch: 0105 val_loss: 1.9013 val_acc: 0.2800 val_f1: 0.2800
INFO:root:Epoch: 0110 lr: 0.01 train_loss: 1.8575 train_acc: 0.2500 train_f1: 0.2500 time: 0.1713s
INFO:root:Epoch: 0110 val_loss: 1.8977 val_acc: 0.2860 val_f1: 0.2860
INFO:root:Epoch: 0115 lr: 0.01 train_loss: 1.8155 train_acc: 0.2929 train_f1: 0.2929 time: 0.1632s
INFO:root:Epoch: 0115 val_loss: 1.8938 val_acc: 0.2880 val_f1: 0.2880
INFO:root:Epoch: 0120 lr: 0.01 train_loss: 1.8145 train_acc: 0.2643 train_f1: 0.2643 time: 0.1712s
INFO:root:Epoch: 0120 val_loss: 1.8884 val_acc: 0.2980 val_f1: 0.2980
INFO:root:Epoch: 0125 lr: 0.01 train_loss: 1.8412 train_acc: 0.2643 train_f1: 0.2643 time: 0.1705s
INFO:root:Epoch: 0125 val_loss: 1.8828 val_acc: 0.3240 val_f1: 0.3240
INFO:root:Epoch: 0130 lr: 0.01 train_loss: 1.8165 train_acc: 0.3500 train_f1: 0.3500 time: 0.1763s
INFO:root:Epoch: 0130 val_loss: 1.8769 val_acc: 0.3440 val_f1: 0.3440
INFO:root:Epoch: 0135 lr: 0.01 train_loss: 1.8106 train_acc: 0.3500 train_f1: 0.3500 time: 0.1848s
INFO:root:Epoch: 0135 val_loss: 1.8712 val_acc: 0.3660 val_f1: 0.3660
INFO:root:Epoch: 0140 lr: 0.01 train_loss: 1.7944 train_acc: 0.3429 train_f1: 0.3429 time: 0.1662s
INFO:root:Epoch: 0140 val_loss: 1.8660 val_acc: 0.3740 val_f1: 0.3740
INFO:root:Epoch: 0145 lr: 0.01 train_loss: 1.8214 train_acc: 0.2643 train_f1: 0.2643 time: 0.1592s
INFO:root:Epoch: 0145 val_loss: 1.8607 val_acc: 0.3900 val_f1: 0.3900
INFO:root:Epoch: 0150 lr: 0.01 train_loss: 1.7852 train_acc: 0.3214 train_f1: 0.3214 time: 0.1608s
INFO:root:Epoch: 0150 val_loss: 1.8550 val_acc: 0.3940 val_f1: 0.3940
INFO:root:Epoch: 0155 lr: 0.01 train_loss: 1.7518 train_acc: 0.3357 train_f1: 0.3357 time: 0.1736s
INFO:root:Epoch: 0155 val_loss: 1.8492 val_acc: 0.3960 val_f1: 0.3960
INFO:root:Epoch: 0160 lr: 0.01 train_loss: 1.7259 train_acc: 0.3357 train_f1: 0.3357 time: 0.1674s
INFO:root:Epoch: 0160 val_loss: 1.8442 val_acc: 0.4100 val_f1: 0.4100
INFO:root:Epoch: 0165 lr: 0.01 train_loss: 1.7887 train_acc: 0.2929 train_f1: 0.2929 time: 0.1693s
INFO:root:Epoch: 0165 val_loss: 1.8404 val_acc: 0.4080 val_f1: 0.4080
INFO:root:Epoch: 0170 lr: 0.01 train_loss: 1.7249 train_acc: 0.3429 train_f1: 0.3429 time: 0.1693s
INFO:root:Epoch: 0170 val_loss: 1.8375 val_acc: 0.4140 val_f1: 0.4140
INFO:root:Epoch: 0175 lr: 0.01 train_loss: 1.7526 train_acc: 0.3571 train_f1: 0.3571 time: 0.1596s
INFO:root:Epoch: 0175 val_loss: 1.8340 val_acc: 0.4280 val_f1: 0.4280
INFO:root:Epoch: 0180 lr: 0.01 train_loss: 1.7783 train_acc: 0.4357 train_f1: 0.4357 time: 0.1660s
INFO:root:Epoch: 0180 val_loss: 1.8302 val_acc: 0.4240 val_f1: 0.4240
INFO:root:Epoch: 0185 lr: 0.01 train_loss: 1.7383 train_acc: 0.3857 train_f1: 0.3857 time: 0.1874s
INFO:root:Epoch: 0185 val_loss: 1.8255 val_acc: 0.4240 val_f1: 0.4240
INFO:root:Epoch: 0190 lr: 0.01 train_loss: 1.7689 train_acc: 0.3571 train_f1: 0.3571 time: 0.1601s
INFO:root:Epoch: 0190 val_loss: 1.8208 val_acc: 0.4240 val_f1: 0.4240
INFO:root:Epoch: 0195 lr: 0.01 train_loss: 1.7705 train_acc: 0.4000 train_f1: 0.4000 time: 0.1613s
INFO:root:Epoch: 0195 val_loss: 1.8173 val_acc: 0.4260 val_f1: 0.4260
INFO:root:Epoch: 0200 lr: 0.01 train_loss: 1.7025 train_acc: 0.3429 train_f1: 0.3429 time: 0.1581s
INFO:root:Epoch: 0200 val_loss: 1.8127 val_acc: 0.4260 val_f1: 0.4260
INFO:root:Epoch: 0205 lr: 0.01 train_loss: 1.6944 train_acc: 0.4143 train_f1: 0.4143 time: 0.1887s
INFO:root:Epoch: 0205 val_loss: 1.8080 val_acc: 0.4380 val_f1: 0.4380
INFO:root:Epoch: 0210 lr: 0.01 train_loss: 1.7369 train_acc: 0.3786 train_f1: 0.3786 time: 0.1666s
INFO:root:Epoch: 0210 val_loss: 1.8038 val_acc: 0.4360 val_f1: 0.4360
INFO:root:Epoch: 0215 lr: 0.01 train_loss: 1.7241 train_acc: 0.3000 train_f1: 0.3000 time: 0.1621s
INFO:root:Epoch: 0215 val_loss: 1.8005 val_acc: 0.4440 val_f1: 0.4440
INFO:root:Epoch: 0220 lr: 0.01 train_loss: 1.7489 train_acc: 0.3071 train_f1: 0.3071 time: 0.1700s
INFO:root:Epoch: 0220 val_loss: 1.7981 val_acc: 0.4480 val_f1: 0.4480
INFO:root:Epoch: 0225 lr: 0.01 train_loss: 1.7431 train_acc: 0.3571 train_f1: 0.3571 time: 0.1767s
INFO:root:Epoch: 0225 val_loss: 1.7961 val_acc: 0.4460 val_f1: 0.4460
INFO:root:Epoch: 0230 lr: 0.01 train_loss: 1.6405 train_acc: 0.4500 train_f1: 0.4500 time: 0.1808s
INFO:root:Epoch: 0230 val_loss: 1.7923 val_acc: 0.4620 val_f1: 0.4620
INFO:root:Epoch: 0235 lr: 0.01 train_loss: 1.7306 train_acc: 0.3571 train_f1: 0.3571 time: 0.1627s
INFO:root:Epoch: 0235 val_loss: 1.7885 val_acc: 0.4620 val_f1: 0.4620
INFO:root:Epoch: 0240 lr: 0.01 train_loss: 1.6609 train_acc: 0.4000 train_f1: 0.4000 time: 0.1638s
INFO:root:Epoch: 0240 val_loss: 1.7863 val_acc: 0.4580 val_f1: 0.4580
INFO:root:Epoch: 0245 lr: 0.01 train_loss: 1.6776 train_acc: 0.3500 train_f1: 0.3500 time: 0.1693s
INFO:root:Epoch: 0245 val_loss: 1.7838 val_acc: 0.4560 val_f1: 0.4560
INFO:root:Epoch: 0250 lr: 0.01 train_loss: 1.7112 train_acc: 0.3071 train_f1: 0.3071 time: 0.1641s
INFO:root:Epoch: 0250 val_loss: 1.7805 val_acc: 0.4540 val_f1: 0.4540
INFO:root:Epoch: 0255 lr: 0.01 train_loss: 1.6537 train_acc: 0.2929 train_f1: 0.2929 time: 0.1720s
INFO:root:Epoch: 0255 val_loss: 1.7762 val_acc: 0.4620 val_f1: 0.4620
INFO:root:Epoch: 0260 lr: 0.01 train_loss: 1.7661 train_acc: 0.3000 train_f1: 0.3000 time: 0.1723s
INFO:root:Epoch: 0260 val_loss: 1.7725 val_acc: 0.4740 val_f1: 0.4740
INFO:root:Epoch: 0265 lr: 0.01 train_loss: 1.7191 train_acc: 0.3000 train_f1: 0.3000 time: 0.1704s
INFO:root:Epoch: 0265 val_loss: 1.7703 val_acc: 0.4720 val_f1: 0.4720
INFO:root:Epoch: 0270 lr: 0.01 train_loss: 1.7251 train_acc: 0.2500 train_f1: 0.2500 time: 0.1670s
INFO:root:Epoch: 0270 val_loss: 1.7684 val_acc: 0.4700 val_f1: 0.4700
INFO:root:Epoch: 0275 lr: 0.01 train_loss: 1.7908 train_acc: 0.2714 train_f1: 0.2714 time: 0.1675s
INFO:root:Epoch: 0275 val_loss: 1.7662 val_acc: 0.4760 val_f1: 0.4760
INFO:root:Epoch: 0280 lr: 0.01 train_loss: 1.6741 train_acc: 0.3786 train_f1: 0.3786 time: 0.1688s
INFO:root:Epoch: 0280 val_loss: 1.7642 val_acc: 0.4720 val_f1: 0.4720
INFO:root:Epoch: 0285 lr: 0.01 train_loss: 1.6710 train_acc: 0.4286 train_f1: 0.4286 time: 0.1636s
INFO:root:Epoch: 0285 val_loss: 1.7627 val_acc: 0.4660 val_f1: 0.4660
INFO:root:Epoch: 0290 lr: 0.01 train_loss: 1.6409 train_acc: 0.3643 train_f1: 0.3643 time: 0.1610s
INFO:root:Epoch: 0290 val_loss: 1.7612 val_acc: 0.4620 val_f1: 0.4620
INFO:root:Epoch: 0295 lr: 0.01 train_loss: 1.7079 train_acc: 0.3214 train_f1: 0.3214 time: 0.1608s
INFO:root:Epoch: 0295 val_loss: 1.7582 val_acc: 0.4640 val_f1: 0.4640
INFO:root:Epoch: 0300 lr: 0.01 train_loss: 1.6773 train_acc: 0.3714 train_f1: 0.3714 time: 0.1715s
INFO:root:Epoch: 0300 val_loss: 1.7551 val_acc: 0.4660 val_f1: 0.4660
INFO:root:Epoch: 0305 lr: 0.01 train_loss: 1.6824 train_acc: 0.3214 train_f1: 0.3214 time: 0.1597s
INFO:root:Epoch: 0305 val_loss: 1.7514 val_acc: 0.4720 val_f1: 0.4720
INFO:root:Epoch: 0310 lr: 0.01 train_loss: 1.6384 train_acc: 0.3714 train_f1: 0.3714 time: 0.1647s
INFO:root:Epoch: 0310 val_loss: 1.7483 val_acc: 0.4720 val_f1: 0.4720
INFO:root:Epoch: 0315 lr: 0.01 train_loss: 1.6586 train_acc: 0.3929 train_f1: 0.3929 time: 0.1571s
INFO:root:Epoch: 0315 val_loss: 1.7448 val_acc: 0.4780 val_f1: 0.4780
INFO:root:Epoch: 0320 lr: 0.01 train_loss: 1.6737 train_acc: 0.3571 train_f1: 0.3571 time: 0.1600s
INFO:root:Epoch: 0320 val_loss: 1.7403 val_acc: 0.4840 val_f1: 0.4840
INFO:root:Epoch: 0325 lr: 0.01 train_loss: 1.6083 train_acc: 0.3786 train_f1: 0.3786 time: 0.1767s
INFO:root:Epoch: 0325 val_loss: 1.7368 val_acc: 0.4880 val_f1: 0.4880
INFO:root:Epoch: 0330 lr: 0.01 train_loss: 1.5524 train_acc: 0.4429 train_f1: 0.4429 time: 0.1619s
INFO:root:Epoch: 0330 val_loss: 1.7330 val_acc: 0.4900 val_f1: 0.4900
INFO:root:Epoch: 0335 lr: 0.01 train_loss: 1.6373 train_acc: 0.3214 train_f1: 0.3214 time: 0.1584s
INFO:root:Epoch: 0335 val_loss: 1.7304 val_acc: 0.4860 val_f1: 0.4860
INFO:root:Epoch: 0340 lr: 0.01 train_loss: 1.7231 train_acc: 0.3929 train_f1: 0.3929 time: 0.1582s
INFO:root:Epoch: 0340 val_loss: 1.7289 val_acc: 0.4900 val_f1: 0.4900
INFO:root:Epoch: 0345 lr: 0.01 train_loss: 1.5851 train_acc: 0.3357 train_f1: 0.3357 time: 0.1578s
INFO:root:Epoch: 0345 val_loss: 1.7263 val_acc: 0.4940 val_f1: 0.4940
INFO:root:Epoch: 0350 lr: 0.01 train_loss: 1.6811 train_acc: 0.3214 train_f1: 0.3214 time: 0.1674s
INFO:root:Epoch: 0350 val_loss: 1.7233 val_acc: 0.4940 val_f1: 0.4940
INFO:root:Epoch: 0355 lr: 0.01 train_loss: 1.6436 train_acc: 0.3857 train_f1: 0.3857 time: 0.1590s
INFO:root:Epoch: 0355 val_loss: 1.7202 val_acc: 0.4960 val_f1: 0.4960
INFO:root:Epoch: 0360 lr: 0.01 train_loss: 1.7344 train_acc: 0.3000 train_f1: 0.3000 time: 0.1732s
INFO:root:Epoch: 0360 val_loss: 1.7183 val_acc: 0.5020 val_f1: 0.5020
INFO:root:Epoch: 0365 lr: 0.01 train_loss: 1.5480 train_acc: 0.4071 train_f1: 0.4071 time: 0.1701s
INFO:root:Epoch: 0365 val_loss: 1.7162 val_acc: 0.5020 val_f1: 0.5020
INFO:root:Epoch: 0370 lr: 0.01 train_loss: 1.5928 train_acc: 0.3714 train_f1: 0.3714 time: 0.1565s
INFO:root:Epoch: 0370 val_loss: 1.7154 val_acc: 0.5040 val_f1: 0.5040
INFO:root:Epoch: 0375 lr: 0.01 train_loss: 1.6470 train_acc: 0.4000 train_f1: 0.4000 time: 0.1721s
INFO:root:Epoch: 0375 val_loss: 1.7139 val_acc: 0.5120 val_f1: 0.5120
INFO:root:Epoch: 0380 lr: 0.01 train_loss: 1.5318 train_acc: 0.4571 train_f1: 0.4571 time: 0.1575s
INFO:root:Epoch: 0380 val_loss: 1.7121 val_acc: 0.5100 val_f1: 0.5100
INFO:root:Epoch: 0385 lr: 0.01 train_loss: 1.6332 train_acc: 0.4214 train_f1: 0.4214 time: 0.1589s
INFO:root:Epoch: 0385 val_loss: 1.7113 val_acc: 0.5100 val_f1: 0.5100
INFO:root:Epoch: 0390 lr: 0.01 train_loss: 1.6039 train_acc: 0.3429 train_f1: 0.3429 time: 0.1594s
INFO:root:Epoch: 0390 val_loss: 1.7107 val_acc: 0.5120 val_f1: 0.5120
INFO:root:Epoch: 0395 lr: 0.01 train_loss: 1.6501 train_acc: 0.3643 train_f1: 0.3643 time: 0.1589s
INFO:root:Epoch: 0395 val_loss: 1.7097 val_acc: 0.5080 val_f1: 0.5080
INFO:root:Epoch: 0400 lr: 0.01 train_loss: 1.5739 train_acc: 0.4000 train_f1: 0.4000 time: 0.1615s
INFO:root:Epoch: 0400 val_loss: 1.7088 val_acc: 0.5120 val_f1: 0.5120
INFO:root:Epoch: 0405 lr: 0.01 train_loss: 1.5985 train_acc: 0.4143 train_f1: 0.4143 time: 0.1595s
INFO:root:Epoch: 0405 val_loss: 1.7070 val_acc: 0.5100 val_f1: 0.5100
INFO:root:Epoch: 0410 lr: 0.01 train_loss: 1.5801 train_acc: 0.3786 train_f1: 0.3786 time: 0.1679s
INFO:root:Epoch: 0410 val_loss: 1.7058 val_acc: 0.5140 val_f1: 0.5140
INFO:root:Epoch: 0415 lr: 0.01 train_loss: 1.6724 train_acc: 0.4143 train_f1: 0.4143 time: 0.1621s
INFO:root:Epoch: 0415 val_loss: 1.7058 val_acc: 0.5120 val_f1: 0.5120
INFO:root:Epoch: 0420 lr: 0.01 train_loss: 1.5732 train_acc: 0.4286 train_f1: 0.4286 time: 0.1760s
INFO:root:Epoch: 0420 val_loss: 1.7060 val_acc: 0.5080 val_f1: 0.5080
INFO:root:Epoch: 0425 lr: 0.01 train_loss: 1.6642 train_acc: 0.3786 train_f1: 0.3786 time: 0.1761s
INFO:root:Epoch: 0425 val_loss: 1.7042 val_acc: 0.5060 val_f1: 0.5060
INFO:root:Epoch: 0430 lr: 0.01 train_loss: 1.6680 train_acc: 0.3571 train_f1: 0.3571 time: 0.1617s
INFO:root:Epoch: 0430 val_loss: 1.7026 val_acc: 0.5020 val_f1: 0.5020
INFO:root:Epoch: 0435 lr: 0.01 train_loss: 1.6641 train_acc: 0.3357 train_f1: 0.3357 time: 0.1749s
INFO:root:Epoch: 0435 val_loss: 1.7012 val_acc: 0.5040 val_f1: 0.5040
INFO:root:Epoch: 0440 lr: 0.01 train_loss: 1.4966 train_acc: 0.4286 train_f1: 0.4286 time: 0.1649s
INFO:root:Epoch: 0440 val_loss: 1.7004 val_acc: 0.5060 val_f1: 0.5060
INFO:root:Epoch: 0445 lr: 0.01 train_loss: 1.6293 train_acc: 0.3357 train_f1: 0.3357 time: 0.1641s
INFO:root:Epoch: 0445 val_loss: 1.7002 val_acc: 0.5060 val_f1: 0.5060
INFO:root:Epoch: 0450 lr: 0.01 train_loss: 1.6822 train_acc: 0.3571 train_f1: 0.3571 time: 0.1726s
INFO:root:Epoch: 0450 val_loss: 1.6990 val_acc: 0.5100 val_f1: 0.5100
INFO:root:Epoch: 0455 lr: 0.01 train_loss: 1.5695 train_acc: 0.4071 train_f1: 0.4071 time: 0.1754s
INFO:root:Epoch: 0455 val_loss: 1.6970 val_acc: 0.5100 val_f1: 0.5100
INFO:root:Epoch: 0460 lr: 0.01 train_loss: 1.6611 train_acc: 0.3500 train_f1: 0.3500 time: 0.1581s
INFO:root:Epoch: 0460 val_loss: 1.6944 val_acc: 0.5140 val_f1: 0.5140
INFO:root:Epoch: 0465 lr: 0.01 train_loss: 1.6554 train_acc: 0.2929 train_f1: 0.2929 time: 0.1616s
INFO:root:Epoch: 0465 val_loss: 1.6909 val_acc: 0.5160 val_f1: 0.5160
INFO:root:Epoch: 0470 lr: 0.01 train_loss: 1.5549 train_acc: 0.4000 train_f1: 0.4000 time: 0.1761s
INFO:root:Epoch: 0470 val_loss: 1.6890 val_acc: 0.5180 val_f1: 0.5180
INFO:root:Epoch: 0475 lr: 0.01 train_loss: 1.7040 train_acc: 0.3429 train_f1: 0.3429 time: 0.1610s
INFO:root:Epoch: 0475 val_loss: 1.6878 val_acc: 0.5120 val_f1: 0.5120
INFO:root:Epoch: 0480 lr: 0.01 train_loss: 1.5516 train_acc: 0.4071 train_f1: 0.4071 time: 0.1675s
INFO:root:Epoch: 0480 val_loss: 1.6872 val_acc: 0.5100 val_f1: 0.5100
INFO:root:Epoch: 0485 lr: 0.01 train_loss: 1.6658 train_acc: 0.3500 train_f1: 0.3500 time: 0.1604s
INFO:root:Epoch: 0485 val_loss: 1.6868 val_acc: 0.5100 val_f1: 0.5100
INFO:root:Epoch: 0490 lr: 0.01 train_loss: 1.5934 train_acc: 0.3500 train_f1: 0.3500 time: 0.1621s
INFO:root:Epoch: 0490 val_loss: 1.6859 val_acc: 0.5080 val_f1: 0.5080
INFO:root:Epoch: 0495 lr: 0.01 train_loss: 1.6186 train_acc: 0.3929 train_f1: 0.3929 time: 0.1740s
INFO:root:Epoch: 0495 val_loss: 1.6846 val_acc: 0.5060 val_f1: 0.5060
INFO:root:Epoch: 0500 lr: 0.01 train_loss: 1.6553 train_acc: 0.3714 train_f1: 0.3714 time: 0.1682s
INFO:root:Epoch: 0500 val_loss: 1.6832 val_acc: 0.5080 val_f1: 0.5080
INFO:root:Epoch: 0505 lr: 0.01 train_loss: 1.5129 train_acc: 0.4357 train_f1: 0.4357 time: 0.1652s
INFO:root:Epoch: 0505 val_loss: 1.6833 val_acc: 0.5040 val_f1: 0.5040
INFO:root:Epoch: 0510 lr: 0.01 train_loss: 1.6256 train_acc: 0.4071 train_f1: 0.4071 time: 0.1622s
INFO:root:Epoch: 0510 val_loss: 1.6833 val_acc: 0.5040 val_f1: 0.5040
INFO:root:Epoch: 0515 lr: 0.01 train_loss: 1.6720 train_acc: 0.3429 train_f1: 0.3429 time: 0.1716s
INFO:root:Epoch: 0515 val_loss: 1.6833 val_acc: 0.5040 val_f1: 0.5040
INFO:root:Epoch: 0520 lr: 0.01 train_loss: 1.5914 train_acc: 0.3929 train_f1: 0.3929 time: 0.1643s
INFO:root:Epoch: 0520 val_loss: 1.6837 val_acc: 0.5040 val_f1: 0.5040
INFO:root:Epoch: 0525 lr: 0.01 train_loss: 1.5941 train_acc: 0.4143 train_f1: 0.4143 time: 0.1711s
INFO:root:Epoch: 0525 val_loss: 1.6851 val_acc: 0.4920 val_f1: 0.4920
INFO:root:Epoch: 0530 lr: 0.01 train_loss: 1.5855 train_acc: 0.4214 train_f1: 0.4214 time: 0.1596s
INFO:root:Epoch: 0530 val_loss: 1.6853 val_acc: 0.4980 val_f1: 0.4980
INFO:root:Epoch: 0535 lr: 0.01 train_loss: 1.5959 train_acc: 0.3786 train_f1: 0.3786 time: 0.1669s
INFO:root:Epoch: 0535 val_loss: 1.6862 val_acc: 0.4900 val_f1: 0.4900
INFO:root:Epoch: 0540 lr: 0.01 train_loss: 1.6082 train_acc: 0.3571 train_f1: 0.3571 time: 0.1751s
INFO:root:Epoch: 0540 val_loss: 1.6865 val_acc: 0.4900 val_f1: 0.4900
INFO:root:Epoch: 0545 lr: 0.01 train_loss: 1.6984 train_acc: 0.3571 train_f1: 0.3571 time: 0.1672s
INFO:root:Epoch: 0545 val_loss: 1.6857 val_acc: 0.4940 val_f1: 0.4940
INFO:root:Epoch: 0550 lr: 0.01 train_loss: 1.6059 train_acc: 0.4071 train_f1: 0.4071 time: 0.1634s
INFO:root:Epoch: 0550 val_loss: 1.6836 val_acc: 0.5040 val_f1: 0.5040
INFO:root:Epoch: 0555 lr: 0.01 train_loss: 1.5593 train_acc: 0.3571 train_f1: 0.3571 time: 0.1655s
INFO:root:Epoch: 0555 val_loss: 1.6816 val_acc: 0.5000 val_f1: 0.5000
INFO:root:Epoch: 0560 lr: 0.01 train_loss: 1.6252 train_acc: 0.3857 train_f1: 0.3857 time: 0.1655s
INFO:root:Epoch: 0560 val_loss: 1.6822 val_acc: 0.5000 val_f1: 0.5000
INFO:root:Epoch: 0565 lr: 0.01 train_loss: 1.5383 train_acc: 0.3929 train_f1: 0.3929 time: 0.1647s
INFO:root:Epoch: 0565 val_loss: 1.6833 val_acc: 0.5000 val_f1: 0.5000
INFO:root:Early stopping
INFO:root:Optimization Finished!
INFO:root:Total time elapsed: 174.4508s
INFO:root:Val set results: val_loss: 1.6898 val_acc: 0.5180 val_f1: 0.5180
INFO:root:Test set results: test_loss: 1.6647 test_acc: 0.5380 test_f1: 0.5380
