INFO:root:Using: cpu
INFO:root:Using seed 1234.
INFO:root:Num classes: 7
INFO:root:NCModel(
  (encoder): HypGCN(
    (layers): Sequential(
      (0): HyperbolicGraphConvolution(
        (linear): HypLinear(in_features=1433, out_features=4, c=tensor([1.]))
        (agg): HypAgg(c=tensor([1.]), use_att=0)
        (hyp_act): HypAct(c_in=tensor([1.]), c_out=tensor([1.]))
      )
    )
  )
  (decoder): LinearDecoder(
    in_features=4, out_features=7, bias=0, c=tensor([1.])
    (cls): Linear(
      (linear): Linear(in_features=4, out_features=7, bias=False)
    )
  )
)
INFO:root:Total number of parameters: 5764
INFO:root:Epoch: 0005 lr: 0.01 train_loss: 1.9454 train_acc: 0.1429 train_f1: 0.1429 time: 0.1390s
INFO:root:Epoch: 0005 val_loss: 1.9451 val_acc: 0.1660 val_f1: 0.1660
INFO:root:Epoch: 0010 lr: 0.01 train_loss: 1.9440 train_acc: 0.2000 train_f1: 0.2000 time: 0.1561s
INFO:root:Epoch: 0010 val_loss: 1.9443 val_acc: 0.2480 val_f1: 0.2480
INFO:root:Epoch: 0015 lr: 0.01 train_loss: 1.9413 train_acc: 0.2000 train_f1: 0.2000 time: 0.1403s
INFO:root:Epoch: 0015 val_loss: 1.9435 val_acc: 0.2120 val_f1: 0.2120
INFO:root:Epoch: 0020 lr: 0.01 train_loss: 1.9409 train_acc: 0.2786 train_f1: 0.2786 time: 0.1582s
INFO:root:Epoch: 0020 val_loss: 1.9425 val_acc: 0.1880 val_f1: 0.1880
INFO:root:Epoch: 0025 lr: 0.01 train_loss: 1.9371 train_acc: 0.2500 train_f1: 0.2500 time: 0.1443s
INFO:root:Epoch: 0025 val_loss: 1.9415 val_acc: 0.2020 val_f1: 0.2020
INFO:root:Epoch: 0030 lr: 0.01 train_loss: 1.9312 train_acc: 0.3286 train_f1: 0.3286 time: 0.1548s
INFO:root:Epoch: 0030 val_loss: 1.9403 val_acc: 0.2020 val_f1: 0.2020
INFO:root:Epoch: 0035 lr: 0.01 train_loss: 1.9295 train_acc: 0.3000 train_f1: 0.3000 time: 0.1389s
INFO:root:Epoch: 0035 val_loss: 1.9386 val_acc: 0.2160 val_f1: 0.2160
INFO:root:Epoch: 0040 lr: 0.01 train_loss: 1.9274 train_acc: 0.2214 train_f1: 0.2214 time: 0.1566s
INFO:root:Epoch: 0040 val_loss: 1.9368 val_acc: 0.2260 val_f1: 0.2260
INFO:root:Epoch: 0045 lr: 0.01 train_loss: 1.9229 train_acc: 0.2500 train_f1: 0.2500 time: 0.1431s
INFO:root:Epoch: 0045 val_loss: 1.9348 val_acc: 0.2140 val_f1: 0.2140
INFO:root:Epoch: 0050 lr: 0.01 train_loss: 1.9145 train_acc: 0.2857 train_f1: 0.2857 time: 0.1561s
INFO:root:Epoch: 0050 val_loss: 1.9327 val_acc: 0.2120 val_f1: 0.2120
INFO:root:Epoch: 0055 lr: 0.01 train_loss: 1.9144 train_acc: 0.2286 train_f1: 0.2286 time: 0.1390s
INFO:root:Epoch: 0055 val_loss: 1.9301 val_acc: 0.2120 val_f1: 0.2120
INFO:root:Epoch: 0060 lr: 0.01 train_loss: 1.8993 train_acc: 0.2929 train_f1: 0.2929 time: 0.1541s
INFO:root:Epoch: 0060 val_loss: 1.9268 val_acc: 0.2220 val_f1: 0.2220
INFO:root:Epoch: 0065 lr: 0.01 train_loss: 1.8906 train_acc: 0.2786 train_f1: 0.2786 time: 0.1414s
INFO:root:Epoch: 0065 val_loss: 1.9239 val_acc: 0.2220 val_f1: 0.2220
INFO:root:Epoch: 0070 lr: 0.01 train_loss: 1.8693 train_acc: 0.3357 train_f1: 0.3357 time: 0.1558s
INFO:root:Epoch: 0070 val_loss: 1.9202 val_acc: 0.2320 val_f1: 0.2320
INFO:root:Epoch: 0075 lr: 0.01 train_loss: 1.8582 train_acc: 0.3143 train_f1: 0.3143 time: 0.1401s
INFO:root:Epoch: 0075 val_loss: 1.9163 val_acc: 0.2400 val_f1: 0.2400
INFO:root:Epoch: 0080 lr: 0.01 train_loss: 1.8399 train_acc: 0.3357 train_f1: 0.3357 time: 0.1578s
INFO:root:Epoch: 0080 val_loss: 1.9120 val_acc: 0.2400 val_f1: 0.2400
INFO:root:Epoch: 0085 lr: 0.01 train_loss: 1.8543 train_acc: 0.3286 train_f1: 0.3286 time: 0.1387s
INFO:root:Epoch: 0085 val_loss: 1.9070 val_acc: 0.2500 val_f1: 0.2500
INFO:root:Epoch: 0090 lr: 0.01 train_loss: 1.8497 train_acc: 0.2857 train_f1: 0.2857 time: 0.1496s
INFO:root:Epoch: 0090 val_loss: 1.9019 val_acc: 0.2580 val_f1: 0.2580
INFO:root:Epoch: 0095 lr: 0.01 train_loss: 1.8441 train_acc: 0.3000 train_f1: 0.3000 time: 0.1485s
INFO:root:Epoch: 0095 val_loss: 1.8973 val_acc: 0.2680 val_f1: 0.2680
INFO:root:Epoch: 0100 lr: 0.01 train_loss: 1.8021 train_acc: 0.2929 train_f1: 0.2929 time: 0.1455s
INFO:root:Epoch: 0100 val_loss: 1.8920 val_acc: 0.2800 val_f1: 0.2800
INFO:root:Epoch: 0105 lr: 0.01 train_loss: 1.8104 train_acc: 0.3571 train_f1: 0.3571 time: 0.1473s
INFO:root:Epoch: 0105 val_loss: 1.8869 val_acc: 0.2820 val_f1: 0.2820
INFO:root:Epoch: 0110 lr: 0.01 train_loss: 1.8001 train_acc: 0.3000 train_f1: 0.3000 time: 0.1544s
INFO:root:Epoch: 0110 val_loss: 1.8833 val_acc: 0.2820 val_f1: 0.2820
INFO:root:Epoch: 0115 lr: 0.01 train_loss: 1.7608 train_acc: 0.3143 train_f1: 0.3143 time: 0.1522s
INFO:root:Epoch: 0115 val_loss: 1.8791 val_acc: 0.2900 val_f1: 0.2900
INFO:root:Epoch: 0120 lr: 0.01 train_loss: 1.7449 train_acc: 0.3143 train_f1: 0.3143 time: 0.1390s
INFO:root:Epoch: 0120 val_loss: 1.8725 val_acc: 0.3080 val_f1: 0.3080
INFO:root:Epoch: 0125 lr: 0.01 train_loss: 1.7492 train_acc: 0.3500 train_f1: 0.3500 time: 0.1454s
INFO:root:Epoch: 0125 val_loss: 1.8649 val_acc: 0.3520 val_f1: 0.3520
INFO:root:Epoch: 0130 lr: 0.01 train_loss: 1.7361 train_acc: 0.4071 train_f1: 0.4071 time: 0.1377s
INFO:root:Epoch: 0130 val_loss: 1.8566 val_acc: 0.3700 val_f1: 0.3700
INFO:root:Epoch: 0135 lr: 0.01 train_loss: 1.7485 train_acc: 0.3929 train_f1: 0.3929 time: 0.1491s
INFO:root:Epoch: 0135 val_loss: 1.8485 val_acc: 0.3940 val_f1: 0.3940
INFO:root:Epoch: 0140 lr: 0.01 train_loss: 1.7347 train_acc: 0.3857 train_f1: 0.3857 time: 0.1457s
INFO:root:Epoch: 0140 val_loss: 1.8429 val_acc: 0.3980 val_f1: 0.3980
INFO:root:Epoch: 0145 lr: 0.01 train_loss: 1.7615 train_acc: 0.3071 train_f1: 0.3071 time: 0.1381s
INFO:root:Epoch: 0145 val_loss: 1.8372 val_acc: 0.4020 val_f1: 0.4020
INFO:root:Epoch: 0150 lr: 0.01 train_loss: 1.7095 train_acc: 0.3643 train_f1: 0.3643 time: 0.1457s
INFO:root:Epoch: 0150 val_loss: 1.8311 val_acc: 0.4080 val_f1: 0.4080
INFO:root:Epoch: 0155 lr: 0.01 train_loss: 1.6531 train_acc: 0.3929 train_f1: 0.3929 time: 0.1397s
INFO:root:Epoch: 0155 val_loss: 1.8248 val_acc: 0.4080 val_f1: 0.4080
INFO:root:Epoch: 0160 lr: 0.01 train_loss: 1.6517 train_acc: 0.4000 train_f1: 0.4000 time: 0.1401s
INFO:root:Epoch: 0160 val_loss: 1.8189 val_acc: 0.4200 val_f1: 0.4200
INFO:root:Epoch: 0165 lr: 0.01 train_loss: 1.7200 train_acc: 0.2786 train_f1: 0.2786 time: 0.1480s
INFO:root:Epoch: 0165 val_loss: 1.8138 val_acc: 0.4360 val_f1: 0.4360
INFO:root:Epoch: 0170 lr: 0.01 train_loss: 1.6589 train_acc: 0.3857 train_f1: 0.3857 time: 0.1484s
INFO:root:Epoch: 0170 val_loss: 1.8106 val_acc: 0.4420 val_f1: 0.4420
INFO:root:Epoch: 0175 lr: 0.01 train_loss: 1.6831 train_acc: 0.3929 train_f1: 0.3929 time: 0.1399s
INFO:root:Epoch: 0175 val_loss: 1.8074 val_acc: 0.4480 val_f1: 0.4480
INFO:root:Epoch: 0180 lr: 0.01 train_loss: 1.7016 train_acc: 0.4571 train_f1: 0.4571 time: 0.1373s
INFO:root:Epoch: 0180 val_loss: 1.8028 val_acc: 0.4580 val_f1: 0.4580
INFO:root:Epoch: 0185 lr: 0.01 train_loss: 1.6786 train_acc: 0.4286 train_f1: 0.4286 time: 0.1365s
INFO:root:Epoch: 0185 val_loss: 1.7982 val_acc: 0.4580 val_f1: 0.4580
INFO:root:Epoch: 0190 lr: 0.01 train_loss: 1.6815 train_acc: 0.4571 train_f1: 0.4571 time: 0.1375s
INFO:root:Epoch: 0190 val_loss: 1.7937 val_acc: 0.4640 val_f1: 0.4640
INFO:root:Epoch: 0195 lr: 0.01 train_loss: 1.6864 train_acc: 0.4143 train_f1: 0.4143 time: 0.1386s
INFO:root:Epoch: 0195 val_loss: 1.7896 val_acc: 0.4680 val_f1: 0.4680
INFO:root:Epoch: 0200 lr: 0.01 train_loss: 1.6052 train_acc: 0.4143 train_f1: 0.4143 time: 0.1512s
INFO:root:Epoch: 0200 val_loss: 1.7832 val_acc: 0.4720 val_f1: 0.4720
INFO:root:Epoch: 0205 lr: 0.01 train_loss: 1.5984 train_acc: 0.4500 train_f1: 0.4500 time: 0.1385s
INFO:root:Epoch: 0205 val_loss: 1.7761 val_acc: 0.4720 val_f1: 0.4720
INFO:root:Epoch: 0210 lr: 0.01 train_loss: 1.6440 train_acc: 0.4857 train_f1: 0.4857 time: 0.1534s
INFO:root:Epoch: 0210 val_loss: 1.7720 val_acc: 0.4720 val_f1: 0.4720
INFO:root:Epoch: 0215 lr: 0.01 train_loss: 1.6377 train_acc: 0.3357 train_f1: 0.3357 time: 0.1452s
INFO:root:Epoch: 0215 val_loss: 1.7692 val_acc: 0.4780 val_f1: 0.4780
INFO:root:Epoch: 0220 lr: 0.01 train_loss: 1.6508 train_acc: 0.3500 train_f1: 0.3500 time: 0.1474s
INFO:root:Epoch: 0220 val_loss: 1.7670 val_acc: 0.4840 val_f1: 0.4840
INFO:root:Epoch: 0225 lr: 0.01 train_loss: 1.6620 train_acc: 0.3929 train_f1: 0.3929 time: 0.1543s
INFO:root:Epoch: 0225 val_loss: 1.7656 val_acc: 0.4860 val_f1: 0.4860
INFO:root:Epoch: 0230 lr: 0.01 train_loss: 1.5820 train_acc: 0.4786 train_f1: 0.4786 time: 0.1358s
INFO:root:Epoch: 0230 val_loss: 1.7625 val_acc: 0.4940 val_f1: 0.4940
INFO:root:Epoch: 0235 lr: 0.01 train_loss: 1.6552 train_acc: 0.3786 train_f1: 0.3786 time: 0.1463s
INFO:root:Epoch: 0235 val_loss: 1.7594 val_acc: 0.4940 val_f1: 0.4940
INFO:root:Epoch: 0240 lr: 0.01 train_loss: 1.5919 train_acc: 0.4214 train_f1: 0.4214 time: 0.1469s
INFO:root:Epoch: 0240 val_loss: 1.7573 val_acc: 0.4900 val_f1: 0.4900
INFO:root:Epoch: 0245 lr: 0.01 train_loss: 1.6363 train_acc: 0.3786 train_f1: 0.3786 time: 0.1451s
INFO:root:Epoch: 0245 val_loss: 1.7537 val_acc: 0.4920 val_f1: 0.4920
INFO:root:Epoch: 0250 lr: 0.01 train_loss: 1.6279 train_acc: 0.3643 train_f1: 0.3643 time: 0.1400s
INFO:root:Epoch: 0250 val_loss: 1.7493 val_acc: 0.5020 val_f1: 0.5020
INFO:root:Epoch: 0255 lr: 0.01 train_loss: 1.5884 train_acc: 0.3571 train_f1: 0.3571 time: 0.1376s
INFO:root:Epoch: 0255 val_loss: 1.7445 val_acc: 0.5060 val_f1: 0.5060
INFO:root:Epoch: 0260 lr: 0.01 train_loss: 1.6705 train_acc: 0.3929 train_f1: 0.3929 time: 0.1358s
INFO:root:Epoch: 0260 val_loss: 1.7415 val_acc: 0.5100 val_f1: 0.5100
INFO:root:Epoch: 0265 lr: 0.01 train_loss: 1.6572 train_acc: 0.3286 train_f1: 0.3286 time: 0.1390s
INFO:root:Epoch: 0265 val_loss: 1.7396 val_acc: 0.5080 val_f1: 0.5080
INFO:root:Epoch: 0270 lr: 0.01 train_loss: 1.6656 train_acc: 0.2786 train_f1: 0.2786 time: 0.1374s
INFO:root:Epoch: 0270 val_loss: 1.7376 val_acc: 0.5080 val_f1: 0.5080
INFO:root:Epoch: 0275 lr: 0.01 train_loss: 1.7119 train_acc: 0.3357 train_f1: 0.3357 time: 0.1386s
INFO:root:Epoch: 0275 val_loss: 1.7356 val_acc: 0.5120 val_f1: 0.5120
INFO:root:Epoch: 0280 lr: 0.01 train_loss: 1.5821 train_acc: 0.4286 train_f1: 0.4286 time: 0.1569s
INFO:root:Epoch: 0280 val_loss: 1.7334 val_acc: 0.5120 val_f1: 0.5120
INFO:root:Epoch: 0285 lr: 0.01 train_loss: 1.5700 train_acc: 0.4857 train_f1: 0.4857 time: 0.1431s
INFO:root:Epoch: 0285 val_loss: 1.7320 val_acc: 0.5100 val_f1: 0.5100
INFO:root:Epoch: 0290 lr: 0.01 train_loss: 1.5884 train_acc: 0.4143 train_f1: 0.4143 time: 0.1361s
INFO:root:Epoch: 0290 val_loss: 1.7308 val_acc: 0.5040 val_f1: 0.5040
INFO:root:Epoch: 0295 lr: 0.01 train_loss: 1.5678 train_acc: 0.4214 train_f1: 0.4214 time: 0.1427s
INFO:root:Epoch: 0295 val_loss: 1.7295 val_acc: 0.5080 val_f1: 0.5080
INFO:root:Epoch: 0300 lr: 0.01 train_loss: 1.5729 train_acc: 0.4643 train_f1: 0.4643 time: 0.1562s
INFO:root:Epoch: 0300 val_loss: 1.7273 val_acc: 0.5020 val_f1: 0.5020
INFO:root:Epoch: 0305 lr: 0.01 train_loss: 1.5901 train_acc: 0.4000 train_f1: 0.4000 time: 0.1519s
INFO:root:Epoch: 0305 val_loss: 1.7247 val_acc: 0.5120 val_f1: 0.5120
INFO:root:Epoch: 0310 lr: 0.01 train_loss: 1.5777 train_acc: 0.3714 train_f1: 0.3714 time: 0.1377s
INFO:root:Epoch: 0310 val_loss: 1.7203 val_acc: 0.5080 val_f1: 0.5080
INFO:root:Epoch: 0315 lr: 0.01 train_loss: 1.5934 train_acc: 0.4071 train_f1: 0.4071 time: 0.1377s
INFO:root:Epoch: 0315 val_loss: 1.7157 val_acc: 0.5080 val_f1: 0.5080
INFO:root:Epoch: 0320 lr: 0.01 train_loss: 1.6232 train_acc: 0.4000 train_f1: 0.4000 time: 0.1388s
INFO:root:Epoch: 0320 val_loss: 1.7113 val_acc: 0.5100 val_f1: 0.5100
INFO:root:Epoch: 0325 lr: 0.01 train_loss: 1.5413 train_acc: 0.3929 train_f1: 0.3929 time: 0.1490s
INFO:root:Epoch: 0325 val_loss: 1.7087 val_acc: 0.5120 val_f1: 0.5120
INFO:root:Epoch: 0330 lr: 0.01 train_loss: 1.5039 train_acc: 0.4714 train_f1: 0.4714 time: 0.1414s
INFO:root:Epoch: 0330 val_loss: 1.7065 val_acc: 0.4980 val_f1: 0.4980
INFO:root:Epoch: 0335 lr: 0.01 train_loss: 1.5701 train_acc: 0.4000 train_f1: 0.4000 time: 0.1413s
INFO:root:Epoch: 0335 val_loss: 1.7054 val_acc: 0.5120 val_f1: 0.5120
INFO:root:Epoch: 0340 lr: 0.01 train_loss: 1.5938 train_acc: 0.4214 train_f1: 0.4214 time: 0.1435s
INFO:root:Epoch: 0340 val_loss: 1.7059 val_acc: 0.5120 val_f1: 0.5120
INFO:root:Epoch: 0345 lr: 0.01 train_loss: 1.5105 train_acc: 0.4214 train_f1: 0.4214 time: 0.1472s
INFO:root:Epoch: 0345 val_loss: 1.7046 val_acc: 0.5140 val_f1: 0.5140
INFO:root:Epoch: 0350 lr: 0.01 train_loss: 1.6046 train_acc: 0.4000 train_f1: 0.4000 time: 0.1362s
INFO:root:Epoch: 0350 val_loss: 1.7013 val_acc: 0.5020 val_f1: 0.5020
INFO:root:Epoch: 0355 lr: 0.01 train_loss: 1.5952 train_acc: 0.4071 train_f1: 0.4071 time: 0.1402s
INFO:root:Epoch: 0355 val_loss: 1.6982 val_acc: 0.5040 val_f1: 0.5040
INFO:root:Epoch: 0360 lr: 0.01 train_loss: 1.6502 train_acc: 0.3500 train_f1: 0.3500 time: 0.1456s
INFO:root:Epoch: 0360 val_loss: 1.6956 val_acc: 0.5060 val_f1: 0.5060
INFO:root:Epoch: 0365 lr: 0.01 train_loss: 1.5020 train_acc: 0.5000 train_f1: 0.5000 time: 0.1490s
INFO:root:Epoch: 0365 val_loss: 1.6938 val_acc: 0.5140 val_f1: 0.5140
INFO:root:Epoch: 0370 lr: 0.01 train_loss: 1.5682 train_acc: 0.4000 train_f1: 0.4000 time: 0.1489s
INFO:root:Epoch: 0370 val_loss: 1.6927 val_acc: 0.5120 val_f1: 0.5120
INFO:root:Epoch: 0375 lr: 0.01 train_loss: 1.5885 train_acc: 0.4000 train_f1: 0.4000 time: 0.1402s
INFO:root:Epoch: 0375 val_loss: 1.6908 val_acc: 0.5140 val_f1: 0.5140
INFO:root:Epoch: 0380 lr: 0.01 train_loss: 1.5023 train_acc: 0.5357 train_f1: 0.5357 time: 0.1403s
INFO:root:Epoch: 0380 val_loss: 1.6889 val_acc: 0.5140 val_f1: 0.5140
INFO:root:Epoch: 0385 lr: 0.01 train_loss: 1.5029 train_acc: 0.4857 train_f1: 0.4857 time: 0.1377s
INFO:root:Epoch: 0385 val_loss: 1.6893 val_acc: 0.5040 val_f1: 0.5040
INFO:root:Epoch: 0390 lr: 0.01 train_loss: 1.5227 train_acc: 0.4071 train_f1: 0.4071 time: 0.1406s
INFO:root:Epoch: 0390 val_loss: 1.6897 val_acc: 0.4980 val_f1: 0.4980
INFO:root:Epoch: 0395 lr: 0.01 train_loss: 1.5220 train_acc: 0.4286 train_f1: 0.4286 time: 0.1429s
INFO:root:Epoch: 0395 val_loss: 1.6886 val_acc: 0.4980 val_f1: 0.4980
INFO:root:Epoch: 0400 lr: 0.01 train_loss: 1.5185 train_acc: 0.4429 train_f1: 0.4429 time: 0.1388s
INFO:root:Epoch: 0400 val_loss: 1.6873 val_acc: 0.4960 val_f1: 0.4960
INFO:root:Epoch: 0405 lr: 0.01 train_loss: 1.5357 train_acc: 0.4714 train_f1: 0.4714 time: 0.1399s
INFO:root:Epoch: 0405 val_loss: 1.6858 val_acc: 0.4980 val_f1: 0.4980
INFO:root:Epoch: 0410 lr: 0.01 train_loss: 1.5152 train_acc: 0.4429 train_f1: 0.4429 time: 0.1488s
INFO:root:Epoch: 0410 val_loss: 1.6840 val_acc: 0.4960 val_f1: 0.4960
INFO:root:Epoch: 0415 lr: 0.01 train_loss: 1.5446 train_acc: 0.5143 train_f1: 0.5143 time: 0.1425s
INFO:root:Epoch: 0415 val_loss: 1.6826 val_acc: 0.5000 val_f1: 0.5000
INFO:root:Epoch: 0420 lr: 0.01 train_loss: 1.4679 train_acc: 0.5071 train_f1: 0.5071 time: 0.1403s
INFO:root:Epoch: 0420 val_loss: 1.6822 val_acc: 0.4980 val_f1: 0.4980
INFO:root:Epoch: 0425 lr: 0.01 train_loss: 1.5792 train_acc: 0.4000 train_f1: 0.4000 time: 0.1406s
INFO:root:Epoch: 0425 val_loss: 1.6815 val_acc: 0.5060 val_f1: 0.5060
INFO:root:Epoch: 0430 lr: 0.01 train_loss: 1.5407 train_acc: 0.4214 train_f1: 0.4214 time: 0.1406s
INFO:root:Epoch: 0430 val_loss: 1.6816 val_acc: 0.5060 val_f1: 0.5060
INFO:root:Epoch: 0435 lr: 0.01 train_loss: 1.6177 train_acc: 0.3714 train_f1: 0.3714 time: 0.1420s
INFO:root:Epoch: 0435 val_loss: 1.6809 val_acc: 0.5000 val_f1: 0.5000
INFO:root:Epoch: 0440 lr: 0.01 train_loss: 1.4237 train_acc: 0.4571 train_f1: 0.4571 time: 0.1395s
INFO:root:Epoch: 0440 val_loss: 1.6794 val_acc: 0.5020 val_f1: 0.5020
INFO:root:Epoch: 0445 lr: 0.01 train_loss: 1.6029 train_acc: 0.3571 train_f1: 0.3571 time: 0.1405s
INFO:root:Epoch: 0445 val_loss: 1.6781 val_acc: 0.5040 val_f1: 0.5040
INFO:root:Epoch: 0450 lr: 0.01 train_loss: 1.6107 train_acc: 0.3929 train_f1: 0.3929 time: 0.1417s
INFO:root:Epoch: 0450 val_loss: 1.6768 val_acc: 0.5040 val_f1: 0.5040
INFO:root:Epoch: 0455 lr: 0.01 train_loss: 1.5154 train_acc: 0.4714 train_f1: 0.4714 time: 0.1499s
INFO:root:Epoch: 0455 val_loss: 1.6749 val_acc: 0.5060 val_f1: 0.5060
INFO:root:Epoch: 0460 lr: 0.01 train_loss: 1.5946 train_acc: 0.4000 train_f1: 0.4000 time: 0.1417s
INFO:root:Epoch: 0460 val_loss: 1.6734 val_acc: 0.5080 val_f1: 0.5080
INFO:root:Epoch: 0465 lr: 0.01 train_loss: 1.5642 train_acc: 0.3643 train_f1: 0.3643 time: 0.1391s
INFO:root:Epoch: 0465 val_loss: 1.6701 val_acc: 0.5200 val_f1: 0.5200
INFO:root:Epoch: 0470 lr: 0.01 train_loss: 1.4810 train_acc: 0.4214 train_f1: 0.4214 time: 0.1504s
INFO:root:Epoch: 0470 val_loss: 1.6672 val_acc: 0.5180 val_f1: 0.5180
INFO:root:Epoch: 0475 lr: 0.01 train_loss: 1.5412 train_acc: 0.4714 train_f1: 0.4714 time: 0.1629s
INFO:root:Epoch: 0475 val_loss: 1.6645 val_acc: 0.5120 val_f1: 0.5120
INFO:root:Epoch: 0480 lr: 0.01 train_loss: 1.4688 train_acc: 0.4429 train_f1: 0.4429 time: 0.1390s
INFO:root:Epoch: 0480 val_loss: 1.6627 val_acc: 0.5100 val_f1: 0.5100
INFO:root:Epoch: 0485 lr: 0.01 train_loss: 1.5746 train_acc: 0.3786 train_f1: 0.3786 time: 0.1572s
INFO:root:Epoch: 0485 val_loss: 1.6619 val_acc: 0.5140 val_f1: 0.5140
INFO:root:Epoch: 0490 lr: 0.01 train_loss: 1.4629 train_acc: 0.4500 train_f1: 0.4500 time: 0.1586s
INFO:root:Epoch: 0490 val_loss: 1.6615 val_acc: 0.5140 val_f1: 0.5140
INFO:root:Epoch: 0495 lr: 0.01 train_loss: 1.5511 train_acc: 0.4071 train_f1: 0.4071 time: 0.1482s
INFO:root:Epoch: 0495 val_loss: 1.6611 val_acc: 0.5120 val_f1: 0.5120
INFO:root:Epoch: 0500 lr: 0.01 train_loss: 1.5190 train_acc: 0.4429 train_f1: 0.4429 time: 0.1428s
INFO:root:Epoch: 0500 val_loss: 1.6604 val_acc: 0.5100 val_f1: 0.5100
INFO:root:Epoch: 0505 lr: 0.01 train_loss: 1.4872 train_acc: 0.4571 train_f1: 0.4571 time: 0.1559s
INFO:root:Epoch: 0505 val_loss: 1.6621 val_acc: 0.5040 val_f1: 0.5040
INFO:root:Epoch: 0510 lr: 0.01 train_loss: 1.4906 train_acc: 0.4214 train_f1: 0.4214 time: 0.1472s
INFO:root:Epoch: 0510 val_loss: 1.6642 val_acc: 0.5000 val_f1: 0.5000
INFO:root:Epoch: 0515 lr: 0.01 train_loss: 1.5243 train_acc: 0.4429 train_f1: 0.4429 time: 0.1424s
INFO:root:Epoch: 0515 val_loss: 1.6660 val_acc: 0.5020 val_f1: 0.5020
INFO:root:Epoch: 0520 lr: 0.01 train_loss: 1.5059 train_acc: 0.4643 train_f1: 0.4643 time: 0.1404s
INFO:root:Epoch: 0520 val_loss: 1.6670 val_acc: 0.5040 val_f1: 0.5040
INFO:root:Epoch: 0525 lr: 0.01 train_loss: 1.5377 train_acc: 0.4500 train_f1: 0.4500 time: 0.1494s
INFO:root:Epoch: 0525 val_loss: 1.6685 val_acc: 0.5000 val_f1: 0.5000
INFO:root:Epoch: 0530 lr: 0.01 train_loss: 1.5051 train_acc: 0.4571 train_f1: 0.4571 time: 0.1610s
INFO:root:Epoch: 0530 val_loss: 1.6692 val_acc: 0.5000 val_f1: 0.5000
INFO:root:Epoch: 0535 lr: 0.01 train_loss: 1.5572 train_acc: 0.3857 train_f1: 0.3857 time: 0.1391s
INFO:root:Epoch: 0535 val_loss: 1.6703 val_acc: 0.4980 val_f1: 0.4980
INFO:root:Epoch: 0540 lr: 0.01 train_loss: 1.5430 train_acc: 0.4286 train_f1: 0.4286 time: 0.1592s
INFO:root:Epoch: 0540 val_loss: 1.6723 val_acc: 0.5020 val_f1: 0.5020
INFO:root:Epoch: 0545 lr: 0.01 train_loss: 1.5687 train_acc: 0.4286 train_f1: 0.4286 time: 0.1406s
INFO:root:Epoch: 0545 val_loss: 1.6736 val_acc: 0.5000 val_f1: 0.5000
INFO:root:Epoch: 0550 lr: 0.01 train_loss: 1.5386 train_acc: 0.4071 train_f1: 0.4071 time: 0.1612s
INFO:root:Epoch: 0550 val_loss: 1.6748 val_acc: 0.5040 val_f1: 0.5040
INFO:root:Epoch: 0555 lr: 0.01 train_loss: 1.4908 train_acc: 0.4500 train_f1: 0.4500 time: 0.1399s
INFO:root:Epoch: 0555 val_loss: 1.6738 val_acc: 0.5080 val_f1: 0.5080
INFO:root:Epoch: 0560 lr: 0.01 train_loss: 1.5533 train_acc: 0.4571 train_f1: 0.4571 time: 0.1404s
INFO:root:Epoch: 0560 val_loss: 1.6736 val_acc: 0.5040 val_f1: 0.5040
INFO:root:Epoch: 0565 lr: 0.01 train_loss: 1.5062 train_acc: 0.4571 train_f1: 0.4571 time: 0.1475s
INFO:root:Epoch: 0565 val_loss: 1.6718 val_acc: 0.5080 val_f1: 0.5080
INFO:root:Early stopping
INFO:root:Optimization Finished!
INFO:root:Total time elapsed: 152.0595s
INFO:root:Val set results: val_loss: 1.6694 val_acc: 0.5220 val_f1: 0.5220
INFO:root:Test set results: test_loss: 1.6451 test_acc: 0.5610 test_f1: 0.5610
