INFO:root:Using: cpu
INFO:root:Using seed 1234.
INFO:root:Num classes: 7
INFO:root:NCModel(
  (encoder): HypGCN(
    (layers): Sequential(
      (0): HyperbolicGraphConvolution(
        (linear): HypLinear(in_features=1433, out_features=8, c=tensor([1.]))
        (agg): HypAgg(c=tensor([1.]), use_att=0)
        (hyp_act): HypAct(c_in=tensor([1.]), c_out=tensor([1.]))
      )
    )
  )
  (decoder): LinearDecoder(
    in_features=8, out_features=7, bias=0, c=tensor([1.])
    (cls): Linear(
      (linear): Linear(in_features=8, out_features=7, bias=False)
    )
  )
)
INFO:root:Total number of parameters: 11528
INFO:root:Epoch: 0005 lr: 0.01 train_loss: 1.9405 train_acc: 0.2714 train_f1: 0.2714 time: 0.0076s
INFO:root:Epoch: 0005 val_loss: 1.9420 val_acc: 0.3520 val_f1: 0.3520
INFO:root:Epoch: 0010 lr: 0.01 train_loss: 1.9308 train_acc: 0.3071 train_f1: 0.3071 time: 0.0077s
INFO:root:Epoch: 0010 val_loss: 1.9351 val_acc: 0.3480 val_f1: 0.3480
INFO:root:Epoch: 0015 lr: 0.01 train_loss: 1.9148 train_acc: 0.3286 train_f1: 0.3286 time: 0.0078s
INFO:root:Epoch: 0015 val_loss: 1.9267 val_acc: 0.3760 val_f1: 0.3760
INFO:root:Epoch: 0020 lr: 0.01 train_loss: 1.9027 train_acc: 0.3214 train_f1: 0.3214 time: 0.0088s
INFO:root:Epoch: 0020 val_loss: 1.9163 val_acc: 0.4020 val_f1: 0.4020
INFO:root:Epoch: 0025 lr: 0.01 train_loss: 1.8704 train_acc: 0.3714 train_f1: 0.3714 time: 0.0080s
INFO:root:Epoch: 0025 val_loss: 1.9037 val_acc: 0.3900 val_f1: 0.3900
INFO:root:Epoch: 0030 lr: 0.01 train_loss: 1.8583 train_acc: 0.2714 train_f1: 0.2714 time: 0.0075s
INFO:root:Epoch: 0030 val_loss: 1.8887 val_acc: 0.3880 val_f1: 0.3880
INFO:root:Epoch: 0035 lr: 0.01 train_loss: 1.8363 train_acc: 0.3214 train_f1: 0.3214 time: 0.0073s
INFO:root:Epoch: 0035 val_loss: 1.8701 val_acc: 0.3940 val_f1: 0.3940
INFO:root:Epoch: 0040 lr: 0.01 train_loss: 1.7787 train_acc: 0.4429 train_f1: 0.4429 time: 0.0076s
INFO:root:Epoch: 0040 val_loss: 1.8494 val_acc: 0.3920 val_f1: 0.3920
INFO:root:Epoch: 0045 lr: 0.01 train_loss: 1.7175 train_acc: 0.4000 train_f1: 0.4000 time: 0.0076s
INFO:root:Epoch: 0045 val_loss: 1.8280 val_acc: 0.3980 val_f1: 0.3980
INFO:root:Epoch: 0050 lr: 0.01 train_loss: 1.7589 train_acc: 0.2714 train_f1: 0.2714 time: 0.0075s
INFO:root:Epoch: 0050 val_loss: 1.8047 val_acc: 0.3960 val_f1: 0.3960
INFO:root:Epoch: 0055 lr: 0.01 train_loss: 1.6725 train_acc: 0.4143 train_f1: 0.4143 time: 0.0078s
INFO:root:Epoch: 0055 val_loss: 1.7806 val_acc: 0.4120 val_f1: 0.4120
INFO:root:Epoch: 0060 lr: 0.01 train_loss: 1.6785 train_acc: 0.3857 train_f1: 0.3857 time: 0.0082s
INFO:root:Epoch: 0060 val_loss: 1.7548 val_acc: 0.4120 val_f1: 0.4120
INFO:root:Epoch: 0065 lr: 0.01 train_loss: 1.6340 train_acc: 0.3571 train_f1: 0.3571 time: 0.0081s
INFO:root:Epoch: 0065 val_loss: 1.7306 val_acc: 0.4240 val_f1: 0.4240
INFO:root:Epoch: 0070 lr: 0.01 train_loss: 1.6085 train_acc: 0.4071 train_f1: 0.4071 time: 0.0079s
INFO:root:Epoch: 0070 val_loss: 1.7119 val_acc: 0.4300 val_f1: 0.4300
INFO:root:Epoch: 0075 lr: 0.01 train_loss: 1.5915 train_acc: 0.3714 train_f1: 0.3714 time: 0.0077s
INFO:root:Epoch: 0075 val_loss: 1.6975 val_acc: 0.4400 val_f1: 0.4400
INFO:root:Epoch: 0080 lr: 0.01 train_loss: 1.5210 train_acc: 0.4143 train_f1: 0.4143 time: 0.0079s
INFO:root:Epoch: 0080 val_loss: 1.6788 val_acc: 0.4460 val_f1: 0.4460
INFO:root:Epoch: 0085 lr: 0.01 train_loss: 1.5415 train_acc: 0.3929 train_f1: 0.3929 time: 0.0083s
INFO:root:Epoch: 0085 val_loss: 1.6519 val_acc: 0.4520 val_f1: 0.4520
INFO:root:Epoch: 0090 lr: 0.01 train_loss: 1.5262 train_acc: 0.4286 train_f1: 0.4286 time: 0.0077s
INFO:root:Epoch: 0090 val_loss: 1.6244 val_acc: 0.4660 val_f1: 0.4660
INFO:root:Epoch: 0095 lr: 0.01 train_loss: 1.5116 train_acc: 0.4214 train_f1: 0.4214 time: 0.0093s
INFO:root:Epoch: 0095 val_loss: 1.6038 val_acc: 0.4840 val_f1: 0.4840
INFO:root:Epoch: 0100 lr: 0.01 train_loss: 1.4770 train_acc: 0.4357 train_f1: 0.4357 time: 0.0080s
INFO:root:Epoch: 0100 val_loss: 1.5860 val_acc: 0.5160 val_f1: 0.5160
INFO:root:Epoch: 0105 lr: 0.01 train_loss: 1.4413 train_acc: 0.4643 train_f1: 0.4643 time: 0.0088s
INFO:root:Epoch: 0105 val_loss: 1.5777 val_acc: 0.5620 val_f1: 0.5620
INFO:root:Epoch: 0110 lr: 0.01 train_loss: 1.4634 train_acc: 0.4643 train_f1: 0.4643 time: 0.0089s
INFO:root:Epoch: 0110 val_loss: 1.5725 val_acc: 0.5900 val_f1: 0.5900
INFO:root:Epoch: 0115 lr: 0.01 train_loss: 1.4702 train_acc: 0.4071 train_f1: 0.4071 time: 0.0077s
INFO:root:Epoch: 0115 val_loss: 1.5611 val_acc: 0.6120 val_f1: 0.6120
INFO:root:Epoch: 0120 lr: 0.01 train_loss: 1.3123 train_acc: 0.5500 train_f1: 0.5500 time: 0.0077s
INFO:root:Epoch: 0120 val_loss: 1.5342 val_acc: 0.6380 val_f1: 0.6380
INFO:root:Epoch: 0125 lr: 0.01 train_loss: 1.3706 train_acc: 0.5143 train_f1: 0.5143 time: 0.0081s
INFO:root:Epoch: 0125 val_loss: 1.5039 val_acc: 0.6660 val_f1: 0.6660
INFO:root:Epoch: 0130 lr: 0.01 train_loss: 1.3217 train_acc: 0.5429 train_f1: 0.5429 time: 0.0075s
INFO:root:Epoch: 0130 val_loss: 1.4827 val_acc: 0.7000 val_f1: 0.7000
INFO:root:Epoch: 0135 lr: 0.01 train_loss: 1.3668 train_acc: 0.4786 train_f1: 0.4786 time: 0.0084s
INFO:root:Epoch: 0135 val_loss: 1.4750 val_acc: 0.7040 val_f1: 0.7040
INFO:root:Epoch: 0140 lr: 0.01 train_loss: 1.2510 train_acc: 0.5571 train_f1: 0.5571 time: 0.0082s
INFO:root:Epoch: 0140 val_loss: 1.4660 val_acc: 0.6960 val_f1: 0.6960
INFO:root:Epoch: 0145 lr: 0.01 train_loss: 1.1902 train_acc: 0.6143 train_f1: 0.6143 time: 0.0085s
INFO:root:Epoch: 0145 val_loss: 1.4548 val_acc: 0.6940 val_f1: 0.6940
INFO:root:Epoch: 0150 lr: 0.01 train_loss: 1.2828 train_acc: 0.5357 train_f1: 0.5357 time: 0.0078s
INFO:root:Epoch: 0150 val_loss: 1.4437 val_acc: 0.6980 val_f1: 0.6980
INFO:root:Epoch: 0155 lr: 0.01 train_loss: 1.2850 train_acc: 0.5357 train_f1: 0.5357 time: 0.0079s
INFO:root:Epoch: 0155 val_loss: 1.4311 val_acc: 0.7120 val_f1: 0.7120
INFO:root:Epoch: 0160 lr: 0.01 train_loss: 1.1673 train_acc: 0.5929 train_f1: 0.5929 time: 0.0075s
INFO:root:Epoch: 0160 val_loss: 1.4162 val_acc: 0.7220 val_f1: 0.7220
INFO:root:Epoch: 0165 lr: 0.01 train_loss: 1.2183 train_acc: 0.6000 train_f1: 0.6000 time: 0.0075s
INFO:root:Epoch: 0165 val_loss: 1.3950 val_acc: 0.7360 val_f1: 0.7360
INFO:root:Epoch: 0170 lr: 0.01 train_loss: 1.1970 train_acc: 0.5786 train_f1: 0.5786 time: 0.0082s
INFO:root:Epoch: 0170 val_loss: 1.3765 val_acc: 0.7440 val_f1: 0.7440
INFO:root:Epoch: 0175 lr: 0.01 train_loss: 1.1466 train_acc: 0.5857 train_f1: 0.5857 time: 0.0078s
INFO:root:Epoch: 0175 val_loss: 1.3672 val_acc: 0.7540 val_f1: 0.7540
INFO:root:Epoch: 0180 lr: 0.01 train_loss: 1.1714 train_acc: 0.6143 train_f1: 0.6143 time: 0.0091s
INFO:root:Epoch: 0180 val_loss: 1.3624 val_acc: 0.7520 val_f1: 0.7520
INFO:root:Epoch: 0185 lr: 0.01 train_loss: 1.1507 train_acc: 0.5714 train_f1: 0.5714 time: 0.0095s
INFO:root:Epoch: 0185 val_loss: 1.3474 val_acc: 0.7560 val_f1: 0.7560
INFO:root:Epoch: 0190 lr: 0.01 train_loss: 1.1465 train_acc: 0.5500 train_f1: 0.5500 time: 0.0083s
INFO:root:Epoch: 0190 val_loss: 1.3337 val_acc: 0.7460 val_f1: 0.7460
INFO:root:Epoch: 0195 lr: 0.01 train_loss: 1.0761 train_acc: 0.6286 train_f1: 0.6286 time: 0.0080s
INFO:root:Epoch: 0195 val_loss: 1.3173 val_acc: 0.7440 val_f1: 0.7440
INFO:root:Epoch: 0200 lr: 0.01 train_loss: 1.0672 train_acc: 0.5857 train_f1: 0.5857 time: 0.0077s
INFO:root:Epoch: 0200 val_loss: 1.3031 val_acc: 0.7480 val_f1: 0.7480
INFO:root:Epoch: 0205 lr: 0.01 train_loss: 1.1061 train_acc: 0.5643 train_f1: 0.5643 time: 0.0084s
INFO:root:Epoch: 0205 val_loss: 1.2990 val_acc: 0.7560 val_f1: 0.7560
INFO:root:Epoch: 0210 lr: 0.01 train_loss: 1.1551 train_acc: 0.6000 train_f1: 0.6000 time: 0.0078s
INFO:root:Epoch: 0210 val_loss: 1.2934 val_acc: 0.7620 val_f1: 0.7620
INFO:root:Epoch: 0215 lr: 0.01 train_loss: 1.0754 train_acc: 0.6429 train_f1: 0.6429 time: 0.0096s
INFO:root:Epoch: 0215 val_loss: 1.2881 val_acc: 0.7680 val_f1: 0.7680
INFO:root:Epoch: 0220 lr: 0.01 train_loss: 1.0678 train_acc: 0.6071 train_f1: 0.6071 time: 0.0090s
INFO:root:Epoch: 0220 val_loss: 1.2775 val_acc: 0.7660 val_f1: 0.7660
INFO:root:Epoch: 0225 lr: 0.01 train_loss: 1.1600 train_acc: 0.5429 train_f1: 0.5429 time: 0.0078s
INFO:root:Epoch: 0225 val_loss: 1.2674 val_acc: 0.7660 val_f1: 0.7660
INFO:root:Epoch: 0230 lr: 0.01 train_loss: 1.1000 train_acc: 0.5857 train_f1: 0.5857 time: 0.0089s
INFO:root:Epoch: 0230 val_loss: 1.2667 val_acc: 0.7660 val_f1: 0.7660
INFO:root:Epoch: 0235 lr: 0.01 train_loss: 1.0950 train_acc: 0.5714 train_f1: 0.5714 time: 0.0079s
INFO:root:Epoch: 0235 val_loss: 1.2614 val_acc: 0.7720 val_f1: 0.7720
INFO:root:Epoch: 0240 lr: 0.01 train_loss: 1.0369 train_acc: 0.5714 train_f1: 0.5714 time: 0.0077s
INFO:root:Epoch: 0240 val_loss: 1.2549 val_acc: 0.7600 val_f1: 0.7600
INFO:root:Epoch: 0245 lr: 0.01 train_loss: 1.1685 train_acc: 0.5929 train_f1: 0.5929 time: 0.0081s
INFO:root:Epoch: 0245 val_loss: 1.2552 val_acc: 0.7400 val_f1: 0.7400
INFO:root:Epoch: 0250 lr: 0.01 train_loss: 0.9666 train_acc: 0.6500 train_f1: 0.6500 time: 0.0077s
INFO:root:Epoch: 0250 val_loss: 1.2564 val_acc: 0.7460 val_f1: 0.7460
INFO:root:Epoch: 0255 lr: 0.01 train_loss: 1.0491 train_acc: 0.5786 train_f1: 0.5786 time: 0.0079s
INFO:root:Epoch: 0255 val_loss: 1.2554 val_acc: 0.7540 val_f1: 0.7540
INFO:root:Epoch: 0260 lr: 0.01 train_loss: 1.0479 train_acc: 0.5929 train_f1: 0.5929 time: 0.0079s
INFO:root:Epoch: 0260 val_loss: 1.2509 val_acc: 0.7620 val_f1: 0.7620
INFO:root:Epoch: 0265 lr: 0.01 train_loss: 1.0872 train_acc: 0.5500 train_f1: 0.5500 time: 0.0078s
INFO:root:Epoch: 0265 val_loss: 1.2380 val_acc: 0.7540 val_f1: 0.7540
INFO:root:Epoch: 0270 lr: 0.01 train_loss: 0.9731 train_acc: 0.6571 train_f1: 0.6571 time: 0.0074s
INFO:root:Epoch: 0270 val_loss: 1.2318 val_acc: 0.7440 val_f1: 0.7440
INFO:root:Epoch: 0275 lr: 0.01 train_loss: 0.9783 train_acc: 0.6357 train_f1: 0.6357 time: 0.0083s
INFO:root:Epoch: 0275 val_loss: 1.2347 val_acc: 0.7380 val_f1: 0.7380
INFO:root:Epoch: 0280 lr: 0.01 train_loss: 0.9604 train_acc: 0.6643 train_f1: 0.6643 time: 0.0082s
INFO:root:Epoch: 0280 val_loss: 1.2397 val_acc: 0.7400 val_f1: 0.7400
INFO:root:Epoch: 0285 lr: 0.01 train_loss: 0.9191 train_acc: 0.6357 train_f1: 0.6357 time: 0.0078s
INFO:root:Epoch: 0285 val_loss: 1.2526 val_acc: 0.7340 val_f1: 0.7340
INFO:root:Epoch: 0290 lr: 0.01 train_loss: 0.9554 train_acc: 0.6071 train_f1: 0.6071 time: 0.0078s
INFO:root:Epoch: 0290 val_loss: 1.2424 val_acc: 0.7360 val_f1: 0.7360
INFO:root:Epoch: 0295 lr: 0.01 train_loss: 1.0301 train_acc: 0.5857 train_f1: 0.5857 time: 0.0078s
INFO:root:Epoch: 0295 val_loss: 1.2202 val_acc: 0.7400 val_f1: 0.7400
INFO:root:Epoch: 0300 lr: 0.01 train_loss: 0.8850 train_acc: 0.6786 train_f1: 0.6786 time: 0.0077s
INFO:root:Epoch: 0300 val_loss: 1.1937 val_acc: 0.7540 val_f1: 0.7540
INFO:root:Epoch: 0305 lr: 0.01 train_loss: 0.9861 train_acc: 0.6357 train_f1: 0.6357 time: 0.0083s
INFO:root:Epoch: 0305 val_loss: 1.1744 val_acc: 0.7660 val_f1: 0.7660
INFO:root:Epoch: 0310 lr: 0.01 train_loss: 1.0442 train_acc: 0.6357 train_f1: 0.6357 time: 0.0080s
INFO:root:Epoch: 0310 val_loss: 1.1750 val_acc: 0.7660 val_f1: 0.7660
INFO:root:Epoch: 0315 lr: 0.01 train_loss: 0.9838 train_acc: 0.6143 train_f1: 0.6143 time: 0.0079s
INFO:root:Epoch: 0315 val_loss: 1.1801 val_acc: 0.7620 val_f1: 0.7620
INFO:root:Epoch: 0320 lr: 0.01 train_loss: 0.9243 train_acc: 0.6643 train_f1: 0.6643 time: 0.0077s
INFO:root:Epoch: 0320 val_loss: 1.1903 val_acc: 0.7460 val_f1: 0.7460
INFO:root:Epoch: 0325 lr: 0.01 train_loss: 1.0480 train_acc: 0.6214 train_f1: 0.6214 time: 0.0078s
INFO:root:Epoch: 0325 val_loss: 1.1842 val_acc: 0.7520 val_f1: 0.7520
INFO:root:Epoch: 0330 lr: 0.01 train_loss: 1.0042 train_acc: 0.5643 train_f1: 0.5643 time: 0.0080s
INFO:root:Epoch: 0330 val_loss: 1.1685 val_acc: 0.7700 val_f1: 0.7700
INFO:root:Early stopping
INFO:root:Optimization Finished!
INFO:root:Total time elapsed: 4.3900s
INFO:root:Val set results: val_loss: 1.2634 val_acc: 0.7740 val_f1: 0.7740
INFO:root:Test set results: test_loss: 1.2418 test_acc: 0.7540 test_f1: 0.7540
