INFO:root:Using: cpu
INFO:root:Using seed 1234.
INFO:root:Num classes: 7
INFO:root:NCModel(
  (encoder): HypGCN(
    (layers): Sequential(
      (0): HyperbolicGraphConvolution(
        (linear): HypLinear(in_features=1433, out_features=16, c=tensor([1.]))
        (agg): HypAgg(c=tensor([1.]), use_att=0)
        (hyp_act): HypAct(c_in=tensor([1.]), c_out=tensor([1.]))
      )
    )
  )
  (decoder): LinearDecoder(
    in_features=16, out_features=7, bias=0, c=tensor([1.])
    (cls): Linear(
      (linear): Linear(in_features=16, out_features=7, bias=False)
    )
  )
)
INFO:root:Total number of parameters: 23056
INFO:root:Epoch: 0005 lr: 0.01 train_loss: 1.9444 train_acc: 0.1643 train_f1: 0.1643 time: 0.1745s
INFO:root:Epoch: 0005 val_loss: 1.9451 val_acc: 0.1840 val_f1: 0.1840
INFO:root:Epoch: 0010 lr: 0.01 train_loss: 1.9418 train_acc: 0.2214 train_f1: 0.2214 time: 0.2039s
INFO:root:Epoch: 0010 val_loss: 1.9435 val_acc: 0.1660 val_f1: 0.1660
INFO:root:Epoch: 0015 lr: 0.01 train_loss: 1.9356 train_acc: 0.2429 train_f1: 0.2429 time: 0.1776s
INFO:root:Epoch: 0015 val_loss: 1.9415 val_acc: 0.1620 val_f1: 0.1620
INFO:root:Epoch: 0020 lr: 0.01 train_loss: 1.9273 train_acc: 0.2786 train_f1: 0.2786 time: 0.1674s
INFO:root:Epoch: 0020 val_loss: 1.9383 val_acc: 0.1740 val_f1: 0.1740
INFO:root:Epoch: 0025 lr: 0.01 train_loss: 1.9195 train_acc: 0.2786 train_f1: 0.2786 time: 0.1878s
INFO:root:Epoch: 0025 val_loss: 1.9338 val_acc: 0.2020 val_f1: 0.2020
INFO:root:Epoch: 0030 lr: 0.01 train_loss: 1.9041 train_acc: 0.2286 train_f1: 0.2286 time: 0.1656s
INFO:root:Epoch: 0030 val_loss: 1.9284 val_acc: 0.2040 val_f1: 0.2040
INFO:root:Epoch: 0035 lr: 0.01 train_loss: 1.8841 train_acc: 0.3071 train_f1: 0.3071 time: 0.1751s
INFO:root:Epoch: 0035 val_loss: 1.9221 val_acc: 0.1940 val_f1: 0.1940
INFO:root:Epoch: 0040 lr: 0.01 train_loss: 1.8717 train_acc: 0.2857 train_f1: 0.2857 time: 0.1674s
INFO:root:Epoch: 0040 val_loss: 1.9137 val_acc: 0.1940 val_f1: 0.1940
INFO:root:Epoch: 0045 lr: 0.01 train_loss: 1.8504 train_acc: 0.2857 train_f1: 0.2857 time: 0.1862s
INFO:root:Epoch: 0045 val_loss: 1.9015 val_acc: 0.2260 val_f1: 0.2260
INFO:root:Epoch: 0050 lr: 0.01 train_loss: 1.8194 train_acc: 0.3143 train_f1: 0.3143 time: 0.1796s
INFO:root:Epoch: 0050 val_loss: 1.8886 val_acc: 0.2460 val_f1: 0.2460
INFO:root:Epoch: 0055 lr: 0.01 train_loss: 1.7993 train_acc: 0.3571 train_f1: 0.3571 time: 0.1771s
INFO:root:Epoch: 0055 val_loss: 1.8760 val_acc: 0.2580 val_f1: 0.2580
INFO:root:Epoch: 0060 lr: 0.01 train_loss: 1.7706 train_acc: 0.3714 train_f1: 0.3714 time: 0.1757s
INFO:root:Epoch: 0060 val_loss: 1.8620 val_acc: 0.2980 val_f1: 0.2980
INFO:root:Epoch: 0065 lr: 0.01 train_loss: 1.7567 train_acc: 0.3786 train_f1: 0.3786 time: 0.1701s
INFO:root:Epoch: 0065 val_loss: 1.8473 val_acc: 0.3100 val_f1: 0.3100
INFO:root:Epoch: 0070 lr: 0.01 train_loss: 1.7474 train_acc: 0.4000 train_f1: 0.4000 time: 0.1870s
INFO:root:Epoch: 0070 val_loss: 1.8329 val_acc: 0.3220 val_f1: 0.3220
INFO:root:Epoch: 0075 lr: 0.01 train_loss: 1.6852 train_acc: 0.4357 train_f1: 0.4357 time: 0.1769s
INFO:root:Epoch: 0075 val_loss: 1.8177 val_acc: 0.3500 val_f1: 0.3500
INFO:root:Epoch: 0080 lr: 0.01 train_loss: 1.7019 train_acc: 0.4214 train_f1: 0.4214 time: 0.1753s
INFO:root:Epoch: 0080 val_loss: 1.7982 val_acc: 0.3820 val_f1: 0.3820
INFO:root:Epoch: 0085 lr: 0.01 train_loss: 1.6326 train_acc: 0.4571 train_f1: 0.4571 time: 0.1787s
INFO:root:Epoch: 0085 val_loss: 1.7767 val_acc: 0.4360 val_f1: 0.4360
INFO:root:Epoch: 0090 lr: 0.01 train_loss: 1.5962 train_acc: 0.4643 train_f1: 0.4643 time: 0.1880s
INFO:root:Epoch: 0090 val_loss: 1.7584 val_acc: 0.4800 val_f1: 0.4800
INFO:root:Epoch: 0095 lr: 0.01 train_loss: 1.6200 train_acc: 0.5143 train_f1: 0.5143 time: 0.1704s
INFO:root:Epoch: 0095 val_loss: 1.7404 val_acc: 0.5120 val_f1: 0.5120
INFO:root:Epoch: 0100 lr: 0.01 train_loss: 1.5891 train_acc: 0.4929 train_f1: 0.4929 time: 0.1781s
INFO:root:Epoch: 0100 val_loss: 1.7203 val_acc: 0.5580 val_f1: 0.5580
INFO:root:Epoch: 0105 lr: 0.01 train_loss: 1.5093 train_acc: 0.5214 train_f1: 0.5214 time: 0.1723s
INFO:root:Epoch: 0105 val_loss: 1.6980 val_acc: 0.6180 val_f1: 0.6180
INFO:root:Epoch: 0110 lr: 0.01 train_loss: 1.4147 train_acc: 0.5857 train_f1: 0.5857 time: 0.1694s
INFO:root:Epoch: 0110 val_loss: 1.6761 val_acc: 0.6340 val_f1: 0.6340
INFO:root:Epoch: 0115 lr: 0.01 train_loss: 1.4974 train_acc: 0.5643 train_f1: 0.5643 time: 0.1770s
INFO:root:Epoch: 0115 val_loss: 1.6565 val_acc: 0.6500 val_f1: 0.6500
INFO:root:Epoch: 0120 lr: 0.01 train_loss: 1.5336 train_acc: 0.5214 train_f1: 0.5214 time: 0.1803s
INFO:root:Epoch: 0120 val_loss: 1.6390 val_acc: 0.6580 val_f1: 0.6580
INFO:root:Epoch: 0125 lr: 0.01 train_loss: 1.4107 train_acc: 0.5571 train_f1: 0.5571 time: 0.1682s
INFO:root:Epoch: 0125 val_loss: 1.6210 val_acc: 0.6680 val_f1: 0.6680
INFO:root:Epoch: 0130 lr: 0.01 train_loss: 1.4483 train_acc: 0.5143 train_f1: 0.5143 time: 0.1671s
INFO:root:Epoch: 0130 val_loss: 1.6033 val_acc: 0.6660 val_f1: 0.6660
INFO:root:Epoch: 0135 lr: 0.01 train_loss: 1.3657 train_acc: 0.5357 train_f1: 0.5357 time: 0.1780s
INFO:root:Epoch: 0135 val_loss: 1.5843 val_acc: 0.6760 val_f1: 0.6760
INFO:root:Epoch: 0140 lr: 0.01 train_loss: 1.3390 train_acc: 0.5357 train_f1: 0.5357 time: 0.1764s
INFO:root:Epoch: 0140 val_loss: 1.5644 val_acc: 0.6860 val_f1: 0.6860
INFO:root:Epoch: 0145 lr: 0.01 train_loss: 1.3755 train_acc: 0.5214 train_f1: 0.5214 time: 0.1797s
INFO:root:Epoch: 0145 val_loss: 1.5462 val_acc: 0.6920 val_f1: 0.6920
INFO:root:Epoch: 0150 lr: 0.01 train_loss: 1.4400 train_acc: 0.4643 train_f1: 0.4643 time: 0.1753s
INFO:root:Epoch: 0150 val_loss: 1.5291 val_acc: 0.7060 val_f1: 0.7060
INFO:root:Epoch: 0155 lr: 0.01 train_loss: 1.2818 train_acc: 0.5714 train_f1: 0.5714 time: 0.1759s
INFO:root:Epoch: 0155 val_loss: 1.5132 val_acc: 0.7080 val_f1: 0.7080
INFO:root:Epoch: 0160 lr: 0.01 train_loss: 1.2323 train_acc: 0.6500 train_f1: 0.6500 time: 0.1767s
INFO:root:Epoch: 0160 val_loss: 1.5016 val_acc: 0.7060 val_f1: 0.7060
INFO:root:Epoch: 0165 lr: 0.01 train_loss: 1.3180 train_acc: 0.5143 train_f1: 0.5143 time: 0.1843s
INFO:root:Epoch: 0165 val_loss: 1.4909 val_acc: 0.7060 val_f1: 0.7060
INFO:root:Epoch: 0170 lr: 0.01 train_loss: 1.2301 train_acc: 0.5857 train_f1: 0.5857 time: 0.1778s
INFO:root:Epoch: 0170 val_loss: 1.4778 val_acc: 0.7080 val_f1: 0.7080
INFO:root:Epoch: 0175 lr: 0.01 train_loss: 1.2785 train_acc: 0.5500 train_f1: 0.5500 time: 0.1787s
INFO:root:Epoch: 0175 val_loss: 1.4617 val_acc: 0.7100 val_f1: 0.7100
INFO:root:Epoch: 0180 lr: 0.01 train_loss: 1.2361 train_acc: 0.6357 train_f1: 0.6357 time: 0.1769s
INFO:root:Epoch: 0180 val_loss: 1.4448 val_acc: 0.7080 val_f1: 0.7080
INFO:root:Epoch: 0185 lr: 0.01 train_loss: 1.3036 train_acc: 0.5714 train_f1: 0.5714 time: 0.1796s
INFO:root:Epoch: 0185 val_loss: 1.4307 val_acc: 0.7140 val_f1: 0.7140
INFO:root:Epoch: 0190 lr: 0.01 train_loss: 1.2516 train_acc: 0.5714 train_f1: 0.5714 time: 0.1764s
INFO:root:Epoch: 0190 val_loss: 1.4150 val_acc: 0.7280 val_f1: 0.7280
INFO:root:Epoch: 0195 lr: 0.01 train_loss: 1.1787 train_acc: 0.6071 train_f1: 0.6071 time: 0.1661s
INFO:root:Epoch: 0195 val_loss: 1.4052 val_acc: 0.7360 val_f1: 0.7360
INFO:root:Epoch: 0200 lr: 0.01 train_loss: 1.1038 train_acc: 0.7071 train_f1: 0.7071 time: 0.1709s
INFO:root:Epoch: 0200 val_loss: 1.4008 val_acc: 0.7380 val_f1: 0.7380
INFO:root:Epoch: 0205 lr: 0.01 train_loss: 1.1629 train_acc: 0.5571 train_f1: 0.5571 time: 0.1798s
INFO:root:Epoch: 0205 val_loss: 1.4002 val_acc: 0.7320 val_f1: 0.7320
INFO:root:Epoch: 0210 lr: 0.01 train_loss: 1.3162 train_acc: 0.5143 train_f1: 0.5143 time: 0.1858s
INFO:root:Epoch: 0210 val_loss: 1.3970 val_acc: 0.7220 val_f1: 0.7220
INFO:root:Epoch: 0215 lr: 0.01 train_loss: 1.2218 train_acc: 0.5929 train_f1: 0.5929 time: 0.1888s
INFO:root:Epoch: 0215 val_loss: 1.3919 val_acc: 0.7160 val_f1: 0.7160
INFO:root:Epoch: 0220 lr: 0.01 train_loss: 1.2447 train_acc: 0.5643 train_f1: 0.5643 time: 0.1691s
INFO:root:Epoch: 0220 val_loss: 1.3846 val_acc: 0.7140 val_f1: 0.7140
INFO:root:Epoch: 0225 lr: 0.01 train_loss: 1.2103 train_acc: 0.5571 train_f1: 0.5571 time: 0.1702s
INFO:root:Epoch: 0225 val_loss: 1.3745 val_acc: 0.7280 val_f1: 0.7280
INFO:root:Epoch: 0230 lr: 0.01 train_loss: 1.1793 train_acc: 0.6143 train_f1: 0.6143 time: 0.1673s
INFO:root:Epoch: 0230 val_loss: 1.3673 val_acc: 0.7300 val_f1: 0.7300
INFO:root:Epoch: 0235 lr: 0.01 train_loss: 1.1414 train_acc: 0.5929 train_f1: 0.5929 time: 0.1863s
INFO:root:Epoch: 0235 val_loss: 1.3580 val_acc: 0.7300 val_f1: 0.7300
INFO:root:Epoch: 0240 lr: 0.01 train_loss: 1.1265 train_acc: 0.6000 train_f1: 0.6000 time: 0.1667s
INFO:root:Epoch: 0240 val_loss: 1.3456 val_acc: 0.7380 val_f1: 0.7380
INFO:root:Epoch: 0245 lr: 0.01 train_loss: 1.1494 train_acc: 0.5643 train_f1: 0.5643 time: 0.1677s
INFO:root:Epoch: 0245 val_loss: 1.3353 val_acc: 0.7340 val_f1: 0.7340
INFO:root:Epoch: 0250 lr: 0.01 train_loss: 1.0694 train_acc: 0.6143 train_f1: 0.6143 time: 0.1661s
INFO:root:Epoch: 0250 val_loss: 1.3326 val_acc: 0.7320 val_f1: 0.7320
INFO:root:Epoch: 0255 lr: 0.01 train_loss: 1.2170 train_acc: 0.5071 train_f1: 0.5071 time: 0.1682s
INFO:root:Epoch: 0255 val_loss: 1.3342 val_acc: 0.7300 val_f1: 0.7300
INFO:root:Epoch: 0260 lr: 0.01 train_loss: 1.1148 train_acc: 0.5643 train_f1: 0.5643 time: 0.1725s
INFO:root:Epoch: 0260 val_loss: 1.3354 val_acc: 0.7360 val_f1: 0.7360
INFO:root:Epoch: 0265 lr: 0.01 train_loss: 1.2058 train_acc: 0.5429 train_f1: 0.5429 time: 0.1682s
INFO:root:Epoch: 0265 val_loss: 1.3368 val_acc: 0.7280 val_f1: 0.7280
INFO:root:Epoch: 0270 lr: 0.01 train_loss: 1.0973 train_acc: 0.6357 train_f1: 0.6357 time: 0.1699s
INFO:root:Epoch: 0270 val_loss: 1.3335 val_acc: 0.7260 val_f1: 0.7260
INFO:root:Epoch: 0275 lr: 0.01 train_loss: 1.1663 train_acc: 0.5643 train_f1: 0.5643 time: 0.1671s
INFO:root:Epoch: 0275 val_loss: 1.3251 val_acc: 0.7320 val_f1: 0.7320
INFO:root:Epoch: 0280 lr: 0.01 train_loss: 1.2042 train_acc: 0.5357 train_f1: 0.5357 time: 0.1656s
INFO:root:Epoch: 0280 val_loss: 1.3189 val_acc: 0.7340 val_f1: 0.7340
INFO:root:Epoch: 0285 lr: 0.01 train_loss: 1.2306 train_acc: 0.5857 train_f1: 0.5857 time: 0.1681s
INFO:root:Epoch: 0285 val_loss: 1.3164 val_acc: 0.7340 val_f1: 0.7340
INFO:root:Epoch: 0290 lr: 0.01 train_loss: 1.0513 train_acc: 0.6429 train_f1: 0.6429 time: 0.1679s
INFO:root:Epoch: 0290 val_loss: 1.3179 val_acc: 0.7380 val_f1: 0.7380
INFO:root:Epoch: 0295 lr: 0.01 train_loss: 1.1591 train_acc: 0.5643 train_f1: 0.5643 time: 0.1668s
INFO:root:Epoch: 0295 val_loss: 1.3146 val_acc: 0.7360 val_f1: 0.7360
INFO:root:Epoch: 0300 lr: 0.01 train_loss: 1.0949 train_acc: 0.5786 train_f1: 0.5786 time: 0.1705s
INFO:root:Epoch: 0300 val_loss: 1.3157 val_acc: 0.7300 val_f1: 0.7300
INFO:root:Epoch: 0305 lr: 0.01 train_loss: 1.0311 train_acc: 0.6357 train_f1: 0.6357 time: 0.1667s
INFO:root:Epoch: 0305 val_loss: 1.3199 val_acc: 0.7180 val_f1: 0.7180
INFO:root:Epoch: 0310 lr: 0.01 train_loss: 1.1282 train_acc: 0.5857 train_f1: 0.5857 time: 0.1666s
INFO:root:Epoch: 0310 val_loss: 1.3131 val_acc: 0.7220 val_f1: 0.7220
INFO:root:Epoch: 0315 lr: 0.01 train_loss: 1.1462 train_acc: 0.5714 train_f1: 0.5714 time: 0.1777s
INFO:root:Epoch: 0315 val_loss: 1.3052 val_acc: 0.7320 val_f1: 0.7320
INFO:root:Epoch: 0320 lr: 0.01 train_loss: 1.1125 train_acc: 0.6000 train_f1: 0.6000 time: 0.1664s
INFO:root:Epoch: 0320 val_loss: 1.2954 val_acc: 0.7300 val_f1: 0.7300
INFO:root:Epoch: 0325 lr: 0.01 train_loss: 1.1007 train_acc: 0.5214 train_f1: 0.5214 time: 0.1686s
INFO:root:Epoch: 0325 val_loss: 1.2896 val_acc: 0.7380 val_f1: 0.7380
INFO:root:Epoch: 0330 lr: 0.01 train_loss: 1.0494 train_acc: 0.6286 train_f1: 0.6286 time: 0.1690s
INFO:root:Epoch: 0330 val_loss: 1.2882 val_acc: 0.7340 val_f1: 0.7340
INFO:root:Epoch: 0335 lr: 0.01 train_loss: 1.1445 train_acc: 0.5786 train_f1: 0.5786 time: 0.1750s
INFO:root:Epoch: 0335 val_loss: 1.2962 val_acc: 0.7200 val_f1: 0.7200
INFO:root:Epoch: 0340 lr: 0.01 train_loss: 1.1422 train_acc: 0.5714 train_f1: 0.5714 time: 0.1679s
INFO:root:Epoch: 0340 val_loss: 1.2990 val_acc: 0.7160 val_f1: 0.7160
INFO:root:Epoch: 0345 lr: 0.01 train_loss: 1.0633 train_acc: 0.6143 train_f1: 0.6143 time: 0.1666s
INFO:root:Epoch: 0345 val_loss: 1.2931 val_acc: 0.7240 val_f1: 0.7240
INFO:root:Epoch: 0350 lr: 0.01 train_loss: 1.1184 train_acc: 0.5929 train_f1: 0.5929 time: 0.1679s
INFO:root:Epoch: 0350 val_loss: 1.2814 val_acc: 0.7380 val_f1: 0.7380
INFO:root:Epoch: 0355 lr: 0.01 train_loss: 1.0860 train_acc: 0.6071 train_f1: 0.6071 time: 0.1680s
INFO:root:Epoch: 0355 val_loss: 1.2795 val_acc: 0.7400 val_f1: 0.7400
INFO:root:Epoch: 0360 lr: 0.01 train_loss: 1.1911 train_acc: 0.5929 train_f1: 0.5929 time: 0.1679s
INFO:root:Epoch: 0360 val_loss: 1.2817 val_acc: 0.7360 val_f1: 0.7360
INFO:root:Epoch: 0365 lr: 0.01 train_loss: 0.9657 train_acc: 0.7071 train_f1: 0.7071 time: 0.1673s
INFO:root:Epoch: 0365 val_loss: 1.2840 val_acc: 0.7300 val_f1: 0.7300
INFO:root:Epoch: 0370 lr: 0.01 train_loss: 1.0912 train_acc: 0.5571 train_f1: 0.5571 time: 0.1681s
INFO:root:Epoch: 0370 val_loss: 1.2829 val_acc: 0.7320 val_f1: 0.7320
INFO:root:Epoch: 0375 lr: 0.01 train_loss: 1.0785 train_acc: 0.5643 train_f1: 0.5643 time: 0.1693s
INFO:root:Epoch: 0375 val_loss: 1.2802 val_acc: 0.7380 val_f1: 0.7380
INFO:root:Epoch: 0380 lr: 0.01 train_loss: 1.0564 train_acc: 0.6143 train_f1: 0.6143 time: 0.1688s
INFO:root:Epoch: 0380 val_loss: 1.2800 val_acc: 0.7360 val_f1: 0.7360
INFO:root:Epoch: 0385 lr: 0.01 train_loss: 0.9658 train_acc: 0.6286 train_f1: 0.6286 time: 0.1678s
INFO:root:Epoch: 0385 val_loss: 1.2804 val_acc: 0.7300 val_f1: 0.7300
INFO:root:Epoch: 0390 lr: 0.01 train_loss: 1.0763 train_acc: 0.5929 train_f1: 0.5929 time: 0.1682s
INFO:root:Epoch: 0390 val_loss: 1.2768 val_acc: 0.7340 val_f1: 0.7340
INFO:root:Epoch: 0395 lr: 0.01 train_loss: 0.8986 train_acc: 0.6786 train_f1: 0.6786 time: 0.1722s
INFO:root:Epoch: 0395 val_loss: 1.2732 val_acc: 0.7300 val_f1: 0.7300
INFO:root:Epoch: 0400 lr: 0.01 train_loss: 1.1158 train_acc: 0.5929 train_f1: 0.5929 time: 0.1920s
INFO:root:Epoch: 0400 val_loss: 1.2714 val_acc: 0.7280 val_f1: 0.7280
INFO:root:Epoch: 0405 lr: 0.01 train_loss: 0.9577 train_acc: 0.6143 train_f1: 0.6143 time: 0.1681s
INFO:root:Epoch: 0405 val_loss: 1.2737 val_acc: 0.7280 val_f1: 0.7280
INFO:root:Epoch: 0410 lr: 0.01 train_loss: 1.0134 train_acc: 0.6214 train_f1: 0.6214 time: 0.1667s
INFO:root:Epoch: 0410 val_loss: 1.2668 val_acc: 0.7380 val_f1: 0.7380
INFO:root:Epoch: 0415 lr: 0.01 train_loss: 1.1340 train_acc: 0.6071 train_f1: 0.6071 time: 0.1873s
INFO:root:Epoch: 0415 val_loss: 1.2582 val_acc: 0.7440 val_f1: 0.7440
INFO:root:Epoch: 0420 lr: 0.01 train_loss: 1.1144 train_acc: 0.6143 train_f1: 0.6143 time: 0.1804s
INFO:root:Epoch: 0420 val_loss: 1.2528 val_acc: 0.7520 val_f1: 0.7520
INFO:root:Epoch: 0425 lr: 0.01 train_loss: 1.0978 train_acc: 0.5929 train_f1: 0.5929 time: 0.1725s
INFO:root:Epoch: 0425 val_loss: 1.2470 val_acc: 0.7640 val_f1: 0.7640
INFO:root:Epoch: 0430 lr: 0.01 train_loss: 1.0177 train_acc: 0.6286 train_f1: 0.6286 time: 0.1766s
INFO:root:Epoch: 0430 val_loss: 1.2446 val_acc: 0.7560 val_f1: 0.7560
INFO:root:Epoch: 0435 lr: 0.01 train_loss: 1.0333 train_acc: 0.6357 train_f1: 0.6357 time: 0.1702s
INFO:root:Epoch: 0435 val_loss: 1.2474 val_acc: 0.7500 val_f1: 0.7500
INFO:root:Epoch: 0440 lr: 0.01 train_loss: 1.1070 train_acc: 0.5786 train_f1: 0.5786 time: 0.1789s
INFO:root:Epoch: 0440 val_loss: 1.2501 val_acc: 0.7500 val_f1: 0.7500
INFO:root:Epoch: 0445 lr: 0.01 train_loss: 1.2046 train_acc: 0.5286 train_f1: 0.5286 time: 0.1708s
INFO:root:Epoch: 0445 val_loss: 1.2516 val_acc: 0.7480 val_f1: 0.7480
INFO:root:Epoch: 0450 lr: 0.01 train_loss: 1.1931 train_acc: 0.5571 train_f1: 0.5571 time: 0.1688s
INFO:root:Epoch: 0450 val_loss: 1.2588 val_acc: 0.7400 val_f1: 0.7400
INFO:root:Epoch: 0455 lr: 0.01 train_loss: 1.0720 train_acc: 0.5786 train_f1: 0.5786 time: 0.1763s
INFO:root:Epoch: 0455 val_loss: 1.2614 val_acc: 0.7440 val_f1: 0.7440
INFO:root:Epoch: 0460 lr: 0.01 train_loss: 1.0527 train_acc: 0.6143 train_f1: 0.6143 time: 0.1798s
INFO:root:Epoch: 0460 val_loss: 1.2581 val_acc: 0.7500 val_f1: 0.7500
INFO:root:Epoch: 0465 lr: 0.01 train_loss: 1.1383 train_acc: 0.5929 train_f1: 0.5929 time: 0.1757s
INFO:root:Epoch: 0465 val_loss: 1.2501 val_acc: 0.7600 val_f1: 0.7600
INFO:root:Epoch: 0470 lr: 0.01 train_loss: 1.0325 train_acc: 0.6571 train_f1: 0.6571 time: 0.1705s
INFO:root:Epoch: 0470 val_loss: 1.2449 val_acc: 0.7580 val_f1: 0.7580
INFO:root:Epoch: 0475 lr: 0.01 train_loss: 1.1084 train_acc: 0.5143 train_f1: 0.5143 time: 0.1747s
INFO:root:Epoch: 0475 val_loss: 1.2445 val_acc: 0.7580 val_f1: 0.7580
INFO:root:Epoch: 0480 lr: 0.01 train_loss: 1.0183 train_acc: 0.6571 train_f1: 0.6571 time: 0.1705s
INFO:root:Epoch: 0480 val_loss: 1.2440 val_acc: 0.7540 val_f1: 0.7540
INFO:root:Epoch: 0485 lr: 0.01 train_loss: 1.1483 train_acc: 0.5714 train_f1: 0.5714 time: 0.1751s
INFO:root:Epoch: 0485 val_loss: 1.2446 val_acc: 0.7460 val_f1: 0.7460
INFO:root:Epoch: 0490 lr: 0.01 train_loss: 0.9912 train_acc: 0.6429 train_f1: 0.6429 time: 0.1780s
INFO:root:Epoch: 0490 val_loss: 1.2514 val_acc: 0.7400 val_f1: 0.7400
INFO:root:Epoch: 0495 lr: 0.01 train_loss: 1.1432 train_acc: 0.5500 train_f1: 0.5500 time: 0.1757s
INFO:root:Epoch: 0495 val_loss: 1.2489 val_acc: 0.7420 val_f1: 0.7420
INFO:root:Epoch: 0500 lr: 0.01 train_loss: 0.9909 train_acc: 0.6500 train_f1: 0.6500 time: 0.1784s
INFO:root:Epoch: 0500 val_loss: 1.2433 val_acc: 0.7500 val_f1: 0.7500
INFO:root:Epoch: 0505 lr: 0.01 train_loss: 1.1046 train_acc: 0.6000 train_f1: 0.6000 time: 0.1696s
INFO:root:Epoch: 0505 val_loss: 1.2429 val_acc: 0.7420 val_f1: 0.7420
INFO:root:Epoch: 0510 lr: 0.01 train_loss: 1.0892 train_acc: 0.5714 train_f1: 0.5714 time: 0.1769s
INFO:root:Epoch: 0510 val_loss: 1.2480 val_acc: 0.7440 val_f1: 0.7440
INFO:root:Epoch: 0515 lr: 0.01 train_loss: 1.0110 train_acc: 0.6000 train_f1: 0.6000 time: 0.1726s
INFO:root:Epoch: 0515 val_loss: 1.2504 val_acc: 0.7420 val_f1: 0.7420
INFO:root:Epoch: 0520 lr: 0.01 train_loss: 1.0624 train_acc: 0.6000 train_f1: 0.6000 time: 0.1773s
INFO:root:Epoch: 0520 val_loss: 1.2485 val_acc: 0.7360 val_f1: 0.7360
INFO:root:Early stopping
INFO:root:Optimization Finished!
INFO:root:Total time elapsed: 161.6212s
INFO:root:Val set results: val_loss: 1.2483 val_acc: 0.7660 val_f1: 0.7660
INFO:root:Test set results: test_loss: 1.2380 test_acc: 0.7600 test_f1: 0.7600
