INFO:root:Using: cpu
INFO:root:Using seed 1234.
INFO:root:Num classes: 7
INFO:root:NCModel(
  (encoder): HypGCN(
    (layers): Sequential(
      (0): HyperbolicGraphConvolution(
        (linear): HypLinear(in_features=1433, out_features=4, c=tensor([1.]))
        (agg): HypAgg(c=tensor([1.]), use_att=0)
        (hyp_act): HypAct(c_in=tensor([1.]), c_out=tensor([1.]))
      )
    )
  )
  (decoder): LinearDecoder(
    in_features=4, out_features=7, bias=0, c=tensor([1.])
    (cls): Linear(
      (linear): Linear(in_features=4, out_features=7, bias=False)
    )
  )
)
INFO:root:Total number of parameters: 5764
INFO:root:Epoch: 0005 lr: 0.01 train_loss: 1.9431 train_acc: 0.1429 train_f1: 0.1429 time: 0.0070s
INFO:root:Epoch: 0005 val_loss: 1.9439 val_acc: 0.1400 val_f1: 0.1400
INFO:root:Epoch: 0010 lr: 0.01 train_loss: 1.9379 train_acc: 0.2000 train_f1: 0.2000 time: 0.0070s
INFO:root:Epoch: 0010 val_loss: 1.9393 val_acc: 0.2200 val_f1: 0.2200
INFO:root:Epoch: 0015 lr: 0.01 train_loss: 1.9270 train_acc: 0.2571 train_f1: 0.2571 time: 0.0078s
INFO:root:Epoch: 0015 val_loss: 1.9343 val_acc: 0.2600 val_f1: 0.2600
INFO:root:Epoch: 0020 lr: 0.01 train_loss: 1.9227 train_acc: 0.2786 train_f1: 0.2786 time: 0.0074s
INFO:root:Epoch: 0020 val_loss: 1.9288 val_acc: 0.2760 val_f1: 0.2760
INFO:root:Epoch: 0025 lr: 0.01 train_loss: 1.9092 train_acc: 0.2929 train_f1: 0.2929 time: 0.0074s
INFO:root:Epoch: 0025 val_loss: 1.9222 val_acc: 0.2940 val_f1: 0.2940
INFO:root:Epoch: 0030 lr: 0.01 train_loss: 1.8952 train_acc: 0.3214 train_f1: 0.3214 time: 0.0074s
INFO:root:Epoch: 0030 val_loss: 1.9148 val_acc: 0.2860 val_f1: 0.2860
INFO:root:Epoch: 0035 lr: 0.01 train_loss: 1.8810 train_acc: 0.3429 train_f1: 0.3429 time: 0.0073s
INFO:root:Epoch: 0035 val_loss: 1.9061 val_acc: 0.2900 val_f1: 0.2900
INFO:root:Epoch: 0040 lr: 0.01 train_loss: 1.8715 train_acc: 0.3071 train_f1: 0.3071 time: 0.0079s
INFO:root:Epoch: 0040 val_loss: 1.8964 val_acc: 0.2940 val_f1: 0.2940
INFO:root:Epoch: 0045 lr: 0.01 train_loss: 1.8506 train_acc: 0.3429 train_f1: 0.3429 time: 0.0077s
INFO:root:Epoch: 0045 val_loss: 1.8875 val_acc: 0.2680 val_f1: 0.2680
INFO:root:Epoch: 0050 lr: 0.01 train_loss: 1.8257 train_acc: 0.3143 train_f1: 0.3143 time: 0.0071s
INFO:root:Epoch: 0050 val_loss: 1.8784 val_acc: 0.2520 val_f1: 0.2520
INFO:root:Epoch: 0055 lr: 0.01 train_loss: 1.8242 train_acc: 0.3286 train_f1: 0.3286 time: 0.0072s
INFO:root:Epoch: 0055 val_loss: 1.8666 val_acc: 0.2580 val_f1: 0.2580
INFO:root:Epoch: 0060 lr: 0.01 train_loss: 1.7987 train_acc: 0.3214 train_f1: 0.3214 time: 0.0071s
INFO:root:Epoch: 0060 val_loss: 1.8526 val_acc: 0.2980 val_f1: 0.2980
INFO:root:Epoch: 0065 lr: 0.01 train_loss: 1.7621 train_acc: 0.3286 train_f1: 0.3286 time: 0.0071s
INFO:root:Epoch: 0065 val_loss: 1.8408 val_acc: 0.2900 val_f1: 0.2900
INFO:root:Epoch: 0070 lr: 0.01 train_loss: 1.7139 train_acc: 0.3857 train_f1: 0.3857 time: 0.0072s
INFO:root:Epoch: 0070 val_loss: 1.8273 val_acc: 0.2900 val_f1: 0.2900
INFO:root:Epoch: 0075 lr: 0.01 train_loss: 1.6769 train_acc: 0.3429 train_f1: 0.3429 time: 0.0071s
INFO:root:Epoch: 0075 val_loss: 1.8137 val_acc: 0.3060 val_f1: 0.3060
INFO:root:Epoch: 0080 lr: 0.01 train_loss: 1.6513 train_acc: 0.3786 train_f1: 0.3786 time: 0.0074s
INFO:root:Epoch: 0080 val_loss: 1.7994 val_acc: 0.3200 val_f1: 0.3200
INFO:root:Epoch: 0085 lr: 0.01 train_loss: 1.6797 train_acc: 0.4143 train_f1: 0.4143 time: 0.0072s
INFO:root:Epoch: 0085 val_loss: 1.7837 val_acc: 0.3360 val_f1: 0.3360
INFO:root:Epoch: 0090 lr: 0.01 train_loss: 1.6479 train_acc: 0.3714 train_f1: 0.3714 time: 0.0071s
INFO:root:Epoch: 0090 val_loss: 1.7685 val_acc: 0.3460 val_f1: 0.3460
INFO:root:Epoch: 0095 lr: 0.01 train_loss: 1.6775 train_acc: 0.3214 train_f1: 0.3214 time: 0.0073s
INFO:root:Epoch: 0095 val_loss: 1.7549 val_acc: 0.3520 val_f1: 0.3520
INFO:root:Epoch: 0100 lr: 0.01 train_loss: 1.6319 train_acc: 0.4071 train_f1: 0.4071 time: 0.0082s
INFO:root:Epoch: 0100 val_loss: 1.7398 val_acc: 0.3660 val_f1: 0.3660
INFO:root:Epoch: 0105 lr: 0.01 train_loss: 1.5771 train_acc: 0.4714 train_f1: 0.4714 time: 0.0077s
INFO:root:Epoch: 0105 val_loss: 1.7274 val_acc: 0.3680 val_f1: 0.3680
INFO:root:Epoch: 0110 lr: 0.01 train_loss: 1.6174 train_acc: 0.3786 train_f1: 0.3786 time: 0.0072s
INFO:root:Epoch: 0110 val_loss: 1.7204 val_acc: 0.3700 val_f1: 0.3700
INFO:root:Epoch: 0115 lr: 0.01 train_loss: 1.5469 train_acc: 0.3929 train_f1: 0.3929 time: 0.0076s
INFO:root:Epoch: 0115 val_loss: 1.7132 val_acc: 0.3820 val_f1: 0.3820
INFO:root:Epoch: 0120 lr: 0.01 train_loss: 1.5288 train_acc: 0.4214 train_f1: 0.4214 time: 0.0077s
INFO:root:Epoch: 0120 val_loss: 1.6988 val_acc: 0.4000 val_f1: 0.4000
INFO:root:Epoch: 0125 lr: 0.01 train_loss: 1.4929 train_acc: 0.4929 train_f1: 0.4929 time: 0.0079s
INFO:root:Epoch: 0125 val_loss: 1.6868 val_acc: 0.4140 val_f1: 0.4140
INFO:root:Epoch: 0130 lr: 0.01 train_loss: 1.4898 train_acc: 0.5071 train_f1: 0.5071 time: 0.0072s
INFO:root:Epoch: 0130 val_loss: 1.6674 val_acc: 0.4460 val_f1: 0.4460
INFO:root:Epoch: 0135 lr: 0.01 train_loss: 1.4775 train_acc: 0.4714 train_f1: 0.4714 time: 0.0073s
INFO:root:Epoch: 0135 val_loss: 1.6479 val_acc: 0.4500 val_f1: 0.4500
INFO:root:Epoch: 0140 lr: 0.01 train_loss: 1.4820 train_acc: 0.4500 train_f1: 0.4500 time: 0.0073s
INFO:root:Epoch: 0140 val_loss: 1.6367 val_acc: 0.4700 val_f1: 0.4700
INFO:root:Epoch: 0145 lr: 0.01 train_loss: 1.5228 train_acc: 0.4571 train_f1: 0.4571 time: 0.0072s
INFO:root:Epoch: 0145 val_loss: 1.6257 val_acc: 0.4720 val_f1: 0.4720
INFO:root:Epoch: 0150 lr: 0.01 train_loss: 1.4686 train_acc: 0.4643 train_f1: 0.4643 time: 0.0073s
INFO:root:Epoch: 0150 val_loss: 1.6167 val_acc: 0.4780 val_f1: 0.4780
INFO:root:Epoch: 0155 lr: 0.01 train_loss: 1.3931 train_acc: 0.4929 train_f1: 0.4929 time: 0.0073s
INFO:root:Epoch: 0155 val_loss: 1.6086 val_acc: 0.4900 val_f1: 0.4900
INFO:root:Epoch: 0160 lr: 0.01 train_loss: 1.3939 train_acc: 0.5000 train_f1: 0.5000 time: 0.0073s
INFO:root:Epoch: 0160 val_loss: 1.5970 val_acc: 0.4900 val_f1: 0.4900
INFO:root:Epoch: 0165 lr: 0.01 train_loss: 1.4827 train_acc: 0.4429 train_f1: 0.4429 time: 0.0073s
INFO:root:Epoch: 0165 val_loss: 1.5867 val_acc: 0.4980 val_f1: 0.4980
INFO:root:Epoch: 0170 lr: 0.01 train_loss: 1.3792 train_acc: 0.5214 train_f1: 0.5214 time: 0.0071s
INFO:root:Epoch: 0170 val_loss: 1.5805 val_acc: 0.5020 val_f1: 0.5020
INFO:root:Epoch: 0175 lr: 0.01 train_loss: 1.4359 train_acc: 0.4929 train_f1: 0.4929 time: 0.0070s
INFO:root:Epoch: 0175 val_loss: 1.5774 val_acc: 0.5100 val_f1: 0.5100
INFO:root:Epoch: 0180 lr: 0.01 train_loss: 1.3442 train_acc: 0.5214 train_f1: 0.5214 time: 0.0070s
INFO:root:Epoch: 0180 val_loss: 1.5686 val_acc: 0.5200 val_f1: 0.5200
INFO:root:Epoch: 0185 lr: 0.01 train_loss: 1.4080 train_acc: 0.5214 train_f1: 0.5214 time: 0.0076s
INFO:root:Epoch: 0185 val_loss: 1.5593 val_acc: 0.5200 val_f1: 0.5200
INFO:root:Epoch: 0190 lr: 0.01 train_loss: 1.3279 train_acc: 0.5143 train_f1: 0.5143 time: 0.0072s
INFO:root:Epoch: 0190 val_loss: 1.5480 val_acc: 0.5280 val_f1: 0.5280
INFO:root:Epoch: 0195 lr: 0.01 train_loss: 1.3670 train_acc: 0.5571 train_f1: 0.5571 time: 0.0074s
INFO:root:Epoch: 0195 val_loss: 1.5382 val_acc: 0.5400 val_f1: 0.5400
INFO:root:Epoch: 0200 lr: 0.01 train_loss: 1.4012 train_acc: 0.4714 train_f1: 0.4714 time: 0.0074s
INFO:root:Epoch: 0200 val_loss: 1.5319 val_acc: 0.5560 val_f1: 0.5560
INFO:root:Epoch: 0205 lr: 0.01 train_loss: 1.2897 train_acc: 0.5214 train_f1: 0.5214 time: 0.0076s
INFO:root:Epoch: 0205 val_loss: 1.5256 val_acc: 0.5540 val_f1: 0.5540
INFO:root:Epoch: 0210 lr: 0.01 train_loss: 1.2455 train_acc: 0.5643 train_f1: 0.5643 time: 0.0073s
INFO:root:Epoch: 0210 val_loss: 1.5186 val_acc: 0.5640 val_f1: 0.5640
INFO:root:Epoch: 0215 lr: 0.01 train_loss: 1.3422 train_acc: 0.4786 train_f1: 0.4786 time: 0.0081s
INFO:root:Epoch: 0215 val_loss: 1.5101 val_acc: 0.5680 val_f1: 0.5680
INFO:root:Epoch: 0220 lr: 0.01 train_loss: 1.3896 train_acc: 0.4429 train_f1: 0.4429 time: 0.0076s
INFO:root:Epoch: 0220 val_loss: 1.5062 val_acc: 0.5720 val_f1: 0.5720
INFO:root:Epoch: 0225 lr: 0.01 train_loss: 1.3588 train_acc: 0.5143 train_f1: 0.5143 time: 0.0074s
INFO:root:Epoch: 0225 val_loss: 1.5024 val_acc: 0.5800 val_f1: 0.5800
INFO:root:Epoch: 0230 lr: 0.01 train_loss: 1.2986 train_acc: 0.5643 train_f1: 0.5643 time: 0.0074s
INFO:root:Epoch: 0230 val_loss: 1.4982 val_acc: 0.5860 val_f1: 0.5860
INFO:root:Epoch: 0235 lr: 0.01 train_loss: 1.2998 train_acc: 0.5643 train_f1: 0.5643 time: 0.0075s
INFO:root:Epoch: 0235 val_loss: 1.4960 val_acc: 0.5860 val_f1: 0.5860
INFO:root:Epoch: 0240 lr: 0.01 train_loss: 1.3232 train_acc: 0.5143 train_f1: 0.5143 time: 0.0071s
INFO:root:Epoch: 0240 val_loss: 1.4977 val_acc: 0.5860 val_f1: 0.5860
INFO:root:Epoch: 0245 lr: 0.01 train_loss: 1.3646 train_acc: 0.5143 train_f1: 0.5143 time: 0.0076s
INFO:root:Epoch: 0245 val_loss: 1.4917 val_acc: 0.5900 val_f1: 0.5900
INFO:root:Epoch: 0250 lr: 0.01 train_loss: 1.3400 train_acc: 0.5071 train_f1: 0.5071 time: 0.0079s
INFO:root:Epoch: 0250 val_loss: 1.4766 val_acc: 0.5980 val_f1: 0.5980
INFO:root:Epoch: 0255 lr: 0.01 train_loss: 1.3228 train_acc: 0.5000 train_f1: 0.5000 time: 0.0080s
INFO:root:Epoch: 0255 val_loss: 1.4601 val_acc: 0.5860 val_f1: 0.5860
INFO:root:Epoch: 0260 lr: 0.01 train_loss: 1.4405 train_acc: 0.4786 train_f1: 0.4786 time: 0.0079s
INFO:root:Epoch: 0260 val_loss: 1.4548 val_acc: 0.6080 val_f1: 0.6080
INFO:root:Epoch: 0265 lr: 0.01 train_loss: 1.3824 train_acc: 0.4929 train_f1: 0.4929 time: 0.0072s
INFO:root:Epoch: 0265 val_loss: 1.4588 val_acc: 0.6120 val_f1: 0.6120
INFO:root:Epoch: 0270 lr: 0.01 train_loss: 1.3554 train_acc: 0.4571 train_f1: 0.4571 time: 0.0085s
INFO:root:Epoch: 0270 val_loss: 1.4630 val_acc: 0.6160 val_f1: 0.6160
INFO:root:Epoch: 0275 lr: 0.01 train_loss: 1.4167 train_acc: 0.4500 train_f1: 0.4500 time: 0.0075s
INFO:root:Epoch: 0275 val_loss: 1.4589 val_acc: 0.6140 val_f1: 0.6140
INFO:root:Epoch: 0280 lr: 0.01 train_loss: 1.2705 train_acc: 0.5786 train_f1: 0.5786 time: 0.0076s
INFO:root:Epoch: 0280 val_loss: 1.4480 val_acc: 0.6240 val_f1: 0.6240
INFO:root:Epoch: 0285 lr: 0.01 train_loss: 1.2614 train_acc: 0.5857 train_f1: 0.5857 time: 0.0074s
INFO:root:Epoch: 0285 val_loss: 1.4418 val_acc: 0.6240 val_f1: 0.6240
INFO:root:Epoch: 0290 lr: 0.01 train_loss: 1.2634 train_acc: 0.5214 train_f1: 0.5214 time: 0.0079s
INFO:root:Epoch: 0290 val_loss: 1.4368 val_acc: 0.6540 val_f1: 0.6540
INFO:root:Epoch: 0295 lr: 0.01 train_loss: 1.2467 train_acc: 0.5429 train_f1: 0.5429 time: 0.0080s
INFO:root:Epoch: 0295 val_loss: 1.4306 val_acc: 0.6660 val_f1: 0.6660
INFO:root:Epoch: 0300 lr: 0.01 train_loss: 1.2991 train_acc: 0.5429 train_f1: 0.5429 time: 0.0077s
INFO:root:Epoch: 0300 val_loss: 1.4278 val_acc: 0.6700 val_f1: 0.6700
INFO:root:Epoch: 0305 lr: 0.01 train_loss: 1.2859 train_acc: 0.5571 train_f1: 0.5571 time: 0.0075s
INFO:root:Epoch: 0305 val_loss: 1.4303 val_acc: 0.6740 val_f1: 0.6740
INFO:root:Epoch: 0310 lr: 0.01 train_loss: 1.3522 train_acc: 0.4786 train_f1: 0.4786 time: 0.0075s
INFO:root:Epoch: 0310 val_loss: 1.4262 val_acc: 0.6880 val_f1: 0.6880
INFO:root:Epoch: 0315 lr: 0.01 train_loss: 1.2617 train_acc: 0.5714 train_f1: 0.5714 time: 0.0071s
INFO:root:Epoch: 0315 val_loss: 1.4166 val_acc: 0.6940 val_f1: 0.6940
INFO:root:Epoch: 0320 lr: 0.01 train_loss: 1.2974 train_acc: 0.5143 train_f1: 0.5143 time: 0.0074s
INFO:root:Epoch: 0320 val_loss: 1.4044 val_acc: 0.6960 val_f1: 0.6960
INFO:root:Epoch: 0325 lr: 0.01 train_loss: 1.3275 train_acc: 0.4857 train_f1: 0.4857 time: 0.0073s
INFO:root:Epoch: 0325 val_loss: 1.3991 val_acc: 0.7000 val_f1: 0.7000
INFO:root:Epoch: 0330 lr: 0.01 train_loss: 1.2006 train_acc: 0.6071 train_f1: 0.6071 time: 0.0072s
INFO:root:Epoch: 0330 val_loss: 1.3929 val_acc: 0.7140 val_f1: 0.7140
INFO:root:Epoch: 0335 lr: 0.01 train_loss: 1.2914 train_acc: 0.5500 train_f1: 0.5500 time: 0.0072s
INFO:root:Epoch: 0335 val_loss: 1.3882 val_acc: 0.7080 val_f1: 0.7080
INFO:root:Epoch: 0340 lr: 0.01 train_loss: 1.2400 train_acc: 0.5500 train_f1: 0.5500 time: 0.0075s
INFO:root:Epoch: 0340 val_loss: 1.3886 val_acc: 0.7240 val_f1: 0.7240
INFO:root:Epoch: 0345 lr: 0.01 train_loss: 1.1486 train_acc: 0.5714 train_f1: 0.5714 time: 0.0077s
INFO:root:Epoch: 0345 val_loss: 1.3887 val_acc: 0.7120 val_f1: 0.7120
INFO:root:Epoch: 0350 lr: 0.01 train_loss: 1.2816 train_acc: 0.5643 train_f1: 0.5643 time: 0.0075s
INFO:root:Epoch: 0350 val_loss: 1.3849 val_acc: 0.7140 val_f1: 0.7140
INFO:root:Epoch: 0355 lr: 0.01 train_loss: 1.2344 train_acc: 0.5286 train_f1: 0.5286 time: 0.0071s
INFO:root:Epoch: 0355 val_loss: 1.3794 val_acc: 0.7100 val_f1: 0.7100
INFO:root:Epoch: 0360 lr: 0.01 train_loss: 1.3247 train_acc: 0.5429 train_f1: 0.5429 time: 0.0075s
INFO:root:Epoch: 0360 val_loss: 1.3738 val_acc: 0.7140 val_f1: 0.7140
INFO:root:Epoch: 0365 lr: 0.01 train_loss: 1.2130 train_acc: 0.5786 train_f1: 0.5786 time: 0.0072s
INFO:root:Epoch: 0365 val_loss: 1.3728 val_acc: 0.7120 val_f1: 0.7120
INFO:root:Epoch: 0370 lr: 0.01 train_loss: 1.2854 train_acc: 0.5214 train_f1: 0.5214 time: 0.0070s
INFO:root:Epoch: 0370 val_loss: 1.3725 val_acc: 0.7160 val_f1: 0.7160
INFO:root:Epoch: 0375 lr: 0.01 train_loss: 1.2606 train_acc: 0.5143 train_f1: 0.5143 time: 0.0075s
INFO:root:Epoch: 0375 val_loss: 1.3647 val_acc: 0.7200 val_f1: 0.7200
INFO:root:Epoch: 0380 lr: 0.01 train_loss: 1.0926 train_acc: 0.6571 train_f1: 0.6571 time: 0.0075s
INFO:root:Epoch: 0380 val_loss: 1.3593 val_acc: 0.7160 val_f1: 0.7160
INFO:root:Epoch: 0385 lr: 0.01 train_loss: 1.2068 train_acc: 0.5571 train_f1: 0.5571 time: 0.0074s
INFO:root:Epoch: 0385 val_loss: 1.3595 val_acc: 0.7160 val_f1: 0.7160
INFO:root:Epoch: 0390 lr: 0.01 train_loss: 1.2678 train_acc: 0.5000 train_f1: 0.5000 time: 0.0070s
INFO:root:Epoch: 0390 val_loss: 1.3579 val_acc: 0.7120 val_f1: 0.7120
INFO:root:Epoch: 0395 lr: 0.01 train_loss: 1.1777 train_acc: 0.5857 train_f1: 0.5857 time: 0.0069s
INFO:root:Epoch: 0395 val_loss: 1.3553 val_acc: 0.7160 val_f1: 0.7160
INFO:root:Epoch: 0400 lr: 0.01 train_loss: 1.2428 train_acc: 0.5429 train_f1: 0.5429 time: 0.0070s
INFO:root:Epoch: 0400 val_loss: 1.3555 val_acc: 0.7160 val_f1: 0.7160
INFO:root:Epoch: 0405 lr: 0.01 train_loss: 1.2760 train_acc: 0.5500 train_f1: 0.5500 time: 0.0070s
INFO:root:Epoch: 0405 val_loss: 1.3511 val_acc: 0.7200 val_f1: 0.7200
INFO:root:Epoch: 0410 lr: 0.01 train_loss: 1.2124 train_acc: 0.5429 train_f1: 0.5429 time: 0.0070s
INFO:root:Epoch: 0410 val_loss: 1.3409 val_acc: 0.7300 val_f1: 0.7300
INFO:root:Epoch: 0415 lr: 0.01 train_loss: 1.1471 train_acc: 0.6143 train_f1: 0.6143 time: 0.0071s
INFO:root:Epoch: 0415 val_loss: 1.3330 val_acc: 0.7320 val_f1: 0.7320
INFO:root:Epoch: 0420 lr: 0.01 train_loss: 1.0798 train_acc: 0.6429 train_f1: 0.6429 time: 0.0069s
INFO:root:Epoch: 0420 val_loss: 1.3264 val_acc: 0.7300 val_f1: 0.7300
INFO:root:Epoch: 0425 lr: 0.01 train_loss: 1.2303 train_acc: 0.5500 train_f1: 0.5500 time: 0.0072s
INFO:root:Epoch: 0425 val_loss: 1.3248 val_acc: 0.7340 val_f1: 0.7340
INFO:root:Epoch: 0430 lr: 0.01 train_loss: 1.2146 train_acc: 0.5357 train_f1: 0.5357 time: 0.0075s
INFO:root:Epoch: 0430 val_loss: 1.3250 val_acc: 0.7280 val_f1: 0.7280
INFO:root:Epoch: 0435 lr: 0.01 train_loss: 1.1768 train_acc: 0.5429 train_f1: 0.5429 time: 0.0071s
INFO:root:Epoch: 0435 val_loss: 1.3311 val_acc: 0.7200 val_f1: 0.7200
INFO:root:Epoch: 0440 lr: 0.01 train_loss: 1.0780 train_acc: 0.5929 train_f1: 0.5929 time: 0.0072s
INFO:root:Epoch: 0440 val_loss: 1.3364 val_acc: 0.7140 val_f1: 0.7140
INFO:root:Epoch: 0445 lr: 0.01 train_loss: 1.2213 train_acc: 0.5357 train_f1: 0.5357 time: 0.0072s
INFO:root:Epoch: 0445 val_loss: 1.3380 val_acc: 0.7080 val_f1: 0.7080
INFO:root:Epoch: 0450 lr: 0.01 train_loss: 1.3109 train_acc: 0.4786 train_f1: 0.4786 time: 0.0088s
INFO:root:Epoch: 0450 val_loss: 1.3404 val_acc: 0.7060 val_f1: 0.7060
INFO:root:Epoch: 0455 lr: 0.01 train_loss: 1.1745 train_acc: 0.5929 train_f1: 0.5929 time: 0.0075s
INFO:root:Epoch: 0455 val_loss: 1.3358 val_acc: 0.7160 val_f1: 0.7160
INFO:root:Epoch: 0460 lr: 0.01 train_loss: 1.2598 train_acc: 0.5357 train_f1: 0.5357 time: 0.0071s
INFO:root:Epoch: 0460 val_loss: 1.3316 val_acc: 0.7240 val_f1: 0.7240
INFO:root:Epoch: 0465 lr: 0.01 train_loss: 1.2344 train_acc: 0.5357 train_f1: 0.5357 time: 0.0077s
INFO:root:Epoch: 0465 val_loss: 1.3227 val_acc: 0.7200 val_f1: 0.7200
INFO:root:Epoch: 0470 lr: 0.01 train_loss: 1.1055 train_acc: 0.5357 train_f1: 0.5357 time: 0.0075s
INFO:root:Epoch: 0470 val_loss: 1.3144 val_acc: 0.7260 val_f1: 0.7260
INFO:root:Epoch: 0475 lr: 0.01 train_loss: 1.1368 train_acc: 0.6000 train_f1: 0.6000 time: 0.0076s
INFO:root:Epoch: 0475 val_loss: 1.3130 val_acc: 0.7280 val_f1: 0.7280
INFO:root:Epoch: 0480 lr: 0.01 train_loss: 1.1563 train_acc: 0.5571 train_f1: 0.5571 time: 0.0072s
INFO:root:Epoch: 0480 val_loss: 1.3142 val_acc: 0.7260 val_f1: 0.7260
INFO:root:Epoch: 0485 lr: 0.01 train_loss: 1.2605 train_acc: 0.4929 train_f1: 0.4929 time: 0.0074s
INFO:root:Epoch: 0485 val_loss: 1.3116 val_acc: 0.7320 val_f1: 0.7320
INFO:root:Epoch: 0490 lr: 0.01 train_loss: 1.0848 train_acc: 0.6071 train_f1: 0.6071 time: 0.0072s
INFO:root:Epoch: 0490 val_loss: 1.3011 val_acc: 0.7380 val_f1: 0.7380
INFO:root:Epoch: 0495 lr: 0.01 train_loss: 1.1547 train_acc: 0.5929 train_f1: 0.5929 time: 0.0070s
INFO:root:Epoch: 0495 val_loss: 1.2976 val_acc: 0.7300 val_f1: 0.7300
INFO:root:Epoch: 0500 lr: 0.01 train_loss: 1.2219 train_acc: 0.5286 train_f1: 0.5286 time: 0.0073s
INFO:root:Epoch: 0500 val_loss: 1.2949 val_acc: 0.7300 val_f1: 0.7300
INFO:root:Epoch: 0505 lr: 0.01 train_loss: 1.1433 train_acc: 0.5857 train_f1: 0.5857 time: 0.0070s
INFO:root:Epoch: 0505 val_loss: 1.2963 val_acc: 0.7340 val_f1: 0.7340
INFO:root:Epoch: 0510 lr: 0.01 train_loss: 1.2193 train_acc: 0.5714 train_f1: 0.5714 time: 0.0072s
INFO:root:Epoch: 0510 val_loss: 1.2971 val_acc: 0.7260 val_f1: 0.7260
INFO:root:Epoch: 0515 lr: 0.01 train_loss: 1.1692 train_acc: 0.5929 train_f1: 0.5929 time: 0.0073s
INFO:root:Epoch: 0515 val_loss: 1.3018 val_acc: 0.7120 val_f1: 0.7120
INFO:root:Epoch: 0520 lr: 0.01 train_loss: 1.0927 train_acc: 0.6357 train_f1: 0.6357 time: 0.0070s
INFO:root:Epoch: 0520 val_loss: 1.3072 val_acc: 0.7120 val_f1: 0.7120
INFO:root:Epoch: 0525 lr: 0.01 train_loss: 1.1574 train_acc: 0.5429 train_f1: 0.5429 time: 0.0072s
INFO:root:Epoch: 0525 val_loss: 1.3047 val_acc: 0.7080 val_f1: 0.7080
INFO:root:Epoch: 0530 lr: 0.01 train_loss: 1.0465 train_acc: 0.6071 train_f1: 0.6071 time: 0.0075s
INFO:root:Epoch: 0530 val_loss: 1.3007 val_acc: 0.7120 val_f1: 0.7120
INFO:root:Epoch: 0535 lr: 0.01 train_loss: 1.2194 train_acc: 0.5357 train_f1: 0.5357 time: 0.0075s
INFO:root:Epoch: 0535 val_loss: 1.3017 val_acc: 0.7240 val_f1: 0.7240
INFO:root:Epoch: 0540 lr: 0.01 train_loss: 1.2032 train_acc: 0.5357 train_f1: 0.5357 time: 0.0075s
INFO:root:Epoch: 0540 val_loss: 1.3058 val_acc: 0.7280 val_f1: 0.7280
INFO:root:Epoch: 0545 lr: 0.01 train_loss: 1.1860 train_acc: 0.5643 train_f1: 0.5643 time: 0.0134s
INFO:root:Epoch: 0545 val_loss: 1.3124 val_acc: 0.7160 val_f1: 0.7160
INFO:root:Epoch: 0550 lr: 0.01 train_loss: 1.1297 train_acc: 0.5643 train_f1: 0.5643 time: 0.0074s
INFO:root:Epoch: 0550 val_loss: 1.3188 val_acc: 0.7080 val_f1: 0.7080
INFO:root:Epoch: 0555 lr: 0.01 train_loss: 1.1385 train_acc: 0.6143 train_f1: 0.6143 time: 0.0075s
INFO:root:Epoch: 0555 val_loss: 1.3185 val_acc: 0.7080 val_f1: 0.7080
INFO:root:Epoch: 0560 lr: 0.01 train_loss: 1.1872 train_acc: 0.5571 train_f1: 0.5571 time: 0.0073s
INFO:root:Epoch: 0560 val_loss: 1.3117 val_acc: 0.7060 val_f1: 0.7060
INFO:root:Epoch: 0565 lr: 0.01 train_loss: 1.1623 train_acc: 0.5857 train_f1: 0.5857 time: 0.0075s
INFO:root:Epoch: 0565 val_loss: 1.3001 val_acc: 0.7140 val_f1: 0.7140
INFO:root:Epoch: 0570 lr: 0.01 train_loss: 1.1002 train_acc: 0.5857 train_f1: 0.5857 time: 0.0072s
INFO:root:Epoch: 0570 val_loss: 1.2929 val_acc: 0.7200 val_f1: 0.7200
INFO:root:Epoch: 0575 lr: 0.01 train_loss: 1.1392 train_acc: 0.5500 train_f1: 0.5500 time: 0.0073s
INFO:root:Epoch: 0575 val_loss: 1.2922 val_acc: 0.7200 val_f1: 0.7200
INFO:root:Epoch: 0580 lr: 0.01 train_loss: 1.1146 train_acc: 0.5857 train_f1: 0.5857 time: 0.0073s
INFO:root:Epoch: 0580 val_loss: 1.2924 val_acc: 0.7220 val_f1: 0.7220
INFO:root:Epoch: 0585 lr: 0.01 train_loss: 1.1414 train_acc: 0.5571 train_f1: 0.5571 time: 0.0068s
INFO:root:Epoch: 0585 val_loss: 1.2870 val_acc: 0.7280 val_f1: 0.7280
INFO:root:Early stopping
INFO:root:Optimization Finished!
INFO:root:Total time elapsed: 7.1606s
INFO:root:Val set results: val_loss: 1.3034 val_acc: 0.7400 val_f1: 0.7400
INFO:root:Test set results: test_loss: 1.3205 test_acc: 0.7050 test_f1: 0.7050
