INFO:root:Using: cpu
INFO:root:Using seed 1234.
INFO:root:Num classes: 7
INFO:root:NCModel(
  (encoder): HypGCN(
    (layers): Sequential(
      (0): HyperbolicGraphConvolution(
        (linear): HypLinear(in_features=1433, out_features=4, c=tensor([1.]))
        (agg): HypAgg(c=tensor([1.]), use_att=0)
        (hyp_act): HypAct(c_in=tensor([1.]), c_out=tensor([1.]))
      )
    )
  )
  (decoder): LinearDecoder(
    in_features=4, out_features=7, bias=0, c=tensor([1.])
    (cls): Linear(
      (linear): Linear(in_features=4, out_features=7, bias=False)
    )
  )
)
INFO:root:Total number of parameters: 5764
INFO:root:Epoch: 0005 lr: 0.01 train_loss: 1.9448 train_acc: 0.1714 train_f1: 0.1714 time: 0.1457s
INFO:root:Epoch: 0005 val_loss: 1.9454 val_acc: 0.1180 val_f1: 0.1180
INFO:root:Epoch: 0010 lr: 0.01 train_loss: 1.9437 train_acc: 0.1643 train_f1: 0.1643 time: 0.1392s
INFO:root:Epoch: 0010 val_loss: 1.9438 val_acc: 0.2360 val_f1: 0.2360
INFO:root:Epoch: 0015 lr: 0.01 train_loss: 1.9400 train_acc: 0.2714 train_f1: 0.2714 time: 0.1458s
INFO:root:Epoch: 0015 val_loss: 1.9419 val_acc: 0.3640 val_f1: 0.3640
INFO:root:Epoch: 0020 lr: 0.01 train_loss: 1.9395 train_acc: 0.2714 train_f1: 0.2714 time: 0.1510s
INFO:root:Epoch: 0020 val_loss: 1.9399 val_acc: 0.3920 val_f1: 0.3920
INFO:root:Epoch: 0025 lr: 0.01 train_loss: 1.9338 train_acc: 0.3071 train_f1: 0.3071 time: 0.1512s
INFO:root:Epoch: 0025 val_loss: 1.9375 val_acc: 0.4060 val_f1: 0.4060
INFO:root:Epoch: 0030 lr: 0.01 train_loss: 1.9320 train_acc: 0.3000 train_f1: 0.3000 time: 0.1480s
INFO:root:Epoch: 0030 val_loss: 1.9346 val_acc: 0.4120 val_f1: 0.4120
INFO:root:Epoch: 0035 lr: 0.01 train_loss: 1.9253 train_acc: 0.2786 train_f1: 0.2786 time: 0.1471s
INFO:root:Epoch: 0035 val_loss: 1.9310 val_acc: 0.4200 val_f1: 0.4200
INFO:root:Epoch: 0040 lr: 0.01 train_loss: 1.9240 train_acc: 0.2500 train_f1: 0.2500 time: 0.1353s
INFO:root:Epoch: 0040 val_loss: 1.9270 val_acc: 0.4140 val_f1: 0.4140
INFO:root:Epoch: 0045 lr: 0.01 train_loss: 1.9151 train_acc: 0.2857 train_f1: 0.2857 time: 0.1386s
INFO:root:Epoch: 0045 val_loss: 1.9232 val_acc: 0.4040 val_f1: 0.4040
INFO:root:Epoch: 0050 lr: 0.01 train_loss: 1.9036 train_acc: 0.2929 train_f1: 0.2929 time: 0.1385s
INFO:root:Epoch: 0050 val_loss: 1.9188 val_acc: 0.3760 val_f1: 0.3760
INFO:root:Epoch: 0055 lr: 0.01 train_loss: 1.9058 train_acc: 0.2429 train_f1: 0.2429 time: 0.1387s
INFO:root:Epoch: 0055 val_loss: 1.9135 val_acc: 0.3580 val_f1: 0.3580
INFO:root:Epoch: 0060 lr: 0.01 train_loss: 1.8916 train_acc: 0.2929 train_f1: 0.2929 time: 0.1523s
INFO:root:Epoch: 0060 val_loss: 1.9083 val_acc: 0.3440 val_f1: 0.3440
INFO:root:Epoch: 0065 lr: 0.01 train_loss: 1.8871 train_acc: 0.2500 train_f1: 0.2500 time: 0.1557s
INFO:root:Epoch: 0065 val_loss: 1.9029 val_acc: 0.3340 val_f1: 0.3340
INFO:root:Epoch: 0070 lr: 0.01 train_loss: 1.8675 train_acc: 0.3000 train_f1: 0.3000 time: 0.1406s
INFO:root:Epoch: 0070 val_loss: 1.8964 val_acc: 0.3400 val_f1: 0.3400
INFO:root:Epoch: 0075 lr: 0.01 train_loss: 1.8485 train_acc: 0.3286 train_f1: 0.3286 time: 0.1461s
INFO:root:Epoch: 0075 val_loss: 1.8900 val_acc: 0.3480 val_f1: 0.3480
INFO:root:Epoch: 0080 lr: 0.01 train_loss: 1.8299 train_acc: 0.3286 train_f1: 0.3286 time: 0.1437s
INFO:root:Epoch: 0080 val_loss: 1.8827 val_acc: 0.3500 val_f1: 0.3500
INFO:root:Epoch: 0085 lr: 0.01 train_loss: 1.8553 train_acc: 0.3571 train_f1: 0.3571 time: 0.1511s
INFO:root:Epoch: 0085 val_loss: 1.8755 val_acc: 0.3480 val_f1: 0.3480
INFO:root:Epoch: 0090 lr: 0.01 train_loss: 1.8516 train_acc: 0.3000 train_f1: 0.3000 time: 0.1546s
INFO:root:Epoch: 0090 val_loss: 1.8689 val_acc: 0.3520 val_f1: 0.3520
INFO:root:Epoch: 0095 lr: 0.01 train_loss: 1.8473 train_acc: 0.3357 train_f1: 0.3357 time: 0.1514s
INFO:root:Epoch: 0095 val_loss: 1.8623 val_acc: 0.3640 val_f1: 0.3640
INFO:root:Epoch: 0100 lr: 0.01 train_loss: 1.7940 train_acc: 0.3357 train_f1: 0.3357 time: 0.1423s
INFO:root:Epoch: 0100 val_loss: 1.8549 val_acc: 0.3540 val_f1: 0.3540
INFO:root:Epoch: 0105 lr: 0.01 train_loss: 1.8012 train_acc: 0.3214 train_f1: 0.3214 time: 0.1595s
INFO:root:Epoch: 0105 val_loss: 1.8477 val_acc: 0.3580 val_f1: 0.3580
INFO:root:Epoch: 0110 lr: 0.01 train_loss: 1.8090 train_acc: 0.3000 train_f1: 0.3000 time: 0.1511s
INFO:root:Epoch: 0110 val_loss: 1.8439 val_acc: 0.3420 val_f1: 0.3420
INFO:root:Epoch: 0115 lr: 0.01 train_loss: 1.7610 train_acc: 0.3143 train_f1: 0.3143 time: 0.1573s
INFO:root:Epoch: 0115 val_loss: 1.8392 val_acc: 0.3400 val_f1: 0.3400
INFO:root:Epoch: 0120 lr: 0.01 train_loss: 1.7711 train_acc: 0.2857 train_f1: 0.2857 time: 0.1537s
INFO:root:Epoch: 0120 val_loss: 1.8309 val_acc: 0.3560 val_f1: 0.3560
INFO:root:Epoch: 0125 lr: 0.01 train_loss: 1.7732 train_acc: 0.3857 train_f1: 0.3857 time: 0.1452s
INFO:root:Epoch: 0125 val_loss: 1.8222 val_acc: 0.3780 val_f1: 0.3780
INFO:root:Early stopping
INFO:root:Optimization Finished!
INFO:root:Total time elapsed: 35.2306s
INFO:root:Val set results: val_loss: 1.9363 val_acc: 0.4260 val_f1: 0.4260
INFO:root:Test set results: test_loss: 1.9365 test_acc: 0.4050 test_f1: 0.4050
