INFO:root:Using: cpu
INFO:root:Using seed 1234.
INFO:root:Num classes: 7
INFO:root:NCModel(
  (encoder): HypGCN(
    (layers): Sequential(
      (0): HyperbolicGraphConvolution(
        (linear): HypLinear(in_features=1433, out_features=8, c=tensor([1.]))
        (agg): HypAgg(c=tensor([1.]), use_att=0)
        (hyp_act): HypAct(c_in=tensor([1.]), c_out=tensor([1.]))
      )
    )
  )
  (decoder): LinearDecoder(
    in_features=8, out_features=7, bias=0, c=tensor([1.])
    (cls): Linear(
      (linear): Linear(in_features=8, out_features=7, bias=False)
    )
  )
)
INFO:root:Total number of parameters: 11528
INFO:root:Epoch: 0005 lr: 0.01 train_loss: 1.9448 train_acc: 0.2714 train_f1: 0.2714 time: 0.1892s
INFO:root:Epoch: 0005 val_loss: 1.9453 val_acc: 0.2800 val_f1: 0.2800
INFO:root:Epoch: 0010 lr: 0.01 train_loss: 1.9432 train_acc: 0.2857 train_f1: 0.2857 time: 0.1878s
INFO:root:Epoch: 0010 val_loss: 1.9444 val_acc: 0.3360 val_f1: 0.3360
INFO:root:Epoch: 0015 lr: 0.01 train_loss: 1.9413 train_acc: 0.2286 train_f1: 0.2286 time: 0.1976s
INFO:root:Epoch: 0015 val_loss: 1.9433 val_acc: 0.3460 val_f1: 0.3460
INFO:root:Epoch: 0020 lr: 0.01 train_loss: 1.9409 train_acc: 0.2500 train_f1: 0.2500 time: 0.1991s
INFO:root:Epoch: 0020 val_loss: 1.9419 val_acc: 0.3500 val_f1: 0.3500
INFO:root:Epoch: 0025 lr: 0.01 train_loss: 1.9348 train_acc: 0.3000 train_f1: 0.3000 time: 0.1902s
INFO:root:Epoch: 0025 val_loss: 1.9400 val_acc: 0.3600 val_f1: 0.3600
INFO:root:Epoch: 0030 lr: 0.01 train_loss: 1.9312 train_acc: 0.2500 train_f1: 0.2500 time: 0.1963s
INFO:root:Epoch: 0030 val_loss: 1.9375 val_acc: 0.3640 val_f1: 0.3640
INFO:root:Epoch: 0035 lr: 0.01 train_loss: 1.9294 train_acc: 0.2929 train_f1: 0.2929 time: 0.1921s
INFO:root:Epoch: 0035 val_loss: 1.9342 val_acc: 0.3680 val_f1: 0.3680
INFO:root:Epoch: 0040 lr: 0.01 train_loss: 1.9209 train_acc: 0.3714 train_f1: 0.3714 time: 0.1913s
INFO:root:Epoch: 0040 val_loss: 1.9303 val_acc: 0.3800 val_f1: 0.3800
INFO:root:Epoch: 0045 lr: 0.01 train_loss: 1.9057 train_acc: 0.4000 train_f1: 0.4000 time: 0.1961s
INFO:root:Epoch: 0045 val_loss: 1.9258 val_acc: 0.3800 val_f1: 0.3800
INFO:root:Epoch: 0050 lr: 0.01 train_loss: 1.9104 train_acc: 0.3071 train_f1: 0.3071 time: 0.1860s
INFO:root:Epoch: 0050 val_loss: 1.9203 val_acc: 0.3840 val_f1: 0.3840
INFO:root:Epoch: 0055 lr: 0.01 train_loss: 1.8902 train_acc: 0.3286 train_f1: 0.3286 time: 0.1872s
INFO:root:Epoch: 0055 val_loss: 1.9141 val_acc: 0.3820 val_f1: 0.3820
INFO:root:Epoch: 0060 lr: 0.01 train_loss: 1.8854 train_acc: 0.3000 train_f1: 0.3000 time: 0.1872s
INFO:root:Epoch: 0060 val_loss: 1.9075 val_acc: 0.3760 val_f1: 0.3760
INFO:root:Epoch: 0065 lr: 0.01 train_loss: 1.8734 train_acc: 0.3214 train_f1: 0.3214 time: 0.1867s
INFO:root:Epoch: 0065 val_loss: 1.9001 val_acc: 0.3740 val_f1: 0.3740
INFO:root:Epoch: 0070 lr: 0.01 train_loss: 1.8592 train_acc: 0.3000 train_f1: 0.3000 time: 0.1893s
INFO:root:Epoch: 0070 val_loss: 1.8932 val_acc: 0.3860 val_f1: 0.3860
INFO:root:Epoch: 0075 lr: 0.01 train_loss: 1.8560 train_acc: 0.2857 train_f1: 0.2857 time: 0.1871s
INFO:root:Epoch: 0075 val_loss: 1.8861 val_acc: 0.3880 val_f1: 0.3880
INFO:root:Epoch: 0080 lr: 0.01 train_loss: 1.8393 train_acc: 0.3429 train_f1: 0.3429 time: 0.1914s
INFO:root:Epoch: 0080 val_loss: 1.8781 val_acc: 0.3920 val_f1: 0.3920
INFO:root:Epoch: 0085 lr: 0.01 train_loss: 1.8265 train_acc: 0.3214 train_f1: 0.3214 time: 0.1851s
INFO:root:Epoch: 0085 val_loss: 1.8694 val_acc: 0.3940 val_f1: 0.3940
INFO:root:Epoch: 0090 lr: 0.01 train_loss: 1.8205 train_acc: 0.3143 train_f1: 0.3143 time: 0.1925s
INFO:root:Epoch: 0090 val_loss: 1.8597 val_acc: 0.3940 val_f1: 0.3940
INFO:root:Epoch: 0095 lr: 0.01 train_loss: 1.8101 train_acc: 0.3214 train_f1: 0.3214 time: 0.1894s
INFO:root:Epoch: 0095 val_loss: 1.8493 val_acc: 0.3920 val_f1: 0.3920
INFO:root:Epoch: 0100 lr: 0.01 train_loss: 1.7932 train_acc: 0.3714 train_f1: 0.3714 time: 0.1907s
INFO:root:Epoch: 0100 val_loss: 1.8385 val_acc: 0.3940 val_f1: 0.3940
INFO:root:Epoch: 0105 lr: 0.01 train_loss: 1.7437 train_acc: 0.4071 train_f1: 0.4071 time: 0.1888s
INFO:root:Epoch: 0105 val_loss: 1.8312 val_acc: 0.4020 val_f1: 0.4020
INFO:root:Epoch: 0110 lr: 0.01 train_loss: 1.7995 train_acc: 0.2429 train_f1: 0.2429 time: 0.1837s
INFO:root:Epoch: 0110 val_loss: 1.8244 val_acc: 0.4100 val_f1: 0.4100
INFO:root:Epoch: 0115 lr: 0.01 train_loss: 1.7660 train_acc: 0.2571 train_f1: 0.2571 time: 0.1849s
INFO:root:Epoch: 0115 val_loss: 1.8169 val_acc: 0.4120 val_f1: 0.4120
INFO:root:Epoch: 0120 lr: 0.01 train_loss: 1.6951 train_acc: 0.3571 train_f1: 0.3571 time: 0.1962s
INFO:root:Epoch: 0120 val_loss: 1.8072 val_acc: 0.4140 val_f1: 0.4140
INFO:root:Epoch: 0125 lr: 0.01 train_loss: 1.7171 train_acc: 0.3929 train_f1: 0.3929 time: 0.1926s
INFO:root:Epoch: 0125 val_loss: 1.7971 val_acc: 0.4140 val_f1: 0.4140
INFO:root:Epoch: 0130 lr: 0.01 train_loss: 1.6785 train_acc: 0.3571 train_f1: 0.3571 time: 0.1925s
INFO:root:Epoch: 0130 val_loss: 1.7883 val_acc: 0.4140 val_f1: 0.4140
INFO:root:Epoch: 0135 lr: 0.01 train_loss: 1.6796 train_acc: 0.3643 train_f1: 0.3643 time: 0.1873s
INFO:root:Epoch: 0135 val_loss: 1.7817 val_acc: 0.4120 val_f1: 0.4120
INFO:root:Epoch: 0140 lr: 0.01 train_loss: 1.6866 train_acc: 0.4143 train_f1: 0.4143 time: 0.1865s
INFO:root:Epoch: 0140 val_loss: 1.7748 val_acc: 0.4120 val_f1: 0.4120
INFO:root:Epoch: 0145 lr: 0.01 train_loss: 1.6870 train_acc: 0.3643 train_f1: 0.3643 time: 0.1982s
INFO:root:Epoch: 0145 val_loss: 1.7681 val_acc: 0.4140 val_f1: 0.4140
INFO:root:Epoch: 0150 lr: 0.01 train_loss: 1.6389 train_acc: 0.4000 train_f1: 0.4000 time: 0.1978s
INFO:root:Epoch: 0150 val_loss: 1.7616 val_acc: 0.4120 val_f1: 0.4120
INFO:root:Epoch: 0155 lr: 0.01 train_loss: 1.6960 train_acc: 0.3643 train_f1: 0.3643 time: 0.1891s
INFO:root:Epoch: 0155 val_loss: 1.7557 val_acc: 0.4120 val_f1: 0.4120
INFO:root:Epoch: 0160 lr: 0.01 train_loss: 1.6912 train_acc: 0.3429 train_f1: 0.3429 time: 0.1928s
INFO:root:Epoch: 0160 val_loss: 1.7503 val_acc: 0.4160 val_f1: 0.4160
INFO:root:Epoch: 0165 lr: 0.01 train_loss: 1.6464 train_acc: 0.4143 train_f1: 0.4143 time: 0.1891s
INFO:root:Epoch: 0165 val_loss: 1.7432 val_acc: 0.4200 val_f1: 0.4200
INFO:root:Epoch: 0170 lr: 0.01 train_loss: 1.6752 train_acc: 0.4357 train_f1: 0.4357 time: 0.1963s
INFO:root:Epoch: 0170 val_loss: 1.7357 val_acc: 0.4220 val_f1: 0.4220
INFO:root:Epoch: 0175 lr: 0.01 train_loss: 1.6224 train_acc: 0.4143 train_f1: 0.4143 time: 0.1875s
INFO:root:Epoch: 0175 val_loss: 1.7286 val_acc: 0.4220 val_f1: 0.4220
INFO:root:Epoch: 0180 lr: 0.01 train_loss: 1.6208 train_acc: 0.3786 train_f1: 0.3786 time: 0.1850s
INFO:root:Epoch: 0180 val_loss: 1.7216 val_acc: 0.4280 val_f1: 0.4280
INFO:root:Epoch: 0185 lr: 0.01 train_loss: 1.6290 train_acc: 0.3929 train_f1: 0.3929 time: 0.1944s
INFO:root:Epoch: 0185 val_loss: 1.7126 val_acc: 0.4360 val_f1: 0.4360
INFO:root:Epoch: 0190 lr: 0.01 train_loss: 1.5530 train_acc: 0.4071 train_f1: 0.4071 time: 0.1857s
INFO:root:Epoch: 0190 val_loss: 1.7058 val_acc: 0.4400 val_f1: 0.4400
INFO:root:Epoch: 0195 lr: 0.01 train_loss: 1.6484 train_acc: 0.3714 train_f1: 0.3714 time: 0.1914s
INFO:root:Epoch: 0195 val_loss: 1.7004 val_acc: 0.4420 val_f1: 0.4420
INFO:root:Epoch: 0200 lr: 0.01 train_loss: 1.5901 train_acc: 0.4786 train_f1: 0.4786 time: 0.1860s
INFO:root:Epoch: 0200 val_loss: 1.6955 val_acc: 0.4420 val_f1: 0.4420
INFO:root:Epoch: 0205 lr: 0.01 train_loss: 1.5503 train_acc: 0.4286 train_f1: 0.4286 time: 0.1881s
INFO:root:Epoch: 0205 val_loss: 1.6922 val_acc: 0.4440 val_f1: 0.4440
INFO:root:Epoch: 0210 lr: 0.01 train_loss: 1.6215 train_acc: 0.4429 train_f1: 0.4429 time: 0.1919s
INFO:root:Epoch: 0210 val_loss: 1.6907 val_acc: 0.4440 val_f1: 0.4440
INFO:root:Epoch: 0215 lr: 0.01 train_loss: 1.5631 train_acc: 0.4214 train_f1: 0.4214 time: 0.1874s
INFO:root:Epoch: 0215 val_loss: 1.6895 val_acc: 0.4280 val_f1: 0.4280
INFO:root:Epoch: 0220 lr: 0.01 train_loss: 1.5398 train_acc: 0.4786 train_f1: 0.4786 time: 0.1846s
INFO:root:Epoch: 0220 val_loss: 1.6851 val_acc: 0.4340 val_f1: 0.4340
INFO:root:Epoch: 0225 lr: 0.01 train_loss: 1.5798 train_acc: 0.3714 train_f1: 0.3714 time: 0.1887s
INFO:root:Epoch: 0225 val_loss: 1.6792 val_acc: 0.4440 val_f1: 0.4440
INFO:root:Epoch: 0230 lr: 0.01 train_loss: 1.5758 train_acc: 0.4500 train_f1: 0.4500 time: 0.1863s
INFO:root:Epoch: 0230 val_loss: 1.6756 val_acc: 0.4560 val_f1: 0.4560
INFO:root:Epoch: 0235 lr: 0.01 train_loss: 1.5798 train_acc: 0.4286 train_f1: 0.4286 time: 0.1841s
INFO:root:Epoch: 0235 val_loss: 1.6681 val_acc: 0.4680 val_f1: 0.4680
INFO:root:Epoch: 0240 lr: 0.01 train_loss: 1.5155 train_acc: 0.4143 train_f1: 0.4143 time: 0.1846s
INFO:root:Epoch: 0240 val_loss: 1.6607 val_acc: 0.4660 val_f1: 0.4660
INFO:root:Epoch: 0245 lr: 0.01 train_loss: 1.6325 train_acc: 0.4071 train_f1: 0.4071 time: 0.1957s
INFO:root:Epoch: 0245 val_loss: 1.6573 val_acc: 0.4820 val_f1: 0.4820
INFO:root:Epoch: 0250 lr: 0.01 train_loss: 1.4991 train_acc: 0.4786 train_f1: 0.4786 time: 0.1992s
INFO:root:Epoch: 0250 val_loss: 1.6570 val_acc: 0.4980 val_f1: 0.4980
INFO:root:Epoch: 0255 lr: 0.01 train_loss: 1.5416 train_acc: 0.4429 train_f1: 0.4429 time: 0.1849s
INFO:root:Epoch: 0255 val_loss: 1.6545 val_acc: 0.5020 val_f1: 0.5020
INFO:root:Epoch: 0260 lr: 0.01 train_loss: 1.5227 train_acc: 0.3929 train_f1: 0.3929 time: 0.1943s
INFO:root:Epoch: 0260 val_loss: 1.6527 val_acc: 0.5100 val_f1: 0.5100
INFO:root:Epoch: 0265 lr: 0.01 train_loss: 1.5631 train_acc: 0.4071 train_f1: 0.4071 time: 0.1877s
INFO:root:Epoch: 0265 val_loss: 1.6503 val_acc: 0.5220 val_f1: 0.5220
INFO:root:Epoch: 0270 lr: 0.01 train_loss: 1.5242 train_acc: 0.4429 train_f1: 0.4429 time: 0.1892s
INFO:root:Epoch: 0270 val_loss: 1.6485 val_acc: 0.5280 val_f1: 0.5280
INFO:root:Epoch: 0275 lr: 0.01 train_loss: 1.5042 train_acc: 0.4643 train_f1: 0.4643 time: 0.1941s
INFO:root:Epoch: 0275 val_loss: 1.6495 val_acc: 0.5340 val_f1: 0.5340
INFO:root:Epoch: 0280 lr: 0.01 train_loss: 1.4846 train_acc: 0.4571 train_f1: 0.4571 time: 0.2047s
INFO:root:Epoch: 0280 val_loss: 1.6463 val_acc: 0.5480 val_f1: 0.5480
INFO:root:Epoch: 0285 lr: 0.01 train_loss: 1.4697 train_acc: 0.5000 train_f1: 0.5000 time: 0.1908s
INFO:root:Epoch: 0285 val_loss: 1.6475 val_acc: 0.5380 val_f1: 0.5380
INFO:root:Epoch: 0290 lr: 0.01 train_loss: 1.5115 train_acc: 0.4357 train_f1: 0.4357 time: 0.1854s
INFO:root:Epoch: 0290 val_loss: 1.6418 val_acc: 0.5460 val_f1: 0.5460
INFO:root:Epoch: 0295 lr: 0.01 train_loss: 1.5084 train_acc: 0.4357 train_f1: 0.4357 time: 0.1892s
INFO:root:Epoch: 0295 val_loss: 1.6334 val_acc: 0.5660 val_f1: 0.5660
INFO:root:Epoch: 0300 lr: 0.01 train_loss: 1.4378 train_acc: 0.5000 train_f1: 0.5000 time: 0.1958s
INFO:root:Epoch: 0300 val_loss: 1.6232 val_acc: 0.5820 val_f1: 0.5820
INFO:root:Epoch: 0305 lr: 0.01 train_loss: 1.4647 train_acc: 0.5071 train_f1: 0.5071 time: 0.1893s
INFO:root:Epoch: 0305 val_loss: 1.6136 val_acc: 0.5920 val_f1: 0.5920
INFO:root:Epoch: 0310 lr: 0.01 train_loss: 1.5318 train_acc: 0.4357 train_f1: 0.4357 time: 0.1975s
INFO:root:Epoch: 0310 val_loss: 1.6069 val_acc: 0.6000 val_f1: 0.6000
INFO:root:Epoch: 0315 lr: 0.01 train_loss: 1.5300 train_acc: 0.4714 train_f1: 0.4714 time: 0.1865s
INFO:root:Epoch: 0315 val_loss: 1.6017 val_acc: 0.6080 val_f1: 0.6080
INFO:root:Epoch: 0320 lr: 0.01 train_loss: 1.4572 train_acc: 0.5286 train_f1: 0.5286 time: 0.1895s
INFO:root:Epoch: 0320 val_loss: 1.6012 val_acc: 0.6140 val_f1: 0.6140
INFO:root:Epoch: 0325 lr: 0.01 train_loss: 1.4033 train_acc: 0.5071 train_f1: 0.5071 time: 0.1881s
INFO:root:Epoch: 0325 val_loss: 1.5996 val_acc: 0.6220 val_f1: 0.6220
INFO:root:Epoch: 0330 lr: 0.01 train_loss: 1.4658 train_acc: 0.4429 train_f1: 0.4429 time: 0.1849s
INFO:root:Epoch: 0330 val_loss: 1.5958 val_acc: 0.6240 val_f1: 0.6240
INFO:root:Epoch: 0335 lr: 0.01 train_loss: 1.4458 train_acc: 0.5071 train_f1: 0.5071 time: 0.1869s
INFO:root:Epoch: 0335 val_loss: 1.5925 val_acc: 0.6160 val_f1: 0.6160
INFO:root:Epoch: 0340 lr: 0.01 train_loss: 1.4578 train_acc: 0.5143 train_f1: 0.5143 time: 0.1886s
INFO:root:Epoch: 0340 val_loss: 1.5884 val_acc: 0.6140 val_f1: 0.6140
INFO:root:Epoch: 0345 lr: 0.01 train_loss: 1.4376 train_acc: 0.4500 train_f1: 0.4500 time: 0.1860s
INFO:root:Epoch: 0345 val_loss: 1.5860 val_acc: 0.6240 val_f1: 0.6240
INFO:root:Epoch: 0350 lr: 0.01 train_loss: 1.5930 train_acc: 0.4429 train_f1: 0.4429 time: 0.1883s
INFO:root:Epoch: 0350 val_loss: 1.5851 val_acc: 0.6200 val_f1: 0.6200
INFO:root:Epoch: 0355 lr: 0.01 train_loss: 1.3983 train_acc: 0.4929 train_f1: 0.4929 time: 0.1862s
INFO:root:Epoch: 0355 val_loss: 1.5865 val_acc: 0.6320 val_f1: 0.6320
INFO:root:Epoch: 0360 lr: 0.01 train_loss: 1.4519 train_acc: 0.4786 train_f1: 0.4786 time: 0.1880s
INFO:root:Epoch: 0360 val_loss: 1.5838 val_acc: 0.6320 val_f1: 0.6320
INFO:root:Epoch: 0365 lr: 0.01 train_loss: 1.4385 train_acc: 0.5000 train_f1: 0.5000 time: 0.2016s
INFO:root:Epoch: 0365 val_loss: 1.5778 val_acc: 0.6420 val_f1: 0.6420
INFO:root:Epoch: 0370 lr: 0.01 train_loss: 1.4029 train_acc: 0.5000 train_f1: 0.5000 time: 0.1962s
INFO:root:Epoch: 0370 val_loss: 1.5741 val_acc: 0.6280 val_f1: 0.6280
INFO:root:Epoch: 0375 lr: 0.01 train_loss: 1.3949 train_acc: 0.5500 train_f1: 0.5500 time: 0.1912s
INFO:root:Epoch: 0375 val_loss: 1.5710 val_acc: 0.6380 val_f1: 0.6380
INFO:root:Epoch: 0380 lr: 0.01 train_loss: 1.4339 train_acc: 0.4786 train_f1: 0.4786 time: 0.1841s
INFO:root:Epoch: 0380 val_loss: 1.5683 val_acc: 0.6360 val_f1: 0.6360
INFO:root:Epoch: 0385 lr: 0.01 train_loss: 1.4484 train_acc: 0.5071 train_f1: 0.5071 time: 0.1893s
INFO:root:Epoch: 0385 val_loss: 1.5644 val_acc: 0.6340 val_f1: 0.6340
INFO:root:Epoch: 0390 lr: 0.01 train_loss: 1.4451 train_acc: 0.4500 train_f1: 0.4500 time: 0.1987s
INFO:root:Epoch: 0390 val_loss: 1.5600 val_acc: 0.6280 val_f1: 0.6280
INFO:root:Epoch: 0395 lr: 0.01 train_loss: 1.4032 train_acc: 0.5214 train_f1: 0.5214 time: 0.1880s
INFO:root:Epoch: 0395 val_loss: 1.5617 val_acc: 0.6220 val_f1: 0.6220
INFO:root:Epoch: 0400 lr: 0.01 train_loss: 1.2609 train_acc: 0.5857 train_f1: 0.5857 time: 0.1993s
INFO:root:Epoch: 0400 val_loss: 1.5663 val_acc: 0.6240 val_f1: 0.6240
INFO:root:Epoch: 0405 lr: 0.01 train_loss: 1.4128 train_acc: 0.5143 train_f1: 0.5143 time: 0.1897s
INFO:root:Epoch: 0405 val_loss: 1.5695 val_acc: 0.6260 val_f1: 0.6260
INFO:root:Epoch: 0410 lr: 0.01 train_loss: 1.3612 train_acc: 0.5643 train_f1: 0.5643 time: 0.1904s
INFO:root:Epoch: 0410 val_loss: 1.5655 val_acc: 0.6320 val_f1: 0.6320
INFO:root:Epoch: 0415 lr: 0.01 train_loss: 1.4634 train_acc: 0.5071 train_f1: 0.5071 time: 0.1956s
INFO:root:Epoch: 0415 val_loss: 1.5648 val_acc: 0.6440 val_f1: 0.6440
INFO:root:Epoch: 0420 lr: 0.01 train_loss: 1.4298 train_acc: 0.5071 train_f1: 0.5071 time: 0.1937s
INFO:root:Epoch: 0420 val_loss: 1.5624 val_acc: 0.6380 val_f1: 0.6380
INFO:root:Epoch: 0425 lr: 0.01 train_loss: 1.4262 train_acc: 0.4714 train_f1: 0.4714 time: 0.1947s
INFO:root:Epoch: 0425 val_loss: 1.5635 val_acc: 0.6320 val_f1: 0.6320
INFO:root:Epoch: 0430 lr: 0.01 train_loss: 1.4591 train_acc: 0.4571 train_f1: 0.4571 time: 0.1904s
INFO:root:Epoch: 0430 val_loss: 1.5686 val_acc: 0.6200 val_f1: 0.6200
INFO:root:Epoch: 0435 lr: 0.01 train_loss: 1.4238 train_acc: 0.5357 train_f1: 0.5357 time: 0.1944s
INFO:root:Epoch: 0435 val_loss: 1.5712 val_acc: 0.6080 val_f1: 0.6080
INFO:root:Epoch: 0440 lr: 0.01 train_loss: 1.4080 train_acc: 0.5429 train_f1: 0.5429 time: 0.1945s
INFO:root:Epoch: 0440 val_loss: 1.5718 val_acc: 0.6060 val_f1: 0.6060
INFO:root:Epoch: 0445 lr: 0.01 train_loss: 1.3996 train_acc: 0.5357 train_f1: 0.5357 time: 0.1867s
INFO:root:Epoch: 0445 val_loss: 1.5679 val_acc: 0.6200 val_f1: 0.6200
INFO:root:Epoch: 0450 lr: 0.01 train_loss: 1.4916 train_acc: 0.5286 train_f1: 0.5286 time: 0.1928s
INFO:root:Epoch: 0450 val_loss: 1.5628 val_acc: 0.6300 val_f1: 0.6300
INFO:root:Epoch: 0455 lr: 0.01 train_loss: 1.4184 train_acc: 0.5286 train_f1: 0.5286 time: 0.1930s
INFO:root:Epoch: 0455 val_loss: 1.5562 val_acc: 0.6240 val_f1: 0.6240
INFO:root:Epoch: 0460 lr: 0.01 train_loss: 1.3652 train_acc: 0.4929 train_f1: 0.4929 time: 0.1921s
INFO:root:Epoch: 0460 val_loss: 1.5507 val_acc: 0.6240 val_f1: 0.6240
INFO:root:Epoch: 0465 lr: 0.01 train_loss: 1.5016 train_acc: 0.4714 train_f1: 0.4714 time: 0.1862s
INFO:root:Epoch: 0465 val_loss: 1.5491 val_acc: 0.6220 val_f1: 0.6220
INFO:root:Epoch: 0470 lr: 0.01 train_loss: 1.3562 train_acc: 0.5643 train_f1: 0.5643 time: 0.1929s
INFO:root:Epoch: 0470 val_loss: 1.5486 val_acc: 0.6280 val_f1: 0.6280
INFO:root:Epoch: 0475 lr: 0.01 train_loss: 1.4439 train_acc: 0.5214 train_f1: 0.5214 time: 0.1926s
INFO:root:Epoch: 0475 val_loss: 1.5495 val_acc: 0.6180 val_f1: 0.6180
INFO:root:Epoch: 0480 lr: 0.01 train_loss: 1.3755 train_acc: 0.5000 train_f1: 0.5000 time: 0.1931s
INFO:root:Epoch: 0480 val_loss: 1.5516 val_acc: 0.6160 val_f1: 0.6160
INFO:root:Epoch: 0485 lr: 0.01 train_loss: 1.3401 train_acc: 0.5500 train_f1: 0.5500 time: 0.1947s
INFO:root:Epoch: 0485 val_loss: 1.5510 val_acc: 0.6160 val_f1: 0.6160
INFO:root:Epoch: 0490 lr: 0.01 train_loss: 1.3363 train_acc: 0.5500 train_f1: 0.5500 time: 0.1849s
INFO:root:Epoch: 0490 val_loss: 1.5488 val_acc: 0.6220 val_f1: 0.6220
INFO:root:Epoch: 0495 lr: 0.01 train_loss: 1.4255 train_acc: 0.4857 train_f1: 0.4857 time: 0.1923s
INFO:root:Epoch: 0495 val_loss: 1.5469 val_acc: 0.6260 val_f1: 0.6260
INFO:root:Epoch: 0500 lr: 0.01 train_loss: 1.3891 train_acc: 0.5000 train_f1: 0.5000 time: 0.1993s
INFO:root:Epoch: 0500 val_loss: 1.5461 val_acc: 0.6260 val_f1: 0.6260
INFO:root:Epoch: 0505 lr: 0.01 train_loss: 1.3703 train_acc: 0.5357 train_f1: 0.5357 time: 0.2016s
INFO:root:Epoch: 0505 val_loss: 1.5452 val_acc: 0.6280 val_f1: 0.6280
INFO:root:Epoch: 0510 lr: 0.01 train_loss: 1.3248 train_acc: 0.5429 train_f1: 0.5429 time: 0.1908s
INFO:root:Epoch: 0510 val_loss: 1.5436 val_acc: 0.6280 val_f1: 0.6280
INFO:root:Early stopping
INFO:root:Optimization Finished!
INFO:root:Total time elapsed: 177.0812s
INFO:root:Val set results: val_loss: 1.5651 val_acc: 0.6460 val_f1: 0.6460
INFO:root:Test set results: test_loss: 1.5531 test_acc: 0.6120 test_f1: 0.6120
