INFO:root:Using: cpu
INFO:root:Using seed 1234.
INFO:root:Num classes: 7
INFO:root:NCModel(
  (encoder): HypGCN(
    (layers): Sequential(
      (0): HyperbolicGraphConvolution(
        (linear): HypLinear(in_features=1433, out_features=32, c=tensor([1.]))
        (agg): HypAgg(c=tensor([1.]), use_att=0)
        (hyp_act): HypAct(c_in=tensor([1.]), c_out=tensor([1.]))
      )
    )
  )
  (decoder): LinearDecoder(
    in_features=32, out_features=7, bias=0, c=tensor([1.])
    (cls): Linear(
      (linear): Linear(in_features=32, out_features=7, bias=False)
    )
  )
)
INFO:root:Total number of parameters: 46112
INFO:root:Epoch: 0005 lr: 0.01 train_loss: 1.9410 train_acc: 0.4000 train_f1: 0.4000 time: 0.1490s
INFO:root:Epoch: 0005 val_loss: 1.9432 val_acc: 0.5220 val_f1: 0.5220
INFO:root:Epoch: 0010 lr: 0.01 train_loss: 1.9338 train_acc: 0.4500 train_f1: 0.4500 time: 0.1277s
INFO:root:Epoch: 0010 val_loss: 1.9386 val_acc: 0.5320 val_f1: 0.5320
INFO:root:Epoch: 0015 lr: 0.01 train_loss: 1.9175 train_acc: 0.5357 train_f1: 0.5357 time: 0.1294s
INFO:root:Epoch: 0015 val_loss: 1.9314 val_acc: 0.5360 val_f1: 0.5360
INFO:root:Epoch: 0020 lr: 0.01 train_loss: 1.9010 train_acc: 0.4643 train_f1: 0.4643 time: 0.1311s
INFO:root:Epoch: 0020 val_loss: 1.9194 val_acc: 0.5460 val_f1: 0.5460
INFO:root:Epoch: 0025 lr: 0.01 train_loss: 1.8757 train_acc: 0.4786 train_f1: 0.4786 time: 0.1327s
INFO:root:Epoch: 0025 val_loss: 1.9033 val_acc: 0.5460 val_f1: 0.5460
INFO:root:Epoch: 0030 lr: 0.01 train_loss: 1.8447 train_acc: 0.4500 train_f1: 0.4500 time: 0.1311s
INFO:root:Epoch: 0030 val_loss: 1.8828 val_acc: 0.5360 val_f1: 0.5360
INFO:root:Epoch: 0035 lr: 0.01 train_loss: 1.7880 train_acc: 0.5143 train_f1: 0.5143 time: 0.1371s
INFO:root:Epoch: 0035 val_loss: 1.8555 val_acc: 0.5400 val_f1: 0.5400
INFO:root:Epoch: 0040 lr: 0.01 train_loss: 1.7317 train_acc: 0.5214 train_f1: 0.5214 time: 0.1418s
INFO:root:Epoch: 0040 val_loss: 1.8253 val_acc: 0.5780 val_f1: 0.5780
INFO:root:Epoch: 0045 lr: 0.01 train_loss: 1.6765 train_acc: 0.5286 train_f1: 0.5286 time: 0.1286s
INFO:root:Epoch: 0045 val_loss: 1.7894 val_acc: 0.6080 val_f1: 0.6080
INFO:root:Epoch: 0050 lr: 0.01 train_loss: 1.5649 train_acc: 0.5786 train_f1: 0.5786 time: 0.1377s
INFO:root:Epoch: 0050 val_loss: 1.7542 val_acc: 0.6320 val_f1: 0.6320
INFO:root:Epoch: 0055 lr: 0.01 train_loss: 1.5969 train_acc: 0.5000 train_f1: 0.5000 time: 0.1532s
INFO:root:Epoch: 0055 val_loss: 1.7152 val_acc: 0.6480 val_f1: 0.6480
INFO:root:Epoch: 0060 lr: 0.01 train_loss: 1.4583 train_acc: 0.6286 train_f1: 0.6286 time: 0.1369s
INFO:root:Epoch: 0060 val_loss: 1.6714 val_acc: 0.6560 val_f1: 0.6560
INFO:root:Epoch: 0065 lr: 0.01 train_loss: 1.4707 train_acc: 0.5071 train_f1: 0.5071 time: 0.1297s
INFO:root:Epoch: 0065 val_loss: 1.6197 val_acc: 0.7060 val_f1: 0.7060
INFO:root:Epoch: 0070 lr: 0.01 train_loss: 1.3529 train_acc: 0.5500 train_f1: 0.5500 time: 0.1370s
INFO:root:Epoch: 0070 val_loss: 1.5771 val_acc: 0.7280 val_f1: 0.7280
INFO:root:Epoch: 0075 lr: 0.01 train_loss: 1.2974 train_acc: 0.5786 train_f1: 0.5786 time: 0.1400s
INFO:root:Epoch: 0075 val_loss: 1.5376 val_acc: 0.7420 val_f1: 0.7420
INFO:root:Epoch: 0080 lr: 0.01 train_loss: 1.3304 train_acc: 0.5286 train_f1: 0.5286 time: 0.1397s
INFO:root:Epoch: 0080 val_loss: 1.5060 val_acc: 0.7500 val_f1: 0.7500
INFO:root:Epoch: 0085 lr: 0.01 train_loss: 1.2102 train_acc: 0.5929 train_f1: 0.5929 time: 0.1288s
INFO:root:Epoch: 0085 val_loss: 1.4717 val_acc: 0.7620 val_f1: 0.7620
INFO:root:Epoch: 0090 lr: 0.01 train_loss: 1.1787 train_acc: 0.6214 train_f1: 0.6214 time: 0.1348s
INFO:root:Epoch: 0090 val_loss: 1.4376 val_acc: 0.7740 val_f1: 0.7740
INFO:root:Epoch: 0095 lr: 0.01 train_loss: 1.1180 train_acc: 0.6000 train_f1: 0.6000 time: 0.1312s
INFO:root:Epoch: 0095 val_loss: 1.4052 val_acc: 0.7800 val_f1: 0.7800
INFO:root:Epoch: 0100 lr: 0.01 train_loss: 1.1209 train_acc: 0.6214 train_f1: 0.6214 time: 0.1287s
INFO:root:Epoch: 0100 val_loss: 1.3881 val_acc: 0.7760 val_f1: 0.7760
INFO:root:Epoch: 0105 lr: 0.01 train_loss: 1.1772 train_acc: 0.5786 train_f1: 0.5786 time: 0.1307s
INFO:root:Epoch: 0105 val_loss: 1.3778 val_acc: 0.7560 val_f1: 0.7560
INFO:root:Epoch: 0110 lr: 0.01 train_loss: 1.1193 train_acc: 0.6571 train_f1: 0.6571 time: 0.1304s
INFO:root:Epoch: 0110 val_loss: 1.3596 val_acc: 0.7600 val_f1: 0.7600
INFO:root:Epoch: 0115 lr: 0.01 train_loss: 1.0183 train_acc: 0.6500 train_f1: 0.6500 time: 0.1292s
INFO:root:Epoch: 0115 val_loss: 1.3401 val_acc: 0.7620 val_f1: 0.7620
INFO:root:Epoch: 0120 lr: 0.01 train_loss: 1.1024 train_acc: 0.6071 train_f1: 0.6071 time: 0.1299s
INFO:root:Epoch: 0120 val_loss: 1.3202 val_acc: 0.7580 val_f1: 0.7580
INFO:root:Epoch: 0125 lr: 0.01 train_loss: 1.1079 train_acc: 0.6000 train_f1: 0.6000 time: 0.1302s
INFO:root:Epoch: 0125 val_loss: 1.3045 val_acc: 0.7600 val_f1: 0.7600
INFO:root:Epoch: 0130 lr: 0.01 train_loss: 1.0391 train_acc: 0.6571 train_f1: 0.6571 time: 0.1317s
INFO:root:Epoch: 0130 val_loss: 1.2874 val_acc: 0.7620 val_f1: 0.7620
INFO:root:Epoch: 0135 lr: 0.01 train_loss: 1.0730 train_acc: 0.6286 train_f1: 0.6286 time: 0.1283s
INFO:root:Epoch: 0135 val_loss: 1.2742 val_acc: 0.7580 val_f1: 0.7580
INFO:root:Epoch: 0140 lr: 0.01 train_loss: 1.0595 train_acc: 0.6071 train_f1: 0.6071 time: 0.1325s
INFO:root:Epoch: 0140 val_loss: 1.2660 val_acc: 0.7600 val_f1: 0.7600
INFO:root:Epoch: 0145 lr: 0.01 train_loss: 0.9954 train_acc: 0.6286 train_f1: 0.6286 time: 0.1279s
INFO:root:Epoch: 0145 val_loss: 1.2623 val_acc: 0.7520 val_f1: 0.7520
INFO:root:Epoch: 0150 lr: 0.01 train_loss: 0.9993 train_acc: 0.6357 train_f1: 0.6357 time: 0.1319s
INFO:root:Epoch: 0150 val_loss: 1.2564 val_acc: 0.7480 val_f1: 0.7480
INFO:root:Epoch: 0155 lr: 0.01 train_loss: 0.8863 train_acc: 0.6929 train_f1: 0.6929 time: 0.1326s
INFO:root:Epoch: 0155 val_loss: 1.2503 val_acc: 0.7480 val_f1: 0.7480
INFO:root:Epoch: 0160 lr: 0.01 train_loss: 1.0804 train_acc: 0.5571 train_f1: 0.5571 time: 0.1311s
INFO:root:Epoch: 0160 val_loss: 1.2363 val_acc: 0.7560 val_f1: 0.7560
INFO:root:Epoch: 0165 lr: 0.01 train_loss: 0.9981 train_acc: 0.6143 train_f1: 0.6143 time: 0.1362s
INFO:root:Epoch: 0165 val_loss: 1.2269 val_acc: 0.7580 val_f1: 0.7580
INFO:root:Epoch: 0170 lr: 0.01 train_loss: 1.0685 train_acc: 0.6214 train_f1: 0.6214 time: 0.1306s
INFO:root:Epoch: 0170 val_loss: 1.2227 val_acc: 0.7620 val_f1: 0.7620
INFO:root:Epoch: 0175 lr: 0.01 train_loss: 1.0092 train_acc: 0.6357 train_f1: 0.6357 time: 0.1293s
INFO:root:Epoch: 0175 val_loss: 1.2181 val_acc: 0.7640 val_f1: 0.7640
INFO:root:Epoch: 0180 lr: 0.01 train_loss: 0.9638 train_acc: 0.6714 train_f1: 0.6714 time: 0.1275s
INFO:root:Epoch: 0180 val_loss: 1.2136 val_acc: 0.7600 val_f1: 0.7600
INFO:root:Epoch: 0185 lr: 0.01 train_loss: 1.0264 train_acc: 0.6071 train_f1: 0.6071 time: 0.1285s
INFO:root:Epoch: 0185 val_loss: 1.2151 val_acc: 0.7560 val_f1: 0.7560
INFO:root:Epoch: 0190 lr: 0.01 train_loss: 0.9847 train_acc: 0.6143 train_f1: 0.6143 time: 0.1289s
INFO:root:Epoch: 0190 val_loss: 1.2261 val_acc: 0.7500 val_f1: 0.7500
INFO:root:Epoch: 0195 lr: 0.01 train_loss: 0.9728 train_acc: 0.6643 train_f1: 0.6643 time: 0.1281s
INFO:root:Epoch: 0195 val_loss: 1.2249 val_acc: 0.7500 val_f1: 0.7500
INFO:root:Early stopping
INFO:root:Optimization Finished!
INFO:root:Total time elapsed: 44.7033s
INFO:root:Val set results: val_loss: 1.4052 val_acc: 0.7800 val_f1: 0.7800
INFO:root:Test set results: test_loss: 1.3966 test_acc: 0.7650 test_f1: 0.7650
