INFO:root:Using: cpu
INFO:root:Using seed 1234.
INFO:root:Num classes: 7
INFO:root:NCModel(
  (encoder): HypGCN(
    (layers): Sequential(
      (0): HyperbolicGraphConvolution(
        (linear): HypLinear(in_features=1433, out_features=16, c=tensor([1.]))
        (agg): HypAgg(c=tensor([1.]), use_att=0)
        (hyp_act): HypAct(c_in=tensor([1.]), c_out=tensor([1.]))
      )
    )
  )
  (decoder): LinearDecoder(
    in_features=16, out_features=7, bias=0, c=tensor([1.])
    (cls): Linear(
      (linear): Linear(in_features=16, out_features=7, bias=False)
    )
  )
)
INFO:root:Total number of parameters: 23056
INFO:root:Epoch: 0005 lr: 0.01 train_loss: 1.9439 train_acc: 0.2071 train_f1: 0.2071 time: 0.1128s
INFO:root:Epoch: 0005 val_loss: 1.9449 val_acc: 0.1800 val_f1: 0.1800
INFO:root:Epoch: 0010 lr: 0.01 train_loss: 1.9412 train_acc: 0.2786 train_f1: 0.2786 time: 0.1142s
INFO:root:Epoch: 0010 val_loss: 1.9432 val_acc: 0.2160 val_f1: 0.2160
INFO:root:Epoch: 0015 lr: 0.01 train_loss: 1.9358 train_acc: 0.3214 train_f1: 0.3214 time: 0.1101s
INFO:root:Epoch: 0015 val_loss: 1.9409 val_acc: 0.2180 val_f1: 0.2180
INFO:root:Epoch: 0020 lr: 0.01 train_loss: 1.9263 train_acc: 0.3286 train_f1: 0.3286 time: 0.1097s
INFO:root:Epoch: 0020 val_loss: 1.9371 val_acc: 0.2300 val_f1: 0.2300
INFO:root:Epoch: 0025 lr: 0.01 train_loss: 1.9176 train_acc: 0.3857 train_f1: 0.3857 time: 0.1121s
INFO:root:Epoch: 0025 val_loss: 1.9321 val_acc: 0.2360 val_f1: 0.2360
INFO:root:Epoch: 0030 lr: 0.01 train_loss: 1.9042 train_acc: 0.3143 train_f1: 0.3143 time: 0.1112s
INFO:root:Epoch: 0030 val_loss: 1.9261 val_acc: 0.2340 val_f1: 0.2340
INFO:root:Epoch: 0035 lr: 0.01 train_loss: 1.8882 train_acc: 0.3214 train_f1: 0.3214 time: 0.1111s
INFO:root:Epoch: 0035 val_loss: 1.9186 val_acc: 0.2360 val_f1: 0.2360
INFO:root:Epoch: 0040 lr: 0.01 train_loss: 1.8639 train_acc: 0.3714 train_f1: 0.3714 time: 0.1130s
INFO:root:Epoch: 0040 val_loss: 1.9094 val_acc: 0.2400 val_f1: 0.2400
INFO:root:Epoch: 0045 lr: 0.01 train_loss: 1.8496 train_acc: 0.3071 train_f1: 0.3071 time: 0.1119s
INFO:root:Epoch: 0045 val_loss: 1.8971 val_acc: 0.2560 val_f1: 0.2560
INFO:root:Epoch: 0050 lr: 0.01 train_loss: 1.8170 train_acc: 0.3786 train_f1: 0.3786 time: 0.1160s
INFO:root:Epoch: 0050 val_loss: 1.8832 val_acc: 0.2900 val_f1: 0.2900
INFO:root:Epoch: 0055 lr: 0.01 train_loss: 1.7910 train_acc: 0.4357 train_f1: 0.4357 time: 0.1124s
INFO:root:Epoch: 0055 val_loss: 1.8687 val_acc: 0.3100 val_f1: 0.3100
INFO:root:Epoch: 0060 lr: 0.01 train_loss: 1.7571 train_acc: 0.4286 train_f1: 0.4286 time: 0.1154s
INFO:root:Epoch: 0060 val_loss: 1.8531 val_acc: 0.3340 val_f1: 0.3340
INFO:root:Epoch: 0065 lr: 0.01 train_loss: 1.7409 train_acc: 0.4143 train_f1: 0.4143 time: 0.1100s
INFO:root:Epoch: 0065 val_loss: 1.8366 val_acc: 0.3600 val_f1: 0.3600
INFO:root:Epoch: 0070 lr: 0.01 train_loss: 1.7227 train_acc: 0.4857 train_f1: 0.4857 time: 0.1178s
INFO:root:Epoch: 0070 val_loss: 1.8207 val_acc: 0.3640 val_f1: 0.3640
INFO:root:Epoch: 0075 lr: 0.01 train_loss: 1.6859 train_acc: 0.4571 train_f1: 0.4571 time: 0.1130s
INFO:root:Epoch: 0075 val_loss: 1.8033 val_acc: 0.3800 val_f1: 0.3800
INFO:root:Epoch: 0080 lr: 0.01 train_loss: 1.6747 train_acc: 0.4786 train_f1: 0.4786 time: 0.1100s
INFO:root:Epoch: 0080 val_loss: 1.7829 val_acc: 0.4180 val_f1: 0.4180
INFO:root:Epoch: 0085 lr: 0.01 train_loss: 1.6318 train_acc: 0.4929 train_f1: 0.4929 time: 0.1130s
INFO:root:Epoch: 0085 val_loss: 1.7606 val_acc: 0.4440 val_f1: 0.4440
INFO:root:Epoch: 0090 lr: 0.01 train_loss: 1.5891 train_acc: 0.4714 train_f1: 0.4714 time: 0.1135s
INFO:root:Epoch: 0090 val_loss: 1.7407 val_acc: 0.4820 val_f1: 0.4820
INFO:root:Epoch: 0095 lr: 0.01 train_loss: 1.5824 train_acc: 0.5214 train_f1: 0.5214 time: 0.1156s
INFO:root:Epoch: 0095 val_loss: 1.7227 val_acc: 0.5140 val_f1: 0.5140
INFO:root:Epoch: 0100 lr: 0.01 train_loss: 1.5714 train_acc: 0.4714 train_f1: 0.4714 time: 0.1102s
INFO:root:Epoch: 0100 val_loss: 1.7018 val_acc: 0.5380 val_f1: 0.5380
INFO:root:Epoch: 0105 lr: 0.01 train_loss: 1.5081 train_acc: 0.5571 train_f1: 0.5571 time: 0.1092s
INFO:root:Epoch: 0105 val_loss: 1.6790 val_acc: 0.6060 val_f1: 0.6060
INFO:root:Epoch: 0110 lr: 0.01 train_loss: 1.4166 train_acc: 0.5714 train_f1: 0.5714 time: 0.1097s
INFO:root:Epoch: 0110 val_loss: 1.6590 val_acc: 0.6360 val_f1: 0.6360
INFO:root:Epoch: 0115 lr: 0.01 train_loss: 1.4709 train_acc: 0.5857 train_f1: 0.5857 time: 0.1131s
INFO:root:Epoch: 0115 val_loss: 1.6399 val_acc: 0.6440 val_f1: 0.6440
INFO:root:Epoch: 0120 lr: 0.01 train_loss: 1.4934 train_acc: 0.5286 train_f1: 0.5286 time: 0.1186s
INFO:root:Epoch: 0120 val_loss: 1.6223 val_acc: 0.6500 val_f1: 0.6500
INFO:root:Epoch: 0125 lr: 0.01 train_loss: 1.3948 train_acc: 0.5500 train_f1: 0.5500 time: 0.1147s
INFO:root:Epoch: 0125 val_loss: 1.6023 val_acc: 0.6660 val_f1: 0.6660
INFO:root:Epoch: 0130 lr: 0.01 train_loss: 1.4102 train_acc: 0.5357 train_f1: 0.5357 time: 0.1131s
INFO:root:Epoch: 0130 val_loss: 1.5837 val_acc: 0.6700 val_f1: 0.6700
INFO:root:Epoch: 0135 lr: 0.01 train_loss: 1.3692 train_acc: 0.5357 train_f1: 0.5357 time: 0.1086s
INFO:root:Epoch: 0135 val_loss: 1.5638 val_acc: 0.6840 val_f1: 0.6840
INFO:root:Epoch: 0140 lr: 0.01 train_loss: 1.3496 train_acc: 0.5214 train_f1: 0.5214 time: 0.1158s
INFO:root:Epoch: 0140 val_loss: 1.5438 val_acc: 0.6940 val_f1: 0.6940
INFO:root:Epoch: 0145 lr: 0.01 train_loss: 1.3706 train_acc: 0.5429 train_f1: 0.5429 time: 0.1090s
INFO:root:Epoch: 0145 val_loss: 1.5277 val_acc: 0.6980 val_f1: 0.6980
INFO:root:Epoch: 0150 lr: 0.01 train_loss: 1.3772 train_acc: 0.5000 train_f1: 0.5000 time: 0.1095s
INFO:root:Epoch: 0150 val_loss: 1.5132 val_acc: 0.7000 val_f1: 0.7000
INFO:root:Epoch: 0155 lr: 0.01 train_loss: 1.2484 train_acc: 0.6071 train_f1: 0.6071 time: 0.1149s
INFO:root:Epoch: 0155 val_loss: 1.4996 val_acc: 0.7020 val_f1: 0.7020
INFO:root:Epoch: 0160 lr: 0.01 train_loss: 1.1986 train_acc: 0.6500 train_f1: 0.6500 time: 0.1165s
INFO:root:Epoch: 0160 val_loss: 1.4873 val_acc: 0.7020 val_f1: 0.7020
INFO:root:Epoch: 0165 lr: 0.01 train_loss: 1.2976 train_acc: 0.5571 train_f1: 0.5571 time: 0.1136s
INFO:root:Epoch: 0165 val_loss: 1.4750 val_acc: 0.7080 val_f1: 0.7080
INFO:root:Epoch: 0170 lr: 0.01 train_loss: 1.2276 train_acc: 0.6071 train_f1: 0.6071 time: 0.1149s
INFO:root:Epoch: 0170 val_loss: 1.4648 val_acc: 0.7060 val_f1: 0.7060
INFO:root:Epoch: 0175 lr: 0.01 train_loss: 1.2692 train_acc: 0.5500 train_f1: 0.5500 time: 0.1170s
INFO:root:Epoch: 0175 val_loss: 1.4536 val_acc: 0.7120 val_f1: 0.7120
INFO:root:Epoch: 0180 lr: 0.01 train_loss: 1.2321 train_acc: 0.5857 train_f1: 0.5857 time: 0.1113s
INFO:root:Epoch: 0180 val_loss: 1.4385 val_acc: 0.7180 val_f1: 0.7180
INFO:root:Epoch: 0185 lr: 0.01 train_loss: 1.2708 train_acc: 0.5571 train_f1: 0.5571 time: 0.1133s
INFO:root:Epoch: 0185 val_loss: 1.4235 val_acc: 0.7280 val_f1: 0.7280
INFO:root:Epoch: 0190 lr: 0.01 train_loss: 1.2932 train_acc: 0.5571 train_f1: 0.5571 time: 0.1132s
INFO:root:Epoch: 0190 val_loss: 1.4105 val_acc: 0.7420 val_f1: 0.7420
INFO:root:Epoch: 0195 lr: 0.01 train_loss: 1.1958 train_acc: 0.6071 train_f1: 0.6071 time: 0.1103s
INFO:root:Epoch: 0195 val_loss: 1.4020 val_acc: 0.7460 val_f1: 0.7460
INFO:root:Epoch: 0200 lr: 0.01 train_loss: 1.1112 train_acc: 0.6500 train_f1: 0.6500 time: 0.1101s
INFO:root:Epoch: 0200 val_loss: 1.3983 val_acc: 0.7420 val_f1: 0.7420
INFO:root:Epoch: 0205 lr: 0.01 train_loss: 1.1639 train_acc: 0.5500 train_f1: 0.5500 time: 0.1104s
INFO:root:Epoch: 0205 val_loss: 1.3977 val_acc: 0.7360 val_f1: 0.7360
INFO:root:Epoch: 0210 lr: 0.01 train_loss: 1.3289 train_acc: 0.5214 train_f1: 0.5214 time: 0.1097s
INFO:root:Epoch: 0210 val_loss: 1.3974 val_acc: 0.7240 val_f1: 0.7240
INFO:root:Epoch: 0215 lr: 0.01 train_loss: 1.2165 train_acc: 0.5786 train_f1: 0.5786 time: 0.1118s
INFO:root:Epoch: 0215 val_loss: 1.3940 val_acc: 0.7180 val_f1: 0.7180
INFO:root:Epoch: 0220 lr: 0.01 train_loss: 1.2056 train_acc: 0.5571 train_f1: 0.5571 time: 0.1146s
INFO:root:Epoch: 0220 val_loss: 1.3899 val_acc: 0.7200 val_f1: 0.7200
INFO:root:Epoch: 0225 lr: 0.01 train_loss: 1.2247 train_acc: 0.5357 train_f1: 0.5357 time: 0.1157s
INFO:root:Epoch: 0225 val_loss: 1.3823 val_acc: 0.7200 val_f1: 0.7200
INFO:root:Epoch: 0230 lr: 0.01 train_loss: 1.1697 train_acc: 0.5786 train_f1: 0.5786 time: 0.1104s
INFO:root:Epoch: 0230 val_loss: 1.3759 val_acc: 0.7220 val_f1: 0.7220
INFO:root:Epoch: 0235 lr: 0.01 train_loss: 1.1255 train_acc: 0.5929 train_f1: 0.5929 time: 0.1116s
INFO:root:Epoch: 0235 val_loss: 1.3669 val_acc: 0.7240 val_f1: 0.7240
INFO:root:Epoch: 0240 lr: 0.01 train_loss: 1.1703 train_acc: 0.6000 train_f1: 0.6000 time: 0.1099s
INFO:root:Epoch: 0240 val_loss: 1.3560 val_acc: 0.7340 val_f1: 0.7340
INFO:root:Epoch: 0245 lr: 0.01 train_loss: 1.1576 train_acc: 0.5500 train_f1: 0.5500 time: 0.1112s
INFO:root:Epoch: 0245 val_loss: 1.3434 val_acc: 0.7380 val_f1: 0.7380
INFO:root:Epoch: 0250 lr: 0.01 train_loss: 1.0782 train_acc: 0.6500 train_f1: 0.6500 time: 0.1090s
INFO:root:Epoch: 0250 val_loss: 1.3405 val_acc: 0.7320 val_f1: 0.7320
INFO:root:Epoch: 0255 lr: 0.01 train_loss: 1.2501 train_acc: 0.4929 train_f1: 0.4929 time: 0.1186s
INFO:root:Epoch: 0255 val_loss: 1.3373 val_acc: 0.7300 val_f1: 0.7300
INFO:root:Epoch: 0260 lr: 0.01 train_loss: 1.0921 train_acc: 0.5714 train_f1: 0.5714 time: 0.1109s
INFO:root:Epoch: 0260 val_loss: 1.3366 val_acc: 0.7240 val_f1: 0.7240
INFO:root:Epoch: 0265 lr: 0.01 train_loss: 1.2367 train_acc: 0.5071 train_f1: 0.5071 time: 0.1093s
INFO:root:Epoch: 0265 val_loss: 1.3375 val_acc: 0.7220 val_f1: 0.7220
INFO:root:Epoch: 0270 lr: 0.01 train_loss: 1.0737 train_acc: 0.6000 train_f1: 0.6000 time: 0.1100s
INFO:root:Epoch: 0270 val_loss: 1.3380 val_acc: 0.7300 val_f1: 0.7300
INFO:root:Epoch: 0275 lr: 0.01 train_loss: 1.1940 train_acc: 0.5429 train_f1: 0.5429 time: 0.1092s
INFO:root:Epoch: 0275 val_loss: 1.3367 val_acc: 0.7300 val_f1: 0.7300
INFO:root:Epoch: 0280 lr: 0.01 train_loss: 1.2575 train_acc: 0.5357 train_f1: 0.5357 time: 0.1104s
INFO:root:Epoch: 0280 val_loss: 1.3356 val_acc: 0.7300 val_f1: 0.7300
INFO:root:Epoch: 0285 lr: 0.01 train_loss: 1.2331 train_acc: 0.5786 train_f1: 0.5786 time: 0.1092s
INFO:root:Epoch: 0285 val_loss: 1.3317 val_acc: 0.7360 val_f1: 0.7360
INFO:root:Epoch: 0290 lr: 0.01 train_loss: 1.0845 train_acc: 0.6000 train_f1: 0.6000 time: 0.1102s
INFO:root:Epoch: 0290 val_loss: 1.3266 val_acc: 0.7320 val_f1: 0.7320
INFO:root:Epoch: 0295 lr: 0.01 train_loss: 1.1367 train_acc: 0.5571 train_f1: 0.5571 time: 0.1138s
INFO:root:Epoch: 0295 val_loss: 1.3217 val_acc: 0.7340 val_f1: 0.7340
INFO:root:Early stopping
INFO:root:Optimization Finished!
INFO:root:Total time elapsed: 57.6464s
INFO:root:Val set results: val_loss: 1.4020 val_acc: 0.7460 val_f1: 0.7460
INFO:root:Test set results: test_loss: 1.3731 test_acc: 0.7760 test_f1: 0.7760
