INFO:root:Using: cpu
INFO:root:Using seed 1234.
INFO:root:Num classes: 3
INFO:root:NCModel(
  (encoder): HypGCN(
    (layers): Sequential(
      (0): HyperbolicGraphConvolution(
        (linear): HypLinear(in_features=500, out_features=16, c=tensor([1.]))
        (agg): HypAgg(c=tensor([1.]), use_att=0)
        (hyp_act): HypAct(c_in=tensor([1.]), c_out=tensor([1.]))
      )
    )
  )
  (decoder): LinearDecoder(
    in_features=16, out_features=3, bias=0, c=tensor([1.])
    (cls): Linear(
      (linear): Linear(in_features=16, out_features=3, bias=False)
    )
  )
)
INFO:root:Total number of parameters: 8064
INFO:root:Epoch: 0005 lr: 0.01 train_loss: 1.0927 train_acc: 0.5500 train_f1: 0.5500 time: 0.2529s
INFO:root:Epoch: 0005 val_loss: 1.0950 val_acc: 0.5960 val_f1: 0.5960
INFO:root:Epoch: 0010 lr: 0.01 train_loss: 1.0843 train_acc: 0.5833 train_f1: 0.5833 time: 0.2550s
INFO:root:Epoch: 0010 val_loss: 1.0864 val_acc: 0.6200 val_f1: 0.6200
INFO:root:Epoch: 0015 lr: 0.01 train_loss: 1.0607 train_acc: 0.6167 train_f1: 0.6167 time: 0.2561s
INFO:root:Epoch: 0015 val_loss: 1.0735 val_acc: 0.6760 val_f1: 0.6760
INFO:root:Epoch: 0020 lr: 0.01 train_loss: 1.0215 train_acc: 0.6667 train_f1: 0.6667 time: 0.2522s
INFO:root:Epoch: 0020 val_loss: 1.0557 val_acc: 0.6540 val_f1: 0.6540
INFO:root:Epoch: 0025 lr: 0.01 train_loss: 0.9763 train_acc: 0.6167 train_f1: 0.6167 time: 0.2524s
INFO:root:Epoch: 0025 val_loss: 1.0338 val_acc: 0.6020 val_f1: 0.6020
INFO:root:Epoch: 0030 lr: 0.01 train_loss: 0.9224 train_acc: 0.6500 train_f1: 0.6500 time: 0.2543s
INFO:root:Epoch: 0030 val_loss: 1.0103 val_acc: 0.6060 val_f1: 0.6060
INFO:root:Epoch: 0035 lr: 0.01 train_loss: 0.8571 train_acc: 0.6667 train_f1: 0.6667 time: 0.2528s
INFO:root:Epoch: 0035 val_loss: 0.9862 val_acc: 0.6300 val_f1: 0.6300
INFO:root:Epoch: 0040 lr: 0.01 train_loss: 0.9218 train_acc: 0.6167 train_f1: 0.6167 time: 0.2505s
INFO:root:Epoch: 0040 val_loss: 0.9597 val_acc: 0.6580 val_f1: 0.6580
INFO:root:Epoch: 0045 lr: 0.01 train_loss: 0.8650 train_acc: 0.6000 train_f1: 0.6000 time: 0.3249s
INFO:root:Epoch: 0045 val_loss: 0.9304 val_acc: 0.6560 val_f1: 0.6560
INFO:root:Epoch: 0050 lr: 0.01 train_loss: 0.8201 train_acc: 0.7000 train_f1: 0.7000 time: 0.2656s
INFO:root:Epoch: 0050 val_loss: 0.9029 val_acc: 0.6580 val_f1: 0.6580
INFO:root:Epoch: 0055 lr: 0.01 train_loss: 0.7317 train_acc: 0.7333 train_f1: 0.7333 time: 0.2520s
INFO:root:Epoch: 0055 val_loss: 0.8757 val_acc: 0.6920 val_f1: 0.6920
INFO:root:Epoch: 0060 lr: 0.01 train_loss: 0.7116 train_acc: 0.8000 train_f1: 0.8000 time: 0.2524s
INFO:root:Epoch: 0060 val_loss: 0.8516 val_acc: 0.7300 val_f1: 0.7300
INFO:root:Epoch: 0065 lr: 0.01 train_loss: 0.7045 train_acc: 0.7167 train_f1: 0.7167 time: 0.2549s
INFO:root:Epoch: 0065 val_loss: 0.8311 val_acc: 0.7520 val_f1: 0.7520
INFO:root:Epoch: 0070 lr: 0.01 train_loss: 0.6263 train_acc: 0.8167 train_f1: 0.8167 time: 0.2584s
INFO:root:Epoch: 0070 val_loss: 0.8154 val_acc: 0.7540 val_f1: 0.7540
INFO:root:Epoch: 0075 lr: 0.01 train_loss: 0.6100 train_acc: 0.7500 train_f1: 0.7500 time: 0.2632s
INFO:root:Epoch: 0075 val_loss: 0.7981 val_acc: 0.7600 val_f1: 0.7600
INFO:root:Epoch: 0080 lr: 0.01 train_loss: 0.5261 train_acc: 0.8167 train_f1: 0.8167 time: 0.2676s
INFO:root:Epoch: 0080 val_loss: 0.7748 val_acc: 0.7740 val_f1: 0.7740
INFO:root:Epoch: 0085 lr: 0.01 train_loss: 0.4967 train_acc: 0.7500 train_f1: 0.7500 time: 0.2749s
INFO:root:Epoch: 0085 val_loss: 0.7601 val_acc: 0.7700 val_f1: 0.7700
INFO:root:Epoch: 0090 lr: 0.01 train_loss: 0.4708 train_acc: 0.8833 train_f1: 0.8833 time: 0.2566s
INFO:root:Epoch: 0090 val_loss: 0.7484 val_acc: 0.7680 val_f1: 0.7680
INFO:root:Epoch: 0095 lr: 0.01 train_loss: 0.5175 train_acc: 0.8500 train_f1: 0.8500 time: 0.2543s
INFO:root:Epoch: 0095 val_loss: 0.7395 val_acc: 0.7600 val_f1: 0.7600
INFO:root:Epoch: 0100 lr: 0.01 train_loss: 0.4655 train_acc: 0.8500 train_f1: 0.8500 time: 0.2593s
INFO:root:Epoch: 0100 val_loss: 0.7315 val_acc: 0.7620 val_f1: 0.7620
INFO:root:Epoch: 0105 lr: 0.01 train_loss: 0.4912 train_acc: 0.8167 train_f1: 0.8167 time: 0.2608s
INFO:root:Epoch: 0105 val_loss: 0.7160 val_acc: 0.7720 val_f1: 0.7720
INFO:root:Epoch: 0110 lr: 0.01 train_loss: 0.4879 train_acc: 0.7833 train_f1: 0.7833 time: 0.2686s
INFO:root:Epoch: 0110 val_loss: 0.7055 val_acc: 0.7680 val_f1: 0.7680
INFO:root:Epoch: 0115 lr: 0.01 train_loss: 0.4478 train_acc: 0.8000 train_f1: 0.8000 time: 0.2656s
INFO:root:Epoch: 0115 val_loss: 0.7004 val_acc: 0.7680 val_f1: 0.7680
INFO:root:Epoch: 0120 lr: 0.01 train_loss: 0.4496 train_acc: 0.7667 train_f1: 0.7667 time: 0.2517s
INFO:root:Epoch: 0120 val_loss: 0.6930 val_acc: 0.7640 val_f1: 0.7640
INFO:root:Epoch: 0125 lr: 0.01 train_loss: 0.4416 train_acc: 0.8333 train_f1: 0.8333 time: 0.2556s
INFO:root:Epoch: 0125 val_loss: 0.6895 val_acc: 0.7740 val_f1: 0.7740
INFO:root:Epoch: 0130 lr: 0.01 train_loss: 0.4907 train_acc: 0.7000 train_f1: 0.7000 time: 0.2506s
INFO:root:Epoch: 0130 val_loss: 0.6876 val_acc: 0.7760 val_f1: 0.7760
INFO:root:Epoch: 0135 lr: 0.01 train_loss: 0.4809 train_acc: 0.7667 train_f1: 0.7667 time: 0.2497s
INFO:root:Epoch: 0135 val_loss: 0.6878 val_acc: 0.7760 val_f1: 0.7760
INFO:root:Epoch: 0140 lr: 0.01 train_loss: 0.5306 train_acc: 0.7167 train_f1: 0.7167 time: 0.2550s
INFO:root:Epoch: 0140 val_loss: 0.6918 val_acc: 0.7700 val_f1: 0.7700
INFO:root:Epoch: 0145 lr: 0.01 train_loss: 0.5279 train_acc: 0.7000 train_f1: 0.7000 time: 0.2572s
INFO:root:Epoch: 0145 val_loss: 0.6911 val_acc: 0.7700 val_f1: 0.7700
INFO:root:Epoch: 0150 lr: 0.01 train_loss: 0.4557 train_acc: 0.7667 train_f1: 0.7667 time: 0.2556s
INFO:root:Epoch: 0150 val_loss: 0.6823 val_acc: 0.7680 val_f1: 0.7680
INFO:root:Epoch: 0155 lr: 0.01 train_loss: 0.4661 train_acc: 0.7833 train_f1: 0.7833 time: 0.2551s
INFO:root:Epoch: 0155 val_loss: 0.6759 val_acc: 0.7740 val_f1: 0.7740
INFO:root:Epoch: 0160 lr: 0.01 train_loss: 0.4177 train_acc: 0.7667 train_f1: 0.7667 time: 0.2630s
INFO:root:Epoch: 0160 val_loss: 0.6719 val_acc: 0.7760 val_f1: 0.7760
INFO:root:Epoch: 0165 lr: 0.01 train_loss: 0.4384 train_acc: 0.7667 train_f1: 0.7667 time: 0.2603s
INFO:root:Epoch: 0165 val_loss: 0.6677 val_acc: 0.7660 val_f1: 0.7660
INFO:root:Epoch: 0170 lr: 0.01 train_loss: 0.4302 train_acc: 0.8333 train_f1: 0.8333 time: 0.2597s
INFO:root:Epoch: 0170 val_loss: 0.6719 val_acc: 0.7660 val_f1: 0.7660
INFO:root:Epoch: 0175 lr: 0.01 train_loss: 0.3403 train_acc: 0.8333 train_f1: 0.8333 time: 0.2604s
INFO:root:Epoch: 0175 val_loss: 0.6756 val_acc: 0.7640 val_f1: 0.7640
INFO:root:Epoch: 0180 lr: 0.01 train_loss: 0.4347 train_acc: 0.7667 train_f1: 0.7667 time: 0.2503s
INFO:root:Epoch: 0180 val_loss: 0.6681 val_acc: 0.7640 val_f1: 0.7640
INFO:root:Epoch: 0185 lr: 0.01 train_loss: 0.3922 train_acc: 0.7833 train_f1: 0.7833 time: 0.2568s
INFO:root:Epoch: 0185 val_loss: 0.6624 val_acc: 0.7620 val_f1: 0.7620
INFO:root:Epoch: 0190 lr: 0.01 train_loss: 0.3917 train_acc: 0.8667 train_f1: 0.8667 time: 0.2586s
INFO:root:Epoch: 0190 val_loss: 0.6605 val_acc: 0.7620 val_f1: 0.7620
INFO:root:Epoch: 0195 lr: 0.01 train_loss: 0.3741 train_acc: 0.8167 train_f1: 0.8167 time: 0.2630s
INFO:root:Epoch: 0195 val_loss: 0.6612 val_acc: 0.7620 val_f1: 0.7620
INFO:root:Epoch: 0200 lr: 0.01 train_loss: 0.3521 train_acc: 0.9000 train_f1: 0.9000 time: 0.2557s
INFO:root:Epoch: 0200 val_loss: 0.6560 val_acc: 0.7600 val_f1: 0.7600
INFO:root:Epoch: 0205 lr: 0.01 train_loss: 0.3870 train_acc: 0.8500 train_f1: 0.8500 time: 0.2575s
INFO:root:Epoch: 0205 val_loss: 0.6581 val_acc: 0.7640 val_f1: 0.7640
INFO:root:Early stopping
INFO:root:Optimization Finished!
INFO:root:Total time elapsed: 94.9235s
INFO:root:Val set results: val_loss: 0.7128 val_acc: 0.7820 val_f1: 0.7820
INFO:root:Test set results: test_loss: 0.7226 test_acc: 0.7510 test_f1: 0.7510
