INFO:root:Using: cpu
INFO:root:Using seed 1234.
INFO:root:Num classes: 3
INFO:root:NCModel(
  (encoder): HypGCN(
    (layers): Sequential(
      (0): HyperbolicGraphConvolution(
        (linear): HypLinear(in_features=500, out_features=8, c=tensor([1.]))
        (agg): HypAgg(c=tensor([1.]), use_att=0)
        (hyp_act): HypAct(c_in=tensor([1.]), c_out=tensor([1.]))
      )
    )
  )
  (decoder): LinearDecoder(
    in_features=8, out_features=3, bias=0, c=tensor([1.])
    (cls): Linear(
      (linear): Linear(in_features=8, out_features=3, bias=False)
    )
  )
)
INFO:root:Total number of parameters: 4032
INFO:root:Epoch: 0005 lr: 0.01 train_loss: 1.0974 train_acc: 0.4167 train_f1: 0.4167 time: 0.5584s
INFO:root:Epoch: 0005 val_loss: 1.0975 val_acc: 0.5260 val_f1: 0.5260
INFO:root:Epoch: 0010 lr: 0.01 train_loss: 1.0967 train_acc: 0.5000 train_f1: 0.5000 time: 0.5554s
INFO:root:Epoch: 0010 val_loss: 1.0959 val_acc: 0.6060 val_f1: 0.6060
INFO:root:Epoch: 0015 lr: 0.01 train_loss: 1.0930 train_acc: 0.5167 train_f1: 0.5167 time: 0.5604s
INFO:root:Epoch: 0015 val_loss: 1.0935 val_acc: 0.6200 val_f1: 0.6200
INFO:root:Epoch: 0020 lr: 0.01 train_loss: 1.0892 train_acc: 0.5833 train_f1: 0.5833 time: 0.5667s
INFO:root:Epoch: 0020 val_loss: 1.0905 val_acc: 0.6320 val_f1: 0.6320
INFO:root:Epoch: 0025 lr: 0.01 train_loss: 1.0873 train_acc: 0.6000 train_f1: 0.6000 time: 0.5643s
INFO:root:Epoch: 0025 val_loss: 1.0865 val_acc: 0.6500 val_f1: 0.6500
INFO:root:Epoch: 0030 lr: 0.01 train_loss: 1.0824 train_acc: 0.6000 train_f1: 0.6000 time: 0.5576s
INFO:root:Epoch: 0030 val_loss: 1.0812 val_acc: 0.6500 val_f1: 0.6500
INFO:root:Epoch: 0035 lr: 0.01 train_loss: 1.0674 train_acc: 0.6167 train_f1: 0.6167 time: 0.5643s
INFO:root:Epoch: 0035 val_loss: 1.0752 val_acc: 0.6600 val_f1: 0.6600
INFO:root:Epoch: 0040 lr: 0.01 train_loss: 1.0679 train_acc: 0.5500 train_f1: 0.5500 time: 0.5654s
INFO:root:Epoch: 0040 val_loss: 1.0688 val_acc: 0.6580 val_f1: 0.6580
INFO:root:Epoch: 0045 lr: 0.01 train_loss: 1.0524 train_acc: 0.6167 train_f1: 0.6167 time: 0.5656s
INFO:root:Epoch: 0045 val_loss: 1.0617 val_acc: 0.6700 val_f1: 0.6700
INFO:root:Epoch: 0050 lr: 0.01 train_loss: 1.0234 train_acc: 0.6667 train_f1: 0.6667 time: 0.5539s
INFO:root:Epoch: 0050 val_loss: 1.0528 val_acc: 0.6740 val_f1: 0.6740
INFO:root:Epoch: 0055 lr: 0.01 train_loss: 1.0417 train_acc: 0.5333 train_f1: 0.5333 time: 0.5625s
INFO:root:Epoch: 0055 val_loss: 1.0420 val_acc: 0.6640 val_f1: 0.6640
INFO:root:Epoch: 0060 lr: 0.01 train_loss: 0.9891 train_acc: 0.7000 train_f1: 0.7000 time: 0.5538s
INFO:root:Epoch: 0060 val_loss: 1.0304 val_acc: 0.6620 val_f1: 0.6620
INFO:root:Epoch: 0065 lr: 0.01 train_loss: 0.9886 train_acc: 0.5833 train_f1: 0.5833 time: 0.5602s
INFO:root:Epoch: 0065 val_loss: 1.0182 val_acc: 0.6800 val_f1: 0.6800
INFO:root:Epoch: 0070 lr: 0.01 train_loss: 0.9930 train_acc: 0.6167 train_f1: 0.6167 time: 0.5619s
INFO:root:Epoch: 0070 val_loss: 1.0057 val_acc: 0.6900 val_f1: 0.6900
INFO:root:Epoch: 0075 lr: 0.01 train_loss: 0.9847 train_acc: 0.5167 train_f1: 0.5167 time: 0.5463s
INFO:root:Epoch: 0075 val_loss: 0.9920 val_acc: 0.6880 val_f1: 0.6880
INFO:root:Epoch: 0080 lr: 0.01 train_loss: 0.9449 train_acc: 0.6667 train_f1: 0.6667 time: 0.5527s
INFO:root:Epoch: 0080 val_loss: 0.9786 val_acc: 0.6840 val_f1: 0.6840
INFO:root:Epoch: 0085 lr: 0.01 train_loss: 0.9319 train_acc: 0.6500 train_f1: 0.6500 time: 0.5569s
INFO:root:Epoch: 0085 val_loss: 0.9682 val_acc: 0.6900 val_f1: 0.6900
INFO:root:Epoch: 0090 lr: 0.01 train_loss: 0.8956 train_acc: 0.7000 train_f1: 0.7000 time: 0.5577s
INFO:root:Epoch: 0090 val_loss: 0.9587 val_acc: 0.7020 val_f1: 0.7020
INFO:root:Epoch: 0095 lr: 0.01 train_loss: 0.8854 train_acc: 0.6667 train_f1: 0.6667 time: 0.5641s
INFO:root:Epoch: 0095 val_loss: 0.9479 val_acc: 0.7040 val_f1: 0.7040
INFO:root:Epoch: 0100 lr: 0.01 train_loss: 0.9071 train_acc: 0.6500 train_f1: 0.6500 time: 0.5718s
INFO:root:Epoch: 0100 val_loss: 0.9373 val_acc: 0.7060 val_f1: 0.7060
INFO:root:Epoch: 0105 lr: 0.01 train_loss: 0.8688 train_acc: 0.7500 train_f1: 0.7500 time: 0.5507s
INFO:root:Epoch: 0105 val_loss: 0.9267 val_acc: 0.7040 val_f1: 0.7040
INFO:root:Epoch: 0110 lr: 0.01 train_loss: 0.8836 train_acc: 0.6333 train_f1: 0.6333 time: 0.5651s
INFO:root:Epoch: 0110 val_loss: 0.9160 val_acc: 0.7100 val_f1: 0.7100
INFO:root:Epoch: 0115 lr: 0.01 train_loss: 0.8426 train_acc: 0.7167 train_f1: 0.7167 time: 0.5697s
INFO:root:Epoch: 0115 val_loss: 0.9058 val_acc: 0.7120 val_f1: 0.7120
INFO:root:Epoch: 0120 lr: 0.01 train_loss: 0.8722 train_acc: 0.6667 train_f1: 0.6667 time: 0.5612s
INFO:root:Epoch: 0120 val_loss: 0.8983 val_acc: 0.7360 val_f1: 0.7360
INFO:root:Epoch: 0125 lr: 0.01 train_loss: 0.8227 train_acc: 0.6500 train_f1: 0.6500 time: 0.5671s
INFO:root:Epoch: 0125 val_loss: 0.8909 val_acc: 0.7460 val_f1: 0.7460
INFO:root:Epoch: 0130 lr: 0.01 train_loss: 0.8938 train_acc: 0.6667 train_f1: 0.6667 time: 0.5679s
INFO:root:Epoch: 0130 val_loss: 0.8838 val_acc: 0.7340 val_f1: 0.7340
INFO:root:Epoch: 0135 lr: 0.01 train_loss: 0.7885 train_acc: 0.7833 train_f1: 0.7833 time: 0.5428s
INFO:root:Epoch: 0135 val_loss: 0.8780 val_acc: 0.7360 val_f1: 0.7360
INFO:root:Epoch: 0140 lr: 0.01 train_loss: 0.7443 train_acc: 0.8667 train_f1: 0.8667 time: 0.5727s
INFO:root:Epoch: 0140 val_loss: 0.8721 val_acc: 0.7400 val_f1: 0.7400
INFO:root:Epoch: 0145 lr: 0.01 train_loss: 0.7361 train_acc: 0.7000 train_f1: 0.7000 time: 0.5499s
INFO:root:Epoch: 0145 val_loss: 0.8661 val_acc: 0.7520 val_f1: 0.7520
INFO:root:Epoch: 0150 lr: 0.01 train_loss: 0.8308 train_acc: 0.6500 train_f1: 0.6500 time: 0.5618s
INFO:root:Epoch: 0150 val_loss: 0.8599 val_acc: 0.7560 val_f1: 0.7560
INFO:root:Epoch: 0155 lr: 0.01 train_loss: 0.7559 train_acc: 0.6667 train_f1: 0.6667 time: 0.5542s
INFO:root:Epoch: 0155 val_loss: 0.8536 val_acc: 0.7620 val_f1: 0.7620
INFO:root:Epoch: 0160 lr: 0.01 train_loss: 0.7297 train_acc: 0.7500 train_f1: 0.7500 time: 0.5562s
INFO:root:Epoch: 0160 val_loss: 0.8483 val_acc: 0.7620 val_f1: 0.7620
INFO:root:Epoch: 0165 lr: 0.01 train_loss: 0.7856 train_acc: 0.7167 train_f1: 0.7167 time: 0.5594s
INFO:root:Epoch: 0165 val_loss: 0.8439 val_acc: 0.7640 val_f1: 0.7640
INFO:root:Epoch: 0170 lr: 0.01 train_loss: 0.7084 train_acc: 0.7000 train_f1: 0.7000 time: 0.5507s
INFO:root:Epoch: 0170 val_loss: 0.8398 val_acc: 0.7660 val_f1: 0.7660
INFO:root:Epoch: 0175 lr: 0.01 train_loss: 0.7601 train_acc: 0.7000 train_f1: 0.7000 time: 0.5500s
INFO:root:Epoch: 0175 val_loss: 0.8352 val_acc: 0.7620 val_f1: 0.7620
INFO:root:Epoch: 0180 lr: 0.01 train_loss: 0.7168 train_acc: 0.7667 train_f1: 0.7667 time: 0.5503s
INFO:root:Epoch: 0180 val_loss: 0.8293 val_acc: 0.7600 val_f1: 0.7600
INFO:root:Epoch: 0185 lr: 0.01 train_loss: 0.7095 train_acc: 0.7000 train_f1: 0.7000 time: 0.5622s
INFO:root:Epoch: 0185 val_loss: 0.8231 val_acc: 0.7620 val_f1: 0.7620
INFO:root:Epoch: 0190 lr: 0.01 train_loss: 0.7212 train_acc: 0.7500 train_f1: 0.7500 time: 0.5454s
INFO:root:Epoch: 0190 val_loss: 0.8167 val_acc: 0.7640 val_f1: 0.7640
INFO:root:Epoch: 0195 lr: 0.01 train_loss: 0.7472 train_acc: 0.7167 train_f1: 0.7167 time: 0.5563s
INFO:root:Epoch: 0195 val_loss: 0.8092 val_acc: 0.7540 val_f1: 0.7540
INFO:root:Epoch: 0200 lr: 0.01 train_loss: 0.6763 train_acc: 0.7167 train_f1: 0.7167 time: 0.5501s
INFO:root:Epoch: 0200 val_loss: 0.8044 val_acc: 0.7620 val_f1: 0.7620
INFO:root:Epoch: 0205 lr: 0.01 train_loss: 0.7223 train_acc: 0.7500 train_f1: 0.7500 time: 0.5514s
INFO:root:Epoch: 0205 val_loss: 0.8025 val_acc: 0.7660 val_f1: 0.7660
INFO:root:Epoch: 0210 lr: 0.01 train_loss: 0.6278 train_acc: 0.8500 train_f1: 0.8500 time: 0.5459s
INFO:root:Epoch: 0210 val_loss: 0.8017 val_acc: 0.7660 val_f1: 0.7660
INFO:root:Epoch: 0215 lr: 0.01 train_loss: 0.6829 train_acc: 0.8333 train_f1: 0.8333 time: 0.5537s
INFO:root:Epoch: 0215 val_loss: 0.7991 val_acc: 0.7660 val_f1: 0.7660
INFO:root:Epoch: 0220 lr: 0.01 train_loss: 0.6883 train_acc: 0.6333 train_f1: 0.6333 time: 0.5460s
INFO:root:Epoch: 0220 val_loss: 0.7930 val_acc: 0.7640 val_f1: 0.7640
INFO:root:Epoch: 0225 lr: 0.01 train_loss: 0.6222 train_acc: 0.7333 train_f1: 0.7333 time: 0.5532s
INFO:root:Epoch: 0225 val_loss: 0.7879 val_acc: 0.7660 val_f1: 0.7660
INFO:root:Epoch: 0230 lr: 0.01 train_loss: 0.6887 train_acc: 0.7833 train_f1: 0.7833 time: 0.5521s
INFO:root:Epoch: 0230 val_loss: 0.7852 val_acc: 0.7620 val_f1: 0.7620
INFO:root:Epoch: 0235 lr: 0.01 train_loss: 0.6249 train_acc: 0.8167 train_f1: 0.8167 time: 0.5680s
INFO:root:Epoch: 0235 val_loss: 0.7824 val_acc: 0.7600 val_f1: 0.7600
INFO:root:Epoch: 0240 lr: 0.01 train_loss: 0.4901 train_acc: 0.9000 train_f1: 0.9000 time: 0.5601s
INFO:root:Epoch: 0240 val_loss: 0.7789 val_acc: 0.7640 val_f1: 0.7640
INFO:root:Epoch: 0245 lr: 0.01 train_loss: 0.6899 train_acc: 0.7167 train_f1: 0.7167 time: 0.5627s
INFO:root:Epoch: 0245 val_loss: 0.7788 val_acc: 0.7660 val_f1: 0.7660
INFO:root:Epoch: 0250 lr: 0.01 train_loss: 0.7015 train_acc: 0.7167 train_f1: 0.7167 time: 0.5574s
INFO:root:Epoch: 0250 val_loss: 0.7793 val_acc: 0.7680 val_f1: 0.7680
INFO:root:Epoch: 0255 lr: 0.01 train_loss: 0.6564 train_acc: 0.7167 train_f1: 0.7167 time: 0.5650s
INFO:root:Epoch: 0255 val_loss: 0.7813 val_acc: 0.7720 val_f1: 0.7720
INFO:root:Epoch: 0260 lr: 0.01 train_loss: 0.7061 train_acc: 0.7000 train_f1: 0.7000 time: 0.5686s
INFO:root:Epoch: 0260 val_loss: 0.7809 val_acc: 0.7720 val_f1: 0.7720
INFO:root:Epoch: 0265 lr: 0.01 train_loss: 0.6249 train_acc: 0.7333 train_f1: 0.7333 time: 0.5695s
INFO:root:Epoch: 0265 val_loss: 0.7796 val_acc: 0.7720 val_f1: 0.7720
INFO:root:Epoch: 0270 lr: 0.01 train_loss: 0.6908 train_acc: 0.7667 train_f1: 0.7667 time: 0.5478s
INFO:root:Epoch: 0270 val_loss: 0.7743 val_acc: 0.7700 val_f1: 0.7700
INFO:root:Epoch: 0275 lr: 0.01 train_loss: 0.6557 train_acc: 0.7333 train_f1: 0.7333 time: 0.5575s
INFO:root:Epoch: 0275 val_loss: 0.7707 val_acc: 0.7660 val_f1: 0.7660
INFO:root:Epoch: 0280 lr: 0.01 train_loss: 0.6790 train_acc: 0.7167 train_f1: 0.7167 time: 0.5477s
INFO:root:Epoch: 0280 val_loss: 0.7674 val_acc: 0.7640 val_f1: 0.7640
INFO:root:Epoch: 0285 lr: 0.01 train_loss: 0.5630 train_acc: 0.7833 train_f1: 0.7833 time: 0.5436s
INFO:root:Epoch: 0285 val_loss: 0.7640 val_acc: 0.7640 val_f1: 0.7640
INFO:root:Epoch: 0290 lr: 0.01 train_loss: 0.6146 train_acc: 0.7833 train_f1: 0.7833 time: 0.5403s
INFO:root:Epoch: 0290 val_loss: 0.7617 val_acc: 0.7600 val_f1: 0.7600
INFO:root:Epoch: 0295 lr: 0.01 train_loss: 0.6806 train_acc: 0.6833 train_f1: 0.6833 time: 0.5494s
INFO:root:Epoch: 0295 val_loss: 0.7616 val_acc: 0.7620 val_f1: 0.7620
INFO:root:Epoch: 0300 lr: 0.01 train_loss: 0.5822 train_acc: 0.8000 train_f1: 0.8000 time: 0.5448s
INFO:root:Epoch: 0300 val_loss: 0.7662 val_acc: 0.7660 val_f1: 0.7660
INFO:root:Epoch: 0305 lr: 0.01 train_loss: 0.6219 train_acc: 0.8000 train_f1: 0.8000 time: 0.5512s
INFO:root:Epoch: 0305 val_loss: 0.7681 val_acc: 0.7720 val_f1: 0.7720
INFO:root:Epoch: 0310 lr: 0.01 train_loss: 0.6597 train_acc: 0.7500 train_f1: 0.7500 time: 0.5503s
INFO:root:Epoch: 0310 val_loss: 0.7667 val_acc: 0.7640 val_f1: 0.7640
INFO:root:Epoch: 0315 lr: 0.01 train_loss: 0.7078 train_acc: 0.7500 train_f1: 0.7500 time: 0.5635s
INFO:root:Epoch: 0315 val_loss: 0.7640 val_acc: 0.7640 val_f1: 0.7640
INFO:root:Epoch: 0320 lr: 0.01 train_loss: 0.5978 train_acc: 0.7333 train_f1: 0.7333 time: 0.5486s
INFO:root:Epoch: 0320 val_loss: 0.7630 val_acc: 0.7580 val_f1: 0.7580
INFO:root:Epoch: 0325 lr: 0.01 train_loss: 0.6493 train_acc: 0.7167 train_f1: 0.7167 time: 0.5561s
INFO:root:Epoch: 0325 val_loss: 0.7617 val_acc: 0.7440 val_f1: 0.7440
INFO:root:Epoch: 0330 lr: 0.01 train_loss: 0.6036 train_acc: 0.7500 train_f1: 0.7500 time: 0.5591s
INFO:root:Epoch: 0330 val_loss: 0.7610 val_acc: 0.7500 val_f1: 0.7500
INFO:root:Epoch: 0335 lr: 0.01 train_loss: 0.5620 train_acc: 0.7167 train_f1: 0.7167 time: 0.5559s
INFO:root:Epoch: 0335 val_loss: 0.7608 val_acc: 0.7560 val_f1: 0.7560
INFO:root:Epoch: 0340 lr: 0.01 train_loss: 0.6172 train_acc: 0.7000 train_f1: 0.7000 time: 0.5416s
INFO:root:Epoch: 0340 val_loss: 0.7602 val_acc: 0.7560 val_f1: 0.7560
INFO:root:Epoch: 0345 lr: 0.01 train_loss: 0.6283 train_acc: 0.7500 train_f1: 0.7500 time: 0.5523s
INFO:root:Epoch: 0345 val_loss: 0.7583 val_acc: 0.7640 val_f1: 0.7640
INFO:root:Epoch: 0350 lr: 0.01 train_loss: 0.6004 train_acc: 0.7167 train_f1: 0.7167 time: 0.5487s
INFO:root:Epoch: 0350 val_loss: 0.7557 val_acc: 0.7580 val_f1: 0.7580
INFO:root:Epoch: 0355 lr: 0.01 train_loss: 0.6045 train_acc: 0.7833 train_f1: 0.7833 time: 0.5655s
INFO:root:Epoch: 0355 val_loss: 0.7534 val_acc: 0.7580 val_f1: 0.7580
INFO:root:Epoch: 0360 lr: 0.01 train_loss: 0.5791 train_acc: 0.8000 train_f1: 0.8000 time: 0.5602s
INFO:root:Epoch: 0360 val_loss: 0.7513 val_acc: 0.7560 val_f1: 0.7560
INFO:root:Epoch: 0365 lr: 0.01 train_loss: 0.5284 train_acc: 0.7500 train_f1: 0.7500 time: 0.5513s
INFO:root:Epoch: 0365 val_loss: 0.7481 val_acc: 0.7640 val_f1: 0.7640
INFO:root:Early stopping
INFO:root:Optimization Finished!
INFO:root:Total time elapsed: 366.4679s
INFO:root:Val set results: val_loss: 0.7774 val_acc: 0.7760 val_f1: 0.7760
INFO:root:Test set results: test_loss: 0.7759 test_acc: 0.7690 test_f1: 0.7690
