INFO:root:Using: cpu
INFO:root:Using seed 1234.
INFO:root:Num classes: 3
INFO:root:NCModel(
  (encoder): HypGCN(
    (layers): Sequential(
      (0): HyperbolicGraphConvolution(
        (linear): HypLinear(in_features=500, out_features=4, c=tensor([1.]))
        (agg): HypAgg(c=tensor([1.]), use_att=0)
        (hyp_act): HypAct(c_in=tensor([1.]), c_out=tensor([1.]))
      )
    )
  )
  (decoder): LinearDecoder(
    in_features=4, out_features=3, bias=0, c=tensor([1.])
    (cls): Linear(
      (linear): Linear(in_features=4, out_features=3, bias=False)
    )
  )
)
INFO:root:Total number of parameters: 2016
INFO:root:Epoch: 0005 lr: 0.01 train_loss: 1.0976 train_acc: 0.4000 train_f1: 0.4000 time: 0.2203s
INFO:root:Epoch: 0005 val_loss: 1.0979 val_acc: 0.4800 val_f1: 0.4800
INFO:root:Epoch: 0010 lr: 0.01 train_loss: 1.0961 train_acc: 0.3333 train_f1: 0.3333 time: 0.2155s
INFO:root:Epoch: 0010 val_loss: 1.0964 val_acc: 0.5200 val_f1: 0.5200
INFO:root:Epoch: 0015 lr: 0.01 train_loss: 1.0931 train_acc: 0.4333 train_f1: 0.4333 time: 0.2199s
INFO:root:Epoch: 0015 val_loss: 1.0938 val_acc: 0.5400 val_f1: 0.5400
INFO:root:Epoch: 0020 lr: 0.01 train_loss: 1.0895 train_acc: 0.5000 train_f1: 0.5000 time: 0.2408s
INFO:root:Epoch: 0020 val_loss: 1.0901 val_acc: 0.5360 val_f1: 0.5360
INFO:root:Epoch: 0025 lr: 0.01 train_loss: 1.0839 train_acc: 0.4833 train_f1: 0.4833 time: 0.2260s
INFO:root:Epoch: 0025 val_loss: 1.0851 val_acc: 0.5400 val_f1: 0.5400
INFO:root:Epoch: 0030 lr: 0.01 train_loss: 1.0701 train_acc: 0.6000 train_f1: 0.6000 time: 0.2223s
INFO:root:Epoch: 0030 val_loss: 1.0793 val_acc: 0.5380 val_f1: 0.5380
INFO:root:Epoch: 0035 lr: 0.01 train_loss: 1.0542 train_acc: 0.5500 train_f1: 0.5500 time: 0.2158s
INFO:root:Epoch: 0035 val_loss: 1.0710 val_acc: 0.5400 val_f1: 0.5400
INFO:root:Epoch: 0040 lr: 0.01 train_loss: 1.0398 train_acc: 0.6000 train_f1: 0.6000 time: 0.2233s
INFO:root:Epoch: 0040 val_loss: 1.0593 val_acc: 0.5380 val_f1: 0.5380
INFO:root:Epoch: 0045 lr: 0.01 train_loss: 1.0436 train_acc: 0.5000 train_f1: 0.5000 time: 0.2141s
INFO:root:Epoch: 0045 val_loss: 1.0487 val_acc: 0.5400 val_f1: 0.5400
INFO:root:Epoch: 0050 lr: 0.01 train_loss: 1.0060 train_acc: 0.5667 train_f1: 0.5667 time: 0.2166s
INFO:root:Epoch: 0050 val_loss: 1.0364 val_acc: 0.5400 val_f1: 0.5400
INFO:root:Epoch: 0055 lr: 0.01 train_loss: 0.9618 train_acc: 0.6500 train_f1: 0.6500 time: 0.2171s
INFO:root:Epoch: 0055 val_loss: 1.0225 val_acc: 0.5420 val_f1: 0.5420
INFO:root:Epoch: 0060 lr: 0.01 train_loss: 0.9627 train_acc: 0.5667 train_f1: 0.5667 time: 0.2216s
INFO:root:Epoch: 0060 val_loss: 1.0101 val_acc: 0.5400 val_f1: 0.5400
INFO:root:Epoch: 0065 lr: 0.01 train_loss: 0.9587 train_acc: 0.5500 train_f1: 0.5500 time: 0.2187s
INFO:root:Epoch: 0065 val_loss: 0.9972 val_acc: 0.5380 val_f1: 0.5380
INFO:root:Epoch: 0070 lr: 0.01 train_loss: 0.9081 train_acc: 0.6000 train_f1: 0.6000 time: 0.2180s
INFO:root:Epoch: 0070 val_loss: 0.9819 val_acc: 0.5400 val_f1: 0.5400
INFO:root:Epoch: 0075 lr: 0.01 train_loss: 0.9159 train_acc: 0.5333 train_f1: 0.5333 time: 0.2165s
INFO:root:Epoch: 0075 val_loss: 0.9667 val_acc: 0.5400 val_f1: 0.5400
INFO:root:Epoch: 0080 lr: 0.01 train_loss: 0.8649 train_acc: 0.6500 train_f1: 0.6500 time: 0.2188s
INFO:root:Epoch: 0080 val_loss: 0.9513 val_acc: 0.5620 val_f1: 0.5620
INFO:root:Epoch: 0085 lr: 0.01 train_loss: 0.8749 train_acc: 0.5333 train_f1: 0.5333 time: 0.2189s
INFO:root:Epoch: 0085 val_loss: 0.9400 val_acc: 0.5860 val_f1: 0.5860
INFO:root:Epoch: 0090 lr: 0.01 train_loss: 0.8349 train_acc: 0.6167 train_f1: 0.6167 time: 0.2222s
INFO:root:Epoch: 0090 val_loss: 0.9316 val_acc: 0.6040 val_f1: 0.6040
INFO:root:Epoch: 0095 lr: 0.01 train_loss: 0.8081 train_acc: 0.7167 train_f1: 0.7167 time: 0.2146s
INFO:root:Epoch: 0095 val_loss: 0.9217 val_acc: 0.6240 val_f1: 0.6240
INFO:root:Epoch: 0100 lr: 0.01 train_loss: 0.8080 train_acc: 0.6667 train_f1: 0.6667 time: 0.2167s
INFO:root:Epoch: 0100 val_loss: 0.9090 val_acc: 0.6500 val_f1: 0.6500
INFO:root:Epoch: 0105 lr: 0.01 train_loss: 0.7368 train_acc: 0.7000 train_f1: 0.7000 time: 0.2161s
INFO:root:Epoch: 0105 val_loss: 0.8975 val_acc: 0.6660 val_f1: 0.6660
INFO:root:Epoch: 0110 lr: 0.01 train_loss: 0.7894 train_acc: 0.5667 train_f1: 0.5667 time: 0.2162s
INFO:root:Epoch: 0110 val_loss: 0.8843 val_acc: 0.7140 val_f1: 0.7140
INFO:root:Epoch: 0115 lr: 0.01 train_loss: 0.7250 train_acc: 0.7667 train_f1: 0.7667 time: 0.2181s
INFO:root:Epoch: 0115 val_loss: 0.8713 val_acc: 0.7400 val_f1: 0.7400
INFO:root:Epoch: 0120 lr: 0.01 train_loss: 0.7355 train_acc: 0.6833 train_f1: 0.6833 time: 0.2286s
INFO:root:Epoch: 0120 val_loss: 0.8592 val_acc: 0.7360 val_f1: 0.7360
INFO:root:Epoch: 0125 lr: 0.01 train_loss: 0.6572 train_acc: 0.7500 train_f1: 0.7500 time: 0.2156s
INFO:root:Epoch: 0125 val_loss: 0.8474 val_acc: 0.7480 val_f1: 0.7480
INFO:root:Epoch: 0130 lr: 0.01 train_loss: 0.6672 train_acc: 0.7333 train_f1: 0.7333 time: 0.2147s
INFO:root:Epoch: 0130 val_loss: 0.8324 val_acc: 0.7540 val_f1: 0.7540
INFO:root:Epoch: 0135 lr: 0.01 train_loss: 0.6555 train_acc: 0.7667 train_f1: 0.7667 time: 0.2129s
INFO:root:Epoch: 0135 val_loss: 0.8168 val_acc: 0.7560 val_f1: 0.7560
INFO:root:Epoch: 0140 lr: 0.01 train_loss: 0.7079 train_acc: 0.6333 train_f1: 0.6333 time: 0.2152s
INFO:root:Epoch: 0140 val_loss: 0.8016 val_acc: 0.7640 val_f1: 0.7640
INFO:root:Epoch: 0145 lr: 0.01 train_loss: 0.6373 train_acc: 0.7167 train_f1: 0.7167 time: 0.2215s
INFO:root:Epoch: 0145 val_loss: 0.7886 val_acc: 0.7720 val_f1: 0.7720
INFO:root:Epoch: 0150 lr: 0.01 train_loss: 0.5204 train_acc: 0.8833 train_f1: 0.8833 time: 0.2181s
INFO:root:Epoch: 0150 val_loss: 0.7778 val_acc: 0.7760 val_f1: 0.7760
INFO:root:Epoch: 0155 lr: 0.01 train_loss: 0.6112 train_acc: 0.7667 train_f1: 0.7667 time: 0.2169s
INFO:root:Epoch: 0155 val_loss: 0.7694 val_acc: 0.7740 val_f1: 0.7740
INFO:root:Epoch: 0160 lr: 0.01 train_loss: 0.5278 train_acc: 0.8667 train_f1: 0.8667 time: 0.2173s
INFO:root:Epoch: 0160 val_loss: 0.7662 val_acc: 0.7760 val_f1: 0.7760
INFO:root:Epoch: 0165 lr: 0.01 train_loss: 0.5988 train_acc: 0.7333 train_f1: 0.7333 time: 0.2165s
INFO:root:Epoch: 0165 val_loss: 0.7649 val_acc: 0.7760 val_f1: 0.7760
INFO:root:Epoch: 0170 lr: 0.01 train_loss: 0.5741 train_acc: 0.7000 train_f1: 0.7000 time: 0.2237s
INFO:root:Epoch: 0170 val_loss: 0.7583 val_acc: 0.7720 val_f1: 0.7720
INFO:root:Epoch: 0175 lr: 0.01 train_loss: 0.5093 train_acc: 0.8333 train_f1: 0.8333 time: 0.2173s
INFO:root:Epoch: 0175 val_loss: 0.7522 val_acc: 0.7720 val_f1: 0.7720
INFO:root:Epoch: 0180 lr: 0.01 train_loss: 0.5900 train_acc: 0.7333 train_f1: 0.7333 time: 0.2140s
INFO:root:Epoch: 0180 val_loss: 0.7453 val_acc: 0.7720 val_f1: 0.7720
INFO:root:Epoch: 0185 lr: 0.01 train_loss: 0.4943 train_acc: 0.8000 train_f1: 0.8000 time: 0.2167s
INFO:root:Epoch: 0185 val_loss: 0.7357 val_acc: 0.7840 val_f1: 0.7840
INFO:root:Epoch: 0190 lr: 0.01 train_loss: 0.5796 train_acc: 0.7000 train_f1: 0.7000 time: 0.2333s
INFO:root:Epoch: 0190 val_loss: 0.7291 val_acc: 0.7800 val_f1: 0.7800
INFO:root:Epoch: 0195 lr: 0.01 train_loss: 0.5482 train_acc: 0.8000 train_f1: 0.8000 time: 0.2176s
INFO:root:Epoch: 0195 val_loss: 0.7251 val_acc: 0.7820 val_f1: 0.7820
INFO:root:Epoch: 0200 lr: 0.01 train_loss: 0.5471 train_acc: 0.7167 train_f1: 0.7167 time: 0.2297s
INFO:root:Epoch: 0200 val_loss: 0.7208 val_acc: 0.7700 val_f1: 0.7700
INFO:root:Epoch: 0205 lr: 0.01 train_loss: 0.4721 train_acc: 0.8500 train_f1: 0.8500 time: 0.2243s
INFO:root:Epoch: 0205 val_loss: 0.7142 val_acc: 0.7840 val_f1: 0.7840
INFO:root:Epoch: 0210 lr: 0.01 train_loss: 0.5852 train_acc: 0.7000 train_f1: 0.7000 time: 0.2179s
INFO:root:Epoch: 0210 val_loss: 0.7094 val_acc: 0.7840 val_f1: 0.7840
INFO:root:Epoch: 0215 lr: 0.01 train_loss: 0.5058 train_acc: 0.7833 train_f1: 0.7833 time: 0.2180s
INFO:root:Epoch: 0215 val_loss: 0.7077 val_acc: 0.7820 val_f1: 0.7820
INFO:root:Epoch: 0220 lr: 0.01 train_loss: 0.4854 train_acc: 0.7833 train_f1: 0.7833 time: 0.2183s
INFO:root:Epoch: 0220 val_loss: 0.7067 val_acc: 0.7820 val_f1: 0.7820
INFO:root:Epoch: 0225 lr: 0.01 train_loss: 0.4076 train_acc: 0.8000 train_f1: 0.8000 time: 0.2141s
INFO:root:Epoch: 0225 val_loss: 0.7035 val_acc: 0.7740 val_f1: 0.7740
INFO:root:Epoch: 0230 lr: 0.01 train_loss: 0.5323 train_acc: 0.7000 train_f1: 0.7000 time: 0.2188s
INFO:root:Epoch: 0230 val_loss: 0.7014 val_acc: 0.7720 val_f1: 0.7720
INFO:root:Epoch: 0235 lr: 0.01 train_loss: 0.4916 train_acc: 0.7667 train_f1: 0.7667 time: 0.2180s
INFO:root:Epoch: 0235 val_loss: 0.6941 val_acc: 0.7740 val_f1: 0.7740
INFO:root:Epoch: 0240 lr: 0.01 train_loss: 0.4920 train_acc: 0.8000 train_f1: 0.8000 time: 0.2182s
INFO:root:Epoch: 0240 val_loss: 0.6884 val_acc: 0.7760 val_f1: 0.7760
INFO:root:Epoch: 0245 lr: 0.01 train_loss: 0.4622 train_acc: 0.8167 train_f1: 0.8167 time: 0.2213s
INFO:root:Epoch: 0245 val_loss: 0.6840 val_acc: 0.7760 val_f1: 0.7760
INFO:root:Epoch: 0250 lr: 0.01 train_loss: 0.5314 train_acc: 0.8167 train_f1: 0.8167 time: 0.2191s
INFO:root:Epoch: 0250 val_loss: 0.6806 val_acc: 0.7840 val_f1: 0.7840
INFO:root:Epoch: 0255 lr: 0.01 train_loss: 0.4887 train_acc: 0.8333 train_f1: 0.8333 time: 0.2160s
INFO:root:Epoch: 0255 val_loss: 0.6833 val_acc: 0.7800 val_f1: 0.7800
INFO:root:Epoch: 0260 lr: 0.01 train_loss: 0.4267 train_acc: 0.8500 train_f1: 0.8500 time: 0.2294s
INFO:root:Epoch: 0260 val_loss: 0.6862 val_acc: 0.7800 val_f1: 0.7800
INFO:root:Epoch: 0265 lr: 0.01 train_loss: 0.4514 train_acc: 0.7667 train_f1: 0.7667 time: 0.2159s
INFO:root:Epoch: 0265 val_loss: 0.6852 val_acc: 0.7800 val_f1: 0.7800
INFO:root:Epoch: 0270 lr: 0.01 train_loss: 0.4704 train_acc: 0.7667 train_f1: 0.7667 time: 0.2159s
INFO:root:Epoch: 0270 val_loss: 0.6848 val_acc: 0.7700 val_f1: 0.7700
INFO:root:Epoch: 0275 lr: 0.01 train_loss: 0.4960 train_acc: 0.8000 train_f1: 0.8000 time: 0.2174s
INFO:root:Epoch: 0275 val_loss: 0.6826 val_acc: 0.7780 val_f1: 0.7780
INFO:root:Epoch: 0280 lr: 0.01 train_loss: 0.4500 train_acc: 0.8333 train_f1: 0.8333 time: 0.2168s
INFO:root:Epoch: 0280 val_loss: 0.6850 val_acc: 0.7780 val_f1: 0.7780
INFO:root:Epoch: 0285 lr: 0.01 train_loss: 0.5411 train_acc: 0.7333 train_f1: 0.7333 time: 0.2171s
INFO:root:Epoch: 0285 val_loss: 0.6825 val_acc: 0.7780 val_f1: 0.7780
INFO:root:Early stopping
INFO:root:Optimization Finished!
INFO:root:Total time elapsed: 118.2291s
INFO:root:Val set results: val_loss: 0.7325 val_acc: 0.7860 val_f1: 0.7860
INFO:root:Test set results: test_loss: 0.7412 test_acc: 0.7600 test_f1: 0.7600
