INFO:root:Using: cpu
INFO:root:Using seed 1234.
INFO:root:Num classes: 3
INFO:root:NCModel(
  (encoder): HypGCN(
    (layers): Sequential(
      (0): HyperbolicGraphConvolution(
        (linear): HypLinear(in_features=500, out_features=16, c=tensor([1.]))
        (agg): HypAgg(c=tensor([1.]), use_att=0)
        (hyp_act): HypAct(c_in=tensor([1.]), c_out=tensor([1.]))
      )
    )
  )
  (decoder): LinearDecoder(
    in_features=16, out_features=3, bias=0, c=tensor([1.])
    (cls): Linear(
      (linear): Linear(in_features=16, out_features=3, bias=False)
    )
  )
)
INFO:root:Total number of parameters: 8064
INFO:root:Epoch: 0005 lr: 0.01 train_loss: 1.0966 train_acc: 0.4500 train_f1: 0.4500 time: 0.3548s
INFO:root:Epoch: 0005 val_loss: 1.0972 val_acc: 0.5040 val_f1: 0.5040
INFO:root:Epoch: 0010 lr: 0.01 train_loss: 1.0950 train_acc: 0.5000 train_f1: 0.5000 time: 0.3563s
INFO:root:Epoch: 0010 val_loss: 1.0950 val_acc: 0.5340 val_f1: 0.5340
INFO:root:Epoch: 0015 lr: 0.01 train_loss: 1.0885 train_acc: 0.6333 train_f1: 0.6333 time: 0.3574s
INFO:root:Epoch: 0015 val_loss: 1.0917 val_acc: 0.6360 val_f1: 0.6360
INFO:root:Epoch: 0020 lr: 0.01 train_loss: 1.0781 train_acc: 0.6333 train_f1: 0.6333 time: 0.3611s
INFO:root:Epoch: 0020 val_loss: 1.0864 val_acc: 0.6460 val_f1: 0.6460
INFO:root:Epoch: 0025 lr: 0.01 train_loss: 1.0612 train_acc: 0.6000 train_f1: 0.6000 time: 0.3715s
INFO:root:Epoch: 0025 val_loss: 1.0791 val_acc: 0.5980 val_f1: 0.5980
INFO:root:Epoch: 0030 lr: 0.01 train_loss: 1.0445 train_acc: 0.7167 train_f1: 0.7167 time: 0.3452s
INFO:root:Epoch: 0030 val_loss: 1.0705 val_acc: 0.6000 val_f1: 0.6000
INFO:root:Epoch: 0035 lr: 0.01 train_loss: 1.0180 train_acc: 0.7000 train_f1: 0.7000 time: 0.3675s
INFO:root:Epoch: 0035 val_loss: 1.0604 val_acc: 0.6360 val_f1: 0.6360
INFO:root:Epoch: 0040 lr: 0.01 train_loss: 1.0384 train_acc: 0.6500 train_f1: 0.6500 time: 0.3639s
INFO:root:Epoch: 0040 val_loss: 1.0484 val_acc: 0.6820 val_f1: 0.6820
INFO:root:Epoch: 0045 lr: 0.01 train_loss: 1.0115 train_acc: 0.5833 train_f1: 0.5833 time: 0.3720s
INFO:root:Epoch: 0045 val_loss: 1.0341 val_acc: 0.6900 val_f1: 0.6900
INFO:root:Epoch: 0050 lr: 0.01 train_loss: 0.9850 train_acc: 0.6667 train_f1: 0.6667 time: 0.3626s
INFO:root:Epoch: 0050 val_loss: 1.0182 val_acc: 0.6860 val_f1: 0.6860
INFO:root:Epoch: 0055 lr: 0.01 train_loss: 0.9159 train_acc: 0.7167 train_f1: 0.7167 time: 0.3406s
INFO:root:Epoch: 0055 val_loss: 0.9999 val_acc: 0.6980 val_f1: 0.6980
INFO:root:Epoch: 0060 lr: 0.01 train_loss: 0.9184 train_acc: 0.8000 train_f1: 0.8000 time: 0.3609s
INFO:root:Epoch: 0060 val_loss: 0.9807 val_acc: 0.7380 val_f1: 0.7380
INFO:root:Epoch: 0065 lr: 0.01 train_loss: 0.8900 train_acc: 0.7167 train_f1: 0.7167 time: 0.3642s
INFO:root:Epoch: 0065 val_loss: 0.9619 val_acc: 0.7400 val_f1: 0.7400
INFO:root:Epoch: 0070 lr: 0.01 train_loss: 0.8397 train_acc: 0.8000 train_f1: 0.8000 time: 0.3648s
INFO:root:Epoch: 0070 val_loss: 0.9443 val_acc: 0.7440 val_f1: 0.7440
INFO:root:Epoch: 0075 lr: 0.01 train_loss: 0.7921 train_acc: 0.7333 train_f1: 0.7333 time: 0.3729s
INFO:root:Epoch: 0075 val_loss: 0.9262 val_acc: 0.7400 val_f1: 0.7400
INFO:root:Epoch: 0080 lr: 0.01 train_loss: 0.7599 train_acc: 0.7833 train_f1: 0.7833 time: 0.3643s
INFO:root:Epoch: 0080 val_loss: 0.9040 val_acc: 0.7560 val_f1: 0.7560
INFO:root:Epoch: 0085 lr: 0.01 train_loss: 0.7196 train_acc: 0.7333 train_f1: 0.7333 time: 0.3516s
INFO:root:Epoch: 0085 val_loss: 0.8858 val_acc: 0.7580 val_f1: 0.7580
INFO:root:Epoch: 0090 lr: 0.01 train_loss: 0.6821 train_acc: 0.8667 train_f1: 0.8667 time: 0.3668s
INFO:root:Epoch: 0090 val_loss: 0.8684 val_acc: 0.7640 val_f1: 0.7640
INFO:root:Epoch: 0095 lr: 0.01 train_loss: 0.7001 train_acc: 0.8000 train_f1: 0.8000 time: 0.3588s
INFO:root:Epoch: 0095 val_loss: 0.8531 val_acc: 0.7640 val_f1: 0.7640
INFO:root:Epoch: 0100 lr: 0.01 train_loss: 0.6570 train_acc: 0.8167 train_f1: 0.8167 time: 0.3603s
INFO:root:Epoch: 0100 val_loss: 0.8403 val_acc: 0.7620 val_f1: 0.7620
INFO:root:Epoch: 0105 lr: 0.01 train_loss: 0.6564 train_acc: 0.7833 train_f1: 0.7833 time: 0.3707s
INFO:root:Epoch: 0105 val_loss: 0.8228 val_acc: 0.7660 val_f1: 0.7660
INFO:root:Epoch: 0110 lr: 0.01 train_loss: 0.6210 train_acc: 0.7333 train_f1: 0.7333 time: 0.3682s
INFO:root:Epoch: 0110 val_loss: 0.8074 val_acc: 0.7700 val_f1: 0.7700
INFO:root:Epoch: 0115 lr: 0.01 train_loss: 0.5930 train_acc: 0.8000 train_f1: 0.8000 time: 0.3739s
INFO:root:Epoch: 0115 val_loss: 0.7960 val_acc: 0.7620 val_f1: 0.7620
INFO:root:Epoch: 0120 lr: 0.01 train_loss: 0.5733 train_acc: 0.7667 train_f1: 0.7667 time: 0.3616s
INFO:root:Epoch: 0120 val_loss: 0.7851 val_acc: 0.7560 val_f1: 0.7560
INFO:root:Epoch: 0125 lr: 0.01 train_loss: 0.5704 train_acc: 0.8167 train_f1: 0.8167 time: 0.3646s
INFO:root:Epoch: 0125 val_loss: 0.7754 val_acc: 0.7600 val_f1: 0.7600
INFO:root:Epoch: 0130 lr: 0.01 train_loss: 0.5963 train_acc: 0.6667 train_f1: 0.6667 time: 0.3670s
INFO:root:Epoch: 0130 val_loss: 0.7694 val_acc: 0.7520 val_f1: 0.7520
INFO:root:Epoch: 0135 lr: 0.01 train_loss: 0.5841 train_acc: 0.7500 train_f1: 0.7500 time: 0.3717s
INFO:root:Epoch: 0135 val_loss: 0.7650 val_acc: 0.7520 val_f1: 0.7520
INFO:root:Epoch: 0140 lr: 0.01 train_loss: 0.6281 train_acc: 0.7167 train_f1: 0.7167 time: 0.3706s
INFO:root:Epoch: 0140 val_loss: 0.7610 val_acc: 0.7540 val_f1: 0.7540
INFO:root:Epoch: 0145 lr: 0.01 train_loss: 0.6376 train_acc: 0.6833 train_f1: 0.6833 time: 0.3665s
INFO:root:Epoch: 0145 val_loss: 0.7568 val_acc: 0.7540 val_f1: 0.7540
INFO:root:Epoch: 0150 lr: 0.01 train_loss: 0.5697 train_acc: 0.7500 train_f1: 0.7500 time: 0.3758s
INFO:root:Epoch: 0150 val_loss: 0.7488 val_acc: 0.7560 val_f1: 0.7560
INFO:root:Epoch: 0155 lr: 0.01 train_loss: 0.5636 train_acc: 0.7833 train_f1: 0.7833 time: 0.3573s
INFO:root:Epoch: 0155 val_loss: 0.7439 val_acc: 0.7600 val_f1: 0.7600
INFO:root:Epoch: 0160 lr: 0.01 train_loss: 0.5257 train_acc: 0.7667 train_f1: 0.7667 time: 0.3568s
INFO:root:Epoch: 0160 val_loss: 0.7400 val_acc: 0.7640 val_f1: 0.7640
INFO:root:Epoch: 0165 lr: 0.01 train_loss: 0.5286 train_acc: 0.7667 train_f1: 0.7667 time: 0.3649s
INFO:root:Epoch: 0165 val_loss: 0.7366 val_acc: 0.7640 val_f1: 0.7640
INFO:root:Epoch: 0170 lr: 0.01 train_loss: 0.5275 train_acc: 0.8167 train_f1: 0.8167 time: 0.3687s
INFO:root:Epoch: 0170 val_loss: 0.7361 val_acc: 0.7660 val_f1: 0.7660
INFO:root:Epoch: 0175 lr: 0.01 train_loss: 0.4553 train_acc: 0.8167 train_f1: 0.8167 time: 0.3641s
INFO:root:Epoch: 0175 val_loss: 0.7345 val_acc: 0.7660 val_f1: 0.7660
INFO:root:Epoch: 0180 lr: 0.01 train_loss: 0.5511 train_acc: 0.7500 train_f1: 0.7500 time: 0.3630s
INFO:root:Epoch: 0180 val_loss: 0.7290 val_acc: 0.7580 val_f1: 0.7580
INFO:root:Epoch: 0185 lr: 0.01 train_loss: 0.4460 train_acc: 0.7667 train_f1: 0.7667 time: 0.3616s
INFO:root:Epoch: 0185 val_loss: 0.7251 val_acc: 0.7600 val_f1: 0.7600
INFO:root:Epoch: 0190 lr: 0.01 train_loss: 0.4881 train_acc: 0.8667 train_f1: 0.8667 time: 0.3597s
INFO:root:Epoch: 0190 val_loss: 0.7191 val_acc: 0.7600 val_f1: 0.7600
INFO:root:Epoch: 0195 lr: 0.01 train_loss: 0.4647 train_acc: 0.8167 train_f1: 0.8167 time: 0.3585s
INFO:root:Epoch: 0195 val_loss: 0.7153 val_acc: 0.7580 val_f1: 0.7580
INFO:root:Epoch: 0200 lr: 0.01 train_loss: 0.4452 train_acc: 0.8833 train_f1: 0.8833 time: 0.3633s
INFO:root:Epoch: 0200 val_loss: 0.7130 val_acc: 0.7660 val_f1: 0.7660
INFO:root:Epoch: 0205 lr: 0.01 train_loss: 0.4828 train_acc: 0.8500 train_f1: 0.8500 time: 0.3618s
INFO:root:Epoch: 0205 val_loss: 0.7198 val_acc: 0.7600 val_f1: 0.7600
INFO:root:Early stopping
INFO:root:Optimization Finished!
INFO:root:Total time elapsed: 125.8577s
INFO:root:Val set results: val_loss: 0.8194 val_acc: 0.7720 val_f1: 0.7720
INFO:root:Test set results: test_loss: 0.8240 test_acc: 0.7490 test_f1: 0.7490
