INFO:root:Using: cpu
INFO:root:Using seed 1234.
INFO:root:Num classes: 3
INFO:root:NCModel(
  (encoder): HypGCN(
    (layers): Sequential(
      (0): HyperbolicGraphConvolution(
        (linear): HypLinear(in_features=500, out_features=64, c=tensor([1.]))
        (agg): HypAgg(c=tensor([1.]), use_att=0)
        (hyp_act): HypAct(c_in=tensor([1.]), c_out=tensor([1.]))
      )
    )
  )
  (decoder): LinearDecoder(
    in_features=64, out_features=3, bias=0, c=tensor([1.])
    (cls): Linear(
      (linear): Linear(in_features=64, out_features=3, bias=False)
    )
  )
)
INFO:root:Total number of parameters: 32256
INFO:root:Epoch: 0005 lr: 0.01 train_loss: 1.0933 train_acc: 0.6333 train_f1: 0.6333 time: 0.6453s
INFO:root:Epoch: 0005 val_loss: 1.0950 val_acc: 0.5720 val_f1: 0.5720
INFO:root:Epoch: 0010 lr: 0.01 train_loss: 1.0841 train_acc: 0.6500 train_f1: 0.6500 time: 0.6616s
INFO:root:Epoch: 0010 val_loss: 1.0884 val_acc: 0.6260 val_f1: 0.6260
INFO:root:Epoch: 0015 lr: 0.01 train_loss: 1.0687 train_acc: 0.5167 train_f1: 0.5167 time: 0.6447s
INFO:root:Epoch: 0015 val_loss: 1.0753 val_acc: 0.6920 val_f1: 0.6920
INFO:root:Epoch: 0020 lr: 0.01 train_loss: 1.0177 train_acc: 0.7667 train_f1: 0.7667 time: 0.6467s
INFO:root:Epoch: 0020 val_loss: 1.0537 val_acc: 0.6940 val_f1: 0.6940
INFO:root:Epoch: 0025 lr: 0.01 train_loss: 0.9809 train_acc: 0.7000 train_f1: 0.7000 time: 0.6676s
INFO:root:Epoch: 0025 val_loss: 1.0258 val_acc: 0.6860 val_f1: 0.6860
INFO:root:Epoch: 0030 lr: 0.01 train_loss: 0.9089 train_acc: 0.8000 train_f1: 0.8000 time: 0.6446s
INFO:root:Epoch: 0030 val_loss: 0.9894 val_acc: 0.7040 val_f1: 0.7040
INFO:root:Epoch: 0035 lr: 0.01 train_loss: 0.8635 train_acc: 0.6833 train_f1: 0.6833 time: 0.6874s
INFO:root:Epoch: 0035 val_loss: 0.9397 val_acc: 0.7340 val_f1: 0.7340
INFO:root:Epoch: 0040 lr: 0.01 train_loss: 0.7689 train_acc: 0.7167 train_f1: 0.7167 time: 0.6469s
INFO:root:Epoch: 0040 val_loss: 0.8893 val_acc: 0.7660 val_f1: 0.7660
INFO:root:Epoch: 0045 lr: 0.01 train_loss: 0.6911 train_acc: 0.7667 train_f1: 0.7667 time: 0.6598s
INFO:root:Epoch: 0045 val_loss: 0.8451 val_acc: 0.7620 val_f1: 0.7620
INFO:root:Epoch: 0050 lr: 0.01 train_loss: 0.6337 train_acc: 0.7333 train_f1: 0.7333 time: 0.6942s
INFO:root:Epoch: 0050 val_loss: 0.8094 val_acc: 0.7560 val_f1: 0.7560
INFO:root:Epoch: 0055 lr: 0.01 train_loss: 0.5749 train_acc: 0.8167 train_f1: 0.8167 time: 0.6849s
INFO:root:Epoch: 0055 val_loss: 0.7837 val_acc: 0.7500 val_f1: 0.7500
INFO:root:Epoch: 0060 lr: 0.01 train_loss: 0.6617 train_acc: 0.7167 train_f1: 0.7167 time: 0.6775s
INFO:root:Epoch: 0060 val_loss: 0.7561 val_acc: 0.7620 val_f1: 0.7620
INFO:root:Epoch: 0065 lr: 0.01 train_loss: 0.5430 train_acc: 0.7500 train_f1: 0.7500 time: 0.6562s
INFO:root:Epoch: 0065 val_loss: 0.7400 val_acc: 0.7600 val_f1: 0.7600
INFO:root:Epoch: 0070 lr: 0.01 train_loss: 0.5047 train_acc: 0.8500 train_f1: 0.8500 time: 0.7009s
INFO:root:Epoch: 0070 val_loss: 0.7286 val_acc: 0.7560 val_f1: 0.7560
INFO:root:Epoch: 0075 lr: 0.01 train_loss: 0.4895 train_acc: 0.7833 train_f1: 0.7833 time: 0.6586s
INFO:root:Epoch: 0075 val_loss: 0.7140 val_acc: 0.7760 val_f1: 0.7760
INFO:root:Epoch: 0080 lr: 0.01 train_loss: 0.5439 train_acc: 0.7000 train_f1: 0.7000 time: 0.6419s
INFO:root:Epoch: 0080 val_loss: 0.7044 val_acc: 0.7700 val_f1: 0.7700
INFO:root:Epoch: 0085 lr: 0.01 train_loss: 0.3914 train_acc: 0.8833 train_f1: 0.8833 time: 0.6785s
INFO:root:Epoch: 0085 val_loss: 0.6968 val_acc: 0.7740 val_f1: 0.7740
INFO:root:Epoch: 0090 lr: 0.01 train_loss: 0.5165 train_acc: 0.8000 train_f1: 0.8000 time: 0.6751s
INFO:root:Epoch: 0090 val_loss: 0.6939 val_acc: 0.7740 val_f1: 0.7740
INFO:root:Epoch: 0095 lr: 0.01 train_loss: 0.4794 train_acc: 0.7667 train_f1: 0.7667 time: 0.6733s
INFO:root:Epoch: 0095 val_loss: 0.6856 val_acc: 0.7700 val_f1: 0.7700
INFO:root:Epoch: 0100 lr: 0.01 train_loss: 0.3998 train_acc: 0.8000 train_f1: 0.8000 time: 0.6670s
INFO:root:Epoch: 0100 val_loss: 0.6678 val_acc: 0.7740 val_f1: 0.7740
INFO:root:Epoch: 0105 lr: 0.01 train_loss: 0.4219 train_acc: 0.8167 train_f1: 0.8167 time: 0.6791s
INFO:root:Epoch: 0105 val_loss: 0.6610 val_acc: 0.7740 val_f1: 0.7740
INFO:root:Epoch: 0110 lr: 0.01 train_loss: 0.4448 train_acc: 0.8333 train_f1: 0.8333 time: 0.6787s
INFO:root:Epoch: 0110 val_loss: 0.6641 val_acc: 0.7780 val_f1: 0.7780
INFO:root:Epoch: 0115 lr: 0.01 train_loss: 0.4444 train_acc: 0.7833 train_f1: 0.7833 time: 0.6806s
INFO:root:Epoch: 0115 val_loss: 0.6762 val_acc: 0.7700 val_f1: 0.7700
INFO:root:Epoch: 0120 lr: 0.01 train_loss: 0.4016 train_acc: 0.8333 train_f1: 0.8333 time: 0.7146s
INFO:root:Epoch: 0120 val_loss: 0.6771 val_acc: 0.7660 val_f1: 0.7660
INFO:root:Epoch: 0125 lr: 0.01 train_loss: 0.5224 train_acc: 0.6833 train_f1: 0.6833 time: 0.6806s
INFO:root:Epoch: 0125 val_loss: 0.6665 val_acc: 0.7660 val_f1: 0.7660
INFO:root:Epoch: 0130 lr: 0.01 train_loss: 0.4379 train_acc: 0.8167 train_f1: 0.8167 time: 0.6736s
INFO:root:Epoch: 0130 val_loss: 0.6630 val_acc: 0.7680 val_f1: 0.7680
INFO:root:Epoch: 0135 lr: 0.01 train_loss: 0.5133 train_acc: 0.7167 train_f1: 0.7167 time: 0.6664s
INFO:root:Epoch: 0135 val_loss: 0.6597 val_acc: 0.7700 val_f1: 0.7700
INFO:root:Epoch: 0140 lr: 0.01 train_loss: 0.4241 train_acc: 0.7833 train_f1: 0.7833 time: 0.6679s
INFO:root:Epoch: 0140 val_loss: 0.6593 val_acc: 0.7600 val_f1: 0.7600
INFO:root:Epoch: 0145 lr: 0.01 train_loss: 0.3816 train_acc: 0.8333 train_f1: 0.8333 time: 0.6755s
INFO:root:Epoch: 0145 val_loss: 0.6518 val_acc: 0.7680 val_f1: 0.7680
INFO:root:Epoch: 0150 lr: 0.01 train_loss: 0.4353 train_acc: 0.7833 train_f1: 0.7833 time: 0.6770s
INFO:root:Epoch: 0150 val_loss: 0.6552 val_acc: 0.7740 val_f1: 0.7740
INFO:root:Epoch: 0155 lr: 0.01 train_loss: 0.4559 train_acc: 0.7667 train_f1: 0.7667 time: 0.7080s
INFO:root:Epoch: 0155 val_loss: 0.6616 val_acc: 0.7720 val_f1: 0.7720
INFO:root:Epoch: 0160 lr: 0.01 train_loss: 0.4508 train_acc: 0.8167 train_f1: 0.8167 time: 0.6719s
INFO:root:Epoch: 0160 val_loss: 0.6592 val_acc: 0.7660 val_f1: 0.7660
INFO:root:Epoch: 0165 lr: 0.01 train_loss: 0.3648 train_acc: 0.8667 train_f1: 0.8667 time: 0.6756s
INFO:root:Epoch: 0165 val_loss: 0.6528 val_acc: 0.7680 val_f1: 0.7680
INFO:root:Epoch: 0170 lr: 0.01 train_loss: 0.5444 train_acc: 0.7500 train_f1: 0.7500 time: 0.6823s
INFO:root:Epoch: 0170 val_loss: 0.6554 val_acc: 0.7640 val_f1: 0.7640
INFO:root:Early stopping
INFO:root:Optimization Finished!
INFO:root:Total time elapsed: 177.7522s
INFO:root:Val set results: val_loss: 0.7164 val_acc: 0.7780 val_f1: 0.7780
INFO:root:Test set results: test_loss: 0.7292 test_acc: 0.7550 test_f1: 0.7550
