INFO:root:Using: cpu
INFO:root:Using seed 1234.
INFO:root:Num classes: 3
INFO:root:NCModel(
  (encoder): HypGCN(
    (layers): Sequential(
      (0): HyperbolicGraphConvolution(
        (linear): HypLinear(in_features=500, out_features=32, c=tensor([1.]))
        (agg): HypAgg(c=tensor([1.]), use_att=0)
        (hyp_act): HypAct(c_in=tensor([1.]), c_out=tensor([1.]))
      )
    )
  )
  (decoder): LinearDecoder(
    in_features=32, out_features=3, bias=0, c=tensor([1.])
    (cls): Linear(
      (linear): Linear(in_features=32, out_features=3, bias=False)
    )
  )
)
INFO:root:Total number of parameters: 16128
INFO:root:Epoch: 0005 lr: 0.01 train_loss: 1.0960 train_acc: 0.5667 train_f1: 0.5667 time: 0.5995s
INFO:root:Epoch: 0005 val_loss: 1.0971 val_acc: 0.6220 val_f1: 0.6220
INFO:root:Epoch: 0010 lr: 0.01 train_loss: 1.0911 train_acc: 0.6333 train_f1: 0.6333 time: 0.6024s
INFO:root:Epoch: 0010 val_loss: 1.0941 val_acc: 0.7220 val_f1: 0.7220
INFO:root:Epoch: 0015 lr: 0.01 train_loss: 1.0799 train_acc: 0.7667 train_f1: 0.7667 time: 0.6060s
INFO:root:Epoch: 0015 val_loss: 1.0888 val_acc: 0.7440 val_f1: 0.7440
INFO:root:Epoch: 0020 lr: 0.01 train_loss: 1.0638 train_acc: 0.7333 train_f1: 0.7333 time: 0.5727s
INFO:root:Epoch: 0020 val_loss: 1.0806 val_acc: 0.7320 val_f1: 0.7320
INFO:root:Epoch: 0025 lr: 0.01 train_loss: 1.0436 train_acc: 0.6333 train_f1: 0.6333 time: 0.5946s
INFO:root:Epoch: 0025 val_loss: 1.0701 val_acc: 0.7120 val_f1: 0.7120
INFO:root:Epoch: 0030 lr: 0.01 train_loss: 1.0055 train_acc: 0.8167 train_f1: 0.8167 time: 0.6081s
INFO:root:Epoch: 0030 val_loss: 1.0556 val_acc: 0.7120 val_f1: 0.7120
INFO:root:Epoch: 0035 lr: 0.01 train_loss: 0.9630 train_acc: 0.8167 train_f1: 0.8167 time: 0.6182s
INFO:root:Epoch: 0035 val_loss: 1.0373 val_acc: 0.7040 val_f1: 0.7040
INFO:root:Epoch: 0040 lr: 0.01 train_loss: 0.9327 train_acc: 0.6833 train_f1: 0.6833 time: 0.6295s
INFO:root:Epoch: 0040 val_loss: 1.0147 val_acc: 0.7020 val_f1: 0.7020
INFO:root:Epoch: 0045 lr: 0.01 train_loss: 0.8726 train_acc: 0.7500 train_f1: 0.7500 time: 0.6010s
INFO:root:Epoch: 0045 val_loss: 0.9883 val_acc: 0.7160 val_f1: 0.7160
INFO:root:Epoch: 0050 lr: 0.01 train_loss: 0.8484 train_acc: 0.7833 train_f1: 0.7833 time: 0.5982s
INFO:root:Epoch: 0050 val_loss: 0.9587 val_acc: 0.7320 val_f1: 0.7320
INFO:root:Epoch: 0055 lr: 0.01 train_loss: 0.8544 train_acc: 0.6500 train_f1: 0.6500 time: 0.5954s
INFO:root:Epoch: 0055 val_loss: 0.9284 val_acc: 0.7380 val_f1: 0.7380
INFO:root:Epoch: 0060 lr: 0.01 train_loss: 0.7445 train_acc: 0.7833 train_f1: 0.7833 time: 0.6013s
INFO:root:Epoch: 0060 val_loss: 0.9039 val_acc: 0.7400 val_f1: 0.7400
INFO:root:Epoch: 0065 lr: 0.01 train_loss: 0.7092 train_acc: 0.7333 train_f1: 0.7333 time: 0.5749s
INFO:root:Epoch: 0065 val_loss: 0.8849 val_acc: 0.7420 val_f1: 0.7420
INFO:root:Epoch: 0070 lr: 0.01 train_loss: 0.7192 train_acc: 0.7333 train_f1: 0.7333 time: 0.6040s
INFO:root:Epoch: 0070 val_loss: 0.8627 val_acc: 0.7440 val_f1: 0.7440
INFO:root:Epoch: 0075 lr: 0.01 train_loss: 0.6765 train_acc: 0.7667 train_f1: 0.7667 time: 0.5965s
INFO:root:Epoch: 0075 val_loss: 0.8364 val_acc: 0.7560 val_f1: 0.7560
INFO:root:Epoch: 0080 lr: 0.01 train_loss: 0.6887 train_acc: 0.7833 train_f1: 0.7833 time: 0.5959s
INFO:root:Epoch: 0080 val_loss: 0.8190 val_acc: 0.7520 val_f1: 0.7520
INFO:root:Epoch: 0085 lr: 0.01 train_loss: 0.6279 train_acc: 0.7500 train_f1: 0.7500 time: 0.6186s
INFO:root:Epoch: 0085 val_loss: 0.8015 val_acc: 0.7580 val_f1: 0.7580
INFO:root:Epoch: 0090 lr: 0.01 train_loss: 0.5964 train_acc: 0.8000 train_f1: 0.8000 time: 0.6325s
INFO:root:Epoch: 0090 val_loss: 0.7846 val_acc: 0.7660 val_f1: 0.7660
INFO:root:Epoch: 0095 lr: 0.01 train_loss: 0.5041 train_acc: 0.8333 train_f1: 0.8333 time: 0.6018s
INFO:root:Epoch: 0095 val_loss: 0.7739 val_acc: 0.7620 val_f1: 0.7620
INFO:root:Epoch: 0100 lr: 0.01 train_loss: 0.5203 train_acc: 0.8333 train_f1: 0.8333 time: 0.6121s
INFO:root:Epoch: 0100 val_loss: 0.7670 val_acc: 0.7560 val_f1: 0.7560
INFO:root:Epoch: 0105 lr: 0.01 train_loss: 0.5917 train_acc: 0.7500 train_f1: 0.7500 time: 0.6143s
INFO:root:Epoch: 0105 val_loss: 0.7624 val_acc: 0.7520 val_f1: 0.7520
INFO:root:Epoch: 0110 lr: 0.01 train_loss: 0.5901 train_acc: 0.6667 train_f1: 0.6667 time: 0.6070s
INFO:root:Epoch: 0110 val_loss: 0.7533 val_acc: 0.7540 val_f1: 0.7540
INFO:root:Epoch: 0115 lr: 0.01 train_loss: 0.5348 train_acc: 0.8167 train_f1: 0.8167 time: 0.5896s
INFO:root:Epoch: 0115 val_loss: 0.7390 val_acc: 0.7600 val_f1: 0.7600
INFO:root:Epoch: 0120 lr: 0.01 train_loss: 0.4692 train_acc: 0.7667 train_f1: 0.7667 time: 0.6133s
INFO:root:Epoch: 0120 val_loss: 0.7330 val_acc: 0.7620 val_f1: 0.7620
INFO:root:Epoch: 0125 lr: 0.01 train_loss: 0.5515 train_acc: 0.7500 train_f1: 0.7500 time: 0.5967s
INFO:root:Epoch: 0125 val_loss: 0.7321 val_acc: 0.7560 val_f1: 0.7560
INFO:root:Epoch: 0130 lr: 0.01 train_loss: 0.4878 train_acc: 0.8000 train_f1: 0.8000 time: 0.5931s
INFO:root:Epoch: 0130 val_loss: 0.7309 val_acc: 0.7540 val_f1: 0.7540
INFO:root:Epoch: 0135 lr: 0.01 train_loss: 0.4828 train_acc: 0.8167 train_f1: 0.8167 time: 0.6043s
INFO:root:Epoch: 0135 val_loss: 0.7271 val_acc: 0.7540 val_f1: 0.7540
INFO:root:Epoch: 0140 lr: 0.01 train_loss: 0.5721 train_acc: 0.7333 train_f1: 0.7333 time: 0.6002s
INFO:root:Epoch: 0140 val_loss: 0.7242 val_acc: 0.7480 val_f1: 0.7480
INFO:root:Epoch: 0145 lr: 0.01 train_loss: 0.4915 train_acc: 0.7500 train_f1: 0.7500 time: 0.5901s
INFO:root:Epoch: 0145 val_loss: 0.7217 val_acc: 0.7520 val_f1: 0.7520
INFO:root:Epoch: 0150 lr: 0.01 train_loss: 0.4591 train_acc: 0.7500 train_f1: 0.7500 time: 0.5854s
INFO:root:Epoch: 0150 val_loss: 0.7207 val_acc: 0.7540 val_f1: 0.7540
INFO:root:Epoch: 0155 lr: 0.01 train_loss: 0.4208 train_acc: 0.8000 train_f1: 0.8000 time: 0.5952s
INFO:root:Epoch: 0155 val_loss: 0.7217 val_acc: 0.7500 val_f1: 0.7500
INFO:root:Epoch: 0160 lr: 0.01 train_loss: 0.4608 train_acc: 0.8000 train_f1: 0.8000 time: 0.5998s
INFO:root:Epoch: 0160 val_loss: 0.7197 val_acc: 0.7480 val_f1: 0.7480
INFO:root:Epoch: 0165 lr: 0.01 train_loss: 0.5123 train_acc: 0.7667 train_f1: 0.7667 time: 0.6029s
INFO:root:Epoch: 0165 val_loss: 0.7092 val_acc: 0.7580 val_f1: 0.7580
INFO:root:Epoch: 0170 lr: 0.01 train_loss: 0.4392 train_acc: 0.7833 train_f1: 0.7833 time: 0.5970s
INFO:root:Epoch: 0170 val_loss: 0.7017 val_acc: 0.7600 val_f1: 0.7600
INFO:root:Epoch: 0175 lr: 0.01 train_loss: 0.5746 train_acc: 0.7167 train_f1: 0.7167 time: 0.6070s
INFO:root:Epoch: 0175 val_loss: 0.7034 val_acc: 0.7580 val_f1: 0.7580
INFO:root:Epoch: 0180 lr: 0.01 train_loss: 0.5144 train_acc: 0.7500 train_f1: 0.7500 time: 0.6119s
INFO:root:Epoch: 0180 val_loss: 0.7115 val_acc: 0.7580 val_f1: 0.7580
INFO:root:Epoch: 0185 lr: 0.01 train_loss: 0.4842 train_acc: 0.7333 train_f1: 0.7333 time: 0.5978s
INFO:root:Epoch: 0185 val_loss: 0.7053 val_acc: 0.7640 val_f1: 0.7640
INFO:root:Epoch: 0190 lr: 0.01 train_loss: 0.4689 train_acc: 0.7667 train_f1: 0.7667 time: 0.5986s
INFO:root:Epoch: 0190 val_loss: 0.6954 val_acc: 0.7560 val_f1: 0.7560
INFO:root:Early stopping
INFO:root:Optimization Finished!
INFO:root:Total time elapsed: 189.0240s
INFO:root:Val set results: val_loss: 0.7846 val_acc: 0.7660 val_f1: 0.7660
INFO:root:Test set results: test_loss: 0.7886 test_acc: 0.7590 test_f1: 0.7590
