INFO:root:Using: cpu
INFO:root:Using seed 1234.
INFO:root:Num classes: 3
INFO:root:NCModel(
  (encoder): HypGCN(
    (layers): Sequential(
      (0): HyperbolicGraphConvolution(
        (linear): HypLinear(in_features=500, out_features=8, c=tensor([1.]))
        (agg): HypAgg(c=tensor([1.]), use_att=0)
        (hyp_act): HypAct(c_in=tensor([1.]), c_out=tensor([1.]))
      )
    )
  )
  (decoder): LinearDecoder(
    in_features=8, out_features=3, bias=0, c=tensor([1.])
    (cls): Linear(
      (linear): Linear(in_features=8, out_features=3, bias=False)
    )
  )
)
INFO:root:Total number of parameters: 4032
INFO:root:Epoch: 0005 lr: 0.01 train_loss: 1.0970 train_acc: 0.4167 train_f1: 0.4167 time: 0.3782s
INFO:root:Epoch: 0005 val_loss: 1.0970 val_acc: 0.5480 val_f1: 0.5480
INFO:root:Epoch: 0010 lr: 0.01 train_loss: 1.0959 train_acc: 0.4833 train_f1: 0.4833 time: 0.3824s
INFO:root:Epoch: 0010 val_loss: 1.0942 val_acc: 0.6300 val_f1: 0.6300
INFO:root:Epoch: 0015 lr: 0.01 train_loss: 1.0900 train_acc: 0.5000 train_f1: 0.5000 time: 0.3977s
INFO:root:Epoch: 0015 val_loss: 1.0897 val_acc: 0.6060 val_f1: 0.6060
INFO:root:Epoch: 0020 lr: 0.01 train_loss: 1.0818 train_acc: 0.5833 train_f1: 0.5833 time: 0.3982s
INFO:root:Epoch: 0020 val_loss: 1.0841 val_acc: 0.6400 val_f1: 0.6400
INFO:root:Epoch: 0025 lr: 0.01 train_loss: 1.0773 train_acc: 0.6000 train_f1: 0.6000 time: 0.4098s
INFO:root:Epoch: 0025 val_loss: 1.0764 val_acc: 0.6560 val_f1: 0.6560
INFO:root:Epoch: 0030 lr: 0.01 train_loss: 1.0657 train_acc: 0.5833 train_f1: 0.5833 time: 0.3860s
INFO:root:Epoch: 0030 val_loss: 1.0664 val_acc: 0.6480 val_f1: 0.6480
INFO:root:Epoch: 0035 lr: 0.01 train_loss: 1.0409 train_acc: 0.6000 train_f1: 0.6000 time: 0.4066s
INFO:root:Epoch: 0035 val_loss: 1.0550 val_acc: 0.6540 val_f1: 0.6540
INFO:root:Epoch: 0040 lr: 0.01 train_loss: 1.0380 train_acc: 0.5500 train_f1: 0.5500 time: 0.3946s
INFO:root:Epoch: 0040 val_loss: 1.0430 val_acc: 0.6600 val_f1: 0.6600
INFO:root:Epoch: 0045 lr: 0.01 train_loss: 1.0173 train_acc: 0.5500 train_f1: 0.5500 time: 0.4043s
INFO:root:Epoch: 0045 val_loss: 1.0301 val_acc: 0.6700 val_f1: 0.6700
INFO:root:Epoch: 0050 lr: 0.01 train_loss: 0.9760 train_acc: 0.6500 train_f1: 0.6500 time: 0.3973s
INFO:root:Epoch: 0050 val_loss: 1.0136 val_acc: 0.6780 val_f1: 0.6780
INFO:root:Epoch: 0055 lr: 0.01 train_loss: 0.9866 train_acc: 0.5000 train_f1: 0.5000 time: 0.3793s
INFO:root:Epoch: 0055 val_loss: 0.9955 val_acc: 0.6740 val_f1: 0.6740
INFO:root:Epoch: 0060 lr: 0.01 train_loss: 0.9018 train_acc: 0.7333 train_f1: 0.7333 time: 0.3904s
INFO:root:Epoch: 0060 val_loss: 0.9776 val_acc: 0.6780 val_f1: 0.6780
INFO:root:Epoch: 0065 lr: 0.01 train_loss: 0.9193 train_acc: 0.5667 train_f1: 0.5667 time: 0.3709s
INFO:root:Epoch: 0065 val_loss: 0.9602 val_acc: 0.6900 val_f1: 0.6900
INFO:root:Epoch: 0070 lr: 0.01 train_loss: 0.9361 train_acc: 0.6167 train_f1: 0.6167 time: 0.3853s
INFO:root:Epoch: 0070 val_loss: 0.9433 val_acc: 0.6960 val_f1: 0.6960
INFO:root:Epoch: 0075 lr: 0.01 train_loss: 0.9108 train_acc: 0.5667 train_f1: 0.5667 time: 0.3722s
INFO:root:Epoch: 0075 val_loss: 0.9248 val_acc: 0.7040 val_f1: 0.7040
INFO:root:Epoch: 0080 lr: 0.01 train_loss: 0.8589 train_acc: 0.7167 train_f1: 0.7167 time: 0.3734s
INFO:root:Epoch: 0080 val_loss: 0.9069 val_acc: 0.7100 val_f1: 0.7100
INFO:root:Epoch: 0085 lr: 0.01 train_loss: 0.8299 train_acc: 0.7000 train_f1: 0.7000 time: 0.3892s
INFO:root:Epoch: 0085 val_loss: 0.8956 val_acc: 0.7200 val_f1: 0.7200
INFO:root:Epoch: 0090 lr: 0.01 train_loss: 0.7768 train_acc: 0.8000 train_f1: 0.8000 time: 0.3857s
INFO:root:Epoch: 0090 val_loss: 0.8857 val_acc: 0.7460 val_f1: 0.7460
INFO:root:Epoch: 0095 lr: 0.01 train_loss: 0.7820 train_acc: 0.7500 train_f1: 0.7500 time: 0.3859s
INFO:root:Epoch: 0095 val_loss: 0.8737 val_acc: 0.7460 val_f1: 0.7460
INFO:root:Epoch: 0100 lr: 0.01 train_loss: 0.8045 train_acc: 0.7167 train_f1: 0.7167 time: 0.3901s
INFO:root:Epoch: 0100 val_loss: 0.8624 val_acc: 0.7380 val_f1: 0.7380
INFO:root:Epoch: 0105 lr: 0.01 train_loss: 0.7322 train_acc: 0.8167 train_f1: 0.8167 time: 0.3934s
INFO:root:Epoch: 0105 val_loss: 0.8513 val_acc: 0.7360 val_f1: 0.7360
INFO:root:Epoch: 0110 lr: 0.01 train_loss: 0.7659 train_acc: 0.7667 train_f1: 0.7667 time: 0.3958s
INFO:root:Epoch: 0110 val_loss: 0.8410 val_acc: 0.7500 val_f1: 0.7500
INFO:root:Epoch: 0115 lr: 0.01 train_loss: 0.6963 train_acc: 0.7667 train_f1: 0.7667 time: 0.3684s
INFO:root:Epoch: 0115 val_loss: 0.8325 val_acc: 0.7560 val_f1: 0.7560
INFO:root:Epoch: 0120 lr: 0.01 train_loss: 0.7605 train_acc: 0.7167 train_f1: 0.7167 time: 0.3833s
INFO:root:Epoch: 0120 val_loss: 0.8264 val_acc: 0.7620 val_f1: 0.7620
INFO:root:Epoch: 0125 lr: 0.01 train_loss: 0.7155 train_acc: 0.7000 train_f1: 0.7000 time: 0.3831s
INFO:root:Epoch: 0125 val_loss: 0.8195 val_acc: 0.7640 val_f1: 0.7640
INFO:root:Epoch: 0130 lr: 0.01 train_loss: 0.8093 train_acc: 0.6667 train_f1: 0.6667 time: 0.3851s
INFO:root:Epoch: 0130 val_loss: 0.8131 val_acc: 0.7700 val_f1: 0.7700
INFO:root:Epoch: 0135 lr: 0.01 train_loss: 0.6388 train_acc: 0.8500 train_f1: 0.8500 time: 0.3706s
INFO:root:Epoch: 0135 val_loss: 0.8062 val_acc: 0.7760 val_f1: 0.7760
INFO:root:Epoch: 0140 lr: 0.01 train_loss: 0.5868 train_acc: 0.9333 train_f1: 0.9333 time: 0.3841s
INFO:root:Epoch: 0140 val_loss: 0.7990 val_acc: 0.7720 val_f1: 0.7720
INFO:root:Epoch: 0145 lr: 0.01 train_loss: 0.6116 train_acc: 0.7667 train_f1: 0.7667 time: 0.3856s
INFO:root:Epoch: 0145 val_loss: 0.7918 val_acc: 0.7740 val_f1: 0.7740
INFO:root:Epoch: 0150 lr: 0.01 train_loss: 0.6921 train_acc: 0.7333 train_f1: 0.7333 time: 0.3801s
INFO:root:Epoch: 0150 val_loss: 0.7861 val_acc: 0.7800 val_f1: 0.7800
INFO:root:Epoch: 0155 lr: 0.01 train_loss: 0.6407 train_acc: 0.7333 train_f1: 0.7333 time: 0.3852s
INFO:root:Epoch: 0155 val_loss: 0.7806 val_acc: 0.7780 val_f1: 0.7780
INFO:root:Epoch: 0160 lr: 0.01 train_loss: 0.6089 train_acc: 0.7667 train_f1: 0.7667 time: 0.3761s
INFO:root:Epoch: 0160 val_loss: 0.7754 val_acc: 0.7780 val_f1: 0.7780
INFO:root:Epoch: 0165 lr: 0.01 train_loss: 0.6502 train_acc: 0.7167 train_f1: 0.7167 time: 0.3880s
INFO:root:Epoch: 0165 val_loss: 0.7701 val_acc: 0.7820 val_f1: 0.7820
INFO:root:Epoch: 0170 lr: 0.01 train_loss: 0.5871 train_acc: 0.7333 train_f1: 0.7333 time: 0.3914s
INFO:root:Epoch: 0170 val_loss: 0.7652 val_acc: 0.7800 val_f1: 0.7800
INFO:root:Epoch: 0175 lr: 0.01 train_loss: 0.6475 train_acc: 0.7500 train_f1: 0.7500 time: 0.3802s
INFO:root:Epoch: 0175 val_loss: 0.7602 val_acc: 0.7760 val_f1: 0.7760
INFO:root:Epoch: 0180 lr: 0.01 train_loss: 0.5885 train_acc: 0.7833 train_f1: 0.7833 time: 0.3901s
INFO:root:Epoch: 0180 val_loss: 0.7550 val_acc: 0.7700 val_f1: 0.7700
INFO:root:Epoch: 0185 lr: 0.01 train_loss: 0.6005 train_acc: 0.7500 train_f1: 0.7500 time: 0.3724s
INFO:root:Epoch: 0185 val_loss: 0.7505 val_acc: 0.7680 val_f1: 0.7680
INFO:root:Epoch: 0190 lr: 0.01 train_loss: 0.5768 train_acc: 0.8333 train_f1: 0.8333 time: 0.3827s
INFO:root:Epoch: 0190 val_loss: 0.7453 val_acc: 0.7740 val_f1: 0.7740
INFO:root:Epoch: 0195 lr: 0.01 train_loss: 0.6173 train_acc: 0.7667 train_f1: 0.7667 time: 0.3952s
INFO:root:Epoch: 0195 val_loss: 0.7391 val_acc: 0.7760 val_f1: 0.7760
INFO:root:Epoch: 0200 lr: 0.01 train_loss: 0.5726 train_acc: 0.7833 train_f1: 0.7833 time: 0.3817s
INFO:root:Epoch: 0200 val_loss: 0.7362 val_acc: 0.7760 val_f1: 0.7760
INFO:root:Epoch: 0205 lr: 0.01 train_loss: 0.6030 train_acc: 0.7667 train_f1: 0.7667 time: 0.3826s
INFO:root:Epoch: 0205 val_loss: 0.7359 val_acc: 0.7740 val_f1: 0.7740
INFO:root:Epoch: 0210 lr: 0.01 train_loss: 0.4985 train_acc: 0.8667 train_f1: 0.8667 time: 0.3854s
INFO:root:Epoch: 0210 val_loss: 0.7370 val_acc: 0.7800 val_f1: 0.7800
INFO:root:Epoch: 0215 lr: 0.01 train_loss: 0.5427 train_acc: 0.8500 train_f1: 0.8500 time: 0.3897s
INFO:root:Epoch: 0215 val_loss: 0.7323 val_acc: 0.7720 val_f1: 0.7720
INFO:root:Epoch: 0220 lr: 0.01 train_loss: 0.5699 train_acc: 0.7000 train_f1: 0.7000 time: 0.3871s
INFO:root:Epoch: 0220 val_loss: 0.7243 val_acc: 0.7780 val_f1: 0.7780
INFO:root:Epoch: 0225 lr: 0.01 train_loss: 0.5153 train_acc: 0.7500 train_f1: 0.7500 time: 0.3933s
INFO:root:Epoch: 0225 val_loss: 0.7209 val_acc: 0.7760 val_f1: 0.7760
INFO:root:Epoch: 0230 lr: 0.01 train_loss: 0.5600 train_acc: 0.8167 train_f1: 0.8167 time: 0.3955s
INFO:root:Epoch: 0230 val_loss: 0.7212 val_acc: 0.7740 val_f1: 0.7740
INFO:root:Epoch: 0235 lr: 0.01 train_loss: 0.4864 train_acc: 0.8333 train_f1: 0.8333 time: 0.3750s
INFO:root:Epoch: 0235 val_loss: 0.7214 val_acc: 0.7760 val_f1: 0.7760
INFO:root:Epoch: 0240 lr: 0.01 train_loss: 0.3795 train_acc: 0.9167 train_f1: 0.9167 time: 0.3819s
INFO:root:Epoch: 0240 val_loss: 0.7205 val_acc: 0.7740 val_f1: 0.7740
INFO:root:Epoch: 0245 lr: 0.01 train_loss: 0.5479 train_acc: 0.7833 train_f1: 0.7833 time: 0.3722s
INFO:root:Epoch: 0245 val_loss: 0.7236 val_acc: 0.7860 val_f1: 0.7860
INFO:root:Epoch: 0250 lr: 0.01 train_loss: 0.5842 train_acc: 0.7667 train_f1: 0.7667 time: 0.3878s
INFO:root:Epoch: 0250 val_loss: 0.7261 val_acc: 0.7760 val_f1: 0.7760
INFO:root:Epoch: 0255 lr: 0.01 train_loss: 0.5290 train_acc: 0.7500 train_f1: 0.7500 time: 0.3830s
INFO:root:Epoch: 0255 val_loss: 0.7265 val_acc: 0.7780 val_f1: 0.7780
INFO:root:Epoch: 0260 lr: 0.01 train_loss: 0.5801 train_acc: 0.7333 train_f1: 0.7333 time: 0.3943s
INFO:root:Epoch: 0260 val_loss: 0.7226 val_acc: 0.7760 val_f1: 0.7760
INFO:root:Epoch: 0265 lr: 0.01 train_loss: 0.5051 train_acc: 0.8000 train_f1: 0.8000 time: 0.3870s
INFO:root:Epoch: 0265 val_loss: 0.7170 val_acc: 0.7740 val_f1: 0.7740
INFO:root:Epoch: 0270 lr: 0.01 train_loss: 0.5800 train_acc: 0.8000 train_f1: 0.8000 time: 0.3820s
INFO:root:Epoch: 0270 val_loss: 0.7089 val_acc: 0.7760 val_f1: 0.7760
INFO:root:Epoch: 0275 lr: 0.01 train_loss: 0.5624 train_acc: 0.7500 train_f1: 0.7500 time: 0.3892s
INFO:root:Epoch: 0275 val_loss: 0.7056 val_acc: 0.7760 val_f1: 0.7760
INFO:root:Epoch: 0280 lr: 0.01 train_loss: 0.6013 train_acc: 0.7167 train_f1: 0.7167 time: 0.3768s
INFO:root:Epoch: 0280 val_loss: 0.7053 val_acc: 0.7740 val_f1: 0.7740
INFO:root:Epoch: 0285 lr: 0.01 train_loss: 0.4337 train_acc: 0.8000 train_f1: 0.8000 time: 0.3901s
INFO:root:Epoch: 0285 val_loss: 0.7040 val_acc: 0.7740 val_f1: 0.7740
INFO:root:Epoch: 0290 lr: 0.01 train_loss: 0.5258 train_acc: 0.8167 train_f1: 0.8167 time: 0.3996s
INFO:root:Epoch: 0290 val_loss: 0.7030 val_acc: 0.7740 val_f1: 0.7740
INFO:root:Epoch: 0295 lr: 0.01 train_loss: 0.5753 train_acc: 0.7167 train_f1: 0.7167 time: 0.3893s
INFO:root:Epoch: 0295 val_loss: 0.7072 val_acc: 0.7840 val_f1: 0.7840
INFO:root:Epoch: 0300 lr: 0.01 train_loss: 0.4779 train_acc: 0.8333 train_f1: 0.8333 time: 0.3879s
INFO:root:Epoch: 0300 val_loss: 0.7152 val_acc: 0.7660 val_f1: 0.7660
INFO:root:Epoch: 0305 lr: 0.01 train_loss: 0.4726 train_acc: 0.8167 train_f1: 0.8167 time: 0.3913s
INFO:root:Epoch: 0305 val_loss: 0.7141 val_acc: 0.7700 val_f1: 0.7700
INFO:root:Epoch: 0310 lr: 0.01 train_loss: 0.5359 train_acc: 0.7667 train_f1: 0.7667 time: 0.3931s
INFO:root:Epoch: 0310 val_loss: 0.7052 val_acc: 0.7820 val_f1: 0.7820
INFO:root:Epoch: 0315 lr: 0.01 train_loss: 0.6049 train_acc: 0.7833 train_f1: 0.7833 time: 0.3945s
INFO:root:Epoch: 0315 val_loss: 0.6991 val_acc: 0.7760 val_f1: 0.7760
INFO:root:Epoch: 0320 lr: 0.01 train_loss: 0.5187 train_acc: 0.7500 train_f1: 0.7500 time: 0.3863s
INFO:root:Epoch: 0320 val_loss: 0.6989 val_acc: 0.7740 val_f1: 0.7740
INFO:root:Epoch: 0325 lr: 0.01 train_loss: 0.5282 train_acc: 0.7500 train_f1: 0.7500 time: 0.3899s
INFO:root:Epoch: 0325 val_loss: 0.6996 val_acc: 0.7700 val_f1: 0.7700
INFO:root:Epoch: 0330 lr: 0.01 train_loss: 0.4858 train_acc: 0.8333 train_f1: 0.8333 time: 0.3847s
INFO:root:Epoch: 0330 val_loss: 0.7027 val_acc: 0.7700 val_f1: 0.7700
INFO:root:Epoch: 0335 lr: 0.01 train_loss: 0.4690 train_acc: 0.7500 train_f1: 0.7500 time: 0.3916s
INFO:root:Epoch: 0335 val_loss: 0.7072 val_acc: 0.7760 val_f1: 0.7760
INFO:root:Epoch: 0340 lr: 0.01 train_loss: 0.5232 train_acc: 0.7333 train_f1: 0.7333 time: 0.3888s
INFO:root:Epoch: 0340 val_loss: 0.7068 val_acc: 0.7740 val_f1: 0.7740
INFO:root:Epoch: 0345 lr: 0.01 train_loss: 0.4967 train_acc: 0.8000 train_f1: 0.8000 time: 0.3892s
INFO:root:Epoch: 0345 val_loss: 0.7032 val_acc: 0.7740 val_f1: 0.7740
INFO:root:Early stopping
INFO:root:Optimization Finished!
INFO:root:Total time elapsed: 242.8559s
INFO:root:Val set results: val_loss: 0.7239 val_acc: 0.7880 val_f1: 0.7880
INFO:root:Test set results: test_loss: 0.7250 test_acc: 0.7580 test_f1: 0.7580
