INFO:root:Using: cpu
INFO:root:Using seed 1234.
INFO:root:Num classes: 3
INFO:root:NCModel(
  (encoder): HypGCN(
    (layers): Sequential(
      (0): HyperbolicGraphConvolution(
        (linear): HypLinear(in_features=500, out_features=64, c=tensor([1.]))
        (agg): HypAgg(c=tensor([1.]), use_att=0)
        (hyp_act): HypAct(c_in=tensor([1.]), c_out=tensor([1.]))
      )
    )
  )
  (decoder): LinearDecoder(
    in_features=64, out_features=3, bias=0, c=tensor([1.])
    (cls): Linear(
      (linear): Linear(in_features=64, out_features=3, bias=False)
    )
  )
)
INFO:root:Total number of parameters: 32256
INFO:root:Epoch: 0005 lr: 0.01 train_loss: 1.0864 train_acc: 0.6000 train_f1: 0.6000 time: 0.4756s
INFO:root:Epoch: 0005 val_loss: 1.0921 val_acc: 0.5180 val_f1: 0.5180
INFO:root:Epoch: 0010 lr: 0.01 train_loss: 1.0625 train_acc: 0.6667 train_f1: 0.6667 time: 0.4245s
INFO:root:Epoch: 0010 val_loss: 1.0764 val_acc: 0.6260 val_f1: 0.6260
INFO:root:Epoch: 0015 lr: 0.01 train_loss: 1.0229 train_acc: 0.5333 train_f1: 0.5333 time: 0.5194s
INFO:root:Epoch: 0015 val_loss: 1.0456 val_acc: 0.6720 val_f1: 0.6720
INFO:root:Epoch: 0020 lr: 0.01 train_loss: 0.9133 train_acc: 0.7667 train_f1: 0.7667 time: 0.4294s
INFO:root:Epoch: 0020 val_loss: 0.9980 val_acc: 0.7020 val_f1: 0.7020
INFO:root:Epoch: 0025 lr: 0.01 train_loss: 0.8612 train_acc: 0.6833 train_f1: 0.6833 time: 0.4212s
INFO:root:Epoch: 0025 val_loss: 0.9443 val_acc: 0.7040 val_f1: 0.7040
INFO:root:Epoch: 0030 lr: 0.01 train_loss: 0.7538 train_acc: 0.8000 train_f1: 0.8000 time: 0.4237s
INFO:root:Epoch: 0030 val_loss: 0.8860 val_acc: 0.7260 val_f1: 0.7260
INFO:root:Epoch: 0035 lr: 0.01 train_loss: 0.7046 train_acc: 0.7167 train_f1: 0.7167 time: 0.4033s
INFO:root:Epoch: 0035 val_loss: 0.8196 val_acc: 0.7640 val_f1: 0.7640
INFO:root:Epoch: 0040 lr: 0.01 train_loss: 0.6036 train_acc: 0.7333 train_f1: 0.7333 time: 0.4156s
INFO:root:Epoch: 0040 val_loss: 0.7683 val_acc: 0.7800 val_f1: 0.7800
INFO:root:Epoch: 0045 lr: 0.01 train_loss: 0.5113 train_acc: 0.8500 train_f1: 0.8500 time: 0.4186s
INFO:root:Epoch: 0045 val_loss: 0.7361 val_acc: 0.7760 val_f1: 0.7760
INFO:root:Epoch: 0050 lr: 0.01 train_loss: 0.4921 train_acc: 0.7500 train_f1: 0.7500 time: 0.4411s
INFO:root:Epoch: 0050 val_loss: 0.7218 val_acc: 0.7720 val_f1: 0.7720
INFO:root:Epoch: 0055 lr: 0.01 train_loss: 0.4595 train_acc: 0.8167 train_f1: 0.8167 time: 0.4137s
INFO:root:Epoch: 0055 val_loss: 0.7113 val_acc: 0.7660 val_f1: 0.7660
INFO:root:Epoch: 0060 lr: 0.01 train_loss: 0.5576 train_acc: 0.7333 train_f1: 0.7333 time: 0.4292s
INFO:root:Epoch: 0060 val_loss: 0.6961 val_acc: 0.7720 val_f1: 0.7720
INFO:root:Epoch: 0065 lr: 0.01 train_loss: 0.4563 train_acc: 0.7667 train_f1: 0.7667 time: 0.4471s
INFO:root:Epoch: 0065 val_loss: 0.6900 val_acc: 0.7640 val_f1: 0.7640
INFO:root:Epoch: 0070 lr: 0.01 train_loss: 0.4200 train_acc: 0.8500 train_f1: 0.8500 time: 0.4305s
INFO:root:Epoch: 0070 val_loss: 0.6878 val_acc: 0.7600 val_f1: 0.7600
INFO:root:Epoch: 0075 lr: 0.01 train_loss: 0.4222 train_acc: 0.7833 train_f1: 0.7833 time: 0.4160s
INFO:root:Epoch: 0075 val_loss: 0.6778 val_acc: 0.7720 val_f1: 0.7720
INFO:root:Epoch: 0080 lr: 0.01 train_loss: 0.4768 train_acc: 0.7333 train_f1: 0.7333 time: 0.4219s
INFO:root:Epoch: 0080 val_loss: 0.6721 val_acc: 0.7740 val_f1: 0.7740
INFO:root:Epoch: 0085 lr: 0.01 train_loss: 0.3102 train_acc: 0.9000 train_f1: 0.9000 time: 0.4149s
INFO:root:Epoch: 0085 val_loss: 0.6614 val_acc: 0.7740 val_f1: 0.7740
INFO:root:Epoch: 0090 lr: 0.01 train_loss: 0.4807 train_acc: 0.8000 train_f1: 0.8000 time: 0.4493s
INFO:root:Epoch: 0090 val_loss: 0.6603 val_acc: 0.7720 val_f1: 0.7720
INFO:root:Epoch: 0095 lr: 0.01 train_loss: 0.4249 train_acc: 0.7833 train_f1: 0.7833 time: 0.4434s
INFO:root:Epoch: 0095 val_loss: 0.6595 val_acc: 0.7700 val_f1: 0.7700
INFO:root:Epoch: 0100 lr: 0.01 train_loss: 0.3578 train_acc: 0.8000 train_f1: 0.8000 time: 0.4297s
INFO:root:Epoch: 0100 val_loss: 0.6448 val_acc: 0.7780 val_f1: 0.7780
INFO:root:Epoch: 0105 lr: 0.01 train_loss: 0.3770 train_acc: 0.8167 train_f1: 0.8167 time: 0.4324s
INFO:root:Epoch: 0105 val_loss: 0.6382 val_acc: 0.7740 val_f1: 0.7740
INFO:root:Epoch: 0110 lr: 0.01 train_loss: 0.4086 train_acc: 0.8333 train_f1: 0.8333 time: 0.4426s
INFO:root:Epoch: 0110 val_loss: 0.6462 val_acc: 0.7760 val_f1: 0.7760
INFO:root:Epoch: 0115 lr: 0.01 train_loss: 0.4110 train_acc: 0.7833 train_f1: 0.7833 time: 0.4500s
INFO:root:Epoch: 0115 val_loss: 0.6638 val_acc: 0.7640 val_f1: 0.7640
INFO:root:Epoch: 0120 lr: 0.01 train_loss: 0.3643 train_acc: 0.8333 train_f1: 0.8333 time: 0.4197s
INFO:root:Epoch: 0120 val_loss: 0.6495 val_acc: 0.7700 val_f1: 0.7700
INFO:root:Epoch: 0125 lr: 0.01 train_loss: 0.4788 train_acc: 0.7000 train_f1: 0.7000 time: 0.4399s
INFO:root:Epoch: 0125 val_loss: 0.6409 val_acc: 0.7760 val_f1: 0.7760
INFO:root:Epoch: 0130 lr: 0.01 train_loss: 0.3967 train_acc: 0.8167 train_f1: 0.8167 time: 0.4469s
INFO:root:Epoch: 0130 val_loss: 0.6486 val_acc: 0.7620 val_f1: 0.7620
INFO:root:Epoch: 0135 lr: 0.01 train_loss: 0.4693 train_acc: 0.7167 train_f1: 0.7167 time: 0.4597s
INFO:root:Epoch: 0135 val_loss: 0.6440 val_acc: 0.7700 val_f1: 0.7700
INFO:root:Early stopping
INFO:root:Optimization Finished!
INFO:root:Total time elapsed: 89.6331s
INFO:root:Val set results: val_loss: 0.7959 val_acc: 0.7840 val_f1: 0.7840
INFO:root:Test set results: test_loss: 0.8068 test_acc: 0.7640 test_f1: 0.7640
