INFO:root:Using: cpu
INFO:root:Using seed 1234.
INFO:root:Num classes: 3
INFO:root:NCModel(
  (encoder): HypGCN(
    (layers): Sequential(
      (0): HyperbolicGraphConvolution(
        (linear): HypLinear(in_features=500, out_features=32, c=tensor([1.]))
        (agg): HypAgg(c=tensor([1.]), use_att=0)
        (hyp_act): HypAct(c_in=tensor([1.]), c_out=tensor([1.]))
      )
    )
  )
  (decoder): LinearDecoder(
    in_features=32, out_features=3, bias=0, c=tensor([1.])
    (cls): Linear(
      (linear): Linear(in_features=32, out_features=3, bias=False)
    )
  )
)
INFO:root:Total number of parameters: 16128
INFO:root:Epoch: 0005 lr: 0.01 train_loss: 1.0967 train_acc: 0.5667 train_f1: 0.5667 time: 0.6975s
INFO:root:Epoch: 0005 val_loss: 1.0975 val_acc: 0.6020 val_f1: 0.6020
INFO:root:Epoch: 0010 lr: 0.01 train_loss: 1.0937 train_acc: 0.6500 train_f1: 0.6500 time: 0.6973s
INFO:root:Epoch: 0010 val_loss: 1.0959 val_acc: 0.6960 val_f1: 0.6960
INFO:root:Epoch: 0015 lr: 0.01 train_loss: 1.0871 train_acc: 0.7167 train_f1: 0.7167 time: 0.7068s
INFO:root:Epoch: 0015 val_loss: 1.0928 val_acc: 0.7560 val_f1: 0.7560
INFO:root:Epoch: 0020 lr: 0.01 train_loss: 1.0773 train_acc: 0.7667 train_f1: 0.7667 time: 0.7106s
INFO:root:Epoch: 0020 val_loss: 1.0878 val_acc: 0.7520 val_f1: 0.7520
INFO:root:Epoch: 0025 lr: 0.01 train_loss: 1.0652 train_acc: 0.6667 train_f1: 0.6667 time: 0.6756s
INFO:root:Epoch: 0025 val_loss: 1.0813 val_acc: 0.7200 val_f1: 0.7200
INFO:root:Epoch: 0030 lr: 0.01 train_loss: 1.0437 train_acc: 0.8000 train_f1: 0.8000 time: 0.6797s
INFO:root:Epoch: 0030 val_loss: 1.0720 val_acc: 0.7160 val_f1: 0.7160
INFO:root:Epoch: 0035 lr: 0.01 train_loss: 1.0210 train_acc: 0.8000 train_f1: 0.8000 time: 0.6951s
INFO:root:Epoch: 0035 val_loss: 1.0602 val_acc: 0.7000 val_f1: 0.7000
INFO:root:Epoch: 0040 lr: 0.01 train_loss: 0.9957 train_acc: 0.7167 train_f1: 0.7167 time: 0.7113s
INFO:root:Epoch: 0040 val_loss: 1.0456 val_acc: 0.6940 val_f1: 0.6940
INFO:root:Epoch: 0045 lr: 0.01 train_loss: 0.9495 train_acc: 0.7500 train_f1: 0.7500 time: 0.6962s
INFO:root:Epoch: 0045 val_loss: 1.0281 val_acc: 0.7020 val_f1: 0.7020
INFO:root:Epoch: 0050 lr: 0.01 train_loss: 0.9404 train_acc: 0.7667 train_f1: 0.7667 time: 0.6941s
INFO:root:Epoch: 0050 val_loss: 1.0073 val_acc: 0.7020 val_f1: 0.7020
INFO:root:Epoch: 0055 lr: 0.01 train_loss: 0.9301 train_acc: 0.6333 train_f1: 0.6333 time: 0.6909s
INFO:root:Epoch: 0055 val_loss: 0.9836 val_acc: 0.7200 val_f1: 0.7200
INFO:root:Epoch: 0060 lr: 0.01 train_loss: 0.8326 train_acc: 0.7667 train_f1: 0.7667 time: 0.6924s
INFO:root:Epoch: 0060 val_loss: 0.9626 val_acc: 0.7160 val_f1: 0.7160
INFO:root:Epoch: 0065 lr: 0.01 train_loss: 0.8033 train_acc: 0.7333 train_f1: 0.7333 time: 0.6872s
INFO:root:Epoch: 0065 val_loss: 0.9433 val_acc: 0.7100 val_f1: 0.7100
INFO:root:Epoch: 0070 lr: 0.01 train_loss: 0.8026 train_acc: 0.7000 train_f1: 0.7000 time: 0.7023s
INFO:root:Epoch: 0070 val_loss: 0.9224 val_acc: 0.7300 val_f1: 0.7300
INFO:root:Epoch: 0075 lr: 0.01 train_loss: 0.7851 train_acc: 0.7667 train_f1: 0.7667 time: 0.6926s
INFO:root:Epoch: 0075 val_loss: 0.8999 val_acc: 0.7500 val_f1: 0.7500
INFO:root:Epoch: 0080 lr: 0.01 train_loss: 0.7661 train_acc: 0.7833 train_f1: 0.7833 time: 0.7059s
INFO:root:Epoch: 0080 val_loss: 0.8819 val_acc: 0.7600 val_f1: 0.7600
INFO:root:Epoch: 0085 lr: 0.01 train_loss: 0.7023 train_acc: 0.7500 train_f1: 0.7500 time: 0.7198s
INFO:root:Epoch: 0085 val_loss: 0.8639 val_acc: 0.7540 val_f1: 0.7540
INFO:root:Epoch: 0090 lr: 0.01 train_loss: 0.6743 train_acc: 0.8000 train_f1: 0.8000 time: 0.7054s
INFO:root:Epoch: 0090 val_loss: 0.8440 val_acc: 0.7600 val_f1: 0.7600
INFO:root:Epoch: 0095 lr: 0.01 train_loss: 0.5918 train_acc: 0.8167 train_f1: 0.8167 time: 0.6919s
INFO:root:Epoch: 0095 val_loss: 0.8289 val_acc: 0.7640 val_f1: 0.7640
INFO:root:Epoch: 0100 lr: 0.01 train_loss: 0.6054 train_acc: 0.8500 train_f1: 0.8500 time: 0.7026s
INFO:root:Epoch: 0100 val_loss: 0.8151 val_acc: 0.7580 val_f1: 0.7580
INFO:root:Epoch: 0105 lr: 0.01 train_loss: 0.6622 train_acc: 0.7500 train_f1: 0.7500 time: 0.6990s
INFO:root:Epoch: 0105 val_loss: 0.8056 val_acc: 0.7580 val_f1: 0.7580
INFO:root:Epoch: 0110 lr: 0.01 train_loss: 0.6495 train_acc: 0.6500 train_f1: 0.6500 time: 0.6985s
INFO:root:Epoch: 0110 val_loss: 0.7933 val_acc: 0.7640 val_f1: 0.7640
INFO:root:Epoch: 0115 lr: 0.01 train_loss: 0.6060 train_acc: 0.8167 train_f1: 0.8167 time: 0.7250s
INFO:root:Epoch: 0115 val_loss: 0.7799 val_acc: 0.7680 val_f1: 0.7680
INFO:root:Epoch: 0120 lr: 0.01 train_loss: 0.5351 train_acc: 0.7667 train_f1: 0.7667 time: 0.7143s
INFO:root:Epoch: 0120 val_loss: 0.7715 val_acc: 0.7720 val_f1: 0.7720
INFO:root:Epoch: 0125 lr: 0.01 train_loss: 0.6225 train_acc: 0.7333 train_f1: 0.7333 time: 0.7121s
INFO:root:Epoch: 0125 val_loss: 0.7675 val_acc: 0.7720 val_f1: 0.7720
INFO:root:Epoch: 0130 lr: 0.01 train_loss: 0.5465 train_acc: 0.7833 train_f1: 0.7833 time: 0.7080s
INFO:root:Epoch: 0130 val_loss: 0.7636 val_acc: 0.7620 val_f1: 0.7620
INFO:root:Epoch: 0135 lr: 0.01 train_loss: 0.5433 train_acc: 0.8167 train_f1: 0.8167 time: 0.7069s
INFO:root:Epoch: 0135 val_loss: 0.7578 val_acc: 0.7700 val_f1: 0.7700
INFO:root:Epoch: 0140 lr: 0.01 train_loss: 0.6092 train_acc: 0.7333 train_f1: 0.7333 time: 0.6939s
INFO:root:Epoch: 0140 val_loss: 0.7530 val_acc: 0.7660 val_f1: 0.7660
INFO:root:Epoch: 0145 lr: 0.01 train_loss: 0.5275 train_acc: 0.7500 train_f1: 0.7500 time: 0.7322s
INFO:root:Epoch: 0145 val_loss: 0.7476 val_acc: 0.7660 val_f1: 0.7660
INFO:root:Epoch: 0150 lr: 0.01 train_loss: 0.5109 train_acc: 0.7500 train_f1: 0.7500 time: 0.6932s
INFO:root:Epoch: 0150 val_loss: 0.7425 val_acc: 0.7680 val_f1: 0.7680
INFO:root:Epoch: 0155 lr: 0.01 train_loss: 0.4753 train_acc: 0.8000 train_f1: 0.8000 time: 0.7273s
INFO:root:Epoch: 0155 val_loss: 0.7401 val_acc: 0.7760 val_f1: 0.7760
INFO:root:Epoch: 0160 lr: 0.01 train_loss: 0.4848 train_acc: 0.8000 train_f1: 0.8000 time: 0.6939s
INFO:root:Epoch: 0160 val_loss: 0.7401 val_acc: 0.7720 val_f1: 0.7720
INFO:root:Epoch: 0165 lr: 0.01 train_loss: 0.5506 train_acc: 0.7667 train_f1: 0.7667 time: 0.7095s
INFO:root:Epoch: 0165 val_loss: 0.7374 val_acc: 0.7700 val_f1: 0.7700
INFO:root:Epoch: 0170 lr: 0.01 train_loss: 0.5032 train_acc: 0.7833 train_f1: 0.7833 time: 0.7034s
INFO:root:Epoch: 0170 val_loss: 0.7321 val_acc: 0.7780 val_f1: 0.7780
INFO:root:Epoch: 0175 lr: 0.01 train_loss: 0.6117 train_acc: 0.7000 train_f1: 0.7000 time: 0.6934s
INFO:root:Epoch: 0175 val_loss: 0.7313 val_acc: 0.7660 val_f1: 0.7660
INFO:root:Epoch: 0180 lr: 0.01 train_loss: 0.5603 train_acc: 0.7500 train_f1: 0.7500 time: 0.6899s
INFO:root:Epoch: 0180 val_loss: 0.7302 val_acc: 0.7600 val_f1: 0.7600
INFO:root:Epoch: 0185 lr: 0.01 train_loss: 0.5276 train_acc: 0.7167 train_f1: 0.7167 time: 0.7007s
INFO:root:Epoch: 0185 val_loss: 0.7206 val_acc: 0.7600 val_f1: 0.7600
INFO:root:Epoch: 0190 lr: 0.01 train_loss: 0.5196 train_acc: 0.7667 train_f1: 0.7667 time: 0.6926s
INFO:root:Epoch: 0190 val_loss: 0.7134 val_acc: 0.7720 val_f1: 0.7720
INFO:root:Epoch: 0195 lr: 0.01 train_loss: 0.5658 train_acc: 0.6833 train_f1: 0.6833 time: 0.6993s
INFO:root:Epoch: 0195 val_loss: 0.7125 val_acc: 0.7720 val_f1: 0.7720
INFO:root:Epoch: 0200 lr: 0.01 train_loss: 0.5107 train_acc: 0.8167 train_f1: 0.8167 time: 0.6925s
INFO:root:Epoch: 0200 val_loss: 0.7148 val_acc: 0.7720 val_f1: 0.7720
INFO:root:Epoch: 0205 lr: 0.01 train_loss: 0.5090 train_acc: 0.7500 train_f1: 0.7500 time: 0.7067s
INFO:root:Epoch: 0205 val_loss: 0.7190 val_acc: 0.7720 val_f1: 0.7720
INFO:root:Epoch: 0210 lr: 0.01 train_loss: 0.4279 train_acc: 0.8167 train_f1: 0.8167 time: 0.7079s
INFO:root:Epoch: 0210 val_loss: 0.7211 val_acc: 0.7700 val_f1: 0.7700
INFO:root:Epoch: 0215 lr: 0.01 train_loss: 0.5280 train_acc: 0.7333 train_f1: 0.7333 time: 0.6944s
INFO:root:Epoch: 0215 val_loss: 0.7190 val_acc: 0.7740 val_f1: 0.7740
INFO:root:Epoch: 0220 lr: 0.01 train_loss: 0.4468 train_acc: 0.7833 train_f1: 0.7833 time: 0.6980s
INFO:root:Epoch: 0220 val_loss: 0.7127 val_acc: 0.7780 val_f1: 0.7780
INFO:root:Epoch: 0225 lr: 0.01 train_loss: 0.4607 train_acc: 0.7667 train_f1: 0.7667 time: 0.6895s
INFO:root:Epoch: 0225 val_loss: 0.7092 val_acc: 0.7740 val_f1: 0.7740
INFO:root:Epoch: 0230 lr: 0.01 train_loss: 0.5770 train_acc: 0.7500 train_f1: 0.7500 time: 0.7059s
INFO:root:Epoch: 0230 val_loss: 0.7083 val_acc: 0.7740 val_f1: 0.7740
INFO:root:Epoch: 0235 lr: 0.01 train_loss: 0.5933 train_acc: 0.7167 train_f1: 0.7167 time: 0.6994s
INFO:root:Epoch: 0235 val_loss: 0.7116 val_acc: 0.7700 val_f1: 0.7700
INFO:root:Epoch: 0240 lr: 0.01 train_loss: 0.5266 train_acc: 0.7167 train_f1: 0.7167 time: 0.6894s
INFO:root:Epoch: 0240 val_loss: 0.7154 val_acc: 0.7640 val_f1: 0.7640
INFO:root:Epoch: 0245 lr: 0.01 train_loss: 0.5191 train_acc: 0.8167 train_f1: 0.8167 time: 0.6885s
INFO:root:Epoch: 0245 val_loss: 0.7079 val_acc: 0.7720 val_f1: 0.7720
INFO:root:Epoch: 0250 lr: 0.01 train_loss: 0.5212 train_acc: 0.8333 train_f1: 0.8333 time: 0.6936s
INFO:root:Epoch: 0250 val_loss: 0.7002 val_acc: 0.7680 val_f1: 0.7680
INFO:root:Epoch: 0255 lr: 0.01 train_loss: 0.4389 train_acc: 0.8333 train_f1: 0.8333 time: 0.6828s
INFO:root:Epoch: 0255 val_loss: 0.7003 val_acc: 0.7700 val_f1: 0.7700
INFO:root:Epoch: 0260 lr: 0.01 train_loss: 0.4848 train_acc: 0.7833 train_f1: 0.7833 time: 0.6863s
INFO:root:Epoch: 0260 val_loss: 0.6993 val_acc: 0.7740 val_f1: 0.7740
INFO:root:Epoch: 0265 lr: 0.01 train_loss: 0.4755 train_acc: 0.8167 train_f1: 0.8167 time: 0.6921s
INFO:root:Epoch: 0265 val_loss: 0.6996 val_acc: 0.7680 val_f1: 0.7680
INFO:root:Epoch: 0270 lr: 0.01 train_loss: 0.5034 train_acc: 0.7500 train_f1: 0.7500 time: 0.6818s
INFO:root:Epoch: 0270 val_loss: 0.6978 val_acc: 0.7740 val_f1: 0.7740
INFO:root:Epoch: 0275 lr: 0.01 train_loss: 0.4383 train_acc: 0.8333 train_f1: 0.8333 time: 0.7088s
INFO:root:Epoch: 0275 val_loss: 0.6963 val_acc: 0.7760 val_f1: 0.7760
INFO:root:Epoch: 0280 lr: 0.01 train_loss: 0.5814 train_acc: 0.7000 train_f1: 0.7000 time: 0.6909s
INFO:root:Epoch: 0280 val_loss: 0.6997 val_acc: 0.7700 val_f1: 0.7700
INFO:root:Epoch: 0285 lr: 0.01 train_loss: 0.4805 train_acc: 0.8000 train_f1: 0.8000 time: 0.6917s
INFO:root:Epoch: 0285 val_loss: 0.6990 val_acc: 0.7660 val_f1: 0.7660
INFO:root:Epoch: 0290 lr: 0.01 train_loss: 0.5036 train_acc: 0.7833 train_f1: 0.7833 time: 0.7013s
INFO:root:Epoch: 0290 val_loss: 0.6975 val_acc: 0.7660 val_f1: 0.7660
INFO:root:Epoch: 0295 lr: 0.01 train_loss: 0.4927 train_acc: 0.7500 train_f1: 0.7500 time: 0.7205s
INFO:root:Epoch: 0295 val_loss: 0.6977 val_acc: 0.7660 val_f1: 0.7660
INFO:root:Epoch: 0300 lr: 0.01 train_loss: 0.5551 train_acc: 0.7167 train_f1: 0.7167 time: 0.6889s
INFO:root:Epoch: 0300 val_loss: 0.6936 val_acc: 0.7700 val_f1: 0.7700
INFO:root:Epoch: 0305 lr: 0.01 train_loss: 0.4962 train_acc: 0.7667 train_f1: 0.7667 time: 0.7008s
INFO:root:Epoch: 0305 val_loss: 0.6876 val_acc: 0.7700 val_f1: 0.7700
INFO:root:Epoch: 0310 lr: 0.01 train_loss: 0.4389 train_acc: 0.8000 train_f1: 0.8000 time: 0.6961s
INFO:root:Epoch: 0310 val_loss: 0.6838 val_acc: 0.7700 val_f1: 0.7700
INFO:root:Epoch: 0315 lr: 0.01 train_loss: 0.4487 train_acc: 0.8167 train_f1: 0.8167 time: 0.6871s
INFO:root:Epoch: 0315 val_loss: 0.6861 val_acc: 0.7680 val_f1: 0.7680
INFO:root:Early stopping
INFO:root:Optimization Finished!
INFO:root:Total time elapsed: 369.0857s
INFO:root:Val set results: val_loss: 0.7140 val_acc: 0.7820 val_f1: 0.7820
INFO:root:Test set results: test_loss: 0.7228 test_acc: 0.7660 test_f1: 0.7660
