INFO:root:Using: cpu
INFO:root:Using seed 1234.
INFO:root:Num classes: 3
INFO:root:NCModel(
  (encoder): HypGCN(
    (layers): Sequential(
      (0): HyperbolicGraphConvolution(
        (linear): HypLinear(in_features=500, out_features=64, c=tensor([1.]))
        (agg): HypAgg(c=tensor([1.]), use_att=0)
        (hyp_act): HypAct(c_in=tensor([1.]), c_out=tensor([1.]))
      )
    )
  )
  (decoder): LinearDecoder(
    in_features=64, out_features=3, bias=0, c=tensor([1.])
    (cls): Linear(
      (linear): Linear(in_features=64, out_features=3, bias=False)
    )
  )
)
INFO:root:Total number of parameters: 32256
INFO:root:Epoch: 0005 lr: 0.01 train_loss: 1.0956 train_acc: 0.5167 train_f1: 0.5167 time: 0.7679s
INFO:root:Epoch: 0005 val_loss: 1.0965 val_acc: 0.5700 val_f1: 0.5700
INFO:root:Epoch: 0010 lr: 0.01 train_loss: 1.0901 train_acc: 0.6833 train_f1: 0.6833 time: 0.7548s
INFO:root:Epoch: 0010 val_loss: 1.0922 val_acc: 0.6840 val_f1: 0.6840
INFO:root:Epoch: 0015 lr: 0.01 train_loss: 1.0789 train_acc: 0.5500 train_f1: 0.5500 time: 0.7818s
INFO:root:Epoch: 0015 val_loss: 1.0835 val_acc: 0.7100 val_f1: 0.7100
INFO:root:Epoch: 0020 lr: 0.01 train_loss: 1.0441 train_acc: 0.7667 train_f1: 0.7667 time: 0.7678s
INFO:root:Epoch: 0020 val_loss: 1.0690 val_acc: 0.7180 val_f1: 0.7180
INFO:root:Epoch: 0025 lr: 0.01 train_loss: 1.0191 train_acc: 0.6833 train_f1: 0.6833 time: 0.7524s
INFO:root:Epoch: 0025 val_loss: 1.0496 val_acc: 0.7000 val_f1: 0.7000
INFO:root:Epoch: 0030 lr: 0.01 train_loss: 0.9602 train_acc: 0.8000 train_f1: 0.8000 time: 0.7554s
INFO:root:Epoch: 0030 val_loss: 1.0233 val_acc: 0.7100 val_f1: 0.7100
INFO:root:Epoch: 0035 lr: 0.01 train_loss: 0.9268 train_acc: 0.7167 train_f1: 0.7167 time: 0.7324s
INFO:root:Epoch: 0035 val_loss: 0.9865 val_acc: 0.7460 val_f1: 0.7460
INFO:root:Epoch: 0040 lr: 0.01 train_loss: 0.8499 train_acc: 0.7500 train_f1: 0.7500 time: 0.7820s
INFO:root:Epoch: 0040 val_loss: 0.9452 val_acc: 0.7460 val_f1: 0.7460
INFO:root:Epoch: 0045 lr: 0.01 train_loss: 0.7749 train_acc: 0.7833 train_f1: 0.7833 time: 0.7553s
INFO:root:Epoch: 0045 val_loss: 0.9053 val_acc: 0.7500 val_f1: 0.7500
INFO:root:Epoch: 0050 lr: 0.01 train_loss: 0.7092 train_acc: 0.7333 train_f1: 0.7333 time: 0.7652s
INFO:root:Epoch: 0050 val_loss: 0.8680 val_acc: 0.7440 val_f1: 0.7440
INFO:root:Epoch: 0055 lr: 0.01 train_loss: 0.6541 train_acc: 0.8167 train_f1: 0.8167 time: 0.7634s
INFO:root:Epoch: 0055 val_loss: 0.8348 val_acc: 0.7460 val_f1: 0.7460
INFO:root:Epoch: 0060 lr: 0.01 train_loss: 0.7143 train_acc: 0.7000 train_f1: 0.7000 time: 0.7376s
INFO:root:Epoch: 0060 val_loss: 0.8036 val_acc: 0.7540 val_f1: 0.7540
INFO:root:Epoch: 0065 lr: 0.01 train_loss: 0.5946 train_acc: 0.7667 train_f1: 0.7667 time: 0.7668s
INFO:root:Epoch: 0065 val_loss: 0.7823 val_acc: 0.7500 val_f1: 0.7500
INFO:root:Epoch: 0070 lr: 0.01 train_loss: 0.5476 train_acc: 0.8500 train_f1: 0.8500 time: 0.7497s
INFO:root:Epoch: 0070 val_loss: 0.7644 val_acc: 0.7600 val_f1: 0.7600
INFO:root:Epoch: 0075 lr: 0.01 train_loss: 0.5402 train_acc: 0.7833 train_f1: 0.7833 time: 0.7621s
INFO:root:Epoch: 0075 val_loss: 0.7480 val_acc: 0.7680 val_f1: 0.7680
INFO:root:Epoch: 0080 lr: 0.01 train_loss: 0.5763 train_acc: 0.6833 train_f1: 0.6833 time: 0.7456s
INFO:root:Epoch: 0080 val_loss: 0.7368 val_acc: 0.7800 val_f1: 0.7800
INFO:root:Epoch: 0085 lr: 0.01 train_loss: 0.4329 train_acc: 0.8833 train_f1: 0.8833 time: 0.7468s
INFO:root:Epoch: 0085 val_loss: 0.7263 val_acc: 0.7780 val_f1: 0.7780
INFO:root:Epoch: 0090 lr: 0.01 train_loss: 0.5453 train_acc: 0.8000 train_f1: 0.8000 time: 0.7757s
INFO:root:Epoch: 0090 val_loss: 0.7189 val_acc: 0.7780 val_f1: 0.7780
INFO:root:Epoch: 0095 lr: 0.01 train_loss: 0.5066 train_acc: 0.7667 train_f1: 0.7667 time: 0.7662s
INFO:root:Epoch: 0095 val_loss: 0.7118 val_acc: 0.7760 val_f1: 0.7760
INFO:root:Epoch: 0100 lr: 0.01 train_loss: 0.4219 train_acc: 0.8000 train_f1: 0.8000 time: 0.7940s
INFO:root:Epoch: 0100 val_loss: 0.6957 val_acc: 0.7720 val_f1: 0.7720
INFO:root:Epoch: 0105 lr: 0.01 train_loss: 0.4445 train_acc: 0.8167 train_f1: 0.8167 time: 0.7760s
INFO:root:Epoch: 0105 val_loss: 0.6861 val_acc: 0.7740 val_f1: 0.7740
INFO:root:Epoch: 0110 lr: 0.01 train_loss: 0.4785 train_acc: 0.8333 train_f1: 0.8333 time: 0.7818s
INFO:root:Epoch: 0110 val_loss: 0.6863 val_acc: 0.7720 val_f1: 0.7720
INFO:root:Epoch: 0115 lr: 0.01 train_loss: 0.4690 train_acc: 0.7667 train_f1: 0.7667 time: 0.7654s
INFO:root:Epoch: 0115 val_loss: 0.6918 val_acc: 0.7700 val_f1: 0.7700
INFO:root:Epoch: 0120 lr: 0.01 train_loss: 0.4233 train_acc: 0.8333 train_f1: 0.8333 time: 0.7870s
INFO:root:Epoch: 0120 val_loss: 0.6934 val_acc: 0.7640 val_f1: 0.7640
INFO:root:Epoch: 0125 lr: 0.01 train_loss: 0.5365 train_acc: 0.6833 train_f1: 0.6833 time: 0.7553s
INFO:root:Epoch: 0125 val_loss: 0.6894 val_acc: 0.7680 val_f1: 0.7680
INFO:root:Epoch: 0130 lr: 0.01 train_loss: 0.4543 train_acc: 0.8167 train_f1: 0.8167 time: 0.7639s
INFO:root:Epoch: 0130 val_loss: 0.6850 val_acc: 0.7740 val_f1: 0.7740
INFO:root:Epoch: 0135 lr: 0.01 train_loss: 0.5377 train_acc: 0.7167 train_f1: 0.7167 time: 0.7632s
INFO:root:Epoch: 0135 val_loss: 0.6785 val_acc: 0.7760 val_f1: 0.7760
INFO:root:Epoch: 0140 lr: 0.01 train_loss: 0.4500 train_acc: 0.7833 train_f1: 0.7833 time: 0.7683s
INFO:root:Epoch: 0140 val_loss: 0.6761 val_acc: 0.7700 val_f1: 0.7700
INFO:root:Epoch: 0145 lr: 0.01 train_loss: 0.3901 train_acc: 0.8333 train_f1: 0.8333 time: 0.7885s
INFO:root:Epoch: 0145 val_loss: 0.6738 val_acc: 0.7720 val_f1: 0.7720
INFO:root:Epoch: 0150 lr: 0.01 train_loss: 0.4597 train_acc: 0.7833 train_f1: 0.7833 time: 0.7563s
INFO:root:Epoch: 0150 val_loss: 0.6770 val_acc: 0.7740 val_f1: 0.7740
INFO:root:Epoch: 0155 lr: 0.01 train_loss: 0.4749 train_acc: 0.7667 train_f1: 0.7667 time: 0.7665s
INFO:root:Epoch: 0155 val_loss: 0.6815 val_acc: 0.7720 val_f1: 0.7720
INFO:root:Epoch: 0160 lr: 0.01 train_loss: 0.4591 train_acc: 0.8167 train_f1: 0.8167 time: 0.7534s
INFO:root:Epoch: 0160 val_loss: 0.6793 val_acc: 0.7720 val_f1: 0.7720
INFO:root:Epoch: 0165 lr: 0.01 train_loss: 0.3852 train_acc: 0.8667 train_f1: 0.8667 time: 0.7499s
INFO:root:Epoch: 0165 val_loss: 0.6689 val_acc: 0.7720 val_f1: 0.7720
INFO:root:Epoch: 0170 lr: 0.01 train_loss: 0.5561 train_acc: 0.7500 train_f1: 0.7500 time: 0.7521s
INFO:root:Epoch: 0170 val_loss: 0.6667 val_acc: 0.7820 val_f1: 0.7820
INFO:root:Epoch: 0175 lr: 0.01 train_loss: 0.3625 train_acc: 0.8167 train_f1: 0.8167 time: 0.7575s
INFO:root:Epoch: 0175 val_loss: 0.6721 val_acc: 0.7800 val_f1: 0.7800
INFO:root:Epoch: 0180 lr: 0.01 train_loss: 0.4472 train_acc: 0.8333 train_f1: 0.8333 time: 0.7863s
INFO:root:Epoch: 0180 val_loss: 0.6741 val_acc: 0.7760 val_f1: 0.7760
INFO:root:Early stopping
INFO:root:Optimization Finished!
INFO:root:Total time elapsed: 211.1268s
INFO:root:Val set results: val_loss: 0.7345 val_acc: 0.7820 val_f1: 0.7820
INFO:root:Test set results: test_loss: 0.7516 test_acc: 0.7490 test_f1: 0.7490
