INFO:root:Using: cpu
INFO:root:Using seed 1234.
INFO:root:Num classes: 3
INFO:root:NCModel(
  (encoder): HypGCN(
    (layers): Sequential(
      (0): HyperbolicGraphConvolution(
        (linear): HypLinear(in_features=500, out_features=16, c=tensor([1.]))
        (agg): HypAgg(c=tensor([1.]), use_att=0)
        (hyp_act): HypAct(c_in=tensor([1.]), c_out=tensor([1.]))
      )
    )
  )
  (decoder): LinearDecoder(
    in_features=16, out_features=3, bias=0, c=tensor([1.])
    (cls): Linear(
      (linear): Linear(in_features=16, out_features=3, bias=False)
    )
  )
)
INFO:root:Total number of parameters: 8064
INFO:root:Epoch: 0005 lr: 0.01 train_loss: 1.0963 train_acc: 0.4500 train_f1: 0.4500 time: 0.5131s
INFO:root:Epoch: 0005 val_loss: 1.0973 val_acc: 0.5220 val_f1: 0.5220
INFO:root:Epoch: 0010 lr: 0.01 train_loss: 1.0944 train_acc: 0.5667 train_f1: 0.5667 time: 0.5305s
INFO:root:Epoch: 0010 val_loss: 1.0947 val_acc: 0.5620 val_f1: 0.5620
INFO:root:Epoch: 0015 lr: 0.01 train_loss: 1.0855 train_acc: 0.6333 train_f1: 0.6333 time: 0.5203s
INFO:root:Epoch: 0015 val_loss: 1.0907 val_acc: 0.6320 val_f1: 0.6320
INFO:root:Epoch: 0020 lr: 0.01 train_loss: 1.0744 train_acc: 0.6667 train_f1: 0.6667 time: 0.5093s
INFO:root:Epoch: 0020 val_loss: 1.0846 val_acc: 0.6100 val_f1: 0.6100
INFO:root:Epoch: 0025 lr: 0.01 train_loss: 1.0537 train_acc: 0.6000 train_f1: 0.6000 time: 0.5139s
INFO:root:Epoch: 0025 val_loss: 1.0762 val_acc: 0.5660 val_f1: 0.5660
INFO:root:Epoch: 0030 lr: 0.01 train_loss: 1.0342 train_acc: 0.6833 train_f1: 0.6833 time: 0.5097s
INFO:root:Epoch: 0030 val_loss: 1.0665 val_acc: 0.5820 val_f1: 0.5820
INFO:root:Epoch: 0035 lr: 0.01 train_loss: 1.0037 train_acc: 0.6833 train_f1: 0.6833 time: 0.5205s
INFO:root:Epoch: 0035 val_loss: 1.0551 val_acc: 0.6040 val_f1: 0.6040
INFO:root:Epoch: 0040 lr: 0.01 train_loss: 1.0293 train_acc: 0.5833 train_f1: 0.5833 time: 0.5076s
INFO:root:Epoch: 0040 val_loss: 1.0419 val_acc: 0.6380 val_f1: 0.6380
INFO:root:Epoch: 0045 lr: 0.01 train_loss: 1.0027 train_acc: 0.6000 train_f1: 0.6000 time: 0.5133s
INFO:root:Epoch: 0045 val_loss: 1.0266 val_acc: 0.6460 val_f1: 0.6460
INFO:root:Epoch: 0050 lr: 0.01 train_loss: 0.9781 train_acc: 0.6667 train_f1: 0.6667 time: 0.5238s
INFO:root:Epoch: 0050 val_loss: 1.0098 val_acc: 0.6400 val_f1: 0.6400
INFO:root:Epoch: 0055 lr: 0.01 train_loss: 0.9120 train_acc: 0.6667 train_f1: 0.6667 time: 0.5088s
INFO:root:Epoch: 0055 val_loss: 0.9911 val_acc: 0.6460 val_f1: 0.6460
INFO:root:Epoch: 0060 lr: 0.01 train_loss: 0.9125 train_acc: 0.7500 train_f1: 0.7500 time: 0.5142s
INFO:root:Epoch: 0060 val_loss: 0.9717 val_acc: 0.6700 val_f1: 0.6700
INFO:root:Epoch: 0065 lr: 0.01 train_loss: 0.8883 train_acc: 0.7000 train_f1: 0.7000 time: 0.5134s
INFO:root:Epoch: 0065 val_loss: 0.9531 val_acc: 0.6960 val_f1: 0.6960
INFO:root:Epoch: 0070 lr: 0.01 train_loss: 0.8309 train_acc: 0.7833 train_f1: 0.7833 time: 0.5097s
INFO:root:Epoch: 0070 val_loss: 0.9368 val_acc: 0.7080 val_f1: 0.7080
INFO:root:Epoch: 0075 lr: 0.01 train_loss: 0.7880 train_acc: 0.7333 train_f1: 0.7333 time: 0.5172s
INFO:root:Epoch: 0075 val_loss: 0.9195 val_acc: 0.7240 val_f1: 0.7240
INFO:root:Epoch: 0080 lr: 0.01 train_loss: 0.7506 train_acc: 0.7833 train_f1: 0.7833 time: 0.5181s
INFO:root:Epoch: 0080 val_loss: 0.8987 val_acc: 0.7440 val_f1: 0.7440
INFO:root:Epoch: 0085 lr: 0.01 train_loss: 0.7120 train_acc: 0.7333 train_f1: 0.7333 time: 0.5171s
INFO:root:Epoch: 0085 val_loss: 0.8801 val_acc: 0.7580 val_f1: 0.7580
INFO:root:Epoch: 0090 lr: 0.01 train_loss: 0.7077 train_acc: 0.8333 train_f1: 0.8333 time: 0.4955s
INFO:root:Epoch: 0090 val_loss: 0.8632 val_acc: 0.7540 val_f1: 0.7540
INFO:root:Epoch: 0095 lr: 0.01 train_loss: 0.7202 train_acc: 0.7667 train_f1: 0.7667 time: 0.5227s
INFO:root:Epoch: 0095 val_loss: 0.8495 val_acc: 0.7540 val_f1: 0.7540
INFO:root:Epoch: 0100 lr: 0.01 train_loss: 0.6585 train_acc: 0.8000 train_f1: 0.8000 time: 0.5260s
INFO:root:Epoch: 0100 val_loss: 0.8371 val_acc: 0.7520 val_f1: 0.7520
INFO:root:Epoch: 0105 lr: 0.01 train_loss: 0.6580 train_acc: 0.7833 train_f1: 0.7833 time: 0.5017s
INFO:root:Epoch: 0105 val_loss: 0.8209 val_acc: 0.7540 val_f1: 0.7540
INFO:root:Epoch: 0110 lr: 0.01 train_loss: 0.6325 train_acc: 0.7333 train_f1: 0.7333 time: 0.5305s
INFO:root:Epoch: 0110 val_loss: 0.8064 val_acc: 0.7600 val_f1: 0.7600
INFO:root:Epoch: 0115 lr: 0.01 train_loss: 0.5995 train_acc: 0.8000 train_f1: 0.8000 time: 0.5131s
INFO:root:Epoch: 0115 val_loss: 0.7941 val_acc: 0.7600 val_f1: 0.7600
INFO:root:Epoch: 0120 lr: 0.01 train_loss: 0.5920 train_acc: 0.7667 train_f1: 0.7667 time: 0.5142s
INFO:root:Epoch: 0120 val_loss: 0.7827 val_acc: 0.7660 val_f1: 0.7660
INFO:root:Epoch: 0125 lr: 0.01 train_loss: 0.5936 train_acc: 0.8000 train_f1: 0.8000 time: 0.5117s
INFO:root:Epoch: 0125 val_loss: 0.7738 val_acc: 0.7680 val_f1: 0.7680
INFO:root:Epoch: 0130 lr: 0.01 train_loss: 0.6119 train_acc: 0.6833 train_f1: 0.6833 time: 0.5286s
INFO:root:Epoch: 0130 val_loss: 0.7685 val_acc: 0.7660 val_f1: 0.7660
INFO:root:Epoch: 0135 lr: 0.01 train_loss: 0.6106 train_acc: 0.7333 train_f1: 0.7333 time: 0.5205s
INFO:root:Epoch: 0135 val_loss: 0.7646 val_acc: 0.7660 val_f1: 0.7660
INFO:root:Epoch: 0140 lr: 0.01 train_loss: 0.6508 train_acc: 0.7000 train_f1: 0.7000 time: 0.5324s
INFO:root:Epoch: 0140 val_loss: 0.7602 val_acc: 0.7720 val_f1: 0.7720
INFO:root:Epoch: 0145 lr: 0.01 train_loss: 0.6423 train_acc: 0.6833 train_f1: 0.6833 time: 0.5347s
INFO:root:Epoch: 0145 val_loss: 0.7551 val_acc: 0.7620 val_f1: 0.7620
INFO:root:Epoch: 0150 lr: 0.01 train_loss: 0.5761 train_acc: 0.7500 train_f1: 0.7500 time: 0.5478s
INFO:root:Epoch: 0150 val_loss: 0.7450 val_acc: 0.7740 val_f1: 0.7740
INFO:root:Epoch: 0155 lr: 0.01 train_loss: 0.5839 train_acc: 0.7833 train_f1: 0.7833 time: 0.5349s
INFO:root:Epoch: 0155 val_loss: 0.7375 val_acc: 0.7760 val_f1: 0.7760
INFO:root:Epoch: 0160 lr: 0.01 train_loss: 0.5202 train_acc: 0.7667 train_f1: 0.7667 time: 0.5358s
INFO:root:Epoch: 0160 val_loss: 0.7315 val_acc: 0.7840 val_f1: 0.7840
INFO:root:Epoch: 0165 lr: 0.01 train_loss: 0.5481 train_acc: 0.7500 train_f1: 0.7500 time: 0.5163s
INFO:root:Epoch: 0165 val_loss: 0.7276 val_acc: 0.7820 val_f1: 0.7820
INFO:root:Epoch: 0170 lr: 0.01 train_loss: 0.5229 train_acc: 0.8167 train_f1: 0.8167 time: 0.5168s
INFO:root:Epoch: 0170 val_loss: 0.7262 val_acc: 0.7820 val_f1: 0.7820
INFO:root:Epoch: 0175 lr: 0.01 train_loss: 0.4458 train_acc: 0.8167 train_f1: 0.8167 time: 0.5701s
INFO:root:Epoch: 0175 val_loss: 0.7262 val_acc: 0.7780 val_f1: 0.7780
INFO:root:Epoch: 0180 lr: 0.01 train_loss: 0.5610 train_acc: 0.7500 train_f1: 0.7500 time: 0.5226s
INFO:root:Epoch: 0180 val_loss: 0.7236 val_acc: 0.7760 val_f1: 0.7760
INFO:root:Epoch: 0185 lr: 0.01 train_loss: 0.4510 train_acc: 0.7833 train_f1: 0.7833 time: 0.5251s
INFO:root:Epoch: 0185 val_loss: 0.7193 val_acc: 0.7800 val_f1: 0.7800
INFO:root:Epoch: 0190 lr: 0.01 train_loss: 0.4828 train_acc: 0.8667 train_f1: 0.8667 time: 0.5150s
INFO:root:Epoch: 0190 val_loss: 0.7123 val_acc: 0.7880 val_f1: 0.7880
INFO:root:Epoch: 0195 lr: 0.01 train_loss: 0.4612 train_acc: 0.8167 train_f1: 0.8167 time: 0.5108s
INFO:root:Epoch: 0195 val_loss: 0.7081 val_acc: 0.7840 val_f1: 0.7840
INFO:root:Epoch: 0200 lr: 0.01 train_loss: 0.4523 train_acc: 0.8833 train_f1: 0.8833 time: 0.5128s
INFO:root:Epoch: 0200 val_loss: 0.7062 val_acc: 0.7780 val_f1: 0.7780
INFO:root:Epoch: 0205 lr: 0.01 train_loss: 0.4663 train_acc: 0.8500 train_f1: 0.8500 time: 0.5285s
INFO:root:Epoch: 0205 val_loss: 0.7101 val_acc: 0.7740 val_f1: 0.7740
INFO:root:Epoch: 0210 lr: 0.01 train_loss: 0.4565 train_acc: 0.7667 train_f1: 0.7667 time: 0.5157s
INFO:root:Epoch: 0210 val_loss: 0.7084 val_acc: 0.7700 val_f1: 0.7700
INFO:root:Epoch: 0215 lr: 0.01 train_loss: 0.4943 train_acc: 0.7667 train_f1: 0.7667 time: 0.5220s
INFO:root:Epoch: 0215 val_loss: 0.7008 val_acc: 0.7740 val_f1: 0.7740
INFO:root:Epoch: 0220 lr: 0.01 train_loss: 0.4783 train_acc: 0.8000 train_f1: 0.8000 time: 0.5223s
INFO:root:Epoch: 0220 val_loss: 0.6941 val_acc: 0.7780 val_f1: 0.7780
INFO:root:Epoch: 0225 lr: 0.01 train_loss: 0.5614 train_acc: 0.7333 train_f1: 0.7333 time: 0.5162s
INFO:root:Epoch: 0225 val_loss: 0.6876 val_acc: 0.7840 val_f1: 0.7840
INFO:root:Epoch: 0230 lr: 0.01 train_loss: 0.4415 train_acc: 0.8000 train_f1: 0.8000 time: 0.5234s
INFO:root:Epoch: 0230 val_loss: 0.6848 val_acc: 0.7860 val_f1: 0.7860
INFO:root:Epoch: 0235 lr: 0.01 train_loss: 0.5286 train_acc: 0.8167 train_f1: 0.8167 time: 0.5265s
INFO:root:Epoch: 0235 val_loss: 0.6824 val_acc: 0.7860 val_f1: 0.7860
INFO:root:Epoch: 0240 lr: 0.01 train_loss: 0.4810 train_acc: 0.8500 train_f1: 0.8500 time: 0.5099s
INFO:root:Epoch: 0240 val_loss: 0.6843 val_acc: 0.7840 val_f1: 0.7840
INFO:root:Epoch: 0245 lr: 0.01 train_loss: 0.5959 train_acc: 0.7000 train_f1: 0.7000 time: 0.5187s
INFO:root:Epoch: 0245 val_loss: 0.6884 val_acc: 0.7780 val_f1: 0.7780
INFO:root:Epoch: 0250 lr: 0.01 train_loss: 0.5625 train_acc: 0.7667 train_f1: 0.7667 time: 0.5114s
INFO:root:Epoch: 0250 val_loss: 0.6891 val_acc: 0.7820 val_f1: 0.7820
INFO:root:Epoch: 0255 lr: 0.01 train_loss: 0.4619 train_acc: 0.7833 train_f1: 0.7833 time: 0.5377s
INFO:root:Epoch: 0255 val_loss: 0.6925 val_acc: 0.7760 val_f1: 0.7760
INFO:root:Epoch: 0260 lr: 0.01 train_loss: 0.4516 train_acc: 0.8167 train_f1: 0.8167 time: 0.5134s
INFO:root:Epoch: 0260 val_loss: 0.6945 val_acc: 0.7780 val_f1: 0.7780
INFO:root:Epoch: 0265 lr: 0.01 train_loss: 0.4408 train_acc: 0.7833 train_f1: 0.7833 time: 0.5430s
INFO:root:Epoch: 0265 val_loss: 0.6883 val_acc: 0.7800 val_f1: 0.7800
INFO:root:Epoch: 0270 lr: 0.01 train_loss: 0.4255 train_acc: 0.8500 train_f1: 0.8500 time: 0.5067s
INFO:root:Epoch: 0270 val_loss: 0.6811 val_acc: 0.7820 val_f1: 0.7820
INFO:root:Epoch: 0275 lr: 0.01 train_loss: 0.4732 train_acc: 0.7667 train_f1: 0.7667 time: 0.5221s
INFO:root:Epoch: 0275 val_loss: 0.6773 val_acc: 0.7820 val_f1: 0.7820
INFO:root:Epoch: 0280 lr: 0.01 train_loss: 0.5257 train_acc: 0.7500 train_f1: 0.7500 time: 0.5230s
INFO:root:Epoch: 0280 val_loss: 0.6785 val_acc: 0.7760 val_f1: 0.7760
INFO:root:Epoch: 0285 lr: 0.01 train_loss: 0.5034 train_acc: 0.7333 train_f1: 0.7333 time: 0.5271s
INFO:root:Epoch: 0285 val_loss: 0.6808 val_acc: 0.7740 val_f1: 0.7740
INFO:root:Early stopping
INFO:root:Optimization Finished!
INFO:root:Total time elapsed: 261.3993s
INFO:root:Val set results: val_loss: 0.7138 val_acc: 0.7880 val_f1: 0.7880
INFO:root:Test set results: test_loss: 0.7299 test_acc: 0.7610 test_f1: 0.7610
