INFO:root:Using: cpu
INFO:root:Using seed 1234.
INFO:root:Num classes: 3
INFO:root:NCModel(
  (encoder): HypGCN(
    (layers): Sequential(
      (0): HyperbolicGraphConvolution(
        (linear): HypLinear(in_features=500, out_features=64, c=tensor([1.]))
        (agg): HypAgg(c=tensor([1.]), use_att=0)
        (hyp_act): HypAct(c_in=tensor([1.]), c_out=tensor([1.]))
      )
    )
  )
  (decoder): LinearDecoder(
    in_features=64, out_features=3, bias=0, c=tensor([1.])
    (cls): Linear(
      (linear): Linear(in_features=64, out_features=3, bias=False)
    )
  )
)
INFO:root:Total number of parameters: 32256
INFO:root:Epoch: 0005 lr: 0.01 train_loss: 1.0961 train_acc: 0.5167 train_f1: 0.5167 time: 0.8779s
INFO:root:Epoch: 0005 val_loss: 1.0974 val_acc: 0.4860 val_f1: 0.4860
INFO:root:Epoch: 0010 lr: 0.01 train_loss: 1.0934 train_acc: 0.6000 train_f1: 0.6000 time: 0.9516s
INFO:root:Epoch: 0010 val_loss: 1.0949 val_acc: 0.6300 val_f1: 0.6300
INFO:root:Epoch: 0015 lr: 0.01 train_loss: 1.0881 train_acc: 0.5333 train_f1: 0.5333 time: 0.8824s
INFO:root:Epoch: 0015 val_loss: 1.0899 val_acc: 0.6860 val_f1: 0.6860
INFO:root:Epoch: 0020 lr: 0.01 train_loss: 1.0664 train_acc: 0.7167 train_f1: 0.7167 time: 0.9281s
INFO:root:Epoch: 0020 val_loss: 1.0812 val_acc: 0.7000 val_f1: 0.7000
INFO:root:Epoch: 0025 lr: 0.01 train_loss: 1.0503 train_acc: 0.6833 train_f1: 0.6833 time: 0.9157s
INFO:root:Epoch: 0025 val_loss: 1.0692 val_acc: 0.6860 val_f1: 0.6860
INFO:root:Epoch: 0030 lr: 0.01 train_loss: 1.0097 train_acc: 0.7833 train_f1: 0.7833 time: 0.8648s
INFO:root:Epoch: 0030 val_loss: 1.0522 val_acc: 0.6940 val_f1: 0.6940
INFO:root:Epoch: 0035 lr: 0.01 train_loss: 0.9878 train_acc: 0.6500 train_f1: 0.6500 time: 0.8929s
INFO:root:Epoch: 0035 val_loss: 1.0263 val_acc: 0.7380 val_f1: 0.7380
INFO:root:Epoch: 0040 lr: 0.01 train_loss: 0.9357 train_acc: 0.7167 train_f1: 0.7167 time: 0.9117s
INFO:root:Epoch: 0040 val_loss: 0.9951 val_acc: 0.7520 val_f1: 0.7520
INFO:root:Epoch: 0045 lr: 0.01 train_loss: 0.8778 train_acc: 0.7833 train_f1: 0.7833 time: 0.8908s
INFO:root:Epoch: 0045 val_loss: 0.9633 val_acc: 0.7560 val_f1: 0.7560
INFO:root:Epoch: 0050 lr: 0.01 train_loss: 0.8107 train_acc: 0.7000 train_f1: 0.7000 time: 0.9174s
INFO:root:Epoch: 0050 val_loss: 0.9309 val_acc: 0.7540 val_f1: 0.7540
INFO:root:Epoch: 0055 lr: 0.01 train_loss: 0.7577 train_acc: 0.8000 train_f1: 0.8000 time: 0.8942s
INFO:root:Epoch: 0055 val_loss: 0.9000 val_acc: 0.7420 val_f1: 0.7420
INFO:root:Epoch: 0060 lr: 0.01 train_loss: 0.8061 train_acc: 0.6833 train_f1: 0.6833 time: 0.9015s
INFO:root:Epoch: 0060 val_loss: 0.8676 val_acc: 0.7440 val_f1: 0.7440
INFO:root:Epoch: 0065 lr: 0.01 train_loss: 0.6819 train_acc: 0.7167 train_f1: 0.7167 time: 0.8953s
INFO:root:Epoch: 0065 val_loss: 0.8420 val_acc: 0.7480 val_f1: 0.7480
INFO:root:Epoch: 0070 lr: 0.01 train_loss: 0.6535 train_acc: 0.8500 train_f1: 0.8500 time: 0.8997s
INFO:root:Epoch: 0070 val_loss: 0.8177 val_acc: 0.7560 val_f1: 0.7560
INFO:root:Epoch: 0075 lr: 0.01 train_loss: 0.6504 train_acc: 0.7500 train_f1: 0.7500 time: 0.8913s
INFO:root:Epoch: 0075 val_loss: 0.7952 val_acc: 0.7760 val_f1: 0.7760
INFO:root:Epoch: 0080 lr: 0.01 train_loss: 0.6649 train_acc: 0.6833 train_f1: 0.6833 time: 0.8955s
INFO:root:Epoch: 0080 val_loss: 0.7795 val_acc: 0.7760 val_f1: 0.7760
INFO:root:Epoch: 0085 lr: 0.01 train_loss: 0.5175 train_acc: 0.8833 train_f1: 0.8833 time: 0.9080s
INFO:root:Epoch: 0085 val_loss: 0.7684 val_acc: 0.7700 val_f1: 0.7700
INFO:root:Epoch: 0090 lr: 0.01 train_loss: 0.6001 train_acc: 0.7833 train_f1: 0.7833 time: 0.9151s
INFO:root:Epoch: 0090 val_loss: 0.7590 val_acc: 0.7700 val_f1: 0.7700
INFO:root:Epoch: 0095 lr: 0.01 train_loss: 0.5693 train_acc: 0.7500 train_f1: 0.7500 time: 0.9898s
INFO:root:Epoch: 0095 val_loss: 0.7482 val_acc: 0.7680 val_f1: 0.7680
INFO:root:Epoch: 0100 lr: 0.01 train_loss: 0.4723 train_acc: 0.8000 train_f1: 0.8000 time: 0.9457s
INFO:root:Epoch: 0100 val_loss: 0.7274 val_acc: 0.7740 val_f1: 0.7740
INFO:root:Epoch: 0105 lr: 0.01 train_loss: 0.4935 train_acc: 0.8167 train_f1: 0.8167 time: 0.9545s
INFO:root:Epoch: 0105 val_loss: 0.7134 val_acc: 0.7760 val_f1: 0.7760
INFO:root:Epoch: 0110 lr: 0.01 train_loss: 0.5196 train_acc: 0.8000 train_f1: 0.8000 time: 0.8867s
INFO:root:Epoch: 0110 val_loss: 0.7091 val_acc: 0.7680 val_f1: 0.7680
INFO:root:Epoch: 0115 lr: 0.01 train_loss: 0.5120 train_acc: 0.7500 train_f1: 0.7500 time: 0.9197s
INFO:root:Epoch: 0115 val_loss: 0.7120 val_acc: 0.7720 val_f1: 0.7720
INFO:root:Epoch: 0120 lr: 0.01 train_loss: 0.4701 train_acc: 0.8333 train_f1: 0.8333 time: 0.8952s
INFO:root:Epoch: 0120 val_loss: 0.7131 val_acc: 0.7760 val_f1: 0.7760
INFO:root:Epoch: 0125 lr: 0.01 train_loss: 0.5810 train_acc: 0.6667 train_f1: 0.6667 time: 0.9116s
INFO:root:Epoch: 0125 val_loss: 0.7078 val_acc: 0.7720 val_f1: 0.7720
INFO:root:Epoch: 0130 lr: 0.01 train_loss: 0.4983 train_acc: 0.8000 train_f1: 0.8000 time: 0.8944s
INFO:root:Epoch: 0130 val_loss: 0.7019 val_acc: 0.7700 val_f1: 0.7700
INFO:root:Epoch: 0135 lr: 0.01 train_loss: 0.5634 train_acc: 0.7167 train_f1: 0.7167 time: 0.8874s
INFO:root:Epoch: 0135 val_loss: 0.6978 val_acc: 0.7760 val_f1: 0.7760
INFO:root:Epoch: 0140 lr: 0.01 train_loss: 0.4929 train_acc: 0.7833 train_f1: 0.7833 time: 0.8931s
INFO:root:Epoch: 0140 val_loss: 0.6956 val_acc: 0.7660 val_f1: 0.7660
INFO:root:Epoch: 0145 lr: 0.01 train_loss: 0.4362 train_acc: 0.8333 train_f1: 0.8333 time: 0.8824s
INFO:root:Epoch: 0145 val_loss: 0.6909 val_acc: 0.7700 val_f1: 0.7700
INFO:root:Epoch: 0150 lr: 0.01 train_loss: 0.5126 train_acc: 0.7833 train_f1: 0.7833 time: 0.8881s
INFO:root:Epoch: 0150 val_loss: 0.6916 val_acc: 0.7680 val_f1: 0.7680
INFO:root:Epoch: 0155 lr: 0.01 train_loss: 0.5142 train_acc: 0.7667 train_f1: 0.7667 time: 0.9088s
INFO:root:Epoch: 0155 val_loss: 0.6948 val_acc: 0.7640 val_f1: 0.7640
INFO:root:Epoch: 0160 lr: 0.01 train_loss: 0.4928 train_acc: 0.8167 train_f1: 0.8167 time: 0.9164s
INFO:root:Epoch: 0160 val_loss: 0.6933 val_acc: 0.7640 val_f1: 0.7640
INFO:root:Epoch: 0165 lr: 0.01 train_loss: 0.4131 train_acc: 0.8500 train_f1: 0.8500 time: 0.8888s
INFO:root:Epoch: 0165 val_loss: 0.6843 val_acc: 0.7740 val_f1: 0.7740
INFO:root:Epoch: 0170 lr: 0.01 train_loss: 0.5921 train_acc: 0.7167 train_f1: 0.7167 time: 0.8914s
INFO:root:Epoch: 0170 val_loss: 0.6823 val_acc: 0.7720 val_f1: 0.7720
INFO:root:Epoch: 0175 lr: 0.01 train_loss: 0.3960 train_acc: 0.8167 train_f1: 0.8167 time: 0.8737s
INFO:root:Epoch: 0175 val_loss: 0.6842 val_acc: 0.7720 val_f1: 0.7720
INFO:root:Early stopping
INFO:root:Optimization Finished!
INFO:root:Total time elapsed: 240.4776s
INFO:root:Val set results: val_loss: 0.7952 val_acc: 0.7760 val_f1: 0.7760
INFO:root:Test set results: test_loss: 0.8062 test_acc: 0.7620 test_f1: 0.7620
