INFO:root:Using: cpu
INFO:root:Using seed 1234.
INFO:root:Num classes: 3
INFO:root:NCModel(
  (encoder): HypGCN(
    (layers): Sequential(
      (0): HyperbolicGraphConvolution(
        (linear): HypLinear(in_features=500, out_features=8, c=tensor([1.]))
        (agg): HypAgg(c=tensor([1.]), use_att=0)
        (hyp_act): HypAct(c_in=tensor([1.]), c_out=tensor([1.]))
      )
    )
  )
  (decoder): LinearDecoder(
    in_features=8, out_features=3, bias=0, c=tensor([1.])
    (cls): Linear(
      (linear): Linear(in_features=8, out_features=3, bias=False)
    )
  )
)
INFO:root:Total number of parameters: 4032
INFO:root:Epoch: 0005 lr: 0.01 train_loss: 1.0975 train_acc: 0.4500 train_f1: 0.4500 time: 0.4680s
INFO:root:Epoch: 0005 val_loss: 1.0973 val_acc: 0.5400 val_f1: 0.5400
INFO:root:Epoch: 0010 lr: 0.01 train_loss: 1.0961 train_acc: 0.5333 train_f1: 0.5333 time: 0.4787s
INFO:root:Epoch: 0010 val_loss: 1.0950 val_acc: 0.5980 val_f1: 0.5980
INFO:root:Epoch: 0015 lr: 0.01 train_loss: 1.0921 train_acc: 0.5000 train_f1: 0.5000 time: 0.4689s
INFO:root:Epoch: 0015 val_loss: 1.0915 val_acc: 0.6060 val_f1: 0.6060
INFO:root:Epoch: 0020 lr: 0.01 train_loss: 1.0860 train_acc: 0.5333 train_f1: 0.5333 time: 0.4769s
INFO:root:Epoch: 0020 val_loss: 1.0870 val_acc: 0.6140 val_f1: 0.6140
INFO:root:Epoch: 0025 lr: 0.01 train_loss: 1.0836 train_acc: 0.5500 train_f1: 0.5500 time: 0.4871s
INFO:root:Epoch: 0025 val_loss: 1.0810 val_acc: 0.6120 val_f1: 0.6120
INFO:root:Epoch: 0030 lr: 0.01 train_loss: 1.0746 train_acc: 0.5333 train_f1: 0.5333 time: 0.4856s
INFO:root:Epoch: 0030 val_loss: 1.0731 val_acc: 0.6020 val_f1: 0.6020
INFO:root:Epoch: 0035 lr: 0.01 train_loss: 1.0540 train_acc: 0.5667 train_f1: 0.5667 time: 0.4731s
INFO:root:Epoch: 0035 val_loss: 1.0642 val_acc: 0.6060 val_f1: 0.6060
INFO:root:Epoch: 0040 lr: 0.01 train_loss: 1.0548 train_acc: 0.5167 train_f1: 0.5167 time: 0.4671s
INFO:root:Epoch: 0040 val_loss: 1.0549 val_acc: 0.6180 val_f1: 0.6180
INFO:root:Epoch: 0045 lr: 0.01 train_loss: 1.0377 train_acc: 0.5667 train_f1: 0.5667 time: 0.4711s
INFO:root:Epoch: 0045 val_loss: 1.0450 val_acc: 0.6340 val_f1: 0.6340
INFO:root:Epoch: 0050 lr: 0.01 train_loss: 0.9996 train_acc: 0.6000 train_f1: 0.6000 time: 0.4648s
INFO:root:Epoch: 0050 val_loss: 1.0319 val_acc: 0.6380 val_f1: 0.6380
INFO:root:Epoch: 0055 lr: 0.01 train_loss: 1.0243 train_acc: 0.4833 train_f1: 0.4833 time: 0.4700s
INFO:root:Epoch: 0055 val_loss: 1.0171 val_acc: 0.6340 val_f1: 0.6340
INFO:root:Epoch: 0060 lr: 0.01 train_loss: 0.9430 train_acc: 0.7000 train_f1: 0.7000 time: 0.4651s
INFO:root:Epoch: 0060 val_loss: 1.0023 val_acc: 0.6380 val_f1: 0.6380
INFO:root:Epoch: 0065 lr: 0.01 train_loss: 0.9666 train_acc: 0.5500 train_f1: 0.5500 time: 0.4655s
INFO:root:Epoch: 0065 val_loss: 0.9878 val_acc: 0.6680 val_f1: 0.6680
INFO:root:Epoch: 0070 lr: 0.01 train_loss: 0.9713 train_acc: 0.5500 train_f1: 0.5500 time: 0.4708s
INFO:root:Epoch: 0070 val_loss: 0.9738 val_acc: 0.6720 val_f1: 0.6720
INFO:root:Epoch: 0075 lr: 0.01 train_loss: 0.9665 train_acc: 0.4667 train_f1: 0.4667 time: 0.4626s
INFO:root:Epoch: 0075 val_loss: 0.9580 val_acc: 0.6700 val_f1: 0.6700
INFO:root:Epoch: 0080 lr: 0.01 train_loss: 0.9131 train_acc: 0.5500 train_f1: 0.5500 time: 0.4708s
INFO:root:Epoch: 0080 val_loss: 0.9425 val_acc: 0.6640 val_f1: 0.6640
INFO:root:Epoch: 0085 lr: 0.01 train_loss: 0.9038 train_acc: 0.6000 train_f1: 0.6000 time: 0.4665s
INFO:root:Epoch: 0085 val_loss: 0.9329 val_acc: 0.6700 val_f1: 0.6700
INFO:root:Epoch: 0090 lr: 0.01 train_loss: 0.8601 train_acc: 0.6833 train_f1: 0.6833 time: 0.4603s
INFO:root:Epoch: 0090 val_loss: 0.9243 val_acc: 0.6780 val_f1: 0.6780
INFO:root:Epoch: 0095 lr: 0.01 train_loss: 0.8550 train_acc: 0.6833 train_f1: 0.6833 time: 0.4624s
INFO:root:Epoch: 0095 val_loss: 0.9137 val_acc: 0.6900 val_f1: 0.6900
INFO:root:Epoch: 0100 lr: 0.01 train_loss: 0.8715 train_acc: 0.6833 train_f1: 0.6833 time: 0.4757s
INFO:root:Epoch: 0100 val_loss: 0.9033 val_acc: 0.6920 val_f1: 0.6920
INFO:root:Epoch: 0105 lr: 0.01 train_loss: 0.8142 train_acc: 0.8000 train_f1: 0.8000 time: 0.4814s
INFO:root:Epoch: 0105 val_loss: 0.8929 val_acc: 0.6900 val_f1: 0.6900
INFO:root:Epoch: 0110 lr: 0.01 train_loss: 0.8427 train_acc: 0.6500 train_f1: 0.6500 time: 0.4675s
INFO:root:Epoch: 0110 val_loss: 0.8823 val_acc: 0.7040 val_f1: 0.7040
INFO:root:Epoch: 0115 lr: 0.01 train_loss: 0.8099 train_acc: 0.6667 train_f1: 0.6667 time: 0.4601s
INFO:root:Epoch: 0115 val_loss: 0.8735 val_acc: 0.7300 val_f1: 0.7300
INFO:root:Epoch: 0120 lr: 0.01 train_loss: 0.8435 train_acc: 0.6500 train_f1: 0.6500 time: 0.4553s
INFO:root:Epoch: 0120 val_loss: 0.8671 val_acc: 0.7420 val_f1: 0.7420
INFO:root:Epoch: 0125 lr: 0.01 train_loss: 0.7927 train_acc: 0.6500 train_f1: 0.6500 time: 0.4761s
INFO:root:Epoch: 0125 val_loss: 0.8606 val_acc: 0.7440 val_f1: 0.7440
INFO:root:Epoch: 0130 lr: 0.01 train_loss: 0.8757 train_acc: 0.6500 train_f1: 0.6500 time: 0.4627s
INFO:root:Epoch: 0130 val_loss: 0.8549 val_acc: 0.7400 val_f1: 0.7400
INFO:root:Epoch: 0135 lr: 0.01 train_loss: 0.7500 train_acc: 0.7833 train_f1: 0.7833 time: 0.4670s
INFO:root:Epoch: 0135 val_loss: 0.8487 val_acc: 0.7340 val_f1: 0.7340
INFO:root:Epoch: 0140 lr: 0.01 train_loss: 0.6861 train_acc: 0.8500 train_f1: 0.8500 time: 0.4793s
INFO:root:Epoch: 0140 val_loss: 0.8423 val_acc: 0.7260 val_f1: 0.7260
INFO:root:Epoch: 0145 lr: 0.01 train_loss: 0.7057 train_acc: 0.6500 train_f1: 0.6500 time: 0.4695s
INFO:root:Epoch: 0145 val_loss: 0.8364 val_acc: 0.7480 val_f1: 0.7480
INFO:root:Epoch: 0150 lr: 0.01 train_loss: 0.7928 train_acc: 0.6667 train_f1: 0.6667 time: 0.4697s
INFO:root:Epoch: 0150 val_loss: 0.8304 val_acc: 0.7560 val_f1: 0.7560
INFO:root:Epoch: 0155 lr: 0.01 train_loss: 0.7150 train_acc: 0.7167 train_f1: 0.7167 time: 0.4760s
INFO:root:Epoch: 0155 val_loss: 0.8246 val_acc: 0.7600 val_f1: 0.7600
INFO:root:Epoch: 0160 lr: 0.01 train_loss: 0.6979 train_acc: 0.7333 train_f1: 0.7333 time: 0.4772s
INFO:root:Epoch: 0160 val_loss: 0.8202 val_acc: 0.7680 val_f1: 0.7680
INFO:root:Epoch: 0165 lr: 0.01 train_loss: 0.7515 train_acc: 0.7167 train_f1: 0.7167 time: 0.4766s
INFO:root:Epoch: 0165 val_loss: 0.8156 val_acc: 0.7640 val_f1: 0.7640
INFO:root:Epoch: 0170 lr: 0.01 train_loss: 0.6738 train_acc: 0.7167 train_f1: 0.7167 time: 0.4736s
INFO:root:Epoch: 0170 val_loss: 0.8112 val_acc: 0.7660 val_f1: 0.7660
INFO:root:Epoch: 0175 lr: 0.01 train_loss: 0.7345 train_acc: 0.7167 train_f1: 0.7167 time: 0.4839s
INFO:root:Epoch: 0175 val_loss: 0.8069 val_acc: 0.7640 val_f1: 0.7640
INFO:root:Epoch: 0180 lr: 0.01 train_loss: 0.6819 train_acc: 0.7833 train_f1: 0.7833 time: 0.4713s
INFO:root:Epoch: 0180 val_loss: 0.8019 val_acc: 0.7580 val_f1: 0.7580
INFO:root:Epoch: 0185 lr: 0.01 train_loss: 0.6596 train_acc: 0.7333 train_f1: 0.7333 time: 0.4772s
INFO:root:Epoch: 0185 val_loss: 0.7963 val_acc: 0.7580 val_f1: 0.7580
INFO:root:Epoch: 0190 lr: 0.01 train_loss: 0.6620 train_acc: 0.8000 train_f1: 0.8000 time: 0.4814s
INFO:root:Epoch: 0190 val_loss: 0.7899 val_acc: 0.7560 val_f1: 0.7560
INFO:root:Epoch: 0195 lr: 0.01 train_loss: 0.7105 train_acc: 0.7000 train_f1: 0.7000 time: 0.4737s
INFO:root:Epoch: 0195 val_loss: 0.7823 val_acc: 0.7500 val_f1: 0.7500
INFO:root:Epoch: 0200 lr: 0.01 train_loss: 0.6467 train_acc: 0.7500 train_f1: 0.7500 time: 0.4817s
INFO:root:Epoch: 0200 val_loss: 0.7793 val_acc: 0.7500 val_f1: 0.7500
INFO:root:Epoch: 0205 lr: 0.01 train_loss: 0.6926 train_acc: 0.7167 train_f1: 0.7167 time: 0.4828s
INFO:root:Epoch: 0205 val_loss: 0.7789 val_acc: 0.7600 val_f1: 0.7600
INFO:root:Epoch: 0210 lr: 0.01 train_loss: 0.5964 train_acc: 0.8333 train_f1: 0.8333 time: 0.4792s
INFO:root:Epoch: 0210 val_loss: 0.7798 val_acc: 0.7660 val_f1: 0.7660
INFO:root:Epoch: 0215 lr: 0.01 train_loss: 0.6261 train_acc: 0.8333 train_f1: 0.8333 time: 0.4732s
INFO:root:Epoch: 0215 val_loss: 0.7737 val_acc: 0.7620 val_f1: 0.7620
INFO:root:Epoch: 0220 lr: 0.01 train_loss: 0.6516 train_acc: 0.6500 train_f1: 0.6500 time: 0.4711s
INFO:root:Epoch: 0220 val_loss: 0.7646 val_acc: 0.7580 val_f1: 0.7580
INFO:root:Epoch: 0225 lr: 0.01 train_loss: 0.5843 train_acc: 0.7500 train_f1: 0.7500 time: 0.4796s
INFO:root:Epoch: 0225 val_loss: 0.7593 val_acc: 0.7540 val_f1: 0.7540
INFO:root:Epoch: 0230 lr: 0.01 train_loss: 0.6435 train_acc: 0.7833 train_f1: 0.7833 time: 0.4871s
INFO:root:Epoch: 0230 val_loss: 0.7580 val_acc: 0.7560 val_f1: 0.7560
INFO:root:Epoch: 0235 lr: 0.01 train_loss: 0.5676 train_acc: 0.8167 train_f1: 0.8167 time: 0.4982s
INFO:root:Epoch: 0235 val_loss: 0.7559 val_acc: 0.7580 val_f1: 0.7580
INFO:root:Epoch: 0240 lr: 0.01 train_loss: 0.4418 train_acc: 0.9167 train_f1: 0.9167 time: 0.4833s
INFO:root:Epoch: 0240 val_loss: 0.7549 val_acc: 0.7580 val_f1: 0.7580
INFO:root:Epoch: 0245 lr: 0.01 train_loss: 0.6277 train_acc: 0.7500 train_f1: 0.7500 time: 0.4913s
INFO:root:Epoch: 0245 val_loss: 0.7579 val_acc: 0.7620 val_f1: 0.7620
INFO:root:Epoch: 0250 lr: 0.01 train_loss: 0.6549 train_acc: 0.7500 train_f1: 0.7500 time: 0.4701s
INFO:root:Epoch: 0250 val_loss: 0.7604 val_acc: 0.7680 val_f1: 0.7680
INFO:root:Epoch: 0255 lr: 0.01 train_loss: 0.6096 train_acc: 0.7167 train_f1: 0.7167 time: 0.4755s
INFO:root:Epoch: 0255 val_loss: 0.7611 val_acc: 0.7680 val_f1: 0.7680
INFO:root:Epoch: 0260 lr: 0.01 train_loss: 0.6749 train_acc: 0.7000 train_f1: 0.7000 time: 0.4780s
INFO:root:Epoch: 0260 val_loss: 0.7588 val_acc: 0.7680 val_f1: 0.7680
INFO:root:Early stopping
INFO:root:Optimization Finished!
INFO:root:Total time elapsed: 223.1728s
INFO:root:Val set results: val_loss: 0.8195 val_acc: 0.7700 val_f1: 0.7700
INFO:root:Test set results: test_loss: 0.8149 test_acc: 0.7670 test_f1: 0.7670
