INFO:root:Using: cpu
INFO:root:Using seed 1234.
INFO:root:Num classes: 3
INFO:root:NCModel(
  (encoder): HypGCN(
    (layers): Sequential(
      (0): HyperbolicGraphConvolution(
        (linear): HypLinear(in_features=500, out_features=8, c=tensor([1.]))
        (agg): HypAgg(c=tensor([1.]), use_att=0)
        (hyp_act): HypAct(c_in=tensor([1.]), c_out=tensor([1.]))
      )
    )
  )
  (decoder): LinearDecoder(
    in_features=8, out_features=3, bias=0, c=tensor([1.])
    (cls): Linear(
      (linear): Linear(in_features=8, out_features=3, bias=False)
    )
  )
)
INFO:root:Total number of parameters: 4032
INFO:root:Epoch: 0005 lr: 0.01 train_loss: 1.0942 train_acc: 0.4333 train_f1: 0.4333 time: 0.2506s
INFO:root:Epoch: 0005 val_loss: 1.0946 val_acc: 0.6280 val_f1: 0.6280
INFO:root:Epoch: 0010 lr: 0.01 train_loss: 1.0903 train_acc: 0.4667 train_f1: 0.4667 time: 0.2263s
INFO:root:Epoch: 0010 val_loss: 1.0882 val_acc: 0.6460 val_f1: 0.6460
INFO:root:Epoch: 0015 lr: 0.01 train_loss: 1.0786 train_acc: 0.4833 train_f1: 0.4833 time: 0.2255s
INFO:root:Epoch: 0015 val_loss: 1.0796 val_acc: 0.6720 val_f1: 0.6720
INFO:root:Epoch: 0020 lr: 0.01 train_loss: 1.0620 train_acc: 0.6000 train_f1: 0.6000 time: 0.2289s
INFO:root:Epoch: 0020 val_loss: 1.0691 val_acc: 0.6580 val_f1: 0.6580
INFO:root:Epoch: 0025 lr: 0.01 train_loss: 1.0420 train_acc: 0.6667 train_f1: 0.6667 time: 0.2281s
INFO:root:Epoch: 0025 val_loss: 1.0554 val_acc: 0.6720 val_f1: 0.6720
INFO:root:Epoch: 0030 lr: 0.01 train_loss: 1.0183 train_acc: 0.6333 train_f1: 0.6333 time: 0.2314s
INFO:root:Epoch: 0030 val_loss: 1.0383 val_acc: 0.6900 val_f1: 0.6900
INFO:root:Epoch: 0035 lr: 0.01 train_loss: 0.9815 train_acc: 0.6333 train_f1: 0.6333 time: 0.2268s
INFO:root:Epoch: 0035 val_loss: 1.0204 val_acc: 0.7100 val_f1: 0.7100
INFO:root:Epoch: 0040 lr: 0.01 train_loss: 0.9788 train_acc: 0.6167 train_f1: 0.6167 time: 0.2271s
INFO:root:Epoch: 0040 val_loss: 1.0021 val_acc: 0.7520 val_f1: 0.7520
INFO:root:Epoch: 0045 lr: 0.01 train_loss: 0.9373 train_acc: 0.6167 train_f1: 0.6167 time: 0.2259s
INFO:root:Epoch: 0045 val_loss: 0.9831 val_acc: 0.7560 val_f1: 0.7560
INFO:root:Epoch: 0050 lr: 0.01 train_loss: 0.8918 train_acc: 0.7167 train_f1: 0.7167 time: 0.2253s
INFO:root:Epoch: 0050 val_loss: 0.9601 val_acc: 0.7560 val_f1: 0.7560
INFO:root:Epoch: 0055 lr: 0.01 train_loss: 0.8810 train_acc: 0.6000 train_f1: 0.6000 time: 0.2317s
INFO:root:Epoch: 0055 val_loss: 0.9346 val_acc: 0.7640 val_f1: 0.7640
INFO:root:Epoch: 0060 lr: 0.01 train_loss: 0.7538 train_acc: 0.7833 train_f1: 0.7833 time: 0.2259s
INFO:root:Epoch: 0060 val_loss: 0.9098 val_acc: 0.7600 val_f1: 0.7600
INFO:root:Epoch: 0065 lr: 0.01 train_loss: 0.7906 train_acc: 0.6833 train_f1: 0.6833 time: 0.2279s
INFO:root:Epoch: 0065 val_loss: 0.8874 val_acc: 0.7640 val_f1: 0.7640
INFO:root:Epoch: 0070 lr: 0.01 train_loss: 0.7810 train_acc: 0.7500 train_f1: 0.7500 time: 0.2281s
INFO:root:Epoch: 0070 val_loss: 0.8667 val_acc: 0.7700 val_f1: 0.7700
INFO:root:Epoch: 0075 lr: 0.01 train_loss: 0.7333 train_acc: 0.7167 train_f1: 0.7167 time: 0.2275s
INFO:root:Epoch: 0075 val_loss: 0.8438 val_acc: 0.7780 val_f1: 0.7780
INFO:root:Epoch: 0080 lr: 0.01 train_loss: 0.6604 train_acc: 0.8167 train_f1: 0.8167 time: 0.2328s
INFO:root:Epoch: 0080 val_loss: 0.8225 val_acc: 0.7740 val_f1: 0.7740
INFO:root:Epoch: 0085 lr: 0.01 train_loss: 0.5990 train_acc: 0.7667 train_f1: 0.7667 time: 0.2284s
INFO:root:Epoch: 0085 val_loss: 0.8099 val_acc: 0.7800 val_f1: 0.7800
INFO:root:Epoch: 0090 lr: 0.01 train_loss: 0.5800 train_acc: 0.7833 train_f1: 0.7833 time: 0.2282s
INFO:root:Epoch: 0090 val_loss: 0.7985 val_acc: 0.7840 val_f1: 0.7840
INFO:root:Epoch: 0095 lr: 0.01 train_loss: 0.6024 train_acc: 0.7833 train_f1: 0.7833 time: 0.2270s
INFO:root:Epoch: 0095 val_loss: 0.7868 val_acc: 0.7820 val_f1: 0.7820
INFO:root:Epoch: 0100 lr: 0.01 train_loss: 0.6051 train_acc: 0.7500 train_f1: 0.7500 time: 0.2425s
INFO:root:Epoch: 0100 val_loss: 0.7759 val_acc: 0.7800 val_f1: 0.7800
INFO:root:Epoch: 0105 lr: 0.01 train_loss: 0.4921 train_acc: 0.8833 train_f1: 0.8833 time: 0.2267s
INFO:root:Epoch: 0105 val_loss: 0.7628 val_acc: 0.7800 val_f1: 0.7800
INFO:root:Epoch: 0110 lr: 0.01 train_loss: 0.5747 train_acc: 0.7833 train_f1: 0.7833 time: 0.2334s
INFO:root:Epoch: 0110 val_loss: 0.7533 val_acc: 0.7740 val_f1: 0.7740
INFO:root:Epoch: 0115 lr: 0.01 train_loss: 0.4910 train_acc: 0.8333 train_f1: 0.8333 time: 0.2267s
INFO:root:Epoch: 0115 val_loss: 0.7433 val_acc: 0.7740 val_f1: 0.7740
INFO:root:Epoch: 0120 lr: 0.01 train_loss: 0.5896 train_acc: 0.7500 train_f1: 0.7500 time: 0.2274s
INFO:root:Epoch: 0120 val_loss: 0.7362 val_acc: 0.7740 val_f1: 0.7740
INFO:root:Epoch: 0125 lr: 0.01 train_loss: 0.5728 train_acc: 0.7167 train_f1: 0.7167 time: 0.2310s
INFO:root:Epoch: 0125 val_loss: 0.7306 val_acc: 0.7740 val_f1: 0.7740
INFO:root:Epoch: 0130 lr: 0.01 train_loss: 0.6693 train_acc: 0.7000 train_f1: 0.7000 time: 0.2302s
INFO:root:Epoch: 0130 val_loss: 0.7274 val_acc: 0.7700 val_f1: 0.7700
INFO:root:Epoch: 0135 lr: 0.01 train_loss: 0.4562 train_acc: 0.8667 train_f1: 0.8667 time: 0.2300s
INFO:root:Epoch: 0135 val_loss: 0.7214 val_acc: 0.7740 val_f1: 0.7740
INFO:root:Epoch: 0140 lr: 0.01 train_loss: 0.3991 train_acc: 0.9333 train_f1: 0.9333 time: 0.2256s
INFO:root:Epoch: 0140 val_loss: 0.7159 val_acc: 0.7760 val_f1: 0.7760
INFO:root:Epoch: 0145 lr: 0.01 train_loss: 0.4033 train_acc: 0.8000 train_f1: 0.8000 time: 0.2284s
INFO:root:Epoch: 0145 val_loss: 0.7091 val_acc: 0.7700 val_f1: 0.7700
INFO:root:Epoch: 0150 lr: 0.01 train_loss: 0.5541 train_acc: 0.7500 train_f1: 0.7500 time: 0.2280s
INFO:root:Epoch: 0150 val_loss: 0.7057 val_acc: 0.7720 val_f1: 0.7720
INFO:root:Epoch: 0155 lr: 0.01 train_loss: 0.4955 train_acc: 0.7333 train_f1: 0.7333 time: 0.2353s
INFO:root:Epoch: 0155 val_loss: 0.7039 val_acc: 0.7680 val_f1: 0.7680
INFO:root:Epoch: 0160 lr: 0.01 train_loss: 0.4886 train_acc: 0.7667 train_f1: 0.7667 time: 0.2301s
INFO:root:Epoch: 0160 val_loss: 0.7041 val_acc: 0.7640 val_f1: 0.7640
INFO:root:Epoch: 0165 lr: 0.01 train_loss: 0.5263 train_acc: 0.7667 train_f1: 0.7667 time: 0.2301s
INFO:root:Epoch: 0165 val_loss: 0.7011 val_acc: 0.7680 val_f1: 0.7680
INFO:root:Epoch: 0170 lr: 0.01 train_loss: 0.4178 train_acc: 0.7500 train_f1: 0.7500 time: 0.2310s
INFO:root:Epoch: 0170 val_loss: 0.6965 val_acc: 0.7720 val_f1: 0.7720
INFO:root:Epoch: 0175 lr: 0.01 train_loss: 0.5011 train_acc: 0.7667 train_f1: 0.7667 time: 0.2318s
INFO:root:Epoch: 0175 val_loss: 0.6928 val_acc: 0.7640 val_f1: 0.7640
INFO:root:Epoch: 0180 lr: 0.01 train_loss: 0.4717 train_acc: 0.8000 train_f1: 0.8000 time: 0.2271s
INFO:root:Epoch: 0180 val_loss: 0.6849 val_acc: 0.7740 val_f1: 0.7740
INFO:root:Epoch: 0185 lr: 0.01 train_loss: 0.5039 train_acc: 0.7500 train_f1: 0.7500 time: 0.2262s
INFO:root:Epoch: 0185 val_loss: 0.6813 val_acc: 0.7740 val_f1: 0.7740
INFO:root:Early stopping
INFO:root:Optimization Finished!
INFO:root:Total time elapsed: 78.8043s
INFO:root:Val set results: val_loss: 0.8081 val_acc: 0.7840 val_f1: 0.7840
INFO:root:Test set results: test_loss: 0.8135 test_acc: 0.7690 test_f1: 0.7690
