INFO:root:Using: cpu
INFO:root:Using seed 1234.
INFO:root:Num classes: 3
INFO:root:NCModel(
  (encoder): HypGCN(
    (layers): Sequential(
      (0): HyperbolicGraphConvolution(
        (linear): HypLinear(in_features=500, out_features=4, c=tensor([1.]))
        (agg): HypAgg(c=tensor([1.]), use_att=0)
        (hyp_act): HypAct(c_in=tensor([1.]), c_out=tensor([1.]))
      )
    )
  )
  (decoder): LinearDecoder(
    in_features=4, out_features=3, bias=0, c=tensor([1.])
    (cls): Linear(
      (linear): Linear(in_features=4, out_features=3, bias=False)
    )
  )
)
INFO:root:Total number of parameters: 2016
INFO:root:Epoch: 0005 lr: 0.01 train_loss: 1.0983 train_acc: 0.3333 train_f1: 0.3333 time: 0.3771s
INFO:root:Epoch: 0005 val_loss: 1.0981 val_acc: 0.4260 val_f1: 0.4260
INFO:root:Epoch: 0010 lr: 0.01 train_loss: 1.0974 train_acc: 0.4333 train_f1: 0.4333 time: 0.3679s
INFO:root:Epoch: 0010 val_loss: 1.0973 val_acc: 0.4820 val_f1: 0.4820
INFO:root:Epoch: 0015 lr: 0.01 train_loss: 1.0968 train_acc: 0.4167 train_f1: 0.4167 time: 0.3794s
INFO:root:Epoch: 0015 val_loss: 1.0960 val_acc: 0.4820 val_f1: 0.4820
INFO:root:Epoch: 0020 lr: 0.01 train_loss: 1.0955 train_acc: 0.4000 train_f1: 0.4000 time: 0.3546s
INFO:root:Epoch: 0020 val_loss: 1.0938 val_acc: 0.4900 val_f1: 0.4900
INFO:root:Epoch: 0025 lr: 0.01 train_loss: 1.0930 train_acc: 0.4000 train_f1: 0.4000 time: 0.3727s
INFO:root:Epoch: 0025 val_loss: 1.0909 val_acc: 0.5140 val_f1: 0.5140
INFO:root:Epoch: 0030 lr: 0.01 train_loss: 1.0878 train_acc: 0.4833 train_f1: 0.4833 time: 0.3641s
INFO:root:Epoch: 0030 val_loss: 1.0872 val_acc: 0.5380 val_f1: 0.5380
INFO:root:Epoch: 0035 lr: 0.01 train_loss: 1.0800 train_acc: 0.4667 train_f1: 0.4667 time: 0.3704s
INFO:root:Epoch: 0035 val_loss: 1.0818 val_acc: 0.5540 val_f1: 0.5540
INFO:root:Epoch: 0040 lr: 0.01 train_loss: 1.0826 train_acc: 0.4833 train_f1: 0.4833 time: 0.3730s
INFO:root:Epoch: 0040 val_loss: 1.0747 val_acc: 0.5620 val_f1: 0.5620
INFO:root:Epoch: 0045 lr: 0.01 train_loss: 1.0707 train_acc: 0.4667 train_f1: 0.4667 time: 0.3702s
INFO:root:Epoch: 0045 val_loss: 1.0679 val_acc: 0.5620 val_f1: 0.5620
INFO:root:Epoch: 0050 lr: 0.01 train_loss: 1.0548 train_acc: 0.4667 train_f1: 0.4667 time: 0.3695s
INFO:root:Epoch: 0050 val_loss: 1.0600 val_acc: 0.5740 val_f1: 0.5740
INFO:root:Epoch: 0055 lr: 0.01 train_loss: 1.0440 train_acc: 0.4833 train_f1: 0.4833 time: 0.3638s
INFO:root:Epoch: 0055 val_loss: 1.0507 val_acc: 0.5880 val_f1: 0.5880
INFO:root:Epoch: 0060 lr: 0.01 train_loss: 1.0391 train_acc: 0.4333 train_f1: 0.4333 time: 0.3701s
INFO:root:Epoch: 0060 val_loss: 1.0419 val_acc: 0.5740 val_f1: 0.5740
INFO:root:Epoch: 0065 lr: 0.01 train_loss: 1.0326 train_acc: 0.4500 train_f1: 0.4500 time: 0.3667s
INFO:root:Epoch: 0065 val_loss: 1.0323 val_acc: 0.5700 val_f1: 0.5700
INFO:root:Epoch: 0070 lr: 0.01 train_loss: 1.0223 train_acc: 0.5167 train_f1: 0.5167 time: 0.3633s
INFO:root:Epoch: 0070 val_loss: 1.0215 val_acc: 0.5700 val_f1: 0.5700
INFO:root:Epoch: 0075 lr: 0.01 train_loss: 0.9994 train_acc: 0.4500 train_f1: 0.4500 time: 0.3664s
INFO:root:Epoch: 0075 val_loss: 1.0097 val_acc: 0.5740 val_f1: 0.5740
INFO:root:Epoch: 0080 lr: 0.01 train_loss: 0.9744 train_acc: 0.5167 train_f1: 0.5167 time: 0.3750s
INFO:root:Epoch: 0080 val_loss: 0.9970 val_acc: 0.5740 val_f1: 0.5740
INFO:root:Epoch: 0085 lr: 0.01 train_loss: 1.0039 train_acc: 0.4167 train_f1: 0.4167 time: 0.3745s
INFO:root:Epoch: 0085 val_loss: 0.9865 val_acc: 0.5700 val_f1: 0.5700
INFO:root:Epoch: 0090 lr: 0.01 train_loss: 0.9695 train_acc: 0.4667 train_f1: 0.4667 time: 0.3730s
INFO:root:Epoch: 0090 val_loss: 0.9769 val_acc: 0.5760 val_f1: 0.5760
INFO:root:Epoch: 0095 lr: 0.01 train_loss: 0.9441 train_acc: 0.5833 train_f1: 0.5833 time: 0.3825s
INFO:root:Epoch: 0095 val_loss: 0.9672 val_acc: 0.5800 val_f1: 0.5800
INFO:root:Epoch: 0100 lr: 0.01 train_loss: 0.9401 train_acc: 0.4500 train_f1: 0.4500 time: 0.3780s
INFO:root:Epoch: 0100 val_loss: 0.9569 val_acc: 0.5880 val_f1: 0.5880
INFO:root:Epoch: 0105 lr: 0.01 train_loss: 0.9214 train_acc: 0.6500 train_f1: 0.6500 time: 0.3872s
INFO:root:Epoch: 0105 val_loss: 0.9486 val_acc: 0.5940 val_f1: 0.5940
INFO:root:Epoch: 0110 lr: 0.01 train_loss: 0.8939 train_acc: 0.5500 train_f1: 0.5500 time: 0.3651s
INFO:root:Epoch: 0110 val_loss: 0.9392 val_acc: 0.5980 val_f1: 0.5980
INFO:root:Epoch: 0115 lr: 0.01 train_loss: 0.9187 train_acc: 0.6167 train_f1: 0.6167 time: 0.3829s
INFO:root:Epoch: 0115 val_loss: 0.9301 val_acc: 0.5960 val_f1: 0.5960
INFO:root:Epoch: 0120 lr: 0.01 train_loss: 0.8755 train_acc: 0.5833 train_f1: 0.5833 time: 0.3768s
INFO:root:Epoch: 0120 val_loss: 0.9209 val_acc: 0.6040 val_f1: 0.6040
INFO:root:Epoch: 0125 lr: 0.01 train_loss: 0.8425 train_acc: 0.6333 train_f1: 0.6333 time: 0.3675s
INFO:root:Epoch: 0125 val_loss: 0.9136 val_acc: 0.6020 val_f1: 0.6020
INFO:root:Epoch: 0130 lr: 0.01 train_loss: 0.8789 train_acc: 0.5333 train_f1: 0.5333 time: 0.3726s
INFO:root:Epoch: 0130 val_loss: 0.9067 val_acc: 0.6120 val_f1: 0.6120
INFO:root:Epoch: 0135 lr: 0.01 train_loss: 0.8688 train_acc: 0.5667 train_f1: 0.5667 time: 0.3696s
INFO:root:Epoch: 0135 val_loss: 0.8988 val_acc: 0.6560 val_f1: 0.6560
INFO:root:Epoch: 0140 lr: 0.01 train_loss: 0.8693 train_acc: 0.6167 train_f1: 0.6167 time: 0.3672s
INFO:root:Epoch: 0140 val_loss: 0.8921 val_acc: 0.6620 val_f1: 0.6620
INFO:root:Epoch: 0145 lr: 0.01 train_loss: 0.8611 train_acc: 0.5833 train_f1: 0.5833 time: 0.3731s
INFO:root:Epoch: 0145 val_loss: 0.8839 val_acc: 0.6600 val_f1: 0.6600
INFO:root:Epoch: 0150 lr: 0.01 train_loss: 0.7886 train_acc: 0.7333 train_f1: 0.7333 time: 0.3701s
INFO:root:Epoch: 0150 val_loss: 0.8757 val_acc: 0.6680 val_f1: 0.6680
INFO:root:Epoch: 0155 lr: 0.01 train_loss: 0.7958 train_acc: 0.6167 train_f1: 0.6167 time: 0.3687s
INFO:root:Epoch: 0155 val_loss: 0.8683 val_acc: 0.6860 val_f1: 0.6860
INFO:root:Epoch: 0160 lr: 0.01 train_loss: 0.7772 train_acc: 0.7833 train_f1: 0.7833 time: 0.3715s
INFO:root:Epoch: 0160 val_loss: 0.8633 val_acc: 0.6880 val_f1: 0.6880
INFO:root:Epoch: 0165 lr: 0.01 train_loss: 0.8190 train_acc: 0.6167 train_f1: 0.6167 time: 0.3782s
INFO:root:Epoch: 0165 val_loss: 0.8604 val_acc: 0.6960 val_f1: 0.6960
INFO:root:Epoch: 0170 lr: 0.01 train_loss: 0.8131 train_acc: 0.6333 train_f1: 0.6333 time: 0.3685s
INFO:root:Epoch: 0170 val_loss: 0.8581 val_acc: 0.7020 val_f1: 0.7020
INFO:root:Epoch: 0175 lr: 0.01 train_loss: 0.7941 train_acc: 0.6833 train_f1: 0.6833 time: 0.3698s
INFO:root:Epoch: 0175 val_loss: 0.8573 val_acc: 0.7180 val_f1: 0.7180
INFO:root:Epoch: 0180 lr: 0.01 train_loss: 0.7992 train_acc: 0.6333 train_f1: 0.6333 time: 0.3784s
INFO:root:Epoch: 0180 val_loss: 0.8537 val_acc: 0.7320 val_f1: 0.7320
INFO:root:Epoch: 0185 lr: 0.01 train_loss: 0.7125 train_acc: 0.7667 train_f1: 0.7667 time: 0.3645s
INFO:root:Epoch: 0185 val_loss: 0.8494 val_acc: 0.7420 val_f1: 0.7420
INFO:root:Epoch: 0190 lr: 0.01 train_loss: 0.7589 train_acc: 0.6167 train_f1: 0.6167 time: 0.3658s
INFO:root:Epoch: 0190 val_loss: 0.8457 val_acc: 0.7500 val_f1: 0.7500
INFO:root:Epoch: 0195 lr: 0.01 train_loss: 0.7450 train_acc: 0.7333 train_f1: 0.7333 time: 0.3666s
INFO:root:Epoch: 0195 val_loss: 0.8415 val_acc: 0.7500 val_f1: 0.7500
INFO:root:Epoch: 0200 lr: 0.01 train_loss: 0.7624 train_acc: 0.6333 train_f1: 0.6333 time: 0.3650s
INFO:root:Epoch: 0200 val_loss: 0.8366 val_acc: 0.7520 val_f1: 0.7520
INFO:root:Epoch: 0205 lr: 0.01 train_loss: 0.7373 train_acc: 0.7333 train_f1: 0.7333 time: 0.3677s
INFO:root:Epoch: 0205 val_loss: 0.8302 val_acc: 0.7480 val_f1: 0.7480
INFO:root:Epoch: 0210 lr: 0.01 train_loss: 0.7966 train_acc: 0.6833 train_f1: 0.6833 time: 0.3712s
INFO:root:Epoch: 0210 val_loss: 0.8220 val_acc: 0.7560 val_f1: 0.7560
INFO:root:Epoch: 0215 lr: 0.01 train_loss: 0.7179 train_acc: 0.7167 train_f1: 0.7167 time: 0.3658s
INFO:root:Epoch: 0215 val_loss: 0.8161 val_acc: 0.7600 val_f1: 0.7600
INFO:root:Epoch: 0220 lr: 0.01 train_loss: 0.6756 train_acc: 0.6833 train_f1: 0.6833 time: 0.3679s
INFO:root:Epoch: 0220 val_loss: 0.8112 val_acc: 0.7620 val_f1: 0.7620
INFO:root:Epoch: 0225 lr: 0.01 train_loss: 0.6154 train_acc: 0.7833 train_f1: 0.7833 time: 0.3672s
INFO:root:Epoch: 0225 val_loss: 0.8072 val_acc: 0.7620 val_f1: 0.7620
INFO:root:Epoch: 0230 lr: 0.01 train_loss: 0.7387 train_acc: 0.6500 train_f1: 0.6500 time: 0.3684s
INFO:root:Epoch: 0230 val_loss: 0.8033 val_acc: 0.7640 val_f1: 0.7640
INFO:root:Epoch: 0235 lr: 0.01 train_loss: 0.6592 train_acc: 0.7167 train_f1: 0.7167 time: 0.3687s
INFO:root:Epoch: 0235 val_loss: 0.7986 val_acc: 0.7560 val_f1: 0.7560
INFO:root:Epoch: 0240 lr: 0.01 train_loss: 0.7329 train_acc: 0.6167 train_f1: 0.6167 time: 0.3688s
INFO:root:Epoch: 0240 val_loss: 0.7959 val_acc: 0.7560 val_f1: 0.7560
INFO:root:Epoch: 0245 lr: 0.01 train_loss: 0.6744 train_acc: 0.7167 train_f1: 0.7167 time: 0.3728s
INFO:root:Epoch: 0245 val_loss: 0.7944 val_acc: 0.7580 val_f1: 0.7580
INFO:root:Epoch: 0250 lr: 0.01 train_loss: 0.7230 train_acc: 0.7833 train_f1: 0.7833 time: 0.3661s
INFO:root:Epoch: 0250 val_loss: 0.7930 val_acc: 0.7640 val_f1: 0.7640
INFO:root:Epoch: 0255 lr: 0.01 train_loss: 0.7098 train_acc: 0.7333 train_f1: 0.7333 time: 0.3531s
INFO:root:Epoch: 0255 val_loss: 0.7892 val_acc: 0.7660 val_f1: 0.7660
INFO:root:Epoch: 0260 lr: 0.01 train_loss: 0.6170 train_acc: 0.8000 train_f1: 0.8000 time: 0.3624s
INFO:root:Epoch: 0260 val_loss: 0.7840 val_acc: 0.7680 val_f1: 0.7680
INFO:root:Epoch: 0265 lr: 0.01 train_loss: 0.6435 train_acc: 0.7333 train_f1: 0.7333 time: 0.3683s
INFO:root:Epoch: 0265 val_loss: 0.7800 val_acc: 0.7680 val_f1: 0.7680
INFO:root:Epoch: 0270 lr: 0.01 train_loss: 0.6130 train_acc: 0.7167 train_f1: 0.7167 time: 0.3686s
INFO:root:Epoch: 0270 val_loss: 0.7785 val_acc: 0.7700 val_f1: 0.7700
INFO:root:Epoch: 0275 lr: 0.01 train_loss: 0.6732 train_acc: 0.7667 train_f1: 0.7667 time: 0.3657s
INFO:root:Epoch: 0275 val_loss: 0.7766 val_acc: 0.7680 val_f1: 0.7680
INFO:root:Epoch: 0280 lr: 0.01 train_loss: 0.6416 train_acc: 0.8000 train_f1: 0.8000 time: 0.3677s
INFO:root:Epoch: 0280 val_loss: 0.7738 val_acc: 0.7660 val_f1: 0.7660
INFO:root:Epoch: 0285 lr: 0.01 train_loss: 0.6926 train_acc: 0.7167 train_f1: 0.7167 time: 0.3749s
INFO:root:Epoch: 0285 val_loss: 0.7715 val_acc: 0.7680 val_f1: 0.7680
INFO:root:Epoch: 0290 lr: 0.01 train_loss: 0.5898 train_acc: 0.7500 train_f1: 0.7500 time: 0.3642s
INFO:root:Epoch: 0290 val_loss: 0.7706 val_acc: 0.7700 val_f1: 0.7700
INFO:root:Epoch: 0295 lr: 0.01 train_loss: 0.6957 train_acc: 0.7333 train_f1: 0.7333 time: 0.3698s
INFO:root:Epoch: 0295 val_loss: 0.7679 val_acc: 0.7680 val_f1: 0.7680
INFO:root:Epoch: 0300 lr: 0.01 train_loss: 0.6460 train_acc: 0.7667 train_f1: 0.7667 time: 0.3674s
INFO:root:Epoch: 0300 val_loss: 0.7628 val_acc: 0.7660 val_f1: 0.7660
INFO:root:Epoch: 0305 lr: 0.01 train_loss: 0.7498 train_acc: 0.6667 train_f1: 0.6667 time: 0.3655s
INFO:root:Epoch: 0305 val_loss: 0.7584 val_acc: 0.7740 val_f1: 0.7740
INFO:root:Epoch: 0310 lr: 0.01 train_loss: 0.6213 train_acc: 0.7833 train_f1: 0.7833 time: 0.3704s
INFO:root:Epoch: 0310 val_loss: 0.7550 val_acc: 0.7760 val_f1: 0.7760
INFO:root:Epoch: 0315 lr: 0.01 train_loss: 0.6622 train_acc: 0.7500 train_f1: 0.7500 time: 0.3668s
INFO:root:Epoch: 0315 val_loss: 0.7515 val_acc: 0.7700 val_f1: 0.7700
INFO:root:Epoch: 0320 lr: 0.01 train_loss: 0.6053 train_acc: 0.7500 train_f1: 0.7500 time: 0.3812s
INFO:root:Epoch: 0320 val_loss: 0.7498 val_acc: 0.7700 val_f1: 0.7700
INFO:root:Epoch: 0325 lr: 0.01 train_loss: 0.5732 train_acc: 0.7667 train_f1: 0.7667 time: 0.3652s
INFO:root:Epoch: 0325 val_loss: 0.7502 val_acc: 0.7740 val_f1: 0.7740
INFO:root:Epoch: 0330 lr: 0.01 train_loss: 0.6214 train_acc: 0.7833 train_f1: 0.7833 time: 0.3766s
INFO:root:Epoch: 0330 val_loss: 0.7494 val_acc: 0.7740 val_f1: 0.7740
INFO:root:Epoch: 0335 lr: 0.01 train_loss: 0.6260 train_acc: 0.7167 train_f1: 0.7167 time: 0.3674s
INFO:root:Epoch: 0335 val_loss: 0.7468 val_acc: 0.7760 val_f1: 0.7760
INFO:root:Epoch: 0340 lr: 0.01 train_loss: 0.5584 train_acc: 0.8000 train_f1: 0.8000 time: 0.3712s
INFO:root:Epoch: 0340 val_loss: 0.7454 val_acc: 0.7760 val_f1: 0.7760
INFO:root:Epoch: 0345 lr: 0.01 train_loss: 0.5697 train_acc: 0.7833 train_f1: 0.7833 time: 0.3781s
INFO:root:Epoch: 0345 val_loss: 0.7425 val_acc: 0.7740 val_f1: 0.7740
INFO:root:Epoch: 0350 lr: 0.01 train_loss: 0.6186 train_acc: 0.7167 train_f1: 0.7167 time: 0.3734s
INFO:root:Epoch: 0350 val_loss: 0.7398 val_acc: 0.7760 val_f1: 0.7760
INFO:root:Epoch: 0355 lr: 0.01 train_loss: 0.4852 train_acc: 0.8667 train_f1: 0.8667 time: 0.3709s
INFO:root:Epoch: 0355 val_loss: 0.7357 val_acc: 0.7760 val_f1: 0.7760
INFO:root:Epoch: 0360 lr: 0.01 train_loss: 0.5754 train_acc: 0.7833 train_f1: 0.7833 time: 0.3793s
INFO:root:Epoch: 0360 val_loss: 0.7331 val_acc: 0.7780 val_f1: 0.7780
INFO:root:Epoch: 0365 lr: 0.01 train_loss: 0.5243 train_acc: 0.8167 train_f1: 0.8167 time: 0.3903s
INFO:root:Epoch: 0365 val_loss: 0.7330 val_acc: 0.7780 val_f1: 0.7780
INFO:root:Epoch: 0370 lr: 0.01 train_loss: 0.6383 train_acc: 0.7333 train_f1: 0.7333 time: 0.3701s
INFO:root:Epoch: 0370 val_loss: 0.7315 val_acc: 0.7760 val_f1: 0.7760
INFO:root:Epoch: 0375 lr: 0.01 train_loss: 0.5385 train_acc: 0.7500 train_f1: 0.7500 time: 0.3694s
INFO:root:Epoch: 0375 val_loss: 0.7280 val_acc: 0.7700 val_f1: 0.7700
INFO:root:Epoch: 0380 lr: 0.01 train_loss: 0.5740 train_acc: 0.8167 train_f1: 0.8167 time: 0.3751s
INFO:root:Epoch: 0380 val_loss: 0.7254 val_acc: 0.7700 val_f1: 0.7700
INFO:root:Epoch: 0385 lr: 0.01 train_loss: 0.6265 train_acc: 0.7667 train_f1: 0.7667 time: 0.3672s
INFO:root:Epoch: 0385 val_loss: 0.7252 val_acc: 0.7720 val_f1: 0.7720
INFO:root:Epoch: 0390 lr: 0.01 train_loss: 0.5728 train_acc: 0.7333 train_f1: 0.7333 time: 0.3681s
INFO:root:Epoch: 0390 val_loss: 0.7227 val_acc: 0.7740 val_f1: 0.7740
INFO:root:Epoch: 0395 lr: 0.01 train_loss: 0.6196 train_acc: 0.7500 train_f1: 0.7500 time: 0.3800s
INFO:root:Epoch: 0395 val_loss: 0.7213 val_acc: 0.7740 val_f1: 0.7740
INFO:root:Epoch: 0400 lr: 0.01 train_loss: 0.5730 train_acc: 0.8000 train_f1: 0.8000 time: 0.3805s
INFO:root:Epoch: 0400 val_loss: 0.7207 val_acc: 0.7700 val_f1: 0.7700
INFO:root:Epoch: 0405 lr: 0.01 train_loss: 0.5578 train_acc: 0.7167 train_f1: 0.7167 time: 0.3676s
INFO:root:Epoch: 0405 val_loss: 0.7201 val_acc: 0.7640 val_f1: 0.7640
INFO:root:Epoch: 0410 lr: 0.01 train_loss: 0.5335 train_acc: 0.7667 train_f1: 0.7667 time: 0.3745s
INFO:root:Epoch: 0410 val_loss: 0.7207 val_acc: 0.7760 val_f1: 0.7760
INFO:root:Epoch: 0415 lr: 0.01 train_loss: 0.4978 train_acc: 0.7833 train_f1: 0.7833 time: 0.3942s
INFO:root:Epoch: 0415 val_loss: 0.7192 val_acc: 0.7800 val_f1: 0.7800
INFO:root:Epoch: 0420 lr: 0.01 train_loss: 0.5507 train_acc: 0.7833 train_f1: 0.7833 time: 0.3722s
INFO:root:Epoch: 0420 val_loss: 0.7143 val_acc: 0.7800 val_f1: 0.7800
INFO:root:Epoch: 0425 lr: 0.01 train_loss: 0.5917 train_acc: 0.7500 train_f1: 0.7500 time: 0.3771s
INFO:root:Epoch: 0425 val_loss: 0.7136 val_acc: 0.7840 val_f1: 0.7840
INFO:root:Epoch: 0430 lr: 0.01 train_loss: 0.5664 train_acc: 0.8167 train_f1: 0.8167 time: 0.3732s
INFO:root:Epoch: 0430 val_loss: 0.7130 val_acc: 0.7840 val_f1: 0.7840
INFO:root:Epoch: 0435 lr: 0.01 train_loss: 0.5141 train_acc: 0.7833 train_f1: 0.7833 time: 0.3705s
INFO:root:Epoch: 0435 val_loss: 0.7110 val_acc: 0.7700 val_f1: 0.7700
INFO:root:Epoch: 0440 lr: 0.01 train_loss: 0.5183 train_acc: 0.7667 train_f1: 0.7667 time: 0.3755s
INFO:root:Epoch: 0440 val_loss: 0.7105 val_acc: 0.7680 val_f1: 0.7680
INFO:root:Epoch: 0445 lr: 0.01 train_loss: 0.4923 train_acc: 0.8667 train_f1: 0.8667 time: 0.3761s
INFO:root:Epoch: 0445 val_loss: 0.7093 val_acc: 0.7700 val_f1: 0.7700
INFO:root:Epoch: 0450 lr: 0.01 train_loss: 0.5764 train_acc: 0.7333 train_f1: 0.7333 time: 0.3723s
INFO:root:Epoch: 0450 val_loss: 0.7093 val_acc: 0.7700 val_f1: 0.7700
INFO:root:Epoch: 0455 lr: 0.01 train_loss: 0.5232 train_acc: 0.8167 train_f1: 0.8167 time: 0.3804s
INFO:root:Epoch: 0455 val_loss: 0.7117 val_acc: 0.7660 val_f1: 0.7660
INFO:root:Epoch: 0460 lr: 0.01 train_loss: 0.5107 train_acc: 0.8833 train_f1: 0.8833 time: 0.3740s
INFO:root:Epoch: 0460 val_loss: 0.7123 val_acc: 0.7640 val_f1: 0.7640
INFO:root:Epoch: 0465 lr: 0.01 train_loss: 0.5430 train_acc: 0.8333 train_f1: 0.8333 time: 0.3769s
INFO:root:Epoch: 0465 val_loss: 0.7111 val_acc: 0.7700 val_f1: 0.7700
INFO:root:Epoch: 0470 lr: 0.01 train_loss: 0.5591 train_acc: 0.7833 train_f1: 0.7833 time: 0.3720s
INFO:root:Epoch: 0470 val_loss: 0.7104 val_acc: 0.7680 val_f1: 0.7680
INFO:root:Epoch: 0475 lr: 0.01 train_loss: 0.4265 train_acc: 0.8333 train_f1: 0.8333 time: 0.3712s
INFO:root:Epoch: 0475 val_loss: 0.7083 val_acc: 0.7740 val_f1: 0.7740
INFO:root:Epoch: 0480 lr: 0.01 train_loss: 0.4459 train_acc: 0.8333 train_f1: 0.8333 time: 0.3729s
INFO:root:Epoch: 0480 val_loss: 0.7095 val_acc: 0.7680 val_f1: 0.7680
INFO:root:Epoch: 0485 lr: 0.01 train_loss: 0.5666 train_acc: 0.7167 train_f1: 0.7167 time: 0.3630s
INFO:root:Epoch: 0485 val_loss: 0.7076 val_acc: 0.7700 val_f1: 0.7700
INFO:root:Epoch: 0490 lr: 0.01 train_loss: 0.5763 train_acc: 0.7500 train_f1: 0.7500 time: 0.3746s
INFO:root:Epoch: 0490 val_loss: 0.7065 val_acc: 0.7700 val_f1: 0.7700
INFO:root:Epoch: 0495 lr: 0.01 train_loss: 0.5880 train_acc: 0.7333 train_f1: 0.7333 time: 0.3746s
INFO:root:Epoch: 0495 val_loss: 0.7046 val_acc: 0.7700 val_f1: 0.7700
INFO:root:Epoch: 0500 lr: 0.01 train_loss: 0.4819 train_acc: 0.8500 train_f1: 0.8500 time: 0.3675s
INFO:root:Epoch: 0500 val_loss: 0.7032 val_acc: 0.7660 val_f1: 0.7660
INFO:root:Epoch: 0505 lr: 0.01 train_loss: 0.5847 train_acc: 0.8167 train_f1: 0.8167 time: 0.3856s
INFO:root:Epoch: 0505 val_loss: 0.7017 val_acc: 0.7780 val_f1: 0.7780
INFO:root:Epoch: 0510 lr: 0.01 train_loss: 0.4761 train_acc: 0.8167 train_f1: 0.8167 time: 0.3818s
INFO:root:Epoch: 0510 val_loss: 0.7013 val_acc: 0.7720 val_f1: 0.7720
INFO:root:Epoch: 0515 lr: 0.01 train_loss: 0.5302 train_acc: 0.7667 train_f1: 0.7667 time: 0.3938s
INFO:root:Epoch: 0515 val_loss: 0.7011 val_acc: 0.7680 val_f1: 0.7680
INFO:root:Epoch: 0520 lr: 0.01 train_loss: 0.5730 train_acc: 0.7500 train_f1: 0.7500 time: 0.3901s
INFO:root:Epoch: 0520 val_loss: 0.7011 val_acc: 0.7640 val_f1: 0.7640
INFO:root:Early stopping
INFO:root:Optimization Finished!
INFO:root:Total time elapsed: 359.5030s
INFO:root:Val set results: val_loss: 0.7135 val_acc: 0.7860 val_f1: 0.7860
INFO:root:Test set results: test_loss: 0.7141 test_acc: 0.7640 test_f1: 0.7640
