INFO:root:Using: cpu
INFO:root:Using seed 1234.
INFO:root:Num classes: 3
INFO:root:NCModel(
  (encoder): HypGCN(
    (layers): Sequential(
      (0): HyperbolicGraphConvolution(
        (linear): HypLinear(in_features=500, out_features=4, c=tensor([1.]))
        (agg): HypAgg(c=tensor([1.]), use_att=0)
        (hyp_act): HypAct(c_in=tensor([1.]), c_out=tensor([1.]))
      )
    )
  )
  (decoder): LinearDecoder(
    in_features=4, out_features=3, bias=0, c=tensor([1.])
    (cls): Linear(
      (linear): Linear(in_features=4, out_features=3, bias=False)
    )
  )
)
INFO:root:Total number of parameters: 2016
INFO:root:Epoch: 0005 lr: 0.01 train_loss: 1.0984 train_acc: 0.4167 train_f1: 0.4167 time: 0.6073s
INFO:root:Epoch: 0005 val_loss: 1.0984 val_acc: 0.4060 val_f1: 0.4060
INFO:root:Epoch: 0010 lr: 0.01 train_loss: 1.0979 train_acc: 0.4333 train_f1: 0.4333 time: 0.6045s
INFO:root:Epoch: 0010 val_loss: 1.0980 val_acc: 0.4620 val_f1: 0.4620
INFO:root:Epoch: 0015 lr: 0.01 train_loss: 1.0975 train_acc: 0.4500 train_f1: 0.4500 time: 0.5987s
INFO:root:Epoch: 0015 val_loss: 1.0975 val_acc: 0.4960 val_f1: 0.4960
INFO:root:Epoch: 0020 lr: 0.01 train_loss: 1.0971 train_acc: 0.4333 train_f1: 0.4333 time: 0.5957s
INFO:root:Epoch: 0020 val_loss: 1.0965 val_acc: 0.5120 val_f1: 0.5120
INFO:root:Epoch: 0025 lr: 0.01 train_loss: 1.0965 train_acc: 0.3500 train_f1: 0.3500 time: 0.5939s
INFO:root:Epoch: 0025 val_loss: 1.0953 val_acc: 0.5300 val_f1: 0.5300
INFO:root:Epoch: 0030 lr: 0.01 train_loss: 1.0951 train_acc: 0.4333 train_f1: 0.4333 time: 0.5863s
INFO:root:Epoch: 0030 val_loss: 1.0937 val_acc: 0.5520 val_f1: 0.5520
INFO:root:Epoch: 0035 lr: 0.01 train_loss: 1.0916 train_acc: 0.4667 train_f1: 0.4667 time: 0.5938s
INFO:root:Epoch: 0035 val_loss: 1.0914 val_acc: 0.5620 val_f1: 0.5620
INFO:root:Epoch: 0040 lr: 0.01 train_loss: 1.0927 train_acc: 0.4333 train_f1: 0.4333 time: 0.5920s
INFO:root:Epoch: 0040 val_loss: 1.0881 val_acc: 0.5660 val_f1: 0.5660
INFO:root:Epoch: 0045 lr: 0.01 train_loss: 1.0876 train_acc: 0.4000 train_f1: 0.4000 time: 0.5914s
INFO:root:Epoch: 0045 val_loss: 1.0847 val_acc: 0.5720 val_f1: 0.5720
INFO:root:Epoch: 0050 lr: 0.01 train_loss: 1.0802 train_acc: 0.4167 train_f1: 0.4167 time: 0.5997s
INFO:root:Epoch: 0050 val_loss: 1.0805 val_acc: 0.5780 val_f1: 0.5780
INFO:root:Epoch: 0055 lr: 0.01 train_loss: 1.0783 train_acc: 0.4500 train_f1: 0.4500 time: 0.5939s
INFO:root:Epoch: 0055 val_loss: 1.0753 val_acc: 0.5860 val_f1: 0.5860
INFO:root:Epoch: 0060 lr: 0.01 train_loss: 1.0758 train_acc: 0.4000 train_f1: 0.4000 time: 0.6007s
INFO:root:Epoch: 0060 val_loss: 1.0700 val_acc: 0.5840 val_f1: 0.5840
INFO:root:Epoch: 0065 lr: 0.01 train_loss: 1.0654 train_acc: 0.4500 train_f1: 0.4500 time: 0.5927s
INFO:root:Epoch: 0065 val_loss: 1.0640 val_acc: 0.5900 val_f1: 0.5900
INFO:root:Epoch: 0070 lr: 0.01 train_loss: 1.0642 train_acc: 0.4000 train_f1: 0.4000 time: 0.6068s
INFO:root:Epoch: 0070 val_loss: 1.0563 val_acc: 0.5980 val_f1: 0.5980
INFO:root:Epoch: 0075 lr: 0.01 train_loss: 1.0473 train_acc: 0.3833 train_f1: 0.3833 time: 0.5931s
INFO:root:Epoch: 0075 val_loss: 1.0474 val_acc: 0.6020 val_f1: 0.6020
INFO:root:Epoch: 0080 lr: 0.01 train_loss: 1.0435 train_acc: 0.4000 train_f1: 0.4000 time: 0.5942s
INFO:root:Epoch: 0080 val_loss: 1.0377 val_acc: 0.6060 val_f1: 0.6060
INFO:root:Epoch: 0085 lr: 0.01 train_loss: 1.0505 train_acc: 0.3500 train_f1: 0.3500 time: 0.5975s
INFO:root:Epoch: 0085 val_loss: 1.0295 val_acc: 0.6080 val_f1: 0.6080
INFO:root:Epoch: 0090 lr: 0.01 train_loss: 1.0370 train_acc: 0.3667 train_f1: 0.3667 time: 0.6000s
INFO:root:Epoch: 0090 val_loss: 1.0217 val_acc: 0.6000 val_f1: 0.6000
INFO:root:Epoch: 0095 lr: 0.01 train_loss: 1.0122 train_acc: 0.5000 train_f1: 0.5000 time: 0.5969s
INFO:root:Epoch: 0095 val_loss: 1.0143 val_acc: 0.5980 val_f1: 0.5980
INFO:root:Epoch: 0100 lr: 0.01 train_loss: 0.9955 train_acc: 0.4500 train_f1: 0.4500 time: 0.5958s
INFO:root:Epoch: 0100 val_loss: 1.0060 val_acc: 0.5960 val_f1: 0.5960
INFO:root:Epoch: 0105 lr: 0.01 train_loss: 1.0087 train_acc: 0.4833 train_f1: 0.4833 time: 0.5941s
INFO:root:Epoch: 0105 val_loss: 0.9983 val_acc: 0.5980 val_f1: 0.5980
INFO:root:Epoch: 0110 lr: 0.01 train_loss: 0.9856 train_acc: 0.4167 train_f1: 0.4167 time: 0.6034s
INFO:root:Epoch: 0110 val_loss: 0.9900 val_acc: 0.5960 val_f1: 0.5960
INFO:root:Epoch: 0115 lr: 0.01 train_loss: 0.9997 train_acc: 0.4667 train_f1: 0.4667 time: 0.5998s
INFO:root:Epoch: 0115 val_loss: 0.9821 val_acc: 0.5940 val_f1: 0.5940
INFO:root:Epoch: 0120 lr: 0.01 train_loss: 0.9593 train_acc: 0.4000 train_f1: 0.4000 time: 0.6017s
INFO:root:Epoch: 0120 val_loss: 0.9748 val_acc: 0.5940 val_f1: 0.5940
INFO:root:Epoch: 0125 lr: 0.01 train_loss: 0.9484 train_acc: 0.4167 train_f1: 0.4167 time: 0.6034s
INFO:root:Epoch: 0125 val_loss: 0.9679 val_acc: 0.6020 val_f1: 0.6020
INFO:root:Epoch: 0130 lr: 0.01 train_loss: 0.9866 train_acc: 0.3833 train_f1: 0.3833 time: 0.6061s
INFO:root:Epoch: 0130 val_loss: 0.9614 val_acc: 0.5980 val_f1: 0.5980
INFO:root:Epoch: 0135 lr: 0.01 train_loss: 0.9582 train_acc: 0.4167 train_f1: 0.4167 time: 0.5944s
INFO:root:Epoch: 0135 val_loss: 0.9541 val_acc: 0.6000 val_f1: 0.6000
INFO:root:Epoch: 0140 lr: 0.01 train_loss: 0.9509 train_acc: 0.4333 train_f1: 0.4333 time: 0.6031s
INFO:root:Epoch: 0140 val_loss: 0.9484 val_acc: 0.5980 val_f1: 0.5980
INFO:root:Epoch: 0145 lr: 0.01 train_loss: 0.9561 train_acc: 0.3833 train_f1: 0.3833 time: 0.5952s
INFO:root:Epoch: 0145 val_loss: 0.9413 val_acc: 0.6000 val_f1: 0.6000
INFO:root:Epoch: 0150 lr: 0.01 train_loss: 0.9119 train_acc: 0.5500 train_f1: 0.5500 time: 0.5920s
INFO:root:Epoch: 0150 val_loss: 0.9341 val_acc: 0.6020 val_f1: 0.6020
INFO:root:Epoch: 0155 lr: 0.01 train_loss: 0.8923 train_acc: 0.5500 train_f1: 0.5500 time: 0.5980s
INFO:root:Epoch: 0155 val_loss: 0.9280 val_acc: 0.6060 val_f1: 0.6060
INFO:root:Epoch: 0160 lr: 0.01 train_loss: 0.9017 train_acc: 0.5667 train_f1: 0.5667 time: 0.5955s
INFO:root:Epoch: 0160 val_loss: 0.9233 val_acc: 0.6120 val_f1: 0.6120
INFO:root:Epoch: 0165 lr: 0.01 train_loss: 0.8768 train_acc: 0.5000 train_f1: 0.5000 time: 0.6099s
INFO:root:Epoch: 0165 val_loss: 0.9188 val_acc: 0.6100 val_f1: 0.6100
INFO:root:Epoch: 0170 lr: 0.01 train_loss: 0.9317 train_acc: 0.5000 train_f1: 0.5000 time: 0.5967s
INFO:root:Epoch: 0170 val_loss: 0.9139 val_acc: 0.6100 val_f1: 0.6100
INFO:root:Epoch: 0175 lr: 0.01 train_loss: 0.9103 train_acc: 0.5000 train_f1: 0.5000 time: 0.6004s
INFO:root:Epoch: 0175 val_loss: 0.9099 val_acc: 0.6160 val_f1: 0.6160
INFO:root:Epoch: 0180 lr: 0.01 train_loss: 0.8965 train_acc: 0.5500 train_f1: 0.5500 time: 0.5962s
INFO:root:Epoch: 0180 val_loss: 0.9058 val_acc: 0.6160 val_f1: 0.6160
INFO:root:Epoch: 0185 lr: 0.01 train_loss: 0.8584 train_acc: 0.5500 train_f1: 0.5500 time: 0.6007s
INFO:root:Epoch: 0185 val_loss: 0.9015 val_acc: 0.6160 val_f1: 0.6160
INFO:root:Epoch: 0190 lr: 0.01 train_loss: 0.8433 train_acc: 0.5333 train_f1: 0.5333 time: 0.5970s
INFO:root:Epoch: 0190 val_loss: 0.8978 val_acc: 0.6200 val_f1: 0.6200
INFO:root:Epoch: 0195 lr: 0.01 train_loss: 0.8677 train_acc: 0.5333 train_f1: 0.5333 time: 0.5955s
INFO:root:Epoch: 0195 val_loss: 0.8951 val_acc: 0.6240 val_f1: 0.6240
INFO:root:Epoch: 0200 lr: 0.01 train_loss: 0.8837 train_acc: 0.4833 train_f1: 0.4833 time: 0.6157s
INFO:root:Epoch: 0200 val_loss: 0.8935 val_acc: 0.6220 val_f1: 0.6220
INFO:root:Epoch: 0205 lr: 0.01 train_loss: 0.8636 train_acc: 0.5333 train_f1: 0.5333 time: 0.5943s
INFO:root:Epoch: 0205 val_loss: 0.8912 val_acc: 0.6200 val_f1: 0.6200
INFO:root:Epoch: 0210 lr: 0.01 train_loss: 0.9538 train_acc: 0.4167 train_f1: 0.4167 time: 0.6276s
INFO:root:Epoch: 0210 val_loss: 0.8877 val_acc: 0.6220 val_f1: 0.6220
INFO:root:Epoch: 0215 lr: 0.01 train_loss: 0.8455 train_acc: 0.5333 train_f1: 0.5333 time: 0.5989s
INFO:root:Epoch: 0215 val_loss: 0.8845 val_acc: 0.6260 val_f1: 0.6260
INFO:root:Epoch: 0220 lr: 0.01 train_loss: 0.8049 train_acc: 0.5667 train_f1: 0.5667 time: 0.5972s
INFO:root:Epoch: 0220 val_loss: 0.8799 val_acc: 0.6200 val_f1: 0.6200
INFO:root:Epoch: 0225 lr: 0.01 train_loss: 0.8245 train_acc: 0.5667 train_f1: 0.5667 time: 0.6023s
INFO:root:Epoch: 0225 val_loss: 0.8769 val_acc: 0.6180 val_f1: 0.6180
INFO:root:Epoch: 0230 lr: 0.01 train_loss: 0.8598 train_acc: 0.5667 train_f1: 0.5667 time: 0.6128s
INFO:root:Epoch: 0230 val_loss: 0.8720 val_acc: 0.6180 val_f1: 0.6180
INFO:root:Epoch: 0235 lr: 0.01 train_loss: 0.8190 train_acc: 0.5167 train_f1: 0.5167 time: 0.6107s
INFO:root:Epoch: 0235 val_loss: 0.8666 val_acc: 0.6180 val_f1: 0.6180
INFO:root:Epoch: 0240 lr: 0.01 train_loss: 0.8487 train_acc: 0.5667 train_f1: 0.5667 time: 0.6040s
INFO:root:Epoch: 0240 val_loss: 0.8631 val_acc: 0.6180 val_f1: 0.6180
INFO:root:Epoch: 0245 lr: 0.01 train_loss: 0.8634 train_acc: 0.5000 train_f1: 0.5000 time: 0.6341s
INFO:root:Epoch: 0245 val_loss: 0.8593 val_acc: 0.6240 val_f1: 0.6240
INFO:root:Epoch: 0250 lr: 0.01 train_loss: 0.8807 train_acc: 0.5333 train_f1: 0.5333 time: 0.6101s
INFO:root:Epoch: 0250 val_loss: 0.8571 val_acc: 0.6300 val_f1: 0.6300
INFO:root:Epoch: 0255 lr: 0.01 train_loss: 0.9352 train_acc: 0.5167 train_f1: 0.5167 time: 0.6056s
INFO:root:Epoch: 0255 val_loss: 0.8550 val_acc: 0.6260 val_f1: 0.6260
INFO:root:Epoch: 0260 lr: 0.01 train_loss: 0.8127 train_acc: 0.5833 train_f1: 0.5833 time: 0.6048s
INFO:root:Epoch: 0260 val_loss: 0.8535 val_acc: 0.6280 val_f1: 0.6280
INFO:root:Epoch: 0265 lr: 0.01 train_loss: 0.7669 train_acc: 0.6000 train_f1: 0.6000 time: 0.5944s
INFO:root:Epoch: 0265 val_loss: 0.8518 val_acc: 0.6240 val_f1: 0.6240
INFO:root:Epoch: 0270 lr: 0.01 train_loss: 0.7924 train_acc: 0.5833 train_f1: 0.5833 time: 0.6030s
INFO:root:Epoch: 0270 val_loss: 0.8499 val_acc: 0.6260 val_f1: 0.6260
INFO:root:Epoch: 0275 lr: 0.01 train_loss: 0.8775 train_acc: 0.5500 train_f1: 0.5500 time: 0.6019s
INFO:root:Epoch: 0275 val_loss: 0.8485 val_acc: 0.6240 val_f1: 0.6240
INFO:root:Epoch: 0280 lr: 0.01 train_loss: 0.8049 train_acc: 0.6500 train_f1: 0.6500 time: 0.5939s
INFO:root:Epoch: 0280 val_loss: 0.8480 val_acc: 0.6220 val_f1: 0.6220
INFO:root:Epoch: 0285 lr: 0.01 train_loss: 0.8825 train_acc: 0.5000 train_f1: 0.5000 time: 0.5969s
INFO:root:Epoch: 0285 val_loss: 0.8481 val_acc: 0.6240 val_f1: 0.6240
INFO:root:Epoch: 0290 lr: 0.01 train_loss: 0.7983 train_acc: 0.5167 train_f1: 0.5167 time: 0.6089s
INFO:root:Epoch: 0290 val_loss: 0.8467 val_acc: 0.6240 val_f1: 0.6240
INFO:root:Epoch: 0295 lr: 0.01 train_loss: 0.9107 train_acc: 0.5000 train_f1: 0.5000 time: 0.5970s
INFO:root:Epoch: 0295 val_loss: 0.8445 val_acc: 0.6240 val_f1: 0.6240
INFO:root:Epoch: 0300 lr: 0.01 train_loss: 0.8092 train_acc: 0.5500 train_f1: 0.5500 time: 0.5987s
INFO:root:Epoch: 0300 val_loss: 0.8415 val_acc: 0.6240 val_f1: 0.6240
INFO:root:Epoch: 0305 lr: 0.01 train_loss: 0.8808 train_acc: 0.5167 train_f1: 0.5167 time: 0.5997s
INFO:root:Epoch: 0305 val_loss: 0.8405 val_acc: 0.6220 val_f1: 0.6220
INFO:root:Epoch: 0310 lr: 0.01 train_loss: 0.8306 train_acc: 0.5667 train_f1: 0.5667 time: 0.6007s
INFO:root:Epoch: 0310 val_loss: 0.8376 val_acc: 0.6220 val_f1: 0.6220
INFO:root:Epoch: 0315 lr: 0.01 train_loss: 0.8067 train_acc: 0.5833 train_f1: 0.5833 time: 0.5992s
INFO:root:Epoch: 0315 val_loss: 0.8345 val_acc: 0.6220 val_f1: 0.6220
INFO:root:Epoch: 0320 lr: 0.01 train_loss: 0.7852 train_acc: 0.5167 train_f1: 0.5167 time: 0.5940s
INFO:root:Epoch: 0320 val_loss: 0.8319 val_acc: 0.6240 val_f1: 0.6240
INFO:root:Epoch: 0325 lr: 0.01 train_loss: 0.7701 train_acc: 0.5833 train_f1: 0.5833 time: 0.6065s
INFO:root:Epoch: 0325 val_loss: 0.8308 val_acc: 0.6260 val_f1: 0.6260
INFO:root:Epoch: 0330 lr: 0.01 train_loss: 0.8546 train_acc: 0.5667 train_f1: 0.5667 time: 0.6037s
INFO:root:Epoch: 0330 val_loss: 0.8286 val_acc: 0.6360 val_f1: 0.6360
INFO:root:Epoch: 0335 lr: 0.01 train_loss: 0.8363 train_acc: 0.4667 train_f1: 0.4667 time: 0.6004s
INFO:root:Epoch: 0335 val_loss: 0.8272 val_acc: 0.6360 val_f1: 0.6360
INFO:root:Epoch: 0340 lr: 0.01 train_loss: 0.8134 train_acc: 0.5500 train_f1: 0.5500 time: 0.5970s
INFO:root:Epoch: 0340 val_loss: 0.8283 val_acc: 0.6340 val_f1: 0.6340
INFO:root:Epoch: 0345 lr: 0.01 train_loss: 0.8233 train_acc: 0.5833 train_f1: 0.5833 time: 0.5993s
INFO:root:Epoch: 0345 val_loss: 0.8297 val_acc: 0.6280 val_f1: 0.6280
INFO:root:Epoch: 0350 lr: 0.01 train_loss: 0.8046 train_acc: 0.5167 train_f1: 0.5167 time: 0.5980s
INFO:root:Epoch: 0350 val_loss: 0.8296 val_acc: 0.6240 val_f1: 0.6240
INFO:root:Epoch: 0355 lr: 0.01 train_loss: 0.7997 train_acc: 0.5833 train_f1: 0.5833 time: 0.5950s
INFO:root:Epoch: 0355 val_loss: 0.8290 val_acc: 0.6240 val_f1: 0.6240
INFO:root:Epoch: 0360 lr: 0.01 train_loss: 0.7481 train_acc: 0.5833 train_f1: 0.5833 time: 0.5938s
INFO:root:Epoch: 0360 val_loss: 0.8286 val_acc: 0.6280 val_f1: 0.6280
INFO:root:Epoch: 0365 lr: 0.01 train_loss: 0.7848 train_acc: 0.5333 train_f1: 0.5333 time: 0.6022s
INFO:root:Epoch: 0365 val_loss: 0.8277 val_acc: 0.6340 val_f1: 0.6340
INFO:root:Epoch: 0370 lr: 0.01 train_loss: 0.8356 train_acc: 0.5500 train_f1: 0.5500 time: 0.5946s
INFO:root:Epoch: 0370 val_loss: 0.8263 val_acc: 0.6260 val_f1: 0.6260
INFO:root:Epoch: 0375 lr: 0.01 train_loss: 0.8381 train_acc: 0.5167 train_f1: 0.5167 time: 0.5950s
INFO:root:Epoch: 0375 val_loss: 0.8241 val_acc: 0.6260 val_f1: 0.6260
INFO:root:Epoch: 0380 lr: 0.01 train_loss: 0.8419 train_acc: 0.5667 train_f1: 0.5667 time: 0.5952s
INFO:root:Epoch: 0380 val_loss: 0.8223 val_acc: 0.6260 val_f1: 0.6260
INFO:root:Epoch: 0385 lr: 0.01 train_loss: 0.8038 train_acc: 0.5833 train_f1: 0.5833 time: 0.6000s
INFO:root:Epoch: 0385 val_loss: 0.8222 val_acc: 0.6220 val_f1: 0.6220
INFO:root:Epoch: 0390 lr: 0.01 train_loss: 0.8209 train_acc: 0.5667 train_f1: 0.5667 time: 0.5960s
INFO:root:Epoch: 0390 val_loss: 0.8196 val_acc: 0.6220 val_f1: 0.6220
INFO:root:Epoch: 0395 lr: 0.01 train_loss: 0.8059 train_acc: 0.5500 train_f1: 0.5500 time: 0.5993s
INFO:root:Epoch: 0395 val_loss: 0.8176 val_acc: 0.6260 val_f1: 0.6260
INFO:root:Epoch: 0400 lr: 0.01 train_loss: 0.8256 train_acc: 0.5500 train_f1: 0.5500 time: 0.5904s
INFO:root:Epoch: 0400 val_loss: 0.8173 val_acc: 0.6300 val_f1: 0.6300
INFO:root:Epoch: 0405 lr: 0.01 train_loss: 0.7681 train_acc: 0.5333 train_f1: 0.5333 time: 0.5926s
INFO:root:Epoch: 0405 val_loss: 0.8170 val_acc: 0.6320 val_f1: 0.6320
INFO:root:Epoch: 0410 lr: 0.01 train_loss: 0.7748 train_acc: 0.6000 train_f1: 0.6000 time: 0.5895s
INFO:root:Epoch: 0410 val_loss: 0.8175 val_acc: 0.6340 val_f1: 0.6340
INFO:root:Epoch: 0415 lr: 0.01 train_loss: 0.7235 train_acc: 0.6167 train_f1: 0.6167 time: 0.5920s
INFO:root:Epoch: 0415 val_loss: 0.8165 val_acc: 0.6360 val_f1: 0.6360
INFO:root:Epoch: 0420 lr: 0.01 train_loss: 0.7708 train_acc: 0.5833 train_f1: 0.5833 time: 0.6014s
INFO:root:Epoch: 0420 val_loss: 0.8148 val_acc: 0.6360 val_f1: 0.6360
INFO:root:Epoch: 0425 lr: 0.01 train_loss: 0.8055 train_acc: 0.5333 train_f1: 0.5333 time: 0.5966s
INFO:root:Epoch: 0425 val_loss: 0.8144 val_acc: 0.6320 val_f1: 0.6320
INFO:root:Epoch: 0430 lr: 0.01 train_loss: 0.8422 train_acc: 0.6000 train_f1: 0.6000 time: 0.5969s
INFO:root:Epoch: 0430 val_loss: 0.8131 val_acc: 0.6300 val_f1: 0.6300
INFO:root:Epoch: 0435 lr: 0.01 train_loss: 0.7836 train_acc: 0.5833 train_f1: 0.5833 time: 0.5976s
INFO:root:Epoch: 0435 val_loss: 0.8101 val_acc: 0.6260 val_f1: 0.6260
INFO:root:Epoch: 0440 lr: 0.01 train_loss: 0.7608 train_acc: 0.6000 train_f1: 0.6000 time: 0.5953s
INFO:root:Epoch: 0440 val_loss: 0.8075 val_acc: 0.6300 val_f1: 0.6300
INFO:root:Epoch: 0445 lr: 0.01 train_loss: 0.7594 train_acc: 0.6167 train_f1: 0.6167 time: 0.6060s
INFO:root:Epoch: 0445 val_loss: 0.8067 val_acc: 0.6360 val_f1: 0.6360
INFO:root:Epoch: 0450 lr: 0.01 train_loss: 0.7996 train_acc: 0.5833 train_f1: 0.5833 time: 0.5967s
INFO:root:Epoch: 0450 val_loss: 0.8071 val_acc: 0.6340 val_f1: 0.6340
INFO:root:Epoch: 0455 lr: 0.01 train_loss: 0.8048 train_acc: 0.5667 train_f1: 0.5667 time: 0.5949s
INFO:root:Epoch: 0455 val_loss: 0.8093 val_acc: 0.6320 val_f1: 0.6320
INFO:root:Epoch: 0460 lr: 0.01 train_loss: 0.7385 train_acc: 0.6333 train_f1: 0.6333 time: 0.6032s
INFO:root:Epoch: 0460 val_loss: 0.8110 val_acc: 0.6320 val_f1: 0.6320
INFO:root:Epoch: 0465 lr: 0.01 train_loss: 0.8196 train_acc: 0.6000 train_f1: 0.6000 time: 0.6095s
INFO:root:Epoch: 0465 val_loss: 0.8113 val_acc: 0.6320 val_f1: 0.6320
INFO:root:Epoch: 0470 lr: 0.01 train_loss: 0.8313 train_acc: 0.5500 train_f1: 0.5500 time: 0.5962s
INFO:root:Epoch: 0470 val_loss: 0.8108 val_acc: 0.6320 val_f1: 0.6320
INFO:root:Epoch: 0475 lr: 0.01 train_loss: 0.7897 train_acc: 0.5833 train_f1: 0.5833 time: 0.6009s
INFO:root:Epoch: 0475 val_loss: 0.8110 val_acc: 0.6360 val_f1: 0.6360
INFO:root:Epoch: 0480 lr: 0.01 train_loss: 0.8097 train_acc: 0.5833 train_f1: 0.5833 time: 0.5978s
INFO:root:Epoch: 0480 val_loss: 0.8128 val_acc: 0.6260 val_f1: 0.6260
INFO:root:Epoch: 0485 lr: 0.01 train_loss: 0.8242 train_acc: 0.5333 train_f1: 0.5333 time: 0.6077s
INFO:root:Epoch: 0485 val_loss: 0.8123 val_acc: 0.6260 val_f1: 0.6260
INFO:root:Epoch: 0490 lr: 0.01 train_loss: 0.7754 train_acc: 0.6000 train_f1: 0.6000 time: 0.5978s
INFO:root:Epoch: 0490 val_loss: 0.8107 val_acc: 0.6220 val_f1: 0.6220
INFO:root:Epoch: 0495 lr: 0.01 train_loss: 0.7536 train_acc: 0.5333 train_f1: 0.5333 time: 0.5922s
INFO:root:Epoch: 0495 val_loss: 0.8092 val_acc: 0.6240 val_f1: 0.6240
INFO:root:Epoch: 0500 lr: 0.01 train_loss: 0.7464 train_acc: 0.6000 train_f1: 0.6000 time: 0.6001s
INFO:root:Epoch: 0500 val_loss: 0.8083 val_acc: 0.6240 val_f1: 0.6240
INFO:root:Epoch: 0505 lr: 0.01 train_loss: 0.8301 train_acc: 0.6000 train_f1: 0.6000 time: 0.6047s
INFO:root:Epoch: 0505 val_loss: 0.8091 val_acc: 0.6240 val_f1: 0.6240
INFO:root:Epoch: 0510 lr: 0.01 train_loss: 0.7747 train_acc: 0.5833 train_f1: 0.5833 time: 0.6043s
INFO:root:Epoch: 0510 val_loss: 0.8079 val_acc: 0.6240 val_f1: 0.6240
INFO:root:Epoch: 0515 lr: 0.01 train_loss: 0.7394 train_acc: 0.5333 train_f1: 0.5333 time: 0.5975s
INFO:root:Epoch: 0515 val_loss: 0.8055 val_acc: 0.6360 val_f1: 0.6360
INFO:root:Epoch: 0520 lr: 0.01 train_loss: 0.8380 train_acc: 0.5667 train_f1: 0.5667 time: 0.6157s
INFO:root:Epoch: 0520 val_loss: 0.8047 val_acc: 0.6320 val_f1: 0.6320
INFO:root:Early stopping
INFO:root:Optimization Finished!
INFO:root:Total time elapsed: 584.3429s
INFO:root:Val set results: val_loss: 0.8148 val_acc: 0.6400 val_f1: 0.6400
INFO:root:Test set results: test_loss: 0.8086 test_acc: 0.6650 test_f1: 0.6650
